
Dataset loaded:
Shape of training set (example, time, channels): (20812, 500, 61)
Shape of test set (example, time, channels): (3989, 500, 61)
Shape of train validation set (example, time, channels): (2313, 500, 61)
Shape of test validation set (example, time, channels): (1710, 500, 61)
Num of classes in all: 25

Creating model based on ../configuration/hyperparameter_combinations/last_hope_67.json hyperparameter file 

Adding feature wise convolutions with 32 filters per feature, 3 kernels and 1 strides ...
Adding feature wise convolutions with 1 filters per feature, 3 kernels and 1 strides ...
Adding feature based graph attention layer ...
Adding time based graph attention layer ...
Adding GRU layer with 256 units ...
Adding GRU layer with 61 units ...
Adding VAE as reconstruction model dimensions 3072 & 1536 and ...
Adding GRU layer to forecasting model with 256 units ...
Adding GRU layer to forecasting model with 128 units ...
VAE reconstructs the output of the gru layer.

Epoch 0
	Step 0: mean loss = 1.3124
	Step 50: mean loss = 0.4963
	Step 100: mean loss = 0.3276
	Step 150: mean loss = 0.2612

	Loss on validation set after epoch 0: 0.1164

Epoch 1
	Step 0: mean loss = 0.1167
	Step 50: mean loss = 0.1111
	Step 100: mean loss = 0.1072
	Step 150: mean loss = 0.1038

	Loss on validation set after epoch 1: 0.0930

Epoch 2
	Step 0: mean loss = 0.0946
	Step 50: mean loss = 0.0910
	Step 100: mean loss = 0.0886
	Step 150: mean loss = 0.0858

	Loss on validation set after epoch 2: 0.0764

Epoch 3
	Step 0: mean loss = 0.0748
	Step 50: mean loss = 0.0741
	Step 100: mean loss = 0.0717
	Step 150: mean loss = 0.0697

	Loss on validation set after epoch 3: 0.0626

Epoch 4
	Step 0: mean loss = 0.0597
	Step 50: mean loss = 0.0614
	Step 100: mean loss = 0.0603
	Step 150: mean loss = 0.0592

	Loss on validation set after epoch 4: 0.0561

Epoch 5
	Step 0: mean loss = 0.0557
	Step 50: mean loss = 0.0549
	Step 100: mean loss = 0.0539
	Step 150: mean loss = 0.0532

	Loss on validation set after epoch 5: 0.0498

Epoch 6
	Step 0: mean loss = 0.0516
	Step 50: mean loss = 0.0499
	Step 100: mean loss = 0.0496
	Step 150: mean loss = 0.0491

	Loss on validation set after epoch 6: 0.0475

Epoch 7
	Step 0: mean loss = 0.0462
	Step 50: mean loss = 0.0475
	Step 100: mean loss = 0.0471
	Step 150: mean loss = 0.0468

	Loss on validation set after epoch 7: 0.0452

Epoch 8
	Step 0: mean loss = 0.0461
	Step 50: mean loss = 0.0455
	Step 100: mean loss = 0.0455
	Step 150: mean loss = 0.0452

	Loss on validation set after epoch 8: 0.0448

Epoch 9
	Step 0: mean loss = 0.0416
	Step 50: mean loss = 0.0433
	Step 100: mean loss = 0.0433
	Step 150: mean loss = 0.0430

	Loss on validation set after epoch 9: 0.0426

Epoch 10
	Step 0: mean loss = 0.0434
	Step 50: mean loss = 0.0419
	Step 100: mean loss = 0.0418
	Step 150: mean loss = 0.0416

	Loss on validation set after epoch 10: 0.0403

Epoch 11
	Step 0: mean loss = 0.0419
	Step 50: mean loss = 0.0396
	Step 100: mean loss = 0.0396
	Step 150: mean loss = 0.0394

	Loss on validation set after epoch 11: 0.0386

Epoch 12
	Step 0: mean loss = 0.0369
	Step 50: mean loss = 0.0379
	Step 100: mean loss = 0.0377
	Step 150: mean loss = 0.0377

	Loss on validation set after epoch 12: 0.0372

Epoch 13
	Step 0: mean loss = 0.0334
	Step 50: mean loss = 0.0364
	Step 100: mean loss = 0.0364
	Step 150: mean loss = 0.0361

	Loss on validation set after epoch 13: 0.0355

Epoch 14
	Step 0: mean loss = 0.0397
	Step 50: mean loss = 0.0351
	Step 100: mean loss = 0.0349
	Step 150: mean loss = 0.0348

	Loss on validation set after epoch 14: 0.0338

Epoch 15
	Step 0: mean loss = 0.0360
	Step 50: mean loss = 0.0337
	Step 100: mean loss = 0.0336
	Step 150: mean loss = 0.0335

	Loss on validation set after epoch 15: 0.0330

Epoch 16
	Step 0: mean loss = 0.0345
	Step 50: mean loss = 0.0333
	Step 100: mean loss = 0.0331
	Step 150: mean loss = 0.0329

	Loss on validation set after epoch 16: 0.0332

Epoch 17
	Step 0: mean loss = 0.0323
	Step 50: mean loss = 0.0319
	Step 100: mean loss = 0.0319
	Step 150: mean loss = 0.0318

	Loss on validation set after epoch 17: 0.0317

Epoch 18
	Step 0: mean loss = 0.0291
	Step 50: mean loss = 0.0310
	Step 100: mean loss = 0.0311
	Step 150: mean loss = 0.0310

	Loss on validation set after epoch 18: 0.0322

Epoch 19
	Step 0: mean loss = 0.0319
	Step 50: mean loss = 0.0308
	Step 100: mean loss = 0.0309
	Step 150: mean loss = 0.0306

	Loss on validation set after epoch 19: 0.0300

Epoch 20
	Step 0: mean loss = 0.0300
	Step 50: mean loss = 0.0297
	Step 100: mean loss = 0.0298
	Step 150: mean loss = 0.0296

	Loss on validation set after epoch 20: 0.0299

Epoch 21
	Step 0: mean loss = 0.0306
	Step 50: mean loss = 0.0292
	Step 100: mean loss = 0.0293
	Step 150: mean loss = 0.0291

	Loss on validation set after epoch 21: 0.0289

Epoch 22
	Step 0: mean loss = 0.0293
	Step 50: mean loss = 0.0283
	Step 100: mean loss = 0.0283
	Step 150: mean loss = 0.0283

	Loss on validation set after epoch 22: 0.0285

Epoch 23
	Step 0: mean loss = 0.0303
	Step 50: mean loss = 0.0283
	Step 100: mean loss = 0.0283
	Step 150: mean loss = 0.0280

	Loss on validation set after epoch 23: 0.0272

Epoch 24
	Step 0: mean loss = 0.0255
	Step 50: mean loss = 0.0274
	Step 100: mean loss = 0.0274
	Step 150: mean loss = 0.0273

	Loss on validation set after epoch 24: 0.0275

Epoch 25
	Step 0: mean loss = 0.0305
	Step 50: mean loss = 0.0265
	Step 100: mean loss = 0.0268
	Step 150: mean loss = 0.0268

	Loss on validation set after epoch 25: 0.0264

Epoch 26
	Step 0: mean loss = 0.0229
	Step 50: mean loss = 0.0259
	Step 100: mean loss = 0.0263
	Step 150: mean loss = 0.0263

	Loss on validation set after epoch 26: 0.0256

Epoch 27
	Step 0: mean loss = 0.0251
	Step 50: mean loss = 0.0255
	Step 100: mean loss = 0.0257
	Step 150: mean loss = 0.0256

	Loss on validation set after epoch 27: 0.0259

Epoch 28
	Step 0: mean loss = 0.0299
	Step 50: mean loss = 0.0252
	Step 100: mean loss = 0.0253
	Step 150: mean loss = 0.0251

	Loss on validation set after epoch 28: 0.0259

Epoch 29
	Step 0: mean loss = 0.0281
	Step 50: mean loss = 0.0246
	Step 100: mean loss = 0.0247
	Step 150: mean loss = 0.0246

	Loss on validation set after epoch 29: 0.0247

Epoch 30
	Step 0: mean loss = 0.0214
	Step 50: mean loss = 0.0241
	Step 100: mean loss = 0.0243
	Step 150: mean loss = 0.0245

	Loss on validation set after epoch 30: 0.0246

Epoch 31
	Step 0: mean loss = 0.0205
	Step 50: mean loss = 0.0240
	Step 100: mean loss = 0.0238
	Step 150: mean loss = 0.0238

	Loss on validation set after epoch 31: 0.0248

Epoch 32
	Step 0: mean loss = 0.0227
	Step 50: mean loss = 0.0239
	Step 100: mean loss = 0.0238
	Step 150: mean loss = 0.0237

	Loss on validation set after epoch 32: 0.0230

Epoch 33
	Step 0: mean loss = 0.0228
	Step 50: mean loss = 0.0229
	Step 100: mean loss = 0.0231
	Step 150: mean loss = 0.0231

	Loss on validation set after epoch 33: 0.0265

Epoch 34
	Step 0: mean loss = 0.0285
	Step 50: mean loss = 0.0236
	Step 100: mean loss = 0.0233
	Step 150: mean loss = 0.0231

	Loss on validation set after epoch 34: 0.0226

Epoch 35
	Step 0: mean loss = 0.0242
	Step 50: mean loss = 0.0226
	Step 100: mean loss = 0.0227
	Step 150: mean loss = 0.0226

	Loss on validation set after epoch 35: 0.0226

Epoch 36
	Step 0: mean loss = 0.0250
	Step 50: mean loss = 0.0229
	Step 100: mean loss = 0.0227
	Step 150: mean loss = 0.0224

	Loss on validation set after epoch 36: 0.0219

Epoch 37
	Step 0: mean loss = 0.0228
	Step 50: mean loss = 0.0220
	Step 100: mean loss = 0.0221
	Step 150: mean loss = 0.0220

	Loss on validation set after epoch 37: 0.0220

Epoch 38
	Step 0: mean loss = 0.0204
	Step 50: mean loss = 0.0217
	Step 100: mean loss = 0.0216
	Step 150: mean loss = 0.0222

	Loss on validation set after epoch 38: 0.0218

Epoch 39
	Step 0: mean loss = 0.0202
	Step 50: mean loss = 0.0214
	Step 100: mean loss = 0.0214
	Step 150: mean loss = 0.0214

	Loss on validation set after epoch 39: 0.0213

Epoch 40
	Step 0: mean loss = 0.0217
	Step 50: mean loss = 0.0207
	Step 100: mean loss = 0.0209
	Step 150: mean loss = 0.0209

	Loss on validation set after epoch 40: 0.0206

Epoch 41
	Step 0: mean loss = 0.0222
	Step 50: mean loss = 0.0206
	Step 100: mean loss = 0.0208
	Step 150: mean loss = 0.0208

	Loss on validation set after epoch 41: 0.0209

Epoch 42
	Step 0: mean loss = 0.0193
	Step 50: mean loss = 0.0221
	Step 100: mean loss = 0.0217
	Step 150: mean loss = 0.0213

	Loss on validation set after epoch 42: 0.0207

Epoch 43
	Step 0: mean loss = 0.0211
	Step 50: mean loss = 0.0203
	Step 100: mean loss = 0.0202
	Step 150: mean loss = 0.0202

	Loss on validation set after epoch 43: 0.0205

Epoch 44
	Step 0: mean loss = 0.0195
	Step 50: mean loss = 0.0204
	Step 100: mean loss = 0.0202
	Step 150: mean loss = 0.0201

	Loss on validation set after epoch 44: 0.0195

Epoch 45
	Step 0: mean loss = 0.0168
	Step 50: mean loss = 0.0197
	Step 100: mean loss = 0.0198
	Step 150: mean loss = 0.0198

	Loss on validation set after epoch 45: 0.0194

Epoch 46
	Step 0: mean loss = 0.0180
	Step 50: mean loss = 0.0198
	Step 100: mean loss = 0.0199
	Step 150: mean loss = 0.0199

	Loss on validation set after epoch 46: 0.0198

Epoch 47
	Step 0: mean loss = 0.0193
	Step 50: mean loss = 0.0192
	Step 100: mean loss = 0.0195
	Step 150: mean loss = 0.0196

	Loss on validation set after epoch 47: 0.0201

Epoch 48
	Step 0: mean loss = 0.0197
	Step 50: mean loss = 0.0189
	Step 100: mean loss = 0.0191
	Step 150: mean loss = 0.0190

	Loss on validation set after epoch 48: 0.0188

Epoch 49
	Step 0: mean loss = 0.0202
	Step 50: mean loss = 0.0194
	Step 100: mean loss = 0.0192
	Step 150: mean loss = 0.0191

	Loss on validation set after epoch 49: 0.0183

Epoch 50
	Step 0: mean loss = 0.0175
	Step 50: mean loss = 0.0185
	Step 100: mean loss = 0.0187
	Step 150: mean loss = 0.0187

	Loss on validation set after epoch 50: 0.0187

Epoch 51
	Step 0: mean loss = 0.0207
	Step 50: mean loss = 0.0186
	Step 100: mean loss = 0.0185
	Step 150: mean loss = 0.0185

	Loss on validation set after epoch 51: 0.0190

Epoch 52
	Step 0: mean loss = 0.0219
	Step 50: mean loss = 0.0209
	Step 100: mean loss = 0.0200
	Step 150: mean loss = 0.0195

	Loss on validation set after epoch 52: 0.0182

Epoch 53
	Step 0: mean loss = 0.0188
	Step 50: mean loss = 0.0181
	Step 100: mean loss = 0.0182
	Step 150: mean loss = 0.0183

	Loss on validation set after epoch 53: 0.0183

Epoch 54
	Step 0: mean loss = 0.0179
	Step 50: mean loss = 0.0178
	Step 100: mean loss = 0.0179
	Step 150: mean loss = 0.0180

	Loss on validation set after epoch 54: 0.0185

Epoch 55
	Step 0: mean loss = 0.0167
	Step 50: mean loss = 0.0178
	Step 100: mean loss = 0.0178
	Step 150: mean loss = 0.0178

	Loss on validation set after epoch 55: 0.0179

Epoch 56
	Step 0: mean loss = 0.0189
	Step 50: mean loss = 0.0176
	Step 100: mean loss = 0.0178
	Step 150: mean loss = 0.0178

	Loss on validation set after epoch 56: 0.0178

Epoch 57
	Step 0: mean loss = 0.0160
	Step 50: mean loss = 0.0174
	Step 100: mean loss = 0.0176
	Step 150: mean loss = 0.0176

	Loss on validation set after epoch 57: 0.0175

Epoch 58
	Step 0: mean loss = 0.0180
	Step 50: mean loss = 0.0174
	Step 100: mean loss = 0.0173
	Step 150: mean loss = 0.0173

	Loss on validation set after epoch 58: 0.0173

Epoch 59
	Step 0: mean loss = 0.0178
	Step 50: mean loss = 0.0176
	Step 100: mean loss = 0.0175
	Step 150: mean loss = 0.0174

	Loss on validation set after epoch 59: 0.0173

Epoch 60
	Step 0: mean loss = 0.0158
	Step 50: mean loss = 0.0170
	Step 100: mean loss = 0.0170
	Step 150: mean loss = 0.0170

	Loss on validation set after epoch 60: 0.0168

Epoch 61
	Step 0: mean loss = 0.0206
	Step 50: mean loss = 0.0167
	Step 100: mean loss = 0.0167
	Step 150: mean loss = 0.0167

	Loss on validation set after epoch 61: 0.0171

Epoch 62
	Step 0: mean loss = 0.0175
	Step 50: mean loss = 0.0166
	Step 100: mean loss = 0.0168
	Step 150: mean loss = 0.0169

	Loss on validation set after epoch 62: 0.0166

Epoch 63
	Step 0: mean loss = 0.0179
	Step 50: mean loss = 0.0165
	Step 100: mean loss = 0.0165
	Step 150: mean loss = 0.0165

	Loss on validation set after epoch 63: 0.0165

Epoch 64
	Step 0: mean loss = 0.0160
	Step 50: mean loss = 0.0161
	Step 100: mean loss = 0.0161
	Step 150: mean loss = 0.0161

	Loss on validation set after epoch 64: 0.0191

Epoch 65
	Step 0: mean loss = 0.0171
	Step 50: mean loss = 0.0175
	Step 100: mean loss = 0.0170
	Step 150: mean loss = 0.0167

	Loss on validation set after epoch 65: 0.0166

Epoch 66
	Step 0: mean loss = 0.0172
	Step 50: mean loss = 0.0161
	Step 100: mean loss = 0.0160
	Step 150: mean loss = 0.0160

	Loss on validation set after epoch 66: 0.0160

Epoch 67
	Step 0: mean loss = 0.0159
	Step 50: mean loss = 0.0159
	Step 100: mean loss = 0.0158
	Step 150: mean loss = 0.0159

	Loss on validation set after epoch 67: 0.0159

Epoch 68
	Step 0: mean loss = 0.0159
	Step 50: mean loss = 0.0166
	Step 100: mean loss = 0.0168
	Step 150: mean loss = 0.0165

	Loss on validation set after epoch 68: 0.0159

Epoch 69
	Step 0: mean loss = 0.0170
	Step 50: mean loss = 0.0157
	Step 100: mean loss = 0.0158
	Step 150: mean loss = 0.0157

	Loss on validation set after epoch 69: 0.0158

Epoch 70
	Step 0: mean loss = 0.0143
	Step 50: mean loss = 0.0156
	Step 100: mean loss = 0.0156
	Step 150: mean loss = 0.0156

	Loss on validation set after epoch 70: 0.0159

Epoch 71
	Step 0: mean loss = 0.0170
	Step 50: mean loss = 0.0156
	Step 100: mean loss = 0.0155
	Step 150: mean loss = 0.0154

	Loss on validation set after epoch 71: 0.0156

Epoch 72
	Step 0: mean loss = 0.0169
	Step 50: mean loss = 0.0154
	Step 100: mean loss = 0.0163
	Step 150: mean loss = 0.0160

	Loss on validation set after epoch 72: 0.0156

Epoch 73
	Step 0: mean loss = 0.0162
	Step 50: mean loss = 0.0151
	Step 100: mean loss = 0.0152
	Step 150: mean loss = 0.0152

	Loss on validation set after epoch 73: 0.0156

Epoch 74
	Step 0: mean loss = 0.0169
	Step 50: mean loss = 0.0150
	Step 100: mean loss = 0.0150
	Step 150: mean loss = 0.0151

	Loss on validation set after epoch 74: 0.0160

Epoch 75
	Step 0: mean loss = 0.0165
	Step 50: mean loss = 0.0171
	Step 100: mean loss = 0.0165
	Step 150: mean loss = 0.0160

	Loss on validation set after epoch 75: 0.0151

Epoch 76
	Step 0: mean loss = 0.0139
	Step 50: mean loss = 0.0149
	Step 100: mean loss = 0.0148
	Step 150: mean loss = 0.0148

	Loss on validation set after epoch 76: 0.0151

Epoch 77
	Step 0: mean loss = 0.0142
	Step 50: mean loss = 0.0146
	Step 100: mean loss = 0.0147
	Step 150: mean loss = 0.0147

	Loss on validation set after epoch 77: 0.0149

Epoch 78
	Step 0: mean loss = 0.0143
	Step 50: mean loss = 0.0146
	Step 100: mean loss = 0.0146
	Step 150: mean loss = 0.0147

	Loss on validation set after epoch 78: 0.0151

Epoch 79
	Step 0: mean loss = 0.0172
	Step 50: mean loss = 0.0145
	Step 100: mean loss = 0.0147
	Step 150: mean loss = 0.0147

	Loss on validation set after epoch 79: 0.0199

Epoch 80
	Step 0: mean loss = 0.0207
	Step 50: mean loss = 0.0157
	Step 100: mean loss = 0.0153
	Step 150: mean loss = 0.0151

	Loss on validation set after epoch 80: 0.0146

Epoch 81
	Step 0: mean loss = 0.0161
	Step 50: mean loss = 0.0144
	Step 100: mean loss = 0.0144
	Step 150: mean loss = 0.0144

	Loss on validation set after epoch 81: 0.0149

Epoch 82
	Step 0: mean loss = 0.0118
	Step 50: mean loss = 0.0142
	Step 100: mean loss = 0.0141
	Step 150: mean loss = 0.0142

	Loss on validation set after epoch 82: 0.0144

Epoch 83
	Step 0: mean loss = 0.0136
	Step 50: mean loss = 0.0140
	Step 100: mean loss = 0.0140
	Step 150: mean loss = 0.0141

	Loss on validation set after epoch 83: 0.0150

Epoch 84
	Step 0: mean loss = 0.0154
	Step 50: mean loss = 0.0141
	Step 100: mean loss = 0.0140
	Step 150: mean loss = 0.0140

	Loss on validation set after epoch 84: 0.0141

Epoch 85
	Step 0: mean loss = 0.0141
	Step 50: mean loss = 0.0138
	Step 100: mean loss = 0.0138
	Step 150: mean loss = 0.0139

	Loss on validation set after epoch 85: 0.0141

Epoch 86
	Step 0: mean loss = 0.0141
	Step 50: mean loss = 0.0138
	Step 100: mean loss = 0.0138
	Step 150: mean loss = 0.0138

	Loss on validation set after epoch 86: 0.0138

Epoch 87
	Step 0: mean loss = 0.0138
	Step 50: mean loss = 0.0136
	Step 100: mean loss = 0.0136
	Step 150: mean loss = 0.0136

	Loss on validation set after epoch 87: 0.0142

Epoch 88
	Step 0: mean loss = 0.0123
	Step 50: mean loss = 0.0136
	Step 100: mean loss = 0.0135
	Step 150: mean loss = 0.0135

	Loss on validation set after epoch 88: 0.0142

Epoch 89
	Step 0: mean loss = 0.0131
	Step 50: mean loss = 0.0134
	Step 100: mean loss = 0.0136
	Step 150: mean loss = 0.0136

	Loss on validation set after epoch 89: 0.0143

Epoch 90
	Step 0: mean loss = 0.0123
	Step 50: mean loss = 0.0135
	Step 100: mean loss = 0.0135
	Step 150: mean loss = 0.0134

	Loss on validation set after epoch 90: 0.0138

Epoch 91
	Step 0: mean loss = 0.0139
	Step 50: mean loss = 0.0133
	Step 100: mean loss = 0.0133
	Step 150: mean loss = 0.0132

	Loss on validation set after epoch 91: 0.0134

Epoch 92
	Step 0: mean loss = 0.0107
	Step 50: mean loss = 0.0132
	Step 100: mean loss = 0.0131
	Step 150: mean loss = 0.0131

	Loss on validation set after epoch 92: 0.0137

Epoch 93
	Step 0: mean loss = 0.0141
	Step 50: mean loss = 0.0131
	Step 100: mean loss = 0.0132
	Step 150: mean loss = 0.0132

	Loss on validation set after epoch 93: 0.0139

Epoch 94
	Step 0: mean loss = 0.0134
	Step 50: mean loss = 0.0131
	Step 100: mean loss = 0.0131
	Step 150: mean loss = 0.0130

	Loss on validation set after epoch 94: 0.0131

Epoch 95
	Step 0: mean loss = 0.0133
	Step 50: mean loss = 0.0130
	Step 100: mean loss = 0.0131
	Step 150: mean loss = 0.0131

	Loss on validation set after epoch 95: 0.0134

Epoch 96
	Step 0: mean loss = 0.0126
	Step 50: mean loss = 0.0128
	Step 100: mean loss = 0.0128
	Step 150: mean loss = 0.0129

	Loss on validation set after epoch 96: 0.0138

Epoch 97
	Step 0: mean loss = 0.0114
	Step 50: mean loss = 0.0128
	Step 100: mean loss = 0.0128
	Step 150: mean loss = 0.0127

	Loss on validation set after epoch 97: 0.0133

Epoch 98
	Step 0: mean loss = 0.0116
	Step 50: mean loss = 0.0127
	Step 100: mean loss = 0.0127
	Step 150: mean loss = 0.0127

	Loss on validation set after epoch 98: 0.0130

Epoch 99
	Step 0: mean loss = 0.0118
	Step 50: mean loss = 0.0125
	Step 100: mean loss = 0.0126
	Step 150: mean loss = 0.0125

	Loss on validation set after epoch 99: 0.0133

Epoch 100
	Step 0: mean loss = 0.0115
	Step 50: mean loss = 0.0127
	Step 100: mean loss = 0.0126
	Step 150: mean loss = 0.0125

	Loss on validation set after epoch 100: 0.0131

Epoch 101
	Step 0: mean loss = 0.0121
	Step 50: mean loss = 0.0124
	Step 100: mean loss = 0.0124
	Step 150: mean loss = 0.0137

	Loss on validation set after epoch 101: 0.0175

Epoch 102
	Step 0: mean loss = 0.0170
	Step 50: mean loss = 0.0149
	Step 100: mean loss = 0.0140
	Step 150: mean loss = 0.0136

	Loss on validation set after epoch 102: 0.0131

Epoch 103
	Step 0: mean loss = 0.0127
	Step 50: mean loss = 0.0124
	Step 100: mean loss = 0.0124
	Step 150: mean loss = 0.0123

	Loss on validation set after epoch 103: 0.0126

Epoch 104
	Step 0: mean loss = 0.0115
	Step 50: mean loss = 0.0122
	Step 100: mean loss = 0.0121
	Step 150: mean loss = 0.0121

	Loss on validation set after epoch 104: 0.0124

Epoch 105
	Step 0: mean loss = 0.0113
	Step 50: mean loss = 0.0120
	Step 100: mean loss = 0.0120
	Step 150: mean loss = 0.0120

	Loss on validation set after epoch 105: 0.0122

Epoch 106
	Step 0: mean loss = 0.0112
	Step 50: mean loss = 0.0120
	Step 100: mean loss = 0.0120
	Step 150: mean loss = 0.0120

	Loss on validation set after epoch 106: 0.0126

Epoch 107
	Step 0: mean loss = 0.0117
	Step 50: mean loss = 0.0119
	Step 100: mean loss = 0.0121
	Step 150: mean loss = 0.0120

	Loss on validation set after epoch 107: 0.0129

Epoch 108
	Step 0: mean loss = 0.0111
	Step 50: mean loss = 0.0118
	Step 100: mean loss = 0.0118
	Step 150: mean loss = 0.0118

	Loss on validation set after epoch 108: 0.0126

Epoch 109
	Step 0: mean loss = 0.0118
	Step 50: mean loss = 0.0118
	Step 100: mean loss = 0.0117
	Step 150: mean loss = 0.0117

	Loss on validation set after epoch 109: 0.0124

Epoch 110
	Step 0: mean loss = 0.0108
	Step 50: mean loss = 0.0119
	Step 100: mean loss = 0.0117
	Step 150: mean loss = 0.0117

	Loss on validation set after epoch 110: 0.0123

Epoch 111
	Step 0: mean loss = 0.0122
	Step 50: mean loss = 0.0115
	Step 100: mean loss = 0.0116
	Step 150: mean loss = 0.0116

	Loss on validation set after epoch 111: 0.0123

Epoch 112
	Step 0: mean loss = 0.0117
	Step 50: mean loss = 0.0116
	Step 100: mean loss = 0.0117
	Step 150: mean loss = 0.0117

	Loss on validation set after epoch 112: 0.0124

Epoch 113
	Step 0: mean loss = 0.0136
	Step 50: mean loss = 0.0116
	Step 100: mean loss = 0.0117
	Step 150: mean loss = 0.0116

	Loss on validation set after epoch 113: 0.0118

Epoch 114
	Step 0: mean loss = 0.0092
	Step 50: mean loss = 0.0113
	Step 100: mean loss = 0.0115
	Step 150: mean loss = 0.0115

	Loss on validation set after epoch 114: 0.0119

Epoch 115
	Step 0: mean loss = 0.0114
	Step 50: mean loss = 0.0115
	Step 100: mean loss = 0.0115
	Step 150: mean loss = 0.0115

	Loss on validation set after epoch 115: 0.0117

Epoch 116
	Step 0: mean loss = 0.0119
	Step 50: mean loss = 0.0113
	Step 100: mean loss = 0.0113
	Step 150: mean loss = 0.0114

	Loss on validation set after epoch 116: 0.0133

Epoch 117
	Step 0: mean loss = 0.0134
	Step 50: mean loss = 0.0119
	Step 100: mean loss = 0.0118
	Step 150: mean loss = 0.0117

	Loss on validation set after epoch 117: 0.0119

Epoch 118
	Step 0: mean loss = 0.0102
	Step 50: mean loss = 0.0113
	Step 100: mean loss = 0.0116
	Step 150: mean loss = 0.0116

	Loss on validation set after epoch 118: 0.0118

Epoch 119
	Step 0: mean loss = 0.0110
	Step 50: mean loss = 0.0113
	Step 100: mean loss = 0.0112
	Step 150: mean loss = 0.0112

	Loss on validation set after epoch 119: 0.0120

Epoch 120
	Step 0: mean loss = 0.0105
	Step 50: mean loss = 0.0113
	Step 100: mean loss = 0.0112
	Step 150: mean loss = 0.0112

	Loss on validation set after epoch 120: 0.0114

Epoch 121
	Step 0: mean loss = 0.0112
	Step 50: mean loss = 0.0112
	Step 100: mean loss = 0.0111
	Step 150: mean loss = 0.0111

	Loss on validation set after epoch 121: 0.0111

Epoch 122
	Step 0: mean loss = 0.0095
	Step 50: mean loss = 0.0110
	Step 100: mean loss = 0.0110
	Step 150: mean loss = 0.0110

	Loss on validation set after epoch 122: 0.0113

Epoch 123
	Step 0: mean loss = 0.0100
	Step 50: mean loss = 0.0109
	Step 100: mean loss = 0.0109
	Step 150: mean loss = 0.0110

	Loss on validation set after epoch 123: 0.0112

Epoch 124
	Step 0: mean loss = 0.0097
	Step 50: mean loss = 0.0110
	Step 100: mean loss = 0.0109
	Step 150: mean loss = 0.0109

	Loss on validation set after epoch 124: 0.0119

Epoch 125
	Step 0: mean loss = 0.0109
	Step 50: mean loss = 0.0111
	Step 100: mean loss = 0.0110
	Step 150: mean loss = 0.0111

	Loss on validation set after epoch 125: 0.0114

Epoch 126
	Step 0: mean loss = 0.0120
	Step 50: mean loss = 0.0108
	Step 100: mean loss = 0.0108
	Step 150: mean loss = 0.0108

	Loss on validation set after epoch 126: 0.0113

Epoch 127
	Step 0: mean loss = 0.0096
	Step 50: mean loss = 0.0106
	Step 100: mean loss = 0.0107
	Step 150: mean loss = 0.0108

	Loss on validation set after epoch 127: 0.0116

Epoch 128
	Step 0: mean loss = 0.0112
	Step 50: mean loss = 0.0110
	Step 100: mean loss = 0.0109
	Step 150: mean loss = 0.0109

	Loss on validation set after epoch 128: 0.0111

Epoch 129
	Step 0: mean loss = 0.0122
	Step 50: mean loss = 0.0107
	Step 100: mean loss = 0.0107
	Step 150: mean loss = 0.0107

	Loss on validation set after epoch 129: 0.0111

Epoch 130
	Step 0: mean loss = 0.0113
	Step 50: mean loss = 0.0107
	Step 100: mean loss = 0.0106
	Step 150: mean loss = 0.0106

	Loss on validation set after epoch 130: 0.0115

Epoch 131
	Step 0: mean loss = 0.0109
	Step 50: mean loss = 0.0106
	Step 100: mean loss = 0.0106
	Step 150: mean loss = 0.0106

	Loss on validation set after epoch 131: 0.0111

Epoch 132
	Step 0: mean loss = 0.0111
	Step 50: mean loss = 0.0107
	Step 100: mean loss = 0.0106
	Step 150: mean loss = 0.0106

	Loss on validation set after epoch 132: 0.0110

Epoch 133
	Step 0: mean loss = 0.0107
	Step 50: mean loss = 0.0107
	Step 100: mean loss = 0.0106
	Step 150: mean loss = 0.0107

	Loss on validation set after epoch 133: 0.0113

Epoch 134
	Step 0: mean loss = 0.0096
	Step 50: mean loss = 0.0107
	Step 100: mean loss = 0.0106
	Step 150: mean loss = 0.0106

	Loss on validation set after epoch 134: 0.0110

Epoch 135
	Step 0: mean loss = 0.0108
	Step 50: mean loss = 0.0105
	Step 100: mean loss = 0.0104
	Step 150: mean loss = 0.0105

	Loss on validation set after epoch 135: 0.0110

Epoch 136
	Step 0: mean loss = 0.0099
	Step 50: mean loss = 0.0105
	Step 100: mean loss = 0.0104
	Step 150: mean loss = 0.0104

	Loss on validation set after epoch 136: 0.0113

Epoch 137
	Step 0: mean loss = 0.0097
	Step 50: mean loss = 0.0103
	Step 100: mean loss = 0.0103
	Step 150: mean loss = 0.0103

	Loss on validation set after epoch 137: 0.0107

Epoch 138
	Step 0: mean loss = 0.0094
	Step 50: mean loss = 0.0106
	Step 100: mean loss = 0.0105
	Step 150: mean loss = 0.0105

	Loss on validation set after epoch 138: 0.0112

Epoch 139
	Step 0: mean loss = 0.0098
	Step 50: mean loss = 0.0102
	Step 100: mean loss = 0.0102
	Step 150: mean loss = 0.0102

	Loss on validation set after epoch 139: 0.0118

Epoch 140
	Step 0: mean loss = 0.0124
	Step 50: mean loss = 0.0105
	Step 100: mean loss = 0.0105
	Step 150: mean loss = 0.0104

	Loss on validation set after epoch 140: 0.0107

Epoch 141
	Step 0: mean loss = 0.0091
	Step 50: mean loss = 0.0101
	Step 100: mean loss = 0.0101
	Step 150: mean loss = 0.0101

	Loss on validation set after epoch 141: 0.0108

Epoch 142
	Step 0: mean loss = 0.0094
	Step 50: mean loss = 0.0102
	Step 100: mean loss = 0.0100
	Step 150: mean loss = 0.0101

	Loss on validation set after epoch 142: 0.0104

Epoch 143
	Step 0: mean loss = 0.0099
	Step 50: mean loss = 0.0101
	Step 100: mean loss = 0.0101
	Step 150: mean loss = 0.0101

	Loss on validation set after epoch 143: 0.0104

Epoch 144
	Step 0: mean loss = 0.0095
	Step 50: mean loss = 0.0102
	Step 100: mean loss = 0.0101
	Step 150: mean loss = 0.0102

	Loss on validation set after epoch 144: 0.0109

Epoch 145
	Step 0: mean loss = 0.0121
	Step 50: mean loss = 0.0102
	Step 100: mean loss = 0.0102
	Step 150: mean loss = 0.0101

	Loss on validation set after epoch 145: 0.0105

Epoch 146
	Step 0: mean loss = 0.0100
	Step 50: mean loss = 0.0101
	Step 100: mean loss = 0.0101
	Step 150: mean loss = 0.0101

	Loss on validation set after epoch 146: 0.0103

Epoch 147
	Step 0: mean loss = 0.0098
	Step 50: mean loss = 0.0101
	Step 100: mean loss = 0.0100
	Step 150: mean loss = 0.0102

	Loss on validation set after epoch 147: 0.0110

Epoch 148
	Step 0: mean loss = 0.0106
	Step 50: mean loss = 0.0101
	Step 100: mean loss = 0.0100
	Step 150: mean loss = 0.0100

	Loss on validation set after epoch 148: 0.0110

Epoch 149
	Step 0: mean loss = 0.0093
	Step 50: mean loss = 0.0100
	Step 100: mean loss = 0.0100
	Step 150: mean loss = 0.0100

	Loss on validation set after epoch 149: 0.0108

Epoch 150
	Step 0: mean loss = 0.0095
	Step 50: mean loss = 0.0098
	Step 100: mean loss = 0.0098
	Step 150: mean loss = 0.0098

	Loss on validation set after epoch 150: 0.0102

Epoch 151
	Step 0: mean loss = 0.0110
	Step 50: mean loss = 0.0098
	Step 100: mean loss = 0.0099
	Step 150: mean loss = 0.0098

	Loss on validation set after epoch 151: 0.0104

Epoch 152
	Step 0: mean loss = 0.0092
	Step 50: mean loss = 0.0100
	Step 100: mean loss = 0.0098
	Step 150: mean loss = 0.0100

	Loss on validation set after epoch 152: 0.0109

Epoch 153
	Step 0: mean loss = 0.0099
	Step 50: mean loss = 0.0096
	Step 100: mean loss = 0.0097
	Step 150: mean loss = 0.0098

	Loss on validation set after epoch 153: 0.0108

Epoch 154
	Step 0: mean loss = 0.0099
	Step 50: mean loss = 0.0098
	Step 100: mean loss = 0.0097
	Step 150: mean loss = 0.0099

	Loss on validation set after epoch 154: 0.0187

Epoch 155
	Step 0: mean loss = 0.0170
	Step 50: mean loss = 0.0121
	Step 100: mean loss = 0.0110
	Step 150: mean loss = 0.0106

	Loss on validation set after epoch 155: 0.0101

Epoch 156
	Step 0: mean loss = 0.0111
	Step 50: mean loss = 0.0097
	Step 100: mean loss = 0.0097
	Step 150: mean loss = 0.0097

	Loss on validation set after epoch 156: 0.0099

Epoch 157
	Step 0: mean loss = 0.0104
	Step 50: mean loss = 0.0096
	Step 100: mean loss = 0.0096
	Step 150: mean loss = 0.0104

	Loss on validation set after epoch 157: 0.0106

Epoch 158
	Step 0: mean loss = 0.0102
	Step 50: mean loss = 0.0102
	Step 100: mean loss = 0.0099
	Step 150: mean loss = 0.0099

	Loss on validation set after epoch 158: 0.0102

Epoch 159
	Step 0: mean loss = 0.0106
	Step 50: mean loss = 0.0096
	Step 100: mean loss = 0.0096
	Step 150: mean loss = 0.0097

	Loss on validation set after epoch 159: 0.0102

Epoch 160
	Step 0: mean loss = 0.0103
	Step 50: mean loss = 0.0095
	Step 100: mean loss = 0.0096
	Step 150: mean loss = 0.0098

	Loss on validation set after epoch 160: 0.0104

Epoch 161
	Step 0: mean loss = 0.0102
	Step 50: mean loss = 0.0095
	Step 100: mean loss = 0.0095
	Step 150: mean loss = 0.0096

	Loss on validation set after epoch 161: 0.0102

Epoch 162
	Step 0: mean loss = 0.0102
	Step 50: mean loss = 0.0095
	Step 100: mean loss = 0.0096
	Step 150: mean loss = 0.0095

	Loss on validation set after epoch 162: 0.0100

Epoch 163
	Step 0: mean loss = 0.0079
	Step 50: mean loss = 0.0095
	Step 100: mean loss = 0.0095
	Step 150: mean loss = 0.0094

	Loss on validation set after epoch 163: 0.0106

Epoch 164
	Step 0: mean loss = 0.0097
	Step 50: mean loss = 0.0095
	Step 100: mean loss = 0.0094
	Step 150: mean loss = 0.0095

	Loss on validation set after epoch 164: 0.0104

Epoch 165
	Step 0: mean loss = 0.0088
	Step 50: mean loss = 0.0096
	Step 100: mean loss = 0.0095
	Step 150: mean loss = 0.0095

	Loss on validation set after epoch 165: 0.0102

Epoch 166
	Step 0: mean loss = 0.0096
	Step 50: mean loss = 0.0094
	Step 100: mean loss = 0.0094
	Step 150: mean loss = 0.0094

	Loss on validation set after epoch 166: 0.0099

Epoch 167
	Step 0: mean loss = 0.0104
	Step 50: mean loss = 0.0096
	Step 100: mean loss = 0.0095
	Step 150: mean loss = 0.0095

	Loss on validation set after epoch 167: 0.0098

Epoch 168
	Step 0: mean loss = 0.0112
	Step 50: mean loss = 0.0094
	Step 100: mean loss = 0.0094
	Step 150: mean loss = 0.0095

	Loss on validation set after epoch 168: 0.0098

Epoch 169
	Step 0: mean loss = 0.0091
	Step 50: mean loss = 0.0093
	Step 100: mean loss = 0.0093
	Step 150: mean loss = 0.0094

	Loss on validation set after epoch 169: 0.0096

Epoch 170
	Step 0: mean loss = 0.0094
	Step 50: mean loss = 0.0093
	Step 100: mean loss = 0.0092
	Step 150: mean loss = 0.0093

	Loss on validation set after epoch 170: 0.0100

Epoch 171
	Step 0: mean loss = 0.0092
	Step 50: mean loss = 0.0092
	Step 100: mean loss = 0.0093
	Step 150: mean loss = 0.0093

	Loss on validation set after epoch 171: 0.0097

Epoch 172
	Step 0: mean loss = 0.0096
	Step 50: mean loss = 0.0092
	Step 100: mean loss = 0.0093
	Step 150: mean loss = 0.0094

	Loss on validation set after epoch 172: 0.0097

Epoch 173
	Step 0: mean loss = 0.0103
	Step 50: mean loss = 0.0093
	Step 100: mean loss = 0.0092
	Step 150: mean loss = 0.0092

	Loss on validation set after epoch 173: 0.0102

Epoch 174
	Step 0: mean loss = 0.0086
	Step 50: mean loss = 0.0091
	Step 100: mean loss = 0.0091
	Step 150: mean loss = 0.0091

	Loss on validation set after epoch 174: 0.0095

Epoch 175
	Step 0: mean loss = 0.0086
	Step 50: mean loss = 0.0093
	Step 100: mean loss = 0.0093
	Step 150: mean loss = 0.0093

	Loss on validation set after epoch 175: 0.0097

Epoch 176
	Step 0: mean loss = 0.0097
	Step 50: mean loss = 0.0091
	Step 100: mean loss = 0.0091
	Step 150: mean loss = 0.0092

	Loss on validation set after epoch 176: 0.0097

Epoch 177
	Step 0: mean loss = 0.0070
	Step 50: mean loss = 0.0092
	Step 100: mean loss = 0.0092
	Step 150: mean loss = 0.0092

	Loss on validation set after epoch 177: 0.0098

Epoch 178
	Step 0: mean loss = 0.0085
	Step 50: mean loss = 0.0092
	Step 100: mean loss = 0.0092
	Step 150: mean loss = 0.0092

	Loss on validation set after epoch 178: 0.0097

Epoch 179
	Step 0: mean loss = 0.0097
	Step 50: mean loss = 0.0091
	Step 100: mean loss = 0.0091
	Step 150: mean loss = 0.0092

	Loss on validation set after epoch 179: 0.0096

Epoch 180
	Step 0: mean loss = 0.0087
	Step 50: mean loss = 0.0091
	Step 100: mean loss = 0.0091
	Step 150: mean loss = 0.0090

	Loss on validation set after epoch 180: 0.0093

Epoch 181
	Step 0: mean loss = 0.0087
	Step 50: mean loss = 0.0090
	Step 100: mean loss = 0.0091
	Step 150: mean loss = 0.0092

	Loss on validation set after epoch 181: 0.0095

Epoch 182
	Step 0: mean loss = 0.0097
	Step 50: mean loss = 0.0091
	Step 100: mean loss = 0.0091
	Step 150: mean loss = 0.0091

	Loss on validation set after epoch 182: 0.0095

Epoch 183
	Step 0: mean loss = 0.0083
	Step 50: mean loss = 0.0091
	Step 100: mean loss = 0.0091
	Step 150: mean loss = 0.0091

	Loss on validation set after epoch 183: 0.0092

Epoch 184
	Step 0: mean loss = 0.0082
	Step 50: mean loss = 0.0090
	Step 100: mean loss = 0.0089
	Step 150: mean loss = 0.0090

	Loss on validation set after epoch 184: 0.0095

Epoch 185
	Step 0: mean loss = 0.0092
	Step 50: mean loss = 0.0096
	Step 100: mean loss = 0.0096
	Step 150: mean loss = 0.0095

	Loss on validation set after epoch 185: 0.0092

Epoch 186
	Step 0: mean loss = 0.0084
	Step 50: mean loss = 0.0090
	Step 100: mean loss = 0.0090
	Step 150: mean loss = 0.0089

	Loss on validation set after epoch 186: 0.0094

Epoch 187
	Step 0: mean loss = 0.0082
	Step 50: mean loss = 0.0090
	Step 100: mean loss = 0.0089
	Step 150: mean loss = 0.0089

	Loss on validation set after epoch 187: 0.0092

Epoch 188
	Step 0: mean loss = 0.0091
	Step 50: mean loss = 0.0088
	Step 100: mean loss = 0.0089
	Step 150: mean loss = 0.0089

	Loss on validation set after epoch 188: 0.0094

Epoch 189
	Step 0: mean loss = 0.0083
	Step 50: mean loss = 0.0089
	Step 100: mean loss = 0.0089
	Step 150: mean loss = 0.0089

	Loss on validation set after epoch 189: 0.0094

Epoch 190
	Step 0: mean loss = 0.0078
	Step 50: mean loss = 0.0091
	Step 100: mean loss = 0.0090
	Step 150: mean loss = 0.0091

	Loss on validation set after epoch 190: 0.0092

Epoch 191
	Step 0: mean loss = 0.0081
	Step 50: mean loss = 0.0089
	Step 100: mean loss = 0.0088
	Step 150: mean loss = 0.0089

	Loss on validation set after epoch 191: 0.0094

Epoch 192
	Step 0: mean loss = 0.0076
	Step 50: mean loss = 0.0088
	Step 100: mean loss = 0.0089
	Step 150: mean loss = 0.0089

	Loss on validation set after epoch 192: 0.0093

Epoch 193
	Step 0: mean loss = 0.0074
	Step 50: mean loss = 0.0087
	Step 100: mean loss = 0.0088
	Step 150: mean loss = 0.0088

	Loss on validation set after epoch 193: 0.0096

Epoch 194
	Step 0: mean loss = 0.0103
	Step 50: mean loss = 0.0093
	Step 100: mean loss = 0.0090
	Step 150: mean loss = 0.0089

	Loss on validation set after epoch 194: 0.0094

Epoch 195
	Step 0: mean loss = 0.0078
	Step 50: mean loss = 0.0090
	Step 100: mean loss = 0.0089
	Step 150: mean loss = 0.0089

	Loss on validation set after epoch 195: 0.0094

Epoch 196
	Step 0: mean loss = 0.0074
	Step 50: mean loss = 0.0087
	Step 100: mean loss = 0.0088
	Step 150: mean loss = 0.0088

	Loss on validation set after epoch 196: 0.0093

Epoch 197
	Step 0: mean loss = 0.0078
	Step 50: mean loss = 0.0086
	Step 100: mean loss = 0.0087
	Step 150: mean loss = 0.0088

	Loss on validation set after epoch 197: 0.0093

Epoch 198
	Step 0: mean loss = 0.0086
	Step 50: mean loss = 0.0087
	Step 100: mean loss = 0.0087
	Step 150: mean loss = 0.0087

	Loss on validation set after epoch 198: 0.0091

Epoch 199
	Step 0: mean loss = 0.0087
	Step 50: mean loss = 0.0087
	Step 100: mean loss = 0.0087
	Step 150: mean loss = 0.0087

	Loss on validation set after epoch 199: 0.0092

Epoch 200
	Step 0: mean loss = 0.0090
	Step 50: mean loss = 0.0086
	Step 100: mean loss = 0.0086
	Step 150: mean loss = 0.0086

	Loss on validation set after epoch 200: 0.0099

Epoch 201
	Step 0: mean loss = 0.0092
	Step 50: mean loss = 0.0091
	Step 100: mean loss = 0.0090
	Step 150: mean loss = 0.0089

	Loss on validation set after epoch 201: 0.0095

Epoch 202
	Step 0: mean loss = 0.0084
	Step 50: mean loss = 0.0086
	Step 100: mean loss = 0.0088
	Step 150: mean loss = 0.0087

	Loss on validation set after epoch 202: 0.0093

Epoch 203
	Step 0: mean loss = 0.0077
	Step 50: mean loss = 0.0086
	Step 100: mean loss = 0.0086
	Step 150: mean loss = 0.0086

	Loss on validation set after epoch 203: 0.0091

Epoch 204
	Step 0: mean loss = 0.0092
	Step 50: mean loss = 0.0087
	Step 100: mean loss = 0.0087
	Step 150: mean loss = 0.0087

	Loss on validation set after epoch 204: 0.0092

Epoch 205
	Step 0: mean loss = 0.0080
	Step 50: mean loss = 0.0086
	Step 100: mean loss = 0.0086
	Step 150: mean loss = 0.0086

	Loss on validation set after epoch 205: 0.0090

Epoch 206
	Step 0: mean loss = 0.0089
	Step 50: mean loss = 0.0087
	Step 100: mean loss = 0.0086
	Step 150: mean loss = 0.0086

	Loss on validation set after epoch 206: 0.0097

Epoch 207
	Step 0: mean loss = 0.0098
	Step 50: mean loss = 0.0090
	Step 100: mean loss = 0.0088
	Step 150: mean loss = 0.0087

	Loss on validation set after epoch 207: 0.0091

Epoch 208
	Step 0: mean loss = 0.0095
	Step 50: mean loss = 0.0085
	Step 100: mean loss = 0.0085
	Step 150: mean loss = 0.0085

	Loss on validation set after epoch 208: 0.0092

Epoch 209
	Step 0: mean loss = 0.0073
	Step 50: mean loss = 0.0087
	Step 100: mean loss = 0.0087
	Step 150: mean loss = 0.0088

	Loss on validation set after epoch 209: 0.0095

Epoch 210
	Step 0: mean loss = 0.0086
	Step 50: mean loss = 0.0089
	Step 100: mean loss = 0.0087
	Step 150: mean loss = 0.0086

	Loss on validation set after epoch 210: 0.0090

Epoch 211
	Step 0: mean loss = 0.0084
	Step 50: mean loss = 0.0084
	Step 100: mean loss = 0.0085
	Step 150: mean loss = 0.0085

	Loss on validation set after epoch 211: 0.0091

Epoch 212
	Step 0: mean loss = 0.0081
	Step 50: mean loss = 0.0094
	Step 100: mean loss = 0.0090
	Step 150: mean loss = 0.0088

	Loss on validation set after epoch 212: 0.0090

Epoch 213
	Step 0: mean loss = 0.0082
	Step 50: mean loss = 0.0085
	Step 100: mean loss = 0.0084
	Step 150: mean loss = 0.0085

	Loss on validation set after epoch 213: 0.0090

Epoch 214
	Step 0: mean loss = 0.0085
	Step 50: mean loss = 0.0090
	Step 100: mean loss = 0.0091
	Step 150: mean loss = 0.0089

	Loss on validation set after epoch 214: 0.0087

Epoch 215
	Step 0: mean loss = 0.0071
	Step 50: mean loss = 0.0085
	Step 100: mean loss = 0.0084
	Step 150: mean loss = 0.0084

	Loss on validation set after epoch 215: 0.0089

Epoch 216
	Step 0: mean loss = 0.0087
	Step 50: mean loss = 0.0083
	Step 100: mean loss = 0.0085
	Step 150: mean loss = 0.0085

	Loss on validation set after epoch 216: 0.0088

Epoch 217
	Step 0: mean loss = 0.0093
	Step 50: mean loss = 0.0083
	Step 100: mean loss = 0.0083
	Step 150: mean loss = 0.0083

	Loss on validation set after epoch 217: 0.0089

Epoch 218
	Step 0: mean loss = 0.0079
	Step 50: mean loss = 0.0084
	Step 100: mean loss = 0.0085
	Step 150: mean loss = 0.0084

	Loss on validation set after epoch 218: 0.0090

Epoch 219
	Step 0: mean loss = 0.0071
	Step 50: mean loss = 0.0082
	Step 100: mean loss = 0.0082
	Step 150: mean loss = 0.0082

	Loss on validation set after epoch 219: 0.0088

Epoch 220
	Step 0: mean loss = 0.0073
	Step 50: mean loss = 0.0082
	Step 100: mean loss = 0.0083
	Step 150: mean loss = 0.0083

	Loss on validation set after epoch 220: 0.0087

Epoch 221
	Step 0: mean loss = 0.0078
	Step 50: mean loss = 0.0082
	Step 100: mean loss = 0.0083
	Step 150: mean loss = 0.0083

	Loss on validation set after epoch 221: 0.0090

Epoch 222
	Step 0: mean loss = 0.0082
	Step 50: mean loss = 0.0083
	Step 100: mean loss = 0.0089
	Step 150: mean loss = 0.0088

	Loss on validation set after epoch 222: 0.0090

Epoch 223
	Step 0: mean loss = 0.0090
	Step 50: mean loss = 0.0083
	Step 100: mean loss = 0.0082
	Step 150: mean loss = 0.0082

	Loss on validation set after epoch 223: 0.0088

Epoch 224
	Step 0: mean loss = 0.0085
	Step 50: mean loss = 0.0082
	Step 100: mean loss = 0.0081
	Step 150: mean loss = 0.0081

	Loss on validation set after epoch 224: 0.0093

Epoch 225
	Step 0: mean loss = 0.0092
	Step 50: mean loss = 0.0082
	Step 100: mean loss = 0.0082
	Step 150: mean loss = 0.0083

	Loss on validation set after epoch 225: 0.0085

Epoch 226
	Step 0: mean loss = 0.0070
	Step 50: mean loss = 0.0081
	Step 100: mean loss = 0.0081
	Step 150: mean loss = 0.0081

	Loss on validation set after epoch 226: 0.0087

Epoch 227
	Step 0: mean loss = 0.0093
	Step 50: mean loss = 0.0082
	Step 100: mean loss = 0.0082
	Step 150: mean loss = 0.0082

	Loss on validation set after epoch 227: 0.0088

Epoch 228
	Step 0: mean loss = 0.0081
	Step 50: mean loss = 0.0082
	Step 100: mean loss = 0.0083
	Step 150: mean loss = 0.0083

	Loss on validation set after epoch 228: 0.0089

Epoch 229
	Step 0: mean loss = 0.0083
	Step 50: mean loss = 0.0081
	Step 100: mean loss = 0.0081
	Step 150: mean loss = 0.0081

	Loss on validation set after epoch 229: 0.0090

Epoch 230
	Step 0: mean loss = 0.0078
	Step 50: mean loss = 0.0081
	Step 100: mean loss = 0.0082
	Step 150: mean loss = 0.0081

	Loss on validation set after epoch 230: 0.0088

Epoch 231
	Step 0: mean loss = 0.0073
	Step 50: mean loss = 0.0081
	Step 100: mean loss = 0.0081
	Step 150: mean loss = 0.0081

	Loss on validation set after epoch 231: 0.0086

Epoch 232
	Step 0: mean loss = 0.0078
	Step 50: mean loss = 0.0080
	Step 100: mean loss = 0.0081
	Step 150: mean loss = 0.0081

	Loss on validation set after epoch 232: 0.0089

Epoch 233
	Step 0: mean loss = 0.0075
	Step 50: mean loss = 0.0080
	Step 100: mean loss = 0.0080
	Step 150: mean loss = 0.0081

	Loss on validation set after epoch 233: 0.0088

Epoch 234
	Step 0: mean loss = 0.0078
	Step 50: mean loss = 0.0082
	Step 100: mean loss = 0.0082
	Step 150: mean loss = 0.0081

	Loss on validation set after epoch 234: 0.0085

Epoch 235
	Step 0: mean loss = 0.0081
	Step 50: mean loss = 0.0081
	Step 100: mean loss = 0.0080
	Step 150: mean loss = 0.0081

	Loss on validation set after epoch 235: 0.0084

Epoch 236
	Step 0: mean loss = 0.0081
	Step 50: mean loss = 0.0080
	Step 100: mean loss = 0.0080
	Step 150: mean loss = 0.0080

	Loss on validation set after epoch 236: 0.0084

Epoch 237
	Step 0: mean loss = 0.0084
	Step 50: mean loss = 0.0088
	Step 100: mean loss = 0.0089
	Step 150: mean loss = 0.0087

	Loss on validation set after epoch 237: 0.0088

Epoch 238
	Step 0: mean loss = 0.0075
	Step 50: mean loss = 0.0084
	Step 100: mean loss = 0.0082
	Step 150: mean loss = 0.0082

	Loss on validation set after epoch 238: 0.0084

Epoch 239
	Step 0: mean loss = 0.0085
	Step 50: mean loss = 0.0083
	Step 100: mean loss = 0.0082
	Step 150: mean loss = 0.0082

	Loss on validation set after epoch 239: 0.0089

Epoch 240
	Step 0: mean loss = 0.0078
	Step 50: mean loss = 0.0079
	Step 100: mean loss = 0.0080
	Step 150: mean loss = 0.0080

	Loss on validation set after epoch 240: 0.0084

Epoch 241
	Step 0: mean loss = 0.0065
	Step 50: mean loss = 0.0080
	Step 100: mean loss = 0.0080
	Step 150: mean loss = 0.0080

	Loss on validation set after epoch 241: 0.0087

Epoch 242
	Step 0: mean loss = 0.0097
	Step 50: mean loss = 0.0086
	Step 100: mean loss = 0.0083
	Step 150: mean loss = 0.0083

	Loss on validation set after epoch 242: 0.0083

Epoch 243
	Step 0: mean loss = 0.0085
	Step 50: mean loss = 0.0079
	Step 100: mean loss = 0.0079
	Step 150: mean loss = 0.0079

	Loss on validation set after epoch 243: 0.0082

Epoch 244
	Step 0: mean loss = 0.0070
	Step 50: mean loss = 0.0081
	Step 100: mean loss = 0.0080
	Step 150: mean loss = 0.0080

	Loss on validation set after epoch 244: 0.0085

Epoch 245
	Step 0: mean loss = 0.0069
	Step 50: mean loss = 0.0079
	Step 100: mean loss = 0.0081
	Step 150: mean loss = 0.0080

	Loss on validation set after epoch 245: 0.0085

Epoch 246
	Step 0: mean loss = 0.0082
	Step 50: mean loss = 0.0079
	Step 100: mean loss = 0.0079
	Step 150: mean loss = 0.0079

	Loss on validation set after epoch 246: 0.0082

Epoch 247
	Step 0: mean loss = 0.0069
	Step 50: mean loss = 0.0078
	Step 100: mean loss = 0.0078
	Step 150: mean loss = 0.0079

	Loss on validation set after epoch 247: 0.0084

Epoch 248
	Step 0: mean loss = 0.0085
	Step 50: mean loss = 0.0080
	Step 100: mean loss = 0.0080
	Step 150: mean loss = 0.0079

	Loss on validation set after epoch 248: 0.0081

Epoch 249
	Step 0: mean loss = 0.0075
	Step 50: mean loss = 0.0079
	Step 100: mean loss = 0.0079
	Step 150: mean loss = 0.0079

	Loss on validation set after epoch 249: 0.0081

Epoch 250
	Step 0: mean loss = 0.0062
	Step 50: mean loss = 0.0079
	Step 100: mean loss = 0.0078
	Step 150: mean loss = 0.0078

	Loss on validation set after epoch 250: 0.0080

Epoch 251
	Step 0: mean loss = 0.0082
	Step 50: mean loss = 0.0077
	Step 100: mean loss = 0.0079
	Step 150: mean loss = 0.0079

	Loss on validation set after epoch 251: 0.0084

Epoch 252
	Step 0: mean loss = 0.0077
	Step 50: mean loss = 0.0078
	Step 100: mean loss = 0.0078
	Step 150: mean loss = 0.0079

	Loss on validation set after epoch 252: 0.0085

Epoch 253
	Step 0: mean loss = 0.0087
	Step 50: mean loss = 0.0079
	Step 100: mean loss = 0.0078
	Step 150: mean loss = 0.0079

	Loss on validation set after epoch 253: 0.0084

Epoch 254
	Step 0: mean loss = 0.0071
	Step 50: mean loss = 0.0078
	Step 100: mean loss = 0.0079
	Step 150: mean loss = 0.0078

	Loss on validation set after epoch 254: 0.0082

Epoch 255
	Step 0: mean loss = 0.0082
	Step 50: mean loss = 0.0077
	Step 100: mean loss = 0.0078
	Step 150: mean loss = 0.0078

	Loss on validation set after epoch 255: 0.0081

Epoch 256
	Step 0: mean loss = 0.0067
	Step 50: mean loss = 0.0078
	Step 100: mean loss = 0.0078
	Step 150: mean loss = 0.0078

	Loss on validation set after epoch 256: 0.0080

Epoch 257
	Step 0: mean loss = 0.0080
	Step 50: mean loss = 0.0077
	Step 100: mean loss = 0.0079
	Step 150: mean loss = 0.0081

	Loss on validation set after epoch 257: 0.0082

Epoch 258
	Step 0: mean loss = 0.0063
	Step 50: mean loss = 0.0078
	Step 100: mean loss = 0.0078
	Step 150: mean loss = 0.0077

	Loss on validation set after epoch 258: 0.0081

Epoch 259
	Step 0: mean loss = 0.0069
	Step 50: mean loss = 0.0077
	Step 100: mean loss = 0.0078
	Step 150: mean loss = 0.0078

	Loss on validation set after epoch 259: 0.0082

Epoch 260
	Step 0: mean loss = 0.0068
	Step 50: mean loss = 0.0076
	Step 100: mean loss = 0.0077
	Step 150: mean loss = 0.0077

	Loss on validation set after epoch 260: 0.0081

Epoch 261
	Step 0: mean loss = 0.0069
	Step 50: mean loss = 0.0077
	Step 100: mean loss = 0.0077
	Step 150: mean loss = 0.0082

	Loss on validation set after epoch 261: 0.0095

Epoch 262
	Step 0: mean loss = 0.0089
	Step 50: mean loss = 0.0083
	Step 100: mean loss = 0.0081
	Step 150: mean loss = 0.0080

	Loss on validation set after epoch 262: 0.0086

Epoch 263
	Step 0: mean loss = 0.0076
	Step 50: mean loss = 0.0077
	Step 100: mean loss = 0.0077
	Step 150: mean loss = 0.0077

	Loss on validation set after epoch 263: 0.0084

Epoch 264
	Step 0: mean loss = 0.0077
	Step 50: mean loss = 0.0077
	Step 100: mean loss = 0.0077
	Step 150: mean loss = 0.0077

	Loss on validation set after epoch 264: 0.0081

Epoch 265
	Step 0: mean loss = 0.0075
	Step 50: mean loss = 0.0076
	Step 100: mean loss = 0.0076
	Step 150: mean loss = 0.0076

	Loss on validation set after epoch 265: 0.0084

Epoch 266
	Step 0: mean loss = 0.0070
	Step 50: mean loss = 0.0076
	Step 100: mean loss = 0.0076
	Step 150: mean loss = 0.0076

	Loss on validation set after epoch 266: 0.0081

Model from epoch 256 was selected by early stopping.
Training process will be stopped now.
Deleted temporary files in ../data/trained_models/temp_01-03-08-33-50/
Location of saved model: ../data/trained_models/last_hope_67_01-03-08-33-50/ 

Adding feature wise convolutions with 32 filters per feature, 3 kernels and 1 strides ...
Adding feature wise convolutions with 1 filters per feature, 3 kernels and 1 strides ...
Adding feature based graph attention layer ...
Adding time based graph attention layer ...
Adding GRU layer with 256 units ...
Adding GRU layer with 61 units ...
Adding VAE as reconstruction model dimensions 3072 & 1536 and ...
Adding GRU layer to forecasting model with 256 units ...
Adding GRU layer to forecasting model with 128 units ...
VAE reconstructs the output of the gru layer.

Grid search running in anomaly detection model selection mode.
The following hyperparameters will not be evaluated:
relevance_mapping
unaffected_component_threshold
si_mode
si_parameter

Testing 294 combinations via grid search 
for model last_hope_67_01-03-08-33-50/ on the validation dataset. 


Top 50 combinations tested:
      gamma  single_timestamp_a.. affected_timestamp..     AD F1     AD F2    AD TPR   AD Prec    AD ACC    AD TNR    AD FPR  SI/ST AVG-HR@100%  SI/ST AVG-HR@150%  SI/ST AVG-HR@K  SI/ST F1  SI/ST TPR  SI/ST ACC
Comb                                                                                                                                                                                                              
9       0.3                 0.225                  120  0.414426  0.632000  0.972308  0.263333  0.477778  0.361733  0.638267           0.169718           0.237128        0.083077  0.061538   0.061538   0.855621
170     0.6                 0.275                  120  0.412264  0.629984  0.972308  0.261589  0.473099  0.355957  0.644043           0.164824           0.243287        0.076923  0.067692   0.067692   0.856568
63      0.4                 0.250                  100  0.411067  0.625752  0.960000  0.261526  0.477193  0.363899  0.636101           0.162280           0.229791        0.083077  0.061538   0.061538   0.855621
169     0.6                 0.275                  110  0.410587  0.629952  0.978462  0.259804  0.466082  0.345848  0.654152           0.164824           0.243287        0.076923  0.067692   0.067692   0.856568
8       0.3                 0.225                  110  0.409825  0.628469  0.975385  0.259411  0.466082  0.346570  0.653430           0.169718           0.237128        0.083077  0.061538   0.061538   0.855621
274     0.8                 0.300                  110  0.406472  0.623016  0.966154  0.257377  0.463743  0.345848  0.654152           0.163849           0.258251        0.080000  0.061538   0.061538   0.855621
168     0.6                 0.275                  100  0.406111  0.626473  0.981538  0.256019  0.454386  0.330686  0.669314           0.164824           0.243287        0.076923  0.067692   0.067692   0.856568
7       0.3                 0.225                  100  0.405612  0.625246  0.978462  0.255833  0.454971  0.332130  0.667870           0.169718           0.237128        0.083077  0.061538   0.061538   0.855621
273     0.8                 0.300                  100  0.405112  0.624016  0.975385  0.255645  0.455556  0.333574  0.666426           0.163849           0.258251        0.080000  0.061538   0.061538   0.855621
10      0.3                 0.225                  130  0.404539  0.612616  0.932308  0.258312  0.478363  0.371841  0.628159           0.169718           0.237128        0.083077  0.061538   0.061538   0.855621
275     0.8                 0.300                  120  0.403658  0.616520  0.950769  0.256219  0.466082  0.352347  0.647653           0.163849           0.258251        0.080000  0.061538   0.061538   0.855621
171     0.6                 0.275                  130  0.402123  0.610395  0.932308  0.256345  0.473099  0.365343  0.634657           0.164824           0.243287        0.076923  0.067692   0.067692   0.856568
11      0.3                 0.225                  140  0.400812  0.603589  0.910769  0.256944  0.482456  0.381949  0.618051           0.169718           0.237128        0.083077  0.061538   0.061538   0.855621
64      0.4                 0.250                  110  0.398658  0.602434  0.913846  0.254936  0.476023  0.373285  0.626715           0.162280           0.229791        0.083077  0.061538   0.061538   0.855621
118     0.5                 0.250                  160  0.396736  0.615265  0.972308  0.249211  0.438012  0.312635  0.687365           0.179542           0.257309        0.076923  0.067692   0.067692   0.856568
276     0.8                 0.300                  130  0.396540  0.601291  0.916923  0.252971  0.469591  0.364621  0.635379           0.163849           0.258251        0.080000  0.061538   0.061538   0.855621
117     0.5                 0.250                  150  0.395046  0.615830  0.981538  0.247287  0.428655  0.298917  0.701083           0.179542           0.257309        0.076923  0.067692   0.067692   0.856568
172     0.6                 0.275                  140  0.392448  0.591945  0.895385  0.251295  0.473099  0.374007  0.625993           0.164824           0.243287        0.076923  0.067692   0.067692   0.856568
116     0.5                 0.250                  140  0.392133  0.612990  0.981538  0.245008  0.421637  0.290253  0.709747           0.179542           0.257309        0.076923  0.067692   0.067692   0.856568
65      0.4                 0.250                  120  0.390110  0.584122  0.873846  0.251105  0.480702  0.388448  0.611552           0.162280           0.229791        0.083077  0.061538   0.061538   0.855621
223     0.7                 0.275                  160  0.389262  0.610176  0.981538  0.242770  0.414620  0.281588  0.718412           0.177122           0.279504        0.076923  0.064615   0.064615   0.856095
277     0.8                 0.300                  140  0.388323  0.584150  0.880000  0.249129  0.473099  0.377617  0.622383           0.163849           0.258251        0.080000  0.061538   0.061538   0.855621
115     0.5                 0.250                  130  0.388078  0.609011  0.981538  0.241850  0.411696  0.277978  0.722022           0.179542           0.257309        0.076923  0.067692   0.067692   0.856568
222     0.7                 0.275                  150  0.385498  0.606464  0.981538  0.239850  0.405263  0.270036  0.729964           0.177122           0.279504        0.076923  0.064615   0.064615   0.856095
114     0.5                 0.250                  120  0.384569  0.605543  0.981538  0.239130  0.402924  0.267148  0.732852           0.179542           0.257309        0.076923  0.067692   0.067692   0.856568
113     0.5                 0.250                  110  0.383234  0.604915  0.984615  0.237918  0.397661  0.259928  0.740072           0.179542           0.257309        0.076923  0.067692   0.067692   0.856568
221     0.7                 0.275                  140  0.381807  0.602797  0.981538  0.236999  0.395906  0.258484  0.741516           0.177122           0.279504        0.076923  0.064615   0.064615   0.856095
6       0.3                 0.200                  160  0.381797  0.605549  0.993846  0.236284  0.388304  0.246209  0.753791           0.195224           0.263528        0.098462  0.058462   0.058462   0.855148
5       0.3                 0.200                  150  0.381176  0.605607  0.996923  0.235636  0.384795  0.241155  0.758845           0.195224           0.263528        0.098462  0.058462   0.058462   0.855148
62      0.4                 0.225                  160  0.381123  0.602114  0.981538  0.236471  0.394152  0.256318  0.743682           0.188038           0.264674        0.092308  0.058462   0.058462   0.855148
60      0.4                 0.225                  140  0.380390  0.603448  0.990769  0.235380  0.386550  0.244765  0.755235           0.188038           0.264674        0.092308  0.058462   0.058462   0.855148
112     0.5                 0.250                  100  0.380048  0.601730  0.984615  0.235467  0.389474  0.249819  0.750181           0.179542           0.257309        0.076923  0.067692   0.067692   0.856568
59      0.4                 0.225                  130  0.379331  0.603062  0.993846  0.234398  0.381871  0.238267  0.761733           0.188038           0.264674        0.092308  0.058462   0.058462   0.855148
61      0.4                 0.225                  150  0.378860  0.599850  0.981538  0.234731  0.388304  0.249097  0.750903           0.188038           0.264674        0.092308  0.058462   0.058462   0.855148
4       0.3                 0.200                  140  0.378726  0.603127  0.996923  0.233766  0.378363  0.233213  0.766787           0.195224           0.263528        0.098462  0.058462   0.058462   0.855148
220     0.7                 0.275                  130  0.378474  0.600150  0.984615  0.234261  0.385380  0.244765  0.755235           0.177122           0.279504        0.076923  0.064615   0.064615   0.856095
58      0.4                 0.225                  120  0.378063  0.602454  0.996923  0.233261  0.376608  0.231047  0.768953           0.188038           0.264674        0.092308  0.058462   0.058462   0.855148
224     0.7                 0.300                  100  0.377931  0.564948  0.843077  0.243556  0.472515  0.385560  0.614440           0.149302           0.224235        0.076923  0.064615   0.064615   0.856095
278     0.8                 0.300                  150  0.376210  0.561751  0.836923  0.242640  0.472515  0.387004  0.612996           0.163849           0.258251        0.080000  0.061538   0.061538   0.855621
57      0.4                 0.225                  110  0.375652  0.600000  0.996923  0.231429  0.370175  0.223105  0.776895           0.188038           0.264674        0.092308  0.058462   0.058462   0.855148
3       0.3                 0.200                  130  0.375217  0.599556  0.996923  0.231098  0.369006  0.221661  0.778339           0.195224           0.263528        0.098462  0.058462   0.058462   0.855148
219     0.7                 0.275                  120  0.374269  0.595903  0.984615  0.231047  0.374269  0.231047  0.768953           0.177122           0.279504        0.076923  0.064615   0.064615   0.856095
66      0.4                 0.250                  130  0.374212  0.555787  0.821538  0.242287  0.477778  0.397112  0.602888           0.162280           0.229791        0.083077  0.061538   0.061538   0.855621
173     0.6                 0.275                  150  0.374051  0.558993  0.833846  0.241103  0.469591  0.384116  0.615884           0.164824           0.243287        0.076923  0.067692   0.067692   0.856568
12      0.3                 0.225                  150  0.373780  0.556247  0.824615  0.241659  0.474854  0.392780  0.607220           0.169718           0.237128        0.083077  0.061538   0.061538   0.855621
119     0.5                 0.275                  100  0.373688  0.555324  0.821538  0.241848  0.476608  0.395668  0.604332           0.153483           0.216217        0.080000  0.067692   0.067692   0.856568
167     0.6                 0.250                  160  0.372628  0.596905  0.996923  0.229137  0.361988  0.212996  0.787004           0.197959           0.295937        0.086154  0.070769   0.070769   0.857041
272     0.8                 0.275                  160  0.372414  0.596685  0.996923  0.228975  0.361404  0.212274  0.787726           0.198020           0.301045        0.080000  0.061538   0.061538   0.855621
2       0.3                 0.200                  120  0.371986  0.596246  0.996923  0.228652  0.360234  0.210830  0.789170           0.195224           0.263528        0.098462  0.058462   0.058462   0.855148
218     0.7                 0.275                  110  0.371230  0.592812  0.984615  0.228735  0.366082  0.220939  0.779061           0.177122           0.279504        0.076923  0.064615   0.064615   0.856095

Full result output for the best combination:
                 #Examples   TP   FP   TN  FN       ACC       FNR       TNR       FPR       TPR      Prec        F1        F2  AVG # affected
Component                                                                                                                                    
no_failure            1385    0  884  501   0  0.361733       NaN  0.361733  0.638267       NaN  0.000000       NaN       NaN      244.771119
txt15_i1                 5    5    0    0   0  1.000000  0.000000       NaN       NaN  1.000000  1.000000  1.000000  1.000000      367.800000
txt15_i3                 5    3    0    0   2  0.600000  0.400000       NaN       NaN  0.600000  1.000000  0.750000  0.652174      217.400000
txt15_conveyor           3    3    0    0   0  1.000000  0.000000       NaN       NaN  1.000000  1.000000  1.000000  1.000000      143.666667
txt15_m1               160  159    0    0   1  0.993750  0.006250       NaN       NaN  0.993750  1.000000  0.996865  0.994994      246.181250
txt15_pl                 9    8    0    0   1  0.888889  0.111111       NaN       NaN  0.888889  1.000000  0.941176  0.909091      232.000000
txt16_i3                 4    4    0    0   0  1.000000  0.000000       NaN       NaN  1.000000  1.000000  1.000000  1.000000      260.750000
txt16_conveyor           8    7    0    0   1  0.875000  0.125000       NaN       NaN  0.875000  1.000000  0.933333  0.897436      212.750000
txt16_m3                65   64    0    0   1  0.984615  0.015385       NaN       NaN  0.984615  1.000000  0.992248  0.987654      180.215385
txt16_turntable          2    2    0    0   0  1.000000  0.000000       NaN       NaN  1.000000  1.000000  1.000000  1.000000      207.000000
txt17_i1                16   14    0    0   2  0.875000  0.125000       NaN       NaN  0.875000  1.000000  0.933333  0.897436      315.062500
txt17_pl                14   14    0    0   0  1.000000  0.000000       NaN       NaN  1.000000  1.000000  1.000000  1.000000      262.285714
txt18_pl                28   28    0    0   0  1.000000  0.000000       NaN       NaN  1.000000  1.000000  1.000000  1.000000      440.500000
txt19_i4                 6    5    0    0   1  0.833333  0.166667       NaN       NaN  0.833333  1.000000  0.909091  0.862069      165.666667
combined              1710  316  884  501   9  0.477778  0.027692  0.361733  0.638267  0.972308  0.263333  0.414426  0.632000      246.056140

                 #Examples   TP   FP   TN  FN       ACC       FNR       TNR       FPR       TPR      Prec        F1        F2  AVG # affected
Component                                                                                                                                    
no_failure            1385    0  884  501   0  0.361733       NaN  0.361733  0.638267       NaN  0.000000       NaN       NaN      244.771119
txt15_i1                 5    5    0    0   0  1.000000  0.000000       NaN       NaN  1.000000  1.000000  1.000000  1.000000      367.800000
txt15_i3                 5    3    0    0   2  0.600000  0.400000       NaN       NaN  0.600000  1.000000  0.750000  0.652174      217.400000
txt15_conveyor           3    3    0    0   0  1.000000  0.000000       NaN       NaN  1.000000  1.000000  1.000000  1.000000      143.666667
txt15_m1               160  159    0    0   1  0.993750  0.006250       NaN       NaN  0.993750  1.000000  0.996865  0.994994      246.181250
txt15_pl                 9    8    0    0   1  0.888889  0.111111       NaN       NaN  0.888889  1.000000  0.941176  0.909091      232.000000
txt16_i3                 4    4    0    0   0  1.000000  0.000000       NaN       NaN  1.000000  1.000000  1.000000  1.000000      260.750000
txt16_conveyor           8    7    0    0   1  0.875000  0.125000       NaN       NaN  0.875000  1.000000  0.933333  0.897436      212.750000
txt16_m3                65   64    0    0   1  0.984615  0.015385       NaN       NaN  0.984615  1.000000  0.992248  0.987654      180.215385
txt16_turntable          2    2    0    0   0  1.000000  0.000000       NaN       NaN  1.000000  1.000000  1.000000  1.000000      207.000000
txt17_i1                16   14    0    0   2  0.875000  0.125000       NaN       NaN  0.875000  1.000000  0.933333  0.897436      315.062500
txt17_pl                14   14    0    0   0  1.000000  0.000000       NaN       NaN  1.000000  1.000000  1.000000  1.000000      262.285714
txt18_pl                28   28    0    0   0  1.000000  0.000000       NaN       NaN  1.000000  1.000000  1.000000  1.000000      440.500000
txt19_i4                 6    5    0    0   1  0.833333  0.166667       NaN       NaN  0.833333  1.000000  0.909091  0.862069      165.666667
combined              1710  316  884  501   9  0.477778  0.027692  0.361733  0.638267  0.972308  0.263333  0.414426  0.632000      246.056140

Execution time: 5922.432487735059
