
Dataset loaded:
Shape of training set (example, time, channels): (20812, 500, 61)
Shape of test set (example, time, channels): (3989, 500, 61)
Shape of train validation set (example, time, channels): (2313, 500, 61)
Shape of test validation set (example, time, channels): (1710, 500, 61)
Num of classes in all: 25

Creating model based on ../configuration/hyperparameter_combinations/last_hope_35.json hyperparameter file 

Adding feature wise convolutions with 32 filters per feature, 3 kernels and 1 strides ...
Adding feature wise convolutions with 1 filters per feature, 3 kernels and 1 strides ...
Adding feature based graph attention layer ...
Adding time based graph attention layer ...
Adding GRU layer with 512 units ...
Adding GRU layer with 61 units ...
Adding dense layer to forecasting model with 512 units and ReLu activation ...
Adding dense layer to forecasting model with 256 units and ReLu activation ...
Adding last dense layer to forecasting model with 61 units and sigmoid activation ...
Adding VAE as reconstruction model dimensions 3072 & 1536 ...

Epoch 0
	Step 0: mean loss = 1.3112
	Step 50: mean loss = 0.5100
	Step 100: mean loss = 0.3505
	Step 150: mean loss = 0.2760

	Loss on validation set after epoch 0: 0.1149

Epoch 1
	Step 0: mean loss = 0.1150
	Step 50: mean loss = 0.1095
	Step 100: mean loss = 0.1054
	Step 150: mean loss = 0.1019

	Loss on validation set after epoch 1: 0.0909

Epoch 2
	Step 0: mean loss = 0.0930
	Step 50: mean loss = 0.0887
	Step 100: mean loss = 0.0870
	Step 150: mean loss = 0.0849

	Loss on validation set after epoch 2: 0.0774

Epoch 3
	Step 0: mean loss = 0.0746
	Step 50: mean loss = 0.0755
	Step 100: mean loss = 0.0740
	Step 150: mean loss = 0.0731

	Loss on validation set after epoch 3: 0.0700

Epoch 4
	Step 0: mean loss = 0.0672
	Step 50: mean loss = 0.0688
	Step 100: mean loss = 0.0681
	Step 150: mean loss = 0.0675

	Loss on validation set after epoch 4: 0.0649

Epoch 5
	Step 0: mean loss = 0.0659
	Step 50: mean loss = 0.0650
	Step 100: mean loss = 0.0645
	Step 150: mean loss = 0.0640

	Loss on validation set after epoch 5: 0.0616

Epoch 6
	Step 0: mean loss = 0.0654
	Step 50: mean loss = 0.0631
	Step 100: mean loss = 0.0624
	Step 150: mean loss = 0.0618

	Loss on validation set after epoch 6: 0.0597

Epoch 7
	Step 0: mean loss = 0.0604
	Step 50: mean loss = 0.0594
	Step 100: mean loss = 0.0594
	Step 150: mean loss = 0.0590

	Loss on validation set after epoch 7: 0.0596

Epoch 8
	Step 0: mean loss = 0.0601
	Step 50: mean loss = 0.0577
	Step 100: mean loss = 0.0573
	Step 150: mean loss = 0.0571

	Loss on validation set after epoch 8: 0.0565

Epoch 9
	Step 0: mean loss = 0.0546
	Step 50: mean loss = 0.0559
	Step 100: mean loss = 0.0560
	Step 150: mean loss = 0.0556

	Loss on validation set after epoch 9: 0.0570

Epoch 10
	Step 0: mean loss = 0.0600
	Step 50: mean loss = 0.0553
	Step 100: mean loss = 0.0553
	Step 150: mean loss = 0.0550

	Loss on validation set after epoch 10: 0.0542

Epoch 11
	Step 0: mean loss = 0.0566
	Step 50: mean loss = 0.0536
	Step 100: mean loss = 0.0539
	Step 150: mean loss = 0.0538

	Loss on validation set after epoch 11: 0.0527

Epoch 12
	Step 0: mean loss = 0.0538
	Step 50: mean loss = 0.0530
	Step 100: mean loss = 0.0531
	Step 150: mean loss = 0.0532

	Loss on validation set after epoch 12: 0.0522

Epoch 13
	Step 0: mean loss = 0.0471
	Step 50: mean loss = 0.0525
	Step 100: mean loss = 0.0527
	Step 150: mean loss = 0.0524

	Loss on validation set after epoch 13: 0.0516

Epoch 14
	Step 0: mean loss = 0.0552
	Step 50: mean loss = 0.0515
	Step 100: mean loss = 0.0513
	Step 150: mean loss = 0.0512

	Loss on validation set after epoch 14: 0.0495

Epoch 15
	Step 0: mean loss = 0.0533
	Step 50: mean loss = 0.0498
	Step 100: mean loss = 0.0494
	Step 150: mean loss = 0.0490

	Loss on validation set after epoch 15: 0.0506

Epoch 16
	Step 0: mean loss = 0.0513
	Step 50: mean loss = 0.0473
	Step 100: mean loss = 0.0472
	Step 150: mean loss = 0.0467

	Loss on validation set after epoch 16: 0.0462

Epoch 17
	Step 0: mean loss = 0.0468
	Step 50: mean loss = 0.0449
	Step 100: mean loss = 0.0445
	Step 150: mean loss = 0.0441

	Loss on validation set after epoch 17: 0.0424

Epoch 18
	Step 0: mean loss = 0.0404
	Step 50: mean loss = 0.0420
	Step 100: mean loss = 0.0413
	Step 150: mean loss = 0.0399

	Loss on validation set after epoch 18: 0.0366

Epoch 19
	Step 0: mean loss = 0.0376
	Step 50: mean loss = 0.0354
	Step 100: mean loss = 0.0356
	Step 150: mean loss = 0.0353

	Loss on validation set after epoch 19: 0.0340

Epoch 20
	Step 0: mean loss = 0.0338
	Step 50: mean loss = 0.0337
	Step 100: mean loss = 0.0339
	Step 150: mean loss = 0.0337

	Loss on validation set after epoch 20: 0.0331

Epoch 21
	Step 0: mean loss = 0.0338
	Step 50: mean loss = 0.0326
	Step 100: mean loss = 0.0327
	Step 150: mean loss = 0.0325

	Loss on validation set after epoch 21: 0.0335

Epoch 22
	Step 0: mean loss = 0.0330
	Step 50: mean loss = 0.0322
	Step 100: mean loss = 0.0319
	Step 150: mean loss = 0.0321

	Loss on validation set after epoch 22: 0.0317

Epoch 23
	Step 0: mean loss = 0.0321
	Step 50: mean loss = 0.0309
	Step 100: mean loss = 0.0311
	Step 150: mean loss = 0.0310

	Loss on validation set after epoch 23: 0.0301

Epoch 24
	Step 0: mean loss = 0.0290
	Step 50: mean loss = 0.0305
	Step 100: mean loss = 0.0306
	Step 150: mean loss = 0.0305

	Loss on validation set after epoch 24: 0.0299

Epoch 25
	Step 0: mean loss = 0.0316
	Step 50: mean loss = 0.0295
	Step 100: mean loss = 0.0319
	Step 150: mean loss = 0.0315

	Loss on validation set after epoch 25: 0.0293

Epoch 26
	Step 0: mean loss = 0.0264
	Step 50: mean loss = 0.0288
	Step 100: mean loss = 0.0292
	Step 150: mean loss = 0.0291

	Loss on validation set after epoch 26: 0.0282

Epoch 27
	Step 0: mean loss = 0.0301
	Step 50: mean loss = 0.0283
	Step 100: mean loss = 0.0285
	Step 150: mean loss = 0.0284

	Loss on validation set after epoch 27: 0.0288

Epoch 28
	Step 0: mean loss = 0.0318
	Step 50: mean loss = 0.0275
	Step 100: mean loss = 0.0281
	Step 150: mean loss = 0.0280

	Loss on validation set after epoch 28: 0.0281

Epoch 29
	Step 0: mean loss = 0.0313
	Step 50: mean loss = 0.0280
	Step 100: mean loss = 0.0279
	Step 150: mean loss = 0.0277

	Loss on validation set after epoch 29: 0.0276

Epoch 30
	Step 0: mean loss = 0.0237
	Step 50: mean loss = 0.0269
	Step 100: mean loss = 0.0270
	Step 150: mean loss = 0.0270

	Loss on validation set after epoch 30: 0.0281

Epoch 31
	Step 0: mean loss = 0.0248
	Step 50: mean loss = 0.0273
	Step 100: mean loss = 0.0272
	Step 150: mean loss = 0.0271

	Loss on validation set after epoch 31: 0.0265

Epoch 32
	Step 0: mean loss = 0.0254
	Step 50: mean loss = 0.0260
	Step 100: mean loss = 0.0263
	Step 150: mean loss = 0.0261

	Loss on validation set after epoch 32: 0.0287

Epoch 33
	Step 0: mean loss = 0.0268
	Step 50: mean loss = 0.0260
	Step 100: mean loss = 0.0260
	Step 150: mean loss = 0.0261

	Loss on validation set after epoch 33: 0.0272

Epoch 34
	Step 0: mean loss = 0.0292
	Step 50: mean loss = 0.0259
	Step 100: mean loss = 0.0258
	Step 150: mean loss = 0.0256

	Loss on validation set after epoch 34: 0.0264

Epoch 35
	Step 0: mean loss = 0.0303
	Step 50: mean loss = 0.0251
	Step 100: mean loss = 0.0254
	Step 150: mean loss = 0.0257

	Loss on validation set after epoch 35: 0.0256

Epoch 36
	Step 0: mean loss = 0.0254
	Step 50: mean loss = 0.0250
	Step 100: mean loss = 0.0253
	Step 150: mean loss = 0.0251

	Loss on validation set after epoch 36: 0.0252

Epoch 37
	Step 0: mean loss = 0.0251
	Step 50: mean loss = 0.0246
	Step 100: mean loss = 0.0256
	Step 150: mean loss = 0.0256

	Loss on validation set after epoch 37: 0.0254

Epoch 38
	Step 0: mean loss = 0.0238
	Step 50: mean loss = 0.0243
	Step 100: mean loss = 0.0245
	Step 150: mean loss = 0.0245

	Loss on validation set after epoch 38: 0.0261

Epoch 39
	Step 0: mean loss = 0.0249
	Step 50: mean loss = 0.0251
	Step 100: mean loss = 0.0250
	Step 150: mean loss = 0.0248

	Loss on validation set after epoch 39: 0.0242

Epoch 40
	Step 0: mean loss = 0.0276
	Step 50: mean loss = 0.0236
	Step 100: mean loss = 0.0242
	Step 150: mean loss = 0.0242

	Loss on validation set after epoch 40: 0.0241

Epoch 41
	Step 0: mean loss = 0.0267
	Step 50: mean loss = 0.0240
	Step 100: mean loss = 0.0246
	Step 150: mean loss = 0.0246

	Loss on validation set after epoch 41: 0.0318

Epoch 42
	Step 0: mean loss = 0.0296
	Step 50: mean loss = 0.0242
	Step 100: mean loss = 0.0242
	Step 150: mean loss = 0.0241

	Loss on validation set after epoch 42: 0.0250

Epoch 43
	Step 0: mean loss = 0.0250
	Step 50: mean loss = 0.0234
	Step 100: mean loss = 0.0235
	Step 150: mean loss = 0.0236

	Loss on validation set after epoch 43: 0.0247

Epoch 44
	Step 0: mean loss = 0.0247
	Step 50: mean loss = 0.0239
	Step 100: mean loss = 0.0240
	Step 150: mean loss = 0.0238

	Loss on validation set after epoch 44: 0.0229

Epoch 45
	Step 0: mean loss = 0.0208
	Step 50: mean loss = 0.0254
	Step 100: mean loss = 0.0250
	Step 150: mean loss = 0.0245

	Loss on validation set after epoch 45: 0.0239

Epoch 46
	Step 0: mean loss = 0.0216
	Step 50: mean loss = 0.0234
	Step 100: mean loss = 0.0234
	Step 150: mean loss = 0.0234

	Loss on validation set after epoch 46: 0.0240

Epoch 47
	Step 0: mean loss = 0.0211
	Step 50: mean loss = 0.0229
	Step 100: mean loss = 0.0232
	Step 150: mean loss = 0.0231

	Loss on validation set after epoch 47: 0.0237

Epoch 48
	Step 0: mean loss = 0.0244
	Step 50: mean loss = 0.0225
	Step 100: mean loss = 0.0230
	Step 150: mean loss = 0.0231

	Loss on validation set after epoch 48: 0.0239

Epoch 49
	Step 0: mean loss = 0.0277
	Step 50: mean loss = 0.0233
	Step 100: mean loss = 0.0232
	Step 150: mean loss = 0.0232

	Loss on validation set after epoch 49: 0.0235

Epoch 50
	Step 0: mean loss = 0.0222
	Step 50: mean loss = 0.0226
	Step 100: mean loss = 0.0228
	Step 150: mean loss = 0.0228

	Loss on validation set after epoch 50: 0.0242

Epoch 51
	Step 0: mean loss = 0.0275
	Step 50: mean loss = 0.0225
	Step 100: mean loss = 0.0228
	Step 150: mean loss = 0.0229

	Loss on validation set after epoch 51: 0.0233

Epoch 52
	Step 0: mean loss = 0.0237
	Step 50: mean loss = 0.0221
	Step 100: mean loss = 0.0225
	Step 150: mean loss = 0.0225

	Loss on validation set after epoch 52: 0.0232

Epoch 53
	Step 0: mean loss = 0.0226
	Step 50: mean loss = 0.0223
	Step 100: mean loss = 0.0225
	Step 150: mean loss = 0.0224

	Loss on validation set after epoch 53: 0.0225

Epoch 54
	Step 0: mean loss = 0.0224
	Step 50: mean loss = 0.0222
	Step 100: mean loss = 0.0236
	Step 150: mean loss = 0.0240

	Loss on validation set after epoch 54: 0.0242

Epoch 55
	Step 0: mean loss = 0.0216
	Step 50: mean loss = 0.0222
	Step 100: mean loss = 0.0224
	Step 150: mean loss = 0.0224

	Loss on validation set after epoch 55: 0.0226

Epoch 56
	Step 0: mean loss = 0.0235
	Step 50: mean loss = 0.0221
	Step 100: mean loss = 0.0224
	Step 150: mean loss = 0.0224

	Loss on validation set after epoch 56: 0.0258

Epoch 57
	Step 0: mean loss = 0.0241
	Step 50: mean loss = 0.0230
	Step 100: mean loss = 0.0227
	Step 150: mean loss = 0.0225

	Loss on validation set after epoch 57: 0.0219

Epoch 58
	Step 0: mean loss = 0.0211
	Step 50: mean loss = 0.0217
	Step 100: mean loss = 0.0217
	Step 150: mean loss = 0.0218

	Loss on validation set after epoch 58: 0.0224

Epoch 59
	Step 0: mean loss = 0.0205
	Step 50: mean loss = 0.0216
	Step 100: mean loss = 0.0216
	Step 150: mean loss = 0.0217

	Loss on validation set after epoch 59: 0.0226

Epoch 60
	Step 0: mean loss = 0.0209
	Step 50: mean loss = 0.0215
	Step 100: mean loss = 0.0216
	Step 150: mean loss = 0.0217

	Loss on validation set after epoch 60: 0.0214

Epoch 61
	Step 0: mean loss = 0.0249
	Step 50: mean loss = 0.0211
	Step 100: mean loss = 0.0213
	Step 150: mean loss = 0.0213

	Loss on validation set after epoch 61: 0.0257

Epoch 62
	Step 0: mean loss = 0.0249
	Step 50: mean loss = 0.0216
	Step 100: mean loss = 0.0217
	Step 150: mean loss = 0.0217

	Loss on validation set after epoch 62: 0.0268

Epoch 63
	Step 0: mean loss = 0.0264
	Step 50: mean loss = 0.0227
	Step 100: mean loss = 0.0221
	Step 150: mean loss = 0.0217

	Loss on validation set after epoch 63: 0.0210

Epoch 64
	Step 0: mean loss = 0.0221
	Step 50: mean loss = 0.0210
	Step 100: mean loss = 0.0212
	Step 150: mean loss = 0.0210

	Loss on validation set after epoch 64: 0.0205

Epoch 65
	Step 0: mean loss = 0.0195
	Step 50: mean loss = 0.0204
	Step 100: mean loss = 0.0206
	Step 150: mean loss = 0.0206

	Loss on validation set after epoch 65: 0.0214

Epoch 66
	Step 0: mean loss = 0.0211
	Step 50: mean loss = 0.0200
	Step 100: mean loss = 0.0205
	Step 150: mean loss = 0.0204

	Loss on validation set after epoch 66: 0.0201

Epoch 67
	Step 0: mean loss = 0.0219
	Step 50: mean loss = 0.0202
	Step 100: mean loss = 0.0203
	Step 150: mean loss = 0.0204

	Loss on validation set after epoch 67: 0.0197

Epoch 68
	Step 0: mean loss = 0.0198
	Step 50: mean loss = 0.0198
	Step 100: mean loss = 0.0198
	Step 150: mean loss = 0.0198

	Loss on validation set after epoch 68: 0.0197

Epoch 69
	Step 0: mean loss = 0.0211
	Step 50: mean loss = 0.0194
	Step 100: mean loss = 0.0196
	Step 150: mean loss = 0.0195

	Loss on validation set after epoch 69: 0.0198

Epoch 70
	Step 0: mean loss = 0.0178
	Step 50: mean loss = 0.0192
	Step 100: mean loss = 0.0200
	Step 150: mean loss = 0.0202

	Loss on validation set after epoch 70: 0.0192

Epoch 71
	Step 0: mean loss = 0.0202
	Step 50: mean loss = 0.0188
	Step 100: mean loss = 0.0191
	Step 150: mean loss = 0.0190

	Loss on validation set after epoch 71: 0.0195

Epoch 72
	Step 0: mean loss = 0.0191
	Step 50: mean loss = 0.0185
	Step 100: mean loss = 0.0189
	Step 150: mean loss = 0.0188

	Loss on validation set after epoch 72: 0.0213

Epoch 73
	Step 0: mean loss = 0.0212
	Step 50: mean loss = 0.0191
	Step 100: mean loss = 0.0190
	Step 150: mean loss = 0.0187

	Loss on validation set after epoch 73: 0.0185

Epoch 74
	Step 0: mean loss = 0.0207
	Step 50: mean loss = 0.0183
	Step 100: mean loss = 0.0184
	Step 150: mean loss = 0.0183

	Loss on validation set after epoch 74: 0.0182

Epoch 75
	Step 0: mean loss = 0.0180
	Step 50: mean loss = 0.0175
	Step 100: mean loss = 0.0180
	Step 150: mean loss = 0.0180

	Loss on validation set after epoch 75: 0.0183

Epoch 76
	Step 0: mean loss = 0.0170
	Step 50: mean loss = 0.0174
	Step 100: mean loss = 0.0176
	Step 150: mean loss = 0.0177

	Loss on validation set after epoch 76: 0.0178

Epoch 77
	Step 0: mean loss = 0.0156
	Step 50: mean loss = 0.0178
	Step 100: mean loss = 0.0178
	Step 150: mean loss = 0.0177

	Loss on validation set after epoch 77: 0.0173

Epoch 78
	Step 0: mean loss = 0.0164
	Step 50: mean loss = 0.0169
	Step 100: mean loss = 0.0172
	Step 150: mean loss = 0.0175

	Loss on validation set after epoch 78: 0.0177

Epoch 79
	Step 0: mean loss = 0.0168
	Step 50: mean loss = 0.0169
	Step 100: mean loss = 0.0174
	Step 150: mean loss = 0.0174

	Loss on validation set after epoch 79: 0.0174

Epoch 80
	Step 0: mean loss = 0.0160
	Step 50: mean loss = 0.0168
	Step 100: mean loss = 0.0170
	Step 150: mean loss = 0.0169

	Loss on validation set after epoch 80: 0.0170

Epoch 81
	Step 0: mean loss = 0.0165
	Step 50: mean loss = 0.0167
	Step 100: mean loss = 0.0171
	Step 150: mean loss = 0.0172

	Loss on validation set after epoch 81: 0.0172

Epoch 82
	Step 0: mean loss = 0.0149
	Step 50: mean loss = 0.0165
	Step 100: mean loss = 0.0166
	Step 150: mean loss = 0.0166

	Loss on validation set after epoch 82: 0.0165

Epoch 83
	Step 0: mean loss = 0.0170
	Step 50: mean loss = 0.0159
	Step 100: mean loss = 0.0160
	Step 150: mean loss = 0.0160

	Loss on validation set after epoch 83: 0.0167

Epoch 84
	Step 0: mean loss = 0.0176
	Step 50: mean loss = 0.0158
	Step 100: mean loss = 0.0158
	Step 150: mean loss = 0.0160

	Loss on validation set after epoch 84: 0.0160

Epoch 85
	Step 0: mean loss = 0.0162
	Step 50: mean loss = 0.0164
	Step 100: mean loss = 0.0161
	Step 150: mean loss = 0.0160

	Loss on validation set after epoch 85: 0.0161

Epoch 86
	Step 0: mean loss = 0.0165
	Step 50: mean loss = 0.0160
	Step 100: mean loss = 0.0159
	Step 150: mean loss = 0.0159

	Loss on validation set after epoch 86: 0.0160

Epoch 87
	Step 0: mean loss = 0.0151
	Step 50: mean loss = 0.0162
	Step 100: mean loss = 0.0156
	Step 150: mean loss = 0.0155

	Loss on validation set after epoch 87: 0.0162

Epoch 88
	Step 0: mean loss = 0.0147
	Step 50: mean loss = 0.0148
	Step 100: mean loss = 0.0151
	Step 150: mean loss = 0.0152

	Loss on validation set after epoch 88: 0.0170

Epoch 89
	Step 0: mean loss = 0.0137
	Step 50: mean loss = 0.0150
	Step 100: mean loss = 0.0152
	Step 150: mean loss = 0.0151

	Loss on validation set after epoch 89: 0.0163

Epoch 90
	Step 0: mean loss = 0.0141
	Step 50: mean loss = 0.0153
	Step 100: mean loss = 0.0150
	Step 150: mean loss = 0.0149

	Loss on validation set after epoch 90: 0.0151

Epoch 91
	Step 0: mean loss = 0.0172
	Step 50: mean loss = 0.0142
	Step 100: mean loss = 0.0144
	Step 150: mean loss = 0.0143

	Loss on validation set after epoch 91: 0.0149

Epoch 92
	Step 0: mean loss = 0.0140
	Step 50: mean loss = 0.0140
	Step 100: mean loss = 0.0141
	Step 150: mean loss = 0.0141

	Loss on validation set after epoch 92: 0.0143

Epoch 93
	Step 0: mean loss = 0.0147
	Step 50: mean loss = 0.0139
	Step 100: mean loss = 0.0140
	Step 150: mean loss = 0.0139

	Loss on validation set after epoch 93: 0.0150

Epoch 94
	Step 0: mean loss = 0.0155
	Step 50: mean loss = 0.0143
	Step 100: mean loss = 0.0140
	Step 150: mean loss = 0.0140

	Loss on validation set after epoch 94: 0.0143

Epoch 95
	Step 0: mean loss = 0.0181
	Step 50: mean loss = 0.0136
	Step 100: mean loss = 0.0135
	Step 150: mean loss = 0.0134

	Loss on validation set after epoch 95: 0.0141

Epoch 96
	Step 0: mean loss = 0.0115
	Step 50: mean loss = 0.0130
	Step 100: mean loss = 0.0130
	Step 150: mean loss = 0.0130

	Loss on validation set after epoch 96: 0.0139

Epoch 97
	Step 0: mean loss = 0.0124
	Step 50: mean loss = 0.0128
	Step 100: mean loss = 0.0130
	Step 150: mean loss = 0.0129

	Loss on validation set after epoch 97: 0.0131

Epoch 98
	Step 0: mean loss = 0.0108
	Step 50: mean loss = 0.0126
	Step 100: mean loss = 0.0125
	Step 150: mean loss = 0.0125

	Loss on validation set after epoch 98: 0.0130

Epoch 99
	Step 0: mean loss = 0.0135
	Step 50: mean loss = 0.0123
	Step 100: mean loss = 0.0123
	Step 150: mean loss = 0.0123

	Loss on validation set after epoch 99: 0.0126

Epoch 100
	Step 0: mean loss = 0.0114
	Step 50: mean loss = 0.0121
	Step 100: mean loss = 0.0122
	Step 150: mean loss = 0.0122

	Loss on validation set after epoch 100: 0.0134

Epoch 101
	Step 0: mean loss = 0.0132
	Step 50: mean loss = 0.0122
	Step 100: mean loss = 0.0120
	Step 150: mean loss = 0.0119

	Loss on validation set after epoch 101: 0.0122

Epoch 102
	Step 0: mean loss = 0.0120
	Step 50: mean loss = 0.0124
	Step 100: mean loss = 0.0119
	Step 150: mean loss = 0.0118

	Loss on validation set after epoch 102: 0.0119

Epoch 103
	Step 0: mean loss = 0.0112
	Step 50: mean loss = 0.0113
	Step 100: mean loss = 0.0115
	Step 150: mean loss = 0.0115

	Loss on validation set after epoch 103: 0.0118

Epoch 104
	Step 0: mean loss = 0.0110
	Step 50: mean loss = 0.0116
	Step 100: mean loss = 0.0115
	Step 150: mean loss = 0.0113

	Loss on validation set after epoch 104: 0.0112

Epoch 105
	Step 0: mean loss = 0.0105
	Step 50: mean loss = 0.0111
	Step 100: mean loss = 0.0111
	Step 150: mean loss = 0.0111

	Loss on validation set after epoch 105: 0.0113

Epoch 106
	Step 0: mean loss = 0.0107
	Step 50: mean loss = 0.0108
	Step 100: mean loss = 0.0111
	Step 150: mean loss = 0.0110

	Loss on validation set after epoch 106: 0.0121

Epoch 107
	Step 0: mean loss = 0.0104
	Step 50: mean loss = 0.0108
	Step 100: mean loss = 0.0108
	Step 150: mean loss = 0.0107

	Loss on validation set after epoch 107: 0.0115

Epoch 108
	Step 0: mean loss = 0.0088
	Step 50: mean loss = 0.0104
	Step 100: mean loss = 0.0105
	Step 150: mean loss = 0.0106

	Loss on validation set after epoch 108: 0.0111

Epoch 109
	Step 0: mean loss = 0.0120
	Step 50: mean loss = 0.0103
	Step 100: mean loss = 0.0104
	Step 150: mean loss = 0.0103

	Loss on validation set after epoch 109: 0.0107

Epoch 110
	Step 0: mean loss = 0.0096
	Step 50: mean loss = 0.0101
	Step 100: mean loss = 0.0101
	Step 150: mean loss = 0.0101

	Loss on validation set after epoch 110: 0.0109

Epoch 111
	Step 0: mean loss = 0.0120
	Step 50: mean loss = 0.0102
	Step 100: mean loss = 0.0108
	Step 150: mean loss = 0.0106

	Loss on validation set after epoch 111: 0.0109

Epoch 112
	Step 0: mean loss = 0.0086
	Step 50: mean loss = 0.0099
	Step 100: mean loss = 0.0100
	Step 150: mean loss = 0.0100

	Loss on validation set after epoch 112: 0.0101

Epoch 113
	Step 0: mean loss = 0.0113
	Step 50: mean loss = 0.0103
	Step 100: mean loss = 0.0101
	Step 150: mean loss = 0.0100

	Loss on validation set after epoch 113: 0.0097

Epoch 114
	Step 0: mean loss = 0.0082
	Step 50: mean loss = 0.0096
	Step 100: mean loss = 0.0098
	Step 150: mean loss = 0.0098

	Loss on validation set after epoch 114: 0.0098

Epoch 115
	Step 0: mean loss = 0.0107
	Step 50: mean loss = 0.0095
	Step 100: mean loss = 0.0097
	Step 150: mean loss = 0.0097

	Loss on validation set after epoch 115: 0.0100

Epoch 116
	Step 0: mean loss = 0.0116
	Step 50: mean loss = 0.0095
	Step 100: mean loss = 0.0095
	Step 150: mean loss = 0.0095

	Loss on validation set after epoch 116: 0.0098

Epoch 117
	Step 0: mean loss = 0.0093
	Step 50: mean loss = 0.0092
	Step 100: mean loss = 0.0094
	Step 150: mean loss = 0.0093

	Loss on validation set after epoch 117: 0.0099

Epoch 118
	Step 0: mean loss = 0.0085
	Step 50: mean loss = 0.0094
	Step 100: mean loss = 0.0095
	Step 150: mean loss = 0.0093

	Loss on validation set after epoch 118: 0.0097

Epoch 119
	Step 0: mean loss = 0.0091
	Step 50: mean loss = 0.0090
	Step 100: mean loss = 0.0091
	Step 150: mean loss = 0.0091

	Loss on validation set after epoch 119: 0.0094

Epoch 120
	Step 0: mean loss = 0.0090
	Step 50: mean loss = 0.0088
	Step 100: mean loss = 0.0090
	Step 150: mean loss = 0.0090

	Loss on validation set after epoch 120: 0.0094

Epoch 121
	Step 0: mean loss = 0.0097
	Step 50: mean loss = 0.0090
	Step 100: mean loss = 0.0108
	Step 150: mean loss = 0.0102

	Loss on validation set after epoch 121: 0.0094

Epoch 122
	Step 0: mean loss = 0.0082
	Step 50: mean loss = 0.0087
	Step 100: mean loss = 0.0087
	Step 150: mean loss = 0.0087

	Loss on validation set after epoch 122: 0.0092

Epoch 123
	Step 0: mean loss = 0.0085
	Step 50: mean loss = 0.0087
	Step 100: mean loss = 0.0087
	Step 150: mean loss = 0.0086

	Loss on validation set after epoch 123: 0.0093

Epoch 124
	Step 0: mean loss = 0.0073
	Step 50: mean loss = 0.0084
	Step 100: mean loss = 0.0085
	Step 150: mean loss = 0.0084

	Loss on validation set after epoch 124: 0.0086

Epoch 125
	Step 0: mean loss = 0.0090
	Step 50: mean loss = 0.0084
	Step 100: mean loss = 0.0084
	Step 150: mean loss = 0.0084

	Loss on validation set after epoch 125: 0.0090

Epoch 126
	Step 0: mean loss = 0.0111
	Step 50: mean loss = 0.0085
	Step 100: mean loss = 0.0084
	Step 150: mean loss = 0.0084

	Loss on validation set after epoch 126: 0.0085

Epoch 127
	Step 0: mean loss = 0.0096
	Step 50: mean loss = 0.0083
	Step 100: mean loss = 0.0084
	Step 150: mean loss = 0.0083

	Loss on validation set after epoch 127: 0.0094

Epoch 128
	Step 0: mean loss = 0.0093
	Step 50: mean loss = 0.0083
	Step 100: mean loss = 0.0083
	Step 150: mean loss = 0.0082

	Loss on validation set after epoch 128: 0.0083

Epoch 129
	Step 0: mean loss = 0.0092
	Step 50: mean loss = 0.0081
	Step 100: mean loss = 0.0081
	Step 150: mean loss = 0.0081

	Loss on validation set after epoch 129: 0.0084

Epoch 130
	Step 0: mean loss = 0.0093
	Step 50: mean loss = 0.0080
	Step 100: mean loss = 0.0081
	Step 150: mean loss = 0.0080

	Loss on validation set after epoch 130: 0.0084

Epoch 131
	Step 0: mean loss = 0.0079
	Step 50: mean loss = 0.0080
	Step 100: mean loss = 0.0085
	Step 150: mean loss = 0.0083

	Loss on validation set after epoch 131: 0.0081

Epoch 132
	Step 0: mean loss = 0.0097
	Step 50: mean loss = 0.0078
	Step 100: mean loss = 0.0079
	Step 150: mean loss = 0.0079

	Loss on validation set after epoch 132: 0.0082

Epoch 133
	Step 0: mean loss = 0.0097
	Step 50: mean loss = 0.0078
	Step 100: mean loss = 0.0079
	Step 150: mean loss = 0.0078

	Loss on validation set after epoch 133: 0.0080

Epoch 134
	Step 0: mean loss = 0.0073
	Step 50: mean loss = 0.0096
	Step 100: mean loss = 0.0090
	Step 150: mean loss = 0.0085

	Loss on validation set after epoch 134: 0.0078

Epoch 135
	Step 0: mean loss = 0.0072
	Step 50: mean loss = 0.0077
	Step 100: mean loss = 0.0077
	Step 150: mean loss = 0.0076

	Loss on validation set after epoch 135: 0.0079

Epoch 136
	Step 0: mean loss = 0.0065
	Step 50: mean loss = 0.0075
	Step 100: mean loss = 0.0075
	Step 150: mean loss = 0.0075

	Loss on validation set after epoch 136: 0.0080

Epoch 137
	Step 0: mean loss = 0.0068
	Step 50: mean loss = 0.0076
	Step 100: mean loss = 0.0075
	Step 150: mean loss = 0.0074

	Loss on validation set after epoch 137: 0.0078

Epoch 138
	Step 0: mean loss = 0.0066
	Step 50: mean loss = 0.0074
	Step 100: mean loss = 0.0074
	Step 150: mean loss = 0.0073

	Loss on validation set after epoch 138: 0.0077

Epoch 139
	Step 0: mean loss = 0.0069
	Step 50: mean loss = 0.0073
	Step 100: mean loss = 0.0074
	Step 150: mean loss = 0.0073

	Loss on validation set after epoch 139: 0.0074

Epoch 140
	Step 0: mean loss = 0.0086
	Step 50: mean loss = 0.0073
	Step 100: mean loss = 0.0073
	Step 150: mean loss = 0.0073

	Loss on validation set after epoch 140: 0.0074

Epoch 141
	Step 0: mean loss = 0.0074
	Step 50: mean loss = 0.0071
	Step 100: mean loss = 0.0072
	Step 150: mean loss = 0.0071

	Loss on validation set after epoch 141: 0.0077

Epoch 142
	Step 0: mean loss = 0.0062
	Step 50: mean loss = 0.0072
	Step 100: mean loss = 0.0072
	Step 150: mean loss = 0.0071

	Loss on validation set after epoch 142: 0.0096

Epoch 143
	Step 0: mean loss = 0.0088
	Step 50: mean loss = 0.0074
	Step 100: mean loss = 0.0074
	Step 150: mean loss = 0.0072

	Loss on validation set after epoch 143: 0.0075

Epoch 144
	Step 0: mean loss = 0.0069
	Step 50: mean loss = 0.0071
	Step 100: mean loss = 0.0070
	Step 150: mean loss = 0.0070

	Loss on validation set after epoch 144: 0.0071

Epoch 145
	Step 0: mean loss = 0.0079
	Step 50: mean loss = 0.0071
	Step 100: mean loss = 0.0070
	Step 150: mean loss = 0.0070

	Loss on validation set after epoch 145: 0.0076

Epoch 146
	Step 0: mean loss = 0.0079
	Step 50: mean loss = 0.0070
	Step 100: mean loss = 0.0070
	Step 150: mean loss = 0.0069

	Loss on validation set after epoch 146: 0.0070

Epoch 147
	Step 0: mean loss = 0.0073
	Step 50: mean loss = 0.0069
	Step 100: mean loss = 0.0069
	Step 150: mean loss = 0.0068

	Loss on validation set after epoch 147: 0.0072

Epoch 148
	Step 0: mean loss = 0.0072
	Step 50: mean loss = 0.0069
	Step 100: mean loss = 0.0069
	Step 150: mean loss = 0.0068

	Loss on validation set after epoch 148: 0.0077

Epoch 149
	Step 0: mean loss = 0.0073
	Step 50: mean loss = 0.0068
	Step 100: mean loss = 0.0070
	Step 150: mean loss = 0.0069

	Loss on validation set after epoch 149: 0.0074

Epoch 150
	Step 0: mean loss = 0.0067
	Step 50: mean loss = 0.0067
	Step 100: mean loss = 0.0067
	Step 150: mean loss = 0.0067

	Loss on validation set after epoch 150: 0.0067

Epoch 151
	Step 0: mean loss = 0.0074
	Step 50: mean loss = 0.0069
	Step 100: mean loss = 0.0068
	Step 150: mean loss = 0.0067

	Loss on validation set after epoch 151: 0.0068

Epoch 152
	Step 0: mean loss = 0.0063
	Step 50: mean loss = 0.0066
	Step 100: mean loss = 0.0068
	Step 150: mean loss = 0.0068

	Loss on validation set after epoch 152: 0.0073

Epoch 153
	Step 0: mean loss = 0.0068
	Step 50: mean loss = 0.0067
	Step 100: mean loss = 0.0067
	Step 150: mean loss = 0.0066

	Loss on validation set after epoch 153: 0.0067

Epoch 154
	Step 0: mean loss = 0.0076
	Step 50: mean loss = 0.0067
	Step 100: mean loss = 0.0067
	Step 150: mean loss = 0.0066

	Loss on validation set after epoch 154: 0.0090

Epoch 155
	Step 0: mean loss = 0.0096
	Step 50: mean loss = 0.0086
	Step 100: mean loss = 0.0076
	Step 150: mean loss = 0.0072

	Loss on validation set after epoch 155: 0.0067

Epoch 156
	Step 0: mean loss = 0.0077
	Step 50: mean loss = 0.0065
	Step 100: mean loss = 0.0065
	Step 150: mean loss = 0.0065

	Loss on validation set after epoch 156: 0.0067

Epoch 157
	Step 0: mean loss = 0.0084
	Step 50: mean loss = 0.0065
	Step 100: mean loss = 0.0065
	Step 150: mean loss = 0.0064

	Loss on validation set after epoch 157: 0.0068

Epoch 158
	Step 0: mean loss = 0.0063
	Step 50: mean loss = 0.0065
	Step 100: mean loss = 0.0065
	Step 150: mean loss = 0.0064

	Loss on validation set after epoch 158: 0.0067

Epoch 159
	Step 0: mean loss = 0.0068
	Step 50: mean loss = 0.0064
	Step 100: mean loss = 0.0064
	Step 150: mean loss = 0.0063

	Loss on validation set after epoch 159: 0.0070

Epoch 160
	Step 0: mean loss = 0.0084
	Step 50: mean loss = 0.0064
	Step 100: mean loss = 0.0064
	Step 150: mean loss = 0.0063

	Loss on validation set after epoch 160: 0.0066

Epoch 161
	Step 0: mean loss = 0.0077
	Step 50: mean loss = 0.0063
	Step 100: mean loss = 0.0064
	Step 150: mean loss = 0.0063

	Loss on validation set after epoch 161: 0.0065

Epoch 162
	Step 0: mean loss = 0.0076
	Step 50: mean loss = 0.0063
	Step 100: mean loss = 0.0064
	Step 150: mean loss = 0.0063

	Loss on validation set after epoch 162: 0.0068

Epoch 163
	Step 0: mean loss = 0.0062
	Step 50: mean loss = 0.0064
	Step 100: mean loss = 0.0063
	Step 150: mean loss = 0.0063

	Loss on validation set after epoch 163: 0.0069

Epoch 164
	Step 0: mean loss = 0.0060
	Step 50: mean loss = 0.0064
	Step 100: mean loss = 0.0063
	Step 150: mean loss = 0.0062

	Loss on validation set after epoch 164: 0.0064

Epoch 165
	Step 0: mean loss = 0.0053
	Step 50: mean loss = 0.0062
	Step 100: mean loss = 0.0063
	Step 150: mean loss = 0.0062

	Loss on validation set after epoch 165: 0.0064

Epoch 166
	Step 0: mean loss = 0.0087
	Step 50: mean loss = 0.0062
	Step 100: mean loss = 0.0062
	Step 150: mean loss = 0.0061

	Loss on validation set after epoch 166: 0.0064

Epoch 167
	Step 0: mean loss = 0.0056
	Step 50: mean loss = 0.0062
	Step 100: mean loss = 0.0063
	Step 150: mean loss = 0.0061

	Loss on validation set after epoch 167: 0.0063

Epoch 168
	Step 0: mean loss = 0.0066
	Step 50: mean loss = 0.0062
	Step 100: mean loss = 0.0062
	Step 150: mean loss = 0.0061

	Loss on validation set after epoch 168: 0.0063

Epoch 169
	Step 0: mean loss = 0.0067
	Step 50: mean loss = 0.0062
	Step 100: mean loss = 0.0060
	Step 150: mean loss = 0.0060

	Loss on validation set after epoch 169: 0.0062

Epoch 170
	Step 0: mean loss = 0.0060
	Step 50: mean loss = 0.0061
	Step 100: mean loss = 0.0060
	Step 150: mean loss = 0.0060

	Loss on validation set after epoch 170: 0.0064

Epoch 171
	Step 0: mean loss = 0.0059
	Step 50: mean loss = 0.0061
	Step 100: mean loss = 0.0060
	Step 150: mean loss = 0.0059

	Loss on validation set after epoch 171: 0.0063

Epoch 172
	Step 0: mean loss = 0.0058
	Step 50: mean loss = 0.0061
	Step 100: mean loss = 0.0060
	Step 150: mean loss = 0.0059

	Loss on validation set after epoch 172: 0.0065

Epoch 173
	Step 0: mean loss = 0.0075
	Step 50: mean loss = 0.0060
	Step 100: mean loss = 0.0059
	Step 150: mean loss = 0.0059

	Loss on validation set after epoch 173: 0.0063

Epoch 174
	Step 0: mean loss = 0.0066
	Step 50: mean loss = 0.0059
	Step 100: mean loss = 0.0060
	Step 150: mean loss = 0.0059

	Loss on validation set after epoch 174: 0.0059

Epoch 175
	Step 0: mean loss = 0.0054
	Step 50: mean loss = 0.0059
	Step 100: mean loss = 0.0059
	Step 150: mean loss = 0.0059

	Loss on validation set after epoch 175: 0.0060

Epoch 176
	Step 0: mean loss = 0.0056
	Step 50: mean loss = 0.0059
	Step 100: mean loss = 0.0059
	Step 150: mean loss = 0.0058

	Loss on validation set after epoch 176: 0.0059

Epoch 177
	Step 0: mean loss = 0.0055
	Step 50: mean loss = 0.0058
	Step 100: mean loss = 0.0059
	Step 150: mean loss = 0.0058

	Loss on validation set after epoch 177: 0.0063

Epoch 178
	Step 0: mean loss = 0.0058
	Step 50: mean loss = 0.0058
	Step 100: mean loss = 0.0057
	Step 150: mean loss = 0.0057

	Loss on validation set after epoch 178: 0.0064

Epoch 179
	Step 0: mean loss = 0.0070
	Step 50: mean loss = 0.0058
	Step 100: mean loss = 0.0058
	Step 150: mean loss = 0.0057

	Loss on validation set after epoch 179: 0.0059

Epoch 180
	Step 0: mean loss = 0.0069
	Step 50: mean loss = 0.0057
	Step 100: mean loss = 0.0057
	Step 150: mean loss = 0.0056

	Loss on validation set after epoch 180: 0.0058

Epoch 181
	Step 0: mean loss = 0.0050
	Step 50: mean loss = 0.0058
	Step 100: mean loss = 0.0058
	Step 150: mean loss = 0.0057

	Loss on validation set after epoch 181: 0.0058

Epoch 182
	Step 0: mean loss = 0.0057
	Step 50: mean loss = 0.0057
	Step 100: mean loss = 0.0057
	Step 150: mean loss = 0.0056

	Loss on validation set after epoch 182: 0.0060

Epoch 183
	Step 0: mean loss = 0.0047
	Step 50: mean loss = 0.0058
	Step 100: mean loss = 0.0058
	Step 150: mean loss = 0.0056

	Loss on validation set after epoch 183: 0.0057

Epoch 184
	Step 0: mean loss = 0.0047
	Step 50: mean loss = 0.0057
	Step 100: mean loss = 0.0057
	Step 150: mean loss = 0.0056

	Loss on validation set after epoch 184: 0.0060

Epoch 185
	Step 0: mean loss = 0.0064
	Step 50: mean loss = 0.0057
	Step 100: mean loss = 0.0057
	Step 150: mean loss = 0.0059

	Loss on validation set after epoch 185: 0.0082

Epoch 186
	Step 0: mean loss = 0.0078
	Step 50: mean loss = 0.0064
	Step 100: mean loss = 0.0060
	Step 150: mean loss = 0.0058

	Loss on validation set after epoch 186: 0.0056

Epoch 187
	Step 0: mean loss = 0.0044
	Step 50: mean loss = 0.0056
	Step 100: mean loss = 0.0055
	Step 150: mean loss = 0.0054

	Loss on validation set after epoch 187: 0.0056

Epoch 188
	Step 0: mean loss = 0.0074
	Step 50: mean loss = 0.0055
	Step 100: mean loss = 0.0055
	Step 150: mean loss = 0.0054

	Loss on validation set after epoch 188: 0.0055

Epoch 189
	Step 0: mean loss = 0.0051
	Step 50: mean loss = 0.0055
	Step 100: mean loss = 0.0054
	Step 150: mean loss = 0.0053

	Loss on validation set after epoch 189: 0.0055

Epoch 190
	Step 0: mean loss = 0.0053
	Step 50: mean loss = 0.0055
	Step 100: mean loss = 0.0054
	Step 150: mean loss = 0.0053

	Loss on validation set after epoch 190: 0.0055

Epoch 191
	Step 0: mean loss = 0.0046
	Step 50: mean loss = 0.0054
	Step 100: mean loss = 0.0054
	Step 150: mean loss = 0.0053

	Loss on validation set after epoch 191: 0.0056

Epoch 192
	Step 0: mean loss = 0.0049
	Step 50: mean loss = 0.0054
	Step 100: mean loss = 0.0054
	Step 150: mean loss = 0.0053

	Loss on validation set after epoch 192: 0.0057

Epoch 193
	Step 0: mean loss = 0.0049
	Step 50: mean loss = 0.0054
	Step 100: mean loss = 0.0054
	Step 150: mean loss = 0.0053

	Loss on validation set after epoch 193: 0.0056

Epoch 194
	Step 0: mean loss = 0.0067
	Step 50: mean loss = 0.0053
	Step 100: mean loss = 0.0053
	Step 150: mean loss = 0.0053

	Loss on validation set after epoch 194: 0.0061

Epoch 195
	Step 0: mean loss = 0.0046
	Step 50: mean loss = 0.0054
	Step 100: mean loss = 0.0053
	Step 150: mean loss = 0.0052

	Loss on validation set after epoch 195: 0.0056

Epoch 196
	Step 0: mean loss = 0.0054
	Step 50: mean loss = 0.0053
	Step 100: mean loss = 0.0052
	Step 150: mean loss = 0.0051

	Loss on validation set after epoch 196: 0.0055

Epoch 197
	Step 0: mean loss = 0.0056
	Step 50: mean loss = 0.0052
	Step 100: mean loss = 0.0052
	Step 150: mean loss = 0.0052

	Loss on validation set after epoch 197: 0.0057

Epoch 198
	Step 0: mean loss = 0.0054
	Step 50: mean loss = 0.0052
	Step 100: mean loss = 0.0052
	Step 150: mean loss = 0.0051

	Loss on validation set after epoch 198: 0.0058

Epoch 199
	Step 0: mean loss = 0.0065
	Step 50: mean loss = 0.0054
	Step 100: mean loss = 0.0052
	Step 150: mean loss = 0.0051

	Loss on validation set after epoch 199: 0.0054

Epoch 200
	Step 0: mean loss = 0.0057
	Step 50: mean loss = 0.0052
	Step 100: mean loss = 0.0052
	Step 150: mean loss = 0.0051

	Loss on validation set after epoch 200: 0.0054

Epoch 201
	Step 0: mean loss = 0.0067
	Step 50: mean loss = 0.0052
	Step 100: mean loss = 0.0051
	Step 150: mean loss = 0.0051

	Loss on validation set after epoch 201: 0.0054

Epoch 202
	Step 0: mean loss = 0.0052
	Step 50: mean loss = 0.0051
	Step 100: mean loss = 0.0051
	Step 150: mean loss = 0.0050

	Loss on validation set after epoch 202: 0.0057

Epoch 203
	Step 0: mean loss = 0.0054
	Step 50: mean loss = 0.0052
	Step 100: mean loss = 0.0051
	Step 150: mean loss = 0.0050

	Loss on validation set after epoch 203: 0.0055

Epoch 204
	Step 0: mean loss = 0.0070
	Step 50: mean loss = 0.0052
	Step 100: mean loss = 0.0051
	Step 150: mean loss = 0.0051

	Loss on validation set after epoch 204: 0.0054

Epoch 205
	Step 0: mean loss = 0.0047
	Step 50: mean loss = 0.0051
	Step 100: mean loss = 0.0051
	Step 150: mean loss = 0.0050

	Loss on validation set after epoch 205: 0.0052

Epoch 206
	Step 0: mean loss = 0.0054
	Step 50: mean loss = 0.0051
	Step 100: mean loss = 0.0051
	Step 150: mean loss = 0.0050

	Loss on validation set after epoch 206: 0.0056

Epoch 207
	Step 0: mean loss = 0.0047
	Step 50: mean loss = 0.0050
	Step 100: mean loss = 0.0050
	Step 150: mean loss = 0.0049

	Loss on validation set after epoch 207: 0.0053

Epoch 208
	Step 0: mean loss = 0.0052
	Step 50: mean loss = 0.0052
	Step 100: mean loss = 0.0051
	Step 150: mean loss = 0.0050

	Loss on validation set after epoch 208: 0.0052

Epoch 209
	Step 0: mean loss = 0.0047
	Step 50: mean loss = 0.0051
	Step 100: mean loss = 0.0050
	Step 150: mean loss = 0.0049

	Loss on validation set after epoch 209: 0.0057

Epoch 210
	Step 0: mean loss = 0.0047
	Step 50: mean loss = 0.0051
	Step 100: mean loss = 0.0050
	Step 150: mean loss = 0.0049

	Loss on validation set after epoch 210: 0.0052

Epoch 211
	Step 0: mean loss = 0.0056
	Step 50: mean loss = 0.0050
	Step 100: mean loss = 0.0049
	Step 150: mean loss = 0.0048

	Loss on validation set after epoch 211: 0.0051

Epoch 212
	Step 0: mean loss = 0.0053
	Step 50: mean loss = 0.0050
	Step 100: mean loss = 0.0049
	Step 150: mean loss = 0.0048

	Loss on validation set after epoch 212: 0.0052

Epoch 213
	Step 0: mean loss = 0.0056
	Step 50: mean loss = 0.0049
	Step 100: mean loss = 0.0048
	Step 150: mean loss = 0.0048

	Loss on validation set after epoch 213: 0.0049

Epoch 214
	Step 0: mean loss = 0.0039
	Step 50: mean loss = 0.0049
	Step 100: mean loss = 0.0048
	Step 150: mean loss = 0.0048

	Loss on validation set after epoch 214: 0.0050

Epoch 215
	Step 0: mean loss = 0.0043
	Step 50: mean loss = 0.0049
	Step 100: mean loss = 0.0048
	Step 150: mean loss = 0.0048

	Loss on validation set after epoch 215: 0.0052

Epoch 216
	Step 0: mean loss = 0.0054
	Step 50: mean loss = 0.0049
	Step 100: mean loss = 0.0049
	Step 150: mean loss = 0.0048

	Loss on validation set after epoch 216: 0.0050

Epoch 217
	Step 0: mean loss = 0.0067
	Step 50: mean loss = 0.0049
	Step 100: mean loss = 0.0049
	Step 150: mean loss = 0.0048

	Loss on validation set after epoch 217: 0.0051

Epoch 218
	Step 0: mean loss = 0.0045
	Step 50: mean loss = 0.0049
	Step 100: mean loss = 0.0049
	Step 150: mean loss = 0.0048

	Loss on validation set after epoch 218: 0.0052

Epoch 219
	Step 0: mean loss = 0.0045
	Step 50: mean loss = 0.0048
	Step 100: mean loss = 0.0048
	Step 150: mean loss = 0.0047

	Loss on validation set after epoch 219: 0.0052

Epoch 220
	Step 0: mean loss = 0.0059
	Step 50: mean loss = 0.0048
	Step 100: mean loss = 0.0048
	Step 150: mean loss = 0.0047

	Loss on validation set after epoch 220: 0.0050

Epoch 221
	Step 0: mean loss = 0.0050
	Step 50: mean loss = 0.0049
	Step 100: mean loss = 0.0048
	Step 150: mean loss = 0.0047

	Loss on validation set after epoch 221: 0.0057

Epoch 222
	Step 0: mean loss = 0.0054
	Step 50: mean loss = 0.0048
	Step 100: mean loss = 0.0048
	Step 150: mean loss = 0.0047

	Loss on validation set after epoch 222: 0.0048

Epoch 223
	Step 0: mean loss = 0.0066
	Step 50: mean loss = 0.0049
	Step 100: mean loss = 0.0048
	Step 150: mean loss = 0.0047

	Loss on validation set after epoch 223: 0.0048

Epoch 224
	Step 0: mean loss = 0.0053
	Step 50: mean loss = 0.0048
	Step 100: mean loss = 0.0048
	Step 150: mean loss = 0.0047

	Loss on validation set after epoch 224: 0.0055

Epoch 225
	Step 0: mean loss = 0.0064
	Step 50: mean loss = 0.0048
	Step 100: mean loss = 0.0047
	Step 150: mean loss = 0.0046

	Loss on validation set after epoch 225: 0.0050

Epoch 226
	Step 0: mean loss = 0.0036
	Step 50: mean loss = 0.0047
	Step 100: mean loss = 0.0047
	Step 150: mean loss = 0.0046

	Loss on validation set after epoch 226: 0.0051

Epoch 227
	Step 0: mean loss = 0.0056
	Step 50: mean loss = 0.0048
	Step 100: mean loss = 0.0047
	Step 150: mean loss = 0.0046

	Loss on validation set after epoch 227: 0.0047

Epoch 228
	Step 0: mean loss = 0.0045
	Step 50: mean loss = 0.0046
	Step 100: mean loss = 0.0046
	Step 150: mean loss = 0.0046

	Loss on validation set after epoch 228: 0.0050

Epoch 229
	Step 0: mean loss = 0.0049
	Step 50: mean loss = 0.0048
	Step 100: mean loss = 0.0047
	Step 150: mean loss = 0.0046

	Loss on validation set after epoch 229: 0.0049

Epoch 230
	Step 0: mean loss = 0.0042
	Step 50: mean loss = 0.0047
	Step 100: mean loss = 0.0047
	Step 150: mean loss = 0.0046

	Loss on validation set after epoch 230: 0.0048

Epoch 231
	Step 0: mean loss = 0.0057
	Step 50: mean loss = 0.0047
	Step 100: mean loss = 0.0047
	Step 150: mean loss = 0.0046

	Loss on validation set after epoch 231: 0.0049

Epoch 232
	Step 0: mean loss = 0.0040
	Step 50: mean loss = 0.0046
	Step 100: mean loss = 0.0046
	Step 150: mean loss = 0.0045

	Loss on validation set after epoch 232: 0.0049

Epoch 233
	Step 0: mean loss = 0.0050
	Step 50: mean loss = 0.0046
	Step 100: mean loss = 0.0046
	Step 150: mean loss = 0.0045

	Loss on validation set after epoch 233: 0.0049

Epoch 234
	Step 0: mean loss = 0.0042
	Step 50: mean loss = 0.0048
	Step 100: mean loss = 0.0047
	Step 150: mean loss = 0.0046

	Loss on validation set after epoch 234: 0.0049

Epoch 235
	Step 0: mean loss = 0.0050
	Step 50: mean loss = 0.0046
	Step 100: mean loss = 0.0046
	Step 150: mean loss = 0.0045

	Loss on validation set after epoch 235: 0.0047

Epoch 236
	Step 0: mean loss = 0.0044
	Step 50: mean loss = 0.0047
	Step 100: mean loss = 0.0047
	Step 150: mean loss = 0.0046

	Loss on validation set after epoch 236: 0.0047

Epoch 237
	Step 0: mean loss = 0.0048
	Step 50: mean loss = 0.0045
	Step 100: mean loss = 0.0045
	Step 150: mean loss = 0.0045

	Loss on validation set after epoch 237: 0.0049

Model from epoch 227 was selected by early stopping.
Training process will be stopped now.
Deleted temporary files in ../data/trained_models/temp_01-01-19-28-13/
Location of saved model: ../data/trained_models/last_hope_35_01-01-19-28-13/ 

Adding feature wise convolutions with 32 filters per feature, 3 kernels and 1 strides ...
Adding feature wise convolutions with 1 filters per feature, 3 kernels and 1 strides ...
Adding feature based graph attention layer ...
Adding time based graph attention layer ...
Adding GRU layer with 512 units ...
Adding GRU layer with 61 units ...
Adding dense layer to forecasting model with 512 units and ReLu activation ...
Adding dense layer to forecasting model with 256 units and ReLu activation ...
Adding last dense layer to forecasting model with 61 units and sigmoid activation ...
Adding VAE as reconstruction model dimensions 3072 & 1536 ...

Grid search running in anomaly detection model selection mode.
The following hyperparameters will not be evaluated:
relevance_mapping
unaffected_component_threshold
si_mode
si_parameter

Testing 294 combinations via grid search 
for model last_hope_35_01-01-19-28-13/ on the validation dataset. 


Top 50 combinations tested:
      gamma  single_timestamp_a.. affected_timestamp..     AD F1     AD F2    AD TPR   AD Prec    AD ACC    AD TNR    AD FPR  SI/ST AVG-HR@100%  SI/ST AVG-HR@150%  SI/ST AVG-HR@K  SI/ST F1  SI/ST TPR  SI/ST ACC
Comb                                                                                                                                                                                                              
28      0.3                 0.300                  100  0.498084  0.554608  0.600000  0.425764  0.770175  0.810108  0.189892           0.320472           0.389372        0.169231  0.076923   0.076923   0.857988
29      0.3                 0.300                  110  0.497423  0.551114  0.593846  0.427938  0.771930  0.813718  0.186282           0.320472           0.389372        0.169231  0.076923   0.076923   0.857988
30      0.3                 0.300                  120  0.487549  0.535098  0.572308  0.424658  0.771345  0.818051  0.181949           0.320472           0.389372        0.169231  0.076923   0.076923   0.857988
31      0.3                 0.300                  130  0.486056  0.529514  0.563077  0.427570  0.773684  0.823105  0.176895           0.320472           0.389372        0.169231  0.076923   0.076923   0.857988
33      0.3                 0.300                  150  0.482947  0.518150  0.544615  0.433824  0.778363  0.833213  0.166787           0.320472           0.389372        0.169231  0.076923   0.076923   0.857988
32      0.3                 0.300                  140  0.482385  0.519556  0.547692  0.430993  0.776608  0.830325  0.169675           0.320472           0.389372        0.169231  0.076923   0.076923   0.857988
34      0.3                 0.300                  160  0.480663  0.512066  0.535385  0.436090  0.780117  0.837545  0.162455           0.320472           0.389372        0.169231  0.076923   0.076923   0.857988
134     0.5                 0.325                  110  0.472808  0.567697  0.655385  0.369792  0.722222  0.737906  0.262094           0.332477           0.416373        0.160000  0.080000   0.080000   0.858462
133     0.5                 0.325                  100  0.470975  0.569386  0.661538  0.365646  0.717544  0.730686  0.269314           0.332477           0.416373        0.160000  0.080000   0.080000   0.858462
135     0.5                 0.325                  120  0.470056  0.559140  0.640000  0.371429  0.725731  0.745848  0.254152           0.332477           0.416373        0.160000  0.080000   0.080000   0.858462
136     0.5                 0.325                  130  0.468281  0.551031  0.624615  0.374539  0.730409  0.755235  0.244765           0.332477           0.416373        0.160000  0.080000   0.080000   0.858462
137     0.5                 0.325                  140  0.466589  0.544311  0.612308  0.376894  0.733918  0.762455  0.237545           0.332477           0.416373        0.160000  0.080000   0.080000   0.858462
138     0.5                 0.325                  150  0.465006  0.539054  0.603077  0.378378  0.736257  0.767509  0.232491           0.332477           0.416373        0.160000  0.080000   0.080000   0.858462
242     0.7                 0.350                  140  0.464516  0.514286  0.553846  0.400000  0.757310  0.805054  0.194946           0.323236           0.415628        0.163077  0.064615   0.064615   0.856095
243     0.7                 0.350                  150  0.463958  0.509206  0.544615  0.404110  0.760819  0.811552  0.188448           0.323236           0.415628        0.163077  0.064615   0.064615   0.856095
85      0.4                 0.325                  110  0.463816  0.445357  0.433846  0.498233  0.809357  0.897473  0.102527           0.290286           0.365807        0.163077  0.049231   0.049231   0.853728
241     0.7                 0.350                  130  0.463291  0.518414  0.563077  0.393548  0.752047  0.796390  0.203610           0.323236           0.415628        0.163077  0.064615   0.064615   0.856095
84      0.4                 0.325                  100  0.462295  0.444795  0.433846  0.494737  0.808187  0.896029  0.103971           0.290286           0.365807        0.163077  0.049231   0.049231   0.853728
89      0.4                 0.325                  150  0.462069  0.430868  0.412308  0.525490  0.817544  0.912635  0.087365           0.290286           0.365807        0.163077  0.049231   0.049231   0.853728
240     0.7                 0.350                  120  0.461916  0.525433  0.578462  0.384458  0.743860  0.782671  0.217329           0.323236           0.415628        0.163077  0.064615   0.064615   0.856095
83      0.4                 0.300                  160  0.461679  0.610816  0.778462  0.328145  0.654971  0.625993  0.374007           0.340745           0.433545        0.175385  0.095385   0.095385   0.860828
238     0.7                 0.350                  100  0.461538  0.540098  0.609231  0.371482  0.729825  0.758123  0.241877           0.323236           0.415628        0.163077  0.064615   0.064615   0.856095
244     0.7                 0.350                  160  0.461126  0.499709  0.529231  0.408551  0.764912  0.820217  0.179783           0.323236           0.415628        0.163077  0.064615   0.064615   0.856095
87      0.4                 0.325                  130  0.460237  0.434227  0.418462  0.511278  0.813450  0.906137  0.093863           0.290286           0.365807        0.163077  0.049231   0.049231   0.853728
90      0.4                 0.325                  160  0.460208  0.428203  0.409231  0.525692  0.817544  0.913357  0.086643           0.290286           0.365807        0.163077  0.049231   0.049231   0.853728
239     0.7                 0.350                  110  0.459330  0.530094  0.590769  0.375734  0.735673  0.769675  0.230325           0.323236           0.415628        0.163077  0.064615   0.064615   0.856095
88      0.4                 0.325                  140  0.458904  0.429763  0.412308  0.517375  0.815205  0.909747  0.090253           0.290286           0.365807        0.163077  0.049231   0.049231   0.853728
81      0.4                 0.300                  140  0.458633  0.610925  0.784615  0.324015  0.647953  0.615884  0.384116           0.340745           0.433545        0.175385  0.095385   0.095385   0.860828
82      0.4                 0.300                  150  0.457919  0.608173  0.778462  0.324359  0.649708  0.619495  0.380505           0.340745           0.433545        0.175385  0.095385   0.095385   0.860828
139     0.5                 0.325                  160  0.457831  0.526316  0.584615  0.376238  0.736842  0.772563  0.227437           0.332477           0.416373        0.160000  0.080000   0.080000   0.858462
86      0.4                 0.325                  120  0.457143  0.433121  0.418462  0.503704  0.811111  0.903249  0.096751           0.290286           0.365807        0.163077  0.049231   0.049231   0.853728
80      0.4                 0.300                  130  0.456735  0.610687  0.787692  0.321608  0.643860  0.610108  0.389892           0.340745           0.433545        0.175385  0.095385   0.095385   0.860828
78      0.4                 0.300                  110  0.455741  0.614367  0.800000  0.318627  0.636842  0.598556  0.401444           0.340745           0.433545        0.175385  0.095385   0.095385   0.860828
79      0.4                 0.300                  120  0.455270  0.610741  0.790769  0.319652  0.640351  0.605054  0.394946           0.340745           0.433545        0.175385  0.095385   0.095385   0.860828
77      0.4                 0.300                  100  0.454861  0.615891  0.806154  0.316808  0.632749  0.592058  0.407942           0.340745           0.433545        0.175385  0.095385   0.095385   0.860828
27      0.3                 0.275                  160  0.448303  0.633363  0.873846  0.301486  0.591228  0.524910  0.475090           0.356254           0.448674        0.206154  0.123077   0.123077   0.865089
188     0.6                 0.325                  160  0.448155  0.603407  0.784615  0.313653  0.632749  0.597112  0.402888           0.339349           0.443029        0.178462  0.095385   0.095385   0.860828
187     0.6                 0.325                  150  0.447162  0.603774  0.787692  0.312195  0.629825  0.592780  0.407220           0.339349           0.443029        0.178462  0.095385   0.095385   0.860828
26      0.3                 0.275                  150  0.446178  0.633584  0.880000  0.298851  0.584795  0.515523  0.484477           0.356254           0.448674        0.206154  0.123077   0.123077   0.865089
185     0.6                 0.325                  130  0.445392  0.607825  0.803077  0.308146  0.619883  0.576895  0.423105           0.339349           0.443029        0.178462  0.095385   0.095385   0.860828
184     0.6                 0.325                  120  0.444819  0.610546  0.812308  0.306265  0.614620  0.568231  0.431769           0.339349           0.443029        0.178462  0.095385   0.095385   0.860828
186     0.6                 0.325                  140  0.444444  0.603933  0.793846  0.308612  0.622807  0.582671  0.417329           0.339349           0.443029        0.178462  0.095385   0.095385   0.860828
25      0.3                 0.275                  140  0.443586  0.632437  0.883077  0.296182  0.578947  0.507581  0.492419           0.356254           0.448674        0.206154  0.123077   0.123077   0.865089
183     0.6                 0.325                  110  0.443333  0.611494  0.818462  0.304000  0.609357  0.560289  0.439711           0.339349           0.443029        0.178462  0.095385   0.095385   0.860828
24      0.3                 0.275                  130  0.442057  0.632133  0.886154  0.294479  0.574854  0.501805  0.498195           0.356254           0.448674        0.206154  0.123077   0.123077   0.865089
23      0.3                 0.275                  120  0.438023  0.628821  0.886154  0.290909  0.567836  0.493141  0.506859           0.356254           0.448674        0.206154  0.123077   0.123077   0.865089
182     0.6                 0.325                  100  0.437860  0.607306  0.818462  0.298876  0.600585  0.549458  0.450542           0.339349           0.443029        0.178462  0.095385   0.095385   0.860828
22      0.3                 0.275                  110  0.436747  0.629614  0.892308  0.289133  0.562573  0.485199  0.514801           0.356254           0.448674        0.206154  0.123077   0.123077   0.865089
21      0.3                 0.275                  100  0.435041  0.630922  0.901538  0.286693  0.554971  0.473646  0.526354           0.356254           0.448674        0.206154  0.123077   0.123077   0.865089
287     0.8                 0.350                  100  0.434629  0.583768  0.756923  0.304833  0.625731  0.594946  0.405054           0.333919           0.439071        0.163077  0.067692   0.067692   0.856568

Full result output for the best combination:
                 #Examples   TP   FP    TN   FN       ACC       FNR       TNR       FPR       TPR      Prec        F1        F2  AVG # affected
Component                                                                                                                                      
no_failure            1385    0  263  1122    0  0.810108       NaN  0.810108  0.189892       NaN  0.000000       NaN       NaN       65.747292
txt15_i1                 5    5    0     0    0  1.000000  0.000000       NaN       NaN  1.000000  1.000000  1.000000  1.000000      472.000000
txt15_i3                 5    0    0     0    5  0.000000  1.000000       NaN       NaN  0.000000       NaN       NaN       NaN       19.600000
txt15_conveyor           3    3    0     0    0  1.000000  0.000000       NaN       NaN  1.000000  1.000000  1.000000  1.000000      404.000000
txt15_m1               160  128    0     0   32  0.800000  0.200000       NaN       NaN  0.800000  1.000000  0.888889  0.833333      313.212500
txt15_pl                 9    3    0     0    6  0.333333  0.666667       NaN       NaN  0.333333  1.000000  0.500000  0.384615      168.555556
txt16_i3                 4    0    0     0    4  0.000000  1.000000       NaN       NaN  0.000000       NaN       NaN       NaN        0.000000
txt16_conveyor           8    3    0     0    5  0.375000  0.625000       NaN       NaN  0.375000  1.000000  0.545455  0.428571       92.250000
txt16_m3                65   41    0     0   24  0.630769  0.369231       NaN       NaN  0.630769  1.000000  0.773585  0.681063      244.384615
txt16_turntable          2    0    0     0    2  0.000000  1.000000       NaN       NaN  0.000000       NaN       NaN       NaN        4.000000
txt17_i1                16    1    0     0   15  0.062500  0.937500       NaN       NaN  0.062500  1.000000  0.117647  0.076923       27.312500
txt17_pl                14    0    0     0   14  0.000000  1.000000       NaN       NaN  0.000000       NaN       NaN       NaN        4.571429
txt18_pl                28   11    0     0   17  0.392857  0.607143       NaN       NaN  0.392857  1.000000  0.564103  0.447154      112.178571
txt19_i4                 6    0    0     0    6  0.000000  1.000000       NaN       NaN  0.000000       NaN       NaN       NaN        1.166667
combined              1710  195  263  1122  130  0.770175  0.400000  0.810108  0.189892  0.600000  0.425764  0.498084  0.554608       97.450877

                 #Examples   TP   FP    TN   FN       ACC       FNR       TNR       FPR       TPR      Prec        F1        F2  AVG # affected
Component                                                                                                                                      
no_failure            1385    0  263  1122    0  0.810108       NaN  0.810108  0.189892       NaN  0.000000       NaN       NaN       65.747292
txt15_i1                 5    5    0     0    0  1.000000  0.000000       NaN       NaN  1.000000  1.000000  1.000000  1.000000      472.000000
txt15_i3                 5    0    0     0    5  0.000000  1.000000       NaN       NaN  0.000000       NaN       NaN       NaN       19.600000
txt15_conveyor           3    3    0     0    0  1.000000  0.000000       NaN       NaN  1.000000  1.000000  1.000000  1.000000      404.000000
txt15_m1               160  128    0     0   32  0.800000  0.200000       NaN       NaN  0.800000  1.000000  0.888889  0.833333      313.212500
txt15_pl                 9    3    0     0    6  0.333333  0.666667       NaN       NaN  0.333333  1.000000  0.500000  0.384615      168.555556
txt16_i3                 4    0    0     0    4  0.000000  1.000000       NaN       NaN  0.000000       NaN       NaN       NaN        0.000000
txt16_conveyor           8    3    0     0    5  0.375000  0.625000       NaN       NaN  0.375000  1.000000  0.545455  0.428571       92.250000
txt16_m3                65   41    0     0   24  0.630769  0.369231       NaN       NaN  0.630769  1.000000  0.773585  0.681063      244.384615
txt16_turntable          2    0    0     0    2  0.000000  1.000000       NaN       NaN  0.000000       NaN       NaN       NaN        4.000000
txt17_i1                16    1    0     0   15  0.062500  0.937500       NaN       NaN  0.062500  1.000000  0.117647  0.076923       27.312500
txt17_pl                14    0    0     0   14  0.000000  1.000000       NaN       NaN  0.000000       NaN       NaN       NaN        4.571429
txt18_pl                28   11    0     0   17  0.392857  0.607143       NaN       NaN  0.392857  1.000000  0.564103  0.447154      112.178571
txt19_i4                 6    0    0     0    6  0.000000  1.000000       NaN       NaN  0.000000       NaN       NaN       NaN        1.166667
combined              1710  195  263  1122  130  0.770175  0.400000  0.810108  0.189892  0.600000  0.425764  0.498084  0.554608       97.450877

Execution time: 7812.475599650061
