
Dataset loaded:
Shape of training set (example, time, channels): (20812, 500, 61)
Shape of test set (example, time, channels): (3989, 500, 61)
Shape of train validation set (example, time, channels): (2313, 500, 61)
Shape of test validation set (example, time, channels): (1710, 500, 61)
Num of classes in all: 25

Creating model based on ../configuration/hyperparameter_combinations/last_hope_106.json hyperparameter file 

Adding feature wise convolutions with 32 filters per feature, 3 kernels and 1 strides ...
Adding feature wise convolutions with 1 filters per feature, 3 kernels and 1 strides ...
Adding feature based graph attention layer ...
Adding time based graph attention layer ...
Adding GRU layer with 256 units ...
Adding GRU layer with 61 units ...
Adding GRU AE as reconstruction model ...
Adding dense layer to forecasting model with 512 units and ReLu activation ...
Adding dense layer to forecasting model with 256 units and ReLu activation ...
Adding last dense layer to forecasting model with 61 units and sigmoid activation ...
VAE reconstructs the output of the gru layer.

Epoch 0
	Step 0: mean loss = 0.2199
	Step 50: mean loss = 0.2012
	Step 100: mean loss = 0.1416
	Step 150: mean loss = 0.1181

	Loss on validation set after epoch 0: 0.0701

Epoch 1
	Step 0: mean loss = 0.0677
	Step 50: mean loss = 0.0699
	Step 100: mean loss = 0.0702
	Step 150: mean loss = 0.0702

	Loss on validation set after epoch 1: 0.0700

Epoch 2
	Step 0: mean loss = 0.0687
	Step 50: mean loss = 0.0700
	Step 100: mean loss = 0.0701
	Step 150: mean loss = 0.0701

	Loss on validation set after epoch 2: 0.0704

Epoch 3
	Step 0: mean loss = 0.0717
	Step 50: mean loss = 0.0701
	Step 100: mean loss = 0.0701
	Step 150: mean loss = 0.0701

	Loss on validation set after epoch 3: 0.0695

Epoch 4
	Step 0: mean loss = 0.0679
	Step 50: mean loss = 0.0696
	Step 100: mean loss = 0.0691
	Step 150: mean loss = 0.0683

	Loss on validation set after epoch 4: 0.0658

Epoch 5
	Step 0: mean loss = 0.0644
	Step 50: mean loss = 0.0650
	Step 100: mean loss = 0.0649
	Step 150: mean loss = 0.0647

	Loss on validation set after epoch 5: 0.0651

Epoch 6
	Step 0: mean loss = 0.0672
	Step 50: mean loss = 0.0641
	Step 100: mean loss = 0.0640
	Step 150: mean loss = 0.0641

	Loss on validation set after epoch 6: 0.0634

Epoch 7
	Step 0: mean loss = 0.0616
	Step 50: mean loss = 0.0635
	Step 100: mean loss = 0.0636
	Step 150: mean loss = 0.0634

	Loss on validation set after epoch 7: 0.0624

Epoch 8
	Step 0: mean loss = 0.0610
	Step 50: mean loss = 0.0594
	Step 100: mean loss = 0.0567
	Step 150: mean loss = 0.0547

	Loss on validation set after epoch 8: 0.0486

Epoch 9
	Step 0: mean loss = 0.0441
	Step 50: mean loss = 0.0468
	Step 100: mean loss = 0.0463
	Step 150: mean loss = 0.0456

	Loss on validation set after epoch 9: 0.0434

Epoch 10
	Step 0: mean loss = 0.0414
	Step 50: mean loss = 0.0424
	Step 100: mean loss = 0.0418
	Step 150: mean loss = 0.0412

	Loss on validation set after epoch 10: 0.0386

Epoch 11
	Step 0: mean loss = 0.0404
	Step 50: mean loss = 0.0372
	Step 100: mean loss = 0.0364
	Step 150: mean loss = 0.0357

	Loss on validation set after epoch 11: 0.0332

Epoch 12
	Step 0: mean loss = 0.0302
	Step 50: mean loss = 0.0323
	Step 100: mean loss = 0.0319
	Step 150: mean loss = 0.0315

	Loss on validation set after epoch 12: 0.0296

Epoch 13
	Step 0: mean loss = 0.0277
	Step 50: mean loss = 0.0287
	Step 100: mean loss = 0.0286
	Step 150: mean loss = 0.0284

	Loss on validation set after epoch 13: 0.0268

Epoch 14
	Step 0: mean loss = 0.0238
	Step 50: mean loss = 0.0258
	Step 100: mean loss = 0.0256
	Step 150: mean loss = 0.0253

	Loss on validation set after epoch 14: 0.0242

Epoch 15
	Step 0: mean loss = 0.0274
	Step 50: mean loss = 0.0230
	Step 100: mean loss = 0.0230
	Step 150: mean loss = 0.0228

	Loss on validation set after epoch 15: 0.0219

Epoch 16
	Step 0: mean loss = 0.0212
	Step 50: mean loss = 0.0214
	Step 100: mean loss = 0.0212
	Step 150: mean loss = 0.0211

	Loss on validation set after epoch 16: 0.0204

Epoch 17
	Step 0: mean loss = 0.0212
	Step 50: mean loss = 0.0199
	Step 100: mean loss = 0.0200
	Step 150: mean loss = 0.0198

	Loss on validation set after epoch 17: 0.0188

Epoch 18
	Step 0: mean loss = 0.0193
	Step 50: mean loss = 0.0188
	Step 100: mean loss = 0.0189
	Step 150: mean loss = 0.0188

	Loss on validation set after epoch 18: 0.0182

Epoch 19
	Step 0: mean loss = 0.0190
	Step 50: mean loss = 0.0177
	Step 100: mean loss = 0.0180
	Step 150: mean loss = 0.0179

	Loss on validation set after epoch 19: 0.0185

Epoch 20
	Step 0: mean loss = 0.0153
	Step 50: mean loss = 0.0172
	Step 100: mean loss = 0.0174
	Step 150: mean loss = 0.0173

	Loss on validation set after epoch 20: 0.0171

Epoch 21
	Step 0: mean loss = 0.0207
	Step 50: mean loss = 0.0166
	Step 100: mean loss = 0.0167
	Step 150: mean loss = 0.0168

	Loss on validation set after epoch 21: 0.0164

Epoch 22
	Step 0: mean loss = 0.0157
	Step 50: mean loss = 0.0161
	Step 100: mean loss = 0.0161
	Step 150: mean loss = 0.0161

	Loss on validation set after epoch 22: 0.0162

Epoch 23
	Step 0: mean loss = 0.0152
	Step 50: mean loss = 0.0155
	Step 100: mean loss = 0.0156
	Step 150: mean loss = 0.0156

	Loss on validation set after epoch 23: 0.0152

Epoch 24
	Step 0: mean loss = 0.0165
	Step 50: mean loss = 0.0149
	Step 100: mean loss = 0.0150
	Step 150: mean loss = 0.0150

	Loss on validation set after epoch 24: 0.0146

Epoch 25
	Step 0: mean loss = 0.0158
	Step 50: mean loss = 0.0144
	Step 100: mean loss = 0.0144
	Step 150: mean loss = 0.0145

	Loss on validation set after epoch 25: 0.0142

Epoch 26
	Step 0: mean loss = 0.0139
	Step 50: mean loss = 0.0137
	Step 100: mean loss = 0.0138
	Step 150: mean loss = 0.0138

	Loss on validation set after epoch 26: 0.0140

Epoch 27
	Step 0: mean loss = 0.0135
	Step 50: mean loss = 0.0132
	Step 100: mean loss = 0.0133
	Step 150: mean loss = 0.0132

	Loss on validation set after epoch 27: 0.0135

Epoch 28
	Step 0: mean loss = 0.0152
	Step 50: mean loss = 0.0128
	Step 100: mean loss = 0.0129
	Step 150: mean loss = 0.0129

	Loss on validation set after epoch 28: 0.0128

Epoch 29
	Step 0: mean loss = 0.0117
	Step 50: mean loss = 0.0122
	Step 100: mean loss = 0.0120
	Step 150: mean loss = 0.0118

	Loss on validation set after epoch 29: 0.0113

Epoch 30
	Step 0: mean loss = 0.0117
	Step 50: mean loss = 0.0112
	Step 100: mean loss = 0.0112
	Step 150: mean loss = 0.0111

	Loss on validation set after epoch 30: 0.0111

Epoch 31
	Step 0: mean loss = 0.0085
	Step 50: mean loss = 0.0108
	Step 100: mean loss = 0.0107
	Step 150: mean loss = 0.0106

	Loss on validation set after epoch 31: 0.0108

Epoch 32
	Step 0: mean loss = 0.0105
	Step 50: mean loss = 0.0102
	Step 100: mean loss = 0.0101
	Step 150: mean loss = 0.0101

	Loss on validation set after epoch 32: 0.0103

Epoch 33
	Step 0: mean loss = 0.0096
	Step 50: mean loss = 0.0098
	Step 100: mean loss = 0.0097
	Step 150: mean loss = 0.0097

	Loss on validation set after epoch 33: 0.0096

Epoch 34
	Step 0: mean loss = 0.0093
	Step 50: mean loss = 0.0095
	Step 100: mean loss = 0.0094
	Step 150: mean loss = 0.0094

	Loss on validation set after epoch 34: 0.0090

Epoch 35
	Step 0: mean loss = 0.0097
	Step 50: mean loss = 0.0090
	Step 100: mean loss = 0.0089
	Step 150: mean loss = 0.0089

	Loss on validation set after epoch 35: 0.0089

Epoch 36
	Step 0: mean loss = 0.0088
	Step 50: mean loss = 0.0085
	Step 100: mean loss = 0.0085
	Step 150: mean loss = 0.0085

	Loss on validation set after epoch 36: 0.0086

Epoch 37
	Step 0: mean loss = 0.0092
	Step 50: mean loss = 0.0082
	Step 100: mean loss = 0.0083
	Step 150: mean loss = 0.0082

	Loss on validation set after epoch 37: 0.0080

Epoch 38
	Step 0: mean loss = 0.0080
	Step 50: mean loss = 0.0079
	Step 100: mean loss = 0.0079
	Step 150: mean loss = 0.0079

	Loss on validation set after epoch 38: 0.0083

Epoch 39
	Step 0: mean loss = 0.0091
	Step 50: mean loss = 0.0077
	Step 100: mean loss = 0.0077
	Step 150: mean loss = 0.0077

	Loss on validation set after epoch 39: 0.0082

Epoch 40
	Step 0: mean loss = 0.0082
	Step 50: mean loss = 0.0075
	Step 100: mean loss = 0.0074
	Step 150: mean loss = 0.0076

	Loss on validation set after epoch 40: 0.0078

Epoch 41
	Step 0: mean loss = 0.0066
	Step 50: mean loss = 0.0074
	Step 100: mean loss = 0.0074
	Step 150: mean loss = 0.0074

	Loss on validation set after epoch 41: 0.0072

Epoch 42
	Step 0: mean loss = 0.0083
	Step 50: mean loss = 0.0072
	Step 100: mean loss = 0.0072
	Step 150: mean loss = 0.0071

	Loss on validation set after epoch 42: 0.0075

Epoch 43
	Step 0: mean loss = 0.0060
	Step 50: mean loss = 0.0070
	Step 100: mean loss = 0.0070
	Step 150: mean loss = 0.0070

	Loss on validation set after epoch 43: 0.0073

Epoch 44
	Step 0: mean loss = 0.0067
	Step 50: mean loss = 0.0069
	Step 100: mean loss = 0.0069
	Step 150: mean loss = 0.0069

	Loss on validation set after epoch 44: 0.0072

Epoch 45
	Step 0: mean loss = 0.0070
	Step 50: mean loss = 0.0068
	Step 100: mean loss = 0.0067
	Step 150: mean loss = 0.0067

	Loss on validation set after epoch 45: 0.0073

Epoch 46
	Step 0: mean loss = 0.0066
	Step 50: mean loss = 0.0071
	Step 100: mean loss = 0.0070
	Step 150: mean loss = 0.0069

	Loss on validation set after epoch 46: 0.0067

Epoch 47
	Step 0: mean loss = 0.0051
	Step 50: mean loss = 0.0066
	Step 100: mean loss = 0.0066
	Step 150: mean loss = 0.0066

	Loss on validation set after epoch 47: 0.0067

Epoch 48
	Step 0: mean loss = 0.0058
	Step 50: mean loss = 0.0065
	Step 100: mean loss = 0.0066
	Step 150: mean loss = 0.0065

	Loss on validation set after epoch 48: 0.0068

Epoch 49
	Step 0: mean loss = 0.0075
	Step 50: mean loss = 0.0063
	Step 100: mean loss = 0.0064
	Step 150: mean loss = 0.0064

	Loss on validation set after epoch 49: 0.0064

Epoch 50
	Step 0: mean loss = 0.0074
	Step 50: mean loss = 0.0062
	Step 100: mean loss = 0.0063
	Step 150: mean loss = 0.0063

	Loss on validation set after epoch 50: 0.0067

Epoch 51
	Step 0: mean loss = 0.0056
	Step 50: mean loss = 0.0062
	Step 100: mean loss = 0.0063
	Step 150: mean loss = 0.0062

	Loss on validation set after epoch 51: 0.0063

Epoch 52
	Step 0: mean loss = 0.0064
	Step 50: mean loss = 0.0062
	Step 100: mean loss = 0.0064
	Step 150: mean loss = 0.0064

	Loss on validation set after epoch 52: 0.0066

Epoch 53
	Step 0: mean loss = 0.0054
	Step 50: mean loss = 0.0062
	Step 100: mean loss = 0.0062
	Step 150: mean loss = 0.0062

	Loss on validation set after epoch 53: 0.0062

Epoch 54
	Step 0: mean loss = 0.0078
	Step 50: mean loss = 0.0061
	Step 100: mean loss = 0.0061
	Step 150: mean loss = 0.0060

	Loss on validation set after epoch 54: 0.0065

Epoch 55
	Step 0: mean loss = 0.0061
	Step 50: mean loss = 0.0060
	Step 100: mean loss = 0.0059
	Step 150: mean loss = 0.0059

	Loss on validation set after epoch 55: 0.0061

Epoch 56
	Step 0: mean loss = 0.0045
	Step 50: mean loss = 0.0058
	Step 100: mean loss = 0.0058
	Step 150: mean loss = 0.0057

	Loss on validation set after epoch 56: 0.0058

Epoch 57
	Step 0: mean loss = 0.0060
	Step 50: mean loss = 0.0055
	Step 100: mean loss = 0.0055
	Step 150: mean loss = 0.0055

	Loss on validation set after epoch 57: 0.0057

Epoch 58
	Step 0: mean loss = 0.0066
	Step 50: mean loss = 0.0054
	Step 100: mean loss = 0.0054
	Step 150: mean loss = 0.0054

	Loss on validation set after epoch 58: 0.0054

Epoch 59
	Step 0: mean loss = 0.0047
	Step 50: mean loss = 0.0052
	Step 100: mean loss = 0.0053
	Step 150: mean loss = 0.0052

	Loss on validation set after epoch 59: 0.0052

Epoch 60
	Step 0: mean loss = 0.0064
	Step 50: mean loss = 0.0051
	Step 100: mean loss = 0.0052
	Step 150: mean loss = 0.0052

	Loss on validation set after epoch 60: 0.0053

Epoch 61
	Step 0: mean loss = 0.0054
	Step 50: mean loss = 0.0050
	Step 100: mean loss = 0.0052
	Step 150: mean loss = 0.0051

	Loss on validation set after epoch 61: 0.0051

Epoch 62
	Step 0: mean loss = 0.0056
	Step 50: mean loss = 0.0049
	Step 100: mean loss = 0.0049
	Step 150: mean loss = 0.0049

	Loss on validation set after epoch 62: 0.0050

Epoch 63
	Step 0: mean loss = 0.0057
	Step 50: mean loss = 0.0049
	Step 100: mean loss = 0.0049
	Step 150: mean loss = 0.0050

	Loss on validation set after epoch 63: 0.0050

Epoch 64
	Step 0: mean loss = 0.0068
	Step 50: mean loss = 0.0048
	Step 100: mean loss = 0.0049
	Step 150: mean loss = 0.0049

	Loss on validation set after epoch 64: 0.0051

Epoch 65
	Step 0: mean loss = 0.0050
	Step 50: mean loss = 0.0047
	Step 100: mean loss = 0.0048
	Step 150: mean loss = 0.0048

	Loss on validation set after epoch 65: 0.0053

Epoch 66
	Step 0: mean loss = 0.0058
	Step 50: mean loss = 0.0047
	Step 100: mean loss = 0.0047
	Step 150: mean loss = 0.0047

	Loss on validation set after epoch 66: 0.0048

Epoch 67
	Step 0: mean loss = 0.0056
	Step 50: mean loss = 0.0046
	Step 100: mean loss = 0.0047
	Step 150: mean loss = 0.0047

	Loss on validation set after epoch 67: 0.0053

Epoch 68
	Step 0: mean loss = 0.0038
	Step 50: mean loss = 0.0047
	Step 100: mean loss = 0.0047
	Step 150: mean loss = 0.0047

	Loss on validation set after epoch 68: 0.0048

Epoch 69
	Step 0: mean loss = 0.0048
	Step 50: mean loss = 0.0046
	Step 100: mean loss = 0.0046
	Step 150: mean loss = 0.0046

	Loss on validation set after epoch 69: 0.0046

Epoch 70
	Step 0: mean loss = 0.0041
	Step 50: mean loss = 0.0048
	Step 100: mean loss = 0.0047
	Step 150: mean loss = 0.0047

	Loss on validation set after epoch 70: 0.0048

Epoch 71
	Step 0: mean loss = 0.0043
	Step 50: mean loss = 0.0045
	Step 100: mean loss = 0.0046
	Step 150: mean loss = 0.0045

	Loss on validation set after epoch 71: 0.0044

Epoch 72
	Step 0: mean loss = 0.0038
	Step 50: mean loss = 0.0043
	Step 100: mean loss = 0.0045
	Step 150: mean loss = 0.0045

	Loss on validation set after epoch 72: 0.0047

Epoch 73
	Step 0: mean loss = 0.0056
	Step 50: mean loss = 0.0044
	Step 100: mean loss = 0.0045
	Step 150: mean loss = 0.0044

	Loss on validation set after epoch 73: 0.0047

Epoch 74
	Step 0: mean loss = 0.0035
	Step 50: mean loss = 0.0044
	Step 100: mean loss = 0.0045
	Step 150: mean loss = 0.0044

	Loss on validation set after epoch 74: 0.0045

Epoch 75
	Step 0: mean loss = 0.0041
	Step 50: mean loss = 0.0043
	Step 100: mean loss = 0.0044
	Step 150: mean loss = 0.0045

	Loss on validation set after epoch 75: 0.0047

Epoch 76
	Step 0: mean loss = 0.0049
	Step 50: mean loss = 0.0045
	Step 100: mean loss = 0.0045
	Step 150: mean loss = 0.0045

	Loss on validation set after epoch 76: 0.0048

Epoch 77
	Step 0: mean loss = 0.0070
	Step 50: mean loss = 0.0044
	Step 100: mean loss = 0.0044
	Step 150: mean loss = 0.0044

	Loss on validation set after epoch 77: 0.0045

Epoch 78
	Step 0: mean loss = 0.0057
	Step 50: mean loss = 0.0043
	Step 100: mean loss = 0.0044
	Step 150: mean loss = 0.0043

	Loss on validation set after epoch 78: 0.0045

Epoch 79
	Step 0: mean loss = 0.0042
	Step 50: mean loss = 0.0042
	Step 100: mean loss = 0.0043
	Step 150: mean loss = 0.0043

	Loss on validation set after epoch 79: 0.0045

Epoch 80
	Step 0: mean loss = 0.0051
	Step 50: mean loss = 0.0042
	Step 100: mean loss = 0.0042
	Step 150: mean loss = 0.0042

	Loss on validation set after epoch 80: 0.0046

Epoch 81
	Step 0: mean loss = 0.0033
	Step 50: mean loss = 0.0041
	Step 100: mean loss = 0.0042
	Step 150: mean loss = 0.0041

	Loss on validation set after epoch 81: 0.0044

Epoch 82
	Step 0: mean loss = 0.0041
	Step 50: mean loss = 0.0041
	Step 100: mean loss = 0.0041
	Step 150: mean loss = 0.0041

	Loss on validation set after epoch 82: 0.0042

Epoch 83
	Step 0: mean loss = 0.0050
	Step 50: mean loss = 0.0040
	Step 100: mean loss = 0.0041
	Step 150: mean loss = 0.0041

	Loss on validation set after epoch 83: 0.0044

Epoch 84
	Step 0: mean loss = 0.0034
	Step 50: mean loss = 0.0040
	Step 100: mean loss = 0.0041
	Step 150: mean loss = 0.0040

	Loss on validation set after epoch 84: 0.0044

Epoch 85
	Step 0: mean loss = 0.0031
	Step 50: mean loss = 0.0040
	Step 100: mean loss = 0.0040
	Step 150: mean loss = 0.0040

	Loss on validation set after epoch 85: 0.0044

Epoch 86
	Step 0: mean loss = 0.0046
	Step 50: mean loss = 0.0039
	Step 100: mean loss = 0.0040
	Step 150: mean loss = 0.0040

	Loss on validation set after epoch 86: 0.0040

Epoch 87
	Step 0: mean loss = 0.0040
	Step 50: mean loss = 0.0039
	Step 100: mean loss = 0.0039
	Step 150: mean loss = 0.0039

	Loss on validation set after epoch 87: 0.0043

Epoch 88
	Step 0: mean loss = 0.0046
	Step 50: mean loss = 0.0038
	Step 100: mean loss = 0.0039
	Step 150: mean loss = 0.0038

	Loss on validation set after epoch 88: 0.0042

Epoch 89
	Step 0: mean loss = 0.0055
	Step 50: mean loss = 0.0038
	Step 100: mean loss = 0.0038
	Step 150: mean loss = 0.0038

	Loss on validation set after epoch 89: 0.0039

Epoch 90
	Step 0: mean loss = 0.0050
	Step 50: mean loss = 0.0037
	Step 100: mean loss = 0.0038
	Step 150: mean loss = 0.0038

	Loss on validation set after epoch 90: 0.0039

Epoch 91
	Step 0: mean loss = 0.0032
	Step 50: mean loss = 0.0037
	Step 100: mean loss = 0.0037
	Step 150: mean loss = 0.0037

	Loss on validation set after epoch 91: 0.0038

Epoch 92
	Step 0: mean loss = 0.0043
	Step 50: mean loss = 0.0036
	Step 100: mean loss = 0.0038
	Step 150: mean loss = 0.0037

	Loss on validation set after epoch 92: 0.0037

Epoch 93
	Step 0: mean loss = 0.0029
	Step 50: mean loss = 0.0037
	Step 100: mean loss = 0.0037
	Step 150: mean loss = 0.0037

	Loss on validation set after epoch 93: 0.0039

Epoch 94
	Step 0: mean loss = 0.0033
	Step 50: mean loss = 0.0036
	Step 100: mean loss = 0.0037
	Step 150: mean loss = 0.0036

	Loss on validation set after epoch 94: 0.0041

Epoch 95
	Step 0: mean loss = 0.0045
	Step 50: mean loss = 0.0036
	Step 100: mean loss = 0.0037
	Step 150: mean loss = 0.0037

	Loss on validation set after epoch 95: 0.0037

Epoch 96
	Step 0: mean loss = 0.0046
	Step 50: mean loss = 0.0036
	Step 100: mean loss = 0.0036
	Step 150: mean loss = 0.0036

	Loss on validation set after epoch 96: 0.0037

Epoch 97
	Step 0: mean loss = 0.0042
	Step 50: mean loss = 0.0034
	Step 100: mean loss = 0.0036
	Step 150: mean loss = 0.0036

	Loss on validation set after epoch 97: 0.0037

Epoch 98
	Step 0: mean loss = 0.0031
	Step 50: mean loss = 0.0035
	Step 100: mean loss = 0.0036
	Step 150: mean loss = 0.0036

	Loss on validation set after epoch 98: 0.0036

Epoch 99
	Step 0: mean loss = 0.0044
	Step 50: mean loss = 0.0037
	Step 100: mean loss = 0.0038
	Step 150: mean loss = 0.0037

	Loss on validation set after epoch 99: 0.0037

Epoch 100
	Step 0: mean loss = 0.0031
	Step 50: mean loss = 0.0035
	Step 100: mean loss = 0.0036
	Step 150: mean loss = 0.0036

	Loss on validation set after epoch 100: 0.0037

Epoch 101
	Step 0: mean loss = 0.0040
	Step 50: mean loss = 0.0034
	Step 100: mean loss = 0.0035
	Step 150: mean loss = 0.0035

	Loss on validation set after epoch 101: 0.0036

Epoch 102
	Step 0: mean loss = 0.0033
	Step 50: mean loss = 0.0034
	Step 100: mean loss = 0.0035
	Step 150: mean loss = 0.0035

	Loss on validation set after epoch 102: 0.0036

Epoch 103
	Step 0: mean loss = 0.0025
	Step 50: mean loss = 0.0034
	Step 100: mean loss = 0.0035
	Step 150: mean loss = 0.0034

	Loss on validation set after epoch 103: 0.0035

Epoch 104
	Step 0: mean loss = 0.0031
	Step 50: mean loss = 0.0033
	Step 100: mean loss = 0.0034
	Step 150: mean loss = 0.0034

	Loss on validation set after epoch 104: 0.0039

Epoch 105
	Step 0: mean loss = 0.0031
	Step 50: mean loss = 0.0034
	Step 100: mean loss = 0.0034
	Step 150: mean loss = 0.0034

	Loss on validation set after epoch 105: 0.0036

Epoch 106
	Step 0: mean loss = 0.0025
	Step 50: mean loss = 0.0032
	Step 100: mean loss = 0.0033
	Step 150: mean loss = 0.0033

	Loss on validation set after epoch 106: 0.0034

Epoch 107
	Step 0: mean loss = 0.0048
	Step 50: mean loss = 0.0032
	Step 100: mean loss = 0.0033
	Step 150: mean loss = 0.0033

	Loss on validation set after epoch 107: 0.0036

Epoch 108
	Step 0: mean loss = 0.0037
	Step 50: mean loss = 0.0032
	Step 100: mean loss = 0.0033
	Step 150: mean loss = 0.0033

	Loss on validation set after epoch 108: 0.0033

Epoch 109
	Step 0: mean loss = 0.0025
	Step 50: mean loss = 0.0032
	Step 100: mean loss = 0.0033
	Step 150: mean loss = 0.0033

	Loss on validation set after epoch 109: 0.0032

Epoch 110
	Step 0: mean loss = 0.0038
	Step 50: mean loss = 0.0032
	Step 100: mean loss = 0.0033
	Step 150: mean loss = 0.0033

	Loss on validation set after epoch 110: 0.0034

Epoch 111
	Step 0: mean loss = 0.0036
	Step 50: mean loss = 0.0032
	Step 100: mean loss = 0.0032
	Step 150: mean loss = 0.0032

	Loss on validation set after epoch 111: 0.0033

Epoch 112
	Step 0: mean loss = 0.0038
	Step 50: mean loss = 0.0031
	Step 100: mean loss = 0.0032
	Step 150: mean loss = 0.0031

	Loss on validation set after epoch 112: 0.0032

Epoch 113
	Step 0: mean loss = 0.0040
	Step 50: mean loss = 0.0030
	Step 100: mean loss = 0.0031
	Step 150: mean loss = 0.0031

	Loss on validation set after epoch 113: 0.0031

Epoch 114
	Step 0: mean loss = 0.0033
	Step 50: mean loss = 0.0031
	Step 100: mean loss = 0.0032
	Step 150: mean loss = 0.0031

	Loss on validation set after epoch 114: 0.0030

Epoch 115
	Step 0: mean loss = 0.0033
	Step 50: mean loss = 0.0029
	Step 100: mean loss = 0.0030
	Step 150: mean loss = 0.0030

	Loss on validation set after epoch 115: 0.0034

Epoch 116
	Step 0: mean loss = 0.0033
	Step 50: mean loss = 0.0031
	Step 100: mean loss = 0.0031
	Step 150: mean loss = 0.0031

	Loss on validation set after epoch 116: 0.0035

Epoch 117
	Step 0: mean loss = 0.0035
	Step 50: mean loss = 0.0030
	Step 100: mean loss = 0.0031
	Step 150: mean loss = 0.0030

	Loss on validation set after epoch 117: 0.0031

Epoch 118
	Step 0: mean loss = 0.0032
	Step 50: mean loss = 0.0030
	Step 100: mean loss = 0.0030
	Step 150: mean loss = 0.0030

	Loss on validation set after epoch 118: 0.0031

Epoch 119
	Step 0: mean loss = 0.0024
	Step 50: mean loss = 0.0029
	Step 100: mean loss = 0.0031
	Step 150: mean loss = 0.0030

	Loss on validation set after epoch 119: 0.0030

Epoch 120
	Step 0: mean loss = 0.0028
	Step 50: mean loss = 0.0029
	Step 100: mean loss = 0.0030
	Step 150: mean loss = 0.0029

	Loss on validation set after epoch 120: 0.0030

Epoch 121
	Step 0: mean loss = 0.0026
	Step 50: mean loss = 0.0028
	Step 100: mean loss = 0.0029
	Step 150: mean loss = 0.0029

	Loss on validation set after epoch 121: 0.0035

Epoch 122
	Step 0: mean loss = 0.0028
	Step 50: mean loss = 0.0028
	Step 100: mean loss = 0.0029
	Step 150: mean loss = 0.0029

	Loss on validation set after epoch 122: 0.0031

Epoch 123
	Step 0: mean loss = 0.0017
	Step 50: mean loss = 0.0028
	Step 100: mean loss = 0.0029
	Step 150: mean loss = 0.0029

	Loss on validation set after epoch 123: 0.0030

Epoch 124
	Step 0: mean loss = 0.0018
	Step 50: mean loss = 0.0028
	Step 100: mean loss = 0.0029
	Step 150: mean loss = 0.0028

	Loss on validation set after epoch 124: 0.0030

Epoch 125
	Step 0: mean loss = 0.0044
	Step 50: mean loss = 0.0028
	Step 100: mean loss = 0.0029
	Step 150: mean loss = 0.0028

	Loss on validation set after epoch 125: 0.0028

Epoch 126
	Step 0: mean loss = 0.0024
	Step 50: mean loss = 0.0027
	Step 100: mean loss = 0.0028
	Step 150: mean loss = 0.0028

	Loss on validation set after epoch 126: 0.0028

Epoch 127
	Step 0: mean loss = 0.0025
	Step 50: mean loss = 0.0028
	Step 100: mean loss = 0.0028
	Step 150: mean loss = 0.0028

	Loss on validation set after epoch 127: 0.0029

Epoch 128
	Step 0: mean loss = 0.0025
	Step 50: mean loss = 0.0026
	Step 100: mean loss = 0.0027
	Step 150: mean loss = 0.0027

	Loss on validation set after epoch 128: 0.0028

Epoch 129
	Step 0: mean loss = 0.0028
	Step 50: mean loss = 0.0027
	Step 100: mean loss = 0.0028
	Step 150: mean loss = 0.0027

	Loss on validation set after epoch 129: 0.0028

Epoch 130
	Step 0: mean loss = 0.0023
	Step 50: mean loss = 0.0027
	Step 100: mean loss = 0.0027
	Step 150: mean loss = 0.0027

	Loss on validation set after epoch 130: 0.0027

Epoch 131
	Step 0: mean loss = 0.0025
	Step 50: mean loss = 0.0026
	Step 100: mean loss = 0.0027
	Step 150: mean loss = 0.0027

	Loss on validation set after epoch 131: 0.0028

Epoch 132
	Step 0: mean loss = 0.0032
	Step 50: mean loss = 0.0025
	Step 100: mean loss = 0.0027
	Step 150: mean loss = 0.0027

	Loss on validation set after epoch 132: 0.0027

Epoch 133
	Step 0: mean loss = 0.0031
	Step 50: mean loss = 0.0025
	Step 100: mean loss = 0.0027
	Step 150: mean loss = 0.0027

	Loss on validation set after epoch 133: 0.0027

Epoch 134
	Step 0: mean loss = 0.0041
	Step 50: mean loss = 0.0026
	Step 100: mean loss = 0.0027
	Step 150: mean loss = 0.0026

	Loss on validation set after epoch 134: 0.0028

Epoch 135
	Step 0: mean loss = 0.0028
	Step 50: mean loss = 0.0025
	Step 100: mean loss = 0.0027
	Step 150: mean loss = 0.0026

	Loss on validation set after epoch 135: 0.0027

Epoch 136
	Step 0: mean loss = 0.0028
	Step 50: mean loss = 0.0026
	Step 100: mean loss = 0.0027
	Step 150: mean loss = 0.0027

	Loss on validation set after epoch 136: 0.0030

Epoch 137
	Step 0: mean loss = 0.0023
	Step 50: mean loss = 0.0025
	Step 100: mean loss = 0.0026
	Step 150: mean loss = 0.0026

	Loss on validation set after epoch 137: 0.0027

Epoch 138
	Step 0: mean loss = 0.0022
	Step 50: mean loss = 0.0025
	Step 100: mean loss = 0.0026
	Step 150: mean loss = 0.0026

	Loss on validation set after epoch 138: 0.0027

Epoch 139
	Step 0: mean loss = 0.0025
	Step 50: mean loss = 0.0025
	Step 100: mean loss = 0.0026
	Step 150: mean loss = 0.0026

	Loss on validation set after epoch 139: 0.0028

Epoch 140
	Step 0: mean loss = 0.0026
	Step 50: mean loss = 0.0025
	Step 100: mean loss = 0.0026
	Step 150: mean loss = 0.0026

	Loss on validation set after epoch 140: 0.0029

Epoch 141
	Step 0: mean loss = 0.0021
	Step 50: mean loss = 0.0025
	Step 100: mean loss = 0.0025
	Step 150: mean loss = 0.0026

	Loss on validation set after epoch 141: 0.0026

Epoch 142
	Step 0: mean loss = 0.0020
	Step 50: mean loss = 0.0026
	Step 100: mean loss = 0.0026
	Step 150: mean loss = 0.0026

	Loss on validation set after epoch 142: 0.0025

Epoch 143
	Step 0: mean loss = 0.0025
	Step 50: mean loss = 0.0024
	Step 100: mean loss = 0.0025
	Step 150: mean loss = 0.0025

	Loss on validation set after epoch 143: 0.0026

Epoch 144
	Step 0: mean loss = 0.0022
	Step 50: mean loss = 0.0025
	Step 100: mean loss = 0.0025
	Step 150: mean loss = 0.0025

	Loss on validation set after epoch 144: 0.0029

Epoch 145
	Step 0: mean loss = 0.0032
	Step 50: mean loss = 0.0025
	Step 100: mean loss = 0.0025
	Step 150: mean loss = 0.0025

	Loss on validation set after epoch 145: 0.0027

Epoch 146
	Step 0: mean loss = 0.0029
	Step 50: mean loss = 0.0024
	Step 100: mean loss = 0.0025
	Step 150: mean loss = 0.0025

	Loss on validation set after epoch 146: 0.0027

Epoch 147
	Step 0: mean loss = 0.0022
	Step 50: mean loss = 0.0024
	Step 100: mean loss = 0.0025
	Step 150: mean loss = 0.0025

	Loss on validation set after epoch 147: 0.0026

Epoch 148
	Step 0: mean loss = 0.0028
	Step 50: mean loss = 0.0024
	Step 100: mean loss = 0.0025
	Step 150: mean loss = 0.0025

	Loss on validation set after epoch 148: 0.0026

Epoch 149
	Step 0: mean loss = 0.0020
	Step 50: mean loss = 0.0024
	Step 100: mean loss = 0.0025
	Step 150: mean loss = 0.0024

	Loss on validation set after epoch 149: 0.0026

Epoch 150
	Step 0: mean loss = 0.0020
	Step 50: mean loss = 0.0024
	Step 100: mean loss = 0.0025
	Step 150: mean loss = 0.0024

	Loss on validation set after epoch 150: 0.0025

Epoch 151
	Step 0: mean loss = 0.0028
	Step 50: mean loss = 0.0025
	Step 100: mean loss = 0.0025
	Step 150: mean loss = 0.0025

	Loss on validation set after epoch 151: 0.0026

Epoch 152
	Step 0: mean loss = 0.0016
	Step 50: mean loss = 0.0024
	Step 100: mean loss = 0.0024
	Step 150: mean loss = 0.0024

	Loss on validation set after epoch 152: 0.0025

Epoch 153
	Step 0: mean loss = 0.0019
	Step 50: mean loss = 0.0024
	Step 100: mean loss = 0.0024
	Step 150: mean loss = 0.0024

	Loss on validation set after epoch 153: 0.0027

Epoch 154
	Step 0: mean loss = 0.0027
	Step 50: mean loss = 0.0024
	Step 100: mean loss = 0.0024
	Step 150: mean loss = 0.0024

	Loss on validation set after epoch 154: 0.0025

Epoch 155
	Step 0: mean loss = 0.0028
	Step 50: mean loss = 0.0023
	Step 100: mean loss = 0.0024
	Step 150: mean loss = 0.0024

	Loss on validation set after epoch 155: 0.0026

Epoch 156
	Step 0: mean loss = 0.0021
	Step 50: mean loss = 0.0023
	Step 100: mean loss = 0.0023
	Step 150: mean loss = 0.0024

	Loss on validation set after epoch 156: 0.0026

Epoch 157
	Step 0: mean loss = 0.0025
	Step 50: mean loss = 0.0025
	Step 100: mean loss = 0.0025
	Step 150: mean loss = 0.0025

	Loss on validation set after epoch 157: 0.0025

Epoch 158
	Step 0: mean loss = 0.0032
	Step 50: mean loss = 0.0023
	Step 100: mean loss = 0.0023
	Step 150: mean loss = 0.0023

	Loss on validation set after epoch 158: 0.0026

Epoch 159
	Step 0: mean loss = 0.0027
	Step 50: mean loss = 0.0023
	Step 100: mean loss = 0.0024
	Step 150: mean loss = 0.0023

	Loss on validation set after epoch 159: 0.0026

Epoch 160
	Step 0: mean loss = 0.0022
	Step 50: mean loss = 0.0024
	Step 100: mean loss = 0.0024
	Step 150: mean loss = 0.0024

	Loss on validation set after epoch 160: 0.0027

Epoch 161
	Step 0: mean loss = 0.0028
	Step 50: mean loss = 0.0022
	Step 100: mean loss = 0.0023
	Step 150: mean loss = 0.0023

	Loss on validation set after epoch 161: 0.0026

Epoch 162
	Step 0: mean loss = 0.0021
	Step 50: mean loss = 0.0022
	Step 100: mean loss = 0.0023
	Step 150: mean loss = 0.0023

	Loss on validation set after epoch 162: 0.0025

Epoch 163
	Step 0: mean loss = 0.0027
	Step 50: mean loss = 0.0022
	Step 100: mean loss = 0.0023
	Step 150: mean loss = 0.0023

	Loss on validation set after epoch 163: 0.0027

Epoch 164
	Step 0: mean loss = 0.0018
	Step 50: mean loss = 0.0022
	Step 100: mean loss = 0.0023
	Step 150: mean loss = 0.0023

	Loss on validation set after epoch 164: 0.0025

Model from epoch 154 was selected by early stopping.
Training process will be stopped now.
Deleted temporary files in ../data/trained_models/temp_01-05-16-15-18/
Location of saved model: ../data/trained_models/last_hope_106_01-05-16-15-18/ 

Adding feature wise convolutions with 32 filters per feature, 3 kernels and 1 strides ...
Adding feature wise convolutions with 1 filters per feature, 3 kernels and 1 strides ...
Adding feature based graph attention layer ...
Adding time based graph attention layer ...
Adding GRU layer with 256 units ...
Adding GRU layer with 61 units ...
Adding GRU AE as reconstruction model ...
Adding dense layer to forecasting model with 512 units and ReLu activation ...
Adding dense layer to forecasting model with 256 units and ReLu activation ...
Adding last dense layer to forecasting model with 61 units and sigmoid activation ...
VAE reconstructs the output of the gru layer.

Grid search running in anomaly detection model selection mode.
The following hyperparameters will not be evaluated:
relevance_mapping
unaffected_component_threshold
si_mode
si_parameter

Testing 294 combinations via grid search 
for model last_hope_106_01-05-16-15-18/ on the validation dataset. 


Top 50 combinations tested:
      gamma  single_timestamp_a.. affected_timestamp..     AD F1     AD F2    AD TPR   AD Prec    AD ACC    AD TNR    AD FPR  SI/ST AVG-HR@100%  SI/ST AVG-HR@150%  SI/ST AVG-HR@K  SI/ST F1  SI/ST TPR  SI/ST ACC
Comb                                                                                                                                                                                                              
0       0.3                 0.200                  100  0.121037  0.079425  0.064615  0.954545  0.821637  0.999278  0.000722           0.189796           0.284820        0.178462  0.030769   0.030769   0.850888
1       0.3                 0.200                  110  0.115607  0.075700  0.061538  0.952381  0.821053  0.999278  0.000722           0.189796           0.284820        0.178462  0.030769   0.030769   0.850888
2       0.3                 0.200                  120  0.104651  0.068234  0.055385  0.947368  0.819883  0.999278  0.000722           0.189796           0.284820        0.178462  0.030769   0.030769   0.850888
3       0.3                 0.200                  130  0.099125  0.064492  0.052308  0.944444  0.819298  0.999278  0.000722           0.189796           0.284820        0.178462  0.030769   0.030769   0.850888
4       0.3                 0.200                  140  0.093842  0.060790  0.049231  1.000000  0.819298  1.000000  0.000000           0.189796           0.284820        0.178462  0.030769   0.030769   0.850888
5       0.3                 0.200                  150  0.088235  0.057034  0.046154  1.000000  0.818713  1.000000  0.000000           0.189796           0.284820        0.178462  0.030769   0.030769   0.850888
6       0.3                 0.200                  160  0.082596  0.053272  0.043077  1.000000  0.818129  1.000000  0.000000           0.189796           0.284820        0.178462  0.030769   0.030769   0.850888
49      0.4                 0.200                  100  0.048048  0.030581  0.024615  1.000000  0.814620  1.000000  0.000000           0.171349           0.259182        0.169231  0.021538   0.021538   0.849467
50      0.4                 0.200                  110  0.048048  0.030581  0.024615  1.000000  0.814620  1.000000  0.000000           0.171349           0.259182        0.169231  0.021538   0.021538   0.849467
51      0.4                 0.200                  120  0.042169  0.026779  0.021538  1.000000  0.814035  1.000000  0.000000           0.171349           0.259182        0.169231  0.021538   0.021538   0.849467
52      0.4                 0.200                  130  0.042169  0.026779  0.021538  1.000000  0.814035  1.000000  0.000000           0.171349           0.259182        0.169231  0.021538   0.021538   0.849467
53      0.4                 0.200                  140  0.042169  0.026779  0.021538  1.000000  0.814035  1.000000  0.000000           0.171349           0.259182        0.169231  0.021538   0.021538   0.849467
54      0.4                 0.200                  150  0.036254  0.022971  0.018462  1.000000  0.813450  1.000000  0.000000           0.171349           0.259182        0.169231  0.021538   0.021538   0.849467
55      0.4                 0.200                  160  0.036254  0.022971  0.018462  1.000000  0.813450  1.000000  0.000000           0.171349           0.259182        0.169231  0.021538   0.021538   0.849467
7       0.3                 0.225                  100  0.012232  0.007680  0.006154  1.000000  0.811111  1.000000  0.000000           0.164683           0.250329        0.163077  0.018462   0.018462   0.848994
8       0.3                 0.225                  110  0.012232  0.007680  0.006154  1.000000  0.811111  1.000000  0.000000           0.164683           0.250329        0.163077  0.018462   0.018462   0.848994
9       0.3                 0.225                  120  0.012232  0.007680  0.006154  1.000000  0.811111  1.000000  0.000000           0.164683           0.250329        0.163077  0.018462   0.018462   0.848994
10      0.3                 0.225                  130  0.012232  0.007680  0.006154  1.000000  0.811111  1.000000  0.000000           0.164683           0.250329        0.163077  0.018462   0.018462   0.848994
11      0.3                 0.225                  140  0.012232  0.007680  0.006154  1.000000  0.811111  1.000000  0.000000           0.164683           0.250329        0.163077  0.018462   0.018462   0.848994
12      0.3                 0.225                  150  0.012232  0.007680  0.006154  1.000000  0.811111  1.000000  0.000000           0.164683           0.250329        0.163077  0.018462   0.018462   0.848994
13      0.3                 0.225                  160  0.012232  0.007680  0.006154  1.000000  0.811111  1.000000  0.000000           0.164683           0.250329        0.163077  0.018462   0.018462   0.848994
98      0.5                 0.200                  100  0.012232  0.007680  0.006154  1.000000  0.811111  1.000000  0.000000           0.163315           0.248278        0.160000  0.018462   0.018462   0.848994
99      0.5                 0.200                  110  0.012232  0.007680  0.006154  1.000000  0.811111  1.000000  0.000000           0.163315           0.248278        0.160000  0.018462   0.018462   0.848994
100     0.5                 0.200                  120  0.012232  0.007680  0.006154  1.000000  0.811111  1.000000  0.000000           0.163315           0.248278        0.160000  0.018462   0.018462   0.848994
101     0.5                 0.200                  130  0.012232  0.007680  0.006154  1.000000  0.811111  1.000000  0.000000           0.163315           0.248278        0.160000  0.018462   0.018462   0.848994
102     0.5                 0.200                  140  0.012232  0.007680  0.006154  1.000000  0.811111  1.000000  0.000000           0.163315           0.248278        0.160000  0.018462   0.018462   0.848994
103     0.5                 0.200                  150  0.012232  0.007680  0.006154  1.000000  0.811111  1.000000  0.000000           0.163315           0.248278        0.160000  0.018462   0.018462   0.848994
104     0.5                 0.200                  160  0.012232  0.007680  0.006154  1.000000  0.811111  1.000000  0.000000           0.163315           0.248278        0.160000  0.018462   0.018462   0.848994
56      0.4                 0.225                  100  0.006135  0.003843  0.003077  1.000000  0.810526  1.000000  0.000000           0.159896           0.244005        0.153846  0.018462   0.018462   0.848994
57      0.4                 0.225                  110  0.006135  0.003843  0.003077  1.000000  0.810526  1.000000  0.000000           0.159896           0.244005        0.153846  0.018462   0.018462   0.848994
58      0.4                 0.225                  120  0.006135  0.003843  0.003077  1.000000  0.810526  1.000000  0.000000           0.159896           0.244005        0.153846  0.018462   0.018462   0.848994
14      0.3                 0.250                  100       NaN       NaN  0.000000       NaN  0.809942  1.000000  0.000000           0.156563           0.240928        0.147692  0.018462   0.018462   0.848994
15      0.3                 0.250                  110       NaN       NaN  0.000000       NaN  0.809942  1.000000  0.000000           0.156563           0.240928        0.147692  0.018462   0.018462   0.848994
16      0.3                 0.250                  120       NaN       NaN  0.000000       NaN  0.809942  1.000000  0.000000           0.156563           0.240928        0.147692  0.018462   0.018462   0.848994
17      0.3                 0.250                  130       NaN       NaN  0.000000       NaN  0.809942  1.000000  0.000000           0.156563           0.240928        0.147692  0.018462   0.018462   0.848994
18      0.3                 0.250                  140       NaN       NaN  0.000000       NaN  0.809942  1.000000  0.000000           0.156563           0.240928        0.147692  0.018462   0.018462   0.848994
19      0.3                 0.250                  150       NaN       NaN  0.000000       NaN  0.809942  1.000000  0.000000           0.156563           0.240928        0.147692  0.018462   0.018462   0.848994
20      0.3                 0.250                  160       NaN       NaN  0.000000       NaN  0.809942  1.000000  0.000000           0.156563           0.240928        0.147692  0.018462   0.018462   0.848994
21      0.3                 0.275                  100       NaN       NaN  0.000000       NaN  0.809942  1.000000  0.000000           0.156307           0.239902        0.147692  0.018462   0.018462   0.848994
22      0.3                 0.275                  110       NaN       NaN  0.000000       NaN  0.809942  1.000000  0.000000           0.156307           0.239902        0.147692  0.018462   0.018462   0.848994
23      0.3                 0.275                  120       NaN       NaN  0.000000       NaN  0.809942  1.000000  0.000000           0.156307           0.239902        0.147692  0.018462   0.018462   0.848994
24      0.3                 0.275                  130       NaN       NaN  0.000000       NaN  0.809942  1.000000  0.000000           0.156307           0.239902        0.147692  0.018462   0.018462   0.848994
25      0.3                 0.275                  140       NaN       NaN  0.000000       NaN  0.809942  1.000000  0.000000           0.156307           0.239902        0.147692  0.018462   0.018462   0.848994
26      0.3                 0.275                  150       NaN       NaN  0.000000       NaN  0.809942  1.000000  0.000000           0.156307           0.239902        0.147692  0.018462   0.018462   0.848994
27      0.3                 0.275                  160       NaN       NaN  0.000000       NaN  0.809942  1.000000  0.000000           0.156307           0.239902        0.147692  0.018462   0.018462   0.848994
28      0.3                 0.300                  100       NaN       NaN  0.000000       NaN  0.809942  1.000000  0.000000           0.156307           0.239902        0.147692  0.018462   0.018462   0.848994
29      0.3                 0.300                  110       NaN       NaN  0.000000       NaN  0.809942  1.000000  0.000000           0.156307           0.239902        0.147692  0.018462   0.018462   0.848994
30      0.3                 0.300                  120       NaN       NaN  0.000000       NaN  0.809942  1.000000  0.000000           0.156307           0.239902        0.147692  0.018462   0.018462   0.848994
31      0.3                 0.300                  130       NaN       NaN  0.000000       NaN  0.809942  1.000000  0.000000           0.156307           0.239902        0.147692  0.018462   0.018462   0.848994
32      0.3                 0.300                  140       NaN       NaN  0.000000       NaN  0.809942  1.000000  0.000000           0.156307           0.239902        0.147692  0.018462   0.018462   0.848994

Full result output for the best combination:
                 #Examples  TP  FP    TN   FN       ACC       FNR       TNR       FPR       TPR      Prec        F1        F2  AVG # affected
Component                                                                                                                                    
no_failure            1385   0   1  1384    0  0.999278       NaN  0.999278  0.000722       NaN  0.000000       NaN       NaN        0.679422
txt15_i1                 5   1   0     0    4  0.200000  0.800000       NaN       NaN  0.200000  1.000000  0.333333  0.238095       55.600000
txt15_i3                 5   0   0     0    5  0.000000  1.000000       NaN       NaN  0.000000       NaN       NaN       NaN        0.000000
txt15_conveyor           3   0   0     0    3  0.000000  1.000000       NaN       NaN  0.000000       NaN       NaN       NaN        0.000000
txt15_m1               160  11   0     0  149  0.068750  0.931250       NaN       NaN  0.068750  1.000000  0.128655  0.084485       20.312500
txt15_pl                 9   0   0     0    9  0.000000  1.000000       NaN       NaN  0.000000       NaN       NaN       NaN        0.000000
txt16_i3                 4   0   0     0    4  0.000000  1.000000       NaN       NaN  0.000000       NaN       NaN       NaN        0.000000
txt16_conveyor           8   0   0     0    8  0.000000  1.000000       NaN       NaN  0.000000       NaN       NaN       NaN        0.000000
txt16_m3                65   0   0     0   65  0.000000  1.000000       NaN       NaN  0.000000       NaN       NaN       NaN        0.061538
txt16_turntable          2   0   0     0    2  0.000000  1.000000       NaN       NaN  0.000000       NaN       NaN       NaN        0.000000
txt17_i1                16   9   0     0    7  0.562500  0.437500       NaN       NaN  0.562500  1.000000  0.720000  0.616438      177.937500
txt17_pl                14   0   0     0   14  0.000000  1.000000       NaN       NaN  0.000000       NaN       NaN       NaN        0.071429
txt18_pl                28   0   0     0   28  0.000000  1.000000       NaN       NaN  0.000000       NaN       NaN       NaN        0.000000
txt19_i4                 6   0   0     0    6  0.000000  1.000000       NaN       NaN  0.000000       NaN       NaN       NaN        0.000000
combined              1710  21   1  1384  304  0.821637  0.935385  0.999278  0.000722  0.064615  0.954545  0.121037  0.079425        4.281287

                 #Examples  TP  FP    TN   FN       ACC       FNR       TNR       FPR       TPR      Prec        F1        F2  AVG # affected
Component                                                                                                                                    
no_failure            1385   0   1  1384    0  0.999278       NaN  0.999278  0.000722       NaN  0.000000       NaN       NaN        0.679422
txt15_i1                 5   1   0     0    4  0.200000  0.800000       NaN       NaN  0.200000  1.000000  0.333333  0.238095       55.600000
txt15_i3                 5   0   0     0    5  0.000000  1.000000       NaN       NaN  0.000000       NaN       NaN       NaN        0.000000
txt15_conveyor           3   0   0     0    3  0.000000  1.000000       NaN       NaN  0.000000       NaN       NaN       NaN        0.000000
txt15_m1               160  11   0     0  149  0.068750  0.931250       NaN       NaN  0.068750  1.000000  0.128655  0.084485       20.312500
txt15_pl                 9   0   0     0    9  0.000000  1.000000       NaN       NaN  0.000000       NaN       NaN       NaN        0.000000
txt16_i3                 4   0   0     0    4  0.000000  1.000000       NaN       NaN  0.000000       NaN       NaN       NaN        0.000000
txt16_conveyor           8   0   0     0    8  0.000000  1.000000       NaN       NaN  0.000000       NaN       NaN       NaN        0.000000
txt16_m3                65   0   0     0   65  0.000000  1.000000       NaN       NaN  0.000000       NaN       NaN       NaN        0.061538
txt16_turntable          2   0   0     0    2  0.000000  1.000000       NaN       NaN  0.000000       NaN       NaN       NaN        0.000000
txt17_i1                16   9   0     0    7  0.562500  0.437500       NaN       NaN  0.562500  1.000000  0.720000  0.616438      177.937500
txt17_pl                14   0   0     0   14  0.000000  1.000000       NaN       NaN  0.000000       NaN       NaN       NaN        0.071429
txt18_pl                28   0   0     0   28  0.000000  1.000000       NaN       NaN  0.000000       NaN       NaN       NaN        0.000000
txt19_i4                 6   0   0     0    6  0.000000  1.000000       NaN       NaN  0.000000       NaN       NaN       NaN        0.000000
combined              1710  21   1  1384  304  0.821637  0.935385  0.999278  0.000722  0.064615  0.954545  0.121037  0.079425        4.281287

Execution time: 4203.859634486958
