
Dataset loaded:
Shape of training set (example, time, channels): (20812, 500, 61)
Shape of test set (example, time, channels): (3989, 500, 61)
Shape of train validation set (example, time, channels): (2313, 500, 61)
Shape of test validation set (example, time, channels): (1710, 500, 61)
Num of classes in all: 25

Creating model based on ../configuration/hyperparameter_combinations/last_hope_44.json hyperparameter file 

Adding feature wise convolutions with 32 filters per feature, 3 kernels and 1 strides ...
Adding feature wise convolutions with 1 filters per feature, 3 kernels and 1 strides ...
Adding feature based graph attention layer ...
Adding time based graph attention layer ...
Adding GRU layer with 256 units ...
Adding GRU layer with 61 units ...
Adding VAE as reconstruction model dimensions 4096 & 1536 and ...
Adding dense layer to forecasting model with 512 units and ReLu activation ...
Adding dense layer to forecasting model with 256 units and ReLu activation ...
Adding last dense layer to forecasting model with 61 units and sigmoid activation ...
VAE reconstructs the output of the gru layer.

Epoch 0
	Step 0: mean loss = 1.3164
	Step 50: mean loss = 0.4889
	Step 100: mean loss = 0.3450
	Step 150: mean loss = 0.2717

	Loss on validation set after epoch 0: 0.1132

Epoch 1
	Step 0: mean loss = 0.1134
	Step 50: mean loss = 0.1078
	Step 100: mean loss = 0.1039
	Step 150: mean loss = 0.1005

	Loss on validation set after epoch 1: 0.0900

Epoch 2
	Step 0: mean loss = 0.0918
	Step 50: mean loss = 0.0880
	Step 100: mean loss = 0.0865
	Step 150: mean loss = 0.0850

	Loss on validation set after epoch 2: 0.0800

Epoch 3
	Step 0: mean loss = 0.0781
	Step 50: mean loss = 0.0781
	Step 100: mean loss = 0.0763
	Step 150: mean loss = 0.0750

	Loss on validation set after epoch 3: 0.0705

Epoch 4
	Step 0: mean loss = 0.0680
	Step 50: mean loss = 0.0699
	Step 100: mean loss = 0.0693
	Step 150: mean loss = 0.0688

	Loss on validation set after epoch 4: 0.0658

Epoch 5
	Step 0: mean loss = 0.0662
	Step 50: mean loss = 0.0666
	Step 100: mean loss = 0.0662
	Step 150: mean loss = 0.0654

	Loss on validation set after epoch 5: 0.0621

Epoch 6
	Step 0: mean loss = 0.0673
	Step 50: mean loss = 0.0611
	Step 100: mean loss = 0.0604
	Step 150: mean loss = 0.0601

	Loss on validation set after epoch 6: 0.0578

Epoch 7
	Step 0: mean loss = 0.0566
	Step 50: mean loss = 0.0577
	Step 100: mean loss = 0.0576
	Step 150: mean loss = 0.0575

	Loss on validation set after epoch 7: 0.0556

Epoch 8
	Step 0: mean loss = 0.0558
	Step 50: mean loss = 0.0561
	Step 100: mean loss = 0.0561
	Step 150: mean loss = 0.0558

	Loss on validation set after epoch 8: 0.0557

Epoch 9
	Step 0: mean loss = 0.0533
	Step 50: mean loss = 0.0546
	Step 100: mean loss = 0.0551
	Step 150: mean loss = 0.0547

	Loss on validation set after epoch 9: 0.0541

Epoch 10
	Step 0: mean loss = 0.0580
	Step 50: mean loss = 0.0536
	Step 100: mean loss = 0.0535
	Step 150: mean loss = 0.0533

	Loss on validation set after epoch 10: 0.0523

Epoch 11
	Step 0: mean loss = 0.0502
	Step 50: mean loss = 0.0523
	Step 100: mean loss = 0.0527
	Step 150: mean loss = 0.0525

	Loss on validation set after epoch 11: 0.0513

Epoch 12
	Step 0: mean loss = 0.0510
	Step 50: mean loss = 0.0522
	Step 100: mean loss = 0.0521
	Step 150: mean loss = 0.0522

	Loss on validation set after epoch 12: 0.0520

Epoch 13
	Step 0: mean loss = 0.0454
	Step 50: mean loss = 0.0514
	Step 100: mean loss = 0.0516
	Step 150: mean loss = 0.0514

	Loss on validation set after epoch 13: 0.0507

Epoch 14
	Step 0: mean loss = 0.0531
	Step 50: mean loss = 0.0507
	Step 100: mean loss = 0.0508
	Step 150: mean loss = 0.0509

	Loss on validation set after epoch 14: 0.0504

Epoch 15
	Step 0: mean loss = 0.0546
	Step 50: mean loss = 0.0505
	Step 100: mean loss = 0.0504
	Step 150: mean loss = 0.0502

	Loss on validation set after epoch 15: 0.0496

Epoch 16
	Step 0: mean loss = 0.0468
	Step 50: mean loss = 0.0494
	Step 100: mean loss = 0.0496
	Step 150: mean loss = 0.0494

	Loss on validation set after epoch 16: 0.0501

Epoch 17
	Step 0: mean loss = 0.0486
	Step 50: mean loss = 0.0484
	Step 100: mean loss = 0.0483
	Step 150: mean loss = 0.0477

	Loss on validation set after epoch 17: 0.0461

Epoch 18
	Step 0: mean loss = 0.0433
	Step 50: mean loss = 0.0453
	Step 100: mean loss = 0.0451
	Step 150: mean loss = 0.0448

	Loss on validation set after epoch 18: 0.0442

Epoch 19
	Step 0: mean loss = 0.0444
	Step 50: mean loss = 0.0432
	Step 100: mean loss = 0.0427
	Step 150: mean loss = 0.0423

	Loss on validation set after epoch 19: 0.0399

Epoch 20
	Step 0: mean loss = 0.0409
	Step 50: mean loss = 0.0401
	Step 100: mean loss = 0.0399
	Step 150: mean loss = 0.0395

	Loss on validation set after epoch 20: 0.0383

Epoch 21
	Step 0: mean loss = 0.0384
	Step 50: mean loss = 0.0381
	Step 100: mean loss = 0.0397
	Step 150: mean loss = 0.0389

	Loss on validation set after epoch 21: 0.0366

Epoch 22
	Step 0: mean loss = 0.0363
	Step 50: mean loss = 0.0365
	Step 100: mean loss = 0.0362
	Step 150: mean loss = 0.0360

	Loss on validation set after epoch 22: 0.0348

Epoch 23
	Step 0: mean loss = 0.0375
	Step 50: mean loss = 0.0353
	Step 100: mean loss = 0.0348
	Step 150: mean loss = 0.0345

	Loss on validation set after epoch 23: 0.0341

Epoch 24
	Step 0: mean loss = 0.0339
	Step 50: mean loss = 0.0342
	Step 100: mean loss = 0.0338
	Step 150: mean loss = 0.0336

	Loss on validation set after epoch 24: 0.0323

Epoch 25
	Step 0: mean loss = 0.0337
	Step 50: mean loss = 0.0322
	Step 100: mean loss = 0.0323
	Step 150: mean loss = 0.0321

	Loss on validation set after epoch 25: 0.0309

Epoch 26
	Step 0: mean loss = 0.0260
	Step 50: mean loss = 0.0314
	Step 100: mean loss = 0.0313
	Step 150: mean loss = 0.0313

	Loss on validation set after epoch 26: 0.0303

Epoch 27
	Step 0: mean loss = 0.0309
	Step 50: mean loss = 0.0302
	Step 100: mean loss = 0.0305
	Step 150: mean loss = 0.0304

	Loss on validation set after epoch 27: 0.0344

Epoch 28
	Step 0: mean loss = 0.0372
	Step 50: mean loss = 0.0307
	Step 100: mean loss = 0.0303
	Step 150: mean loss = 0.0301

	Loss on validation set after epoch 28: 0.0310

Epoch 29
	Step 0: mean loss = 0.0303
	Step 50: mean loss = 0.0290
	Step 100: mean loss = 0.0292
	Step 150: mean loss = 0.0292

	Loss on validation set after epoch 29: 0.0290

Epoch 30
	Step 0: mean loss = 0.0247
	Step 50: mean loss = 0.0284
	Step 100: mean loss = 0.0286
	Step 150: mean loss = 0.0286

	Loss on validation set after epoch 30: 0.0286

Epoch 31
	Step 0: mean loss = 0.0227
	Step 50: mean loss = 0.0310
	Step 100: mean loss = 0.0299
	Step 150: mean loss = 0.0293

	Loss on validation set after epoch 31: 0.0285

Epoch 32
	Step 0: mean loss = 0.0268
	Step 50: mean loss = 0.0276
	Step 100: mean loss = 0.0276
	Step 150: mean loss = 0.0275

	Loss on validation set after epoch 32: 0.0278

Epoch 33
	Step 0: mean loss = 0.0284
	Step 50: mean loss = 0.0273
	Step 100: mean loss = 0.0271
	Step 150: mean loss = 0.0271

	Loss on validation set after epoch 33: 0.0266

Epoch 34
	Step 0: mean loss = 0.0295
	Step 50: mean loss = 0.0265
	Step 100: mean loss = 0.0268
	Step 150: mean loss = 0.0267

	Loss on validation set after epoch 34: 0.0272

Epoch 35
	Step 0: mean loss = 0.0295
	Step 50: mean loss = 0.0264
	Step 100: mean loss = 0.0264
	Step 150: mean loss = 0.0263

	Loss on validation set after epoch 35: 0.0261

Epoch 36
	Step 0: mean loss = 0.0284
	Step 50: mean loss = 0.0254
	Step 100: mean loss = 0.0258
	Step 150: mean loss = 0.0258

	Loss on validation set after epoch 36: 0.0256

Epoch 37
	Step 0: mean loss = 0.0281
	Step 50: mean loss = 0.0254
	Step 100: mean loss = 0.0253
	Step 150: mean loss = 0.0256

	Loss on validation set after epoch 37: 0.0318

Epoch 38
	Step 0: mean loss = 0.0275
	Step 50: mean loss = 0.0262
	Step 100: mean loss = 0.0258
	Step 150: mean loss = 0.0254

	Loss on validation set after epoch 38: 0.0250

Epoch 39
	Step 0: mean loss = 0.0239
	Step 50: mean loss = 0.0244
	Step 100: mean loss = 0.0243
	Step 150: mean loss = 0.0243

	Loss on validation set after epoch 39: 0.0239

Epoch 40
	Step 0: mean loss = 0.0241
	Step 50: mean loss = 0.0236
	Step 100: mean loss = 0.0239
	Step 150: mean loss = 0.0239

	Loss on validation set after epoch 40: 0.0235

Epoch 41
	Step 0: mean loss = 0.0247
	Step 50: mean loss = 0.0233
	Step 100: mean loss = 0.0234
	Step 150: mean loss = 0.0234

	Loss on validation set after epoch 41: 0.0232

Epoch 42
	Step 0: mean loss = 0.0192
	Step 50: mean loss = 0.0230
	Step 100: mean loss = 0.0229
	Step 150: mean loss = 0.0233

	Loss on validation set after epoch 42: 0.0235

Epoch 43
	Step 0: mean loss = 0.0237
	Step 50: mean loss = 0.0227
	Step 100: mean loss = 0.0225
	Step 150: mean loss = 0.0225

	Loss on validation set after epoch 43: 0.0219

Epoch 44
	Step 0: mean loss = 0.0203
	Step 50: mean loss = 0.0220
	Step 100: mean loss = 0.0220
	Step 150: mean loss = 0.0220

	Loss on validation set after epoch 44: 0.0210

Epoch 45
	Step 0: mean loss = 0.0167
	Step 50: mean loss = 0.0213
	Step 100: mean loss = 0.0212
	Step 150: mean loss = 0.0211

	Loss on validation set after epoch 45: 0.0205

Epoch 46
	Step 0: mean loss = 0.0193
	Step 50: mean loss = 0.0207
	Step 100: mean loss = 0.0207
	Step 150: mean loss = 0.0207

	Loss on validation set after epoch 46: 0.0206

Epoch 47
	Step 0: mean loss = 0.0211
	Step 50: mean loss = 0.0220
	Step 100: mean loss = 0.0214
	Step 150: mean loss = 0.0210

	Loss on validation set after epoch 47: 0.0207

Epoch 48
	Step 0: mean loss = 0.0219
	Step 50: mean loss = 0.0197
	Step 100: mean loss = 0.0199
	Step 150: mean loss = 0.0198

	Loss on validation set after epoch 48: 0.0194

Epoch 49
	Step 0: mean loss = 0.0190
	Step 50: mean loss = 0.0198
	Step 100: mean loss = 0.0197
	Step 150: mean loss = 0.0197

	Loss on validation set after epoch 49: 0.0190

Epoch 50
	Step 0: mean loss = 0.0180
	Step 50: mean loss = 0.0194
	Step 100: mean loss = 0.0212
	Step 150: mean loss = 0.0207

	Loss on validation set after epoch 50: 0.0191

Epoch 51
	Step 0: mean loss = 0.0208
	Step 50: mean loss = 0.0192
	Step 100: mean loss = 0.0193
	Step 150: mean loss = 0.0192

	Loss on validation set after epoch 51: 0.0189

Epoch 52
	Step 0: mean loss = 0.0219
	Step 50: mean loss = 0.0188
	Step 100: mean loss = 0.0189
	Step 150: mean loss = 0.0189

	Loss on validation set after epoch 52: 0.0190

Epoch 53
	Step 0: mean loss = 0.0195
	Step 50: mean loss = 0.0189
	Step 100: mean loss = 0.0190
	Step 150: mean loss = 0.0188

	Loss on validation set after epoch 53: 0.0184

Epoch 54
	Step 0: mean loss = 0.0178
	Step 50: mean loss = 0.0186
	Step 100: mean loss = 0.0186
	Step 150: mean loss = 0.0185

	Loss on validation set after epoch 54: 0.0185

Epoch 55
	Step 0: mean loss = 0.0188
	Step 50: mean loss = 0.0183
	Step 100: mean loss = 0.0184
	Step 150: mean loss = 0.0184

	Loss on validation set after epoch 55: 0.0179

Epoch 56
	Step 0: mean loss = 0.0195
	Step 50: mean loss = 0.0191
	Step 100: mean loss = 0.0186
	Step 150: mean loss = 0.0184

	Loss on validation set after epoch 56: 0.0182

Epoch 57
	Step 0: mean loss = 0.0172
	Step 50: mean loss = 0.0180
	Step 100: mean loss = 0.0180
	Step 150: mean loss = 0.0180

	Loss on validation set after epoch 57: 0.0175

Epoch 58
	Step 0: mean loss = 0.0178
	Step 50: mean loss = 0.0179
	Step 100: mean loss = 0.0179
	Step 150: mean loss = 0.0179

	Loss on validation set after epoch 58: 0.0174

Epoch 59
	Step 0: mean loss = 0.0169
	Step 50: mean loss = 0.0178
	Step 100: mean loss = 0.0179
	Step 150: mean loss = 0.0180

	Loss on validation set after epoch 59: 0.0175

Epoch 60
	Step 0: mean loss = 0.0162
	Step 50: mean loss = 0.0175
	Step 100: mean loss = 0.0176
	Step 150: mean loss = 0.0175

	Loss on validation set after epoch 60: 0.0173

Epoch 61
	Step 0: mean loss = 0.0180
	Step 50: mean loss = 0.0175
	Step 100: mean loss = 0.0177
	Step 150: mean loss = 0.0176

	Loss on validation set after epoch 61: 0.0171

Epoch 62
	Step 0: mean loss = 0.0183
	Step 50: mean loss = 0.0173
	Step 100: mean loss = 0.0172
	Step 150: mean loss = 0.0172

	Loss on validation set after epoch 62: 0.0166

Epoch 63
	Step 0: mean loss = 0.0171
	Step 50: mean loss = 0.0172
	Step 100: mean loss = 0.0172
	Step 150: mean loss = 0.0172

	Loss on validation set after epoch 63: 0.0169

Epoch 64
	Step 0: mean loss = 0.0180
	Step 50: mean loss = 0.0170
	Step 100: mean loss = 0.0170
	Step 150: mean loss = 0.0169

	Loss on validation set after epoch 64: 0.0166

Epoch 65
	Step 0: mean loss = 0.0146
	Step 50: mean loss = 0.0168
	Step 100: mean loss = 0.0167
	Step 150: mean loss = 0.0167

	Loss on validation set after epoch 65: 0.0166

Epoch 66
	Step 0: mean loss = 0.0165
	Step 50: mean loss = 0.0185
	Step 100: mean loss = 0.0177
	Step 150: mean loss = 0.0173

	Loss on validation set after epoch 66: 0.0162

Epoch 67
	Step 0: mean loss = 0.0163
	Step 50: mean loss = 0.0164
	Step 100: mean loss = 0.0164
	Step 150: mean loss = 0.0164

	Loss on validation set after epoch 67: 0.0180

Epoch 68
	Step 0: mean loss = 0.0178
	Step 50: mean loss = 0.0165
	Step 100: mean loss = 0.0164
	Step 150: mean loss = 0.0164

	Loss on validation set after epoch 68: 0.0158

Epoch 69
	Step 0: mean loss = 0.0187
	Step 50: mean loss = 0.0161
	Step 100: mean loss = 0.0161
	Step 150: mean loss = 0.0160

	Loss on validation set after epoch 69: 0.0161

Epoch 70
	Step 0: mean loss = 0.0142
	Step 50: mean loss = 0.0158
	Step 100: mean loss = 0.0157
	Step 150: mean loss = 0.0156

	Loss on validation set after epoch 70: 0.0155

Epoch 71
	Step 0: mean loss = 0.0172
	Step 50: mean loss = 0.0159
	Step 100: mean loss = 0.0157
	Step 150: mean loss = 0.0156

	Loss on validation set after epoch 71: 0.0153

Epoch 72
	Step 0: mean loss = 0.0184
	Step 50: mean loss = 0.0152
	Step 100: mean loss = 0.0155
	Step 150: mean loss = 0.0155

	Loss on validation set after epoch 72: 0.0154

Epoch 73
	Step 0: mean loss = 0.0155
	Step 50: mean loss = 0.0159
	Step 100: mean loss = 0.0158
	Step 150: mean loss = 0.0156

	Loss on validation set after epoch 73: 0.0153

Epoch 74
	Step 0: mean loss = 0.0164
	Step 50: mean loss = 0.0150
	Step 100: mean loss = 0.0151
	Step 150: mean loss = 0.0150

	Loss on validation set after epoch 74: 0.0147

Epoch 75
	Step 0: mean loss = 0.0173
	Step 50: mean loss = 0.0149
	Step 100: mean loss = 0.0151
	Step 150: mean loss = 0.0150

	Loss on validation set after epoch 75: 0.0148

Epoch 76
	Step 0: mean loss = 0.0137
	Step 50: mean loss = 0.0149
	Step 100: mean loss = 0.0149
	Step 150: mean loss = 0.0148

	Loss on validation set after epoch 76: 0.0145

Epoch 77
	Step 0: mean loss = 0.0154
	Step 50: mean loss = 0.0147
	Step 100: mean loss = 0.0148
	Step 150: mean loss = 0.0148

	Loss on validation set after epoch 77: 0.0147

Epoch 78
	Step 0: mean loss = 0.0151
	Step 50: mean loss = 0.0147
	Step 100: mean loss = 0.0147
	Step 150: mean loss = 0.0148

	Loss on validation set after epoch 78: 0.0146

Epoch 79
	Step 0: mean loss = 0.0153
	Step 50: mean loss = 0.0145
	Step 100: mean loss = 0.0146
	Step 150: mean loss = 0.0146

	Loss on validation set after epoch 79: 0.0143

Epoch 80
	Step 0: mean loss = 0.0142
	Step 50: mean loss = 0.0146
	Step 100: mean loss = 0.0145
	Step 150: mean loss = 0.0144

	Loss on validation set after epoch 80: 0.0145

Epoch 81
	Step 0: mean loss = 0.0173
	Step 50: mean loss = 0.0144
	Step 100: mean loss = 0.0144
	Step 150: mean loss = 0.0144

	Loss on validation set after epoch 81: 0.0142

Epoch 82
	Step 0: mean loss = 0.0139
	Step 50: mean loss = 0.0143
	Step 100: mean loss = 0.0143
	Step 150: mean loss = 0.0142

	Loss on validation set after epoch 82: 0.0141

Epoch 83
	Step 0: mean loss = 0.0142
	Step 50: mean loss = 0.0141
	Step 100: mean loss = 0.0141
	Step 150: mean loss = 0.0141

	Loss on validation set after epoch 83: 0.0144

Epoch 84
	Step 0: mean loss = 0.0164
	Step 50: mean loss = 0.0141
	Step 100: mean loss = 0.0140
	Step 150: mean loss = 0.0139

	Loss on validation set after epoch 84: 0.0138

Epoch 85
	Step 0: mean loss = 0.0141
	Step 50: mean loss = 0.0137
	Step 100: mean loss = 0.0137
	Step 150: mean loss = 0.0136

	Loss on validation set after epoch 85: 0.0142

Epoch 86
	Step 0: mean loss = 0.0147
	Step 50: mean loss = 0.0136
	Step 100: mean loss = 0.0136
	Step 150: mean loss = 0.0135

	Loss on validation set after epoch 86: 0.0136

Epoch 87
	Step 0: mean loss = 0.0136
	Step 50: mean loss = 0.0133
	Step 100: mean loss = 0.0133
	Step 150: mean loss = 0.0132

	Loss on validation set after epoch 87: 0.0139

Epoch 88
	Step 0: mean loss = 0.0122
	Step 50: mean loss = 0.0132
	Step 100: mean loss = 0.0132
	Step 150: mean loss = 0.0131

	Loss on validation set after epoch 88: 0.0134

Epoch 89
	Step 0: mean loss = 0.0113
	Step 50: mean loss = 0.0130
	Step 100: mean loss = 0.0131
	Step 150: mean loss = 0.0130

	Loss on validation set after epoch 89: 0.0136

Epoch 90
	Step 0: mean loss = 0.0121
	Step 50: mean loss = 0.0129
	Step 100: mean loss = 0.0130
	Step 150: mean loss = 0.0129

	Loss on validation set after epoch 90: 0.0129

Epoch 91
	Step 0: mean loss = 0.0142
	Step 50: mean loss = 0.0129
	Step 100: mean loss = 0.0130
	Step 150: mean loss = 0.0128

	Loss on validation set after epoch 91: 0.0127

Epoch 92
	Step 0: mean loss = 0.0098
	Step 50: mean loss = 0.0127
	Step 100: mean loss = 0.0129
	Step 150: mean loss = 0.0128

	Loss on validation set after epoch 92: 0.0128

Epoch 93
	Step 0: mean loss = 0.0135
	Step 50: mean loss = 0.0127
	Step 100: mean loss = 0.0128
	Step 150: mean loss = 0.0127

	Loss on validation set after epoch 93: 0.0133

Epoch 94
	Step 0: mean loss = 0.0126
	Step 50: mean loss = 0.0127
	Step 100: mean loss = 0.0128
	Step 150: mean loss = 0.0127

	Loss on validation set after epoch 94: 0.0128

Epoch 95
	Step 0: mean loss = 0.0148
	Step 50: mean loss = 0.0125
	Step 100: mean loss = 0.0126
	Step 150: mean loss = 0.0125

	Loss on validation set after epoch 95: 0.0130

Epoch 96
	Step 0: mean loss = 0.0117
	Step 50: mean loss = 0.0125
	Step 100: mean loss = 0.0126
	Step 150: mean loss = 0.0125

	Loss on validation set after epoch 96: 0.0133

Epoch 97
	Step 0: mean loss = 0.0116
	Step 50: mean loss = 0.0127
	Step 100: mean loss = 0.0126
	Step 150: mean loss = 0.0125

	Loss on validation set after epoch 97: 0.0124

Epoch 98
	Step 0: mean loss = 0.0116
	Step 50: mean loss = 0.0122
	Step 100: mean loss = 0.0123
	Step 150: mean loss = 0.0123

	Loss on validation set after epoch 98: 0.0128

Epoch 99
	Step 0: mean loss = 0.0136
	Step 50: mean loss = 0.0123
	Step 100: mean loss = 0.0123
	Step 150: mean loss = 0.0122

	Loss on validation set after epoch 99: 0.0126

Epoch 100
	Step 0: mean loss = 0.0120
	Step 50: mean loss = 0.0122
	Step 100: mean loss = 0.0122
	Step 150: mean loss = 0.0121

	Loss on validation set after epoch 100: 0.0126

Epoch 101
	Step 0: mean loss = 0.0111
	Step 50: mean loss = 0.0121
	Step 100: mean loss = 0.0122
	Step 150: mean loss = 0.0121

	Loss on validation set after epoch 101: 0.0123

Epoch 102
	Step 0: mean loss = 0.0126
	Step 50: mean loss = 0.0120
	Step 100: mean loss = 0.0120
	Step 150: mean loss = 0.0120

	Loss on validation set after epoch 102: 0.0122

Epoch 103
	Step 0: mean loss = 0.0122
	Step 50: mean loss = 0.0118
	Step 100: mean loss = 0.0119
	Step 150: mean loss = 0.0119

	Loss on validation set after epoch 103: 0.0120

Epoch 104
	Step 0: mean loss = 0.0120
	Step 50: mean loss = 0.0120
	Step 100: mean loss = 0.0120
	Step 150: mean loss = 0.0120

	Loss on validation set after epoch 104: 0.0121

Epoch 105
	Step 0: mean loss = 0.0120
	Step 50: mean loss = 0.0119
	Step 100: mean loss = 0.0119
	Step 150: mean loss = 0.0118

	Loss on validation set after epoch 105: 0.0116

Epoch 106
	Step 0: mean loss = 0.0114
	Step 50: mean loss = 0.0117
	Step 100: mean loss = 0.0118
	Step 150: mean loss = 0.0117

	Loss on validation set after epoch 106: 0.0118

Epoch 107
	Step 0: mean loss = 0.0094
	Step 50: mean loss = 0.0116
	Step 100: mean loss = 0.0117
	Step 150: mean loss = 0.0117

	Loss on validation set after epoch 107: 0.0123

Epoch 108
	Step 0: mean loss = 0.0103
	Step 50: mean loss = 0.0114
	Step 100: mean loss = 0.0116
	Step 150: mean loss = 0.0115

	Loss on validation set after epoch 108: 0.0121

Epoch 109
	Step 0: mean loss = 0.0114
	Step 50: mean loss = 0.0114
	Step 100: mean loss = 0.0116
	Step 150: mean loss = 0.0115

	Loss on validation set after epoch 109: 0.0117

Epoch 110
	Step 0: mean loss = 0.0100
	Step 50: mean loss = 0.0114
	Step 100: mean loss = 0.0115
	Step 150: mean loss = 0.0114

	Loss on validation set after epoch 110: 0.0116

Epoch 111
	Step 0: mean loss = 0.0120
	Step 50: mean loss = 0.0112
	Step 100: mean loss = 0.0114
	Step 150: mean loss = 0.0113

	Loss on validation set after epoch 111: 0.0116

Epoch 112
	Step 0: mean loss = 0.0105
	Step 50: mean loss = 0.0111
	Step 100: mean loss = 0.0113
	Step 150: mean loss = 0.0112

	Loss on validation set after epoch 112: 0.0113

Epoch 113
	Step 0: mean loss = 0.0128
	Step 50: mean loss = 0.0112
	Step 100: mean loss = 0.0113
	Step 150: mean loss = 0.0112

	Loss on validation set after epoch 113: 0.0114

Epoch 114
	Step 0: mean loss = 0.0102
	Step 50: mean loss = 0.0111
	Step 100: mean loss = 0.0112
	Step 150: mean loss = 0.0112

	Loss on validation set after epoch 114: 0.0110

Epoch 115
	Step 0: mean loss = 0.0103
	Step 50: mean loss = 0.0110
	Step 100: mean loss = 0.0111
	Step 150: mean loss = 0.0111

	Loss on validation set after epoch 115: 0.0115

Epoch 116
	Step 0: mean loss = 0.0129
	Step 50: mean loss = 0.0110
	Step 100: mean loss = 0.0110
	Step 150: mean loss = 0.0110

	Loss on validation set after epoch 116: 0.0118

Epoch 117
	Step 0: mean loss = 0.0116
	Step 50: mean loss = 0.0109
	Step 100: mean loss = 0.0110
	Step 150: mean loss = 0.0109

	Loss on validation set after epoch 117: 0.0112

Epoch 118
	Step 0: mean loss = 0.0091
	Step 50: mean loss = 0.0109
	Step 100: mean loss = 0.0109
	Step 150: mean loss = 0.0110

	Loss on validation set after epoch 118: 0.0109

Epoch 119
	Step 0: mean loss = 0.0117
	Step 50: mean loss = 0.0107
	Step 100: mean loss = 0.0108
	Step 150: mean loss = 0.0108

	Loss on validation set after epoch 119: 0.0114

Epoch 120
	Step 0: mean loss = 0.0094
	Step 50: mean loss = 0.0107
	Step 100: mean loss = 0.0107
	Step 150: mean loss = 0.0108

	Loss on validation set after epoch 120: 0.0113

Epoch 121
	Step 0: mean loss = 0.0113
	Step 50: mean loss = 0.0105
	Step 100: mean loss = 0.0108
	Step 150: mean loss = 0.0107

	Loss on validation set after epoch 121: 0.0110

Epoch 122
	Step 0: mean loss = 0.0099
	Step 50: mean loss = 0.0105
	Step 100: mean loss = 0.0106
	Step 150: mean loss = 0.0106

	Loss on validation set after epoch 122: 0.0112

Epoch 123
	Step 0: mean loss = 0.0109
	Step 50: mean loss = 0.0106
	Step 100: mean loss = 0.0106
	Step 150: mean loss = 0.0106

	Loss on validation set after epoch 123: 0.0108

Epoch 124
	Step 0: mean loss = 0.0087
	Step 50: mean loss = 0.0102
	Step 100: mean loss = 0.0105
	Step 150: mean loss = 0.0105

	Loss on validation set after epoch 124: 0.0107

Epoch 125
	Step 0: mean loss = 0.0097
	Step 50: mean loss = 0.0102
	Step 100: mean loss = 0.0103
	Step 150: mean loss = 0.0103

	Loss on validation set after epoch 125: 0.0105

Epoch 126
	Step 0: mean loss = 0.0118
	Step 50: mean loss = 0.0103
	Step 100: mean loss = 0.0104
	Step 150: mean loss = 0.0104

	Loss on validation set after epoch 126: 0.0105

Epoch 127
	Step 0: mean loss = 0.0113
	Step 50: mean loss = 0.0102
	Step 100: mean loss = 0.0103
	Step 150: mean loss = 0.0103

	Loss on validation set after epoch 127: 0.0105

Epoch 128
	Step 0: mean loss = 0.0107
	Step 50: mean loss = 0.0103
	Step 100: mean loss = 0.0103
	Step 150: mean loss = 0.0103

	Loss on validation set after epoch 128: 0.0102

Epoch 129
	Step 0: mean loss = 0.0107
	Step 50: mean loss = 0.0101
	Step 100: mean loss = 0.0101
	Step 150: mean loss = 0.0102

	Loss on validation set after epoch 129: 0.0104

Epoch 130
	Step 0: mean loss = 0.0100
	Step 50: mean loss = 0.0100
	Step 100: mean loss = 0.0101
	Step 150: mean loss = 0.0101

	Loss on validation set after epoch 130: 0.0105

Epoch 131
	Step 0: mean loss = 0.0108
	Step 50: mean loss = 0.0101
	Step 100: mean loss = 0.0102
	Step 150: mean loss = 0.0101

	Loss on validation set after epoch 131: 0.0106

Epoch 132
	Step 0: mean loss = 0.0102
	Step 50: mean loss = 0.0100
	Step 100: mean loss = 0.0101
	Step 150: mean loss = 0.0101

	Loss on validation set after epoch 132: 0.0101

Epoch 133
	Step 0: mean loss = 0.0108
	Step 50: mean loss = 0.0099
	Step 100: mean loss = 0.0101
	Step 150: mean loss = 0.0101

	Loss on validation set after epoch 133: 0.0102

Epoch 134
	Step 0: mean loss = 0.0095
	Step 50: mean loss = 0.0098
	Step 100: mean loss = 0.0100
	Step 150: mean loss = 0.0099

	Loss on validation set after epoch 134: 0.0101

Epoch 135
	Step 0: mean loss = 0.0098
	Step 50: mean loss = 0.0098
	Step 100: mean loss = 0.0099
	Step 150: mean loss = 0.0099

	Loss on validation set after epoch 135: 0.0098

Epoch 136
	Step 0: mean loss = 0.0096
	Step 50: mean loss = 0.0093
	Step 100: mean loss = 0.0094
	Step 150: mean loss = 0.0093

	Loss on validation set after epoch 136: 0.0098

Epoch 137
	Step 0: mean loss = 0.0088
	Step 50: mean loss = 0.0090
	Step 100: mean loss = 0.0090
	Step 150: mean loss = 0.0090

	Loss on validation set after epoch 137: 0.0089

Epoch 138
	Step 0: mean loss = 0.0080
	Step 50: mean loss = 0.0087
	Step 100: mean loss = 0.0088
	Step 150: mean loss = 0.0087

	Loss on validation set after epoch 138: 0.0091

Epoch 139
	Step 0: mean loss = 0.0076
	Step 50: mean loss = 0.0083
	Step 100: mean loss = 0.0085
	Step 150: mean loss = 0.0085

	Loss on validation set after epoch 139: 0.0085

Epoch 140
	Step 0: mean loss = 0.0087
	Step 50: mean loss = 0.0082
	Step 100: mean loss = 0.0082
	Step 150: mean loss = 0.0083

	Loss on validation set after epoch 140: 0.0083

Epoch 141
	Step 0: mean loss = 0.0075
	Step 50: mean loss = 0.0080
	Step 100: mean loss = 0.0081
	Step 150: mean loss = 0.0081

	Loss on validation set after epoch 141: 0.0086

Epoch 142
	Step 0: mean loss = 0.0073
	Step 50: mean loss = 0.0080
	Step 100: mean loss = 0.0080
	Step 150: mean loss = 0.0080

	Loss on validation set after epoch 142: 0.0082

Epoch 143
	Step 0: mean loss = 0.0062
	Step 50: mean loss = 0.0077
	Step 100: mean loss = 0.0078
	Step 150: mean loss = 0.0078

	Loss on validation set after epoch 143: 0.0079

Epoch 144
	Step 0: mean loss = 0.0065
	Step 50: mean loss = 0.0076
	Step 100: mean loss = 0.0078
	Step 150: mean loss = 0.0078

	Loss on validation set after epoch 144: 0.0080

Epoch 145
	Step 0: mean loss = 0.0087
	Step 50: mean loss = 0.0077
	Step 100: mean loss = 0.0078
	Step 150: mean loss = 0.0077

	Loss on validation set after epoch 145: 0.0079

Epoch 146
	Step 0: mean loss = 0.0075
	Step 50: mean loss = 0.0076
	Step 100: mean loss = 0.0077
	Step 150: mean loss = 0.0077

	Loss on validation set after epoch 146: 0.0075

Epoch 147
	Step 0: mean loss = 0.0070
	Step 50: mean loss = 0.0074
	Step 100: mean loss = 0.0075
	Step 150: mean loss = 0.0075

	Loss on validation set after epoch 147: 0.0079

Epoch 148
	Step 0: mean loss = 0.0081
	Step 50: mean loss = 0.0073
	Step 100: mean loss = 0.0075
	Step 150: mean loss = 0.0075

	Loss on validation set after epoch 148: 0.0082

Epoch 149
	Step 0: mean loss = 0.0075
	Step 50: mean loss = 0.0072
	Step 100: mean loss = 0.0074
	Step 150: mean loss = 0.0074

	Loss on validation set after epoch 149: 0.0084

Epoch 150
	Step 0: mean loss = 0.0067
	Step 50: mean loss = 0.0072
	Step 100: mean loss = 0.0073
	Step 150: mean loss = 0.0073

	Loss on validation set after epoch 150: 0.0073

Epoch 151
	Step 0: mean loss = 0.0069
	Step 50: mean loss = 0.0071
	Step 100: mean loss = 0.0073
	Step 150: mean loss = 0.0072

	Loss on validation set after epoch 151: 0.0073

Epoch 152
	Step 0: mean loss = 0.0067
	Step 50: mean loss = 0.0070
	Step 100: mean loss = 0.0072
	Step 150: mean loss = 0.0072

	Loss on validation set after epoch 152: 0.0079

Epoch 153
	Step 0: mean loss = 0.0069
	Step 50: mean loss = 0.0070
	Step 100: mean loss = 0.0071
	Step 150: mean loss = 0.0072

	Loss on validation set after epoch 153: 0.0073

Epoch 154
	Step 0: mean loss = 0.0069
	Step 50: mean loss = 0.0070
	Step 100: mean loss = 0.0071
	Step 150: mean loss = 0.0071

	Loss on validation set after epoch 154: 0.0074

Epoch 155
	Step 0: mean loss = 0.0069
	Step 50: mean loss = 0.0069
	Step 100: mean loss = 0.0071
	Step 150: mean loss = 0.0071

	Loss on validation set after epoch 155: 0.0070

Epoch 156
	Step 0: mean loss = 0.0084
	Step 50: mean loss = 0.0068
	Step 100: mean loss = 0.0070
	Step 150: mean loss = 0.0070

	Loss on validation set after epoch 156: 0.0072

Epoch 157
	Step 0: mean loss = 0.0076
	Step 50: mean loss = 0.0067
	Step 100: mean loss = 0.0069
	Step 150: mean loss = 0.0069

	Loss on validation set after epoch 157: 0.0070

Epoch 158
	Step 0: mean loss = 0.0060
	Step 50: mean loss = 0.0068
	Step 100: mean loss = 0.0069
	Step 150: mean loss = 0.0069

	Loss on validation set after epoch 158: 0.0069

Epoch 159
	Step 0: mean loss = 0.0069
	Step 50: mean loss = 0.0067
	Step 100: mean loss = 0.0068
	Step 150: mean loss = 0.0068

	Loss on validation set after epoch 159: 0.0073

Epoch 160
	Step 0: mean loss = 0.0071
	Step 50: mean loss = 0.0067
	Step 100: mean loss = 0.0068
	Step 150: mean loss = 0.0068

	Loss on validation set after epoch 160: 0.0071

Epoch 161
	Step 0: mean loss = 0.0067
	Step 50: mean loss = 0.0066
	Step 100: mean loss = 0.0068
	Step 150: mean loss = 0.0067

	Loss on validation set after epoch 161: 0.0070

Epoch 162
	Step 0: mean loss = 0.0058
	Step 50: mean loss = 0.0066
	Step 100: mean loss = 0.0068
	Step 150: mean loss = 0.0067

	Loss on validation set after epoch 162: 0.0072

Epoch 163
	Step 0: mean loss = 0.0067
	Step 50: mean loss = 0.0066
	Step 100: mean loss = 0.0067
	Step 150: mean loss = 0.0067

	Loss on validation set after epoch 163: 0.0073

Epoch 164
	Step 0: mean loss = 0.0067
	Step 50: mean loss = 0.0066
	Step 100: mean loss = 0.0066
	Step 150: mean loss = 0.0067

	Loss on validation set after epoch 164: 0.0068

Epoch 165
	Step 0: mean loss = 0.0062
	Step 50: mean loss = 0.0065
	Step 100: mean loss = 0.0066
	Step 150: mean loss = 0.0066

	Loss on validation set after epoch 165: 0.0069

Epoch 166
	Step 0: mean loss = 0.0065
	Step 50: mean loss = 0.0064
	Step 100: mean loss = 0.0065
	Step 150: mean loss = 0.0066

	Loss on validation set after epoch 166: 0.0067

Epoch 167
	Step 0: mean loss = 0.0061
	Step 50: mean loss = 0.0064
	Step 100: mean loss = 0.0066
	Step 150: mean loss = 0.0066

	Loss on validation set after epoch 167: 0.0070

Epoch 168
	Step 0: mean loss = 0.0073
	Step 50: mean loss = 0.0064
	Step 100: mean loss = 0.0065
	Step 150: mean loss = 0.0066

	Loss on validation set after epoch 168: 0.0067

Epoch 169
	Step 0: mean loss = 0.0068
	Step 50: mean loss = 0.0065
	Step 100: mean loss = 0.0065
	Step 150: mean loss = 0.0065

	Loss on validation set after epoch 169: 0.0067

Epoch 170
	Step 0: mean loss = 0.0061
	Step 50: mean loss = 0.0063
	Step 100: mean loss = 0.0064
	Step 150: mean loss = 0.0065

	Loss on validation set after epoch 170: 0.0069

Epoch 171
	Step 0: mean loss = 0.0069
	Step 50: mean loss = 0.0063
	Step 100: mean loss = 0.0064
	Step 150: mean loss = 0.0064

	Loss on validation set after epoch 171: 0.0066

Epoch 172
	Step 0: mean loss = 0.0070
	Step 50: mean loss = 0.0063
	Step 100: mean loss = 0.0064
	Step 150: mean loss = 0.0064

	Loss on validation set after epoch 172: 0.0070

Epoch 173
	Step 0: mean loss = 0.0068
	Step 50: mean loss = 0.0063
	Step 100: mean loss = 0.0064
	Step 150: mean loss = 0.0064

	Loss on validation set after epoch 173: 0.0069

Epoch 174
	Step 0: mean loss = 0.0074
	Step 50: mean loss = 0.0062
	Step 100: mean loss = 0.0063
	Step 150: mean loss = 0.0063

	Loss on validation set after epoch 174: 0.0064

Epoch 175
	Step 0: mean loss = 0.0055
	Step 50: mean loss = 0.0062
	Step 100: mean loss = 0.0063
	Step 150: mean loss = 0.0063

	Loss on validation set after epoch 175: 0.0066

Epoch 176
	Step 0: mean loss = 0.0066
	Step 50: mean loss = 0.0062
	Step 100: mean loss = 0.0063
	Step 150: mean loss = 0.0063

	Loss on validation set after epoch 176: 0.0068

Epoch 177
	Step 0: mean loss = 0.0058
	Step 50: mean loss = 0.0061
	Step 100: mean loss = 0.0062
	Step 150: mean loss = 0.0063

	Loss on validation set after epoch 177: 0.0067

Epoch 178
	Step 0: mean loss = 0.0052
	Step 50: mean loss = 0.0061
	Step 100: mean loss = 0.0062
	Step 150: mean loss = 0.0062

	Loss on validation set after epoch 178: 0.0068

Epoch 179
	Step 0: mean loss = 0.0060
	Step 50: mean loss = 0.0062
	Step 100: mean loss = 0.0062
	Step 150: mean loss = 0.0062

	Loss on validation set after epoch 179: 0.0064

Epoch 180
	Step 0: mean loss = 0.0068
	Step 50: mean loss = 0.0061
	Step 100: mean loss = 0.0062
	Step 150: mean loss = 0.0062

	Loss on validation set after epoch 180: 0.0064

Epoch 181
	Step 0: mean loss = 0.0060
	Step 50: mean loss = 0.0062
	Step 100: mean loss = 0.0062
	Step 150: mean loss = 0.0062

	Loss on validation set after epoch 181: 0.0064

Epoch 182
	Step 0: mean loss = 0.0062
	Step 50: mean loss = 0.0061
	Step 100: mean loss = 0.0061
	Step 150: mean loss = 0.0061

	Loss on validation set after epoch 182: 0.0065

Epoch 183
	Step 0: mean loss = 0.0050
	Step 50: mean loss = 0.0060
	Step 100: mean loss = 0.0061
	Step 150: mean loss = 0.0061

	Loss on validation set after epoch 183: 0.0062

Epoch 184
	Step 0: mean loss = 0.0048
	Step 50: mean loss = 0.0060
	Step 100: mean loss = 0.0061
	Step 150: mean loss = 0.0061

	Loss on validation set after epoch 184: 0.0063

Epoch 185
	Step 0: mean loss = 0.0066
	Step 50: mean loss = 0.0060
	Step 100: mean loss = 0.0061
	Step 150: mean loss = 0.0061

	Loss on validation set after epoch 185: 0.0064

Epoch 186
	Step 0: mean loss = 0.0049
	Step 50: mean loss = 0.0060
	Step 100: mean loss = 0.0061
	Step 150: mean loss = 0.0061

	Loss on validation set after epoch 186: 0.0063

Epoch 187
	Step 0: mean loss = 0.0055
	Step 50: mean loss = 0.0059
	Step 100: mean loss = 0.0060
	Step 150: mean loss = 0.0060

	Loss on validation set after epoch 187: 0.0063

Epoch 188
	Step 0: mean loss = 0.0063
	Step 50: mean loss = 0.0059
	Step 100: mean loss = 0.0060
	Step 150: mean loss = 0.0060

	Loss on validation set after epoch 188: 0.0061

Epoch 189
	Step 0: mean loss = 0.0053
	Step 50: mean loss = 0.0059
	Step 100: mean loss = 0.0060
	Step 150: mean loss = 0.0060

	Loss on validation set after epoch 189: 0.0061

Epoch 190
	Step 0: mean loss = 0.0056
	Step 50: mean loss = 0.0059
	Step 100: mean loss = 0.0060
	Step 150: mean loss = 0.0060

	Loss on validation set after epoch 190: 0.0062

Epoch 191
	Step 0: mean loss = 0.0046
	Step 50: mean loss = 0.0059
	Step 100: mean loss = 0.0060
	Step 150: mean loss = 0.0060

	Loss on validation set after epoch 191: 0.0066

Epoch 192
	Step 0: mean loss = 0.0049
	Step 50: mean loss = 0.0058
	Step 100: mean loss = 0.0060
	Step 150: mean loss = 0.0060

	Loss on validation set after epoch 192: 0.0063

Epoch 193
	Step 0: mean loss = 0.0053
	Step 50: mean loss = 0.0058
	Step 100: mean loss = 0.0059
	Step 150: mean loss = 0.0059

	Loss on validation set after epoch 193: 0.0065

Epoch 194
	Step 0: mean loss = 0.0070
	Step 50: mean loss = 0.0059
	Step 100: mean loss = 0.0059
	Step 150: mean loss = 0.0059

	Loss on validation set after epoch 194: 0.0062

Epoch 195
	Step 0: mean loss = 0.0055
	Step 50: mean loss = 0.0058
	Step 100: mean loss = 0.0058
	Step 150: mean loss = 0.0059

	Loss on validation set after epoch 195: 0.0063

Epoch 196
	Step 0: mean loss = 0.0057
	Step 50: mean loss = 0.0058
	Step 100: mean loss = 0.0059
	Step 150: mean loss = 0.0059

	Loss on validation set after epoch 196: 0.0064

Epoch 197
	Step 0: mean loss = 0.0059
	Step 50: mean loss = 0.0058
	Step 100: mean loss = 0.0059
	Step 150: mean loss = 0.0059

	Loss on validation set after epoch 197: 0.0064

Epoch 198
	Step 0: mean loss = 0.0046
	Step 50: mean loss = 0.0056
	Step 100: mean loss = 0.0058
	Step 150: mean loss = 0.0058

	Loss on validation set after epoch 198: 0.0061

Epoch 199
	Step 0: mean loss = 0.0063
	Step 50: mean loss = 0.0057
	Step 100: mean loss = 0.0058
	Step 150: mean loss = 0.0058

	Loss on validation set after epoch 199: 0.0061

Model from epoch 189 was selected by early stopping.
Training process will be stopped now.
Deleted temporary files in ../data/trained_models/temp_01-02-15-30-08/
Location of saved model: ../data/trained_models/last_hope_44_01-02-15-30-08/ 

Adding feature wise convolutions with 32 filters per feature, 3 kernels and 1 strides ...
Adding feature wise convolutions with 1 filters per feature, 3 kernels and 1 strides ...
Adding feature based graph attention layer ...
Adding time based graph attention layer ...
Adding GRU layer with 256 units ...
Adding GRU layer with 61 units ...
Adding VAE as reconstruction model dimensions 4096 & 1536 and ...
Adding dense layer to forecasting model with 512 units and ReLu activation ...
Adding dense layer to forecasting model with 256 units and ReLu activation ...
Adding last dense layer to forecasting model with 61 units and sigmoid activation ...
VAE reconstructs the output of the gru layer.

Grid search running in anomaly detection model selection mode.
The following hyperparameters will not be evaluated:
relevance_mapping
unaffected_component_threshold
si_mode
si_parameter

Testing 294 combinations via grid search 
for model last_hope_44_01-02-15-30-08/ on the validation dataset. 

Currently testing combination 0/293 (0.3, 0.2, 100, None, 'sort_only', {'h': 1.0, 'm': 0.3, 'l': 0.0, 'u': 0.0, 'e': 0.0}) ...
Currently testing combination 1/293 (0.3, 0.2, 110, None, 'sort_only', {'h': 1.0, 'm': 0.3, 'l': 0.0, 'u': 0.0, 'e': 0.0}) ...
Currently testing combination 2/293 (0.3, 0.2, 120, None, 'sort_only', {'h': 1.0, 'm': 0.3, 'l': 0.0, 'u': 0.0, 'e': 0.0}) ...
Currently testing combination 3/293 (0.3, 0.2, 130, None, 'sort_only', {'h': 1.0, 'm': 0.3, 'l': 0.0, 'u': 0.0, 'e': 0.0}) ...
Currently testing combination 4/293 (0.3, 0.2, 140, None, 'sort_only', {'h': 1.0, 'm': 0.3, 'l': 0.0, 'u': 0.0, 'e': 0.0}) ...
Currently testing combination 5/293 (0.3, 0.2, 150, None, 'sort_only', {'h': 1.0, 'm': 0.3, 'l': 0.0, 'u': 0.0, 'e': 0.0}) ...
Currently testing combination 6/293 (0.3, 0.2, 160, None, 'sort_only', {'h': 1.0, 'm': 0.3, 'l': 0.0, 'u': 0.0, 'e': 0.0}) ...
Currently testing combination 7/293 (0.3, 0.225, 100, None, 'sort_only', {'h': 1.0, 'm': 0.3, 'l': 0.0, 'u': 0.0, 'e': 0.0}) ...
Currently testing combination 8/293 (0.3, 0.225, 110, None, 'sort_only', {'h': 1.0, 'm': 0.3, 'l': 0.0, 'u': 0.0, 'e': 0.0}) ...
Currently testing combination 9/293 (0.3, 0.225, 120, None, 'sort_only', {'h': 1.0, 'm': 0.3, 'l': 0.0, 'u': 0.0, 'e': 0.0}) ...
Currently testing combination 10/293 (0.3, 0.225, 130, None, 'sort_only', {'h': 1.0, 'm': 0.3, 'l': 0.0, 'u': 0.0, 'e': 0.0}) ...
Currently testing combination 11/293 (0.3, 0.225, 140, None, 'sort_only', {'h': 1.0, 'm': 0.3, 'l': 0.0, 'u': 0.0, 'e': 0.0}) ...
Currently testing combination 12/293 (0.3, 0.225, 150, None, 'sort_only', {'h': 1.0, 'm': 0.3, 'l': 0.0, 'u': 0.0, 'e': 0.0}) ...
Currently testing combination 13/293 (0.3, 0.225, 160, None, 'sort_only', {'h': 1.0, 'm': 0.3, 'l': 0.0, 'u': 0.0, 'e': 0.0}) ...
Currently testing combination 14/293 (0.3, 0.25, 100, None, 'sort_only', {'h': 1.0, 'm': 0.3, 'l': 0.0, 'u': 0.0, 'e': 0.0}) ...
Currently testing combination 15/293 (0.3, 0.25, 110, None, 'sort_only', {'h': 1.0, 'm': 0.3, 'l': 0.0, 'u': 0.0, 'e': 0.0}) ...
Currently testing combination 16/293 (0.3, 0.25, 120, None, 'sort_only', {'h': 1.0, 'm': 0.3, 'l': 0.0, 'u': 0.0, 'e': 0.0}) ...
Currently testing combination 17/293 (0.3, 0.25, 130, None, 'sort_only', {'h': 1.0, 'm': 0.3, 'l': 0.0, 'u': 0.0, 'e': 0.0}) ...
Currently testing combination 18/293 (0.3, 0.25, 140, None, 'sort_only', {'h': 1.0, 'm': 0.3, 'l': 0.0, 'u': 0.0, 'e': 0.0}) ...
Currently testing combination 19/293 (0.3, 0.25, 150, None, 'sort_only', {'h': 1.0, 'm': 0.3, 'l': 0.0, 'u': 0.0, 'e': 0.0}) ...
Currently testing combination 20/293 (0.3, 0.25, 160, None, 'sort_only', {'h': 1.0, 'm': 0.3, 'l': 0.0, 'u': 0.0, 'e': 0.0}) ...
Currently testing combination 21/293 (0.3, 0.275, 100, None, 'sort_only', {'h': 1.0, 'm': 0.3, 'l': 0.0, 'u': 0.0, 'e': 0.0}) ...
Currently testing combination 22/293 (0.3, 0.275, 110, None, 'sort_only', {'h': 1.0, 'm': 0.3, 'l': 0.0, 'u': 0.0, 'e': 0.0}) ...
Currently testing combination 23/293 (0.3, 0.275, 120, None, 'sort_only', {'h': 1.0, 'm': 0.3, 'l': 0.0, 'u': 0.0, 'e': 0.0}) ...
Currently testing combination 24/293 (0.3, 0.275, 130, None, 'sort_only', {'h': 1.0, 'm': 0.3, 'l': 0.0, 'u': 0.0, 'e': 0.0}) ...
Currently testing combination 25/293 (0.3, 0.275, 140, None, 'sort_only', {'h': 1.0, 'm': 0.3, 'l': 0.0, 'u': 0.0, 'e': 0.0}) ...
Currently testing combination 26/293 (0.3, 0.275, 150, None, 'sort_only', {'h': 1.0, 'm': 0.3, 'l': 0.0, 'u': 0.0, 'e': 0.0}) ...
Currently testing combination 27/293 (0.3, 0.275, 160, None, 'sort_only', {'h': 1.0, 'm': 0.3, 'l': 0.0, 'u': 0.0, 'e': 0.0}) ...
Currently testing combination 28/293 (0.3, 0.3, 100, None, 'sort_only', {'h': 1.0, 'm': 0.3, 'l': 0.0, 'u': 0.0, 'e': 0.0}) ...
Currently testing combination 29/293 (0.3, 0.3, 110, None, 'sort_only', {'h': 1.0, 'm': 0.3, 'l': 0.0, 'u': 0.0, 'e': 0.0}) ...
Currently testing combination 30/293 (0.3, 0.3, 120, None, 'sort_only', {'h': 1.0, 'm': 0.3, 'l': 0.0, 'u': 0.0, 'e': 0.0}) ...
Currently testing combination 31/293 (0.3, 0.3, 130, None, 'sort_only', {'h': 1.0, 'm': 0.3, 'l': 0.0, 'u': 0.0, 'e': 0.0}) ...
Currently testing combination 32/293 (0.3, 0.3, 140, None, 'sort_only', {'h': 1.0, 'm': 0.3, 'l': 0.0, 'u': 0.0, 'e': 0.0}) ...
Currently testing combination 33/293 (0.3, 0.3, 150, None, 'sort_only', {'h': 1.0, 'm': 0.3, 'l': 0.0, 'u': 0.0, 'e': 0.0}) ...
Currently testing combination 34/293 (0.3, 0.3, 160, None, 'sort_only', {'h': 1.0, 'm': 0.3, 'l': 0.0, 'u': 0.0, 'e': 0.0}) ...
Currently testing combination 35/293 (0.3, 0.325, 100, None, 'sort_only', {'h': 1.0, 'm': 0.3, 'l': 0.0, 'u': 0.0, 'e': 0.0}) ...
Currently testing combination 36/293 (0.3, 0.325, 110, None, 'sort_only', {'h': 1.0, 'm': 0.3, 'l': 0.0, 'u': 0.0, 'e': 0.0}) ...
Currently testing combination 37/293 (0.3, 0.325, 120, None, 'sort_only', {'h': 1.0, 'm': 0.3, 'l': 0.0, 'u': 0.0, 'e': 0.0}) ...
Currently testing combination 38/293 (0.3, 0.325, 130, None, 'sort_only', {'h': 1.0, 'm': 0.3, 'l': 0.0, 'u': 0.0, 'e': 0.0}) ...
Currently testing combination 39/293 (0.3, 0.325, 140, None, 'sort_only', {'h': 1.0, 'm': 0.3, 'l': 0.0, 'u': 0.0, 'e': 0.0}) ...
Currently testing combination 40/293 (0.3, 0.325, 150, None, 'sort_only', {'h': 1.0, 'm': 0.3, 'l': 0.0, 'u': 0.0, 'e': 0.0}) ...
Currently testing combination 41/293 (0.3, 0.325, 160, None, 'sort_only', {'h': 1.0, 'm': 0.3, 'l': 0.0, 'u': 0.0, 'e': 0.0}) ...
Currently testing combination 42/293 (0.3, 0.35, 100, None, 'sort_only', {'h': 1.0, 'm': 0.3, 'l': 0.0, 'u': 0.0, 'e': 0.0}) ...
Currently testing combination 43/293 (0.3, 0.35, 110, None, 'sort_only', {'h': 1.0, 'm': 0.3, 'l': 0.0, 'u': 0.0, 'e': 0.0}) ...
Currently testing combination 44/293 (0.3, 0.35, 120, None, 'sort_only', {'h': 1.0, 'm': 0.3, 'l': 0.0, 'u': 0.0, 'e': 0.0}) ...
Currently testing combination 45/293 (0.3, 0.35, 130, None, 'sort_only', {'h': 1.0, 'm': 0.3, 'l': 0.0, 'u': 0.0, 'e': 0.0}) ...
Currently testing combination 46/293 (0.3, 0.35, 140, None, 'sort_only', {'h': 1.0, 'm': 0.3, 'l': 0.0, 'u': 0.0, 'e': 0.0}) ...
Currently testing combination 47/293 (0.3, 0.35, 150, None, 'sort_only', {'h': 1.0, 'm': 0.3, 'l': 0.0, 'u': 0.0, 'e': 0.0}) ...
Currently testing combination 48/293 (0.3, 0.35, 160, None, 'sort_only', {'h': 1.0, 'm': 0.3, 'l': 0.0, 'u': 0.0, 'e': 0.0}) ...
Currently testing combination 49/293 (0.4, 0.2, 100, None, 'sort_only', {'h': 1.0, 'm': 0.3, 'l': 0.0, 'u': 0.0, 'e': 0.0}) ...
Currently testing combination 50/293 (0.4, 0.2, 110, None, 'sort_only', {'h': 1.0, 'm': 0.3, 'l': 0.0, 'u': 0.0, 'e': 0.0}) ...
Currently testing combination 51/293 (0.4, 0.2, 120, None, 'sort_only', {'h': 1.0, 'm': 0.3, 'l': 0.0, 'u': 0.0, 'e': 0.0}) ...
Currently testing combination 52/293 (0.4, 0.2, 130, None, 'sort_only', {'h': 1.0, 'm': 0.3, 'l': 0.0, 'u': 0.0, 'e': 0.0}) ...
Currently testing combination 53/293 (0.4, 0.2, 140, None, 'sort_only', {'h': 1.0, 'm': 0.3, 'l': 0.0, 'u': 0.0, 'e': 0.0}) ...
Currently testing combination 54/293 (0.4, 0.2, 150, None, 'sort_only', {'h': 1.0, 'm': 0.3, 'l': 0.0, 'u': 0.0, 'e': 0.0}) ...
Currently testing combination 55/293 (0.4, 0.2, 160, None, 'sort_only', {'h': 1.0, 'm': 0.3, 'l': 0.0, 'u': 0.0, 'e': 0.0}) ...
Currently testing combination 56/293 (0.4, 0.225, 100, None, 'sort_only', {'h': 1.0, 'm': 0.3, 'l': 0.0, 'u': 0.0, 'e': 0.0}) ...
Currently testing combination 57/293 (0.4, 0.225, 110, None, 'sort_only', {'h': 1.0, 'm': 0.3, 'l': 0.0, 'u': 0.0, 'e': 0.0}) ...
Currently testing combination 58/293 (0.4, 0.225, 120, None, 'sort_only', {'h': 1.0, 'm': 0.3, 'l': 0.0, 'u': 0.0, 'e': 0.0}) ...
Currently testing combination 59/293 (0.4, 0.225, 130, None, 'sort_only', {'h': 1.0, 'm': 0.3, 'l': 0.0, 'u': 0.0, 'e': 0.0}) ...
Currently testing combination 60/293 (0.4, 0.225, 140, None, 'sort_only', {'h': 1.0, 'm': 0.3, 'l': 0.0, 'u': 0.0, 'e': 0.0}) ...
Currently testing combination 61/293 (0.4, 0.225, 150, None, 'sort_only', {'h': 1.0, 'm': 0.3, 'l': 0.0, 'u': 0.0, 'e': 0.0}) ...
Currently testing combination 62/293 (0.4, 0.225, 160, None, 'sort_only', {'h': 1.0, 'm': 0.3, 'l': 0.0, 'u': 0.0, 'e': 0.0}) ...
Currently testing combination 63/293 (0.4, 0.25, 100, None, 'sort_only', {'h': 1.0, 'm': 0.3, 'l': 0.0, 'u': 0.0, 'e': 0.0}) ...
Currently testing combination 64/293 (0.4, 0.25, 110, None, 'sort_only', {'h': 1.0, 'm': 0.3, 'l': 0.0, 'u': 0.0, 'e': 0.0}) ...
Currently testing combination 65/293 (0.4, 0.25, 120, None, 'sort_only', {'h': 1.0, 'm': 0.3, 'l': 0.0, 'u': 0.0, 'e': 0.0}) ...
Currently testing combination 66/293 (0.4, 0.25, 130, None, 'sort_only', {'h': 1.0, 'm': 0.3, 'l': 0.0, 'u': 0.0, 'e': 0.0}) ...
Currently testing combination 67/293 (0.4, 0.25, 140, None, 'sort_only', {'h': 1.0, 'm': 0.3, 'l': 0.0, 'u': 0.0, 'e': 0.0}) ...
Currently testing combination 68/293 (0.4, 0.25, 150, None, 'sort_only', {'h': 1.0, 'm': 0.3, 'l': 0.0, 'u': 0.0, 'e': 0.0}) ...
Currently testing combination 69/293 (0.4, 0.25, 160, None, 'sort_only', {'h': 1.0, 'm': 0.3, 'l': 0.0, 'u': 0.0, 'e': 0.0}) ...
Currently testing combination 70/293 (0.4, 0.275, 100, None, 'sort_only', {'h': 1.0, 'm': 0.3, 'l': 0.0, 'u': 0.0, 'e': 0.0}) ...
Currently testing combination 71/293 (0.4, 0.275, 110, None, 'sort_only', {'h': 1.0, 'm': 0.3, 'l': 0.0, 'u': 0.0, 'e': 0.0}) ...
Currently testing combination 72/293 (0.4, 0.275, 120, None, 'sort_only', {'h': 1.0, 'm': 0.3, 'l': 0.0, 'u': 0.0, 'e': 0.0}) ...
Currently testing combination 73/293 (0.4, 0.275, 130, None, 'sort_only', {'h': 1.0, 'm': 0.3, 'l': 0.0, 'u': 0.0, 'e': 0.0}) ...
Currently testing combination 74/293 (0.4, 0.275, 140, None, 'sort_only', {'h': 1.0, 'm': 0.3, 'l': 0.0, 'u': 0.0, 'e': 0.0}) ...
Currently testing combination 75/293 (0.4, 0.275, 150, None, 'sort_only', {'h': 1.0, 'm': 0.3, 'l': 0.0, 'u': 0.0, 'e': 0.0}) ...
Currently testing combination 76/293 (0.4, 0.275, 160, None, 'sort_only', {'h': 1.0, 'm': 0.3, 'l': 0.0, 'u': 0.0, 'e': 0.0}) ...
Currently testing combination 77/293 (0.4, 0.3, 100, None, 'sort_only', {'h': 1.0, 'm': 0.3, 'l': 0.0, 'u': 0.0, 'e': 0.0}) ...
Currently testing combination 78/293 (0.4, 0.3, 110, None, 'sort_only', {'h': 1.0, 'm': 0.3, 'l': 0.0, 'u': 0.0, 'e': 0.0}) ...
Currently testing combination 79/293 (0.4, 0.3, 120, None, 'sort_only', {'h': 1.0, 'm': 0.3, 'l': 0.0, 'u': 0.0, 'e': 0.0}) ...
Currently testing combination 80/293 (0.4, 0.3, 130, None, 'sort_only', {'h': 1.0, 'm': 0.3, 'l': 0.0, 'u': 0.0, 'e': 0.0}) ...
Currently testing combination 81/293 (0.4, 0.3, 140, None, 'sort_only', {'h': 1.0, 'm': 0.3, 'l': 0.0, 'u': 0.0, 'e': 0.0}) ...
Currently testing combination 82/293 (0.4, 0.3, 150, None, 'sort_only', {'h': 1.0, 'm': 0.3, 'l': 0.0, 'u': 0.0, 'e': 0.0}) ...
Currently testing combination 83/293 (0.4, 0.3, 160, None, 'sort_only', {'h': 1.0, 'm': 0.3, 'l': 0.0, 'u': 0.0, 'e': 0.0}) ...
Currently testing combination 84/293 (0.4, 0.325, 100, None, 'sort_only', {'h': 1.0, 'm': 0.3, 'l': 0.0, 'u': 0.0, 'e': 0.0}) ...
Currently testing combination 85/293 (0.4, 0.325, 110, None, 'sort_only', {'h': 1.0, 'm': 0.3, 'l': 0.0, 'u': 0.0, 'e': 0.0}) ...
Currently testing combination 86/293 (0.4, 0.325, 120, None, 'sort_only', {'h': 1.0, 'm': 0.3, 'l': 0.0, 'u': 0.0, 'e': 0.0}) ...
Currently testing combination 87/293 (0.4, 0.325, 130, None, 'sort_only', {'h': 1.0, 'm': 0.3, 'l': 0.0, 'u': 0.0, 'e': 0.0}) ...
Currently testing combination 88/293 (0.4, 0.325, 140, None, 'sort_only', {'h': 1.0, 'm': 0.3, 'l': 0.0, 'u': 0.0, 'e': 0.0}) ...
Currently testing combination 89/293 (0.4, 0.325, 150, None, 'sort_only', {'h': 1.0, 'm': 0.3, 'l': 0.0, 'u': 0.0, 'e': 0.0}) ...
Currently testing combination 90/293 (0.4, 0.325, 160, None, 'sort_only', {'h': 1.0, 'm': 0.3, 'l': 0.0, 'u': 0.0, 'e': 0.0}) ...
Currently testing combination 91/293 (0.4, 0.35, 100, None, 'sort_only', {'h': 1.0, 'm': 0.3, 'l': 0.0, 'u': 0.0, 'e': 0.0}) ...
Currently testing combination 92/293 (0.4, 0.35, 110, None, 'sort_only', {'h': 1.0, 'm': 0.3, 'l': 0.0, 'u': 0.0, 'e': 0.0}) ...
Currently testing combination 93/293 (0.4, 0.35, 120, None, 'sort_only', {'h': 1.0, 'm': 0.3, 'l': 0.0, 'u': 0.0, 'e': 0.0}) ...
Currently testing combination 94/293 (0.4, 0.35, 130, None, 'sort_only', {'h': 1.0, 'm': 0.3, 'l': 0.0, 'u': 0.0, 'e': 0.0}) ...
Currently testing combination 95/293 (0.4, 0.35, 140, None, 'sort_only', {'h': 1.0, 'm': 0.3, 'l': 0.0, 'u': 0.0, 'e': 0.0}) ...
Currently testing combination 96/293 (0.4, 0.35, 150, None, 'sort_only', {'h': 1.0, 'm': 0.3, 'l': 0.0, 'u': 0.0, 'e': 0.0}) ...
Currently testing combination 97/293 (0.4, 0.35, 160, None, 'sort_only', {'h': 1.0, 'm': 0.3, 'l': 0.0, 'u': 0.0, 'e': 0.0}) ...
Currently testing combination 98/293 (0.5, 0.2, 100, None, 'sort_only', {'h': 1.0, 'm': 0.3, 'l': 0.0, 'u': 0.0, 'e': 0.0}) ...
Currently testing combination 99/293 (0.5, 0.2, 110, None, 'sort_only', {'h': 1.0, 'm': 0.3, 'l': 0.0, 'u': 0.0, 'e': 0.0}) ...
Currently testing combination 100/293 (0.5, 0.2, 120, None, 'sort_only', {'h': 1.0, 'm': 0.3, 'l': 0.0, 'u': 0.0, 'e': 0.0}) ...
Currently testing combination 101/293 (0.5, 0.2, 130, None, 'sort_only', {'h': 1.0, 'm': 0.3, 'l': 0.0, 'u': 0.0, 'e': 0.0}) ...
Currently testing combination 102/293 (0.5, 0.2, 140, None, 'sort_only', {'h': 1.0, 'm': 0.3, 'l': 0.0, 'u': 0.0, 'e': 0.0}) ...
Currently testing combination 103/293 (0.5, 0.2, 150, None, 'sort_only', {'h': 1.0, 'm': 0.3, 'l': 0.0, 'u': 0.0, 'e': 0.0}) ...
Currently testing combination 104/293 (0.5, 0.2, 160, None, 'sort_only', {'h': 1.0, 'm': 0.3, 'l': 0.0, 'u': 0.0, 'e': 0.0}) ...
Currently testing combination 105/293 (0.5, 0.225, 100, None, 'sort_only', {'h': 1.0, 'm': 0.3, 'l': 0.0, 'u': 0.0, 'e': 0.0}) ...
Currently testing combination 106/293 (0.5, 0.225, 110, None, 'sort_only', {'h': 1.0, 'm': 0.3, 'l': 0.0, 'u': 0.0, 'e': 0.0}) ...
Currently testing combination 107/293 (0.5, 0.225, 120, None, 'sort_only', {'h': 1.0, 'm': 0.3, 'l': 0.0, 'u': 0.0, 'e': 0.0}) ...
Currently testing combination 108/293 (0.5, 0.225, 130, None, 'sort_only', {'h': 1.0, 'm': 0.3, 'l': 0.0, 'u': 0.0, 'e': 0.0}) ...
Currently testing combination 109/293 (0.5, 0.225, 140, None, 'sort_only', {'h': 1.0, 'm': 0.3, 'l': 0.0, 'u': 0.0, 'e': 0.0}) ...
Currently testing combination 110/293 (0.5, 0.225, 150, None, 'sort_only', {'h': 1.0, 'm': 0.3, 'l': 0.0, 'u': 0.0, 'e': 0.0}) ...
Currently testing combination 111/293 (0.5, 0.225, 160, None, 'sort_only', {'h': 1.0, 'm': 0.3, 'l': 0.0, 'u': 0.0, 'e': 0.0}) ...
Currently testing combination 112/293 (0.5, 0.25, 100, None, 'sort_only', {'h': 1.0, 'm': 0.3, 'l': 0.0, 'u': 0.0, 'e': 0.0}) ...
Currently testing combination 113/293 (0.5, 0.25, 110, None, 'sort_only', {'h': 1.0, 'm': 0.3, 'l': 0.0, 'u': 0.0, 'e': 0.0}) ...
Currently testing combination 114/293 (0.5, 0.25, 120, None, 'sort_only', {'h': 1.0, 'm': 0.3, 'l': 0.0, 'u': 0.0, 'e': 0.0}) ...
Currently testing combination 115/293 (0.5, 0.25, 130, None, 'sort_only', {'h': 1.0, 'm': 0.3, 'l': 0.0, 'u': 0.0, 'e': 0.0}) ...
Currently testing combination 116/293 (0.5, 0.25, 140, None, 'sort_only', {'h': 1.0, 'm': 0.3, 'l': 0.0, 'u': 0.0, 'e': 0.0}) ...
Currently testing combination 117/293 (0.5, 0.25, 150, None, 'sort_only', {'h': 1.0, 'm': 0.3, 'l': 0.0, 'u': 0.0, 'e': 0.0}) ...
Currently testing combination 118/293 (0.5, 0.25, 160, None, 'sort_only', {'h': 1.0, 'm': 0.3, 'l': 0.0, 'u': 0.0, 'e': 0.0}) ...
Currently testing combination 119/293 (0.5, 0.275, 100, None, 'sort_only', {'h': 1.0, 'm': 0.3, 'l': 0.0, 'u': 0.0, 'e': 0.0}) ...
Currently testing combination 120/293 (0.5, 0.275, 110, None, 'sort_only', {'h': 1.0, 'm': 0.3, 'l': 0.0, 'u': 0.0, 'e': 0.0}) ...
Currently testing combination 121/293 (0.5, 0.275, 120, None, 'sort_only', {'h': 1.0, 'm': 0.3, 'l': 0.0, 'u': 0.0, 'e': 0.0}) ...
Currently testing combination 122/293 (0.5, 0.275, 130, None, 'sort_only', {'h': 1.0, 'm': 0.3, 'l': 0.0, 'u': 0.0, 'e': 0.0}) ...
Currently testing combination 123/293 (0.5, 0.275, 140, None, 'sort_only', {'h': 1.0, 'm': 0.3, 'l': 0.0, 'u': 0.0, 'e': 0.0}) ...
Currently testing combination 124/293 (0.5, 0.275, 150, None, 'sort_only', {'h': 1.0, 'm': 0.3, 'l': 0.0, 'u': 0.0, 'e': 0.0}) ...
Currently testing combination 125/293 (0.5, 0.275, 160, None, 'sort_only', {'h': 1.0, 'm': 0.3, 'l': 0.0, 'u': 0.0, 'e': 0.0}) ...
Currently testing combination 126/293 (0.5, 0.3, 100, None, 'sort_only', {'h': 1.0, 'm': 0.3, 'l': 0.0, 'u': 0.0, 'e': 0.0}) ...
Currently testing combination 127/293 (0.5, 0.3, 110, None, 'sort_only', {'h': 1.0, 'm': 0.3, 'l': 0.0, 'u': 0.0, 'e': 0.0}) ...
Currently testing combination 128/293 (0.5, 0.3, 120, None, 'sort_only', {'h': 1.0, 'm': 0.3, 'l': 0.0, 'u': 0.0, 'e': 0.0}) ...
Currently testing combination 129/293 (0.5, 0.3, 130, None, 'sort_only', {'h': 1.0, 'm': 0.3, 'l': 0.0, 'u': 0.0, 'e': 0.0}) ...
Currently testing combination 130/293 (0.5, 0.3, 140, None, 'sort_only', {'h': 1.0, 'm': 0.3, 'l': 0.0, 'u': 0.0, 'e': 0.0}) ...
Currently testing combination 131/293 (0.5, 0.3, 150, None, 'sort_only', {'h': 1.0, 'm': 0.3, 'l': 0.0, 'u': 0.0, 'e': 0.0}) ...
Currently testing combination 132/293 (0.5, 0.3, 160, None, 'sort_only', {'h': 1.0, 'm': 0.3, 'l': 0.0, 'u': 0.0, 'e': 0.0}) ...
Currently testing combination 133/293 (0.5, 0.325, 100, None, 'sort_only', {'h': 1.0, 'm': 0.3, 'l': 0.0, 'u': 0.0, 'e': 0.0}) ...
Currently testing combination 134/293 (0.5, 0.325, 110, None, 'sort_only', {'h': 1.0, 'm': 0.3, 'l': 0.0, 'u': 0.0, 'e': 0.0}) ...
Currently testing combination 135/293 (0.5, 0.325, 120, None, 'sort_only', {'h': 1.0, 'm': 0.3, 'l': 0.0, 'u': 0.0, 'e': 0.0}) ...
Currently testing combination 136/293 (0.5, 0.325, 130, None, 'sort_only', {'h': 1.0, 'm': 0.3, 'l': 0.0, 'u': 0.0, 'e': 0.0}) ...
Currently testing combination 137/293 (0.5, 0.325, 140, None, 'sort_only', {'h': 1.0, 'm': 0.3, 'l': 0.0, 'u': 0.0, 'e': 0.0}) ...
Currently testing combination 138/293 (0.5, 0.325, 150, None, 'sort_only', {'h': 1.0, 'm': 0.3, 'l': 0.0, 'u': 0.0, 'e': 0.0}) ...
Currently testing combination 139/293 (0.5, 0.325, 160, None, 'sort_only', {'h': 1.0, 'm': 0.3, 'l': 0.0, 'u': 0.0, 'e': 0.0}) ...
Currently testing combination 140/293 (0.5, 0.35, 100, None, 'sort_only', {'h': 1.0, 'm': 0.3, 'l': 0.0, 'u': 0.0, 'e': 0.0}) ...
Currently testing combination 141/293 (0.5, 0.35, 110, None, 'sort_only', {'h': 1.0, 'm': 0.3, 'l': 0.0, 'u': 0.0, 'e': 0.0}) ...
Currently testing combination 142/293 (0.5, 0.35, 120, None, 'sort_only', {'h': 1.0, 'm': 0.3, 'l': 0.0, 'u': 0.0, 'e': 0.0}) ...
Currently testing combination 143/293 (0.5, 0.35, 130, None, 'sort_only', {'h': 1.0, 'm': 0.3, 'l': 0.0, 'u': 0.0, 'e': 0.0}) ...
Currently testing combination 144/293 (0.5, 0.35, 140, None, 'sort_only', {'h': 1.0, 'm': 0.3, 'l': 0.0, 'u': 0.0, 'e': 0.0}) ...
Currently testing combination 145/293 (0.5, 0.35, 150, None, 'sort_only', {'h': 1.0, 'm': 0.3, 'l': 0.0, 'u': 0.0, 'e': 0.0}) ...
Currently testing combination 146/293 (0.5, 0.35, 160, None, 'sort_only', {'h': 1.0, 'm': 0.3, 'l': 0.0, 'u': 0.0, 'e': 0.0}) ...
Currently testing combination 147/293 (0.6, 0.2, 100, None, 'sort_only', {'h': 1.0, 'm': 0.3, 'l': 0.0, 'u': 0.0, 'e': 0.0}) ...
Currently testing combination 148/293 (0.6, 0.2, 110, None, 'sort_only', {'h': 1.0, 'm': 0.3, 'l': 0.0, 'u': 0.0, 'e': 0.0}) ...
Currently testing combination 149/293 (0.6, 0.2, 120, None, 'sort_only', {'h': 1.0, 'm': 0.3, 'l': 0.0, 'u': 0.0, 'e': 0.0}) ...
Currently testing combination 150/293 (0.6, 0.2, 130, None, 'sort_only', {'h': 1.0, 'm': 0.3, 'l': 0.0, 'u': 0.0, 'e': 0.0}) ...
Currently testing combination 151/293 (0.6, 0.2, 140, None, 'sort_only', {'h': 1.0, 'm': 0.3, 'l': 0.0, 'u': 0.0, 'e': 0.0}) ...
Currently testing combination 152/293 (0.6, 0.2, 150, None, 'sort_only', {'h': 1.0, 'm': 0.3, 'l': 0.0, 'u': 0.0, 'e': 0.0}) ...
Currently testing combination 153/293 (0.6, 0.2, 160, None, 'sort_only', {'h': 1.0, 'm': 0.3, 'l': 0.0, 'u': 0.0, 'e': 0.0}) ...
Currently testing combination 154/293 (0.6, 0.225, 100, None, 'sort_only', {'h': 1.0, 'm': 0.3, 'l': 0.0, 'u': 0.0, 'e': 0.0}) ...
Currently testing combination 155/293 (0.6, 0.225, 110, None, 'sort_only', {'h': 1.0, 'm': 0.3, 'l': 0.0, 'u': 0.0, 'e': 0.0}) ...
Currently testing combination 156/293 (0.6, 0.225, 120, None, 'sort_only', {'h': 1.0, 'm': 0.3, 'l': 0.0, 'u': 0.0, 'e': 0.0}) ...
Currently testing combination 157/293 (0.6, 0.225, 130, None, 'sort_only', {'h': 1.0, 'm': 0.3, 'l': 0.0, 'u': 0.0, 'e': 0.0}) ...
Currently testing combination 158/293 (0.6, 0.225, 140, None, 'sort_only', {'h': 1.0, 'm': 0.3, 'l': 0.0, 'u': 0.0, 'e': 0.0}) ...
Currently testing combination 159/293 (0.6, 0.225, 150, None, 'sort_only', {'h': 1.0, 'm': 0.3, 'l': 0.0, 'u': 0.0, 'e': 0.0}) ...
Currently testing combination 160/293 (0.6, 0.225, 160, None, 'sort_only', {'h': 1.0, 'm': 0.3, 'l': 0.0, 'u': 0.0, 'e': 0.0}) ...
Currently testing combination 161/293 (0.6, 0.25, 100, None, 'sort_only', {'h': 1.0, 'm': 0.3, 'l': 0.0, 'u': 0.0, 'e': 0.0}) ...
Currently testing combination 162/293 (0.6, 0.25, 110, None, 'sort_only', {'h': 1.0, 'm': 0.3, 'l': 0.0, 'u': 0.0, 'e': 0.0}) ...
Currently testing combination 163/293 (0.6, 0.25, 120, None, 'sort_only', {'h': 1.0, 'm': 0.3, 'l': 0.0, 'u': 0.0, 'e': 0.0}) ...
Currently testing combination 164/293 (0.6, 0.25, 130, None, 'sort_only', {'h': 1.0, 'm': 0.3, 'l': 0.0, 'u': 0.0, 'e': 0.0}) ...
Currently testing combination 165/293 (0.6, 0.25, 140, None, 'sort_only', {'h': 1.0, 'm': 0.3, 'l': 0.0, 'u': 0.0, 'e': 0.0}) ...
Currently testing combination 166/293 (0.6, 0.25, 150, None, 'sort_only', {'h': 1.0, 'm': 0.3, 'l': 0.0, 'u': 0.0, 'e': 0.0}) ...
Currently testing combination 167/293 (0.6, 0.25, 160, None, 'sort_only', {'h': 1.0, 'm': 0.3, 'l': 0.0, 'u': 0.0, 'e': 0.0}) ...
Currently testing combination 168/293 (0.6, 0.275, 100, None, 'sort_only', {'h': 1.0, 'm': 0.3, 'l': 0.0, 'u': 0.0, 'e': 0.0}) ...
Currently testing combination 169/293 (0.6, 0.275, 110, None, 'sort_only', {'h': 1.0, 'm': 0.3, 'l': 0.0, 'u': 0.0, 'e': 0.0}) ...
Currently testing combination 170/293 (0.6, 0.275, 120, None, 'sort_only', {'h': 1.0, 'm': 0.3, 'l': 0.0, 'u': 0.0, 'e': 0.0}) ...
Currently testing combination 171/293 (0.6, 0.275, 130, None, 'sort_only', {'h': 1.0, 'm': 0.3, 'l': 0.0, 'u': 0.0, 'e': 0.0}) ...
Currently testing combination 172/293 (0.6, 0.275, 140, None, 'sort_only', {'h': 1.0, 'm': 0.3, 'l': 0.0, 'u': 0.0, 'e': 0.0}) ...
Currently testing combination 173/293 (0.6, 0.275, 150, None, 'sort_only', {'h': 1.0, 'm': 0.3, 'l': 0.0, 'u': 0.0, 'e': 0.0}) ...
Currently testing combination 174/293 (0.6, 0.275, 160, None, 'sort_only', {'h': 1.0, 'm': 0.3, 'l': 0.0, 'u': 0.0, 'e': 0.0}) ...
Currently testing combination 175/293 (0.6, 0.3, 100, None, 'sort_only', {'h': 1.0, 'm': 0.3, 'l': 0.0, 'u': 0.0, 'e': 0.0}) ...
Currently testing combination 176/293 (0.6, 0.3, 110, None, 'sort_only', {'h': 1.0, 'm': 0.3, 'l': 0.0, 'u': 0.0, 'e': 0.0}) ...
Currently testing combination 177/293 (0.6, 0.3, 120, None, 'sort_only', {'h': 1.0, 'm': 0.3, 'l': 0.0, 'u': 0.0, 'e': 0.0}) ...
Currently testing combination 178/293 (0.6, 0.3, 130, None, 'sort_only', {'h': 1.0, 'm': 0.3, 'l': 0.0, 'u': 0.0, 'e': 0.0}) ...
Currently testing combination 179/293 (0.6, 0.3, 140, None, 'sort_only', {'h': 1.0, 'm': 0.3, 'l': 0.0, 'u': 0.0, 'e': 0.0}) ...
Currently testing combination 180/293 (0.6, 0.3, 150, None, 'sort_only', {'h': 1.0, 'm': 0.3, 'l': 0.0, 'u': 0.0, 'e': 0.0}) ...
Currently testing combination 181/293 (0.6, 0.3, 160, None, 'sort_only', {'h': 1.0, 'm': 0.3, 'l': 0.0, 'u': 0.0, 'e': 0.0}) ...
Currently testing combination 182/293 (0.6, 0.325, 100, None, 'sort_only', {'h': 1.0, 'm': 0.3, 'l': 0.0, 'u': 0.0, 'e': 0.0}) ...
Currently testing combination 183/293 (0.6, 0.325, 110, None, 'sort_only', {'h': 1.0, 'm': 0.3, 'l': 0.0, 'u': 0.0, 'e': 0.0}) ...
Currently testing combination 184/293 (0.6, 0.325, 120, None, 'sort_only', {'h': 1.0, 'm': 0.3, 'l': 0.0, 'u': 0.0, 'e': 0.0}) ...
Currently testing combination 185/293 (0.6, 0.325, 130, None, 'sort_only', {'h': 1.0, 'm': 0.3, 'l': 0.0, 'u': 0.0, 'e': 0.0}) ...
Currently testing combination 186/293 (0.6, 0.325, 140, None, 'sort_only', {'h': 1.0, 'm': 0.3, 'l': 0.0, 'u': 0.0, 'e': 0.0}) ...
Currently testing combination 187/293 (0.6, 0.325, 150, None, 'sort_only', {'h': 1.0, 'm': 0.3, 'l': 0.0, 'u': 0.0, 'e': 0.0}) ...
Currently testing combination 188/293 (0.6, 0.325, 160, None, 'sort_only', {'h': 1.0, 'm': 0.3, 'l': 0.0, 'u': 0.0, 'e': 0.0}) ...
Currently testing combination 189/293 (0.6, 0.35, 100, None, 'sort_only', {'h': 1.0, 'm': 0.3, 'l': 0.0, 'u': 0.0, 'e': 0.0}) ...
Currently testing combination 190/293 (0.6, 0.35, 110, None, 'sort_only', {'h': 1.0, 'm': 0.3, 'l': 0.0, 'u': 0.0, 'e': 0.0}) ...
Currently testing combination 191/293 (0.6, 0.35, 120, None, 'sort_only', {'h': 1.0, 'm': 0.3, 'l': 0.0, 'u': 0.0, 'e': 0.0}) ...
Currently testing combination 192/293 (0.6, 0.35, 130, None, 'sort_only', {'h': 1.0, 'm': 0.3, 'l': 0.0, 'u': 0.0, 'e': 0.0}) ...
Currently testing combination 193/293 (0.6, 0.35, 140, None, 'sort_only', {'h': 1.0, 'm': 0.3, 'l': 0.0, 'u': 0.0, 'e': 0.0}) ...
Currently testing combination 194/293 (0.6, 0.35, 150, None, 'sort_only', {'h': 1.0, 'm': 0.3, 'l': 0.0, 'u': 0.0, 'e': 0.0}) ...
Currently testing combination 195/293 (0.6, 0.35, 160, None, 'sort_only', {'h': 1.0, 'm': 0.3, 'l': 0.0, 'u': 0.0, 'e': 0.0}) ...
Currently testing combination 196/293 (0.7, 0.2, 100, None, 'sort_only', {'h': 1.0, 'm': 0.3, 'l': 0.0, 'u': 0.0, 'e': 0.0}) ...
Currently testing combination 197/293 (0.7, 0.2, 110, None, 'sort_only', {'h': 1.0, 'm': 0.3, 'l': 0.0, 'u': 0.0, 'e': 0.0}) ...
Currently testing combination 198/293 (0.7, 0.2, 120, None, 'sort_only', {'h': 1.0, 'm': 0.3, 'l': 0.0, 'u': 0.0, 'e': 0.0}) ...
Currently testing combination 199/293 (0.7, 0.2, 130, None, 'sort_only', {'h': 1.0, 'm': 0.3, 'l': 0.0, 'u': 0.0, 'e': 0.0}) ...
Currently testing combination 200/293 (0.7, 0.2, 140, None, 'sort_only', {'h': 1.0, 'm': 0.3, 'l': 0.0, 'u': 0.0, 'e': 0.0}) ...
Currently testing combination 201/293 (0.7, 0.2, 150, None, 'sort_only', {'h': 1.0, 'm': 0.3, 'l': 0.0, 'u': 0.0, 'e': 0.0}) ...
Currently testing combination 202/293 (0.7, 0.2, 160, None, 'sort_only', {'h': 1.0, 'm': 0.3, 'l': 0.0, 'u': 0.0, 'e': 0.0}) ...
Currently testing combination 203/293 (0.7, 0.225, 100, None, 'sort_only', {'h': 1.0, 'm': 0.3, 'l': 0.0, 'u': 0.0, 'e': 0.0}) ...
Currently testing combination 204/293 (0.7, 0.225, 110, None, 'sort_only', {'h': 1.0, 'm': 0.3, 'l': 0.0, 'u': 0.0, 'e': 0.0}) ...
Currently testing combination 205/293 (0.7, 0.225, 120, None, 'sort_only', {'h': 1.0, 'm': 0.3, 'l': 0.0, 'u': 0.0, 'e': 0.0}) ...
Currently testing combination 206/293 (0.7, 0.225, 130, None, 'sort_only', {'h': 1.0, 'm': 0.3, 'l': 0.0, 'u': 0.0, 'e': 0.0}) ...
Currently testing combination 207/293 (0.7, 0.225, 140, None, 'sort_only', {'h': 1.0, 'm': 0.3, 'l': 0.0, 'u': 0.0, 'e': 0.0}) ...
Currently testing combination 208/293 (0.7, 0.225, 150, None, 'sort_only', {'h': 1.0, 'm': 0.3, 'l': 0.0, 'u': 0.0, 'e': 0.0}) ...
Currently testing combination 209/293 (0.7, 0.225, 160, None, 'sort_only', {'h': 1.0, 'm': 0.3, 'l': 0.0, 'u': 0.0, 'e': 0.0}) ...
Currently testing combination 210/293 (0.7, 0.25, 100, None, 'sort_only', {'h': 1.0, 'm': 0.3, 'l': 0.0, 'u': 0.0, 'e': 0.0}) ...
Currently testing combination 211/293 (0.7, 0.25, 110, None, 'sort_only', {'h': 1.0, 'm': 0.3, 'l': 0.0, 'u': 0.0, 'e': 0.0}) ...
Currently testing combination 212/293 (0.7, 0.25, 120, None, 'sort_only', {'h': 1.0, 'm': 0.3, 'l': 0.0, 'u': 0.0, 'e': 0.0}) ...
Currently testing combination 213/293 (0.7, 0.25, 130, None, 'sort_only', {'h': 1.0, 'm': 0.3, 'l': 0.0, 'u': 0.0, 'e': 0.0}) ...
Currently testing combination 214/293 (0.7, 0.25, 140, None, 'sort_only', {'h': 1.0, 'm': 0.3, 'l': 0.0, 'u': 0.0, 'e': 0.0}) ...
Currently testing combination 215/293 (0.7, 0.25, 150, None, 'sort_only', {'h': 1.0, 'm': 0.3, 'l': 0.0, 'u': 0.0, 'e': 0.0}) ...
Currently testing combination 216/293 (0.7, 0.25, 160, None, 'sort_only', {'h': 1.0, 'm': 0.3, 'l': 0.0, 'u': 0.0, 'e': 0.0}) ...
Currently testing combination 217/293 (0.7, 0.275, 100, None, 'sort_only', {'h': 1.0, 'm': 0.3, 'l': 0.0, 'u': 0.0, 'e': 0.0}) ...
Currently testing combination 218/293 (0.7, 0.275, 110, None, 'sort_only', {'h': 1.0, 'm': 0.3, 'l': 0.0, 'u': 0.0, 'e': 0.0}) ...
Currently testing combination 219/293 (0.7, 0.275, 120, None, 'sort_only', {'h': 1.0, 'm': 0.3, 'l': 0.0, 'u': 0.0, 'e': 0.0}) ...
Currently testing combination 220/293 (0.7, 0.275, 130, None, 'sort_only', {'h': 1.0, 'm': 0.3, 'l': 0.0, 'u': 0.0, 'e': 0.0}) ...
Currently testing combination 221/293 (0.7, 0.275, 140, None, 'sort_only', {'h': 1.0, 'm': 0.3, 'l': 0.0, 'u': 0.0, 'e': 0.0}) ...
Currently testing combination 222/293 (0.7, 0.275, 150, None, 'sort_only', {'h': 1.0, 'm': 0.3, 'l': 0.0, 'u': 0.0, 'e': 0.0}) ...
Currently testing combination 223/293 (0.7, 0.275, 160, None, 'sort_only', {'h': 1.0, 'm': 0.3, 'l': 0.0, 'u': 0.0, 'e': 0.0}) ...
Currently testing combination 224/293 (0.7, 0.3, 100, None, 'sort_only', {'h': 1.0, 'm': 0.3, 'l': 0.0, 'u': 0.0, 'e': 0.0}) ...
Currently testing combination 225/293 (0.7, 0.3, 110, None, 'sort_only', {'h': 1.0, 'm': 0.3, 'l': 0.0, 'u': 0.0, 'e': 0.0}) ...
Currently testing combination 226/293 (0.7, 0.3, 120, None, 'sort_only', {'h': 1.0, 'm': 0.3, 'l': 0.0, 'u': 0.0, 'e': 0.0}) ...
Currently testing combination 227/293 (0.7, 0.3, 130, None, 'sort_only', {'h': 1.0, 'm': 0.3, 'l': 0.0, 'u': 0.0, 'e': 0.0}) ...
Currently testing combination 228/293 (0.7, 0.3, 140, None, 'sort_only', {'h': 1.0, 'm': 0.3, 'l': 0.0, 'u': 0.0, 'e': 0.0}) ...
Currently testing combination 229/293 (0.7, 0.3, 150, None, 'sort_only', {'h': 1.0, 'm': 0.3, 'l': 0.0, 'u': 0.0, 'e': 0.0}) ...
Currently testing combination 230/293 (0.7, 0.3, 160, None, 'sort_only', {'h': 1.0, 'm': 0.3, 'l': 0.0, 'u': 0.0, 'e': 0.0}) ...
Currently testing combination 231/293 (0.7, 0.325, 100, None, 'sort_only', {'h': 1.0, 'm': 0.3, 'l': 0.0, 'u': 0.0, 'e': 0.0}) ...
Currently testing combination 232/293 (0.7, 0.325, 110, None, 'sort_only', {'h': 1.0, 'm': 0.3, 'l': 0.0, 'u': 0.0, 'e': 0.0}) ...
Currently testing combination 233/293 (0.7, 0.325, 120, None, 'sort_only', {'h': 1.0, 'm': 0.3, 'l': 0.0, 'u': 0.0, 'e': 0.0}) ...
Currently testing combination 234/293 (0.7, 0.325, 130, None, 'sort_only', {'h': 1.0, 'm': 0.3, 'l': 0.0, 'u': 0.0, 'e': 0.0}) ...
Currently testing combination 235/293 (0.7, 0.325, 140, None, 'sort_only', {'h': 1.0, 'm': 0.3, 'l': 0.0, 'u': 0.0, 'e': 0.0}) ...
Currently testing combination 236/293 (0.7, 0.325, 150, None, 'sort_only', {'h': 1.0, 'm': 0.3, 'l': 0.0, 'u': 0.0, 'e': 0.0}) ...
Currently testing combination 237/293 (0.7, 0.325, 160, None, 'sort_only', {'h': 1.0, 'm': 0.3, 'l': 0.0, 'u': 0.0, 'e': 0.0}) ...
Currently testing combination 238/293 (0.7, 0.35, 100, None, 'sort_only', {'h': 1.0, 'm': 0.3, 'l': 0.0, 'u': 0.0, 'e': 0.0}) ...
Currently testing combination 239/293 (0.7, 0.35, 110, None, 'sort_only', {'h': 1.0, 'm': 0.3, 'l': 0.0, 'u': 0.0, 'e': 0.0}) ...
Currently testing combination 240/293 (0.7, 0.35, 120, None, 'sort_only', {'h': 1.0, 'm': 0.3, 'l': 0.0, 'u': 0.0, 'e': 0.0}) ...
Currently testing combination 241/293 (0.7, 0.35, 130, None, 'sort_only', {'h': 1.0, 'm': 0.3, 'l': 0.0, 'u': 0.0, 'e': 0.0}) ...
Currently testing combination 242/293 (0.7, 0.35, 140, None, 'sort_only', {'h': 1.0, 'm': 0.3, 'l': 0.0, 'u': 0.0, 'e': 0.0}) ...
Currently testing combination 243/293 (0.7, 0.35, 150, None, 'sort_only', {'h': 1.0, 'm': 0.3, 'l': 0.0, 'u': 0.0, 'e': 0.0}) ...
Currently testing combination 244/293 (0.7, 0.35, 160, None, 'sort_only', {'h': 1.0, 'm': 0.3, 'l': 0.0, 'u': 0.0, 'e': 0.0}) ...
Currently testing combination 245/293 (0.8, 0.2, 100, None, 'sort_only', {'h': 1.0, 'm': 0.3, 'l': 0.0, 'u': 0.0, 'e': 0.0}) ...
Currently testing combination 246/293 (0.8, 0.2, 110, None, 'sort_only', {'h': 1.0, 'm': 0.3, 'l': 0.0, 'u': 0.0, 'e': 0.0}) ...
Currently testing combination 247/293 (0.8, 0.2, 120, None, 'sort_only', {'h': 1.0, 'm': 0.3, 'l': 0.0, 'u': 0.0, 'e': 0.0}) ...
Currently testing combination 248/293 (0.8, 0.2, 130, None, 'sort_only', {'h': 1.0, 'm': 0.3, 'l': 0.0, 'u': 0.0, 'e': 0.0}) ...
Currently testing combination 249/293 (0.8, 0.2, 140, None, 'sort_only', {'h': 1.0, 'm': 0.3, 'l': 0.0, 'u': 0.0, 'e': 0.0}) ...
Currently testing combination 250/293 (0.8, 0.2, 150, None, 'sort_only', {'h': 1.0, 'm': 0.3, 'l': 0.0, 'u': 0.0, 'e': 0.0}) ...
Currently testing combination 251/293 (0.8, 0.2, 160, None, 'sort_only', {'h': 1.0, 'm': 0.3, 'l': 0.0, 'u': 0.0, 'e': 0.0}) ...
Currently testing combination 252/293 (0.8, 0.225, 100, None, 'sort_only', {'h': 1.0, 'm': 0.3, 'l': 0.0, 'u': 0.0, 'e': 0.0}) ...
Currently testing combination 253/293 (0.8, 0.225, 110, None, 'sort_only', {'h': 1.0, 'm': 0.3, 'l': 0.0, 'u': 0.0, 'e': 0.0}) ...
Currently testing combination 254/293 (0.8, 0.225, 120, None, 'sort_only', {'h': 1.0, 'm': 0.3, 'l': 0.0, 'u': 0.0, 'e': 0.0}) ...
Currently testing combination 255/293 (0.8, 0.225, 130, None, 'sort_only', {'h': 1.0, 'm': 0.3, 'l': 0.0, 'u': 0.0, 'e': 0.0}) ...
Currently testing combination 256/293 (0.8, 0.225, 140, None, 'sort_only', {'h': 1.0, 'm': 0.3, 'l': 0.0, 'u': 0.0, 'e': 0.0}) ...
Currently testing combination 257/293 (0.8, 0.225, 150, None, 'sort_only', {'h': 1.0, 'm': 0.3, 'l': 0.0, 'u': 0.0, 'e': 0.0}) ...
Currently testing combination 258/293 (0.8, 0.225, 160, None, 'sort_only', {'h': 1.0, 'm': 0.3, 'l': 0.0, 'u': 0.0, 'e': 0.0}) ...
Currently testing combination 259/293 (0.8, 0.25, 100, None, 'sort_only', {'h': 1.0, 'm': 0.3, 'l': 0.0, 'u': 0.0, 'e': 0.0}) ...
Currently testing combination 260/293 (0.8, 0.25, 110, None, 'sort_only', {'h': 1.0, 'm': 0.3, 'l': 0.0, 'u': 0.0, 'e': 0.0}) ...
Currently testing combination 261/293 (0.8, 0.25, 120, None, 'sort_only', {'h': 1.0, 'm': 0.3, 'l': 0.0, 'u': 0.0, 'e': 0.0}) ...
Currently testing combination 262/293 (0.8, 0.25, 130, None, 'sort_only', {'h': 1.0, 'm': 0.3, 'l': 0.0, 'u': 0.0, 'e': 0.0}) ...
Currently testing combination 263/293 (0.8, 0.25, 140, None, 'sort_only', {'h': 1.0, 'm': 0.3, 'l': 0.0, 'u': 0.0, 'e': 0.0}) ...
Currently testing combination 264/293 (0.8, 0.25, 150, None, 'sort_only', {'h': 1.0, 'm': 0.3, 'l': 0.0, 'u': 0.0, 'e': 0.0}) ...
Currently testing combination 265/293 (0.8, 0.25, 160, None, 'sort_only', {'h': 1.0, 'm': 0.3, 'l': 0.0, 'u': 0.0, 'e': 0.0}) ...
Currently testing combination 266/293 (0.8, 0.275, 100, None, 'sort_only', {'h': 1.0, 'm': 0.3, 'l': 0.0, 'u': 0.0, 'e': 0.0}) ...
Currently testing combination 267/293 (0.8, 0.275, 110, None, 'sort_only', {'h': 1.0, 'm': 0.3, 'l': 0.0, 'u': 0.0, 'e': 0.0}) ...
Currently testing combination 268/293 (0.8, 0.275, 120, None, 'sort_only', {'h': 1.0, 'm': 0.3, 'l': 0.0, 'u': 0.0, 'e': 0.0}) ...
Currently testing combination 269/293 (0.8, 0.275, 130, None, 'sort_only', {'h': 1.0, 'm': 0.3, 'l': 0.0, 'u': 0.0, 'e': 0.0}) ...
Currently testing combination 270/293 (0.8, 0.275, 140, None, 'sort_only', {'h': 1.0, 'm': 0.3, 'l': 0.0, 'u': 0.0, 'e': 0.0}) ...
Currently testing combination 271/293 (0.8, 0.275, 150, None, 'sort_only', {'h': 1.0, 'm': 0.3, 'l': 0.0, 'u': 0.0, 'e': 0.0}) ...
Currently testing combination 272/293 (0.8, 0.275, 160, None, 'sort_only', {'h': 1.0, 'm': 0.3, 'l': 0.0, 'u': 0.0, 'e': 0.0}) ...
Currently testing combination 273/293 (0.8, 0.3, 100, None, 'sort_only', {'h': 1.0, 'm': 0.3, 'l': 0.0, 'u': 0.0, 'e': 0.0}) ...
Currently testing combination 274/293 (0.8, 0.3, 110, None, 'sort_only', {'h': 1.0, 'm': 0.3, 'l': 0.0, 'u': 0.0, 'e': 0.0}) ...
Currently testing combination 275/293 (0.8, 0.3, 120, None, 'sort_only', {'h': 1.0, 'm': 0.3, 'l': 0.0, 'u': 0.0, 'e': 0.0}) ...
Currently testing combination 276/293 (0.8, 0.3, 130, None, 'sort_only', {'h': 1.0, 'm': 0.3, 'l': 0.0, 'u': 0.0, 'e': 0.0}) ...
Currently testing combination 277/293 (0.8, 0.3, 140, None, 'sort_only', {'h': 1.0, 'm': 0.3, 'l': 0.0, 'u': 0.0, 'e': 0.0}) ...
Currently testing combination 278/293 (0.8, 0.3, 150, None, 'sort_only', {'h': 1.0, 'm': 0.3, 'l': 0.0, 'u': 0.0, 'e': 0.0}) ...
Currently testing combination 279/293 (0.8, 0.3, 160, None, 'sort_only', {'h': 1.0, 'm': 0.3, 'l': 0.0, 'u': 0.0, 'e': 0.0}) ...
Currently testing combination 280/293 (0.8, 0.325, 100, None, 'sort_only', {'h': 1.0, 'm': 0.3, 'l': 0.0, 'u': 0.0, 'e': 0.0}) ...
Currently testing combination 281/293 (0.8, 0.325, 110, None, 'sort_only', {'h': 1.0, 'm': 0.3, 'l': 0.0, 'u': 0.0, 'e': 0.0}) ...
Currently testing combination 282/293 (0.8, 0.325, 120, None, 'sort_only', {'h': 1.0, 'm': 0.3, 'l': 0.0, 'u': 0.0, 'e': 0.0}) ...
Currently testing combination 283/293 (0.8, 0.325, 130, None, 'sort_only', {'h': 1.0, 'm': 0.3, 'l': 0.0, 'u': 0.0, 'e': 0.0}) ...
Currently testing combination 284/293 (0.8, 0.325, 140, None, 'sort_only', {'h': 1.0, 'm': 0.3, 'l': 0.0, 'u': 0.0, 'e': 0.0}) ...
Currently testing combination 285/293 (0.8, 0.325, 150, None, 'sort_only', {'h': 1.0, 'm': 0.3, 'l': 0.0, 'u': 0.0, 'e': 0.0}) ...
Currently testing combination 286/293 (0.8, 0.325, 160, None, 'sort_only', {'h': 1.0, 'm': 0.3, 'l': 0.0, 'u': 0.0, 'e': 0.0}) ...
Currently testing combination 287/293 (0.8, 0.35, 100, None, 'sort_only', {'h': 1.0, 'm': 0.3, 'l': 0.0, 'u': 0.0, 'e': 0.0}) ...
Currently testing combination 288/293 (0.8, 0.35, 110, None, 'sort_only', {'h': 1.0, 'm': 0.3, 'l': 0.0, 'u': 0.0, 'e': 0.0}) ...
Currently testing combination 289/293 (0.8, 0.35, 120, None, 'sort_only', {'h': 1.0, 'm': 0.3, 'l': 0.0, 'u': 0.0, 'e': 0.0}) ...
Currently testing combination 290/293 (0.8, 0.35, 130, None, 'sort_only', {'h': 1.0, 'm': 0.3, 'l': 0.0, 'u': 0.0, 'e': 0.0}) ...
Currently testing combination 291/293 (0.8, 0.35, 140, None, 'sort_only', {'h': 1.0, 'm': 0.3, 'l': 0.0, 'u': 0.0, 'e': 0.0}) ...
Currently testing combination 292/293 (0.8, 0.35, 150, None, 'sort_only', {'h': 1.0, 'm': 0.3, 'l': 0.0, 'u': 0.0, 'e': 0.0}) ...
Currently testing combination 293/293 (0.8, 0.35, 160, None, 'sort_only', {'h': 1.0, 'm': 0.3, 'l': 0.0, 'u': 0.0, 'e': 0.0}) ...

Top 50 combinations tested:
      gamma  single_timestamp_a.. affected_timestamp..     AD F1     AD F2    AD TPR   AD Prec    AD ACC    AD TNR    AD FPR  SI/ST AVG-HR@100%  SI/ST AVG-HR@150%  SI/ST AVG-HR@K  SI/ST F1  SI/ST TPR  SI/ST ACC
Comb                                                                                                                                                                                                              
131     0.5                 0.300                  150  0.477314  0.633125  0.809231  0.338481  0.663158  0.628881  0.371119           0.315560           0.393848        0.166154  0.052308   0.052308   0.854201
237     0.7                 0.325                  160  0.476562  0.610305  0.750769  0.349070  0.686550  0.671480  0.328520           0.319405           0.403329        0.156923  0.043077   0.043077   0.852781
132     0.5                 0.300                  160  0.475755  0.628627  0.800000  0.338542  0.664912  0.633213  0.366787           0.315560           0.393848        0.166154  0.052308   0.052308   0.854201
130     0.5                 0.300                  140  0.474394  0.632184  0.812308  0.335025  0.657895  0.621661  0.378339           0.315560           0.393848        0.166154  0.052308   0.052308   0.854201
235     0.7                 0.325                  140  0.471931  0.612043  0.763077  0.341598  0.675439  0.654874  0.345126           0.319405           0.403329        0.156923  0.043077   0.043077   0.852781
236     0.7                 0.325                  150  0.470250  0.607338  0.753846  0.341702  0.677193  0.659206  0.340794           0.319405           0.403329        0.156923  0.043077   0.043077   0.852781
129     0.5                 0.300                  130  0.469965  0.631229  0.818462  0.329616  0.649123  0.609386  0.390614           0.315560           0.393848        0.166154  0.052308   0.052308   0.854201
234     0.7                 0.325                  130  0.469811  0.611794  0.766154  0.338776  0.671345  0.649097  0.350903           0.319405           0.403329        0.156923  0.043077   0.043077   0.852781
233     0.7                 0.325                  120  0.468837  0.614634  0.775385  0.336000  0.666082  0.640433  0.359567           0.319405           0.403329        0.156923  0.043077   0.043077   0.852781
128     0.5                 0.300                  120  0.466899  0.631182  0.824615  0.325638  0.642105  0.599278  0.400722           0.315560           0.393848        0.166154  0.052308   0.052308   0.854201
27      0.3                 0.275                  160  0.466478  0.607178  0.760000  0.336512  0.669591  0.648375  0.351625           0.307836           0.387755        0.163077  0.040000   0.040000   0.852308
24      0.3                 0.275                  130  0.465246  0.611003  0.772308  0.332891  0.662573  0.636823  0.363177           0.307836           0.387755        0.163077  0.040000   0.040000   0.852308
23      0.3                 0.275                  120  0.465074  0.613185  0.778462  0.331586  0.659649  0.631769  0.368231           0.307836           0.387755        0.163077  0.040000   0.040000   0.852308
232     0.7                 0.325                  110  0.463795  0.612294  0.778462  0.330287  0.657895  0.629603  0.370397           0.319405           0.403329        0.156923  0.043077   0.043077   0.852781
126     0.5                 0.300                  100  0.463768  0.633147  0.836923  0.320755  0.632164  0.584116  0.415884           0.315560           0.393848        0.166154  0.052308   0.052308   0.854201
26      0.3                 0.275                  150  0.463415  0.605096  0.760000  0.333333  0.665497  0.643321  0.356679           0.307836           0.387755        0.163077  0.040000   0.040000   0.852308
21      0.3                 0.275                  100  0.462780  0.617225  0.793846  0.326582  0.649708  0.615884  0.384116           0.307836           0.387755        0.163077  0.040000   0.040000   0.852308
25      0.3                 0.275                  140  0.462687  0.605765  0.763077  0.331995  0.663158  0.639711  0.360289           0.307836           0.387755        0.163077  0.040000   0.040000   0.852308
231     0.7                 0.325                  100  0.462375  0.613571  0.784615  0.327763  0.653216  0.622383  0.377617           0.319405           0.403329        0.156923  0.043077   0.043077   0.852781
286     0.8                 0.325                  160  0.461916  0.642077  0.867692  0.314732  0.615789  0.556679  0.443321           0.330358           0.424702        0.175385  0.070769   0.070769   0.857041
285     0.8                 0.325                  150  0.461789  0.643991  0.873846  0.313812  0.612865  0.551625  0.448375           0.330358           0.424702        0.175385  0.070769   0.070769   0.857041
127     0.5                 0.300                  110  0.461671  0.627341  0.824615  0.320574  0.634503  0.589892  0.410108           0.315560           0.393848        0.166154  0.052308   0.052308   0.854201
22      0.3                 0.275                  110  0.461258  0.610521  0.778462  0.327720  0.654386  0.625271  0.374729           0.307836           0.387755        0.163077  0.040000   0.040000   0.852308
284     0.8                 0.325                  140  0.456592  0.639928  0.873846  0.309032  0.604678  0.541516  0.458484           0.330358           0.424702        0.175385  0.070769   0.070769   0.857041
283     0.8                 0.325                  130  0.452022  0.637299  0.876923  0.304487  0.595906  0.529964  0.470036           0.330358           0.424702        0.175385  0.070769   0.070769   0.857041
182     0.6                 0.325                  100  0.451462  0.527322  0.593846  0.364151  0.725731  0.756679  0.243321           0.308994           0.395179        0.160000  0.040000   0.040000   0.852308
183     0.6                 0.325                  110  0.450000  0.520661  0.581538  0.366990  0.729825  0.764621  0.235379           0.308994           0.395179        0.160000  0.040000   0.040000   0.852308
77      0.4                 0.300                  100  0.449889  0.539242  0.621538  0.352531  0.711111  0.732130  0.267870           0.309492           0.391772        0.163077  0.036923   0.036923   0.851834
282     0.8                 0.325                  120  0.448627  0.635556  0.880000  0.301053  0.588889  0.520578  0.479422           0.330358           0.424702        0.175385  0.070769   0.070769   0.857041
79      0.4                 0.300                  120  0.446978  0.529158  0.603077  0.355072  0.716374  0.742960  0.257040           0.309492           0.391772        0.163077  0.036923   0.036923   0.851834
281     0.8                 0.325                  110  0.446512  0.635762  0.886154  0.298446  0.582456  0.511191  0.488809           0.330358           0.424702        0.175385  0.070769   0.070769   0.857041
78      0.4                 0.300                  110  0.446206  0.530140  0.606154  0.353047  0.714035  0.739350  0.260650           0.309492           0.391772        0.163077  0.036923   0.036923   0.851834
83      0.4                 0.300                  160  0.444712  0.511898  0.569231  0.364892  0.729825  0.767509  0.232491           0.309492           0.391772        0.163077  0.036923   0.036923   0.851834
189     0.6                 0.350                  100  0.443595  0.387183  0.356923  0.585859  0.829825  0.940794  0.059206           0.269426           0.354436        0.141538  0.018462   0.018462   0.848994
190     0.6                 0.350                  110  0.443580  0.382807  0.350769  0.603175  0.832749  0.945848  0.054152           0.269426           0.354436        0.141538  0.018462   0.018462   0.848994
280     0.8                 0.325                  100  0.442736  0.632689  0.886154  0.295082  0.576023  0.503249  0.496751           0.330358           0.424702        0.175385  0.070769   0.070769   0.857041
80      0.4                 0.300                  130  0.442130  0.519304  0.587692  0.354360  0.718129  0.748736  0.251264           0.309492           0.391772        0.163077  0.036923   0.036923   0.851834
184     0.6                 0.325                  120  0.442029  0.507488  0.563077  0.363817  0.729825  0.768953  0.231047           0.308994           0.395179        0.160000  0.040000   0.040000   0.852308
192     0.6                 0.350                  130  0.440476  0.375254  0.341538  0.620112  0.835088  0.950903  0.049097           0.269426           0.354436        0.141538  0.018462   0.018462   0.848994
81      0.4                 0.300                  140  0.440281  0.513942  0.578462  0.355388  0.720468  0.753791  0.246209           0.309492           0.391772        0.163077  0.036923   0.036923   0.851834
82      0.4                 0.300                  150  0.439952  0.509361  0.569231  0.358527  0.724561  0.761011  0.238989           0.309492           0.391772        0.163077  0.036923   0.036923   0.851834
191     0.6                 0.350                  120  0.437870  0.374494  0.341538  0.609890  0.833333  0.948736  0.051264           0.269426           0.354436        0.141538  0.018462   0.018462   0.848994
193     0.6                 0.350                  140  0.434608  0.366848  0.332308  0.627907  0.835673  0.953791  0.046209           0.269426           0.354436        0.141538  0.018462   0.018462   0.848994
88      0.4                 0.325                  140  0.432727  0.390164  0.366154  0.528889  0.817544  0.923466  0.076534           0.263536           0.357440        0.144615  0.018462   0.018462   0.848994
89      0.4                 0.325                  150  0.432234  0.387903  0.363077  0.533937  0.818713  0.925632  0.074368           0.263536           0.357440        0.144615  0.018462   0.018462   0.848994
185     0.6                 0.325                  130  0.431373  0.491346  0.541538  0.358452  0.728655  0.772563  0.227437           0.308994           0.395179        0.160000  0.040000   0.040000   0.852308
187     0.6                 0.325                  150  0.431274  0.483597  0.526154  0.365385  0.736257  0.785560  0.214440           0.308994           0.395179        0.160000  0.040000   0.040000   0.852308
87      0.4                 0.325                  130  0.431159  0.389653  0.366154  0.524229  0.816374  0.922022  0.077978           0.263536           0.357440        0.144615  0.018462   0.018462   0.848994
188     0.6                 0.325                  160  0.430573  0.480114  0.520000  0.367391  0.738596  0.789892  0.210108           0.308994           0.395179        0.160000  0.040000   0.040000   0.852308
181     0.6                 0.300                  160  0.429619  0.626336  0.901538  0.282002  0.545029  0.461372  0.538628           0.335427           0.423451        0.187692  0.080000   0.080000   0.858462

Full result output for the best combination:
                 #Examples   TP   FP   TN  FN       ACC       FNR       TNR       FPR       TPR      Prec        F1        F2  AVG # affected
Component                                                                                                                                    
no_failure            1385    0  514  871   0  0.628881       NaN  0.628881  0.371119       NaN  0.000000       NaN       NaN      156.707581
txt15_i1                 5    4    0    0   1  0.800000  0.200000       NaN       NaN  0.800000  1.000000  0.888889  0.833333      326.000000
txt15_i3                 5    0    0    0   5  0.000000  1.000000       NaN       NaN  0.000000       NaN       NaN       NaN       23.200000
txt15_conveyor           3    3    0    0   0  1.000000  0.000000       NaN       NaN  1.000000  1.000000  1.000000  1.000000      490.000000
txt15_m1               160  154    0    0   6  0.962500  0.037500       NaN       NaN  0.962500  1.000000  0.980892  0.969773      434.956250
txt15_pl                 9    7    0    0   2  0.777778  0.222222       NaN       NaN  0.777778  1.000000  0.875000  0.813953      306.666667
txt16_i3                 4    0    0    0   4  0.000000  1.000000       NaN       NaN  0.000000       NaN       NaN       NaN        0.000000
txt16_conveyor           8    3    0    0   5  0.375000  0.625000       NaN       NaN  0.375000  1.000000  0.545455  0.428571      114.250000
txt16_m3                65   58    0    0   7  0.892308  0.107692       NaN       NaN  0.892308  1.000000  0.943089  0.911950      401.230769
txt16_turntable          2    2    0    0   0  1.000000  0.000000       NaN       NaN  1.000000  1.000000  1.000000  1.000000      466.500000
txt17_i1                16    8    0    0   8  0.500000  0.500000       NaN       NaN  0.500000  1.000000  0.666667  0.555556      161.625000
txt17_pl                14    7    0    0   7  0.500000  0.500000       NaN       NaN  0.500000  1.000000  0.666667  0.555556      198.714286
txt18_pl                28   17    0    0  11  0.607143  0.392857       NaN       NaN  0.607143  1.000000  0.755556  0.658915      268.785714
txt19_i4                 6    0    0    0   6  0.000000  1.000000       NaN       NaN  0.000000       NaN       NaN       NaN        0.000000
combined              1710  263  514  871  62  0.663158  0.190769  0.628881  0.371119  0.809231  0.338481  0.477314  0.633125      194.988304

                 #Examples   TP   FP   TN  FN       ACC       FNR       TNR       FPR       TPR      Prec        F1        F2  AVG # affected
Component                                                                                                                                    
no_failure            1385    0  514  871   0  0.628881       NaN  0.628881  0.371119       NaN  0.000000       NaN       NaN      156.707581
txt15_i1                 5    4    0    0   1  0.800000  0.200000       NaN       NaN  0.800000  1.000000  0.888889  0.833333      326.000000
txt15_i3                 5    0    0    0   5  0.000000  1.000000       NaN       NaN  0.000000       NaN       NaN       NaN       23.200000
txt15_conveyor           3    3    0    0   0  1.000000  0.000000       NaN       NaN  1.000000  1.000000  1.000000  1.000000      490.000000
txt15_m1               160  154    0    0   6  0.962500  0.037500       NaN       NaN  0.962500  1.000000  0.980892  0.969773      434.956250
txt15_pl                 9    7    0    0   2  0.777778  0.222222       NaN       NaN  0.777778  1.000000  0.875000  0.813953      306.666667
txt16_i3                 4    0    0    0   4  0.000000  1.000000       NaN       NaN  0.000000       NaN       NaN       NaN        0.000000
txt16_conveyor           8    3    0    0   5  0.375000  0.625000       NaN       NaN  0.375000  1.000000  0.545455  0.428571      114.250000
txt16_m3                65   58    0    0   7  0.892308  0.107692       NaN       NaN  0.892308  1.000000  0.943089  0.911950      401.230769
txt16_turntable          2    2    0    0   0  1.000000  0.000000       NaN       NaN  1.000000  1.000000  1.000000  1.000000      466.500000
txt17_i1                16    8    0    0   8  0.500000  0.500000       NaN       NaN  0.500000  1.000000  0.666667  0.555556      161.625000
txt17_pl                14    7    0    0   7  0.500000  0.500000       NaN       NaN  0.500000  1.000000  0.666667  0.555556      198.714286
txt18_pl                28   17    0    0  11  0.607143  0.392857       NaN       NaN  0.607143  1.000000  0.755556  0.658915      268.785714
txt19_i4                 6    0    0    0   6  0.000000  1.000000       NaN       NaN  0.000000       NaN       NaN       NaN        0.000000
combined              1710  263  514  871  62  0.663158  0.190769  0.628881  0.371119  0.809231  0.338481  0.477314  0.633125      194.988304

Execution time: 6765.148458610056
