
Dataset loaded:
Shape of training set (example, time, channels): (20812, 500, 61)
Shape of test set (example, time, channels): (3989, 500, 61)
Shape of train validation set (example, time, channels): (2313, 500, 61)
Shape of test validation set (example, time, channels): (1710, 500, 61)
Num of classes in all: 25

Creating model based on ../configuration/hyperparameter_combinations/last_hope_61.json hyperparameter file 

Adding feature wise convolutions with 32 filters per feature, 3 kernels and 1 strides ...
Adding feature wise convolutions with 1 filters per feature, 3 kernels and 1 strides ...
Adding feature based graph attention layer ...
Adding time based graph attention layer ...
Adding GRU layer with 256 units ...
Adding GRU layer with 61 units ...
Adding VAE as reconstruction model dimensions 3072 & 1536 and ...
Adding dense layer to forecasting model with 512 units and ReLu activation ...
Adding dense layer to forecasting model with 256 units and ReLu activation ...
Adding last dense layer to forecasting model with 61 units and sigmoid activation ...
VAE reconstructs the output of the gru layer.

Epoch 0
	Step 0: mean loss = 1.3112
	Step 50: mean loss = 0.5132
	Step 100: mean loss = 0.3599
	Step 150: mean loss = 0.2825

	Loss on validation set after epoch 0: 0.1152

Epoch 1
	Step 0: mean loss = 0.1151
	Step 50: mean loss = 0.1096
	Step 100: mean loss = 0.1056
	Step 150: mean loss = 0.1021

	Loss on validation set after epoch 1: 0.0911

Epoch 2
	Step 0: mean loss = 0.0930
	Step 50: mean loss = 0.0891
	Step 100: mean loss = 0.0875
	Step 150: mean loss = 0.0859

	Loss on validation set after epoch 2: 0.0807

Epoch 3
	Step 0: mean loss = 0.0788
	Step 50: mean loss = 0.0789
	Step 100: mean loss = 0.0772
	Step 150: mean loss = 0.0758

	Loss on validation set after epoch 3: 0.0708

Epoch 4
	Step 0: mean loss = 0.0681
	Step 50: mean loss = 0.0701
	Step 100: mean loss = 0.0694
	Step 150: mean loss = 0.0688

	Loss on validation set after epoch 4: 0.0646

Epoch 5
	Step 0: mean loss = 0.0655
	Step 50: mean loss = 0.0645
	Step 100: mean loss = 0.0634
	Step 150: mean loss = 0.0625

	Loss on validation set after epoch 5: 0.0587

Epoch 6
	Step 0: mean loss = 0.0624
	Step 50: mean loss = 0.0589
	Step 100: mean loss = 0.0586
	Step 150: mean loss = 0.0583

	Loss on validation set after epoch 6: 0.0564

Epoch 7
	Step 0: mean loss = 0.0555
	Step 50: mean loss = 0.0567
	Step 100: mean loss = 0.0566
	Step 150: mean loss = 0.0565

	Loss on validation set after epoch 7: 0.0544

Epoch 8
	Step 0: mean loss = 0.0561
	Step 50: mean loss = 0.0555
	Step 100: mean loss = 0.0555
	Step 150: mean loss = 0.0553

	Loss on validation set after epoch 8: 0.0553

Epoch 9
	Step 0: mean loss = 0.0523
	Step 50: mean loss = 0.0541
	Step 100: mean loss = 0.0544
	Step 150: mean loss = 0.0542

	Loss on validation set after epoch 9: 0.0551

Epoch 10
	Step 0: mean loss = 0.0582
	Step 50: mean loss = 0.0535
	Step 100: mean loss = 0.0534
	Step 150: mean loss = 0.0533

	Loss on validation set after epoch 10: 0.0520

Epoch 11
	Step 0: mean loss = 0.0508
	Step 50: mean loss = 0.0520
	Step 100: mean loss = 0.0522
	Step 150: mean loss = 0.0521

	Loss on validation set after epoch 11: 0.0508

Epoch 12
	Step 0: mean loss = 0.0504
	Step 50: mean loss = 0.0510
	Step 100: mean loss = 0.0509
	Step 150: mean loss = 0.0510

	Loss on validation set after epoch 12: 0.0505

Epoch 13
	Step 0: mean loss = 0.0446
	Step 50: mean loss = 0.0502
	Step 100: mean loss = 0.0505
	Step 150: mean loss = 0.0503

	Loss on validation set after epoch 13: 0.0497

Epoch 14
	Step 0: mean loss = 0.0501
	Step 50: mean loss = 0.0495
	Step 100: mean loss = 0.0495
	Step 150: mean loss = 0.0495

	Loss on validation set after epoch 14: 0.0493

Epoch 15
	Step 0: mean loss = 0.0534
	Step 50: mean loss = 0.0496
	Step 100: mean loss = 0.0493
	Step 150: mean loss = 0.0490

	Loss on validation set after epoch 15: 0.0486

Epoch 16
	Step 0: mean loss = 0.0453
	Step 50: mean loss = 0.0483
	Step 100: mean loss = 0.0486
	Step 150: mean loss = 0.0484

	Loss on validation set after epoch 16: 0.0494

Epoch 17
	Step 0: mean loss = 0.0499
	Step 50: mean loss = 0.0475
	Step 100: mean loss = 0.0476
	Step 150: mean loss = 0.0476

	Loss on validation set after epoch 17: 0.0466

Epoch 18
	Step 0: mean loss = 0.0439
	Step 50: mean loss = 0.0467
	Step 100: mean loss = 0.0467
	Step 150: mean loss = 0.0466

	Loss on validation set after epoch 18: 0.0480

Epoch 19
	Step 0: mean loss = 0.0491
	Step 50: mean loss = 0.0462
	Step 100: mean loss = 0.0462
	Step 150: mean loss = 0.0461

	Loss on validation set after epoch 19: 0.0462

Epoch 20
	Step 0: mean loss = 0.0447
	Step 50: mean loss = 0.0455
	Step 100: mean loss = 0.0456
	Step 150: mean loss = 0.0454

	Loss on validation set after epoch 20: 0.0468

Epoch 21
	Step 0: mean loss = 0.0452
	Step 50: mean loss = 0.0444
	Step 100: mean loss = 0.0445
	Step 150: mean loss = 0.0443

	Loss on validation set after epoch 21: 0.0437

Epoch 22
	Step 0: mean loss = 0.0441
	Step 50: mean loss = 0.0435
	Step 100: mean loss = 0.0432
	Step 150: mean loss = 0.0432

	Loss on validation set after epoch 22: 0.0423

Epoch 23
	Step 0: mean loss = 0.0436
	Step 50: mean loss = 0.0425
	Step 100: mean loss = 0.0422
	Step 150: mean loss = 0.0422

	Loss on validation set after epoch 23: 0.0409

Epoch 24
	Step 0: mean loss = 0.0415
	Step 50: mean loss = 0.0418
	Step 100: mean loss = 0.0412
	Step 150: mean loss = 0.0411

	Loss on validation set after epoch 24: 0.0401

Epoch 25
	Step 0: mean loss = 0.0407
	Step 50: mean loss = 0.0399
	Step 100: mean loss = 0.0400
	Step 150: mean loss = 0.0400

	Loss on validation set after epoch 25: 0.0390

Epoch 26
	Step 0: mean loss = 0.0333
	Step 50: mean loss = 0.0389
	Step 100: mean loss = 0.0389
	Step 150: mean loss = 0.0390

	Loss on validation set after epoch 26: 0.0394

Epoch 27
	Step 0: mean loss = 0.0383
	Step 50: mean loss = 0.0383
	Step 100: mean loss = 0.0382
	Step 150: mean loss = 0.0381

	Loss on validation set after epoch 27: 0.0384

Epoch 28
	Step 0: mean loss = 0.0428
	Step 50: mean loss = 0.0375
	Step 100: mean loss = 0.0375
	Step 150: mean loss = 0.0374

	Loss on validation set after epoch 28: 0.0379

Epoch 29
	Step 0: mean loss = 0.0399
	Step 50: mean loss = 0.0369
	Step 100: mean loss = 0.0368
	Step 150: mean loss = 0.0366

	Loss on validation set after epoch 29: 0.0364

Epoch 30
	Step 0: mean loss = 0.0303
	Step 50: mean loss = 0.0363
	Step 100: mean loss = 0.0359
	Step 150: mean loss = 0.0358

	Loss on validation set after epoch 30: 0.0352

Epoch 31
	Step 0: mean loss = 0.0301
	Step 50: mean loss = 0.0349
	Step 100: mean loss = 0.0345
	Step 150: mean loss = 0.0345

	Loss on validation set after epoch 31: 0.0354

Epoch 32
	Step 0: mean loss = 0.0329
	Step 50: mean loss = 0.0349
	Step 100: mean loss = 0.0342
	Step 150: mean loss = 0.0341

	Loss on validation set after epoch 32: 0.0329

Epoch 33
	Step 0: mean loss = 0.0339
	Step 50: mean loss = 0.0331
	Step 100: mean loss = 0.0327
	Step 150: mean loss = 0.0327

	Loss on validation set after epoch 33: 0.0343

Epoch 34
	Step 0: mean loss = 0.0353
	Step 50: mean loss = 0.0318
	Step 100: mean loss = 0.0313
	Step 150: mean loss = 0.0311

	Loss on validation set after epoch 34: 0.0302

Epoch 35
	Step 0: mean loss = 0.0319
	Step 50: mean loss = 0.0301
	Step 100: mean loss = 0.0296
	Step 150: mean loss = 0.0293

	Loss on validation set after epoch 35: 0.0285

Epoch 36
	Step 0: mean loss = 0.0312
	Step 50: mean loss = 0.0274
	Step 100: mean loss = 0.0274
	Step 150: mean loss = 0.0272

	Loss on validation set after epoch 36: 0.0263

Epoch 37
	Step 0: mean loss = 0.0280
	Step 50: mean loss = 0.0259
	Step 100: mean loss = 0.0256
	Step 150: mean loss = 0.0255

	Loss on validation set after epoch 37: 0.0260

Epoch 38
	Step 0: mean loss = 0.0231
	Step 50: mean loss = 0.0245
	Step 100: mean loss = 0.0242
	Step 150: mean loss = 0.0240

	Loss on validation set after epoch 38: 0.0238

Epoch 39
	Step 0: mean loss = 0.0207
	Step 50: mean loss = 0.0230
	Step 100: mean loss = 0.0228
	Step 150: mean loss = 0.0227

	Loss on validation set after epoch 39: 0.0219

Epoch 40
	Step 0: mean loss = 0.0227
	Step 50: mean loss = 0.0218
	Step 100: mean loss = 0.0218
	Step 150: mean loss = 0.0217

	Loss on validation set after epoch 40: 0.0212

Epoch 41
	Step 0: mean loss = 0.0219
	Step 50: mean loss = 0.0213
	Step 100: mean loss = 0.0211
	Step 150: mean loss = 0.0211

	Loss on validation set after epoch 41: 0.0208

Epoch 42
	Step 0: mean loss = 0.0192
	Step 50: mean loss = 0.0207
	Step 100: mean loss = 0.0205
	Step 150: mean loss = 0.0204

	Loss on validation set after epoch 42: 0.0211

Epoch 43
	Step 0: mean loss = 0.0195
	Step 50: mean loss = 0.0198
	Step 100: mean loss = 0.0197
	Step 150: mean loss = 0.0197

	Loss on validation set after epoch 43: 0.0190

Epoch 44
	Step 0: mean loss = 0.0181
	Step 50: mean loss = 0.0194
	Step 100: mean loss = 0.0193
	Step 150: mean loss = 0.0193

	Loss on validation set after epoch 44: 0.0187

Epoch 45
	Step 0: mean loss = 0.0161
	Step 50: mean loss = 0.0190
	Step 100: mean loss = 0.0188
	Step 150: mean loss = 0.0190

	Loss on validation set after epoch 45: 0.0182

Epoch 46
	Step 0: mean loss = 0.0159
	Step 50: mean loss = 0.0186
	Step 100: mean loss = 0.0184
	Step 150: mean loss = 0.0185

	Loss on validation set after epoch 46: 0.0189

Epoch 47
	Step 0: mean loss = 0.0175
	Step 50: mean loss = 0.0181
	Step 100: mean loss = 0.0183
	Step 150: mean loss = 0.0182

	Loss on validation set after epoch 47: 0.0187

Epoch 48
	Step 0: mean loss = 0.0195
	Step 50: mean loss = 0.0178
	Step 100: mean loss = 0.0179
	Step 150: mean loss = 0.0179

	Loss on validation set after epoch 48: 0.0177

Epoch 49
	Step 0: mean loss = 0.0172
	Step 50: mean loss = 0.0176
	Step 100: mean loss = 0.0175
	Step 150: mean loss = 0.0176

	Loss on validation set after epoch 49: 0.0169

Epoch 50
	Step 0: mean loss = 0.0149
	Step 50: mean loss = 0.0174
	Step 100: mean loss = 0.0174
	Step 150: mean loss = 0.0174

	Loss on validation set after epoch 50: 0.0172

Epoch 51
	Step 0: mean loss = 0.0186
	Step 50: mean loss = 0.0171
	Step 100: mean loss = 0.0172
	Step 150: mean loss = 0.0172

	Loss on validation set after epoch 51: 0.0170

Epoch 52
	Step 0: mean loss = 0.0184
	Step 50: mean loss = 0.0170
	Step 100: mean loss = 0.0169
	Step 150: mean loss = 0.0169

	Loss on validation set after epoch 52: 0.0177

Epoch 53
	Step 0: mean loss = 0.0194
	Step 50: mean loss = 0.0174
	Step 100: mean loss = 0.0170
	Step 150: mean loss = 0.0170

	Loss on validation set after epoch 53: 0.0165

Epoch 54
	Step 0: mean loss = 0.0166
	Step 50: mean loss = 0.0165
	Step 100: mean loss = 0.0164
	Step 150: mean loss = 0.0164

	Loss on validation set after epoch 54: 0.0169

Epoch 55
	Step 0: mean loss = 0.0146
	Step 50: mean loss = 0.0162
	Step 100: mean loss = 0.0163
	Step 150: mean loss = 0.0164

	Loss on validation set after epoch 55: 0.0165

Epoch 56
	Step 0: mean loss = 0.0176
	Step 50: mean loss = 0.0163
	Step 100: mean loss = 0.0162
	Step 150: mean loss = 0.0162

	Loss on validation set after epoch 56: 0.0164

Epoch 57
	Step 0: mean loss = 0.0158
	Step 50: mean loss = 0.0160
	Step 100: mean loss = 0.0159
	Step 150: mean loss = 0.0160

	Loss on validation set after epoch 57: 0.0160

Epoch 58
	Step 0: mean loss = 0.0166
	Step 50: mean loss = 0.0159
	Step 100: mean loss = 0.0158
	Step 150: mean loss = 0.0158

	Loss on validation set after epoch 58: 0.0156

Epoch 59
	Step 0: mean loss = 0.0143
	Step 50: mean loss = 0.0158
	Step 100: mean loss = 0.0157
	Step 150: mean loss = 0.0157

	Loss on validation set after epoch 59: 0.0158

Epoch 60
	Step 0: mean loss = 0.0135
	Step 50: mean loss = 0.0152
	Step 100: mean loss = 0.0154
	Step 150: mean loss = 0.0154

	Loss on validation set after epoch 60: 0.0154

Epoch 61
	Step 0: mean loss = 0.0172
	Step 50: mean loss = 0.0152
	Step 100: mean loss = 0.0153
	Step 150: mean loss = 0.0154

	Loss on validation set after epoch 61: 0.0153

Epoch 62
	Step 0: mean loss = 0.0165
	Step 50: mean loss = 0.0151
	Step 100: mean loss = 0.0151
	Step 150: mean loss = 0.0152

	Loss on validation set after epoch 62: 0.0154

Epoch 63
	Step 0: mean loss = 0.0150
	Step 50: mean loss = 0.0152
	Step 100: mean loss = 0.0151
	Step 150: mean loss = 0.0151

	Loss on validation set after epoch 63: 0.0151

Epoch 64
	Step 0: mean loss = 0.0158
	Step 50: mean loss = 0.0147
	Step 100: mean loss = 0.0149
	Step 150: mean loss = 0.0149

	Loss on validation set after epoch 64: 0.0149

Epoch 65
	Step 0: mean loss = 0.0135
	Step 50: mean loss = 0.0147
	Step 100: mean loss = 0.0147
	Step 150: mean loss = 0.0148

	Loss on validation set after epoch 65: 0.0148

Epoch 66
	Step 0: mean loss = 0.0147
	Step 50: mean loss = 0.0148
	Step 100: mean loss = 0.0148
	Step 150: mean loss = 0.0149

	Loss on validation set after epoch 66: 0.0144

Epoch 67
	Step 0: mean loss = 0.0150
	Step 50: mean loss = 0.0144
	Step 100: mean loss = 0.0144
	Step 150: mean loss = 0.0145

	Loss on validation set after epoch 67: 0.0143

Epoch 68
	Step 0: mean loss = 0.0135
	Step 50: mean loss = 0.0143
	Step 100: mean loss = 0.0144
	Step 150: mean loss = 0.0145

	Loss on validation set after epoch 68: 0.0142

Epoch 69
	Step 0: mean loss = 0.0154
	Step 50: mean loss = 0.0143
	Step 100: mean loss = 0.0144
	Step 150: mean loss = 0.0144

	Loss on validation set after epoch 69: 0.0144

Epoch 70
	Step 0: mean loss = 0.0123
	Step 50: mean loss = 0.0142
	Step 100: mean loss = 0.0141
	Step 150: mean loss = 0.0142

	Loss on validation set after epoch 70: 0.0138

Epoch 71
	Step 0: mean loss = 0.0141
	Step 50: mean loss = 0.0143
	Step 100: mean loss = 0.0142
	Step 150: mean loss = 0.0142

	Loss on validation set after epoch 71: 0.0140

Epoch 72
	Step 0: mean loss = 0.0165
	Step 50: mean loss = 0.0137
	Step 100: mean loss = 0.0140
	Step 150: mean loss = 0.0140

	Loss on validation set after epoch 72: 0.0138

Epoch 73
	Step 0: mean loss = 0.0135
	Step 50: mean loss = 0.0138
	Step 100: mean loss = 0.0138
	Step 150: mean loss = 0.0138

	Loss on validation set after epoch 73: 0.0134

Epoch 74
	Step 0: mean loss = 0.0123
	Step 50: mean loss = 0.0135
	Step 100: mean loss = 0.0136
	Step 150: mean loss = 0.0137

	Loss on validation set after epoch 74: 0.0138

Epoch 75
	Step 0: mean loss = 0.0148
	Step 50: mean loss = 0.0136
	Step 100: mean loss = 0.0136
	Step 150: mean loss = 0.0137

	Loss on validation set after epoch 75: 0.0133

Epoch 76
	Step 0: mean loss = 0.0111
	Step 50: mean loss = 0.0137
	Step 100: mean loss = 0.0135
	Step 150: mean loss = 0.0135

	Loss on validation set after epoch 76: 0.0133

Epoch 77
	Step 0: mean loss = 0.0123
	Step 50: mean loss = 0.0132
	Step 100: mean loss = 0.0134
	Step 150: mean loss = 0.0134

	Loss on validation set after epoch 77: 0.0129

Epoch 78
	Step 0: mean loss = 0.0148
	Step 50: mean loss = 0.0132
	Step 100: mean loss = 0.0132
	Step 150: mean loss = 0.0132

	Loss on validation set after epoch 78: 0.0131

Epoch 79
	Step 0: mean loss = 0.0143
	Step 50: mean loss = 0.0131
	Step 100: mean loss = 0.0131
	Step 150: mean loss = 0.0131

	Loss on validation set after epoch 79: 0.0130

Epoch 80
	Step 0: mean loss = 0.0119
	Step 50: mean loss = 0.0129
	Step 100: mean loss = 0.0130
	Step 150: mean loss = 0.0130

	Loss on validation set after epoch 80: 0.0130

Epoch 81
	Step 0: mean loss = 0.0137
	Step 50: mean loss = 0.0130
	Step 100: mean loss = 0.0130
	Step 150: mean loss = 0.0130

	Loss on validation set after epoch 81: 0.0127

Epoch 82
	Step 0: mean loss = 0.0117
	Step 50: mean loss = 0.0127
	Step 100: mean loss = 0.0126
	Step 150: mean loss = 0.0128

	Loss on validation set after epoch 82: 0.0130

Epoch 83
	Step 0: mean loss = 0.0133
	Step 50: mean loss = 0.0125
	Step 100: mean loss = 0.0125
	Step 150: mean loss = 0.0126

	Loss on validation set after epoch 83: 0.0128

Epoch 84
	Step 0: mean loss = 0.0144
	Step 50: mean loss = 0.0125
	Step 100: mean loss = 0.0124
	Step 150: mean loss = 0.0124

	Loss on validation set after epoch 84: 0.0124

Epoch 85
	Step 0: mean loss = 0.0134
	Step 50: mean loss = 0.0121
	Step 100: mean loss = 0.0122
	Step 150: mean loss = 0.0122

	Loss on validation set after epoch 85: 0.0121

Epoch 86
	Step 0: mean loss = 0.0111
	Step 50: mean loss = 0.0121
	Step 100: mean loss = 0.0121
	Step 150: mean loss = 0.0121

	Loss on validation set after epoch 86: 0.0121

Epoch 87
	Step 0: mean loss = 0.0118
	Step 50: mean loss = 0.0118
	Step 100: mean loss = 0.0119
	Step 150: mean loss = 0.0119

	Loss on validation set after epoch 87: 0.0122

Epoch 88
	Step 0: mean loss = 0.0110
	Step 50: mean loss = 0.0117
	Step 100: mean loss = 0.0117
	Step 150: mean loss = 0.0117

	Loss on validation set after epoch 88: 0.0117

Epoch 89
	Step 0: mean loss = 0.0094
	Step 50: mean loss = 0.0113
	Step 100: mean loss = 0.0114
	Step 150: mean loss = 0.0114

	Loss on validation set after epoch 89: 0.0114

Epoch 90
	Step 0: mean loss = 0.0089
	Step 50: mean loss = 0.0110
	Step 100: mean loss = 0.0111
	Step 150: mean loss = 0.0111

	Loss on validation set after epoch 90: 0.0111

Epoch 91
	Step 0: mean loss = 0.0122
	Step 50: mean loss = 0.0108
	Step 100: mean loss = 0.0111
	Step 150: mean loss = 0.0110

	Loss on validation set after epoch 91: 0.0110

Epoch 92
	Step 0: mean loss = 0.0090
	Step 50: mean loss = 0.0107
	Step 100: mean loss = 0.0108
	Step 150: mean loss = 0.0108

	Loss on validation set after epoch 92: 0.0107

Epoch 93
	Step 0: mean loss = 0.0110
	Step 50: mean loss = 0.0105
	Step 100: mean loss = 0.0107
	Step 150: mean loss = 0.0107

	Loss on validation set after epoch 93: 0.0109

Epoch 94
	Step 0: mean loss = 0.0108
	Step 50: mean loss = 0.0104
	Step 100: mean loss = 0.0106
	Step 150: mean loss = 0.0106

	Loss on validation set after epoch 94: 0.0106

Epoch 95
	Step 0: mean loss = 0.0134
	Step 50: mean loss = 0.0103
	Step 100: mean loss = 0.0104
	Step 150: mean loss = 0.0104

	Loss on validation set after epoch 95: 0.0104

Epoch 96
	Step 0: mean loss = 0.0089
	Step 50: mean loss = 0.0101
	Step 100: mean loss = 0.0102
	Step 150: mean loss = 0.0102

	Loss on validation set after epoch 96: 0.0104

Epoch 97
	Step 0: mean loss = 0.0086
	Step 50: mean loss = 0.0099
	Step 100: mean loss = 0.0100
	Step 150: mean loss = 0.0099

	Loss on validation set after epoch 97: 0.0100

Epoch 98
	Step 0: mean loss = 0.0091
	Step 50: mean loss = 0.0096
	Step 100: mean loss = 0.0098
	Step 150: mean loss = 0.0097

	Loss on validation set after epoch 98: 0.0103

Epoch 99
	Step 0: mean loss = 0.0103
	Step 50: mean loss = 0.0095
	Step 100: mean loss = 0.0094
	Step 150: mean loss = 0.0094

	Loss on validation set after epoch 99: 0.0095

Epoch 100
	Step 0: mean loss = 0.0097
	Step 50: mean loss = 0.0092
	Step 100: mean loss = 0.0093
	Step 150: mean loss = 0.0092

	Loss on validation set after epoch 100: 0.0093

Epoch 101
	Step 0: mean loss = 0.0083
	Step 50: mean loss = 0.0090
	Step 100: mean loss = 0.0091
	Step 150: mean loss = 0.0091

	Loss on validation set after epoch 101: 0.0089

Epoch 102
	Step 0: mean loss = 0.0083
	Step 50: mean loss = 0.0090
	Step 100: mean loss = 0.0090
	Step 150: mean loss = 0.0090

	Loss on validation set after epoch 102: 0.0089

Epoch 103
	Step 0: mean loss = 0.0094
	Step 50: mean loss = 0.0089
	Step 100: mean loss = 0.0090
	Step 150: mean loss = 0.0089

	Loss on validation set after epoch 103: 0.0087

Epoch 104
	Step 0: mean loss = 0.0095
	Step 50: mean loss = 0.0089
	Step 100: mean loss = 0.0089
	Step 150: mean loss = 0.0090

	Loss on validation set after epoch 104: 0.0087

Epoch 105
	Step 0: mean loss = 0.0084
	Step 50: mean loss = 0.0089
	Step 100: mean loss = 0.0089
	Step 150: mean loss = 0.0088

	Loss on validation set after epoch 105: 0.0086

Epoch 106
	Step 0: mean loss = 0.0078
	Step 50: mean loss = 0.0086
	Step 100: mean loss = 0.0089
	Step 150: mean loss = 0.0088

	Loss on validation set after epoch 106: 0.0091

Epoch 107
	Step 0: mean loss = 0.0081
	Step 50: mean loss = 0.0086
	Step 100: mean loss = 0.0087
	Step 150: mean loss = 0.0087

	Loss on validation set after epoch 107: 0.0089

Epoch 108
	Step 0: mean loss = 0.0080
	Step 50: mean loss = 0.0085
	Step 100: mean loss = 0.0086
	Step 150: mean loss = 0.0086

	Loss on validation set after epoch 108: 0.0087

Epoch 109
	Step 0: mean loss = 0.0089
	Step 50: mean loss = 0.0085
	Step 100: mean loss = 0.0085
	Step 150: mean loss = 0.0085

	Loss on validation set after epoch 109: 0.0086

Epoch 110
	Step 0: mean loss = 0.0080
	Step 50: mean loss = 0.0084
	Step 100: mean loss = 0.0084
	Step 150: mean loss = 0.0084

	Loss on validation set after epoch 110: 0.0084

Epoch 111
	Step 0: mean loss = 0.0088
	Step 50: mean loss = 0.0082
	Step 100: mean loss = 0.0083
	Step 150: mean loss = 0.0084

	Loss on validation set after epoch 111: 0.0086

Epoch 112
	Step 0: mean loss = 0.0079
	Step 50: mean loss = 0.0082
	Step 100: mean loss = 0.0083
	Step 150: mean loss = 0.0083

	Loss on validation set after epoch 112: 0.0086

Epoch 113
	Step 0: mean loss = 0.0100
	Step 50: mean loss = 0.0084
	Step 100: mean loss = 0.0084
	Step 150: mean loss = 0.0084

	Loss on validation set after epoch 113: 0.0083

Epoch 114
	Step 0: mean loss = 0.0070
	Step 50: mean loss = 0.0082
	Step 100: mean loss = 0.0082
	Step 150: mean loss = 0.0082

	Loss on validation set after epoch 114: 0.0082

Epoch 115
	Step 0: mean loss = 0.0082
	Step 50: mean loss = 0.0081
	Step 100: mean loss = 0.0082
	Step 150: mean loss = 0.0082

	Loss on validation set after epoch 115: 0.0082

Epoch 116
	Step 0: mean loss = 0.0100
	Step 50: mean loss = 0.0081
	Step 100: mean loss = 0.0080
	Step 150: mean loss = 0.0081

	Loss on validation set after epoch 116: 0.0084

Epoch 117
	Step 0: mean loss = 0.0071
	Step 50: mean loss = 0.0079
	Step 100: mean loss = 0.0080
	Step 150: mean loss = 0.0080

	Loss on validation set after epoch 117: 0.0080

Epoch 118
	Step 0: mean loss = 0.0070
	Step 50: mean loss = 0.0080
	Step 100: mean loss = 0.0080
	Step 150: mean loss = 0.0080

	Loss on validation set after epoch 118: 0.0086

Epoch 119
	Step 0: mean loss = 0.0089
	Step 50: mean loss = 0.0080
	Step 100: mean loss = 0.0080
	Step 150: mean loss = 0.0080

	Loss on validation set after epoch 119: 0.0085

Epoch 120
	Step 0: mean loss = 0.0074
	Step 50: mean loss = 0.0077
	Step 100: mean loss = 0.0078
	Step 150: mean loss = 0.0078

	Loss on validation set after epoch 120: 0.0078

Epoch 121
	Step 0: mean loss = 0.0079
	Step 50: mean loss = 0.0077
	Step 100: mean loss = 0.0078
	Step 150: mean loss = 0.0078

	Loss on validation set after epoch 121: 0.0078

Epoch 122
	Step 0: mean loss = 0.0066
	Step 50: mean loss = 0.0077
	Step 100: mean loss = 0.0077
	Step 150: mean loss = 0.0077

	Loss on validation set after epoch 122: 0.0078

Epoch 123
	Step 0: mean loss = 0.0076
	Step 50: mean loss = 0.0076
	Step 100: mean loss = 0.0077
	Step 150: mean loss = 0.0077

	Loss on validation set after epoch 123: 0.0079

Epoch 124
	Step 0: mean loss = 0.0053
	Step 50: mean loss = 0.0075
	Step 100: mean loss = 0.0076
	Step 150: mean loss = 0.0076

	Loss on validation set after epoch 124: 0.0077

Epoch 125
	Step 0: mean loss = 0.0075
	Step 50: mean loss = 0.0076
	Step 100: mean loss = 0.0076
	Step 150: mean loss = 0.0076

	Loss on validation set after epoch 125: 0.0078

Epoch 126
	Step 0: mean loss = 0.0087
	Step 50: mean loss = 0.0075
	Step 100: mean loss = 0.0076
	Step 150: mean loss = 0.0075

	Loss on validation set after epoch 126: 0.0076

Epoch 127
	Step 0: mean loss = 0.0083
	Step 50: mean loss = 0.0073
	Step 100: mean loss = 0.0075
	Step 150: mean loss = 0.0074

	Loss on validation set after epoch 127: 0.0077

Epoch 128
	Step 0: mean loss = 0.0065
	Step 50: mean loss = 0.0074
	Step 100: mean loss = 0.0074
	Step 150: mean loss = 0.0074

	Loss on validation set after epoch 128: 0.0075

Epoch 129
	Step 0: mean loss = 0.0077
	Step 50: mean loss = 0.0074
	Step 100: mean loss = 0.0074
	Step 150: mean loss = 0.0074

	Loss on validation set after epoch 129: 0.0077

Epoch 130
	Step 0: mean loss = 0.0087
	Step 50: mean loss = 0.0073
	Step 100: mean loss = 0.0073
	Step 150: mean loss = 0.0073

	Loss on validation set after epoch 130: 0.0079

Epoch 131
	Step 0: mean loss = 0.0081
	Step 50: mean loss = 0.0074
	Step 100: mean loss = 0.0074
	Step 150: mean loss = 0.0073

	Loss on validation set after epoch 131: 0.0076

Epoch 132
	Step 0: mean loss = 0.0073
	Step 50: mean loss = 0.0072
	Step 100: mean loss = 0.0072
	Step 150: mean loss = 0.0072

	Loss on validation set after epoch 132: 0.0075

Epoch 133
	Step 0: mean loss = 0.0078
	Step 50: mean loss = 0.0071
	Step 100: mean loss = 0.0072
	Step 150: mean loss = 0.0072

	Loss on validation set after epoch 133: 0.0073

Epoch 134
	Step 0: mean loss = 0.0066
	Step 50: mean loss = 0.0071
	Step 100: mean loss = 0.0071
	Step 150: mean loss = 0.0071

	Loss on validation set after epoch 134: 0.0071

Epoch 135
	Step 0: mean loss = 0.0070
	Step 50: mean loss = 0.0070
	Step 100: mean loss = 0.0071
	Step 150: mean loss = 0.0071

	Loss on validation set after epoch 135: 0.0074

Epoch 136
	Step 0: mean loss = 0.0063
	Step 50: mean loss = 0.0070
	Step 100: mean loss = 0.0070
	Step 150: mean loss = 0.0070

	Loss on validation set after epoch 136: 0.0073

Epoch 137
	Step 0: mean loss = 0.0064
	Step 50: mean loss = 0.0070
	Step 100: mean loss = 0.0070
	Step 150: mean loss = 0.0070

	Loss on validation set after epoch 137: 0.0071

Epoch 138
	Step 0: mean loss = 0.0065
	Step 50: mean loss = 0.0070
	Step 100: mean loss = 0.0071
	Step 150: mean loss = 0.0070

	Loss on validation set after epoch 138: 0.0074

Epoch 139
	Step 0: mean loss = 0.0058
	Step 50: mean loss = 0.0068
	Step 100: mean loss = 0.0070
	Step 150: mean loss = 0.0069

	Loss on validation set after epoch 139: 0.0069

Epoch 140
	Step 0: mean loss = 0.0075
	Step 50: mean loss = 0.0069
	Step 100: mean loss = 0.0069
	Step 150: mean loss = 0.0069

	Loss on validation set after epoch 140: 0.0070

Epoch 141
	Step 0: mean loss = 0.0061
	Step 50: mean loss = 0.0067
	Step 100: mean loss = 0.0068
	Step 150: mean loss = 0.0068

	Loss on validation set after epoch 141: 0.0074

Epoch 142
	Step 0: mean loss = 0.0062
	Step 50: mean loss = 0.0068
	Step 100: mean loss = 0.0067
	Step 150: mean loss = 0.0067

	Loss on validation set after epoch 142: 0.0069

Epoch 143
	Step 0: mean loss = 0.0053
	Step 50: mean loss = 0.0065
	Step 100: mean loss = 0.0066
	Step 150: mean loss = 0.0066

	Loss on validation set after epoch 143: 0.0069

Epoch 144
	Step 0: mean loss = 0.0057
	Step 50: mean loss = 0.0065
	Step 100: mean loss = 0.0065
	Step 150: mean loss = 0.0065

	Loss on validation set after epoch 144: 0.0068

Epoch 145
	Step 0: mean loss = 0.0065
	Step 50: mean loss = 0.0064
	Step 100: mean loss = 0.0064
	Step 150: mean loss = 0.0064

	Loss on validation set after epoch 145: 0.0066

Epoch 146
	Step 0: mean loss = 0.0062
	Step 50: mean loss = 0.0064
	Step 100: mean loss = 0.0064
	Step 150: mean loss = 0.0064

	Loss on validation set after epoch 146: 0.0065

Epoch 147
	Step 0: mean loss = 0.0064
	Step 50: mean loss = 0.0062
	Step 100: mean loss = 0.0063
	Step 150: mean loss = 0.0063

	Loss on validation set after epoch 147: 0.0065

Epoch 148
	Step 0: mean loss = 0.0066
	Step 50: mean loss = 0.0062
	Step 100: mean loss = 0.0062
	Step 150: mean loss = 0.0062

	Loss on validation set after epoch 148: 0.0070

Epoch 149
	Step 0: mean loss = 0.0063
	Step 50: mean loss = 0.0061
	Step 100: mean loss = 0.0062
	Step 150: mean loss = 0.0062

	Loss on validation set after epoch 149: 0.0068

Epoch 150
	Step 0: mean loss = 0.0052
	Step 50: mean loss = 0.0061
	Step 100: mean loss = 0.0061
	Step 150: mean loss = 0.0061

	Loss on validation set after epoch 150: 0.0062

Epoch 151
	Step 0: mean loss = 0.0064
	Step 50: mean loss = 0.0061
	Step 100: mean loss = 0.0061
	Step 150: mean loss = 0.0061

	Loss on validation set after epoch 151: 0.0063

Epoch 152
	Step 0: mean loss = 0.0049
	Step 50: mean loss = 0.0060
	Step 100: mean loss = 0.0060
	Step 150: mean loss = 0.0061

	Loss on validation set after epoch 152: 0.0068

Epoch 153
	Step 0: mean loss = 0.0062
	Step 50: mean loss = 0.0060
	Step 100: mean loss = 0.0061
	Step 150: mean loss = 0.0060

	Loss on validation set after epoch 153: 0.0062

Epoch 154
	Step 0: mean loss = 0.0056
	Step 50: mean loss = 0.0061
	Step 100: mean loss = 0.0060
	Step 150: mean loss = 0.0060

	Loss on validation set after epoch 154: 0.0064

Epoch 155
	Step 0: mean loss = 0.0069
	Step 50: mean loss = 0.0059
	Step 100: mean loss = 0.0060
	Step 150: mean loss = 0.0060

	Loss on validation set after epoch 155: 0.0061

Epoch 156
	Step 0: mean loss = 0.0074
	Step 50: mean loss = 0.0059
	Step 100: mean loss = 0.0060
	Step 150: mean loss = 0.0059

	Loss on validation set after epoch 156: 0.0063

Epoch 157
	Step 0: mean loss = 0.0063
	Step 50: mean loss = 0.0058
	Step 100: mean loss = 0.0059
	Step 150: mean loss = 0.0059

	Loss on validation set after epoch 157: 0.0061

Epoch 158
	Step 0: mean loss = 0.0063
	Step 50: mean loss = 0.0058
	Step 100: mean loss = 0.0059
	Step 150: mean loss = 0.0059

	Loss on validation set after epoch 158: 0.0061

Epoch 159
	Step 0: mean loss = 0.0060
	Step 50: mean loss = 0.0058
	Step 100: mean loss = 0.0058
	Step 150: mean loss = 0.0058

	Loss on validation set after epoch 159: 0.0065

Epoch 160
	Step 0: mean loss = 0.0059
	Step 50: mean loss = 0.0057
	Step 100: mean loss = 0.0058
	Step 150: mean loss = 0.0058

	Loss on validation set after epoch 160: 0.0061

Epoch 161
	Step 0: mean loss = 0.0048
	Step 50: mean loss = 0.0057
	Step 100: mean loss = 0.0058
	Step 150: mean loss = 0.0058

	Loss on validation set after epoch 161: 0.0062

Epoch 162
	Step 0: mean loss = 0.0052
	Step 50: mean loss = 0.0057
	Step 100: mean loss = 0.0058
	Step 150: mean loss = 0.0058

	Loss on validation set after epoch 162: 0.0064

Epoch 163
	Step 0: mean loss = 0.0056
	Step 50: mean loss = 0.0058
	Step 100: mean loss = 0.0058
	Step 150: mean loss = 0.0058

	Loss on validation set after epoch 163: 0.0065

Epoch 164
	Step 0: mean loss = 0.0052
	Step 50: mean loss = 0.0058
	Step 100: mean loss = 0.0058
	Step 150: mean loss = 0.0057

	Loss on validation set after epoch 164: 0.0059

Epoch 165
	Step 0: mean loss = 0.0055
	Step 50: mean loss = 0.0056
	Step 100: mean loss = 0.0057
	Step 150: mean loss = 0.0057

	Loss on validation set after epoch 165: 0.0061

Epoch 166
	Step 0: mean loss = 0.0063
	Step 50: mean loss = 0.0056
	Step 100: mean loss = 0.0057
	Step 150: mean loss = 0.0056

	Loss on validation set after epoch 166: 0.0058

Epoch 167
	Step 0: mean loss = 0.0063
	Step 50: mean loss = 0.0055
	Step 100: mean loss = 0.0056
	Step 150: mean loss = 0.0056

	Loss on validation set after epoch 167: 0.0058

Epoch 168
	Step 0: mean loss = 0.0066
	Step 50: mean loss = 0.0055
	Step 100: mean loss = 0.0056
	Step 150: mean loss = 0.0056

	Loss on validation set after epoch 168: 0.0058

Epoch 169
	Step 0: mean loss = 0.0058
	Step 50: mean loss = 0.0055
	Step 100: mean loss = 0.0055
	Step 150: mean loss = 0.0055

	Loss on validation set after epoch 169: 0.0058

Epoch 170
	Step 0: mean loss = 0.0058
	Step 50: mean loss = 0.0054
	Step 100: mean loss = 0.0055
	Step 150: mean loss = 0.0055

	Loss on validation set after epoch 170: 0.0060

Epoch 171
	Step 0: mean loss = 0.0055
	Step 50: mean loss = 0.0055
	Step 100: mean loss = 0.0055
	Step 150: mean loss = 0.0054

	Loss on validation set after epoch 171: 0.0057

Epoch 172
	Step 0: mean loss = 0.0061
	Step 50: mean loss = 0.0054
	Step 100: mean loss = 0.0055
	Step 150: mean loss = 0.0054

	Loss on validation set after epoch 172: 0.0060

Epoch 173
	Step 0: mean loss = 0.0055
	Step 50: mean loss = 0.0055
	Step 100: mean loss = 0.0054
	Step 150: mean loss = 0.0054

	Loss on validation set after epoch 173: 0.0061

Epoch 174
	Step 0: mean loss = 0.0061
	Step 50: mean loss = 0.0053
	Step 100: mean loss = 0.0054
	Step 150: mean loss = 0.0054

	Loss on validation set after epoch 174: 0.0056

Epoch 175
	Step 0: mean loss = 0.0047
	Step 50: mean loss = 0.0053
	Step 100: mean loss = 0.0054
	Step 150: mean loss = 0.0054

	Loss on validation set after epoch 175: 0.0057

Epoch 176
	Step 0: mean loss = 0.0056
	Step 50: mean loss = 0.0053
	Step 100: mean loss = 0.0054
	Step 150: mean loss = 0.0054

	Loss on validation set after epoch 176: 0.0058

Epoch 177
	Step 0: mean loss = 0.0041
	Step 50: mean loss = 0.0053
	Step 100: mean loss = 0.0053
	Step 150: mean loss = 0.0054

	Loss on validation set after epoch 177: 0.0058

Epoch 178
	Step 0: mean loss = 0.0041
	Step 50: mean loss = 0.0053
	Step 100: mean loss = 0.0053
	Step 150: mean loss = 0.0053

	Loss on validation set after epoch 178: 0.0058

Epoch 179
	Step 0: mean loss = 0.0059
	Step 50: mean loss = 0.0052
	Step 100: mean loss = 0.0053
	Step 150: mean loss = 0.0053

	Loss on validation set after epoch 179: 0.0056

Epoch 180
	Step 0: mean loss = 0.0055
	Step 50: mean loss = 0.0052
	Step 100: mean loss = 0.0052
	Step 150: mean loss = 0.0052

	Loss on validation set after epoch 180: 0.0055

Epoch 181
	Step 0: mean loss = 0.0048
	Step 50: mean loss = 0.0053
	Step 100: mean loss = 0.0053
	Step 150: mean loss = 0.0053

	Loss on validation set after epoch 181: 0.0055

Epoch 182
	Step 0: mean loss = 0.0056
	Step 50: mean loss = 0.0052
	Step 100: mean loss = 0.0052
	Step 150: mean loss = 0.0052

	Loss on validation set after epoch 182: 0.0057

Epoch 183
	Step 0: mean loss = 0.0042
	Step 50: mean loss = 0.0051
	Step 100: mean loss = 0.0052
	Step 150: mean loss = 0.0052

	Loss on validation set after epoch 183: 0.0055

Epoch 184
	Step 0: mean loss = 0.0042
	Step 50: mean loss = 0.0052
	Step 100: mean loss = 0.0052
	Step 150: mean loss = 0.0052

	Loss on validation set after epoch 184: 0.0056

Epoch 185
	Step 0: mean loss = 0.0061
	Step 50: mean loss = 0.0052
	Step 100: mean loss = 0.0052
	Step 150: mean loss = 0.0052

	Loss on validation set after epoch 185: 0.0056

Epoch 186
	Step 0: mean loss = 0.0048
	Step 50: mean loss = 0.0051
	Step 100: mean loss = 0.0052
	Step 150: mean loss = 0.0051

	Loss on validation set after epoch 186: 0.0054

Epoch 187
	Step 0: mean loss = 0.0044
	Step 50: mean loss = 0.0051
	Step 100: mean loss = 0.0051
	Step 150: mean loss = 0.0051

	Loss on validation set after epoch 187: 0.0054

Epoch 188
	Step 0: mean loss = 0.0061
	Step 50: mean loss = 0.0051
	Step 100: mean loss = 0.0052
	Step 150: mean loss = 0.0051

	Loss on validation set after epoch 188: 0.0053

Epoch 189
	Step 0: mean loss = 0.0044
	Step 50: mean loss = 0.0050
	Step 100: mean loss = 0.0051
	Step 150: mean loss = 0.0051

	Loss on validation set after epoch 189: 0.0052

Epoch 190
	Step 0: mean loss = 0.0047
	Step 50: mean loss = 0.0051
	Step 100: mean loss = 0.0051
	Step 150: mean loss = 0.0051

	Loss on validation set after epoch 190: 0.0053

Epoch 191
	Step 0: mean loss = 0.0042
	Step 50: mean loss = 0.0050
	Step 100: mean loss = 0.0051
	Step 150: mean loss = 0.0051

	Loss on validation set after epoch 191: 0.0054

Epoch 192
	Step 0: mean loss = 0.0041
	Step 50: mean loss = 0.0050
	Step 100: mean loss = 0.0051
	Step 150: mean loss = 0.0050

	Loss on validation set after epoch 192: 0.0057

Epoch 193
	Step 0: mean loss = 0.0047
	Step 50: mean loss = 0.0050
	Step 100: mean loss = 0.0050
	Step 150: mean loss = 0.0050

	Loss on validation set after epoch 193: 0.0055

Epoch 194
	Step 0: mean loss = 0.0056
	Step 50: mean loss = 0.0050
	Step 100: mean loss = 0.0050
	Step 150: mean loss = 0.0050

	Loss on validation set after epoch 194: 0.0054

Epoch 195
	Step 0: mean loss = 0.0040
	Step 50: mean loss = 0.0050
	Step 100: mean loss = 0.0050
	Step 150: mean loss = 0.0050

	Loss on validation set after epoch 195: 0.0056

Epoch 196
	Step 0: mean loss = 0.0046
	Step 50: mean loss = 0.0049
	Step 100: mean loss = 0.0050
	Step 150: mean loss = 0.0050

	Loss on validation set after epoch 196: 0.0052

Epoch 197
	Step 0: mean loss = 0.0041
	Step 50: mean loss = 0.0050
	Step 100: mean loss = 0.0050
	Step 150: mean loss = 0.0050

	Loss on validation set after epoch 197: 0.0055

Epoch 198
	Step 0: mean loss = 0.0044
	Step 50: mean loss = 0.0049
	Step 100: mean loss = 0.0049
	Step 150: mean loss = 0.0049

	Loss on validation set after epoch 198: 0.0053

Epoch 199
	Step 0: mean loss = 0.0054
	Step 50: mean loss = 0.0049
	Step 100: mean loss = 0.0050
	Step 150: mean loss = 0.0049

	Loss on validation set after epoch 199: 0.0052

Epoch 200
	Step 0: mean loss = 0.0048
	Step 50: mean loss = 0.0049
	Step 100: mean loss = 0.0049
	Step 150: mean loss = 0.0049

	Loss on validation set after epoch 200: 0.0057

Epoch 201
	Step 0: mean loss = 0.0050
	Step 50: mean loss = 0.0049
	Step 100: mean loss = 0.0049
	Step 150: mean loss = 0.0049

	Loss on validation set after epoch 201: 0.0053

Epoch 202
	Step 0: mean loss = 0.0045
	Step 50: mean loss = 0.0048
	Step 100: mean loss = 0.0049
	Step 150: mean loss = 0.0049

	Loss on validation set after epoch 202: 0.0053

Epoch 203
	Step 0: mean loss = 0.0046
	Step 50: mean loss = 0.0049
	Step 100: mean loss = 0.0049
	Step 150: mean loss = 0.0049

	Loss on validation set after epoch 203: 0.0056

Epoch 204
	Step 0: mean loss = 0.0057
	Step 50: mean loss = 0.0049
	Step 100: mean loss = 0.0049
	Step 150: mean loss = 0.0048

	Loss on validation set after epoch 204: 0.0051

Epoch 205
	Step 0: mean loss = 0.0049
	Step 50: mean loss = 0.0048
	Step 100: mean loss = 0.0049
	Step 150: mean loss = 0.0048

	Loss on validation set after epoch 205: 0.0052

Epoch 206
	Step 0: mean loss = 0.0052
	Step 50: mean loss = 0.0048
	Step 100: mean loss = 0.0048
	Step 150: mean loss = 0.0048

	Loss on validation set after epoch 206: 0.0056

Epoch 207
	Step 0: mean loss = 0.0046
	Step 50: mean loss = 0.0048
	Step 100: mean loss = 0.0049
	Step 150: mean loss = 0.0048

	Loss on validation set after epoch 207: 0.0053

Epoch 208
	Step 0: mean loss = 0.0047
	Step 50: mean loss = 0.0048
	Step 100: mean loss = 0.0048
	Step 150: mean loss = 0.0048

	Loss on validation set after epoch 208: 0.0053

Epoch 209
	Step 0: mean loss = 0.0039
	Step 50: mean loss = 0.0048
	Step 100: mean loss = 0.0048
	Step 150: mean loss = 0.0047

	Loss on validation set after epoch 209: 0.0053

Epoch 210
	Step 0: mean loss = 0.0043
	Step 50: mean loss = 0.0048
	Step 100: mean loss = 0.0048
	Step 150: mean loss = 0.0048

	Loss on validation set after epoch 210: 0.0050

Epoch 211
	Step 0: mean loss = 0.0046
	Step 50: mean loss = 0.0048
	Step 100: mean loss = 0.0048
	Step 150: mean loss = 0.0047

	Loss on validation set after epoch 211: 0.0052

Epoch 212
	Step 0: mean loss = 0.0049
	Step 50: mean loss = 0.0048
	Step 100: mean loss = 0.0048
	Step 150: mean loss = 0.0048

	Loss on validation set after epoch 212: 0.0053

Epoch 213
	Step 0: mean loss = 0.0049
	Step 50: mean loss = 0.0047
	Step 100: mean loss = 0.0048
	Step 150: mean loss = 0.0047

	Loss on validation set after epoch 213: 0.0050

Epoch 214
	Step 0: mean loss = 0.0046
	Step 50: mean loss = 0.0047
	Step 100: mean loss = 0.0048
	Step 150: mean loss = 0.0047

	Loss on validation set after epoch 214: 0.0050

Epoch 215
	Step 0: mean loss = 0.0044
	Step 50: mean loss = 0.0047
	Step 100: mean loss = 0.0047
	Step 150: mean loss = 0.0047

	Loss on validation set after epoch 215: 0.0050

Epoch 216
	Step 0: mean loss = 0.0042
	Step 50: mean loss = 0.0047
	Step 100: mean loss = 0.0047
	Step 150: mean loss = 0.0047

	Loss on validation set after epoch 216: 0.0050

Epoch 217
	Step 0: mean loss = 0.0053
	Step 50: mean loss = 0.0047
	Step 100: mean loss = 0.0048
	Step 150: mean loss = 0.0047

	Loss on validation set after epoch 217: 0.0053

Epoch 218
	Step 0: mean loss = 0.0043
	Step 50: mean loss = 0.0046
	Step 100: mean loss = 0.0047
	Step 150: mean loss = 0.0047

	Loss on validation set after epoch 218: 0.0053

Epoch 219
	Step 0: mean loss = 0.0040
	Step 50: mean loss = 0.0047
	Step 100: mean loss = 0.0047
	Step 150: mean loss = 0.0047

	Loss on validation set after epoch 219: 0.0051

Epoch 220
	Step 0: mean loss = 0.0045
	Step 50: mean loss = 0.0046
	Step 100: mean loss = 0.0047
	Step 150: mean loss = 0.0046

	Loss on validation set after epoch 220: 0.0049

Epoch 221
	Step 0: mean loss = 0.0047
	Step 50: mean loss = 0.0046
	Step 100: mean loss = 0.0047
	Step 150: mean loss = 0.0047

	Loss on validation set after epoch 221: 0.0052

Epoch 222
	Step 0: mean loss = 0.0053
	Step 50: mean loss = 0.0046
	Step 100: mean loss = 0.0047
	Step 150: mean loss = 0.0046

	Loss on validation set after epoch 222: 0.0049

Epoch 223
	Step 0: mean loss = 0.0048
	Step 50: mean loss = 0.0046
	Step 100: mean loss = 0.0046
	Step 150: mean loss = 0.0046

	Loss on validation set after epoch 223: 0.0050

Epoch 224
	Step 0: mean loss = 0.0047
	Step 50: mean loss = 0.0046
	Step 100: mean loss = 0.0046
	Step 150: mean loss = 0.0046

	Loss on validation set after epoch 224: 0.0052

Epoch 225
	Step 0: mean loss = 0.0053
	Step 50: mean loss = 0.0046
	Step 100: mean loss = 0.0046
	Step 150: mean loss = 0.0046

	Loss on validation set after epoch 225: 0.0048

Epoch 226
	Step 0: mean loss = 0.0042
	Step 50: mean loss = 0.0045
	Step 100: mean loss = 0.0046
	Step 150: mean loss = 0.0045

	Loss on validation set after epoch 226: 0.0048

Epoch 227
	Step 0: mean loss = 0.0055
	Step 50: mean loss = 0.0046
	Step 100: mean loss = 0.0046
	Step 150: mean loss = 0.0045

	Loss on validation set after epoch 227: 0.0048

Epoch 228
	Step 0: mean loss = 0.0046
	Step 50: mean loss = 0.0045
	Step 100: mean loss = 0.0045
	Step 150: mean loss = 0.0045

	Loss on validation set after epoch 228: 0.0049

Epoch 229
	Step 0: mean loss = 0.0049
	Step 50: mean loss = 0.0045
	Step 100: mean loss = 0.0045
	Step 150: mean loss = 0.0045

	Loss on validation set after epoch 229: 0.0051

Epoch 230
	Step 0: mean loss = 0.0040
	Step 50: mean loss = 0.0045
	Step 100: mean loss = 0.0046
	Step 150: mean loss = 0.0045

	Loss on validation set after epoch 230: 0.0048

Epoch 231
	Step 0: mean loss = 0.0043
	Step 50: mean loss = 0.0045
	Step 100: mean loss = 0.0045
	Step 150: mean loss = 0.0045

	Loss on validation set after epoch 231: 0.0049

Epoch 232
	Step 0: mean loss = 0.0039
	Step 50: mean loss = 0.0045
	Step 100: mean loss = 0.0045
	Step 150: mean loss = 0.0045

	Loss on validation set after epoch 232: 0.0049

Epoch 233
	Step 0: mean loss = 0.0042
	Step 50: mean loss = 0.0045
	Step 100: mean loss = 0.0045
	Step 150: mean loss = 0.0045

	Loss on validation set after epoch 233: 0.0050

Epoch 234
	Step 0: mean loss = 0.0046
	Step 50: mean loss = 0.0045
	Step 100: mean loss = 0.0045
	Step 150: mean loss = 0.0045

	Loss on validation set after epoch 234: 0.0049

Epoch 235
	Step 0: mean loss = 0.0042
	Step 50: mean loss = 0.0045
	Step 100: mean loss = 0.0045
	Step 150: mean loss = 0.0045

	Loss on validation set after epoch 235: 0.0048

Epoch 236
	Step 0: mean loss = 0.0045
	Step 50: mean loss = 0.0045
	Step 100: mean loss = 0.0045
	Step 150: mean loss = 0.0045

	Loss on validation set after epoch 236: 0.0049

Epoch 237
	Step 0: mean loss = 0.0041
	Step 50: mean loss = 0.0045
	Step 100: mean loss = 0.0045
	Step 150: mean loss = 0.0044

	Loss on validation set after epoch 237: 0.0047

Epoch 238
	Step 0: mean loss = 0.0040
	Step 50: mean loss = 0.0044
	Step 100: mean loss = 0.0045
	Step 150: mean loss = 0.0044

	Loss on validation set after epoch 238: 0.0048

Epoch 239
	Step 0: mean loss = 0.0046
	Step 50: mean loss = 0.0044
	Step 100: mean loss = 0.0044
	Step 150: mean loss = 0.0044

	Loss on validation set after epoch 239: 0.0048

Epoch 240
	Step 0: mean loss = 0.0038
	Step 50: mean loss = 0.0043
	Step 100: mean loss = 0.0044
	Step 150: mean loss = 0.0044

	Loss on validation set after epoch 240: 0.0047

Epoch 241
	Step 0: mean loss = 0.0039
	Step 50: mean loss = 0.0044
	Step 100: mean loss = 0.0044
	Step 150: mean loss = 0.0044

	Loss on validation set after epoch 241: 0.0048

Epoch 242
	Step 0: mean loss = 0.0050
	Step 50: mean loss = 0.0043
	Step 100: mean loss = 0.0044
	Step 150: mean loss = 0.0044

	Loss on validation set after epoch 242: 0.0048

Epoch 243
	Step 0: mean loss = 0.0050
	Step 50: mean loss = 0.0044
	Step 100: mean loss = 0.0044
	Step 150: mean loss = 0.0044

	Loss on validation set after epoch 243: 0.0047

Epoch 244
	Step 0: mean loss = 0.0045
	Step 50: mean loss = 0.0044
	Step 100: mean loss = 0.0045
	Step 150: mean loss = 0.0044

	Loss on validation set after epoch 244: 0.0046

Epoch 245
	Step 0: mean loss = 0.0044
	Step 50: mean loss = 0.0044
	Step 100: mean loss = 0.0044
	Step 150: mean loss = 0.0044

	Loss on validation set after epoch 245: 0.0049

Epoch 246
	Step 0: mean loss = 0.0051
	Step 50: mean loss = 0.0044
	Step 100: mean loss = 0.0044
	Step 150: mean loss = 0.0043

	Loss on validation set after epoch 246: 0.0047

Epoch 247
	Step 0: mean loss = 0.0051
	Step 50: mean loss = 0.0043
	Step 100: mean loss = 0.0044
	Step 150: mean loss = 0.0044

	Loss on validation set after epoch 247: 0.0046

Epoch 248
	Step 0: mean loss = 0.0044
	Step 50: mean loss = 0.0043
	Step 100: mean loss = 0.0044
	Step 150: mean loss = 0.0043

	Loss on validation set after epoch 248: 0.0047

Epoch 249
	Step 0: mean loss = 0.0038
	Step 50: mean loss = 0.0044
	Step 100: mean loss = 0.0044
	Step 150: mean loss = 0.0043

	Loss on validation set after epoch 249: 0.0045

Epoch 250
	Step 0: mean loss = 0.0033
	Step 50: mean loss = 0.0044
	Step 100: mean loss = 0.0043
	Step 150: mean loss = 0.0043

	Loss on validation set after epoch 250: 0.0047

Epoch 251
	Step 0: mean loss = 0.0045
	Step 50: mean loss = 0.0043
	Step 100: mean loss = 0.0044
	Step 150: mean loss = 0.0043

	Loss on validation set after epoch 251: 0.0047

Epoch 252
	Step 0: mean loss = 0.0044
	Step 50: mean loss = 0.0043
	Step 100: mean loss = 0.0044
	Step 150: mean loss = 0.0043

	Loss on validation set after epoch 252: 0.0046

Epoch 253
	Step 0: mean loss = 0.0048
	Step 50: mean loss = 0.0043
	Step 100: mean loss = 0.0044
	Step 150: mean loss = 0.0043

	Loss on validation set after epoch 253: 0.0048

Epoch 254
	Step 0: mean loss = 0.0039
	Step 50: mean loss = 0.0044
	Step 100: mean loss = 0.0044
	Step 150: mean loss = 0.0043

	Loss on validation set after epoch 254: 0.0047

Epoch 255
	Step 0: mean loss = 0.0045
	Step 50: mean loss = 0.0043
	Step 100: mean loss = 0.0044
	Step 150: mean loss = 0.0043

	Loss on validation set after epoch 255: 0.0046

Epoch 256
	Step 0: mean loss = 0.0041
	Step 50: mean loss = 0.0044
	Step 100: mean loss = 0.0044
	Step 150: mean loss = 0.0043

	Loss on validation set after epoch 256: 0.0046

Epoch 257
	Step 0: mean loss = 0.0041
	Step 50: mean loss = 0.0043
	Step 100: mean loss = 0.0044
	Step 150: mean loss = 0.0043

	Loss on validation set after epoch 257: 0.0046

Epoch 258
	Step 0: mean loss = 0.0034
	Step 50: mean loss = 0.0042
	Step 100: mean loss = 0.0043
	Step 150: mean loss = 0.0043

	Loss on validation set after epoch 258: 0.0045

Epoch 259
	Step 0: mean loss = 0.0041
	Step 50: mean loss = 0.0042
	Step 100: mean loss = 0.0043
	Step 150: mean loss = 0.0042

	Loss on validation set after epoch 259: 0.0048

Epoch 260
	Step 0: mean loss = 0.0035
	Step 50: mean loss = 0.0042
	Step 100: mean loss = 0.0042
	Step 150: mean loss = 0.0042

	Loss on validation set after epoch 260: 0.0046

Epoch 261
	Step 0: mean loss = 0.0042
	Step 50: mean loss = 0.0043
	Step 100: mean loss = 0.0043
	Step 150: mean loss = 0.0042

	Loss on validation set after epoch 261: 0.0046

Epoch 262
	Step 0: mean loss = 0.0048
	Step 50: mean loss = 0.0042
	Step 100: mean loss = 0.0043
	Step 150: mean loss = 0.0042

	Loss on validation set after epoch 262: 0.0047

Epoch 263
	Step 0: mean loss = 0.0047
	Step 50: mean loss = 0.0042
	Step 100: mean loss = 0.0043
	Step 150: mean loss = 0.0042

	Loss on validation set after epoch 263: 0.0046

Epoch 264
	Step 0: mean loss = 0.0046
	Step 50: mean loss = 0.0042
	Step 100: mean loss = 0.0043
	Step 150: mean loss = 0.0042

	Loss on validation set after epoch 264: 0.0045

Epoch 265
	Step 0: mean loss = 0.0041
	Step 50: mean loss = 0.0042
	Step 100: mean loss = 0.0042
	Step 150: mean loss = 0.0042

	Loss on validation set after epoch 265: 0.0046

Epoch 266
	Step 0: mean loss = 0.0035
	Step 50: mean loss = 0.0042
	Step 100: mean loss = 0.0042
	Step 150: mean loss = 0.0042

	Loss on validation set after epoch 266: 0.0046

Epoch 267
	Step 0: mean loss = 0.0050
	Step 50: mean loss = 0.0042
	Step 100: mean loss = 0.0042
	Step 150: mean loss = 0.0042

	Loss on validation set after epoch 267: 0.0044

Epoch 268
	Step 0: mean loss = 0.0035
	Step 50: mean loss = 0.0041
	Step 100: mean loss = 0.0042
	Step 150: mean loss = 0.0041

	Loss on validation set after epoch 268: 0.0046

Epoch 269
	Step 0: mean loss = 0.0041
	Step 50: mean loss = 0.0042
	Step 100: mean loss = 0.0042
	Step 150: mean loss = 0.0042

	Loss on validation set after epoch 269: 0.0046

Epoch 270
	Step 0: mean loss = 0.0043
	Step 50: mean loss = 0.0042
	Step 100: mean loss = 0.0042
	Step 150: mean loss = 0.0042

	Loss on validation set after epoch 270: 0.0045

Epoch 271
	Step 0: mean loss = 0.0038
	Step 50: mean loss = 0.0041
	Step 100: mean loss = 0.0042
	Step 150: mean loss = 0.0042

	Loss on validation set after epoch 271: 0.0045

Epoch 272
	Step 0: mean loss = 0.0037
	Step 50: mean loss = 0.0041
	Step 100: mean loss = 0.0042
	Step 150: mean loss = 0.0041

	Loss on validation set after epoch 272: 0.0046

Epoch 273
	Step 0: mean loss = 0.0036
	Step 50: mean loss = 0.0042
	Step 100: mean loss = 0.0042
	Step 150: mean loss = 0.0041

	Loss on validation set after epoch 273: 0.0045

Epoch 274
	Step 0: mean loss = 0.0034
	Step 50: mean loss = 0.0041
	Step 100: mean loss = 0.0041
	Step 150: mean loss = 0.0041

	Loss on validation set after epoch 274: 0.0045

Epoch 275
	Step 0: mean loss = 0.0035
	Step 50: mean loss = 0.0041
	Step 100: mean loss = 0.0041
	Step 150: mean loss = 0.0041

	Loss on validation set after epoch 275: 0.0044

Epoch 276
	Step 0: mean loss = 0.0037
	Step 50: mean loss = 0.0041
	Step 100: mean loss = 0.0041
	Step 150: mean loss = 0.0041

	Loss on validation set after epoch 276: 0.0044

Epoch 277
	Step 0: mean loss = 0.0041
	Step 50: mean loss = 0.0041
	Step 100: mean loss = 0.0041
	Step 150: mean loss = 0.0041

	Loss on validation set after epoch 277: 0.0044

Epoch 278
	Step 0: mean loss = 0.0045
	Step 50: mean loss = 0.0041
	Step 100: mean loss = 0.0041
	Step 150: mean loss = 0.0041

	Loss on validation set after epoch 278: 0.0044

Epoch 279
	Step 0: mean loss = 0.0042
	Step 50: mean loss = 0.0041
	Step 100: mean loss = 0.0041
	Step 150: mean loss = 0.0041

	Loss on validation set after epoch 279: 0.0043

Epoch 280
	Step 0: mean loss = 0.0041
	Step 50: mean loss = 0.0041
	Step 100: mean loss = 0.0041
	Step 150: mean loss = 0.0040

	Loss on validation set after epoch 280: 0.0046

Epoch 281
	Step 0: mean loss = 0.0047
	Step 50: mean loss = 0.0041
	Step 100: mean loss = 0.0041
	Step 150: mean loss = 0.0041

	Loss on validation set after epoch 281: 0.0043

Epoch 282
	Step 0: mean loss = 0.0044
	Step 50: mean loss = 0.0040
	Step 100: mean loss = 0.0041
	Step 150: mean loss = 0.0040

	Loss on validation set after epoch 282: 0.0043

Epoch 283
	Step 0: mean loss = 0.0048
	Step 50: mean loss = 0.0040
	Step 100: mean loss = 0.0040
	Step 150: mean loss = 0.0040

	Loss on validation set after epoch 283: 0.0043

Epoch 284
	Step 0: mean loss = 0.0040
	Step 50: mean loss = 0.0040
	Step 100: mean loss = 0.0041
	Step 150: mean loss = 0.0040

	Loss on validation set after epoch 284: 0.0044

Epoch 285
	Step 0: mean loss = 0.0038
	Step 50: mean loss = 0.0040
	Step 100: mean loss = 0.0040
	Step 150: mean loss = 0.0040

	Loss on validation set after epoch 285: 0.0042

Epoch 286
	Step 0: mean loss = 0.0041
	Step 50: mean loss = 0.0040
	Step 100: mean loss = 0.0040
	Step 150: mean loss = 0.0040

	Loss on validation set after epoch 286: 0.0043

Epoch 287
	Step 0: mean loss = 0.0037
	Step 50: mean loss = 0.0040
	Step 100: mean loss = 0.0041
	Step 150: mean loss = 0.0040

	Loss on validation set after epoch 287: 0.0044

Epoch 288
	Step 0: mean loss = 0.0044
	Step 50: mean loss = 0.0040
	Step 100: mean loss = 0.0040
	Step 150: mean loss = 0.0040

	Loss on validation set after epoch 288: 0.0045

Epoch 289
	Step 0: mean loss = 0.0037
	Step 50: mean loss = 0.0040
	Step 100: mean loss = 0.0040
	Step 150: mean loss = 0.0040

	Loss on validation set after epoch 289: 0.0043

Epoch 290
	Step 0: mean loss = 0.0042
	Step 50: mean loss = 0.0039
	Step 100: mean loss = 0.0040
	Step 150: mean loss = 0.0040

	Loss on validation set after epoch 290: 0.0044

Epoch 291
	Step 0: mean loss = 0.0036
	Step 50: mean loss = 0.0040
	Step 100: mean loss = 0.0040
	Step 150: mean loss = 0.0040

	Loss on validation set after epoch 291: 0.0043

Epoch 292
	Step 0: mean loss = 0.0037
	Step 50: mean loss = 0.0040
	Step 100: mean loss = 0.0040
	Step 150: mean loss = 0.0040

	Loss on validation set after epoch 292: 0.0043

Epoch 293
	Step 0: mean loss = 0.0028
	Step 50: mean loss = 0.0040
	Step 100: mean loss = 0.0040
	Step 150: mean loss = 0.0040

	Loss on validation set after epoch 293: 0.0044

Epoch 294
	Step 0: mean loss = 0.0041
	Step 50: mean loss = 0.0040
	Step 100: mean loss = 0.0040
	Step 150: mean loss = 0.0040

	Loss on validation set after epoch 294: 0.0044

Epoch 295
	Step 0: mean loss = 0.0044
	Step 50: mean loss = 0.0040
	Step 100: mean loss = 0.0040
	Step 150: mean loss = 0.0040

	Loss on validation set after epoch 295: 0.0043

Epoch 296
	Step 0: mean loss = 0.0040
	Step 50: mean loss = 0.0040
	Step 100: mean loss = 0.0040
	Step 150: mean loss = 0.0040

	Loss on validation set after epoch 296: 0.0042

Epoch 297
	Step 0: mean loss = 0.0038
	Step 50: mean loss = 0.0039
	Step 100: mean loss = 0.0040
	Step 150: mean loss = 0.0040

	Loss on validation set after epoch 297: 0.0044

Epoch 298
	Step 0: mean loss = 0.0037
	Step 50: mean loss = 0.0040
	Step 100: mean loss = 0.0040
	Step 150: mean loss = 0.0040

	Loss on validation set after epoch 298: 0.0042

Epoch 299
	Step 0: mean loss = 0.0046
	Step 50: mean loss = 0.0039
	Step 100: mean loss = 0.0040
	Step 150: mean loss = 0.0040

	Loss on validation set after epoch 299: 0.0042

Epoch 300
	Step 0: mean loss = 0.0033
	Step 50: mean loss = 0.0039
	Step 100: mean loss = 0.0040
	Step 150: mean loss = 0.0039

	Loss on validation set after epoch 300: 0.0043

Epoch 301
	Step 0: mean loss = 0.0046
	Step 50: mean loss = 0.0039
	Step 100: mean loss = 0.0039
	Step 150: mean loss = 0.0039

	Loss on validation set after epoch 301: 0.0044

Epoch 302
	Step 0: mean loss = 0.0041
	Step 50: mean loss = 0.0039
	Step 100: mean loss = 0.0040
	Step 150: mean loss = 0.0039

	Loss on validation set after epoch 302: 0.0043

Epoch 303
	Step 0: mean loss = 0.0037
	Step 50: mean loss = 0.0039
	Step 100: mean loss = 0.0039
	Step 150: mean loss = 0.0039

	Loss on validation set after epoch 303: 0.0042

Epoch 304
	Step 0: mean loss = 0.0036
	Step 50: mean loss = 0.0039
	Step 100: mean loss = 0.0039
	Step 150: mean loss = 0.0039

	Loss on validation set after epoch 304: 0.0043

Epoch 305
	Step 0: mean loss = 0.0033
	Step 50: mean loss = 0.0039
	Step 100: mean loss = 0.0039
	Step 150: mean loss = 0.0039

	Loss on validation set after epoch 305: 0.0044

Epoch 306
	Step 0: mean loss = 0.0040
	Step 50: mean loss = 0.0039
	Step 100: mean loss = 0.0039
	Step 150: mean loss = 0.0039

	Loss on validation set after epoch 306: 0.0042

Epoch 307
	Step 0: mean loss = 0.0032
	Step 50: mean loss = 0.0039
	Step 100: mean loss = 0.0039
	Step 150: mean loss = 0.0039

	Loss on validation set after epoch 307: 0.0043

Epoch 308
	Step 0: mean loss = 0.0038
	Step 50: mean loss = 0.0039
	Step 100: mean loss = 0.0039
	Step 150: mean loss = 0.0039

	Loss on validation set after epoch 308: 0.0043

Epoch 309
	Step 0: mean loss = 0.0037
	Step 50: mean loss = 0.0039
	Step 100: mean loss = 0.0039
	Step 150: mean loss = 0.0039

	Loss on validation set after epoch 309: 0.0044

Epoch 310
	Step 0: mean loss = 0.0036
	Step 50: mean loss = 0.0039
	Step 100: mean loss = 0.0039
	Step 150: mean loss = 0.0039

	Loss on validation set after epoch 310: 0.0044

Epoch 311
	Step 0: mean loss = 0.0042
	Step 50: mean loss = 0.0039
	Step 100: mean loss = 0.0039
	Step 150: mean loss = 0.0039

	Loss on validation set after epoch 311: 0.0043

Epoch 312
	Step 0: mean loss = 0.0029
	Step 50: mean loss = 0.0039
	Step 100: mean loss = 0.0039
	Step 150: mean loss = 0.0039

	Loss on validation set after epoch 312: 0.0042

Epoch 313
	Step 0: mean loss = 0.0037
	Step 50: mean loss = 0.0039
	Step 100: mean loss = 0.0039
	Step 150: mean loss = 0.0039

	Loss on validation set after epoch 313: 0.0043

Epoch 314
	Step 0: mean loss = 0.0040
	Step 50: mean loss = 0.0039
	Step 100: mean loss = 0.0039
	Step 150: mean loss = 0.0038

	Loss on validation set after epoch 314: 0.0043

Epoch 315
	Step 0: mean loss = 0.0049
	Step 50: mean loss = 0.0039
	Step 100: mean loss = 0.0039
	Step 150: mean loss = 0.0039

	Loss on validation set after epoch 315: 0.0044

Epoch 316
	Step 0: mean loss = 0.0047
	Step 50: mean loss = 0.0038
	Step 100: mean loss = 0.0039
	Step 150: mean loss = 0.0039

	Loss on validation set after epoch 316: 0.0042

Epoch 317
	Step 0: mean loss = 0.0034
	Step 50: mean loss = 0.0039
	Step 100: mean loss = 0.0039
	Step 150: mean loss = 0.0039

	Loss on validation set after epoch 317: 0.0042

Epoch 318
	Step 0: mean loss = 0.0034
	Step 50: mean loss = 0.0038
	Step 100: mean loss = 0.0039
	Step 150: mean loss = 0.0039

	Loss on validation set after epoch 318: 0.0043

Epoch 319
	Step 0: mean loss = 0.0039
	Step 50: mean loss = 0.0039
	Step 100: mean loss = 0.0039
	Step 150: mean loss = 0.0038

	Loss on validation set after epoch 319: 0.0043

Epoch 320
	Step 0: mean loss = 0.0040
	Step 50: mean loss = 0.0038
	Step 100: mean loss = 0.0039
	Step 150: mean loss = 0.0039

	Loss on validation set after epoch 320: 0.0043

Epoch 321
	Step 0: mean loss = 0.0035
	Step 50: mean loss = 0.0038
	Step 100: mean loss = 0.0039
	Step 150: mean loss = 0.0039

	Loss on validation set after epoch 321: 0.0042

Epoch 322
	Step 0: mean loss = 0.0039
	Step 50: mean loss = 0.0038
	Step 100: mean loss = 0.0039
	Step 150: mean loss = 0.0039

	Loss on validation set after epoch 322: 0.0043

Epoch 323
	Step 0: mean loss = 0.0039
	Step 50: mean loss = 0.0038
	Step 100: mean loss = 0.0039
	Step 150: mean loss = 0.0038

	Loss on validation set after epoch 323: 0.0041

Epoch 324
	Step 0: mean loss = 0.0033
	Step 50: mean loss = 0.0037
	Step 100: mean loss = 0.0038
	Step 150: mean loss = 0.0038

	Loss on validation set after epoch 324: 0.0043

Epoch 325
	Step 0: mean loss = 0.0037
	Step 50: mean loss = 0.0037
	Step 100: mean loss = 0.0038
	Step 150: mean loss = 0.0038

	Loss on validation set after epoch 325: 0.0041

Epoch 326
	Step 0: mean loss = 0.0033
	Step 50: mean loss = 0.0037
	Step 100: mean loss = 0.0038
	Step 150: mean loss = 0.0038

	Loss on validation set after epoch 326: 0.0041

Epoch 327
	Step 0: mean loss = 0.0037
	Step 50: mean loss = 0.0037
	Step 100: mean loss = 0.0038
	Step 150: mean loss = 0.0038

	Loss on validation set after epoch 327: 0.0041

Epoch 328
	Step 0: mean loss = 0.0037
	Step 50: mean loss = 0.0037
	Step 100: mean loss = 0.0038
	Step 150: mean loss = 0.0037

	Loss on validation set after epoch 328: 0.0040

Epoch 329
	Step 0: mean loss = 0.0034
	Step 50: mean loss = 0.0037
	Step 100: mean loss = 0.0037
	Step 150: mean loss = 0.0037

	Loss on validation set after epoch 329: 0.0039

Epoch 330
	Step 0: mean loss = 0.0040
	Step 50: mean loss = 0.0037
	Step 100: mean loss = 0.0038
	Step 150: mean loss = 0.0037

	Loss on validation set after epoch 330: 0.0041

Epoch 331
	Step 0: mean loss = 0.0039
	Step 50: mean loss = 0.0037
	Step 100: mean loss = 0.0037
	Step 150: mean loss = 0.0037

	Loss on validation set after epoch 331: 0.0041

Epoch 332
	Step 0: mean loss = 0.0038
	Step 50: mean loss = 0.0037
	Step 100: mean loss = 0.0037
	Step 150: mean loss = 0.0037

	Loss on validation set after epoch 332: 0.0041

Epoch 333
	Step 0: mean loss = 0.0033
	Step 50: mean loss = 0.0037
	Step 100: mean loss = 0.0037
	Step 150: mean loss = 0.0037

	Loss on validation set after epoch 333: 0.0040

Epoch 334
	Step 0: mean loss = 0.0040
	Step 50: mean loss = 0.0036
	Step 100: mean loss = 0.0037
	Step 150: mean loss = 0.0037

	Loss on validation set after epoch 334: 0.0040

Epoch 335
	Step 0: mean loss = 0.0036
	Step 50: mean loss = 0.0036
	Step 100: mean loss = 0.0037
	Step 150: mean loss = 0.0036

	Loss on validation set after epoch 335: 0.0040

Epoch 336
	Step 0: mean loss = 0.0045
	Step 50: mean loss = 0.0037
	Step 100: mean loss = 0.0037
	Step 150: mean loss = 0.0037

	Loss on validation set after epoch 336: 0.0039

Epoch 337
	Step 0: mean loss = 0.0036
	Step 50: mean loss = 0.0036
	Step 100: mean loss = 0.0037
	Step 150: mean loss = 0.0036

	Loss on validation set after epoch 337: 0.0042

Epoch 338
	Step 0: mean loss = 0.0036
	Step 50: mean loss = 0.0036
	Step 100: mean loss = 0.0037
	Step 150: mean loss = 0.0036

	Loss on validation set after epoch 338: 0.0040

Epoch 339
	Step 0: mean loss = 0.0044
	Step 50: mean loss = 0.0036
	Step 100: mean loss = 0.0036
	Step 150: mean loss = 0.0036

	Loss on validation set after epoch 339: 0.0043

Epoch 340
	Step 0: mean loss = 0.0040
	Step 50: mean loss = 0.0036
	Step 100: mean loss = 0.0036
	Step 150: mean loss = 0.0036

	Loss on validation set after epoch 340: 0.0041

Epoch 341
	Step 0: mean loss = 0.0044
	Step 50: mean loss = 0.0036
	Step 100: mean loss = 0.0036
	Step 150: mean loss = 0.0036

	Loss on validation set after epoch 341: 0.0042

Epoch 342
	Step 0: mean loss = 0.0040
	Step 50: mean loss = 0.0036
	Step 100: mean loss = 0.0036
	Step 150: mean loss = 0.0036

	Loss on validation set after epoch 342: 0.0040

Epoch 343
	Step 0: mean loss = 0.0039
	Step 50: mean loss = 0.0036
	Step 100: mean loss = 0.0036
	Step 150: mean loss = 0.0036

	Loss on validation set after epoch 343: 0.0039

Epoch 344
	Step 0: mean loss = 0.0041
	Step 50: mean loss = 0.0036
	Step 100: mean loss = 0.0036
	Step 150: mean loss = 0.0036

	Loss on validation set after epoch 344: 0.0039

Epoch 345
	Step 0: mean loss = 0.0040
	Step 50: mean loss = 0.0035
	Step 100: mean loss = 0.0036
	Step 150: mean loss = 0.0036

	Loss on validation set after epoch 345: 0.0039

Epoch 346
	Step 0: mean loss = 0.0036
	Step 50: mean loss = 0.0035
	Step 100: mean loss = 0.0036
	Step 150: mean loss = 0.0036

	Loss on validation set after epoch 346: 0.0041

Epoch 347
	Step 0: mean loss = 0.0038
	Step 50: mean loss = 0.0036
	Step 100: mean loss = 0.0036
	Step 150: mean loss = 0.0036

	Loss on validation set after epoch 347: 0.0043

Epoch 348
	Step 0: mean loss = 0.0037
	Step 50: mean loss = 0.0035
	Step 100: mean loss = 0.0036
	Step 150: mean loss = 0.0035

	Loss on validation set after epoch 348: 0.0039

Epoch 349
	Step 0: mean loss = 0.0039
	Step 50: mean loss = 0.0036
	Step 100: mean loss = 0.0036
	Step 150: mean loss = 0.0035

	Loss on validation set after epoch 349: 0.0041

Epoch 350
	Step 0: mean loss = 0.0041
	Step 50: mean loss = 0.0036
	Step 100: mean loss = 0.0036
	Step 150: mean loss = 0.0036

	Loss on validation set after epoch 350: 0.0039

Epoch 351
	Step 0: mean loss = 0.0039
	Step 50: mean loss = 0.0035
	Step 100: mean loss = 0.0036
	Step 150: mean loss = 0.0035

	Loss on validation set after epoch 351: 0.0041

Epoch 352
	Step 0: mean loss = 0.0034
	Step 50: mean loss = 0.0035
	Step 100: mean loss = 0.0036
	Step 150: mean loss = 0.0035

	Loss on validation set after epoch 352: 0.0044

Epoch 353
	Step 0: mean loss = 0.0029
	Step 50: mean loss = 0.0035
	Step 100: mean loss = 0.0035
	Step 150: mean loss = 0.0035

	Loss on validation set after epoch 353: 0.0041

Epoch 354
	Step 0: mean loss = 0.0036
	Step 50: mean loss = 0.0035
	Step 100: mean loss = 0.0036
	Step 150: mean loss = 0.0035

	Loss on validation set after epoch 354: 0.0038

Epoch 355
	Step 0: mean loss = 0.0031
	Step 50: mean loss = 0.0035
	Step 100: mean loss = 0.0035
	Step 150: mean loss = 0.0035

	Loss on validation set after epoch 355: 0.0038

Epoch 356
	Step 0: mean loss = 0.0034
	Step 50: mean loss = 0.0035
	Step 100: mean loss = 0.0035
	Step 150: mean loss = 0.0035

	Loss on validation set after epoch 356: 0.0038

Epoch 357
	Step 0: mean loss = 0.0043
	Step 50: mean loss = 0.0035
	Step 100: mean loss = 0.0035
	Step 150: mean loss = 0.0035

	Loss on validation set after epoch 357: 0.0039

Epoch 358
	Step 0: mean loss = 0.0038
	Step 50: mean loss = 0.0035
	Step 100: mean loss = 0.0035
	Step 150: mean loss = 0.0035

	Loss on validation set after epoch 358: 0.0041

Epoch 359
	Step 0: mean loss = 0.0034
	Step 50: mean loss = 0.0035
	Step 100: mean loss = 0.0035
	Step 150: mean loss = 0.0035

	Loss on validation set after epoch 359: 0.0038

Epoch 360
	Step 0: mean loss = 0.0039
	Step 50: mean loss = 0.0035
	Step 100: mean loss = 0.0035
	Step 150: mean loss = 0.0035

	Loss on validation set after epoch 360: 0.0040

Epoch 361
	Step 0: mean loss = 0.0045
	Step 50: mean loss = 0.0034
	Step 100: mean loss = 0.0035
	Step 150: mean loss = 0.0035

	Loss on validation set after epoch 361: 0.0037

Epoch 362
	Step 0: mean loss = 0.0037
	Step 50: mean loss = 0.0034
	Step 100: mean loss = 0.0034
	Step 150: mean loss = 0.0035

	Loss on validation set after epoch 362: 0.0041

Epoch 363
	Step 0: mean loss = 0.0031
	Step 50: mean loss = 0.0035
	Step 100: mean loss = 0.0035
	Step 150: mean loss = 0.0035

	Loss on validation set after epoch 363: 0.0039

Epoch 364
	Step 0: mean loss = 0.0032
	Step 50: mean loss = 0.0034
	Step 100: mean loss = 0.0035
	Step 150: mean loss = 0.0035

	Loss on validation set after epoch 364: 0.0039

Epoch 365
	Step 0: mean loss = 0.0040
	Step 50: mean loss = 0.0035
	Step 100: mean loss = 0.0035
	Step 150: mean loss = 0.0034

	Loss on validation set after epoch 365: 0.0038

Epoch 366
	Step 0: mean loss = 0.0040
	Step 50: mean loss = 0.0035
	Step 100: mean loss = 0.0035
	Step 150: mean loss = 0.0034

	Loss on validation set after epoch 366: 0.0039

Epoch 367
	Step 0: mean loss = 0.0041
	Step 50: mean loss = 0.0034
	Step 100: mean loss = 0.0034
	Step 150: mean loss = 0.0034

	Loss on validation set after epoch 367: 0.0038

Epoch 368
	Step 0: mean loss = 0.0032
	Step 50: mean loss = 0.0035
	Step 100: mean loss = 0.0034
	Step 150: mean loss = 0.0034

	Loss on validation set after epoch 368: 0.0038

Epoch 369
	Step 0: mean loss = 0.0035
	Step 50: mean loss = 0.0034
	Step 100: mean loss = 0.0035
	Step 150: mean loss = 0.0034

	Loss on validation set after epoch 369: 0.0038

Epoch 370
	Step 0: mean loss = 0.0039
	Step 50: mean loss = 0.0034
	Step 100: mean loss = 0.0034
	Step 150: mean loss = 0.0034

	Loss on validation set after epoch 370: 0.0037

Epoch 371
	Step 0: mean loss = 0.0045
	Step 50: mean loss = 0.0034
	Step 100: mean loss = 0.0034
	Step 150: mean loss = 0.0034

	Loss on validation set after epoch 371: 0.0038

Epoch 372
	Step 0: mean loss = 0.0036
	Step 50: mean loss = 0.0034
	Step 100: mean loss = 0.0034
	Step 150: mean loss = 0.0034

	Loss on validation set after epoch 372: 0.0039

Epoch 373
	Step 0: mean loss = 0.0032
	Step 50: mean loss = 0.0034
	Step 100: mean loss = 0.0034
	Step 150: mean loss = 0.0034

	Loss on validation set after epoch 373: 0.0042

Epoch 374
	Step 0: mean loss = 0.0034
	Step 50: mean loss = 0.0034
	Step 100: mean loss = 0.0034
	Step 150: mean loss = 0.0034

	Loss on validation set after epoch 374: 0.0038

Epoch 375
	Step 0: mean loss = 0.0032
	Step 50: mean loss = 0.0033
	Step 100: mean loss = 0.0034
	Step 150: mean loss = 0.0034

	Loss on validation set after epoch 375: 0.0038

Epoch 376
	Step 0: mean loss = 0.0033
	Step 50: mean loss = 0.0033
	Step 100: mean loss = 0.0034
	Step 150: mean loss = 0.0034

	Loss on validation set after epoch 376: 0.0038

Model from epoch 361 was selected by early stopping.
Training process will be stopped now.
Deleted temporary files in ../data/trained_models/temp_01-03-08-24-44/
Location of saved model: ../data/trained_models/last_hope_61_01-03-08-24-44/ 

Adding feature wise convolutions with 32 filters per feature, 3 kernels and 1 strides ...
Adding feature wise convolutions with 1 filters per feature, 3 kernels and 1 strides ...
Adding feature based graph attention layer ...
Adding time based graph attention layer ...
Adding GRU layer with 256 units ...
Adding GRU layer with 61 units ...
Adding VAE as reconstruction model dimensions 3072 & 1536 and ...
Adding dense layer to forecasting model with 512 units and ReLu activation ...
Adding dense layer to forecasting model with 256 units and ReLu activation ...
Adding last dense layer to forecasting model with 61 units and sigmoid activation ...
VAE reconstructs the output of the gru layer.

Grid search running in anomaly detection model selection mode.
The following hyperparameters will not be evaluated:
relevance_mapping
unaffected_component_threshold
si_mode
si_parameter

Testing 294 combinations via grid search 
for model last_hope_61_01-03-08-24-44/ on the validation dataset. 


Top 50 combinations tested:
      gamma  single_timestamp_a.. affected_timestamp..     AD F1     AD F2    AD TPR   AD Prec    AD ACC    AD TNR    AD FPR  SI/ST AVG-HR@100%  SI/ST AVG-HR@150%  SI/ST AVG-HR@K  SI/ST F1  SI/ST TPR  SI/ST ACC
Comb                                                                                                                                                                                                              
69      0.4                 0.250                  160  0.547816  0.636663  0.713846  0.444444  0.776023  0.790614  0.209386           0.332525           0.419032        0.227692  0.150769   0.150769   0.869349
67      0.4                 0.250                  140  0.542565  0.643858  0.735385  0.429856  0.764327  0.771119  0.228881           0.332525           0.419032        0.227692  0.150769   0.150769   0.869349
68      0.4                 0.250                  150  0.542099  0.637894  0.723077  0.433579  0.767836  0.778339  0.221661           0.332525           0.419032        0.227692  0.150769   0.150769   0.869349
63      0.4                 0.250                  100  0.539717  0.654699  0.763077  0.417508  0.752632  0.750181  0.249819           0.332525           0.419032        0.227692  0.150769   0.150769   0.869349
66      0.4                 0.250                  130  0.539326  0.643432  0.738462  0.424779  0.760234  0.765343  0.234657           0.332525           0.419032        0.227692  0.150769   0.150769   0.869349
65      0.4                 0.250                  120  0.536585  0.644646  0.744615  0.419411  0.755556  0.758123  0.241877           0.332525           0.419032        0.227692  0.150769   0.150769   0.869349
64      0.4                 0.250                  110  0.536264  0.647215  0.750769  0.417094  0.753216  0.753791  0.246209           0.332525           0.419032        0.227692  0.150769   0.150769   0.869349
13      0.3                 0.225                  160  0.511263  0.653808  0.803077  0.375000  0.708187  0.685921  0.314079           0.354454           0.440803        0.252308  0.196923   0.196923   0.876450
12      0.3                 0.225                  150  0.500479  0.646680  0.803077  0.363510  0.695322  0.670036  0.329964           0.354454           0.440803        0.252308  0.196923   0.196923   0.876450
11      0.3                 0.225                  140  0.492944  0.642787  0.806154  0.355014  0.684795  0.656318  0.343682           0.354454           0.440803        0.252308  0.196923   0.196923   0.876450
10      0.3                 0.225                  130  0.491163  0.643902  0.812308  0.352000  0.680117  0.649097  0.350903           0.354454           0.440803        0.252308  0.196923   0.196923   0.876450
9       0.3                 0.225                  120  0.489871  0.645318  0.818462  0.349540  0.676023  0.642599  0.357401           0.354454           0.440803        0.252308  0.196923   0.196923   0.876450
8       0.3                 0.225                  110  0.484517  0.641582  0.818462  0.344114  0.669006  0.633935  0.366065           0.354454           0.440803        0.252308  0.196923   0.196923   0.876450
7       0.3                 0.225                  100  0.482143  0.644391  0.830769  0.339623  0.660819  0.620939  0.379061           0.354454           0.440803        0.252308  0.196923   0.196923   0.876450
224     0.7                 0.300                  100  0.477535  0.530217  0.572308  0.409692  0.761988  0.806498  0.193502           0.308552           0.408791        0.221538  0.150769   0.150769   0.869349
119     0.5                 0.275                  100  0.477093  0.469527  0.464615  0.490260  0.806433  0.886643  0.113357           0.288999           0.377997        0.184615  0.101538   0.101538   0.861775
226     0.7                 0.300                  120  0.474053  0.500592  0.520000  0.435567  0.780702  0.841877  0.158123           0.308552           0.408791        0.221538  0.150769   0.150769   0.869349
120     0.5                 0.275                  110  0.472669  0.460238  0.452308  0.494949  0.808187  0.891697  0.108303           0.288999           0.377997        0.184615  0.101538   0.101538   0.861775
229     0.7                 0.300                  150  0.472012  0.476773  0.480000  0.464286  0.795906  0.870036  0.129964           0.308552           0.408791        0.221538  0.150769   0.150769   0.869349
121     0.5                 0.275                  120  0.471170  0.451960  0.440000  0.507092  0.812281  0.899639  0.100361           0.288999           0.377997        0.184615  0.101538   0.101538   0.861775
225     0.7                 0.300                  110  0.470430  0.509017  0.538462  0.417661  0.769591  0.823827  0.176173           0.308552           0.408791        0.221538  0.150769   0.150769   0.869349
279     0.8                 0.300                  160  0.470204  0.654545  0.886154  0.320000  0.620468  0.558123  0.441877           0.317879           0.428849        0.246154  0.184615   0.184615   0.874556
227     0.7                 0.300                  130  0.469741  0.488316  0.501538  0.441734  0.784795  0.851264  0.148736           0.308552           0.408791        0.221538  0.150769   0.150769   0.869349
228     0.7                 0.300                  140  0.469719  0.481235  0.489231  0.451705  0.790058  0.860650  0.139350           0.308552           0.408791        0.221538  0.150769   0.150769   0.869349
230     0.7                 0.300                  160  0.468944  0.466337  0.464615  0.473354  0.800000  0.878700  0.121300           0.308552           0.408791        0.221538  0.150769   0.150769   0.869349
278     0.8                 0.300                  150  0.468876  0.655515  0.892308  0.317982  0.615789  0.550903  0.449097           0.317879           0.428849        0.246154  0.184615   0.184615   0.874556
277     0.8                 0.300                  140  0.466238  0.653447  0.892308  0.315560  0.611696  0.545848  0.454152           0.317879           0.428849        0.246154  0.184615   0.184615   0.874556
276     0.8                 0.300                  130  0.465819  0.656068  0.901538  0.314041  0.607018  0.537906  0.462094           0.317879           0.428849        0.246154  0.184615   0.184615   0.874556
174     0.6                 0.275                  160  0.464376  0.638838  0.852308  0.319124  0.626316  0.573285  0.426715           0.351943           0.454915        0.249231  0.196923   0.196923   0.876450
173     0.6                 0.275                  150  0.462687  0.639615  0.858462  0.316686  0.621053  0.565343  0.434657           0.351943           0.454915        0.249231  0.196923   0.196923   0.876450
172     0.6                 0.275                  140  0.461665  0.639854  0.861538  0.315315  0.618129  0.561011  0.438989           0.351943           0.454915        0.249231  0.196923   0.196923   0.876450
275     0.8                 0.300                  120  0.461538  0.653624  0.904615  0.309800  0.598830  0.527076  0.472924           0.317879           0.428849        0.246154  0.184615   0.184615   0.874556
122     0.5                 0.275                  130  0.459732  0.436028  0.421538  0.505535  0.811696  0.903249  0.096751           0.288999           0.377997        0.184615  0.101538   0.101538   0.861775
171     0.6                 0.275                  130  0.457282  0.637477  0.864615  0.310841  0.609942  0.550181  0.449819           0.351943           0.454915        0.249231  0.196923   0.196923   0.876450
274     0.8                 0.300                  110  0.457010  0.650927  0.907692  0.305383  0.590058  0.515523  0.484477           0.317879           0.428849        0.246154  0.184615   0.184615   0.874556
170     0.6                 0.275                  120  0.455206  0.636856  0.867692  0.308534  0.605263  0.543682  0.456318           0.351943           0.454915        0.249231  0.196923   0.196923   0.876450
169     0.6                 0.275                  110  0.451923  0.634278  0.867692  0.305525  0.600000  0.537184  0.462816           0.351943           0.454915        0.249231  0.196923   0.196923   0.876450
168     0.6                 0.275                  100  0.451306  0.636729  0.876923  0.303838  0.594737  0.528520  0.471480           0.351943           0.454915        0.249231  0.196923   0.196923   0.876450
273     0.8                 0.300                  100  0.450190  0.646288  0.910769  0.298990  0.577193  0.498917  0.501083           0.317879           0.428849        0.246154  0.184615   0.184615   0.874556
123     0.5                 0.275                  140  0.446367  0.415325  0.396923  0.509881  0.812865  0.910469  0.089531           0.288999           0.377997        0.184615  0.101538   0.101538   0.861775
124     0.5                 0.275                  150  0.436170  0.399610  0.378462  0.514644  0.814035  0.916245  0.083755           0.288999           0.377997        0.184615  0.101538   0.101538   0.861775
125     0.5                 0.275                  160  0.428058  0.388635  0.366154  0.515152  0.814035  0.919134  0.080866           0.288999           0.377997        0.184615  0.101538   0.101538   0.861775
118     0.5                 0.250                  160  0.375367  0.597015  0.984615  0.231884  0.377193  0.234657  0.765343           0.362171           0.460723        0.255385  0.212308   0.212308   0.878817
117     0.5                 0.250                  150  0.372960  0.594575  0.984615  0.230050  0.370760  0.226715  0.773285           0.362171           0.460723        0.255385  0.212308   0.212308   0.878817
116     0.5                 0.250                  140  0.368664  0.590188  0.984615  0.226790  0.359064  0.212274  0.787726           0.362171           0.460723        0.255385  0.212308   0.212308   0.878817
115     0.5                 0.250                  130  0.365396  0.587482  0.987692  0.224162  0.347953  0.197834  0.802166           0.362171           0.460723        0.255385  0.212308   0.212308   0.878817
114     0.5                 0.250                  120  0.364566  0.586623  0.987692  0.223538  0.345614  0.194946  0.805054           0.362171           0.460723        0.255385  0.212308   0.212308   0.878817
113     0.5                 0.250                  110  0.362302  0.584274  0.987692  0.221838  0.339181  0.187004  0.812996           0.362171           0.460723        0.255385  0.212308   0.212308   0.878817
112     0.5                 0.250                  100  0.361798  0.584392  0.990769  0.221306  0.335673  0.181949  0.818051           0.362171           0.460723        0.255385  0.212308   0.212308   0.878817
62      0.4                 0.225                  160  0.335224  0.557653  1.000000  0.201363  0.246199  0.069314  0.930686           0.369424           0.463593        0.261538  0.227692   0.227692   0.881183

Full result output for the best combination:
                 #Examples   TP   FP    TN  FN       ACC       FNR       TNR       FPR       TPR      Prec        F1        F2  AVG # affected
Component                                                                                                                                     
no_failure            1385    0  290  1095   0  0.790614       NaN  0.790614  0.209386       NaN  0.000000       NaN       NaN       83.755957
txt15_i1                 5    5    0     0   0  1.000000  0.000000       NaN       NaN  1.000000  1.000000  1.000000  1.000000      461.000000
txt15_i3                 5    0    0     0   5  0.000000  1.000000       NaN       NaN  0.000000       NaN       NaN       NaN       12.800000
txt15_conveyor           3    3    0     0   0  1.000000  0.000000       NaN       NaN  1.000000  1.000000  1.000000  1.000000      329.000000
txt15_m1               160  156    0     0   4  0.975000  0.025000       NaN       NaN  0.975000  1.000000  0.987342  0.979899      409.731250
txt15_pl                 9    1    0     0   8  0.111111  0.888889       NaN       NaN  0.111111  1.000000  0.200000  0.135135       69.111111
txt16_i3                 4    0    0     0   4  0.000000  1.000000       NaN       NaN  0.000000       NaN       NaN       NaN        0.000000
txt16_conveyor           8    1    0     0   7  0.125000  0.875000       NaN       NaN  0.125000  1.000000  0.222222  0.151515       63.500000
txt16_m3                65   58    0     0   7  0.892308  0.107692       NaN       NaN  0.892308  1.000000  0.943089  0.911950      353.369231
txt16_turntable          2    0    0     0   2  0.000000  1.000000       NaN       NaN  0.000000       NaN       NaN       NaN       98.000000
txt17_i1                16    2    0     0  14  0.125000  0.875000       NaN       NaN  0.125000  1.000000  0.222222  0.151515       57.750000
txt17_pl                14    6    0     0   8  0.428571  0.571429       NaN       NaN  0.428571  1.000000  0.600000  0.483871      181.571429
txt18_pl                28    0    0     0  28  0.000000  1.000000       NaN       NaN  0.000000       NaN       NaN       NaN        6.642857
txt19_i4                 6    0    0     0   6  0.000000  1.000000       NaN       NaN  0.000000       NaN       NaN       NaN        0.500000
combined              1710  232  290  1095  93  0.776023  0.286154  0.790614  0.209386  0.713846  0.444444  0.547816  0.636663      124.482456

                 #Examples   TP   FP    TN  FN       ACC       FNR       TNR       FPR       TPR      Prec        F1        F2  AVG # affected
Component                                                                                                                                     
no_failure            1385    0  290  1095   0  0.790614       NaN  0.790614  0.209386       NaN  0.000000       NaN       NaN       83.755957
txt15_i1                 5    5    0     0   0  1.000000  0.000000       NaN       NaN  1.000000  1.000000  1.000000  1.000000      461.000000
txt15_i3                 5    0    0     0   5  0.000000  1.000000       NaN       NaN  0.000000       NaN       NaN       NaN       12.800000
txt15_conveyor           3    3    0     0   0  1.000000  0.000000       NaN       NaN  1.000000  1.000000  1.000000  1.000000      329.000000
txt15_m1               160  156    0     0   4  0.975000  0.025000       NaN       NaN  0.975000  1.000000  0.987342  0.979899      409.731250
txt15_pl                 9    1    0     0   8  0.111111  0.888889       NaN       NaN  0.111111  1.000000  0.200000  0.135135       69.111111
txt16_i3                 4    0    0     0   4  0.000000  1.000000       NaN       NaN  0.000000       NaN       NaN       NaN        0.000000
txt16_conveyor           8    1    0     0   7  0.125000  0.875000       NaN       NaN  0.125000  1.000000  0.222222  0.151515       63.500000
txt16_m3                65   58    0     0   7  0.892308  0.107692       NaN       NaN  0.892308  1.000000  0.943089  0.911950      353.369231
txt16_turntable          2    0    0     0   2  0.000000  1.000000       NaN       NaN  0.000000       NaN       NaN       NaN       98.000000
txt17_i1                16    2    0     0  14  0.125000  0.875000       NaN       NaN  0.125000  1.000000  0.222222  0.151515       57.750000
txt17_pl                14    6    0     0   8  0.428571  0.571429       NaN       NaN  0.428571  1.000000  0.600000  0.483871      181.571429
txt18_pl                28    0    0     0  28  0.000000  1.000000       NaN       NaN  0.000000       NaN       NaN       NaN        6.642857
txt19_i4                 6    0    0     0   6  0.000000  1.000000       NaN       NaN  0.000000       NaN       NaN       NaN        0.500000
combined              1710  232  290  1095  93  0.776023  0.286154  0.790614  0.209386  0.713846  0.444444  0.547816  0.636663      124.482456

Execution time: 5969.58552390011
