
Dataset loaded:
Shape of training set (example, time, channels): (20812, 500, 61)
Shape of test set (example, time, channels): (3989, 500, 61)
Shape of train validation set (example, time, channels): (2313, 500, 61)
Shape of test validation set (example, time, channels): (1710, 500, 61)
Num of classes in all: 25

Creating model based on ../configuration/hyperparameter_combinations/last_hope_63.json hyperparameter file 

Adding feature wise convolutions with 64 filters per feature, 3 kernels and 1 strides ...
Adding feature wise convolutions with 1 filters per feature, 3 kernels and 1 strides ...
Adding feature based graph attention layer ...
Adding time based graph attention layer ...
Adding GRU layer with 256 units ...
Adding GRU layer with 61 units ...
Adding VAE as reconstruction model dimensions 3072 & 1536 and ...
Adding dense layer to forecasting model with 512 units and ReLu activation ...
Adding dense layer to forecasting model with 256 units and ReLu activation ...
Adding last dense layer to forecasting model with 61 units and sigmoid activation ...
VAE reconstructs the output of the gru layer.

Epoch 0
	Step 0: mean loss = 1.3112
	Step 50: mean loss = 0.5110
	Step 100: mean loss = 0.3543
	Step 150: mean loss = 0.2789

	Loss on validation set after epoch 0: 0.1156

Epoch 1
	Step 0: mean loss = 0.1157
	Step 50: mean loss = 0.1102
	Step 100: mean loss = 0.1061
	Step 150: mean loss = 0.1026

	Loss on validation set after epoch 1: 0.0914

Epoch 2
	Step 0: mean loss = 0.0932
	Step 50: mean loss = 0.0893
	Step 100: mean loss = 0.0875
	Step 150: mean loss = 0.0855

	Loss on validation set after epoch 2: 0.0784

Epoch 3
	Step 0: mean loss = 0.0773
	Step 50: mean loss = 0.0769
	Step 100: mean loss = 0.0755
	Step 150: mean loss = 0.0744

	Loss on validation set after epoch 3: 0.0693

Epoch 4
	Step 0: mean loss = 0.0664
	Step 50: mean loss = 0.0677
	Step 100: mean loss = 0.0666
	Step 150: mean loss = 0.0656

	Loss on validation set after epoch 4: 0.0615

Epoch 5
	Step 0: mean loss = 0.0632
	Step 50: mean loss = 0.0617
	Step 100: mean loss = 0.0614
	Step 150: mean loss = 0.0609

	Loss on validation set after epoch 5: 0.0586

Epoch 6
	Step 0: mean loss = 0.0625
	Step 50: mean loss = 0.0587
	Step 100: mean loss = 0.0585
	Step 150: mean loss = 0.0582

	Loss on validation set after epoch 6: 0.0559

Epoch 7
	Step 0: mean loss = 0.0558
	Step 50: mean loss = 0.0560
	Step 100: mean loss = 0.0559
	Step 150: mean loss = 0.0557

	Loss on validation set after epoch 7: 0.0532

Epoch 8
	Step 0: mean loss = 0.0549
	Step 50: mean loss = 0.0537
	Step 100: mean loss = 0.0537
	Step 150: mean loss = 0.0533

	Loss on validation set after epoch 8: 0.0529

Epoch 9
	Step 0: mean loss = 0.0508
	Step 50: mean loss = 0.0513
	Step 100: mean loss = 0.0518
	Step 150: mean loss = 0.0514

	Loss on validation set after epoch 9: 0.0507

Epoch 10
	Step 0: mean loss = 0.0532
	Step 50: mean loss = 0.0501
	Step 100: mean loss = 0.0505
	Step 150: mean loss = 0.0504

	Loss on validation set after epoch 10: 0.0490

Epoch 11
	Step 0: mean loss = 0.0480
	Step 50: mean loss = 0.0490
	Step 100: mean loss = 0.0493
	Step 150: mean loss = 0.0493

	Loss on validation set after epoch 11: 0.0480

Epoch 12
	Step 0: mean loss = 0.0470
	Step 50: mean loss = 0.0483
	Step 100: mean loss = 0.0486
	Step 150: mean loss = 0.0485

	Loss on validation set after epoch 12: 0.0479

Epoch 13
	Step 0: mean loss = 0.0425
	Step 50: mean loss = 0.0476
	Step 100: mean loss = 0.0480
	Step 150: mean loss = 0.0480

	Loss on validation set after epoch 13: 0.0475

Epoch 14
	Step 0: mean loss = 0.0504
	Step 50: mean loss = 0.0473
	Step 100: mean loss = 0.0477
	Step 150: mean loss = 0.0476

	Loss on validation set after epoch 14: 0.0468

Epoch 15
	Step 0: mean loss = 0.0521
	Step 50: mean loss = 0.0466
	Step 100: mean loss = 0.0469
	Step 150: mean loss = 0.0467

	Loss on validation set after epoch 15: 0.0460

Epoch 16
	Step 0: mean loss = 0.0443
	Step 50: mean loss = 0.0456
	Step 100: mean loss = 0.0459
	Step 150: mean loss = 0.0458

	Loss on validation set after epoch 16: 0.0458

Epoch 17
	Step 0: mean loss = 0.0453
	Step 50: mean loss = 0.0445
	Step 100: mean loss = 0.0442
	Step 150: mean loss = 0.0438

	Loss on validation set after epoch 17: 0.0431

Epoch 18
	Step 0: mean loss = 0.0403
	Step 50: mean loss = 0.0419
	Step 100: mean loss = 0.0420
	Step 150: mean loss = 0.0417

	Loss on validation set after epoch 18: 0.0415

Epoch 19
	Step 0: mean loss = 0.0414
	Step 50: mean loss = 0.0403
	Step 100: mean loss = 0.0404
	Step 150: mean loss = 0.0401

	Loss on validation set after epoch 19: 0.0390

Epoch 20
	Step 0: mean loss = 0.0370
	Step 50: mean loss = 0.0381
	Step 100: mean loss = 0.0386
	Step 150: mean loss = 0.0383

	Loss on validation set after epoch 20: 0.0374

Epoch 21
	Step 0: mean loss = 0.0380
	Step 50: mean loss = 0.0365
	Step 100: mean loss = 0.0366
	Step 150: mean loss = 0.0365

	Loss on validation set after epoch 21: 0.0359

Epoch 22
	Step 0: mean loss = 0.0356
	Step 50: mean loss = 0.0353
	Step 100: mean loss = 0.0352
	Step 150: mean loss = 0.0353

	Loss on validation set after epoch 22: 0.0341

Epoch 23
	Step 0: mean loss = 0.0354
	Step 50: mean loss = 0.0345
	Step 100: mean loss = 0.0342
	Step 150: mean loss = 0.0342

	Loss on validation set after epoch 23: 0.0327

Epoch 24
	Step 0: mean loss = 0.0322
	Step 50: mean loss = 0.0331
	Step 100: mean loss = 0.0330
	Step 150: mean loss = 0.0330

	Loss on validation set after epoch 24: 0.0321

Epoch 25
	Step 0: mean loss = 0.0334
	Step 50: mean loss = 0.0321
	Step 100: mean loss = 0.0322
	Step 150: mean loss = 0.0321

	Loss on validation set after epoch 25: 0.0317

Epoch 26
	Step 0: mean loss = 0.0270
	Step 50: mean loss = 0.0308
	Step 100: mean loss = 0.0310
	Step 150: mean loss = 0.0310

	Loss on validation set after epoch 26: 0.0300

Epoch 27
	Step 0: mean loss = 0.0306
	Step 50: mean loss = 0.0302
	Step 100: mean loss = 0.0301
	Step 150: mean loss = 0.0299

	Loss on validation set after epoch 27: 0.0294

Epoch 28
	Step 0: mean loss = 0.0326
	Step 50: mean loss = 0.0287
	Step 100: mean loss = 0.0289
	Step 150: mean loss = 0.0287

	Loss on validation set after epoch 28: 0.0289

Epoch 29
	Step 0: mean loss = 0.0298
	Step 50: mean loss = 0.0285
	Step 100: mean loss = 0.0283
	Step 150: mean loss = 0.0281

	Loss on validation set after epoch 29: 0.0274

Epoch 30
	Step 0: mean loss = 0.0228
	Step 50: mean loss = 0.0270
	Step 100: mean loss = 0.0270
	Step 150: mean loss = 0.0271

	Loss on validation set after epoch 30: 0.0266

Epoch 31
	Step 0: mean loss = 0.0216
	Step 50: mean loss = 0.0263
	Step 100: mean loss = 0.0264
	Step 150: mean loss = 0.0264

	Loss on validation set after epoch 31: 0.0260

Epoch 32
	Step 0: mean loss = 0.0239
	Step 50: mean loss = 0.0257
	Step 100: mean loss = 0.0256
	Step 150: mean loss = 0.0255

	Loss on validation set after epoch 32: 0.0245

Epoch 33
	Step 0: mean loss = 0.0250
	Step 50: mean loss = 0.0249
	Step 100: mean loss = 0.0249
	Step 150: mean loss = 0.0249

	Loss on validation set after epoch 33: 0.0250

Epoch 34
	Step 0: mean loss = 0.0280
	Step 50: mean loss = 0.0243
	Step 100: mean loss = 0.0244
	Step 150: mean loss = 0.0243

	Loss on validation set after epoch 34: 0.0238

Epoch 35
	Step 0: mean loss = 0.0258
	Step 50: mean loss = 0.0239
	Step 100: mean loss = 0.0242
	Step 150: mean loss = 0.0242

	Loss on validation set after epoch 35: 0.0239

Epoch 36
	Step 0: mean loss = 0.0252
	Step 50: mean loss = 0.0236
	Step 100: mean loss = 0.0236
	Step 150: mean loss = 0.0236

	Loss on validation set after epoch 36: 0.0230

Epoch 37
	Step 0: mean loss = 0.0249
	Step 50: mean loss = 0.0233
	Step 100: mean loss = 0.0233
	Step 150: mean loss = 0.0234

	Loss on validation set after epoch 37: 0.0239

Epoch 38
	Step 0: mean loss = 0.0213
	Step 50: mean loss = 0.0229
	Step 100: mean loss = 0.0230
	Step 150: mean loss = 0.0231

	Loss on validation set after epoch 38: 0.0226

Epoch 39
	Step 0: mean loss = 0.0217
	Step 50: mean loss = 0.0227
	Step 100: mean loss = 0.0230
	Step 150: mean loss = 0.0229

	Loss on validation set after epoch 39: 0.0231

Epoch 40
	Step 0: mean loss = 0.0233
	Step 50: mean loss = 0.0224
	Step 100: mean loss = 0.0226
	Step 150: mean loss = 0.0226

	Loss on validation set after epoch 40: 0.0217

Epoch 41
	Step 0: mean loss = 0.0235
	Step 50: mean loss = 0.0223
	Step 100: mean loss = 0.0224
	Step 150: mean loss = 0.0224

	Loss on validation set after epoch 41: 0.0219

Epoch 42
	Step 0: mean loss = 0.0181
	Step 50: mean loss = 0.0221
	Step 100: mean loss = 0.0223
	Step 150: mean loss = 0.0222

	Loss on validation set after epoch 42: 0.0221

Epoch 43
	Step 0: mean loss = 0.0209
	Step 50: mean loss = 0.0219
	Step 100: mean loss = 0.0219
	Step 150: mean loss = 0.0220

	Loss on validation set after epoch 43: 0.0231

Epoch 44
	Step 0: mean loss = 0.0214
	Step 50: mean loss = 0.0218
	Step 100: mean loss = 0.0219
	Step 150: mean loss = 0.0219

	Loss on validation set after epoch 44: 0.0209

Epoch 45
	Step 0: mean loss = 0.0169
	Step 50: mean loss = 0.0217
	Step 100: mean loss = 0.0217
	Step 150: mean loss = 0.0218

	Loss on validation set after epoch 45: 0.0208

Epoch 46
	Step 0: mean loss = 0.0194
	Step 50: mean loss = 0.0213
	Step 100: mean loss = 0.0214
	Step 150: mean loss = 0.0215

	Loss on validation set after epoch 46: 0.0217

Epoch 47
	Step 0: mean loss = 0.0186
	Step 50: mean loss = 0.0213
	Step 100: mean loss = 0.0215
	Step 150: mean loss = 0.0214

	Loss on validation set after epoch 47: 0.0213

Epoch 48
	Step 0: mean loss = 0.0222
	Step 50: mean loss = 0.0210
	Step 100: mean loss = 0.0213
	Step 150: mean loss = 0.0212

	Loss on validation set after epoch 48: 0.0212

Epoch 49
	Step 0: mean loss = 0.0210
	Step 50: mean loss = 0.0211
	Step 100: mean loss = 0.0210
	Step 150: mean loss = 0.0211

	Loss on validation set after epoch 49: 0.0216

Epoch 50
	Step 0: mean loss = 0.0197
	Step 50: mean loss = 0.0211
	Step 100: mean loss = 0.0212
	Step 150: mean loss = 0.0213

	Loss on validation set after epoch 50: 0.0202

Epoch 51
	Step 0: mean loss = 0.0247
	Step 50: mean loss = 0.0212
	Step 100: mean loss = 0.0211
	Step 150: mean loss = 0.0210

	Loss on validation set after epoch 51: 0.0204

Epoch 52
	Step 0: mean loss = 0.0237
	Step 50: mean loss = 0.0206
	Step 100: mean loss = 0.0207
	Step 150: mean loss = 0.0207

	Loss on validation set after epoch 52: 0.0206

Epoch 53
	Step 0: mean loss = 0.0224
	Step 50: mean loss = 0.0205
	Step 100: mean loss = 0.0207
	Step 150: mean loss = 0.0206

	Loss on validation set after epoch 53: 0.0201

Epoch 54
	Step 0: mean loss = 0.0217
	Step 50: mean loss = 0.0203
	Step 100: mean loss = 0.0204
	Step 150: mean loss = 0.0205

	Loss on validation set after epoch 54: 0.0208

Epoch 55
	Step 0: mean loss = 0.0203
	Step 50: mean loss = 0.0203
	Step 100: mean loss = 0.0203
	Step 150: mean loss = 0.0204

	Loss on validation set after epoch 55: 0.0195

Epoch 56
	Step 0: mean loss = 0.0225
	Step 50: mean loss = 0.0202
	Step 100: mean loss = 0.0202
	Step 150: mean loss = 0.0202

	Loss on validation set after epoch 56: 0.0202

Epoch 57
	Step 0: mean loss = 0.0178
	Step 50: mean loss = 0.0201
	Step 100: mean loss = 0.0201
	Step 150: mean loss = 0.0209

	Loss on validation set after epoch 57: 0.0203

Epoch 58
	Step 0: mean loss = 0.0201
	Step 50: mean loss = 0.0201
	Step 100: mean loss = 0.0200
	Step 150: mean loss = 0.0200

	Loss on validation set after epoch 58: 0.0199

Epoch 59
	Step 0: mean loss = 0.0192
	Step 50: mean loss = 0.0199
	Step 100: mean loss = 0.0198
	Step 150: mean loss = 0.0199

	Loss on validation set after epoch 59: 0.0195

Epoch 60
	Step 0: mean loss = 0.0183
	Step 50: mean loss = 0.0196
	Step 100: mean loss = 0.0197
	Step 150: mean loss = 0.0197

	Loss on validation set after epoch 60: 0.0194

Epoch 61
	Step 0: mean loss = 0.0218
	Step 50: mean loss = 0.0195
	Step 100: mean loss = 0.0196
	Step 150: mean loss = 0.0197

	Loss on validation set after epoch 61: 0.0194

Epoch 62
	Step 0: mean loss = 0.0195
	Step 50: mean loss = 0.0196
	Step 100: mean loss = 0.0196
	Step 150: mean loss = 0.0196

	Loss on validation set after epoch 62: 0.0189

Epoch 63
	Step 0: mean loss = 0.0185
	Step 50: mean loss = 0.0194
	Step 100: mean loss = 0.0195
	Step 150: mean loss = 0.0195

	Loss on validation set after epoch 63: 0.0188

Epoch 64
	Step 0: mean loss = 0.0184
	Step 50: mean loss = 0.0194
	Step 100: mean loss = 0.0195
	Step 150: mean loss = 0.0194

	Loss on validation set after epoch 64: 0.0189

Epoch 65
	Step 0: mean loss = 0.0175
	Step 50: mean loss = 0.0191
	Step 100: mean loss = 0.0191
	Step 150: mean loss = 0.0192

	Loss on validation set after epoch 65: 0.0189

Epoch 66
	Step 0: mean loss = 0.0181
	Step 50: mean loss = 0.0197
	Step 100: mean loss = 0.0195
	Step 150: mean loss = 0.0194

	Loss on validation set after epoch 66: 0.0191

Epoch 67
	Step 0: mean loss = 0.0192
	Step 50: mean loss = 0.0190
	Step 100: mean loss = 0.0189
	Step 150: mean loss = 0.0190

	Loss on validation set after epoch 67: 0.0183

Epoch 68
	Step 0: mean loss = 0.0168
	Step 50: mean loss = 0.0188
	Step 100: mean loss = 0.0188
	Step 150: mean loss = 0.0188

	Loss on validation set after epoch 68: 0.0181

Epoch 69
	Step 0: mean loss = 0.0185
	Step 50: mean loss = 0.0186
	Step 100: mean loss = 0.0187
	Step 150: mean loss = 0.0187

	Loss on validation set after epoch 69: 0.0190

Epoch 70
	Step 0: mean loss = 0.0161
	Step 50: mean loss = 0.0186
	Step 100: mean loss = 0.0185
	Step 150: mean loss = 0.0185

	Loss on validation set after epoch 70: 0.0179

Epoch 71
	Step 0: mean loss = 0.0191
	Step 50: mean loss = 0.0182
	Step 100: mean loss = 0.0182
	Step 150: mean loss = 0.0181

	Loss on validation set after epoch 71: 0.0173

Epoch 72
	Step 0: mean loss = 0.0193
	Step 50: mean loss = 0.0176
	Step 100: mean loss = 0.0177
	Step 150: mean loss = 0.0175

	Loss on validation set after epoch 72: 0.0168

Epoch 73
	Step 0: mean loss = 0.0175
	Step 50: mean loss = 0.0172
	Step 100: mean loss = 0.0171
	Step 150: mean loss = 0.0171

	Loss on validation set after epoch 73: 0.0166

Epoch 74
	Step 0: mean loss = 0.0154
	Step 50: mean loss = 0.0165
	Step 100: mean loss = 0.0165
	Step 150: mean loss = 0.0166

	Loss on validation set after epoch 74: 0.0157

Epoch 75
	Step 0: mean loss = 0.0166
	Step 50: mean loss = 0.0156
	Step 100: mean loss = 0.0157
	Step 150: mean loss = 0.0158

	Loss on validation set after epoch 75: 0.0154

Epoch 76
	Step 0: mean loss = 0.0145
	Step 50: mean loss = 0.0154
	Step 100: mean loss = 0.0154
	Step 150: mean loss = 0.0154

	Loss on validation set after epoch 76: 0.0151

Epoch 77
	Step 0: mean loss = 0.0146
	Step 50: mean loss = 0.0149
	Step 100: mean loss = 0.0153
	Step 150: mean loss = 0.0154

	Loss on validation set after epoch 77: 0.0148

Epoch 78
	Step 0: mean loss = 0.0154
	Step 50: mean loss = 0.0149
	Step 100: mean loss = 0.0149
	Step 150: mean loss = 0.0150

	Loss on validation set after epoch 78: 0.0147

Epoch 79
	Step 0: mean loss = 0.0151
	Step 50: mean loss = 0.0147
	Step 100: mean loss = 0.0148
	Step 150: mean loss = 0.0149

	Loss on validation set after epoch 79: 0.0145

Epoch 80
	Step 0: mean loss = 0.0157
	Step 50: mean loss = 0.0147
	Step 100: mean loss = 0.0147
	Step 150: mean loss = 0.0146

	Loss on validation set after epoch 80: 0.0130

Epoch 81
	Step 0: mean loss = 0.0128
	Step 50: mean loss = 0.0128
	Step 100: mean loss = 0.0129
	Step 150: mean loss = 0.0129

	Loss on validation set after epoch 81: 0.0121

Epoch 82
	Step 0: mean loss = 0.0112
	Step 50: mean loss = 0.0122
	Step 100: mean loss = 0.0122
	Step 150: mean loss = 0.0123

	Loss on validation set after epoch 82: 0.0120

Epoch 83
	Step 0: mean loss = 0.0120
	Step 50: mean loss = 0.0119
	Step 100: mean loss = 0.0124
	Step 150: mean loss = 0.0126

	Loss on validation set after epoch 83: 0.0122

Epoch 84
	Step 0: mean loss = 0.0137
	Step 50: mean loss = 0.0118
	Step 100: mean loss = 0.0118
	Step 150: mean loss = 0.0118

	Loss on validation set after epoch 84: 0.0115

Epoch 85
	Step 0: mean loss = 0.0136
	Step 50: mean loss = 0.0115
	Step 100: mean loss = 0.0115
	Step 150: mean loss = 0.0115

	Loss on validation set after epoch 85: 0.0112

Epoch 86
	Step 0: mean loss = 0.0127
	Step 50: mean loss = 0.0112
	Step 100: mean loss = 0.0113
	Step 150: mean loss = 0.0114

	Loss on validation set after epoch 86: 0.0110

Epoch 87
	Step 0: mean loss = 0.0120
	Step 50: mean loss = 0.0111
	Step 100: mean loss = 0.0111
	Step 150: mean loss = 0.0111

	Loss on validation set after epoch 87: 0.0117

Epoch 88
	Step 0: mean loss = 0.0092
	Step 50: mean loss = 0.0111
	Step 100: mean loss = 0.0110
	Step 150: mean loss = 0.0110

	Loss on validation set after epoch 88: 0.0110

Epoch 89
	Step 0: mean loss = 0.0081
	Step 50: mean loss = 0.0107
	Step 100: mean loss = 0.0108
	Step 150: mean loss = 0.0109

	Loss on validation set after epoch 89: 0.0107

Epoch 90
	Step 0: mean loss = 0.0089
	Step 50: mean loss = 0.0106
	Step 100: mean loss = 0.0106
	Step 150: mean loss = 0.0107

	Loss on validation set after epoch 90: 0.0106

Epoch 91
	Step 0: mean loss = 0.0119
	Step 50: mean loss = 0.0106
	Step 100: mean loss = 0.0105
	Step 150: mean loss = 0.0105

	Loss on validation set after epoch 91: 0.0101

Epoch 92
	Step 0: mean loss = 0.0077
	Step 50: mean loss = 0.0104
	Step 100: mean loss = 0.0104
	Step 150: mean loss = 0.0104

	Loss on validation set after epoch 92: 0.0101

Epoch 93
	Step 0: mean loss = 0.0114
	Step 50: mean loss = 0.0102
	Step 100: mean loss = 0.0103
	Step 150: mean loss = 0.0103

	Loss on validation set after epoch 93: 0.0107

Epoch 94
	Step 0: mean loss = 0.0114
	Step 50: mean loss = 0.0101
	Step 100: mean loss = 0.0101
	Step 150: mean loss = 0.0102

	Loss on validation set after epoch 94: 0.0104

Epoch 95
	Step 0: mean loss = 0.0137
	Step 50: mean loss = 0.0100
	Step 100: mean loss = 0.0100
	Step 150: mean loss = 0.0101

	Loss on validation set after epoch 95: 0.0102

Epoch 96
	Step 0: mean loss = 0.0097
	Step 50: mean loss = 0.0099
	Step 100: mean loss = 0.0098
	Step 150: mean loss = 0.0099

	Loss on validation set after epoch 96: 0.0103

Epoch 97
	Step 0: mean loss = 0.0084
	Step 50: mean loss = 0.0097
	Step 100: mean loss = 0.0098
	Step 150: mean loss = 0.0097

	Loss on validation set after epoch 97: 0.0096

Epoch 98
	Step 0: mean loss = 0.0083
	Step 50: mean loss = 0.0095
	Step 100: mean loss = 0.0095
	Step 150: mean loss = 0.0096

	Loss on validation set after epoch 98: 0.0099

Epoch 99
	Step 0: mean loss = 0.0081
	Step 50: mean loss = 0.0093
	Step 100: mean loss = 0.0093
	Step 150: mean loss = 0.0093

	Loss on validation set after epoch 99: 0.0093

Epoch 100
	Step 0: mean loss = 0.0077
	Step 50: mean loss = 0.0091
	Step 100: mean loss = 0.0091
	Step 150: mean loss = 0.0091

	Loss on validation set after epoch 100: 0.0093

Epoch 101
	Step 0: mean loss = 0.0086
	Step 50: mean loss = 0.0088
	Step 100: mean loss = 0.0088
	Step 150: mean loss = 0.0089

	Loss on validation set after epoch 101: 0.0090

Epoch 102
	Step 0: mean loss = 0.0083
	Step 50: mean loss = 0.0088
	Step 100: mean loss = 0.0087
	Step 150: mean loss = 0.0088

	Loss on validation set after epoch 102: 0.0087

Epoch 103
	Step 0: mean loss = 0.0092
	Step 50: mean loss = 0.0085
	Step 100: mean loss = 0.0085
	Step 150: mean loss = 0.0086

	Loss on validation set after epoch 103: 0.0084

Epoch 104
	Step 0: mean loss = 0.0078
	Step 50: mean loss = 0.0085
	Step 100: mean loss = 0.0084
	Step 150: mean loss = 0.0084

	Loss on validation set after epoch 104: 0.0084

Epoch 105
	Step 0: mean loss = 0.0084
	Step 50: mean loss = 0.0084
	Step 100: mean loss = 0.0083
	Step 150: mean loss = 0.0083

	Loss on validation set after epoch 105: 0.0081

Epoch 106
	Step 0: mean loss = 0.0079
	Step 50: mean loss = 0.0082
	Step 100: mean loss = 0.0082
	Step 150: mean loss = 0.0082

	Loss on validation set after epoch 106: 0.0086

Epoch 107
	Step 0: mean loss = 0.0070
	Step 50: mean loss = 0.0082
	Step 100: mean loss = 0.0082
	Step 150: mean loss = 0.0082

	Loss on validation set after epoch 107: 0.0089

Epoch 108
	Step 0: mean loss = 0.0071
	Step 50: mean loss = 0.0079
	Step 100: mean loss = 0.0079
	Step 150: mean loss = 0.0080

	Loss on validation set after epoch 108: 0.0081

Epoch 109
	Step 0: mean loss = 0.0080
	Step 50: mean loss = 0.0078
	Step 100: mean loss = 0.0078
	Step 150: mean loss = 0.0079

	Loss on validation set after epoch 109: 0.0079

Epoch 110
	Step 0: mean loss = 0.0082
	Step 50: mean loss = 0.0077
	Step 100: mean loss = 0.0077
	Step 150: mean loss = 0.0078

	Loss on validation set after epoch 110: 0.0081

Epoch 111
	Step 0: mean loss = 0.0079
	Step 50: mean loss = 0.0076
	Step 100: mean loss = 0.0076
	Step 150: mean loss = 0.0077

	Loss on validation set after epoch 111: 0.0080

Epoch 112
	Step 0: mean loss = 0.0078
	Step 50: mean loss = 0.0075
	Step 100: mean loss = 0.0075
	Step 150: mean loss = 0.0075

	Loss on validation set after epoch 112: 0.0075

Epoch 113
	Step 0: mean loss = 0.0085
	Step 50: mean loss = 0.0077
	Step 100: mean loss = 0.0076
	Step 150: mean loss = 0.0075

	Loss on validation set after epoch 113: 0.0073

Epoch 114
	Step 0: mean loss = 0.0054
	Step 50: mean loss = 0.0071
	Step 100: mean loss = 0.0071
	Step 150: mean loss = 0.0071

	Loss on validation set after epoch 114: 0.0069

Epoch 115
	Step 0: mean loss = 0.0071
	Step 50: mean loss = 0.0069
	Step 100: mean loss = 0.0069
	Step 150: mean loss = 0.0069

	Loss on validation set after epoch 115: 0.0070

Epoch 116
	Step 0: mean loss = 0.0085
	Step 50: mean loss = 0.0068
	Step 100: mean loss = 0.0067
	Step 150: mean loss = 0.0067

	Loss on validation set after epoch 116: 0.0071

Epoch 117
	Step 0: mean loss = 0.0075
	Step 50: mean loss = 0.0066
	Step 100: mean loss = 0.0067
	Step 150: mean loss = 0.0067

	Loss on validation set after epoch 117: 0.0068

Epoch 118
	Step 0: mean loss = 0.0052
	Step 50: mean loss = 0.0067
	Step 100: mean loss = 0.0066
	Step 150: mean loss = 0.0066

	Loss on validation set after epoch 118: 0.0065

Epoch 119
	Step 0: mean loss = 0.0054
	Step 50: mean loss = 0.0065
	Step 100: mean loss = 0.0066
	Step 150: mean loss = 0.0066

	Loss on validation set after epoch 119: 0.0067

Epoch 120
	Step 0: mean loss = 0.0067
	Step 50: mean loss = 0.0064
	Step 100: mean loss = 0.0064
	Step 150: mean loss = 0.0064

	Loss on validation set after epoch 120: 0.0065

Epoch 121
	Step 0: mean loss = 0.0069
	Step 50: mean loss = 0.0063
	Step 100: mean loss = 0.0064
	Step 150: mean loss = 0.0064

	Loss on validation set after epoch 121: 0.0065

Epoch 122
	Step 0: mean loss = 0.0063
	Step 50: mean loss = 0.0063
	Step 100: mean loss = 0.0063
	Step 150: mean loss = 0.0064

	Loss on validation set after epoch 122: 0.0063

Epoch 123
	Step 0: mean loss = 0.0069
	Step 50: mean loss = 0.0063
	Step 100: mean loss = 0.0063
	Step 150: mean loss = 0.0063

	Loss on validation set after epoch 123: 0.0064

Epoch 124
	Step 0: mean loss = 0.0059
	Step 50: mean loss = 0.0062
	Step 100: mean loss = 0.0063
	Step 150: mean loss = 0.0063

	Loss on validation set after epoch 124: 0.0061

Epoch 125
	Step 0: mean loss = 0.0059
	Step 50: mean loss = 0.0062
	Step 100: mean loss = 0.0062
	Step 150: mean loss = 0.0062

	Loss on validation set after epoch 125: 0.0064

Epoch 126
	Step 0: mean loss = 0.0070
	Step 50: mean loss = 0.0062
	Step 100: mean loss = 0.0062
	Step 150: mean loss = 0.0062

	Loss on validation set after epoch 126: 0.0064

Epoch 127
	Step 0: mean loss = 0.0075
	Step 50: mean loss = 0.0062
	Step 100: mean loss = 0.0062
	Step 150: mean loss = 0.0062

	Loss on validation set after epoch 127: 0.0062

Epoch 128
	Step 0: mean loss = 0.0061
	Step 50: mean loss = 0.0061
	Step 100: mean loss = 0.0061
	Step 150: mean loss = 0.0061

	Loss on validation set after epoch 128: 0.0062

Epoch 129
	Step 0: mean loss = 0.0068
	Step 50: mean loss = 0.0060
	Step 100: mean loss = 0.0061
	Step 150: mean loss = 0.0062

	Loss on validation set after epoch 129: 0.0062

Epoch 130
	Step 0: mean loss = 0.0072
	Step 50: mean loss = 0.0060
	Step 100: mean loss = 0.0060
	Step 150: mean loss = 0.0060

	Loss on validation set after epoch 130: 0.0068

Epoch 131
	Step 0: mean loss = 0.0057
	Step 50: mean loss = 0.0061
	Step 100: mean loss = 0.0061
	Step 150: mean loss = 0.0061

	Loss on validation set after epoch 131: 0.0064

Epoch 132
	Step 0: mean loss = 0.0064
	Step 50: mean loss = 0.0059
	Step 100: mean loss = 0.0060
	Step 150: mean loss = 0.0060

	Loss on validation set after epoch 132: 0.0062

Epoch 133
	Step 0: mean loss = 0.0060
	Step 50: mean loss = 0.0060
	Step 100: mean loss = 0.0060
	Step 150: mean loss = 0.0060

	Loss on validation set after epoch 133: 0.0063

Epoch 134
	Step 0: mean loss = 0.0055
	Step 50: mean loss = 0.0059
	Step 100: mean loss = 0.0060
	Step 150: mean loss = 0.0060

	Loss on validation set after epoch 134: 0.0060

Epoch 135
	Step 0: mean loss = 0.0062
	Step 50: mean loss = 0.0058
	Step 100: mean loss = 0.0059
	Step 150: mean loss = 0.0059

	Loss on validation set after epoch 135: 0.0061

Epoch 136
	Step 0: mean loss = 0.0049
	Step 50: mean loss = 0.0058
	Step 100: mean loss = 0.0058
	Step 150: mean loss = 0.0058

	Loss on validation set after epoch 136: 0.0062

Epoch 137
	Step 0: mean loss = 0.0058
	Step 50: mean loss = 0.0058
	Step 100: mean loss = 0.0058
	Step 150: mean loss = 0.0058

	Loss on validation set after epoch 137: 0.0059

Epoch 138
	Step 0: mean loss = 0.0055
	Step 50: mean loss = 0.0057
	Step 100: mean loss = 0.0057
	Step 150: mean loss = 0.0057

	Loss on validation set after epoch 138: 0.0061

Epoch 139
	Step 0: mean loss = 0.0068
	Step 50: mean loss = 0.0057
	Step 100: mean loss = 0.0058
	Step 150: mean loss = 0.0057

	Loss on validation set after epoch 139: 0.0061

Epoch 140
	Step 0: mean loss = 0.0055
	Step 50: mean loss = 0.0057
	Step 100: mean loss = 0.0057
	Step 150: mean loss = 0.0057

	Loss on validation set after epoch 140: 0.0057

Epoch 141
	Step 0: mean loss = 0.0051
	Step 50: mean loss = 0.0056
	Step 100: mean loss = 0.0056
	Step 150: mean loss = 0.0057

	Loss on validation set after epoch 141: 0.0061

Epoch 142
	Step 0: mean loss = 0.0052
	Step 50: mean loss = 0.0056
	Step 100: mean loss = 0.0056
	Step 150: mean loss = 0.0056

	Loss on validation set after epoch 142: 0.0058

Epoch 143
	Step 0: mean loss = 0.0044
	Step 50: mean loss = 0.0056
	Step 100: mean loss = 0.0056
	Step 150: mean loss = 0.0056

	Loss on validation set after epoch 143: 0.0056

Epoch 144
	Step 0: mean loss = 0.0058
	Step 50: mean loss = 0.0055
	Step 100: mean loss = 0.0056
	Step 150: mean loss = 0.0056

	Loss on validation set after epoch 144: 0.0058

Epoch 145
	Step 0: mean loss = 0.0049
	Step 50: mean loss = 0.0055
	Step 100: mean loss = 0.0055
	Step 150: mean loss = 0.0055

	Loss on validation set after epoch 145: 0.0057

Epoch 146
	Step 0: mean loss = 0.0055
	Step 50: mean loss = 0.0054
	Step 100: mean loss = 0.0056
	Step 150: mean loss = 0.0055

	Loss on validation set after epoch 146: 0.0057

Epoch 147
	Step 0: mean loss = 0.0048
	Step 50: mean loss = 0.0056
	Step 100: mean loss = 0.0055
	Step 150: mean loss = 0.0055

	Loss on validation set after epoch 147: 0.0056

Epoch 148
	Step 0: mean loss = 0.0050
	Step 50: mean loss = 0.0053
	Step 100: mean loss = 0.0054
	Step 150: mean loss = 0.0054

	Loss on validation set after epoch 148: 0.0061

Epoch 149
	Step 0: mean loss = 0.0055
	Step 50: mean loss = 0.0053
	Step 100: mean loss = 0.0054
	Step 150: mean loss = 0.0055

	Loss on validation set after epoch 149: 0.0059

Epoch 150
	Step 0: mean loss = 0.0050
	Step 50: mean loss = 0.0053
	Step 100: mean loss = 0.0053
	Step 150: mean loss = 0.0054

	Loss on validation set after epoch 150: 0.0055

Epoch 151
	Step 0: mean loss = 0.0062
	Step 50: mean loss = 0.0053
	Step 100: mean loss = 0.0053
	Step 150: mean loss = 0.0054

	Loss on validation set after epoch 151: 0.0054

Epoch 152
	Step 0: mean loss = 0.0049
	Step 50: mean loss = 0.0053
	Step 100: mean loss = 0.0053
	Step 150: mean loss = 0.0054

	Loss on validation set after epoch 152: 0.0059

Epoch 153
	Step 0: mean loss = 0.0045
	Step 50: mean loss = 0.0053
	Step 100: mean loss = 0.0053
	Step 150: mean loss = 0.0053

	Loss on validation set after epoch 153: 0.0054

Epoch 154
	Step 0: mean loss = 0.0049
	Step 50: mean loss = 0.0052
	Step 100: mean loss = 0.0053
	Step 150: mean loss = 0.0053

	Loss on validation set after epoch 154: 0.0056

Epoch 155
	Step 0: mean loss = 0.0046
	Step 50: mean loss = 0.0052
	Step 100: mean loss = 0.0053
	Step 150: mean loss = 0.0052

	Loss on validation set after epoch 155: 0.0053

Epoch 156
	Step 0: mean loss = 0.0059
	Step 50: mean loss = 0.0052
	Step 100: mean loss = 0.0052
	Step 150: mean loss = 0.0052

	Loss on validation set after epoch 156: 0.0053

Epoch 157
	Step 0: mean loss = 0.0053
	Step 50: mean loss = 0.0052
	Step 100: mean loss = 0.0053
	Step 150: mean loss = 0.0053

	Loss on validation set after epoch 157: 0.0051

Epoch 158
	Step 0: mean loss = 0.0036
	Step 50: mean loss = 0.0051
	Step 100: mean loss = 0.0052
	Step 150: mean loss = 0.0052

	Loss on validation set after epoch 158: 0.0054

Epoch 159
	Step 0: mean loss = 0.0052
	Step 50: mean loss = 0.0052
	Step 100: mean loss = 0.0052
	Step 150: mean loss = 0.0052

	Loss on validation set after epoch 159: 0.0056

Epoch 160
	Step 0: mean loss = 0.0057
	Step 50: mean loss = 0.0051
	Step 100: mean loss = 0.0051
	Step 150: mean loss = 0.0051

	Loss on validation set after epoch 160: 0.0055

Epoch 161
	Step 0: mean loss = 0.0044
	Step 50: mean loss = 0.0050
	Step 100: mean loss = 0.0051
	Step 150: mean loss = 0.0051

	Loss on validation set after epoch 161: 0.0053

Epoch 162
	Step 0: mean loss = 0.0037
	Step 50: mean loss = 0.0050
	Step 100: mean loss = 0.0051
	Step 150: mean loss = 0.0051

	Loss on validation set after epoch 162: 0.0055

Epoch 163
	Step 0: mean loss = 0.0055
	Step 50: mean loss = 0.0050
	Step 100: mean loss = 0.0050
	Step 150: mean loss = 0.0050

	Loss on validation set after epoch 163: 0.0056

Epoch 164
	Step 0: mean loss = 0.0047
	Step 50: mean loss = 0.0050
	Step 100: mean loss = 0.0050
	Step 150: mean loss = 0.0050

	Loss on validation set after epoch 164: 0.0052

Epoch 165
	Step 0: mean loss = 0.0044
	Step 50: mean loss = 0.0050
	Step 100: mean loss = 0.0050
	Step 150: mean loss = 0.0050

	Loss on validation set after epoch 165: 0.0052

Epoch 166
	Step 0: mean loss = 0.0056
	Step 50: mean loss = 0.0049
	Step 100: mean loss = 0.0049
	Step 150: mean loss = 0.0049

	Loss on validation set after epoch 166: 0.0050

Epoch 167
	Step 0: mean loss = 0.0051
	Step 50: mean loss = 0.0050
	Step 100: mean loss = 0.0051
	Step 150: mean loss = 0.0050

	Loss on validation set after epoch 167: 0.0049

Epoch 168
	Step 0: mean loss = 0.0055
	Step 50: mean loss = 0.0048
	Step 100: mean loss = 0.0049
	Step 150: mean loss = 0.0049

	Loss on validation set after epoch 168: 0.0051

Epoch 169
	Step 0: mean loss = 0.0042
	Step 50: mean loss = 0.0048
	Step 100: mean loss = 0.0048
	Step 150: mean loss = 0.0048

	Loss on validation set after epoch 169: 0.0049

Epoch 170
	Step 0: mean loss = 0.0053
	Step 50: mean loss = 0.0047
	Step 100: mean loss = 0.0048
	Step 150: mean loss = 0.0048

	Loss on validation set after epoch 170: 0.0053

Epoch 171
	Step 0: mean loss = 0.0042
	Step 50: mean loss = 0.0047
	Step 100: mean loss = 0.0048
	Step 150: mean loss = 0.0048

	Loss on validation set after epoch 171: 0.0048

Epoch 172
	Step 0: mean loss = 0.0045
	Step 50: mean loss = 0.0047
	Step 100: mean loss = 0.0048
	Step 150: mean loss = 0.0048

	Loss on validation set after epoch 172: 0.0047

Epoch 173
	Step 0: mean loss = 0.0051
	Step 50: mean loss = 0.0047
	Step 100: mean loss = 0.0047
	Step 150: mean loss = 0.0047

	Loss on validation set after epoch 173: 0.0049

Epoch 174
	Step 0: mean loss = 0.0052
	Step 50: mean loss = 0.0045
	Step 100: mean loss = 0.0047
	Step 150: mean loss = 0.0046

	Loss on validation set after epoch 174: 0.0045

Epoch 175
	Step 0: mean loss = 0.0047
	Step 50: mean loss = 0.0046
	Step 100: mean loss = 0.0046
	Step 150: mean loss = 0.0046

	Loss on validation set after epoch 175: 0.0047

Epoch 176
	Step 0: mean loss = 0.0044
	Step 50: mean loss = 0.0046
	Step 100: mean loss = 0.0046
	Step 150: mean loss = 0.0046

	Loss on validation set after epoch 176: 0.0048

Epoch 177
	Step 0: mean loss = 0.0038
	Step 50: mean loss = 0.0045
	Step 100: mean loss = 0.0046
	Step 150: mean loss = 0.0046

	Loss on validation set after epoch 177: 0.0047

Epoch 178
	Step 0: mean loss = 0.0037
	Step 50: mean loss = 0.0045
	Step 100: mean loss = 0.0045
	Step 150: mean loss = 0.0046

	Loss on validation set after epoch 178: 0.0048

Epoch 179
	Step 0: mean loss = 0.0050
	Step 50: mean loss = 0.0044
	Step 100: mean loss = 0.0045
	Step 150: mean loss = 0.0045

	Loss on validation set after epoch 179: 0.0045

Epoch 180
	Step 0: mean loss = 0.0044
	Step 50: mean loss = 0.0045
	Step 100: mean loss = 0.0045
	Step 150: mean loss = 0.0045

	Loss on validation set after epoch 180: 0.0045

Epoch 181
	Step 0: mean loss = 0.0046
	Step 50: mean loss = 0.0043
	Step 100: mean loss = 0.0045
	Step 150: mean loss = 0.0045

	Loss on validation set after epoch 181: 0.0044

Epoch 182
	Step 0: mean loss = 0.0048
	Step 50: mean loss = 0.0043
	Step 100: mean loss = 0.0044
	Step 150: mean loss = 0.0044

	Loss on validation set after epoch 182: 0.0043

Epoch 183
	Step 0: mean loss = 0.0035
	Step 50: mean loss = 0.0043
	Step 100: mean loss = 0.0044
	Step 150: mean loss = 0.0044

	Loss on validation set after epoch 183: 0.0043

Epoch 184
	Step 0: mean loss = 0.0023
	Step 50: mean loss = 0.0043
	Step 100: mean loss = 0.0043
	Step 150: mean loss = 0.0043

	Loss on validation set after epoch 184: 0.0044

Epoch 185
	Step 0: mean loss = 0.0050
	Step 50: mean loss = 0.0042
	Step 100: mean loss = 0.0043
	Step 150: mean loss = 0.0043

	Loss on validation set after epoch 185: 0.0048

Epoch 186
	Step 0: mean loss = 0.0037
	Step 50: mean loss = 0.0042
	Step 100: mean loss = 0.0043
	Step 150: mean loss = 0.0043

	Loss on validation set after epoch 186: 0.0041

Epoch 187
	Step 0: mean loss = 0.0037
	Step 50: mean loss = 0.0041
	Step 100: mean loss = 0.0042
	Step 150: mean loss = 0.0043

	Loss on validation set after epoch 187: 0.0042

Epoch 188
	Step 0: mean loss = 0.0044
	Step 50: mean loss = 0.0042
	Step 100: mean loss = 0.0043
	Step 150: mean loss = 0.0042

	Loss on validation set after epoch 188: 0.0044

Epoch 189
	Step 0: mean loss = 0.0036
	Step 50: mean loss = 0.0042
	Step 100: mean loss = 0.0042
	Step 150: mean loss = 0.0042

	Loss on validation set after epoch 189: 0.0042

Epoch 190
	Step 0: mean loss = 0.0041
	Step 50: mean loss = 0.0041
	Step 100: mean loss = 0.0042
	Step 150: mean loss = 0.0042

	Loss on validation set after epoch 190: 0.0046

Epoch 191
	Step 0: mean loss = 0.0034
	Step 50: mean loss = 0.0041
	Step 100: mean loss = 0.0042
	Step 150: mean loss = 0.0042

	Loss on validation set after epoch 191: 0.0043

Epoch 192
	Step 0: mean loss = 0.0037
	Step 50: mean loss = 0.0041
	Step 100: mean loss = 0.0042
	Step 150: mean loss = 0.0042

	Loss on validation set after epoch 192: 0.0045

Epoch 193
	Step 0: mean loss = 0.0035
	Step 50: mean loss = 0.0040
	Step 100: mean loss = 0.0041
	Step 150: mean loss = 0.0042

	Loss on validation set after epoch 193: 0.0047

Epoch 194
	Step 0: mean loss = 0.0050
	Step 50: mean loss = 0.0041
	Step 100: mean loss = 0.0042
	Step 150: mean loss = 0.0042

	Loss on validation set after epoch 194: 0.0045

Epoch 195
	Step 0: mean loss = 0.0037
	Step 50: mean loss = 0.0041
	Step 100: mean loss = 0.0042
	Step 150: mean loss = 0.0041

	Loss on validation set after epoch 195: 0.0045

Epoch 196
	Step 0: mean loss = 0.0039
	Step 50: mean loss = 0.0041
	Step 100: mean loss = 0.0042
	Step 150: mean loss = 0.0041

	Loss on validation set after epoch 196: 0.0042

Model from epoch 186 was selected by early stopping.
Training process will be stopped now.
Deleted temporary files in ../data/trained_models/temp_01-03-08-26-29/
Location of saved model: ../data/trained_models/last_hope_63_01-03-08-26-29/ 

Adding feature wise convolutions with 64 filters per feature, 3 kernels and 1 strides ...
Adding feature wise convolutions with 1 filters per feature, 3 kernels and 1 strides ...
Adding feature based graph attention layer ...
Adding time based graph attention layer ...
Adding GRU layer with 256 units ...
Adding GRU layer with 61 units ...
Adding VAE as reconstruction model dimensions 3072 & 1536 and ...
Adding dense layer to forecasting model with 512 units and ReLu activation ...
Adding dense layer to forecasting model with 256 units and ReLu activation ...
Adding last dense layer to forecasting model with 61 units and sigmoid activation ...
VAE reconstructs the output of the gru layer.

Grid search running in anomaly detection model selection mode.
The following hyperparameters will not be evaluated:
relevance_mapping
unaffected_component_threshold
si_mode
si_parameter

Testing 294 combinations via grid search 
for model last_hope_63_01-03-08-26-29/ on the validation dataset. 


Top 50 combinations tested:
      gamma  single_timestamp_a.. affected_timestamp..     AD F1     AD F2    AD TPR   AD Prec    AD ACC    AD TNR    AD FPR  SI/ST AVG-HR@100%  SI/ST AVG-HR@150%  SI/ST AVG-HR@K  SI/ST F1  SI/ST TPR  SI/ST ACC
Comb                                                                                                                                                                                                              
124     0.5                 0.275                  150  0.420615  0.580808  0.778462  0.288155  0.592398  0.548736  0.451264           0.370315           0.442331        0.326154  0.113846   0.113846   0.863669
122     0.5                 0.275                  130  0.420114  0.586504  0.796923  0.285242  0.581871  0.531408  0.468592           0.370315           0.442331        0.326154  0.113846   0.113846   0.863669
121     0.5                 0.275                  120  0.418941  0.587573  0.803077  0.283388  0.576608  0.523466  0.476534           0.370315           0.442331        0.326154  0.113846   0.113846   0.863669
123     0.5                 0.275                  140  0.418719  0.581395  0.784615  0.285554  0.585965  0.539350  0.460650           0.370315           0.442331        0.326154  0.113846   0.113846   0.863669
125     0.5                 0.275                  160  0.417508  0.573278  0.763077  0.287370  0.595322  0.555957  0.444043           0.370315           0.442331        0.326154  0.113846   0.113846   0.863669
69      0.4                 0.250                  160  0.416546  0.609860  0.883077  0.272555  0.529825  0.446931  0.553069           0.370219           0.443730        0.384615  0.107692   0.107692   0.862722
68      0.4                 0.250                  150  0.415827  0.610994  0.889231  0.271362  0.525146  0.439711  0.560289           0.370219           0.443730        0.384615  0.107692   0.107692   0.862722
120     0.5                 0.275                  110  0.415361  0.588627  0.815385  0.278654  0.563743  0.504693  0.495307           0.370315           0.442331        0.326154  0.113846   0.113846   0.863669
67      0.4                 0.250                  140  0.414825  0.611859  0.895385  0.269944  0.519883  0.431769  0.568231           0.370219           0.443730        0.384615  0.107692   0.107692   0.862722
66      0.4                 0.250                  130  0.412721  0.610879  0.898462  0.267890  0.514035  0.423827  0.576173           0.370219           0.443730        0.384615  0.107692   0.107692   0.862722
227     0.7                 0.300                  130  0.412340  0.594618  0.843077  0.272908  0.543275  0.472924  0.527076           0.363965           0.444034        0.276923  0.101538   0.101538   0.861775
119     0.5                 0.275                  100  0.411719  0.587588  0.821538  0.274691  0.553801  0.490975  0.509025           0.370315           0.442331        0.326154  0.113846   0.113846   0.863669
230     0.7                 0.300                  160  0.411303  0.582481  0.806154  0.276080  0.561404  0.503971  0.496029           0.363965           0.444034        0.276923  0.101538   0.101538   0.861775
65      0.4                 0.250                  120  0.411228  0.610417  0.901538  0.266364  0.509357  0.417329  0.582671           0.370219           0.443730        0.384615  0.107692   0.107692   0.862722
13      0.3                 0.225                  160  0.409980  0.618389  0.935385  0.262522  0.488304  0.383394  0.616606           0.368156           0.442475        0.396923  0.107692   0.107692   0.862722
225     0.7                 0.300                  110  0.408523  0.595034  0.855385  0.268340  0.529240  0.452708  0.547292           0.363965           0.444034        0.276923  0.101538   0.101538   0.861775
63      0.4                 0.250                  100  0.408499  0.612161  0.916923  0.262787  0.495322  0.396390  0.603610           0.370219           0.443730        0.384615  0.107692   0.107692   0.862722
14      0.3                 0.250                  100  0.408085  0.526316  0.652308  0.296919  0.640351  0.637545  0.362455           0.359792           0.428382        0.258462  0.110769   0.110769   0.863195
64      0.4                 0.250                  110  0.408050  0.608444  0.904615  0.263441  0.501170  0.406498  0.593502           0.370219           0.443730        0.384615  0.107692   0.107692   0.862722
226     0.7                 0.300                  120  0.408012  0.591907  0.846154  0.268817  0.533333  0.459928  0.540072           0.363965           0.444034        0.276923  0.101538   0.101538   0.861775
228     0.7                 0.300                  140  0.407915  0.585408  0.824615  0.270981  0.545029  0.479422  0.520578           0.363965           0.444034        0.276923  0.101538   0.101538   0.861775
229     0.7                 0.300                  150  0.407379  0.582162  0.815385  0.271516  0.549123  0.486643  0.513357           0.363965           0.444034        0.276923  0.101538   0.101538   0.861775
15      0.3                 0.250                  110  0.406615  0.521717  0.643077  0.297297  0.643275  0.643321  0.356679           0.359792           0.428382        0.258462  0.110769   0.110769   0.863195
224     0.7                 0.300                  100  0.406386  0.594985  0.861538  0.265907  0.521637  0.441877  0.558123           0.363965           0.444034        0.276923  0.101538   0.101538   0.861775
12      0.3                 0.225                  150  0.405046  0.614672  0.938462  0.258256  0.476023  0.367509  0.632491           0.368156           0.442475        0.396923  0.107692   0.107692   0.862722
19      0.3                 0.250                  150  0.403226  0.508388  0.615385  0.299850  0.653801  0.662816  0.337184           0.359792           0.428382        0.258462  0.110769   0.110769   0.863195
8       0.3                 0.225                  110  0.402597  0.616302  0.953846  0.255144  0.461988  0.346570  0.653430           0.368156           0.442475        0.396923  0.107692   0.107692   0.862722
73      0.4                 0.275                  130  0.402162  0.489474  0.572308  0.310000  0.676608  0.701083  0.298917           0.358498           0.426585        0.246154  0.092308   0.092308   0.860355
11      0.3                 0.225                  140  0.402109  0.611958  0.938462  0.255872  0.469591  0.359567  0.640433           0.368156           0.442475        0.396923  0.107692   0.107692   0.862722
20      0.3                 0.250                  160  0.401631  0.503579  0.606154  0.300305  0.656725  0.668592  0.331408           0.359792           0.428382        0.258462  0.110769   0.110769   0.863195
17      0.3                 0.250                  130  0.401590  0.509844  0.621538  0.296623  0.647953  0.654152  0.345848           0.359792           0.428382        0.258462  0.110769   0.110769   0.863195
18      0.3                 0.250                  140  0.401204  0.507099  0.615385  0.297619  0.650877  0.659206  0.340794           0.359792           0.428382        0.258462  0.110769   0.110769   0.863195
16      0.3                 0.250                  120  0.401180  0.512048  0.627692  0.294798  0.643860  0.647653  0.352347           0.359792           0.428382        0.258462  0.110769   0.110769   0.863195
10      0.3                 0.225                  130  0.401052  0.610978  0.938462  0.255017  0.467251  0.356679  0.643321           0.368156           0.442475        0.396923  0.107692   0.107692   0.862722
175     0.6                 0.300                  100  0.400763  0.519031  0.646154  0.290456  0.632749  0.629603  0.370397           0.370351           0.441345        0.267692  0.095385   0.095385   0.860828
9       0.3                 0.225                  120  0.400522  0.612041  0.944615  0.254139  0.462573  0.349458  0.650542           0.368156           0.442475        0.396923  0.107692   0.107692   0.862722
7       0.3                 0.225                  100  0.400000  0.613861  0.953846  0.253061  0.456140  0.339350  0.660650           0.368156           0.442475        0.396923  0.107692   0.107692   0.862722
74      0.4                 0.275                  140  0.399563  0.483871  0.563077  0.309645  0.678363  0.705415  0.294585           0.358498           0.426585        0.246154  0.092308   0.092308   0.860355
72      0.4                 0.275                  120  0.399142  0.487677  0.572308  0.306425  0.672515  0.696029  0.303971           0.358498           0.426585        0.246154  0.092308   0.092308   0.860355
176     0.6                 0.300                  110  0.398445  0.511477  0.630769  0.291193  0.638012  0.639711  0.360289           0.370351           0.441345        0.267692  0.095385   0.095385   0.860828
70      0.4                 0.275                  100  0.396642  0.490145  0.581538  0.300955  0.663743  0.683032  0.316968           0.358498           0.426585        0.246154  0.092308   0.092308   0.860355
281     0.8                 0.325                  110  0.396518  0.510204  0.630769  0.289140  0.635088  0.636101  0.363899           0.358996           0.443925        0.209231  0.089231   0.089231   0.859882
282     0.8                 0.325                  120  0.396078  0.506266  0.621538  0.290647  0.639766  0.644043  0.355957           0.358996           0.443925        0.209231  0.089231   0.089231   0.859882
71      0.4                 0.275                  110  0.394904  0.485133  0.572308  0.301459  0.666667  0.688809  0.311191           0.358498           0.426585        0.246154  0.092308   0.092308   0.860355
174     0.6                 0.275                  160  0.394602  0.606480  0.944615  0.249391  0.449123  0.332852  0.667148           0.366920           0.434068        0.347692  0.123077   0.123077   0.865089
178     0.6                 0.300                  130  0.394394  0.498987  0.606154  0.292285  0.646199  0.655596  0.344404           0.370351           0.441345        0.267692  0.095385   0.095385   0.860828
76      0.4                 0.275                  160  0.394209  0.472504  0.544615  0.308901  0.681871  0.714079  0.285921           0.358498           0.426585        0.246154  0.092308   0.092308   0.860355
177     0.6                 0.300                  120  0.394059  0.501259  0.612308  0.290511  0.642105  0.649097  0.350903           0.370351           0.441345        0.267692  0.095385   0.095385   0.860828
280     0.8                 0.325                  100  0.393939  0.512063  0.640000  0.284542  0.625731  0.622383  0.377617           0.358996           0.443925        0.209231  0.089231   0.089231   0.859882
181     0.6                 0.300                  160  0.393782  0.489691  0.584615  0.296875  0.657895  0.675090  0.324910           0.370351           0.441345        0.267692  0.095385   0.095385   0.860828

Full result output for the best combination:
                 #Examples   TP   FP   TN  FN       ACC       FNR       TNR       FPR       TPR      Prec        F1        F2  AVG # affected
Component                                                                                                                                    
no_failure            1385    0  625  760   0  0.548736       NaN  0.548736  0.451264       NaN  0.000000       NaN       NaN      189.438989
txt15_i1                 5    5    0    0   0  1.000000  0.000000       NaN       NaN  1.000000  1.000000  1.000000  1.000000      388.600000
txt15_i3                 5    0    0    0   5  0.000000  1.000000       NaN       NaN  0.000000       NaN       NaN       NaN       23.200000
txt15_conveyor           3    3    0    0   0  1.000000  0.000000       NaN       NaN  1.000000  1.000000  1.000000  1.000000      461.000000
txt15_m1               160  132    0    0  28  0.825000  0.175000       NaN       NaN  0.825000  1.000000  0.904110  0.854922      367.881250
txt15_pl                 9    3    0    0   6  0.333333  0.666667       NaN       NaN  0.333333  1.000000  0.500000  0.384615      174.777778
txt16_i3                 4    1    0    0   3  0.250000  0.750000       NaN       NaN  0.250000  1.000000  0.400000  0.294118       73.000000
txt16_conveyor           8    4    0    0   4  0.500000  0.500000       NaN       NaN  0.500000  1.000000  0.666667  0.555556      158.250000
txt16_m3                65   56    0    0   9  0.861538  0.138462       NaN       NaN  0.861538  1.000000  0.925620  0.886076      342.553846
txt16_turntable          2    2    0    0   0  1.000000  0.000000       NaN       NaN  1.000000  1.000000  1.000000  1.000000      484.000000
txt17_i1                16   11    0    0   5  0.687500  0.312500       NaN       NaN  0.687500  1.000000  0.814815  0.733333      301.125000
txt17_pl                14    8    0    0   6  0.571429  0.428571       NaN       NaN  0.571429  1.000000  0.727273  0.625000      249.428571
txt18_pl                28   23    0    0   5  0.821429  0.178571       NaN       NaN  0.821429  1.000000  0.901961  0.851852      345.214286
txt19_i4                 6    5    0    0   1  0.833333  0.166667       NaN       NaN  0.833333  1.000000  0.909091  0.862069      190.666667
combined              1710  253  625  760  72  0.592398  0.221538  0.548736  0.451264  0.778462  0.288155  0.420615  0.580808      216.468421

                 #Examples   TP   FP   TN  FN       ACC       FNR       TNR       FPR       TPR      Prec        F1        F2  AVG # affected
Component                                                                                                                                    
no_failure            1385    0  625  760   0  0.548736       NaN  0.548736  0.451264       NaN  0.000000       NaN       NaN      189.438989
txt15_i1                 5    5    0    0   0  1.000000  0.000000       NaN       NaN  1.000000  1.000000  1.000000  1.000000      388.600000
txt15_i3                 5    0    0    0   5  0.000000  1.000000       NaN       NaN  0.000000       NaN       NaN       NaN       23.200000
txt15_conveyor           3    3    0    0   0  1.000000  0.000000       NaN       NaN  1.000000  1.000000  1.000000  1.000000      461.000000
txt15_m1               160  132    0    0  28  0.825000  0.175000       NaN       NaN  0.825000  1.000000  0.904110  0.854922      367.881250
txt15_pl                 9    3    0    0   6  0.333333  0.666667       NaN       NaN  0.333333  1.000000  0.500000  0.384615      174.777778
txt16_i3                 4    1    0    0   3  0.250000  0.750000       NaN       NaN  0.250000  1.000000  0.400000  0.294118       73.000000
txt16_conveyor           8    4    0    0   4  0.500000  0.500000       NaN       NaN  0.500000  1.000000  0.666667  0.555556      158.250000
txt16_m3                65   56    0    0   9  0.861538  0.138462       NaN       NaN  0.861538  1.000000  0.925620  0.886076      342.553846
txt16_turntable          2    2    0    0   0  1.000000  0.000000       NaN       NaN  1.000000  1.000000  1.000000  1.000000      484.000000
txt17_i1                16   11    0    0   5  0.687500  0.312500       NaN       NaN  0.687500  1.000000  0.814815  0.733333      301.125000
txt17_pl                14    8    0    0   6  0.571429  0.428571       NaN       NaN  0.571429  1.000000  0.727273  0.625000      249.428571
txt18_pl                28   23    0    0   5  0.821429  0.178571       NaN       NaN  0.821429  1.000000  0.901961  0.851852      345.214286
txt19_i4                 6    5    0    0   1  0.833333  0.166667       NaN       NaN  0.833333  1.000000  0.909091  0.862069      190.666667
combined              1710  253  625  760  72  0.592398  0.221538  0.548736  0.451264  0.778462  0.288155  0.420615  0.580808      216.468421

Execution time: 6048.431054346962
