
Dataset loaded:
Shape of training set (example, time, channels): (20812, 500, 61)
Shape of test set (example, time, channels): (3989, 500, 61)
Shape of train validation set (example, time, channels): (2313, 500, 61)
Shape of test validation set (example, time, channels): (1710, 500, 61)
Num of classes in all: 25

Creating model based on ../configuration/hyperparameter_combinations/last_hope_31.json hyperparameter file 

Adding feature wise convolutions with 32 filters per feature, 3 kernels and 1 strides ...
Adding feature wise convolutions with 1 filters per feature, 3 kernels and 1 strides ...
Adding feature based graph attention layer ...
Adding time based graph attention layer ...
Adding GRU layer with 256 units ...
Adding GRU layer with 61 units ...
Adding dense layer to forecasting model with 512 units and ReLu activation ...
Adding dense layer to forecasting model with 256 units and ReLu activation ...
Adding last dense layer to forecasting model with 61 units and sigmoid activation ...
Adding VAE as reconstruction model dimensions 3072 & 1536 ...

Epoch 0
	Step 0: mean loss = 1.3112
	Step 50: mean loss = 0.5135
	Step 100: mean loss = 0.3610
	Step 150: mean loss = 0.2833

	Loss on validation set after epoch 0: 0.1155

Epoch 1
	Step 0: mean loss = 0.1155
	Step 50: mean loss = 0.1099
	Step 100: mean loss = 0.1058
	Step 150: mean loss = 0.1022

	Loss on validation set after epoch 1: 0.0911

Epoch 2
	Step 0: mean loss = 0.0929
	Step 50: mean loss = 0.0890
	Step 100: mean loss = 0.0874
	Step 150: mean loss = 0.0858

	Loss on validation set after epoch 2: 0.0801

Epoch 3
	Step 0: mean loss = 0.0783
	Step 50: mean loss = 0.0781
	Step 100: mean loss = 0.0765
	Step 150: mean loss = 0.0752

	Loss on validation set after epoch 3: 0.0706

Epoch 4
	Step 0: mean loss = 0.0682
	Step 50: mean loss = 0.0701
	Step 100: mean loss = 0.0694
	Step 150: mean loss = 0.0686

	Loss on validation set after epoch 4: 0.0644

Epoch 5
	Step 0: mean loss = 0.0653
	Step 50: mean loss = 0.0641
	Step 100: mean loss = 0.0631
	Step 150: mean loss = 0.0622

	Loss on validation set after epoch 5: 0.0584

Epoch 6
	Step 0: mean loss = 0.0624
	Step 50: mean loss = 0.0587
	Step 100: mean loss = 0.0583
	Step 150: mean loss = 0.0579

	Loss on validation set after epoch 6: 0.0573

Epoch 7
	Step 0: mean loss = 0.0566
	Step 50: mean loss = 0.0562
	Step 100: mean loss = 0.0560
	Step 150: mean loss = 0.0559

	Loss on validation set after epoch 7: 0.0537

Epoch 8
	Step 0: mean loss = 0.0548
	Step 50: mean loss = 0.0551
	Step 100: mean loss = 0.0549
	Step 150: mean loss = 0.0547

	Loss on validation set after epoch 8: 0.0543

Epoch 9
	Step 0: mean loss = 0.0519
	Step 50: mean loss = 0.0535
	Step 100: mean loss = 0.0538
	Step 150: mean loss = 0.0535

	Loss on validation set after epoch 9: 0.0542

Epoch 10
	Step 0: mean loss = 0.0572
	Step 50: mean loss = 0.0528
	Step 100: mean loss = 0.0528
	Step 150: mean loss = 0.0527

	Loss on validation set after epoch 10: 0.0520

Epoch 11
	Step 0: mean loss = 0.0510
	Step 50: mean loss = 0.0518
	Step 100: mean loss = 0.0523
	Step 150: mean loss = 0.0529

	Loss on validation set after epoch 11: 0.0566

Epoch 12
	Step 0: mean loss = 0.0591
	Step 50: mean loss = 0.0548
	Step 100: mean loss = 0.0541
	Step 150: mean loss = 0.0537

	Loss on validation set after epoch 12: 0.0521

Epoch 13
	Step 0: mean loss = 0.0460
	Step 50: mean loss = 0.0517
	Step 100: mean loss = 0.0515
	Step 150: mean loss = 0.0512

	Loss on validation set after epoch 13: 0.0501

Epoch 14
	Step 0: mean loss = 0.0521
	Step 50: mean loss = 0.0500
	Step 100: mean loss = 0.0499
	Step 150: mean loss = 0.0499

	Loss on validation set after epoch 14: 0.0487

Epoch 15
	Step 0: mean loss = 0.0532
	Step 50: mean loss = 0.0489
	Step 100: mean loss = 0.0487
	Step 150: mean loss = 0.0482

	Loss on validation set after epoch 15: 0.0462

Epoch 16
	Step 0: mean loss = 0.0437
	Step 50: mean loss = 0.0454
	Step 100: mean loss = 0.0449
	Step 150: mean loss = 0.0443

	Loss on validation set after epoch 16: 0.0434

Epoch 17
	Step 0: mean loss = 0.0442
	Step 50: mean loss = 0.0419
	Step 100: mean loss = 0.0415
	Step 150: mean loss = 0.0411

	Loss on validation set after epoch 17: 0.0401

Epoch 18
	Step 0: mean loss = 0.0369
	Step 50: mean loss = 0.0396
	Step 100: mean loss = 0.0394
	Step 150: mean loss = 0.0391

	Loss on validation set after epoch 18: 0.0393

Epoch 19
	Step 0: mean loss = 0.0404
	Step 50: mean loss = 0.0378
	Step 100: mean loss = 0.0375
	Step 150: mean loss = 0.0373

	Loss on validation set after epoch 19: 0.0362

Epoch 20
	Step 0: mean loss = 0.0342
	Step 50: mean loss = 0.0360
	Step 100: mean loss = 0.0360
	Step 150: mean loss = 0.0359

	Loss on validation set after epoch 20: 0.0354

Epoch 21
	Step 0: mean loss = 0.0341
	Step 50: mean loss = 0.0349
	Step 100: mean loss = 0.0350
	Step 150: mean loss = 0.0348

	Loss on validation set after epoch 21: 0.0342

Epoch 22
	Step 0: mean loss = 0.0327
	Step 50: mean loss = 0.0338
	Step 100: mean loss = 0.0338
	Step 150: mean loss = 0.0338

	Loss on validation set after epoch 22: 0.0332

Epoch 23
	Step 0: mean loss = 0.0361
	Step 50: mean loss = 0.0330
	Step 100: mean loss = 0.0329
	Step 150: mean loss = 0.0328

	Loss on validation set after epoch 23: 0.0319

Epoch 24
	Step 0: mean loss = 0.0310
	Step 50: mean loss = 0.0323
	Step 100: mean loss = 0.0322
	Step 150: mean loss = 0.0321

	Loss on validation set after epoch 24: 0.0311

Epoch 25
	Step 0: mean loss = 0.0325
	Step 50: mean loss = 0.0310
	Step 100: mean loss = 0.0312
	Step 150: mean loss = 0.0311

	Loss on validation set after epoch 25: 0.0310

Epoch 26
	Step 0: mean loss = 0.0261
	Step 50: mean loss = 0.0304
	Step 100: mean loss = 0.0305
	Step 150: mean loss = 0.0307

	Loss on validation set after epoch 26: 0.0295

Epoch 27
	Step 0: mean loss = 0.0304
	Step 50: mean loss = 0.0295
	Step 100: mean loss = 0.0297
	Step 150: mean loss = 0.0297

	Loss on validation set after epoch 27: 0.0293

Epoch 28
	Step 0: mean loss = 0.0322
	Step 50: mean loss = 0.0291
	Step 100: mean loss = 0.0293
	Step 150: mean loss = 0.0292

	Loss on validation set after epoch 28: 0.0291

Epoch 29
	Step 0: mean loss = 0.0312
	Step 50: mean loss = 0.0285
	Step 100: mean loss = 0.0288
	Step 150: mean loss = 0.0286

	Loss on validation set after epoch 29: 0.0283

Epoch 30
	Step 0: mean loss = 0.0250
	Step 50: mean loss = 0.0281
	Step 100: mean loss = 0.0283
	Step 150: mean loss = 0.0283

	Loss on validation set after epoch 30: 0.0281

Epoch 31
	Step 0: mean loss = 0.0237
	Step 50: mean loss = 0.0278
	Step 100: mean loss = 0.0278
	Step 150: mean loss = 0.0278

	Loss on validation set after epoch 31: 0.0276

Epoch 32
	Step 0: mean loss = 0.0281
	Step 50: mean loss = 0.0276
	Step 100: mean loss = 0.0275
	Step 150: mean loss = 0.0274

	Loss on validation set after epoch 32: 0.0267

Epoch 33
	Step 0: mean loss = 0.0282
	Step 50: mean loss = 0.0273
	Step 100: mean loss = 0.0272
	Step 150: mean loss = 0.0272

	Loss on validation set after epoch 33: 0.0262

Epoch 34
	Step 0: mean loss = 0.0270
	Step 50: mean loss = 0.0266
	Step 100: mean loss = 0.0267
	Step 150: mean loss = 0.0268

	Loss on validation set after epoch 34: 0.0268

Epoch 35
	Step 0: mean loss = 0.0304
	Step 50: mean loss = 0.0266
	Step 100: mean loss = 0.0265
	Step 150: mean loss = 0.0263

	Loss on validation set after epoch 35: 0.0256

Epoch 36
	Step 0: mean loss = 0.0281
	Step 50: mean loss = 0.0256
	Step 100: mean loss = 0.0256
	Step 150: mean loss = 0.0254

	Loss on validation set after epoch 36: 0.0243

Epoch 37
	Step 0: mean loss = 0.0262
	Step 50: mean loss = 0.0251
	Step 100: mean loss = 0.0250
	Step 150: mean loss = 0.0249

	Loss on validation set after epoch 37: 0.0245

Epoch 38
	Step 0: mean loss = 0.0238
	Step 50: mean loss = 0.0245
	Step 100: mean loss = 0.0245
	Step 150: mean loss = 0.0244

	Loss on validation set after epoch 38: 0.0239

Epoch 39
	Step 0: mean loss = 0.0247
	Step 50: mean loss = 0.0243
	Step 100: mean loss = 0.0242
	Step 150: mean loss = 0.0242

	Loss on validation set after epoch 39: 0.0239

Epoch 40
	Step 0: mean loss = 0.0265
	Step 50: mean loss = 0.0239
	Step 100: mean loss = 0.0243
	Step 150: mean loss = 0.0242

	Loss on validation set after epoch 40: 0.0233

Epoch 41
	Step 0: mean loss = 0.0265
	Step 50: mean loss = 0.0238
	Step 100: mean loss = 0.0240
	Step 150: mean loss = 0.0239

	Loss on validation set after epoch 41: 0.0238

Epoch 42
	Step 0: mean loss = 0.0219
	Step 50: mean loss = 0.0236
	Step 100: mean loss = 0.0235
	Step 150: mean loss = 0.0234

	Loss on validation set after epoch 42: 0.0241

Epoch 43
	Step 0: mean loss = 0.0248
	Step 50: mean loss = 0.0234
	Step 100: mean loss = 0.0233
	Step 150: mean loss = 0.0233

	Loss on validation set after epoch 43: 0.0230

Epoch 44
	Step 0: mean loss = 0.0213
	Step 50: mean loss = 0.0229
	Step 100: mean loss = 0.0231
	Step 150: mean loss = 0.0230

	Loss on validation set after epoch 44: 0.0222

Epoch 45
	Step 0: mean loss = 0.0185
	Step 50: mean loss = 0.0230
	Step 100: mean loss = 0.0230
	Step 150: mean loss = 0.0230

	Loss on validation set after epoch 45: 0.0222

Epoch 46
	Step 0: mean loss = 0.0209
	Step 50: mean loss = 0.0230
	Step 100: mean loss = 0.0229
	Step 150: mean loss = 0.0228

	Loss on validation set after epoch 46: 0.0224

Epoch 47
	Step 0: mean loss = 0.0209
	Step 50: mean loss = 0.0224
	Step 100: mean loss = 0.0227
	Step 150: mean loss = 0.0225

	Loss on validation set after epoch 47: 0.0228

Epoch 48
	Step 0: mean loss = 0.0237
	Step 50: mean loss = 0.0226
	Step 100: mean loss = 0.0226
	Step 150: mean loss = 0.0224

	Loss on validation set after epoch 48: 0.0213

Epoch 49
	Step 0: mean loss = 0.0235
	Step 50: mean loss = 0.0223
	Step 100: mean loss = 0.0222
	Step 150: mean loss = 0.0221

	Loss on validation set after epoch 49: 0.0216

Epoch 50
	Step 0: mean loss = 0.0212
	Step 50: mean loss = 0.0220
	Step 100: mean loss = 0.0221
	Step 150: mean loss = 0.0221

	Loss on validation set after epoch 50: 0.0214

Epoch 51
	Step 0: mean loss = 0.0259
	Step 50: mean loss = 0.0219
	Step 100: mean loss = 0.0223
	Step 150: mean loss = 0.0222

	Loss on validation set after epoch 51: 0.0221

Epoch 52
	Step 0: mean loss = 0.0249
	Step 50: mean loss = 0.0217
	Step 100: mean loss = 0.0218
	Step 150: mean loss = 0.0218

	Loss on validation set after epoch 52: 0.0214

Epoch 53
	Step 0: mean loss = 0.0238
	Step 50: mean loss = 0.0217
	Step 100: mean loss = 0.0218
	Step 150: mean loss = 0.0216

	Loss on validation set after epoch 53: 0.0221

Epoch 54
	Step 0: mean loss = 0.0229
	Step 50: mean loss = 0.0215
	Step 100: mean loss = 0.0217
	Step 150: mean loss = 0.0216

	Loss on validation set after epoch 54: 0.0216

Epoch 55
	Step 0: mean loss = 0.0202
	Step 50: mean loss = 0.0215
	Step 100: mean loss = 0.0215
	Step 150: mean loss = 0.0214

	Loss on validation set after epoch 55: 0.0208

Epoch 56
	Step 0: mean loss = 0.0226
	Step 50: mean loss = 0.0213
	Step 100: mean loss = 0.0215
	Step 150: mean loss = 0.0214

	Loss on validation set after epoch 56: 0.0208

Epoch 57
	Step 0: mean loss = 0.0209
	Step 50: mean loss = 0.0210
	Step 100: mean loss = 0.0210
	Step 150: mean loss = 0.0211

	Loss on validation set after epoch 57: 0.0204

Epoch 58
	Step 0: mean loss = 0.0218
	Step 50: mean loss = 0.0212
	Step 100: mean loss = 0.0216
	Step 150: mean loss = 0.0213

	Loss on validation set after epoch 58: 0.0222

Epoch 59
	Step 0: mean loss = 0.0220
	Step 50: mean loss = 0.0214
	Step 100: mean loss = 0.0211
	Step 150: mean loss = 0.0211

	Loss on validation set after epoch 59: 0.0205

Epoch 60
	Step 0: mean loss = 0.0189
	Step 50: mean loss = 0.0207
	Step 100: mean loss = 0.0209
	Step 150: mean loss = 0.0208

	Loss on validation set after epoch 60: 0.0202

Epoch 61
	Step 0: mean loss = 0.0245
	Step 50: mean loss = 0.0209
	Step 100: mean loss = 0.0208
	Step 150: mean loss = 0.0207

	Loss on validation set after epoch 61: 0.0208

Epoch 62
	Step 0: mean loss = 0.0212
	Step 50: mean loss = 0.0207
	Step 100: mean loss = 0.0207
	Step 150: mean loss = 0.0206

	Loss on validation set after epoch 62: 0.0194

Epoch 63
	Step 0: mean loss = 0.0193
	Step 50: mean loss = 0.0206
	Step 100: mean loss = 0.0207
	Step 150: mean loss = 0.0206

	Loss on validation set after epoch 63: 0.0197

Epoch 64
	Step 0: mean loss = 0.0185
	Step 50: mean loss = 0.0202
	Step 100: mean loss = 0.0202
	Step 150: mean loss = 0.0202

	Loss on validation set after epoch 64: 0.0209

Epoch 65
	Step 0: mean loss = 0.0188
	Step 50: mean loss = 0.0205
	Step 100: mean loss = 0.0202
	Step 150: mean loss = 0.0201

	Loss on validation set after epoch 65: 0.0198

Epoch 66
	Step 0: mean loss = 0.0198
	Step 50: mean loss = 0.0201
	Step 100: mean loss = 0.0200
	Step 150: mean loss = 0.0200

	Loss on validation set after epoch 66: 0.0191

Epoch 67
	Step 0: mean loss = 0.0209
	Step 50: mean loss = 0.0197
	Step 100: mean loss = 0.0197
	Step 150: mean loss = 0.0196

	Loss on validation set after epoch 67: 0.0188

Epoch 68
	Step 0: mean loss = 0.0182
	Step 50: mean loss = 0.0194
	Step 100: mean loss = 0.0191
	Step 150: mean loss = 0.0189

	Loss on validation set after epoch 68: 0.0176

Epoch 69
	Step 0: mean loss = 0.0192
	Step 50: mean loss = 0.0185
	Step 100: mean loss = 0.0185
	Step 150: mean loss = 0.0184

	Loss on validation set after epoch 69: 0.0178

Epoch 70
	Step 0: mean loss = 0.0165
	Step 50: mean loss = 0.0183
	Step 100: mean loss = 0.0185
	Step 150: mean loss = 0.0182

	Loss on validation set after epoch 70: 0.0168

Epoch 71
	Step 0: mean loss = 0.0198
	Step 50: mean loss = 0.0179
	Step 100: mean loss = 0.0177
	Step 150: mean loss = 0.0176

	Loss on validation set after epoch 71: 0.0168

Epoch 72
	Step 0: mean loss = 0.0203
	Step 50: mean loss = 0.0172
	Step 100: mean loss = 0.0175
	Step 150: mean loss = 0.0177

	Loss on validation set after epoch 72: 0.0173

Epoch 73
	Step 0: mean loss = 0.0192
	Step 50: mean loss = 0.0173
	Step 100: mean loss = 0.0172
	Step 150: mean loss = 0.0172

	Loss on validation set after epoch 73: 0.0168

Epoch 74
	Step 0: mean loss = 0.0182
	Step 50: mean loss = 0.0170
	Step 100: mean loss = 0.0173
	Step 150: mean loss = 0.0172

	Loss on validation set after epoch 74: 0.0164

Epoch 75
	Step 0: mean loss = 0.0204
	Step 50: mean loss = 0.0171
	Step 100: mean loss = 0.0171
	Step 150: mean loss = 0.0171

	Loss on validation set after epoch 75: 0.0163

Epoch 76
	Step 0: mean loss = 0.0151
	Step 50: mean loss = 0.0168
	Step 100: mean loss = 0.0168
	Step 150: mean loss = 0.0168

	Loss on validation set after epoch 76: 0.0165

Epoch 77
	Step 0: mean loss = 0.0153
	Step 50: mean loss = 0.0164
	Step 100: mean loss = 0.0166
	Step 150: mean loss = 0.0166

	Loss on validation set after epoch 77: 0.0166

Epoch 78
	Step 0: mean loss = 0.0187
	Step 50: mean loss = 0.0167
	Step 100: mean loss = 0.0165
	Step 150: mean loss = 0.0177

	Loss on validation set after epoch 78: 0.0186

Epoch 79
	Step 0: mean loss = 0.0194
	Step 50: mean loss = 0.0167
	Step 100: mean loss = 0.0166
	Step 150: mean loss = 0.0165

	Loss on validation set after epoch 79: 0.0157

Epoch 80
	Step 0: mean loss = 0.0163
	Step 50: mean loss = 0.0163
	Step 100: mean loss = 0.0163
	Step 150: mean loss = 0.0163

	Loss on validation set after epoch 80: 0.0156

Epoch 81
	Step 0: mean loss = 0.0181
	Step 50: mean loss = 0.0162
	Step 100: mean loss = 0.0162
	Step 150: mean loss = 0.0162

	Loss on validation set after epoch 81: 0.0155

Epoch 82
	Step 0: mean loss = 0.0147
	Step 50: mean loss = 0.0162
	Step 100: mean loss = 0.0160
	Step 150: mean loss = 0.0160

	Loss on validation set after epoch 82: 0.0159

Epoch 83
	Step 0: mean loss = 0.0169
	Step 50: mean loss = 0.0161
	Step 100: mean loss = 0.0160
	Step 150: mean loss = 0.0161

	Loss on validation set after epoch 83: 0.0160

Epoch 84
	Step 0: mean loss = 0.0199
	Step 50: mean loss = 0.0160
	Step 100: mean loss = 0.0159
	Step 150: mean loss = 0.0160

	Loss on validation set after epoch 84: 0.0158

Epoch 85
	Step 0: mean loss = 0.0189
	Step 50: mean loss = 0.0158
	Step 100: mean loss = 0.0158
	Step 150: mean loss = 0.0157

	Loss on validation set after epoch 85: 0.0151

Epoch 86
	Step 0: mean loss = 0.0158
	Step 50: mean loss = 0.0159
	Step 100: mean loss = 0.0157
	Step 150: mean loss = 0.0158

	Loss on validation set after epoch 86: 0.0149

Epoch 87
	Step 0: mean loss = 0.0143
	Step 50: mean loss = 0.0157
	Step 100: mean loss = 0.0156
	Step 150: mean loss = 0.0157

	Loss on validation set after epoch 87: 0.0168

Epoch 88
	Step 0: mean loss = 0.0142
	Step 50: mean loss = 0.0157
	Step 100: mean loss = 0.0155
	Step 150: mean loss = 0.0154

	Loss on validation set after epoch 88: 0.0156

Epoch 89
	Step 0: mean loss = 0.0119
	Step 50: mean loss = 0.0155
	Step 100: mean loss = 0.0155
	Step 150: mean loss = 0.0155

	Loss on validation set after epoch 89: 0.0149

Epoch 90
	Step 0: mean loss = 0.0138
	Step 50: mean loss = 0.0156
	Step 100: mean loss = 0.0156
	Step 150: mean loss = 0.0155

	Loss on validation set after epoch 90: 0.0149

Epoch 91
	Step 0: mean loss = 0.0183
	Step 50: mean loss = 0.0152
	Step 100: mean loss = 0.0152
	Step 150: mean loss = 0.0151

	Loss on validation set after epoch 91: 0.0143

Epoch 92
	Step 0: mean loss = 0.0121
	Step 50: mean loss = 0.0151
	Step 100: mean loss = 0.0151
	Step 150: mean loss = 0.0152

	Loss on validation set after epoch 92: 0.0149

Epoch 93
	Step 0: mean loss = 0.0167
	Step 50: mean loss = 0.0152
	Step 100: mean loss = 0.0152
	Step 150: mean loss = 0.0151

	Loss on validation set after epoch 93: 0.0152

Epoch 94
	Step 0: mean loss = 0.0143
	Step 50: mean loss = 0.0152
	Step 100: mean loss = 0.0150
	Step 150: mean loss = 0.0150

	Loss on validation set after epoch 94: 0.0144

Epoch 95
	Step 0: mean loss = 0.0174
	Step 50: mean loss = 0.0151
	Step 100: mean loss = 0.0150
	Step 150: mean loss = 0.0150

	Loss on validation set after epoch 95: 0.0146

Epoch 96
	Step 0: mean loss = 0.0129
	Step 50: mean loss = 0.0149
	Step 100: mean loss = 0.0147
	Step 150: mean loss = 0.0147

	Loss on validation set after epoch 96: 0.0149

Epoch 97
	Step 0: mean loss = 0.0140
	Step 50: mean loss = 0.0147
	Step 100: mean loss = 0.0148
	Step 150: mean loss = 0.0148

	Loss on validation set after epoch 97: 0.0143

Epoch 98
	Step 0: mean loss = 0.0140
	Step 50: mean loss = 0.0145
	Step 100: mean loss = 0.0145
	Step 150: mean loss = 0.0145

	Loss on validation set after epoch 98: 0.0146

Epoch 99
	Step 0: mean loss = 0.0164
	Step 50: mean loss = 0.0147
	Step 100: mean loss = 0.0146
	Step 150: mean loss = 0.0146

	Loss on validation set after epoch 99: 0.0144

Epoch 100
	Step 0: mean loss = 0.0140
	Step 50: mean loss = 0.0145
	Step 100: mean loss = 0.0145
	Step 150: mean loss = 0.0144

	Loss on validation set after epoch 100: 0.0142

Epoch 101
	Step 0: mean loss = 0.0141
	Step 50: mean loss = 0.0144
	Step 100: mean loss = 0.0144
	Step 150: mean loss = 0.0145

	Loss on validation set after epoch 101: 0.0142

Epoch 102
	Step 0: mean loss = 0.0144
	Step 50: mean loss = 0.0146
	Step 100: mean loss = 0.0144
	Step 150: mean loss = 0.0145

	Loss on validation set after epoch 102: 0.0137

Epoch 103
	Step 0: mean loss = 0.0147
	Step 50: mean loss = 0.0142
	Step 100: mean loss = 0.0141
	Step 150: mean loss = 0.0141

	Loss on validation set after epoch 103: 0.0132

Epoch 104
	Step 0: mean loss = 0.0143
	Step 50: mean loss = 0.0140
	Step 100: mean loss = 0.0141
	Step 150: mean loss = 0.0141

	Loss on validation set after epoch 104: 0.0137

Epoch 105
	Step 0: mean loss = 0.0137
	Step 50: mean loss = 0.0140
	Step 100: mean loss = 0.0140
	Step 150: mean loss = 0.0139

	Loss on validation set after epoch 105: 0.0131

Epoch 106
	Step 0: mean loss = 0.0131
	Step 50: mean loss = 0.0138
	Step 100: mean loss = 0.0139
	Step 150: mean loss = 0.0138

	Loss on validation set after epoch 106: 0.0136

Epoch 107
	Step 0: mean loss = 0.0123
	Step 50: mean loss = 0.0140
	Step 100: mean loss = 0.0139
	Step 150: mean loss = 0.0138

	Loss on validation set after epoch 107: 0.0136

Epoch 108
	Step 0: mean loss = 0.0134
	Step 50: mean loss = 0.0135
	Step 100: mean loss = 0.0136
	Step 150: mean loss = 0.0135

	Loss on validation set after epoch 108: 0.0134

Epoch 109
	Step 0: mean loss = 0.0146
	Step 50: mean loss = 0.0135
	Step 100: mean loss = 0.0134
	Step 150: mean loss = 0.0135

	Loss on validation set after epoch 109: 0.0128

Epoch 110
	Step 0: mean loss = 0.0126
	Step 50: mean loss = 0.0134
	Step 100: mean loss = 0.0134
	Step 150: mean loss = 0.0134

	Loss on validation set after epoch 110: 0.0132

Epoch 111
	Step 0: mean loss = 0.0153
	Step 50: mean loss = 0.0134
	Step 100: mean loss = 0.0134
	Step 150: mean loss = 0.0133

	Loss on validation set after epoch 111: 0.0134

Epoch 112
	Step 0: mean loss = 0.0149
	Step 50: mean loss = 0.0131
	Step 100: mean loss = 0.0131
	Step 150: mean loss = 0.0131

	Loss on validation set after epoch 112: 0.0122

Epoch 113
	Step 0: mean loss = 0.0149
	Step 50: mean loss = 0.0159
	Step 100: mean loss = 0.0147
	Step 150: mean loss = 0.0141

	Loss on validation set after epoch 113: 0.0124

Epoch 114
	Step 0: mean loss = 0.0121
	Step 50: mean loss = 0.0129
	Step 100: mean loss = 0.0129
	Step 150: mean loss = 0.0129

	Loss on validation set after epoch 114: 0.0126

Epoch 115
	Step 0: mean loss = 0.0119
	Step 50: mean loss = 0.0131
	Step 100: mean loss = 0.0130
	Step 150: mean loss = 0.0129

	Loss on validation set after epoch 115: 0.0129

Epoch 116
	Step 0: mean loss = 0.0167
	Step 50: mean loss = 0.0128
	Step 100: mean loss = 0.0128
	Step 150: mean loss = 0.0129

	Loss on validation set after epoch 116: 0.0126

Epoch 117
	Step 0: mean loss = 0.0128
	Step 50: mean loss = 0.0127
	Step 100: mean loss = 0.0128
	Step 150: mean loss = 0.0127

	Loss on validation set after epoch 117: 0.0123

Epoch 118
	Step 0: mean loss = 0.0106
	Step 50: mean loss = 0.0128
	Step 100: mean loss = 0.0127
	Step 150: mean loss = 0.0127

	Loss on validation set after epoch 118: 0.0123

Epoch 119
	Step 0: mean loss = 0.0130
	Step 50: mean loss = 0.0126
	Step 100: mean loss = 0.0126
	Step 150: mean loss = 0.0126

	Loss on validation set after epoch 119: 0.0123

Epoch 120
	Step 0: mean loss = 0.0113
	Step 50: mean loss = 0.0125
	Step 100: mean loss = 0.0125
	Step 150: mean loss = 0.0125

	Loss on validation set after epoch 120: 0.0131

Epoch 121
	Step 0: mean loss = 0.0138
	Step 50: mean loss = 0.0125
	Step 100: mean loss = 0.0127
	Step 150: mean loss = 0.0126

	Loss on validation set after epoch 121: 0.0119

Epoch 122
	Step 0: mean loss = 0.0122
	Step 50: mean loss = 0.0124
	Step 100: mean loss = 0.0124
	Step 150: mean loss = 0.0123

	Loss on validation set after epoch 122: 0.0119

Epoch 123
	Step 0: mean loss = 0.0122
	Step 50: mean loss = 0.0125
	Step 100: mean loss = 0.0125
	Step 150: mean loss = 0.0124

	Loss on validation set after epoch 123: 0.0118

Epoch 124
	Step 0: mean loss = 0.0118
	Step 50: mean loss = 0.0123
	Step 100: mean loss = 0.0123
	Step 150: mean loss = 0.0123

	Loss on validation set after epoch 124: 0.0115

Epoch 125
	Step 0: mean loss = 0.0123
	Step 50: mean loss = 0.0123
	Step 100: mean loss = 0.0122
	Step 150: mean loss = 0.0121

	Loss on validation set after epoch 125: 0.0127

Epoch 126
	Step 0: mean loss = 0.0146
	Step 50: mean loss = 0.0121
	Step 100: mean loss = 0.0121
	Step 150: mean loss = 0.0121

	Loss on validation set after epoch 126: 0.0115

Epoch 127
	Step 0: mean loss = 0.0136
	Step 50: mean loss = 0.0119
	Step 100: mean loss = 0.0121
	Step 150: mean loss = 0.0120

	Loss on validation set after epoch 127: 0.0117

Epoch 128
	Step 0: mean loss = 0.0104
	Step 50: mean loss = 0.0119
	Step 100: mean loss = 0.0120
	Step 150: mean loss = 0.0119

	Loss on validation set after epoch 128: 0.0114

Epoch 129
	Step 0: mean loss = 0.0151
	Step 50: mean loss = 0.0118
	Step 100: mean loss = 0.0119
	Step 150: mean loss = 0.0118

	Loss on validation set after epoch 129: 0.0114

Epoch 130
	Step 0: mean loss = 0.0126
	Step 50: mean loss = 0.0118
	Step 100: mean loss = 0.0120
	Step 150: mean loss = 0.0119

	Loss on validation set after epoch 130: 0.0124

Epoch 131
	Step 0: mean loss = 0.0126
	Step 50: mean loss = 0.0133
	Step 100: mean loss = 0.0125
	Step 150: mean loss = 0.0121

	Loss on validation set after epoch 131: 0.0118

Epoch 132
	Step 0: mean loss = 0.0117
	Step 50: mean loss = 0.0114
	Step 100: mean loss = 0.0115
	Step 150: mean loss = 0.0114

	Loss on validation set after epoch 132: 0.0112

Epoch 133
	Step 0: mean loss = 0.0120
	Step 50: mean loss = 0.0115
	Step 100: mean loss = 0.0115
	Step 150: mean loss = 0.0114

	Loss on validation set after epoch 133: 0.0115

Epoch 134
	Step 0: mean loss = 0.0107
	Step 50: mean loss = 0.0114
	Step 100: mean loss = 0.0114
	Step 150: mean loss = 0.0113

	Loss on validation set after epoch 134: 0.0107

Epoch 135
	Step 0: mean loss = 0.0119
	Step 50: mean loss = 0.0112
	Step 100: mean loss = 0.0114
	Step 150: mean loss = 0.0113

	Loss on validation set after epoch 135: 0.0107

Epoch 136
	Step 0: mean loss = 0.0102
	Step 50: mean loss = 0.0110
	Step 100: mean loss = 0.0110
	Step 150: mean loss = 0.0110

	Loss on validation set after epoch 136: 0.0113

Epoch 137
	Step 0: mean loss = 0.0106
	Step 50: mean loss = 0.0111
	Step 100: mean loss = 0.0111
	Step 150: mean loss = 0.0118

	Loss on validation set after epoch 137: 0.0111

Epoch 138
	Step 0: mean loss = 0.0114
	Step 50: mean loss = 0.0111
	Step 100: mean loss = 0.0111
	Step 150: mean loss = 0.0109

	Loss on validation set after epoch 138: 0.0108

Epoch 139
	Step 0: mean loss = 0.0098
	Step 50: mean loss = 0.0106
	Step 100: mean loss = 0.0108
	Step 150: mean loss = 0.0107

	Loss on validation set after epoch 139: 0.0105

Epoch 140
	Step 0: mean loss = 0.0131
	Step 50: mean loss = 0.0106
	Step 100: mean loss = 0.0106
	Step 150: mean loss = 0.0106

	Loss on validation set after epoch 140: 0.0102

Epoch 141
	Step 0: mean loss = 0.0104
	Step 50: mean loss = 0.0106
	Step 100: mean loss = 0.0106
	Step 150: mean loss = 0.0106

	Loss on validation set after epoch 141: 0.0105

Epoch 142
	Step 0: mean loss = 0.0111
	Step 50: mean loss = 0.0106
	Step 100: mean loss = 0.0105
	Step 150: mean loss = 0.0105

	Loss on validation set after epoch 142: 0.0101

Epoch 143
	Step 0: mean loss = 0.0095
	Step 50: mean loss = 0.0104
	Step 100: mean loss = 0.0105
	Step 150: mean loss = 0.0104

	Loss on validation set after epoch 143: 0.0099

Epoch 144
	Step 0: mean loss = 0.0098
	Step 50: mean loss = 0.0104
	Step 100: mean loss = 0.0105
	Step 150: mean loss = 0.0103

	Loss on validation set after epoch 144: 0.0100

Epoch 145
	Step 0: mean loss = 0.0102
	Step 50: mean loss = 0.0102
	Step 100: mean loss = 0.0103
	Step 150: mean loss = 0.0102

	Loss on validation set after epoch 145: 0.0099

Epoch 146
	Step 0: mean loss = 0.0094
	Step 50: mean loss = 0.0101
	Step 100: mean loss = 0.0102
	Step 150: mean loss = 0.0101

	Loss on validation set after epoch 146: 0.0097

Epoch 147
	Step 0: mean loss = 0.0100
	Step 50: mean loss = 0.0101
	Step 100: mean loss = 0.0101
	Step 150: mean loss = 0.0100

	Loss on validation set after epoch 147: 0.0097

Epoch 148
	Step 0: mean loss = 0.0100
	Step 50: mean loss = 0.0100
	Step 100: mean loss = 0.0101
	Step 150: mean loss = 0.0100

	Loss on validation set after epoch 148: 0.0102

Epoch 149
	Step 0: mean loss = 0.0095
	Step 50: mean loss = 0.0098
	Step 100: mean loss = 0.0099
	Step 150: mean loss = 0.0099

	Loss on validation set after epoch 149: 0.0100

Epoch 150
	Step 0: mean loss = 0.0082
	Step 50: mean loss = 0.0098
	Step 100: mean loss = 0.0098
	Step 150: mean loss = 0.0097

	Loss on validation set after epoch 150: 0.0092

Epoch 151
	Step 0: mean loss = 0.0107
	Step 50: mean loss = 0.0101
	Step 100: mean loss = 0.0102
	Step 150: mean loss = 0.0100

	Loss on validation set after epoch 151: 0.0093

Epoch 152
	Step 0: mean loss = 0.0098
	Step 50: mean loss = 0.0096
	Step 100: mean loss = 0.0097
	Step 150: mean loss = 0.0100

	Loss on validation set after epoch 152: 0.0106

Epoch 153
	Step 0: mean loss = 0.0109
	Step 50: mean loss = 0.0097
	Step 100: mean loss = 0.0097
	Step 150: mean loss = 0.0096

	Loss on validation set after epoch 153: 0.0091

Epoch 154
	Step 0: mean loss = 0.0090
	Step 50: mean loss = 0.0096
	Step 100: mean loss = 0.0096
	Step 150: mean loss = 0.0095

	Loss on validation set after epoch 154: 0.0099

Epoch 155
	Step 0: mean loss = 0.0101
	Step 50: mean loss = 0.0095
	Step 100: mean loss = 0.0095
	Step 150: mean loss = 0.0094

	Loss on validation set after epoch 155: 0.0090

Epoch 156
	Step 0: mean loss = 0.0099
	Step 50: mean loss = 0.0095
	Step 100: mean loss = 0.0095
	Step 150: mean loss = 0.0094

	Loss on validation set after epoch 156: 0.0093

Epoch 157
	Step 0: mean loss = 0.0104
	Step 50: mean loss = 0.0096
	Step 100: mean loss = 0.0096
	Step 150: mean loss = 0.0094

	Loss on validation set after epoch 157: 0.0089

Epoch 158
	Step 0: mean loss = 0.0086
	Step 50: mean loss = 0.0093
	Step 100: mean loss = 0.0093
	Step 150: mean loss = 0.0093

	Loss on validation set after epoch 158: 0.0091

Epoch 159
	Step 0: mean loss = 0.0106
	Step 50: mean loss = 0.0092
	Step 100: mean loss = 0.0093
	Step 150: mean loss = 0.0093

	Loss on validation set after epoch 159: 0.0093

Epoch 160
	Step 0: mean loss = 0.0109
	Step 50: mean loss = 0.0093
	Step 100: mean loss = 0.0093
	Step 150: mean loss = 0.0093

	Loss on validation set after epoch 160: 0.0093

Epoch 161
	Step 0: mean loss = 0.0109
	Step 50: mean loss = 0.0091
	Step 100: mean loss = 0.0093
	Step 150: mean loss = 0.0092

	Loss on validation set after epoch 161: 0.0090

Epoch 162
	Step 0: mean loss = 0.0088
	Step 50: mean loss = 0.0091
	Step 100: mean loss = 0.0092
	Step 150: mean loss = 0.0091

	Loss on validation set after epoch 162: 0.0092

Epoch 163
	Step 0: mean loss = 0.0089
	Step 50: mean loss = 0.0092
	Step 100: mean loss = 0.0091
	Step 150: mean loss = 0.0091

	Loss on validation set after epoch 163: 0.0092

Epoch 164
	Step 0: mean loss = 0.0073
	Step 50: mean loss = 0.0091
	Step 100: mean loss = 0.0091
	Step 150: mean loss = 0.0090

	Loss on validation set after epoch 164: 0.0089

Epoch 165
	Step 0: mean loss = 0.0081
	Step 50: mean loss = 0.0090
	Step 100: mean loss = 0.0091
	Step 150: mean loss = 0.0090

	Loss on validation set after epoch 165: 0.0087

Epoch 166
	Step 0: mean loss = 0.0099
	Step 50: mean loss = 0.0090
	Step 100: mean loss = 0.0090
	Step 150: mean loss = 0.0090

	Loss on validation set after epoch 166: 0.0087

Epoch 167
	Step 0: mean loss = 0.0096
	Step 50: mean loss = 0.0089
	Step 100: mean loss = 0.0099
	Step 150: mean loss = 0.0096

	Loss on validation set after epoch 167: 0.0087

Epoch 168
	Step 0: mean loss = 0.0099
	Step 50: mean loss = 0.0090
	Step 100: mean loss = 0.0089
	Step 150: mean loss = 0.0088

	Loss on validation set after epoch 168: 0.0086

Epoch 169
	Step 0: mean loss = 0.0088
	Step 50: mean loss = 0.0088
	Step 100: mean loss = 0.0088
	Step 150: mean loss = 0.0088

	Loss on validation set after epoch 169: 0.0085

Epoch 170
	Step 0: mean loss = 0.0088
	Step 50: mean loss = 0.0087
	Step 100: mean loss = 0.0088
	Step 150: mean loss = 0.0087

	Loss on validation set after epoch 170: 0.0087

Epoch 171
	Step 0: mean loss = 0.0082
	Step 50: mean loss = 0.0088
	Step 100: mean loss = 0.0088
	Step 150: mean loss = 0.0087

	Loss on validation set after epoch 171: 0.0086

Epoch 172
	Step 0: mean loss = 0.0099
	Step 50: mean loss = 0.0088
	Step 100: mean loss = 0.0087
	Step 150: mean loss = 0.0087

	Loss on validation set after epoch 172: 0.0089

Epoch 173
	Step 0: mean loss = 0.0108
	Step 50: mean loss = 0.0088
	Step 100: mean loss = 0.0087
	Step 150: mean loss = 0.0087

	Loss on validation set after epoch 173: 0.0087

Epoch 174
	Step 0: mean loss = 0.0091
	Step 50: mean loss = 0.0086
	Step 100: mean loss = 0.0087
	Step 150: mean loss = 0.0086

	Loss on validation set after epoch 174: 0.0081

Epoch 175
	Step 0: mean loss = 0.0083
	Step 50: mean loss = 0.0086
	Step 100: mean loss = 0.0087
	Step 150: mean loss = 0.0086

	Loss on validation set after epoch 175: 0.0085

Epoch 176
	Step 0: mean loss = 0.0085
	Step 50: mean loss = 0.0086
	Step 100: mean loss = 0.0086
	Step 150: mean loss = 0.0085

	Loss on validation set after epoch 176: 0.0085

Epoch 177
	Step 0: mean loss = 0.0072
	Step 50: mean loss = 0.0085
	Step 100: mean loss = 0.0086
	Step 150: mean loss = 0.0086

	Loss on validation set after epoch 177: 0.0083

Epoch 178
	Step 0: mean loss = 0.0075
	Step 50: mean loss = 0.0085
	Step 100: mean loss = 0.0086
	Step 150: mean loss = 0.0085

	Loss on validation set after epoch 178: 0.0083

Epoch 179
	Step 0: mean loss = 0.0093
	Step 50: mean loss = 0.0084
	Step 100: mean loss = 0.0085
	Step 150: mean loss = 0.0085

	Loss on validation set after epoch 179: 0.0081

Epoch 180
	Step 0: mean loss = 0.0088
	Step 50: mean loss = 0.0084
	Step 100: mean loss = 0.0084
	Step 150: mean loss = 0.0083

	Loss on validation set after epoch 180: 0.0080

Epoch 181
	Step 0: mean loss = 0.0078
	Step 50: mean loss = 0.0084
	Step 100: mean loss = 0.0084
	Step 150: mean loss = 0.0083

	Loss on validation set after epoch 181: 0.0082

Epoch 182
	Step 0: mean loss = 0.0074
	Step 50: mean loss = 0.0084
	Step 100: mean loss = 0.0084
	Step 150: mean loss = 0.0083

	Loss on validation set after epoch 182: 0.0081

Epoch 183
	Step 0: mean loss = 0.0079
	Step 50: mean loss = 0.0083
	Step 100: mean loss = 0.0083
	Step 150: mean loss = 0.0082

	Loss on validation set after epoch 183: 0.0079

Epoch 184
	Step 0: mean loss = 0.0071
	Step 50: mean loss = 0.0081
	Step 100: mean loss = 0.0082
	Step 150: mean loss = 0.0081

	Loss on validation set after epoch 184: 0.0080

Epoch 185
	Step 0: mean loss = 0.0086
	Step 50: mean loss = 0.0081
	Step 100: mean loss = 0.0081
	Step 150: mean loss = 0.0080

	Loss on validation set after epoch 185: 0.0082

Epoch 186
	Step 0: mean loss = 0.0087
	Step 50: mean loss = 0.0082
	Step 100: mean loss = 0.0081
	Step 150: mean loss = 0.0080

	Loss on validation set after epoch 186: 0.0078

Epoch 187
	Step 0: mean loss = 0.0069
	Step 50: mean loss = 0.0079
	Step 100: mean loss = 0.0080
	Step 150: mean loss = 0.0079

	Loss on validation set after epoch 187: 0.0077

Epoch 188
	Step 0: mean loss = 0.0087
	Step 50: mean loss = 0.0080
	Step 100: mean loss = 0.0080
	Step 150: mean loss = 0.0078

	Loss on validation set after epoch 188: 0.0081

Epoch 189
	Step 0: mean loss = 0.0081
	Step 50: mean loss = 0.0078
	Step 100: mean loss = 0.0078
	Step 150: mean loss = 0.0077

	Loss on validation set after epoch 189: 0.0073

Epoch 190
	Step 0: mean loss = 0.0072
	Step 50: mean loss = 0.0076
	Step 100: mean loss = 0.0076
	Step 150: mean loss = 0.0074

	Loss on validation set after epoch 190: 0.0069

Epoch 191
	Step 0: mean loss = 0.0063
	Step 50: mean loss = 0.0072
	Step 100: mean loss = 0.0073
	Step 150: mean loss = 0.0072

	Loss on validation set after epoch 191: 0.0068

Epoch 192
	Step 0: mean loss = 0.0052
	Step 50: mean loss = 0.0071
	Step 100: mean loss = 0.0072
	Step 150: mean loss = 0.0071

	Loss on validation set after epoch 192: 0.0073

Epoch 193
	Step 0: mean loss = 0.0076
	Step 50: mean loss = 0.0071
	Step 100: mean loss = 0.0071
	Step 150: mean loss = 0.0070

	Loss on validation set after epoch 193: 0.0069

Epoch 194
	Step 0: mean loss = 0.0081
	Step 50: mean loss = 0.0070
	Step 100: mean loss = 0.0071
	Step 150: mean loss = 0.0070

	Loss on validation set after epoch 194: 0.0071

Epoch 195
	Step 0: mean loss = 0.0055
	Step 50: mean loss = 0.0070
	Step 100: mean loss = 0.0070
	Step 150: mean loss = 0.0069

	Loss on validation set after epoch 195: 0.0076

Epoch 196
	Step 0: mean loss = 0.0072
	Step 50: mean loss = 0.0070
	Step 100: mean loss = 0.0070
	Step 150: mean loss = 0.0069

	Loss on validation set after epoch 196: 0.0069

Epoch 197
	Step 0: mean loss = 0.0066
	Step 50: mean loss = 0.0069
	Step 100: mean loss = 0.0070
	Step 150: mean loss = 0.0069

	Loss on validation set after epoch 197: 0.0069

Epoch 198
	Step 0: mean loss = 0.0075
	Step 50: mean loss = 0.0069
	Step 100: mean loss = 0.0069
	Step 150: mean loss = 0.0069

	Loss on validation set after epoch 198: 0.0070

Epoch 199
	Step 0: mean loss = 0.0087
	Step 50: mean loss = 0.0069
	Step 100: mean loss = 0.0069
	Step 150: mean loss = 0.0068

	Loss on validation set after epoch 199: 0.0066

Epoch 200
	Step 0: mean loss = 0.0067
	Step 50: mean loss = 0.0068
	Step 100: mean loss = 0.0069
	Step 150: mean loss = 0.0068

	Loss on validation set after epoch 200: 0.0068

Epoch 201
	Step 0: mean loss = 0.0082
	Step 50: mean loss = 0.0069
	Step 100: mean loss = 0.0069
	Step 150: mean loss = 0.0067

	Loss on validation set after epoch 201: 0.0066

Epoch 202
	Step 0: mean loss = 0.0073
	Step 50: mean loss = 0.0067
	Step 100: mean loss = 0.0068
	Step 150: mean loss = 0.0067

	Loss on validation set after epoch 202: 0.0068

Epoch 203
	Step 0: mean loss = 0.0065
	Step 50: mean loss = 0.0068
	Step 100: mean loss = 0.0069
	Step 150: mean loss = 0.0068

	Loss on validation set after epoch 203: 0.0069

Epoch 204
	Step 0: mean loss = 0.0088
	Step 50: mean loss = 0.0068
	Step 100: mean loss = 0.0068
	Step 150: mean loss = 0.0067

	Loss on validation set after epoch 204: 0.0066

Epoch 205
	Step 0: mean loss = 0.0076
	Step 50: mean loss = 0.0067
	Step 100: mean loss = 0.0067
	Step 150: mean loss = 0.0066

	Loss on validation set after epoch 205: 0.0066

Epoch 206
	Step 0: mean loss = 0.0068
	Step 50: mean loss = 0.0066
	Step 100: mean loss = 0.0067
	Step 150: mean loss = 0.0066

	Loss on validation set after epoch 206: 0.0066

Epoch 207
	Step 0: mean loss = 0.0053
	Step 50: mean loss = 0.0066
	Step 100: mean loss = 0.0067
	Step 150: mean loss = 0.0066

	Loss on validation set after epoch 207: 0.0064

Epoch 208
	Step 0: mean loss = 0.0067
	Step 50: mean loss = 0.0066
	Step 100: mean loss = 0.0067
	Step 150: mean loss = 0.0065

	Loss on validation set after epoch 208: 0.0066

Epoch 209
	Step 0: mean loss = 0.0053
	Step 50: mean loss = 0.0066
	Step 100: mean loss = 0.0066
	Step 150: mean loss = 0.0065

	Loss on validation set after epoch 209: 0.0067

Epoch 210
	Step 0: mean loss = 0.0059
	Step 50: mean loss = 0.0066
	Step 100: mean loss = 0.0066
	Step 150: mean loss = 0.0065

	Loss on validation set after epoch 210: 0.0063

Epoch 211
	Step 0: mean loss = 0.0062
	Step 50: mean loss = 0.0065
	Step 100: mean loss = 0.0065
	Step 150: mean loss = 0.0065

	Loss on validation set after epoch 211: 0.0067

Epoch 212
	Step 0: mean loss = 0.0067
	Step 50: mean loss = 0.0065
	Step 100: mean loss = 0.0065
	Step 150: mean loss = 0.0065

	Loss on validation set after epoch 212: 0.0065

Epoch 213
	Step 0: mean loss = 0.0065
	Step 50: mean loss = 0.0064
	Step 100: mean loss = 0.0066
	Step 150: mean loss = 0.0065

	Loss on validation set after epoch 213: 0.0062

Epoch 214
	Step 0: mean loss = 0.0065
	Step 50: mean loss = 0.0064
	Step 100: mean loss = 0.0065
	Step 150: mean loss = 0.0064

	Loss on validation set after epoch 214: 0.0065

Epoch 215
	Step 0: mean loss = 0.0073
	Step 50: mean loss = 0.0063
	Step 100: mean loss = 0.0064
	Step 150: mean loss = 0.0062

	Loss on validation set after epoch 215: 0.0057

Epoch 216
	Step 0: mean loss = 0.0054
	Step 50: mean loss = 0.0055
	Step 100: mean loss = 0.0055
	Step 150: mean loss = 0.0054

	Loss on validation set after epoch 216: 0.0053

Epoch 217
	Step 0: mean loss = 0.0065
	Step 50: mean loss = 0.0053
	Step 100: mean loss = 0.0053
	Step 150: mean loss = 0.0052

	Loss on validation set after epoch 217: 0.0054

Epoch 218
	Step 0: mean loss = 0.0049
	Step 50: mean loss = 0.0051
	Step 100: mean loss = 0.0052
	Step 150: mean loss = 0.0052

	Loss on validation set after epoch 218: 0.0055

Epoch 219
	Step 0: mean loss = 0.0045
	Step 50: mean loss = 0.0051
	Step 100: mean loss = 0.0052
	Step 150: mean loss = 0.0051

	Loss on validation set after epoch 219: 0.0052

Epoch 220
	Step 0: mean loss = 0.0047
	Step 50: mean loss = 0.0051
	Step 100: mean loss = 0.0052
	Step 150: mean loss = 0.0051

	Loss on validation set after epoch 220: 0.0051

Epoch 221
	Step 0: mean loss = 0.0048
	Step 50: mean loss = 0.0050
	Step 100: mean loss = 0.0051
	Step 150: mean loss = 0.0050

	Loss on validation set after epoch 221: 0.0054

Epoch 222
	Step 0: mean loss = 0.0059
	Step 50: mean loss = 0.0050
	Step 100: mean loss = 0.0050
	Step 150: mean loss = 0.0050

	Loss on validation set after epoch 222: 0.0052

Epoch 223
	Step 0: mean loss = 0.0063
	Step 50: mean loss = 0.0051
	Step 100: mean loss = 0.0050
	Step 150: mean loss = 0.0050

	Loss on validation set after epoch 223: 0.0051

Epoch 224
	Step 0: mean loss = 0.0046
	Step 50: mean loss = 0.0049
	Step 100: mean loss = 0.0049
	Step 150: mean loss = 0.0049

	Loss on validation set after epoch 224: 0.0054

Epoch 225
	Step 0: mean loss = 0.0050
	Step 50: mean loss = 0.0049
	Step 100: mean loss = 0.0049
	Step 150: mean loss = 0.0049

	Loss on validation set after epoch 225: 0.0050

Epoch 226
	Step 0: mean loss = 0.0047
	Step 50: mean loss = 0.0048
	Step 100: mean loss = 0.0049
	Step 150: mean loss = 0.0049

	Loss on validation set after epoch 226: 0.0051

Epoch 227
	Step 0: mean loss = 0.0057
	Step 50: mean loss = 0.0048
	Step 100: mean loss = 0.0049
	Step 150: mean loss = 0.0048

	Loss on validation set after epoch 227: 0.0048

Epoch 228
	Step 0: mean loss = 0.0046
	Step 50: mean loss = 0.0048
	Step 100: mean loss = 0.0049
	Step 150: mean loss = 0.0048

	Loss on validation set after epoch 228: 0.0049

Epoch 229
	Step 0: mean loss = 0.0049
	Step 50: mean loss = 0.0049
	Step 100: mean loss = 0.0049
	Step 150: mean loss = 0.0048

	Loss on validation set after epoch 229: 0.0050

Epoch 230
	Step 0: mean loss = 0.0046
	Step 50: mean loss = 0.0047
	Step 100: mean loss = 0.0048
	Step 150: mean loss = 0.0048

	Loss on validation set after epoch 230: 0.0048

Epoch 231
	Step 0: mean loss = 0.0042
	Step 50: mean loss = 0.0047
	Step 100: mean loss = 0.0048
	Step 150: mean loss = 0.0048

	Loss on validation set after epoch 231: 0.0049

Epoch 232
	Step 0: mean loss = 0.0037
	Step 50: mean loss = 0.0047
	Step 100: mean loss = 0.0047
	Step 150: mean loss = 0.0047

	Loss on validation set after epoch 232: 0.0048

Epoch 233
	Step 0: mean loss = 0.0043
	Step 50: mean loss = 0.0046
	Step 100: mean loss = 0.0047
	Step 150: mean loss = 0.0047

	Loss on validation set after epoch 233: 0.0050

Epoch 234
	Step 0: mean loss = 0.0042
	Step 50: mean loss = 0.0047
	Step 100: mean loss = 0.0047
	Step 150: mean loss = 0.0047

	Loss on validation set after epoch 234: 0.0049

Epoch 235
	Step 0: mean loss = 0.0051
	Step 50: mean loss = 0.0046
	Step 100: mean loss = 0.0047
	Step 150: mean loss = 0.0046

	Loss on validation set after epoch 235: 0.0047

Epoch 236
	Step 0: mean loss = 0.0047
	Step 50: mean loss = 0.0046
	Step 100: mean loss = 0.0046
	Step 150: mean loss = 0.0046

	Loss on validation set after epoch 236: 0.0048

Epoch 237
	Step 0: mean loss = 0.0041
	Step 50: mean loss = 0.0045
	Step 100: mean loss = 0.0045
	Step 150: mean loss = 0.0045

	Loss on validation set after epoch 237: 0.0045

Epoch 238
	Step 0: mean loss = 0.0042
	Step 50: mean loss = 0.0044
	Step 100: mean loss = 0.0045
	Step 150: mean loss = 0.0045

	Loss on validation set after epoch 238: 0.0046

Epoch 239
	Step 0: mean loss = 0.0043
	Step 50: mean loss = 0.0044
	Step 100: mean loss = 0.0045
	Step 150: mean loss = 0.0044

	Loss on validation set after epoch 239: 0.0045

Epoch 240
	Step 0: mean loss = 0.0041
	Step 50: mean loss = 0.0044
	Step 100: mean loss = 0.0044
	Step 150: mean loss = 0.0044

	Loss on validation set after epoch 240: 0.0045

Epoch 241
	Step 0: mean loss = 0.0039
	Step 50: mean loss = 0.0044
	Step 100: mean loss = 0.0044
	Step 150: mean loss = 0.0044

	Loss on validation set after epoch 241: 0.0045

Epoch 242
	Step 0: mean loss = 0.0055
	Step 50: mean loss = 0.0043
	Step 100: mean loss = 0.0044
	Step 150: mean loss = 0.0044

	Loss on validation set after epoch 242: 0.0045

Epoch 243
	Step 0: mean loss = 0.0046
	Step 50: mean loss = 0.0043
	Step 100: mean loss = 0.0044
	Step 150: mean loss = 0.0044

	Loss on validation set after epoch 243: 0.0044

Epoch 244
	Step 0: mean loss = 0.0043
	Step 50: mean loss = 0.0043
	Step 100: mean loss = 0.0044
	Step 150: mean loss = 0.0044

	Loss on validation set after epoch 244: 0.0045

Epoch 245
	Step 0: mean loss = 0.0040
	Step 50: mean loss = 0.0043
	Step 100: mean loss = 0.0044
	Step 150: mean loss = 0.0044

	Loss on validation set after epoch 245: 0.0047

Epoch 246
	Step 0: mean loss = 0.0044
	Step 50: mean loss = 0.0043
	Step 100: mean loss = 0.0044
	Step 150: mean loss = 0.0043

	Loss on validation set after epoch 246: 0.0047

Epoch 247
	Step 0: mean loss = 0.0053
	Step 50: mean loss = 0.0043
	Step 100: mean loss = 0.0044
	Step 150: mean loss = 0.0043

	Loss on validation set after epoch 247: 0.0045

Epoch 248
	Step 0: mean loss = 0.0039
	Step 50: mean loss = 0.0043
	Step 100: mean loss = 0.0044
	Step 150: mean loss = 0.0043

	Loss on validation set after epoch 248: 0.0044

Epoch 249
	Step 0: mean loss = 0.0038
	Step 50: mean loss = 0.0043
	Step 100: mean loss = 0.0043
	Step 150: mean loss = 0.0043

	Loss on validation set after epoch 249: 0.0044

Epoch 250
	Step 0: mean loss = 0.0031
	Step 50: mean loss = 0.0043
	Step 100: mean loss = 0.0043
	Step 150: mean loss = 0.0043

	Loss on validation set after epoch 250: 0.0043

Epoch 251
	Step 0: mean loss = 0.0040
	Step 50: mean loss = 0.0042
	Step 100: mean loss = 0.0043
	Step 150: mean loss = 0.0043

	Loss on validation set after epoch 251: 0.0044

Epoch 252
	Step 0: mean loss = 0.0040
	Step 50: mean loss = 0.0042
	Step 100: mean loss = 0.0043
	Step 150: mean loss = 0.0043

	Loss on validation set after epoch 252: 0.0044

Epoch 253
	Step 0: mean loss = 0.0049
	Step 50: mean loss = 0.0042
	Step 100: mean loss = 0.0043
	Step 150: mean loss = 0.0043

	Loss on validation set after epoch 253: 0.0043

Epoch 254
	Step 0: mean loss = 0.0039
	Step 50: mean loss = 0.0043
	Step 100: mean loss = 0.0043
	Step 150: mean loss = 0.0042

	Loss on validation set after epoch 254: 0.0045

Epoch 255
	Step 0: mean loss = 0.0042
	Step 50: mean loss = 0.0043
	Step 100: mean loss = 0.0043
	Step 150: mean loss = 0.0042

	Loss on validation set after epoch 255: 0.0043

Epoch 256
	Step 0: mean loss = 0.0035
	Step 50: mean loss = 0.0042
	Step 100: mean loss = 0.0043
	Step 150: mean loss = 0.0042

	Loss on validation set after epoch 256: 0.0042

Epoch 257
	Step 0: mean loss = 0.0033
	Step 50: mean loss = 0.0042
	Step 100: mean loss = 0.0043
	Step 150: mean loss = 0.0042

	Loss on validation set after epoch 257: 0.0043

Epoch 258
	Step 0: mean loss = 0.0035
	Step 50: mean loss = 0.0041
	Step 100: mean loss = 0.0042
	Step 150: mean loss = 0.0042

	Loss on validation set after epoch 258: 0.0042

Epoch 259
	Step 0: mean loss = 0.0041
	Step 50: mean loss = 0.0041
	Step 100: mean loss = 0.0042
	Step 150: mean loss = 0.0042

	Loss on validation set after epoch 259: 0.0045

Epoch 260
	Step 0: mean loss = 0.0035
	Step 50: mean loss = 0.0041
	Step 100: mean loss = 0.0042
	Step 150: mean loss = 0.0042

	Loss on validation set after epoch 260: 0.0044

Epoch 261
	Step 0: mean loss = 0.0042
	Step 50: mean loss = 0.0042
	Step 100: mean loss = 0.0042
	Step 150: mean loss = 0.0042

	Loss on validation set after epoch 261: 0.0043

Epoch 262
	Step 0: mean loss = 0.0045
	Step 50: mean loss = 0.0041
	Step 100: mean loss = 0.0042
	Step 150: mean loss = 0.0041

	Loss on validation set after epoch 262: 0.0045

Epoch 263
	Step 0: mean loss = 0.0041
	Step 50: mean loss = 0.0041
	Step 100: mean loss = 0.0042
	Step 150: mean loss = 0.0041

	Loss on validation set after epoch 263: 0.0043

Epoch 264
	Step 0: mean loss = 0.0044
	Step 50: mean loss = 0.0041
	Step 100: mean loss = 0.0042
	Step 150: mean loss = 0.0041

	Loss on validation set after epoch 264: 0.0042

Epoch 265
	Step 0: mean loss = 0.0036
	Step 50: mean loss = 0.0041
	Step 100: mean loss = 0.0042
	Step 150: mean loss = 0.0041

	Loss on validation set after epoch 265: 0.0043

Epoch 266
	Step 0: mean loss = 0.0034
	Step 50: mean loss = 0.0041
	Step 100: mean loss = 0.0042
	Step 150: mean loss = 0.0041

	Loss on validation set after epoch 266: 0.0043

Epoch 267
	Step 0: mean loss = 0.0045
	Step 50: mean loss = 0.0041
	Step 100: mean loss = 0.0042
	Step 150: mean loss = 0.0041

	Loss on validation set after epoch 267: 0.0042

Epoch 268
	Step 0: mean loss = 0.0040
	Step 50: mean loss = 0.0041
	Step 100: mean loss = 0.0041
	Step 150: mean loss = 0.0041

	Loss on validation set after epoch 268: 0.0043

Model from epoch 258 was selected by early stopping.
Training process will be stopped now.
Deleted temporary files in ../data/trained_models/temp_01-01-19-25-44/
Location of saved model: ../data/trained_models/last_hope_31_01-01-19-25-44/ 

Adding feature wise convolutions with 32 filters per feature, 3 kernels and 1 strides ...
Adding feature wise convolutions with 1 filters per feature, 3 kernels and 1 strides ...
Adding feature based graph attention layer ...
Adding time based graph attention layer ...
Adding GRU layer with 256 units ...
Adding GRU layer with 61 units ...
Adding dense layer to forecasting model with 512 units and ReLu activation ...
Adding dense layer to forecasting model with 256 units and ReLu activation ...
Adding last dense layer to forecasting model with 61 units and sigmoid activation ...
Adding VAE as reconstruction model dimensions 3072 & 1536 ...

Grid search running in anomaly detection model selection mode.
The following hyperparameters will not be evaluated:
relevance_mapping
unaffected_component_threshold
si_mode
si_parameter

Testing 294 combinations via grid search 
for model last_hope_31_01-01-19-25-44/ on the validation dataset. 


Top 50 combinations tested:
      gamma  single_timestamp_a.. affected_timestamp..     AD F1     AD F2    AD TPR   AD Prec    AD ACC    AD TNR    AD FPR  SI/ST AVG-HR@100%  SI/ST AVG-HR@150%  SI/ST AVG-HR@K  SI/ST F1  SI/ST TPR  SI/ST ACC
Comb                                                                                                                                                                                                              
34      0.3                 0.300                  160  0.693498  0.690932  0.689231  0.697819  0.884211  0.929964  0.070036           0.321999           0.390381        0.304615  0.092308   0.092308   0.860355
33      0.3                 0.300                  150  0.691244  0.691882  0.692308  0.690184  0.882456  0.927076  0.072924           0.321999           0.390381        0.304615  0.092308   0.092308   0.860355
32      0.3                 0.300                  140  0.690184  0.691457  0.692308  0.688073  0.881871  0.926354  0.073646           0.321999           0.390381        0.304615  0.092308   0.092308   0.860355
31      0.3                 0.300                  130  0.690076  0.693252  0.695385  0.684848  0.881287  0.924910  0.075090           0.321999           0.390381        0.304615  0.092308   0.092308   0.860355
30      0.3                 0.300                  120  0.687976  0.692402  0.695385  0.680723  0.880117  0.923466  0.076534           0.321999           0.390381        0.304615  0.092308   0.092308   0.860355
29      0.3                 0.300                  110  0.685714  0.695122  0.701538  0.670588  0.877778  0.919134  0.080866           0.321999           0.390381        0.304615  0.092308   0.092308   0.860355
28      0.3                 0.300                  100  0.681548  0.695203  0.704615  0.659942  0.874854  0.914801  0.085199           0.321999           0.390381        0.304615  0.092308   0.092308   0.860355
85      0.4                 0.325                  110  0.681208  0.646085  0.624615  0.749077  0.888889  0.950903  0.049097           0.307635           0.379541        0.280000  0.058462   0.058462   0.855148
84      0.4                 0.325                  100  0.678930  0.645264  0.624615  0.743590  0.887719  0.949458  0.050542           0.307635           0.379541        0.280000  0.058462   0.058462   0.855148
86      0.4                 0.325                  120  0.675676  0.638162  0.615385  0.749064  0.887719  0.951625  0.048375           0.307635           0.379541        0.280000  0.058462   0.058462   0.855148
87      0.4                 0.325                  130  0.671210  0.630602  0.606154  0.751908  0.887135  0.953069  0.046931           0.307635           0.379541        0.280000  0.058462   0.058462   0.855148
88      0.4                 0.325                  140  0.670103  0.626204  0.600000  0.758755  0.887719  0.955235  0.044765           0.307635           0.379541        0.280000  0.058462   0.058462   0.855148
89      0.4                 0.325                  150  0.667820  0.621378  0.593846  0.762846  0.887719  0.956679  0.043321           0.307635           0.379541        0.280000  0.058462   0.058462   0.855148
90      0.4                 0.325                  160  0.664348  0.616129  0.587692  0.764000  0.887135  0.957401  0.042599           0.307635           0.379541        0.280000  0.058462   0.058462   0.855148
139     0.5                 0.325                  160  0.660844  0.682912  0.698462  0.627072  0.863743  0.902527  0.097473           0.323120           0.390033        0.286154  0.092308   0.092308   0.860355
138     0.5                 0.325                  150  0.658926  0.682091  0.698462  0.623626  0.862573  0.901083  0.098917           0.323120           0.390033        0.286154  0.092308   0.092308   0.860355
137     0.5                 0.325                  140  0.653237  0.679641  0.698462  0.613514  0.859064  0.896751  0.103249           0.323120           0.390033        0.286154  0.092308   0.092308   0.860355
135     0.5                 0.325                  120  0.652482  0.684524  0.707692  0.605263  0.856725  0.891697  0.108303           0.323120           0.390033        0.286154  0.092308   0.092308   0.860355
136     0.5                 0.325                  130  0.652422  0.682767  0.704615  0.607427  0.857310  0.893141  0.106859           0.323120           0.390033        0.286154  0.092308   0.092308   0.860355
134     0.5                 0.325                  110  0.649860  0.686797  0.713846  0.596401  0.853801  0.886643  0.113357           0.323120           0.390033        0.286154  0.092308   0.092308   0.860355
133     0.5                 0.325                  100  0.648199  0.689452  0.720000  0.589421  0.851462  0.882310  0.117690           0.323120           0.390033        0.286154  0.092308   0.092308   0.860355
244     0.7                 0.350                  160  0.642857  0.655738  0.664615  0.622478  0.859649  0.905415  0.094585           0.318895           0.386722        0.255385  0.086154   0.086154   0.859408
189     0.6                 0.350                  100  0.641196  0.611921  0.593846  0.696751  0.873684  0.939350  0.060650           0.307069           0.379152        0.249231  0.067692   0.067692   0.856568
190     0.6                 0.350                  110  0.640940  0.607893  0.587692  0.704797  0.874854  0.942238  0.057762           0.307069           0.379152        0.249231  0.067692   0.067692   0.856568
193     0.6                 0.350                  140  0.639316  0.599359  0.575385  0.719231  0.876608  0.947292  0.052708           0.307069           0.379152        0.249231  0.067692   0.067692   0.856568
191     0.6                 0.350                  120  0.638655  0.605096  0.584615  0.703704  0.874269  0.942238  0.057762           0.307069           0.379152        0.249231  0.067692   0.067692   0.856568
243     0.7                 0.350                  150  0.638109  0.653753  0.664615  0.613636  0.856725  0.901805  0.098195           0.318895           0.386722        0.255385  0.086154   0.086154   0.859408
194     0.6                 0.350                  150  0.636986  0.596536  0.572308  0.718147  0.876023  0.947292  0.052708           0.307069           0.379152        0.249231  0.067692   0.067692   0.856568
192     0.6                 0.350                  130  0.636210  0.600255  0.578462  0.706767  0.874269  0.943682  0.056318           0.307069           0.379152        0.249231  0.067692   0.067692   0.856568
241     0.7                 0.350                  130  0.633864  0.657263  0.673846  0.598361  0.852047  0.893863  0.106137           0.318895           0.386722        0.255385  0.086154   0.086154   0.859408
242     0.7                 0.350                  140  0.633431  0.651780  0.664615  0.605042  0.853801  0.898195  0.101805           0.318895           0.386722        0.255385  0.086154   0.086154   0.859408
240     0.7                 0.350                  120  0.631429  0.659701  0.680000  0.589333  0.849123  0.888809  0.111191           0.318895           0.386722        0.255385  0.086154   0.086154   0.859408
238     0.7                 0.350                  100  0.630404  0.667849  0.695385  0.576531  0.845029  0.880144  0.119856           0.318895           0.386722        0.255385  0.086154   0.086154   0.859408
195     0.6                 0.350                  160  0.629948  0.588046  0.563077  0.714844  0.874269  0.947292  0.052708           0.307069           0.379152        0.249231  0.067692   0.067692   0.856568
239     0.7                 0.350                  110  0.627119  0.659537  0.683077  0.579634  0.845614  0.883755  0.116245           0.318895           0.386722        0.255385  0.086154   0.086154   0.859408
83      0.4                 0.300                  160  0.617284  0.700280  0.769231  0.515464  0.818713  0.830325  0.169675           0.337506           0.405478        0.335385  0.135385   0.135385   0.866982
82      0.4                 0.300                  150  0.613692  0.699944  0.772308  0.509128  0.815205  0.825271  0.174729           0.337506           0.405478        0.335385  0.135385   0.135385   0.866982
293     0.8                 0.350                  160  0.613607  0.681300  0.735385  0.526432  0.823977  0.844765  0.155235           0.332364           0.405785        0.252308  0.123077   0.123077   0.865089
291     0.8                 0.350                  140  0.610973  0.689364  0.753846  0.513627  0.817544  0.832491  0.167509           0.332364           0.405785        0.252308  0.123077   0.123077   0.865089
292     0.8                 0.350                  150  0.610687  0.681431  0.738462  0.520607  0.821053  0.840433  0.159567           0.332364           0.405785        0.252308  0.123077   0.123077   0.865089
188     0.6                 0.325                  160  0.608383  0.701657  0.781538  0.498039  0.808772  0.815162  0.184838           0.339061           0.406554        0.298462  0.135385   0.135385   0.866982
290     0.8                 0.350                  130  0.607940  0.687816  0.753846  0.509356  0.815205  0.829603  0.170397           0.332364           0.405785        0.252308  0.123077   0.123077   0.865089
81      0.4                 0.300                  140  0.607229  0.698061  0.775385  0.499010  0.809357  0.817329  0.182671           0.337506           0.405478        0.335385  0.135385   0.135385   0.866982
187     0.6                 0.325                  150  0.606635  0.703683  0.787692  0.493256  0.805848  0.810108  0.189892           0.339061           0.406554        0.298462  0.135385   0.135385   0.866982
289     0.8                 0.350                  120  0.602941  0.686767  0.756923  0.501018  0.810526  0.823105  0.176895           0.332364           0.405785        0.252308  0.123077   0.123077   0.865089
186     0.6                 0.325                  140  0.602579  0.702954  0.790769  0.486742  0.801754  0.804332  0.195668           0.339061           0.406554        0.298462  0.135385   0.135385   0.866982
185     0.6                 0.325                  130  0.599303  0.702614  0.793846  0.481343  0.798246  0.799278  0.200722           0.339061           0.406554        0.298462  0.135385   0.135385   0.866982
80      0.4                 0.300                  130  0.597156  0.692688  0.775385  0.485549  0.801170  0.807220  0.192780           0.337506           0.405478        0.335385  0.135385   0.135385   0.866982
288     0.8                 0.350                  110  0.596364  0.683333  0.756923  0.492000  0.805263  0.816606  0.183394           0.332364           0.405785        0.252308  0.123077   0.123077   0.865089
287     0.8                 0.350                  100  0.593301  0.684705  0.763077  0.485323  0.801170  0.810108  0.189892           0.332364           0.405785        0.252308  0.123077   0.123077   0.865089

Full result output for the best combination:
                 #Examples   TP  FP    TN   FN       ACC       FNR       TNR       FPR       TPR      Prec        F1        F2  AVG # affected
Component                                                                                                                                     
no_failure            1385    0  97  1288    0  0.929964       NaN  0.929964  0.070036       NaN  0.000000       NaN       NaN       37.830325
txt15_i1                 5    5   0     0    0  1.000000  0.000000       NaN       NaN  1.000000  1.000000  1.000000  1.000000      484.400000
txt15_i3                 5    1   0     0    4  0.200000  0.800000       NaN       NaN  0.200000  1.000000  0.333333  0.238095       53.000000
txt15_conveyor           3    3   0     0    0  1.000000  0.000000       NaN       NaN  1.000000  1.000000  1.000000  1.000000      492.666667
txt15_m1               160  159   0     0    1  0.993750  0.006250       NaN       NaN  0.993750  1.000000  0.996865  0.994994      460.687500
txt15_pl                 9    7   0     0    2  0.777778  0.222222       NaN       NaN  0.777778  1.000000  0.875000  0.813953      319.444444
txt16_i3                 4    0   0     0    4  0.000000  1.000000       NaN       NaN  0.000000       NaN       NaN       NaN        2.750000
txt16_conveyor           8    0   0     0    8  0.000000  1.000000       NaN       NaN  0.000000       NaN       NaN       NaN       17.000000
txt16_m3                65   46   0     0   19  0.707692  0.292308       NaN       NaN  0.707692  1.000000  0.828829  0.751634      321.123077
txt16_turntable          2    0   0     0    2  0.000000  1.000000       NaN       NaN  0.000000       NaN       NaN       NaN       12.000000
txt17_i1                16    2   0     0   14  0.125000  0.875000       NaN       NaN  0.125000  1.000000  0.222222  0.151515       33.937500
txt17_pl                14    1   0     0   13  0.071429  0.928571       NaN       NaN  0.071429  1.000000  0.133333  0.087719       28.428571
txt18_pl                28    0   0     0   28  0.000000  1.000000       NaN       NaN  0.000000       NaN       NaN       NaN       19.071429
txt19_i4                 6    0   0     0    6  0.000000  1.000000       NaN       NaN  0.000000       NaN       NaN       NaN        3.833333
combined              1710  224  97  1288  101  0.884211  0.310769  0.929964  0.070036  0.689231  0.697819  0.693498  0.690932       91.045029

                 #Examples   TP  FP    TN   FN       ACC       FNR       TNR       FPR       TPR      Prec        F1        F2  AVG # affected
Component                                                                                                                                     
no_failure            1385    0  97  1288    0  0.929964       NaN  0.929964  0.070036       NaN  0.000000       NaN       NaN       37.830325
txt15_i1                 5    5   0     0    0  1.000000  0.000000       NaN       NaN  1.000000  1.000000  1.000000  1.000000      484.400000
txt15_i3                 5    1   0     0    4  0.200000  0.800000       NaN       NaN  0.200000  1.000000  0.333333  0.238095       53.000000
txt15_conveyor           3    3   0     0    0  1.000000  0.000000       NaN       NaN  1.000000  1.000000  1.000000  1.000000      492.666667
txt15_m1               160  159   0     0    1  0.993750  0.006250       NaN       NaN  0.993750  1.000000  0.996865  0.994994      460.687500
txt15_pl                 9    7   0     0    2  0.777778  0.222222       NaN       NaN  0.777778  1.000000  0.875000  0.813953      319.444444
txt16_i3                 4    0   0     0    4  0.000000  1.000000       NaN       NaN  0.000000       NaN       NaN       NaN        2.750000
txt16_conveyor           8    0   0     0    8  0.000000  1.000000       NaN       NaN  0.000000       NaN       NaN       NaN       17.000000
txt16_m3                65   46   0     0   19  0.707692  0.292308       NaN       NaN  0.707692  1.000000  0.828829  0.751634      321.123077
txt16_turntable          2    0   0     0    2  0.000000  1.000000       NaN       NaN  0.000000       NaN       NaN       NaN       12.000000
txt17_i1                16    2   0     0   14  0.125000  0.875000       NaN       NaN  0.125000  1.000000  0.222222  0.151515       33.937500
txt17_pl                14    1   0     0   13  0.071429  0.928571       NaN       NaN  0.071429  1.000000  0.133333  0.087719       28.428571
txt18_pl                28    0   0     0   28  0.000000  1.000000       NaN       NaN  0.000000       NaN       NaN       NaN       19.071429
txt19_i4                 6    0   0     0    6  0.000000  1.000000       NaN       NaN  0.000000       NaN       NaN       NaN        3.833333
combined              1710  224  97  1288  101  0.884211  0.310769  0.929964  0.070036  0.689231  0.697819  0.693498  0.690932       91.045029

Execution time: 7668.81040706113
