
Dataset loaded:
Shape of training set (example, time, channels): (20812, 500, 61)
Shape of test set (example, time, channels): (3989, 500, 61)
Shape of train validation set (example, time, channels): (2313, 500, 61)
Shape of test validation set (example, time, channels): (1710, 500, 61)
Num of classes in all: 25

Creating model based on ../configuration/hyperparameter_combinations/last_hope_42.json hyperparameter file 

Adding feature wise convolutions with 32 filters per feature, 3 kernels and 1 strides ...
Adding feature wise convolutions with 1 filters per feature, 3 kernels and 1 strides ...
Adding feature based graph attention layer ...
Adding time based graph attention layer ...
Adding GRU layer with 256 units ...
Adding GRU layer with 61 units ...
Adding VAE as reconstruction model dimensions 3072 & 1536 and ...
Adding dense layer to forecasting model with 512 units and ReLu activation ...
Adding dense layer to forecasting model with 256 units and ReLu activation ...
Adding last dense layer to forecasting model with 61 units and sigmoid activation ...
VAE reconstructs the output of the gru layer.

Epoch 0
	Step 0: mean loss = 1.3112
	Step 50: mean loss = 0.3180
	Step 100: mean loss = 0.2145
	Step 150: mean loss = 0.1740

	Loss on validation set after epoch 0: 0.0853

Epoch 1
	Step 0: mean loss = 0.0852
	Step 50: mean loss = 0.0821
	Step 100: mean loss = 0.0798
	Step 150: mean loss = 0.0771

	Loss on validation set after epoch 1: 0.0684

Epoch 2
	Step 0: mean loss = 0.0698
	Step 50: mean loss = 0.0673
	Step 100: mean loss = 0.0667
	Step 150: mean loss = 0.0655

	Loss on validation set after epoch 2: 0.0611

Epoch 3
	Step 0: mean loss = 0.0610
	Step 50: mean loss = 0.0595
	Step 100: mean loss = 0.0577
	Step 150: mean loss = 0.0558

	Loss on validation set after epoch 3: 0.0482

Epoch 4
	Step 0: mean loss = 0.0461
	Step 50: mean loss = 0.0471
	Step 100: mean loss = 0.0460
	Step 150: mean loss = 0.0448

	Loss on validation set after epoch 4: 0.0388

Epoch 5
	Step 0: mean loss = 0.0399
	Step 50: mean loss = 0.0379
	Step 100: mean loss = 0.0366
	Step 150: mean loss = 0.0352

	Loss on validation set after epoch 5: 0.0288

Epoch 6
	Step 0: mean loss = 0.0293
	Step 50: mean loss = 0.0277
	Step 100: mean loss = 0.0266
	Step 150: mean loss = 0.0255

	Loss on validation set after epoch 6: 0.0226

Epoch 7
	Step 0: mean loss = 0.0237
	Step 50: mean loss = 0.0219
	Step 100: mean loss = 0.0216
	Step 150: mean loss = 0.0212

	Loss on validation set after epoch 7: 0.0200

Epoch 8
	Step 0: mean loss = 0.0200
	Step 50: mean loss = 0.0190
	Step 100: mean loss = 0.0187
	Step 150: mean loss = 0.0184

	Loss on validation set after epoch 8: 0.0181

Epoch 9
	Step 0: mean loss = 0.0164
	Step 50: mean loss = 0.0172
	Step 100: mean loss = 0.0172
	Step 150: mean loss = 0.0169

	Loss on validation set after epoch 9: 0.0160

Epoch 10
	Step 0: mean loss = 0.0158
	Step 50: mean loss = 0.0156
	Step 100: mean loss = 0.0157
	Step 150: mean loss = 0.0156

	Loss on validation set after epoch 10: 0.0149

Epoch 11
	Step 0: mean loss = 0.0162
	Step 50: mean loss = 0.0148
	Step 100: mean loss = 0.0149
	Step 150: mean loss = 0.0148

	Loss on validation set after epoch 11: 0.0146

Epoch 12
	Step 0: mean loss = 0.0147
	Step 50: mean loss = 0.0141
	Step 100: mean loss = 0.0140
	Step 150: mean loss = 0.0140

	Loss on validation set after epoch 12: 0.0133

Epoch 13
	Step 0: mean loss = 0.0129
	Step 50: mean loss = 0.0134
	Step 100: mean loss = 0.0135
	Step 150: mean loss = 0.0135

	Loss on validation set after epoch 13: 0.0136

Epoch 14
	Step 0: mean loss = 0.0155
	Step 50: mean loss = 0.0130
	Step 100: mean loss = 0.0128
	Step 150: mean loss = 0.0128

	Loss on validation set after epoch 14: 0.0127

Epoch 15
	Step 0: mean loss = 0.0148
	Step 50: mean loss = 0.0123
	Step 100: mean loss = 0.0124
	Step 150: mean loss = 0.0123

	Loss on validation set after epoch 15: 0.0123

Epoch 16
	Step 0: mean loss = 0.0114
	Step 50: mean loss = 0.0116
	Step 100: mean loss = 0.0117
	Step 150: mean loss = 0.0116

	Loss on validation set after epoch 16: 0.0117

Epoch 17
	Step 0: mean loss = 0.0122
	Step 50: mean loss = 0.0111
	Step 100: mean loss = 0.0110
	Step 150: mean loss = 0.0110

	Loss on validation set after epoch 17: 0.0113

Epoch 18
	Step 0: mean loss = 0.0117
	Step 50: mean loss = 0.0106
	Step 100: mean loss = 0.0106
	Step 150: mean loss = 0.0105

	Loss on validation set after epoch 18: 0.0110

Epoch 19
	Step 0: mean loss = 0.0120
	Step 50: mean loss = 0.0103
	Step 100: mean loss = 0.0103
	Step 150: mean loss = 0.0102

	Loss on validation set after epoch 19: 0.0100

Epoch 20
	Step 0: mean loss = 0.0090
	Step 50: mean loss = 0.0098
	Step 100: mean loss = 0.0099
	Step 150: mean loss = 0.0099

	Loss on validation set after epoch 20: 0.0099

Epoch 21
	Step 0: mean loss = 0.0106
	Step 50: mean loss = 0.0096
	Step 100: mean loss = 0.0096
	Step 150: mean loss = 0.0095

	Loss on validation set after epoch 21: 0.0098

Epoch 22
	Step 0: mean loss = 0.0090
	Step 50: mean loss = 0.0091
	Step 100: mean loss = 0.0091
	Step 150: mean loss = 0.0091

	Loss on validation set after epoch 22: 0.0094

Epoch 23
	Step 0: mean loss = 0.0102
	Step 50: mean loss = 0.0087
	Step 100: mean loss = 0.0088
	Step 150: mean loss = 0.0088

	Loss on validation set after epoch 23: 0.0089

Epoch 24
	Step 0: mean loss = 0.0074
	Step 50: mean loss = 0.0086
	Step 100: mean loss = 0.0085
	Step 150: mean loss = 0.0085

	Loss on validation set after epoch 24: 0.0086

Epoch 25
	Step 0: mean loss = 0.0091
	Step 50: mean loss = 0.0083
	Step 100: mean loss = 0.0083
	Step 150: mean loss = 0.0083

	Loss on validation set after epoch 25: 0.0083

Epoch 26
	Step 0: mean loss = 0.0082
	Step 50: mean loss = 0.0082
	Step 100: mean loss = 0.0082
	Step 150: mean loss = 0.0082

	Loss on validation set after epoch 26: 0.0081

Epoch 27
	Step 0: mean loss = 0.0085
	Step 50: mean loss = 0.0079
	Step 100: mean loss = 0.0080
	Step 150: mean loss = 0.0080

	Loss on validation set after epoch 27: 0.0084

Epoch 28
	Step 0: mean loss = 0.0082
	Step 50: mean loss = 0.0078
	Step 100: mean loss = 0.0079
	Step 150: mean loss = 0.0079

	Loss on validation set after epoch 28: 0.0085

Epoch 29
	Step 0: mean loss = 0.0090
	Step 50: mean loss = 0.0077
	Step 100: mean loss = 0.0077
	Step 150: mean loss = 0.0078

	Loss on validation set after epoch 29: 0.0078

Epoch 30
	Step 0: mean loss = 0.0069
	Step 50: mean loss = 0.0076
	Step 100: mean loss = 0.0075
	Step 150: mean loss = 0.0075

	Loss on validation set after epoch 30: 0.0078

Epoch 31
	Step 0: mean loss = 0.0070
	Step 50: mean loss = 0.0074
	Step 100: mean loss = 0.0075
	Step 150: mean loss = 0.0075

	Loss on validation set after epoch 31: 0.0080

Epoch 32
	Step 0: mean loss = 0.0071
	Step 50: mean loss = 0.0074
	Step 100: mean loss = 0.0074
	Step 150: mean loss = 0.0074

	Loss on validation set after epoch 32: 0.0075

Epoch 33
	Step 0: mean loss = 0.0062
	Step 50: mean loss = 0.0073
	Step 100: mean loss = 0.0073
	Step 150: mean loss = 0.0073

	Loss on validation set after epoch 33: 0.0078

Epoch 34
	Step 0: mean loss = 0.0076
	Step 50: mean loss = 0.0073
	Step 100: mean loss = 0.0073
	Step 150: mean loss = 0.0072

	Loss on validation set after epoch 34: 0.0074

Epoch 35
	Step 0: mean loss = 0.0083
	Step 50: mean loss = 0.0071
	Step 100: mean loss = 0.0071
	Step 150: mean loss = 0.0071

	Loss on validation set after epoch 35: 0.0078

Epoch 36
	Step 0: mean loss = 0.0083
	Step 50: mean loss = 0.0072
	Step 100: mean loss = 0.0072
	Step 150: mean loss = 0.0071

	Loss on validation set after epoch 36: 0.0073

Epoch 37
	Step 0: mean loss = 0.0075
	Step 50: mean loss = 0.0071
	Step 100: mean loss = 0.0070
	Step 150: mean loss = 0.0071

	Loss on validation set after epoch 37: 0.0074

Epoch 38
	Step 0: mean loss = 0.0064
	Step 50: mean loss = 0.0068
	Step 100: mean loss = 0.0069
	Step 150: mean loss = 0.0070

	Loss on validation set after epoch 38: 0.0071

Epoch 39
	Step 0: mean loss = 0.0062
	Step 50: mean loss = 0.0070
	Step 100: mean loss = 0.0069
	Step 150: mean loss = 0.0069

	Loss on validation set after epoch 39: 0.0071

Epoch 40
	Step 0: mean loss = 0.0055
	Step 50: mean loss = 0.0068
	Step 100: mean loss = 0.0068
	Step 150: mean loss = 0.0068

	Loss on validation set after epoch 40: 0.0070

Epoch 41
	Step 0: mean loss = 0.0072
	Step 50: mean loss = 0.0068
	Step 100: mean loss = 0.0068
	Step 150: mean loss = 0.0068

	Loss on validation set after epoch 41: 0.0071

Epoch 42
	Step 0: mean loss = 0.0065
	Step 50: mean loss = 0.0067
	Step 100: mean loss = 0.0066
	Step 150: mean loss = 0.0065

	Loss on validation set after epoch 42: 0.0070

Epoch 43
	Step 0: mean loss = 0.0061
	Step 50: mean loss = 0.0065
	Step 100: mean loss = 0.0065
	Step 150: mean loss = 0.0065

	Loss on validation set after epoch 43: 0.0070

Epoch 44
	Step 0: mean loss = 0.0065
	Step 50: mean loss = 0.0066
	Step 100: mean loss = 0.0065
	Step 150: mean loss = 0.0065

	Loss on validation set after epoch 44: 0.0068

Epoch 45
	Step 0: mean loss = 0.0051
	Step 50: mean loss = 0.0064
	Step 100: mean loss = 0.0064
	Step 150: mean loss = 0.0064

	Loss on validation set after epoch 45: 0.0066

Epoch 46
	Step 0: mean loss = 0.0049
	Step 50: mean loss = 0.0065
	Step 100: mean loss = 0.0064
	Step 150: mean loss = 0.0064

	Loss on validation set after epoch 46: 0.0070

Epoch 47
	Step 0: mean loss = 0.0065
	Step 50: mean loss = 0.0064
	Step 100: mean loss = 0.0063
	Step 150: mean loss = 0.0063

	Loss on validation set after epoch 47: 0.0072

Epoch 48
	Step 0: mean loss = 0.0055
	Step 50: mean loss = 0.0062
	Step 100: mean loss = 0.0063
	Step 150: mean loss = 0.0062

	Loss on validation set after epoch 48: 0.0069

Epoch 49
	Step 0: mean loss = 0.0060
	Step 50: mean loss = 0.0063
	Step 100: mean loss = 0.0062
	Step 150: mean loss = 0.0061

	Loss on validation set after epoch 49: 0.0064

Epoch 50
	Step 0: mean loss = 0.0064
	Step 50: mean loss = 0.0060
	Step 100: mean loss = 0.0060
	Step 150: mean loss = 0.0060

	Loss on validation set after epoch 50: 0.0066

Epoch 51
	Step 0: mean loss = 0.0071
	Step 50: mean loss = 0.0060
	Step 100: mean loss = 0.0060
	Step 150: mean loss = 0.0060

	Loss on validation set after epoch 51: 0.0065

Epoch 52
	Step 0: mean loss = 0.0069
	Step 50: mean loss = 0.0060
	Step 100: mean loss = 0.0059
	Step 150: mean loss = 0.0060

	Loss on validation set after epoch 52: 0.0068

Epoch 53
	Step 0: mean loss = 0.0060
	Step 50: mean loss = 0.0062
	Step 100: mean loss = 0.0061
	Step 150: mean loss = 0.0060

	Loss on validation set after epoch 53: 0.0062

Epoch 54
	Step 0: mean loss = 0.0054
	Step 50: mean loss = 0.0057
	Step 100: mean loss = 0.0057
	Step 150: mean loss = 0.0057

	Loss on validation set after epoch 54: 0.0062

Epoch 55
	Step 0: mean loss = 0.0051
	Step 50: mean loss = 0.0058
	Step 100: mean loss = 0.0058
	Step 150: mean loss = 0.0057

	Loss on validation set after epoch 55: 0.0060

Epoch 56
	Step 0: mean loss = 0.0055
	Step 50: mean loss = 0.0057
	Step 100: mean loss = 0.0057
	Step 150: mean loss = 0.0056

	Loss on validation set after epoch 56: 0.0061

Epoch 57
	Step 0: mean loss = 0.0049
	Step 50: mean loss = 0.0057
	Step 100: mean loss = 0.0056
	Step 150: mean loss = 0.0056

	Loss on validation set after epoch 57: 0.0058

Epoch 58
	Step 0: mean loss = 0.0048
	Step 50: mean loss = 0.0056
	Step 100: mean loss = 0.0056
	Step 150: mean loss = 0.0056

	Loss on validation set after epoch 58: 0.0058

Epoch 59
	Step 0: mean loss = 0.0052
	Step 50: mean loss = 0.0056
	Step 100: mean loss = 0.0056
	Step 150: mean loss = 0.0056

	Loss on validation set after epoch 59: 0.0062

Epoch 60
	Step 0: mean loss = 0.0048
	Step 50: mean loss = 0.0056
	Step 100: mean loss = 0.0055
	Step 150: mean loss = 0.0055

	Loss on validation set after epoch 60: 0.0059

Epoch 61
	Step 0: mean loss = 0.0054
	Step 50: mean loss = 0.0055
	Step 100: mean loss = 0.0055
	Step 150: mean loss = 0.0055

	Loss on validation set after epoch 61: 0.0057

Epoch 62
	Step 0: mean loss = 0.0053
	Step 50: mean loss = 0.0056
	Step 100: mean loss = 0.0055
	Step 150: mean loss = 0.0055

	Loss on validation set after epoch 62: 0.0057

Epoch 63
	Step 0: mean loss = 0.0044
	Step 50: mean loss = 0.0054
	Step 100: mean loss = 0.0054
	Step 150: mean loss = 0.0054

	Loss on validation set after epoch 63: 0.0058

Epoch 64
	Step 0: mean loss = 0.0047
	Step 50: mean loss = 0.0054
	Step 100: mean loss = 0.0054
	Step 150: mean loss = 0.0053

	Loss on validation set after epoch 64: 0.0058

Epoch 65
	Step 0: mean loss = 0.0051
	Step 50: mean loss = 0.0053
	Step 100: mean loss = 0.0053
	Step 150: mean loss = 0.0053

	Loss on validation set after epoch 65: 0.0057

Epoch 66
	Step 0: mean loss = 0.0056
	Step 50: mean loss = 0.0053
	Step 100: mean loss = 0.0053
	Step 150: mean loss = 0.0053

	Loss on validation set after epoch 66: 0.0058

Epoch 67
	Step 0: mean loss = 0.0054
	Step 50: mean loss = 0.0053
	Step 100: mean loss = 0.0053
	Step 150: mean loss = 0.0053

	Loss on validation set after epoch 67: 0.0056

Epoch 68
	Step 0: mean loss = 0.0057
	Step 50: mean loss = 0.0052
	Step 100: mean loss = 0.0052
	Step 150: mean loss = 0.0052

	Loss on validation set after epoch 68: 0.0055

Epoch 69
	Step 0: mean loss = 0.0057
	Step 50: mean loss = 0.0053
	Step 100: mean loss = 0.0053
	Step 150: mean loss = 0.0052

	Loss on validation set after epoch 69: 0.0057

Epoch 70
	Step 0: mean loss = 0.0053
	Step 50: mean loss = 0.0052
	Step 100: mean loss = 0.0051
	Step 150: mean loss = 0.0051

	Loss on validation set after epoch 70: 0.0059

Epoch 71
	Step 0: mean loss = 0.0060
	Step 50: mean loss = 0.0056
	Step 100: mean loss = 0.0054
	Step 150: mean loss = 0.0053

	Loss on validation set after epoch 71: 0.0054

Epoch 72
	Step 0: mean loss = 0.0048
	Step 50: mean loss = 0.0051
	Step 100: mean loss = 0.0051
	Step 150: mean loss = 0.0051

	Loss on validation set after epoch 72: 0.0054

Epoch 73
	Step 0: mean loss = 0.0044
	Step 50: mean loss = 0.0051
	Step 100: mean loss = 0.0051
	Step 150: mean loss = 0.0051

	Loss on validation set after epoch 73: 0.0057

Epoch 74
	Step 0: mean loss = 0.0049
	Step 50: mean loss = 0.0051
	Step 100: mean loss = 0.0051
	Step 150: mean loss = 0.0050

	Loss on validation set after epoch 74: 0.0055

Epoch 75
	Step 0: mean loss = 0.0048
	Step 50: mean loss = 0.0050
	Step 100: mean loss = 0.0050
	Step 150: mean loss = 0.0050

	Loss on validation set after epoch 75: 0.0054

Epoch 76
	Step 0: mean loss = 0.0047
	Step 50: mean loss = 0.0051
	Step 100: mean loss = 0.0050
	Step 150: mean loss = 0.0050

	Loss on validation set after epoch 76: 0.0053

Epoch 77
	Step 0: mean loss = 0.0048
	Step 50: mean loss = 0.0050
	Step 100: mean loss = 0.0050
	Step 150: mean loss = 0.0049

	Loss on validation set after epoch 77: 0.0052

Epoch 78
	Step 0: mean loss = 0.0045
	Step 50: mean loss = 0.0049
	Step 100: mean loss = 0.0049
	Step 150: mean loss = 0.0049

	Loss on validation set after epoch 78: 0.0054

Epoch 79
	Step 0: mean loss = 0.0047
	Step 50: mean loss = 0.0050
	Step 100: mean loss = 0.0050
	Step 150: mean loss = 0.0049

	Loss on validation set after epoch 79: 0.0052

Epoch 80
	Step 0: mean loss = 0.0046
	Step 50: mean loss = 0.0049
	Step 100: mean loss = 0.0049
	Step 150: mean loss = 0.0049

	Loss on validation set after epoch 80: 0.0053

Epoch 81
	Step 0: mean loss = 0.0046
	Step 50: mean loss = 0.0049
	Step 100: mean loss = 0.0049
	Step 150: mean loss = 0.0049

	Loss on validation set after epoch 81: 0.0052

Epoch 82
	Step 0: mean loss = 0.0043
	Step 50: mean loss = 0.0049
	Step 100: mean loss = 0.0049
	Step 150: mean loss = 0.0048

	Loss on validation set after epoch 82: 0.0052

Epoch 83
	Step 0: mean loss = 0.0047
	Step 50: mean loss = 0.0049
	Step 100: mean loss = 0.0048
	Step 150: mean loss = 0.0048

	Loss on validation set after epoch 83: 0.0052

Epoch 84
	Step 0: mean loss = 0.0046
	Step 50: mean loss = 0.0049
	Step 100: mean loss = 0.0048
	Step 150: mean loss = 0.0048

	Loss on validation set after epoch 84: 0.0051

Epoch 85
	Step 0: mean loss = 0.0053
	Step 50: mean loss = 0.0048
	Step 100: mean loss = 0.0048
	Step 150: mean loss = 0.0048

	Loss on validation set after epoch 85: 0.0051

Epoch 86
	Step 0: mean loss = 0.0044
	Step 50: mean loss = 0.0048
	Step 100: mean loss = 0.0048
	Step 150: mean loss = 0.0048

	Loss on validation set after epoch 86: 0.0052

Epoch 87
	Step 0: mean loss = 0.0048
	Step 50: mean loss = 0.0048
	Step 100: mean loss = 0.0048
	Step 150: mean loss = 0.0047

	Loss on validation set after epoch 87: 0.0052

Epoch 88
	Step 0: mean loss = 0.0047
	Step 50: mean loss = 0.0048
	Step 100: mean loss = 0.0048
	Step 150: mean loss = 0.0047

	Loss on validation set after epoch 88: 0.0054

Epoch 89
	Step 0: mean loss = 0.0039
	Step 50: mean loss = 0.0047
	Step 100: mean loss = 0.0047
	Step 150: mean loss = 0.0047

	Loss on validation set after epoch 89: 0.0053

Epoch 90
	Step 0: mean loss = 0.0038
	Step 50: mean loss = 0.0047
	Step 100: mean loss = 0.0047
	Step 150: mean loss = 0.0047

	Loss on validation set after epoch 90: 0.0051

Epoch 91
	Step 0: mean loss = 0.0050
	Step 50: mean loss = 0.0047
	Step 100: mean loss = 0.0047
	Step 150: mean loss = 0.0047

	Loss on validation set after epoch 91: 0.0050

Epoch 92
	Step 0: mean loss = 0.0044
	Step 50: mean loss = 0.0046
	Step 100: mean loss = 0.0047
	Step 150: mean loss = 0.0047

	Loss on validation set after epoch 92: 0.0052

Epoch 93
	Step 0: mean loss = 0.0059
	Step 50: mean loss = 0.0047
	Step 100: mean loss = 0.0047
	Step 150: mean loss = 0.0047

	Loss on validation set after epoch 93: 0.0054

Epoch 94
	Step 0: mean loss = 0.0046
	Step 50: mean loss = 0.0047
	Step 100: mean loss = 0.0047
	Step 150: mean loss = 0.0046

	Loss on validation set after epoch 94: 0.0051

Epoch 95
	Step 0: mean loss = 0.0056
	Step 50: mean loss = 0.0047
	Step 100: mean loss = 0.0046
	Step 150: mean loss = 0.0047

	Loss on validation set after epoch 95: 0.0051

Epoch 96
	Step 0: mean loss = 0.0046
	Step 50: mean loss = 0.0046
	Step 100: mean loss = 0.0047
	Step 150: mean loss = 0.0046

	Loss on validation set after epoch 96: 0.0053

Epoch 97
	Step 0: mean loss = 0.0047
	Step 50: mean loss = 0.0046
	Step 100: mean loss = 0.0046
	Step 150: mean loss = 0.0046

	Loss on validation set after epoch 97: 0.0053

Epoch 98
	Step 0: mean loss = 0.0038
	Step 50: mean loss = 0.0046
	Step 100: mean loss = 0.0046
	Step 150: mean loss = 0.0046

	Loss on validation set after epoch 98: 0.0051

Epoch 99
	Step 0: mean loss = 0.0045
	Step 50: mean loss = 0.0046
	Step 100: mean loss = 0.0046
	Step 150: mean loss = 0.0045

	Loss on validation set after epoch 99: 0.0049

Epoch 100
	Step 0: mean loss = 0.0040
	Step 50: mean loss = 0.0046
	Step 100: mean loss = 0.0045
	Step 150: mean loss = 0.0045

	Loss on validation set after epoch 100: 0.0052

Epoch 101
	Step 0: mean loss = 0.0046
	Step 50: mean loss = 0.0046
	Step 100: mean loss = 0.0046
	Step 150: mean loss = 0.0046

	Loss on validation set after epoch 101: 0.0050

Epoch 102
	Step 0: mean loss = 0.0051
	Step 50: mean loss = 0.0046
	Step 100: mean loss = 0.0046
	Step 150: mean loss = 0.0045

	Loss on validation set after epoch 102: 0.0050

Epoch 103
	Step 0: mean loss = 0.0052
	Step 50: mean loss = 0.0046
	Step 100: mean loss = 0.0046
	Step 150: mean loss = 0.0045

	Loss on validation set after epoch 103: 0.0048

Epoch 104
	Step 0: mean loss = 0.0040
	Step 50: mean loss = 0.0045
	Step 100: mean loss = 0.0045
	Step 150: mean loss = 0.0045

	Loss on validation set after epoch 104: 0.0049

Epoch 105
	Step 0: mean loss = 0.0039
	Step 50: mean loss = 0.0045
	Step 100: mean loss = 0.0045
	Step 150: mean loss = 0.0045

	Loss on validation set after epoch 105: 0.0049

Epoch 106
	Step 0: mean loss = 0.0043
	Step 50: mean loss = 0.0046
	Step 100: mean loss = 0.0046
	Step 150: mean loss = 0.0045

	Loss on validation set after epoch 106: 0.0050

Epoch 107
	Step 0: mean loss = 0.0042
	Step 50: mean loss = 0.0045
	Step 100: mean loss = 0.0045
	Step 150: mean loss = 0.0045

	Loss on validation set after epoch 107: 0.0049

Epoch 108
	Step 0: mean loss = 0.0044
	Step 50: mean loss = 0.0045
	Step 100: mean loss = 0.0045
	Step 150: mean loss = 0.0045

	Loss on validation set after epoch 108: 0.0051

Epoch 109
	Step 0: mean loss = 0.0046
	Step 50: mean loss = 0.0045
	Step 100: mean loss = 0.0045
	Step 150: mean loss = 0.0044

	Loss on validation set after epoch 109: 0.0050

Epoch 110
	Step 0: mean loss = 0.0039
	Step 50: mean loss = 0.0044
	Step 100: mean loss = 0.0045
	Step 150: mean loss = 0.0044

	Loss on validation set after epoch 110: 0.0051

Epoch 111
	Step 0: mean loss = 0.0040
	Step 50: mean loss = 0.0045
	Step 100: mean loss = 0.0045
	Step 150: mean loss = 0.0045

	Loss on validation set after epoch 111: 0.0048

Epoch 112
	Step 0: mean loss = 0.0040
	Step 50: mean loss = 0.0044
	Step 100: mean loss = 0.0044
	Step 150: mean loss = 0.0044

	Loss on validation set after epoch 112: 0.0048

Epoch 113
	Step 0: mean loss = 0.0053
	Step 50: mean loss = 0.0045
	Step 100: mean loss = 0.0045
	Step 150: mean loss = 0.0044

	Loss on validation set after epoch 113: 0.0046

Epoch 114
	Step 0: mean loss = 0.0041
	Step 50: mean loss = 0.0045
	Step 100: mean loss = 0.0044
	Step 150: mean loss = 0.0044

	Loss on validation set after epoch 114: 0.0049

Epoch 115
	Step 0: mean loss = 0.0044
	Step 50: mean loss = 0.0045
	Step 100: mean loss = 0.0045
	Step 150: mean loss = 0.0044

	Loss on validation set after epoch 115: 0.0048

Epoch 116
	Step 0: mean loss = 0.0041
	Step 50: mean loss = 0.0044
	Step 100: mean loss = 0.0044
	Step 150: mean loss = 0.0043

	Loss on validation set after epoch 116: 0.0048

Epoch 117
	Step 0: mean loss = 0.0040
	Step 50: mean loss = 0.0044
	Step 100: mean loss = 0.0045
	Step 150: mean loss = 0.0044

	Loss on validation set after epoch 117: 0.0048

Epoch 118
	Step 0: mean loss = 0.0046
	Step 50: mean loss = 0.0044
	Step 100: mean loss = 0.0044
	Step 150: mean loss = 0.0044

	Loss on validation set after epoch 118: 0.0048

Epoch 119
	Step 0: mean loss = 0.0047
	Step 50: mean loss = 0.0044
	Step 100: mean loss = 0.0044
	Step 150: mean loss = 0.0043

	Loss on validation set after epoch 119: 0.0049

Epoch 120
	Step 0: mean loss = 0.0050
	Step 50: mean loss = 0.0044
	Step 100: mean loss = 0.0044
	Step 150: mean loss = 0.0044

	Loss on validation set after epoch 120: 0.0047

Epoch 121
	Step 0: mean loss = 0.0050
	Step 50: mean loss = 0.0043
	Step 100: mean loss = 0.0044
	Step 150: mean loss = 0.0043

	Loss on validation set after epoch 121: 0.0048

Epoch 122
	Step 0: mean loss = 0.0035
	Step 50: mean loss = 0.0044
	Step 100: mean loss = 0.0043
	Step 150: mean loss = 0.0043

	Loss on validation set after epoch 122: 0.0048

Epoch 123
	Step 0: mean loss = 0.0044
	Step 50: mean loss = 0.0043
	Step 100: mean loss = 0.0043
	Step 150: mean loss = 0.0043

	Loss on validation set after epoch 123: 0.0049

Epoch 124
	Step 0: mean loss = 0.0034
	Step 50: mean loss = 0.0044
	Step 100: mean loss = 0.0044
	Step 150: mean loss = 0.0043

	Loss on validation set after epoch 124: 0.0051

Epoch 125
	Step 0: mean loss = 0.0045
	Step 50: mean loss = 0.0043
	Step 100: mean loss = 0.0044
	Step 150: mean loss = 0.0044

	Loss on validation set after epoch 125: 0.0048

Epoch 126
	Step 0: mean loss = 0.0046
	Step 50: mean loss = 0.0044
	Step 100: mean loss = 0.0045
	Step 150: mean loss = 0.0044

	Loss on validation set after epoch 126: 0.0050

Epoch 127
	Step 0: mean loss = 0.0041
	Step 50: mean loss = 0.0043
	Step 100: mean loss = 0.0044
	Step 150: mean loss = 0.0043

	Loss on validation set after epoch 127: 0.0048

Epoch 128
	Step 0: mean loss = 0.0040
	Step 50: mean loss = 0.0043
	Step 100: mean loss = 0.0043
	Step 150: mean loss = 0.0043

	Loss on validation set after epoch 128: 0.0048

Epoch 129
	Step 0: mean loss = 0.0047
	Step 50: mean loss = 0.0043
	Step 100: mean loss = 0.0043
	Step 150: mean loss = 0.0043

	Loss on validation set after epoch 129: 0.0049

Epoch 130
	Step 0: mean loss = 0.0048
	Step 50: mean loss = 0.0043
	Step 100: mean loss = 0.0043
	Step 150: mean loss = 0.0043

	Loss on validation set after epoch 130: 0.0048

Epoch 131
	Step 0: mean loss = 0.0036
	Step 50: mean loss = 0.0043
	Step 100: mean loss = 0.0043
	Step 150: mean loss = 0.0042

	Loss on validation set after epoch 131: 0.0047

Epoch 132
	Step 0: mean loss = 0.0044
	Step 50: mean loss = 0.0043
	Step 100: mean loss = 0.0043
	Step 150: mean loss = 0.0042

	Loss on validation set after epoch 132: 0.0049

Epoch 133
	Step 0: mean loss = 0.0058
	Step 50: mean loss = 0.0043
	Step 100: mean loss = 0.0043
	Step 150: mean loss = 0.0042

	Loss on validation set after epoch 133: 0.0047

Model from epoch 113 was selected by early stopping.
Training process will be stopped now.
Deleted temporary files in ../data/trained_models/temp_01-02-15-26-18/
Location of saved model: ../data/trained_models/last_hope_42_01-02-15-26-18/ 

Adding feature wise convolutions with 32 filters per feature, 3 kernels and 1 strides ...
Adding feature wise convolutions with 1 filters per feature, 3 kernels and 1 strides ...
Adding feature based graph attention layer ...
Adding time based graph attention layer ...
Adding GRU layer with 256 units ...
Adding GRU layer with 61 units ...
Adding VAE as reconstruction model dimensions 3072 & 1536 and ...
Adding dense layer to forecasting model with 512 units and ReLu activation ...
Adding dense layer to forecasting model with 256 units and ReLu activation ...
Adding last dense layer to forecasting model with 61 units and sigmoid activation ...
VAE reconstructs the output of the gru layer.

Grid search running in anomaly detection model selection mode.
The following hyperparameters will not be evaluated:
relevance_mapping
unaffected_component_threshold
si_mode
si_parameter

Testing 294 combinations via grid search 
for model last_hope_42_01-02-15-26-18/ on the validation dataset. 

Currently testing combination 0/293 (0.3, 0.2, 100, None, 'sort_only', {'h': 1.0, 'm': 0.3, 'l': 0.0, 'u': 0.0, 'e': 0.0}) ...
Currently testing combination 1/293 (0.3, 0.2, 110, None, 'sort_only', {'h': 1.0, 'm': 0.3, 'l': 0.0, 'u': 0.0, 'e': 0.0}) ...
Currently testing combination 2/293 (0.3, 0.2, 120, None, 'sort_only', {'h': 1.0, 'm': 0.3, 'l': 0.0, 'u': 0.0, 'e': 0.0}) ...
Currently testing combination 3/293 (0.3, 0.2, 130, None, 'sort_only', {'h': 1.0, 'm': 0.3, 'l': 0.0, 'u': 0.0, 'e': 0.0}) ...
Currently testing combination 4/293 (0.3, 0.2, 140, None, 'sort_only', {'h': 1.0, 'm': 0.3, 'l': 0.0, 'u': 0.0, 'e': 0.0}) ...
Currently testing combination 5/293 (0.3, 0.2, 150, None, 'sort_only', {'h': 1.0, 'm': 0.3, 'l': 0.0, 'u': 0.0, 'e': 0.0}) ...
Currently testing combination 6/293 (0.3, 0.2, 160, None, 'sort_only', {'h': 1.0, 'm': 0.3, 'l': 0.0, 'u': 0.0, 'e': 0.0}) ...
Currently testing combination 7/293 (0.3, 0.225, 100, None, 'sort_only', {'h': 1.0, 'm': 0.3, 'l': 0.0, 'u': 0.0, 'e': 0.0}) ...
Currently testing combination 8/293 (0.3, 0.225, 110, None, 'sort_only', {'h': 1.0, 'm': 0.3, 'l': 0.0, 'u': 0.0, 'e': 0.0}) ...
Currently testing combination 9/293 (0.3, 0.225, 120, None, 'sort_only', {'h': 1.0, 'm': 0.3, 'l': 0.0, 'u': 0.0, 'e': 0.0}) ...
Currently testing combination 10/293 (0.3, 0.225, 130, None, 'sort_only', {'h': 1.0, 'm': 0.3, 'l': 0.0, 'u': 0.0, 'e': 0.0}) ...
Currently testing combination 11/293 (0.3, 0.225, 140, None, 'sort_only', {'h': 1.0, 'm': 0.3, 'l': 0.0, 'u': 0.0, 'e': 0.0}) ...
Currently testing combination 12/293 (0.3, 0.225, 150, None, 'sort_only', {'h': 1.0, 'm': 0.3, 'l': 0.0, 'u': 0.0, 'e': 0.0}) ...
Currently testing combination 13/293 (0.3, 0.225, 160, None, 'sort_only', {'h': 1.0, 'm': 0.3, 'l': 0.0, 'u': 0.0, 'e': 0.0}) ...
Currently testing combination 14/293 (0.3, 0.25, 100, None, 'sort_only', {'h': 1.0, 'm': 0.3, 'l': 0.0, 'u': 0.0, 'e': 0.0}) ...
Currently testing combination 15/293 (0.3, 0.25, 110, None, 'sort_only', {'h': 1.0, 'm': 0.3, 'l': 0.0, 'u': 0.0, 'e': 0.0}) ...
Currently testing combination 16/293 (0.3, 0.25, 120, None, 'sort_only', {'h': 1.0, 'm': 0.3, 'l': 0.0, 'u': 0.0, 'e': 0.0}) ...
Currently testing combination 17/293 (0.3, 0.25, 130, None, 'sort_only', {'h': 1.0, 'm': 0.3, 'l': 0.0, 'u': 0.0, 'e': 0.0}) ...
Currently testing combination 18/293 (0.3, 0.25, 140, None, 'sort_only', {'h': 1.0, 'm': 0.3, 'l': 0.0, 'u': 0.0, 'e': 0.0}) ...
Currently testing combination 19/293 (0.3, 0.25, 150, None, 'sort_only', {'h': 1.0, 'm': 0.3, 'l': 0.0, 'u': 0.0, 'e': 0.0}) ...
Currently testing combination 20/293 (0.3, 0.25, 160, None, 'sort_only', {'h': 1.0, 'm': 0.3, 'l': 0.0, 'u': 0.0, 'e': 0.0}) ...
Currently testing combination 21/293 (0.3, 0.275, 100, None, 'sort_only', {'h': 1.0, 'm': 0.3, 'l': 0.0, 'u': 0.0, 'e': 0.0}) ...
Currently testing combination 22/293 (0.3, 0.275, 110, None, 'sort_only', {'h': 1.0, 'm': 0.3, 'l': 0.0, 'u': 0.0, 'e': 0.0}) ...
Currently testing combination 23/293 (0.3, 0.275, 120, None, 'sort_only', {'h': 1.0, 'm': 0.3, 'l': 0.0, 'u': 0.0, 'e': 0.0}) ...
Currently testing combination 24/293 (0.3, 0.275, 130, None, 'sort_only', {'h': 1.0, 'm': 0.3, 'l': 0.0, 'u': 0.0, 'e': 0.0}) ...
Currently testing combination 25/293 (0.3, 0.275, 140, None, 'sort_only', {'h': 1.0, 'm': 0.3, 'l': 0.0, 'u': 0.0, 'e': 0.0}) ...
Currently testing combination 26/293 (0.3, 0.275, 150, None, 'sort_only', {'h': 1.0, 'm': 0.3, 'l': 0.0, 'u': 0.0, 'e': 0.0}) ...
Currently testing combination 27/293 (0.3, 0.275, 160, None, 'sort_only', {'h': 1.0, 'm': 0.3, 'l': 0.0, 'u': 0.0, 'e': 0.0}) ...
Currently testing combination 28/293 (0.3, 0.3, 100, None, 'sort_only', {'h': 1.0, 'm': 0.3, 'l': 0.0, 'u': 0.0, 'e': 0.0}) ...
Currently testing combination 29/293 (0.3, 0.3, 110, None, 'sort_only', {'h': 1.0, 'm': 0.3, 'l': 0.0, 'u': 0.0, 'e': 0.0}) ...
Currently testing combination 30/293 (0.3, 0.3, 120, None, 'sort_only', {'h': 1.0, 'm': 0.3, 'l': 0.0, 'u': 0.0, 'e': 0.0}) ...
Currently testing combination 31/293 (0.3, 0.3, 130, None, 'sort_only', {'h': 1.0, 'm': 0.3, 'l': 0.0, 'u': 0.0, 'e': 0.0}) ...
Currently testing combination 32/293 (0.3, 0.3, 140, None, 'sort_only', {'h': 1.0, 'm': 0.3, 'l': 0.0, 'u': 0.0, 'e': 0.0}) ...
Currently testing combination 33/293 (0.3, 0.3, 150, None, 'sort_only', {'h': 1.0, 'm': 0.3, 'l': 0.0, 'u': 0.0, 'e': 0.0}) ...
Currently testing combination 34/293 (0.3, 0.3, 160, None, 'sort_only', {'h': 1.0, 'm': 0.3, 'l': 0.0, 'u': 0.0, 'e': 0.0}) ...
Currently testing combination 35/293 (0.3, 0.325, 100, None, 'sort_only', {'h': 1.0, 'm': 0.3, 'l': 0.0, 'u': 0.0, 'e': 0.0}) ...
Currently testing combination 36/293 (0.3, 0.325, 110, None, 'sort_only', {'h': 1.0, 'm': 0.3, 'l': 0.0, 'u': 0.0, 'e': 0.0}) ...
Currently testing combination 37/293 (0.3, 0.325, 120, None, 'sort_only', {'h': 1.0, 'm': 0.3, 'l': 0.0, 'u': 0.0, 'e': 0.0}) ...
Currently testing combination 38/293 (0.3, 0.325, 130, None, 'sort_only', {'h': 1.0, 'm': 0.3, 'l': 0.0, 'u': 0.0, 'e': 0.0}) ...
Currently testing combination 39/293 (0.3, 0.325, 140, None, 'sort_only', {'h': 1.0, 'm': 0.3, 'l': 0.0, 'u': 0.0, 'e': 0.0}) ...
Currently testing combination 40/293 (0.3, 0.325, 150, None, 'sort_only', {'h': 1.0, 'm': 0.3, 'l': 0.0, 'u': 0.0, 'e': 0.0}) ...
Currently testing combination 41/293 (0.3, 0.325, 160, None, 'sort_only', {'h': 1.0, 'm': 0.3, 'l': 0.0, 'u': 0.0, 'e': 0.0}) ...
Currently testing combination 42/293 (0.3, 0.35, 100, None, 'sort_only', {'h': 1.0, 'm': 0.3, 'l': 0.0, 'u': 0.0, 'e': 0.0}) ...
Currently testing combination 43/293 (0.3, 0.35, 110, None, 'sort_only', {'h': 1.0, 'm': 0.3, 'l': 0.0, 'u': 0.0, 'e': 0.0}) ...
Currently testing combination 44/293 (0.3, 0.35, 120, None, 'sort_only', {'h': 1.0, 'm': 0.3, 'l': 0.0, 'u': 0.0, 'e': 0.0}) ...
Currently testing combination 45/293 (0.3, 0.35, 130, None, 'sort_only', {'h': 1.0, 'm': 0.3, 'l': 0.0, 'u': 0.0, 'e': 0.0}) ...
Currently testing combination 46/293 (0.3, 0.35, 140, None, 'sort_only', {'h': 1.0, 'm': 0.3, 'l': 0.0, 'u': 0.0, 'e': 0.0}) ...
Currently testing combination 47/293 (0.3, 0.35, 150, None, 'sort_only', {'h': 1.0, 'm': 0.3, 'l': 0.0, 'u': 0.0, 'e': 0.0}) ...
Currently testing combination 48/293 (0.3, 0.35, 160, None, 'sort_only', {'h': 1.0, 'm': 0.3, 'l': 0.0, 'u': 0.0, 'e': 0.0}) ...
Currently testing combination 49/293 (0.4, 0.2, 100, None, 'sort_only', {'h': 1.0, 'm': 0.3, 'l': 0.0, 'u': 0.0, 'e': 0.0}) ...
Currently testing combination 50/293 (0.4, 0.2, 110, None, 'sort_only', {'h': 1.0, 'm': 0.3, 'l': 0.0, 'u': 0.0, 'e': 0.0}) ...
Currently testing combination 51/293 (0.4, 0.2, 120, None, 'sort_only', {'h': 1.0, 'm': 0.3, 'l': 0.0, 'u': 0.0, 'e': 0.0}) ...
Currently testing combination 52/293 (0.4, 0.2, 130, None, 'sort_only', {'h': 1.0, 'm': 0.3, 'l': 0.0, 'u': 0.0, 'e': 0.0}) ...
Currently testing combination 53/293 (0.4, 0.2, 140, None, 'sort_only', {'h': 1.0, 'm': 0.3, 'l': 0.0, 'u': 0.0, 'e': 0.0}) ...
Currently testing combination 54/293 (0.4, 0.2, 150, None, 'sort_only', {'h': 1.0, 'm': 0.3, 'l': 0.0, 'u': 0.0, 'e': 0.0}) ...
Currently testing combination 55/293 (0.4, 0.2, 160, None, 'sort_only', {'h': 1.0, 'm': 0.3, 'l': 0.0, 'u': 0.0, 'e': 0.0}) ...
Currently testing combination 56/293 (0.4, 0.225, 100, None, 'sort_only', {'h': 1.0, 'm': 0.3, 'l': 0.0, 'u': 0.0, 'e': 0.0}) ...
Currently testing combination 57/293 (0.4, 0.225, 110, None, 'sort_only', {'h': 1.0, 'm': 0.3, 'l': 0.0, 'u': 0.0, 'e': 0.0}) ...
Currently testing combination 58/293 (0.4, 0.225, 120, None, 'sort_only', {'h': 1.0, 'm': 0.3, 'l': 0.0, 'u': 0.0, 'e': 0.0}) ...
Currently testing combination 59/293 (0.4, 0.225, 130, None, 'sort_only', {'h': 1.0, 'm': 0.3, 'l': 0.0, 'u': 0.0, 'e': 0.0}) ...
Currently testing combination 60/293 (0.4, 0.225, 140, None, 'sort_only', {'h': 1.0, 'm': 0.3, 'l': 0.0, 'u': 0.0, 'e': 0.0}) ...
Currently testing combination 61/293 (0.4, 0.225, 150, None, 'sort_only', {'h': 1.0, 'm': 0.3, 'l': 0.0, 'u': 0.0, 'e': 0.0}) ...
Currently testing combination 62/293 (0.4, 0.225, 160, None, 'sort_only', {'h': 1.0, 'm': 0.3, 'l': 0.0, 'u': 0.0, 'e': 0.0}) ...
Currently testing combination 63/293 (0.4, 0.25, 100, None, 'sort_only', {'h': 1.0, 'm': 0.3, 'l': 0.0, 'u': 0.0, 'e': 0.0}) ...
Currently testing combination 64/293 (0.4, 0.25, 110, None, 'sort_only', {'h': 1.0, 'm': 0.3, 'l': 0.0, 'u': 0.0, 'e': 0.0}) ...
Currently testing combination 65/293 (0.4, 0.25, 120, None, 'sort_only', {'h': 1.0, 'm': 0.3, 'l': 0.0, 'u': 0.0, 'e': 0.0}) ...
Currently testing combination 66/293 (0.4, 0.25, 130, None, 'sort_only', {'h': 1.0, 'm': 0.3, 'l': 0.0, 'u': 0.0, 'e': 0.0}) ...
Currently testing combination 67/293 (0.4, 0.25, 140, None, 'sort_only', {'h': 1.0, 'm': 0.3, 'l': 0.0, 'u': 0.0, 'e': 0.0}) ...
Currently testing combination 68/293 (0.4, 0.25, 150, None, 'sort_only', {'h': 1.0, 'm': 0.3, 'l': 0.0, 'u': 0.0, 'e': 0.0}) ...
Currently testing combination 69/293 (0.4, 0.25, 160, None, 'sort_only', {'h': 1.0, 'm': 0.3, 'l': 0.0, 'u': 0.0, 'e': 0.0}) ...
Currently testing combination 70/293 (0.4, 0.275, 100, None, 'sort_only', {'h': 1.0, 'm': 0.3, 'l': 0.0, 'u': 0.0, 'e': 0.0}) ...
Currently testing combination 71/293 (0.4, 0.275, 110, None, 'sort_only', {'h': 1.0, 'm': 0.3, 'l': 0.0, 'u': 0.0, 'e': 0.0}) ...
Currently testing combination 72/293 (0.4, 0.275, 120, None, 'sort_only', {'h': 1.0, 'm': 0.3, 'l': 0.0, 'u': 0.0, 'e': 0.0}) ...
Currently testing combination 73/293 (0.4, 0.275, 130, None, 'sort_only', {'h': 1.0, 'm': 0.3, 'l': 0.0, 'u': 0.0, 'e': 0.0}) ...
Currently testing combination 74/293 (0.4, 0.275, 140, None, 'sort_only', {'h': 1.0, 'm': 0.3, 'l': 0.0, 'u': 0.0, 'e': 0.0}) ...
Currently testing combination 75/293 (0.4, 0.275, 150, None, 'sort_only', {'h': 1.0, 'm': 0.3, 'l': 0.0, 'u': 0.0, 'e': 0.0}) ...
Currently testing combination 76/293 (0.4, 0.275, 160, None, 'sort_only', {'h': 1.0, 'm': 0.3, 'l': 0.0, 'u': 0.0, 'e': 0.0}) ...
Currently testing combination 77/293 (0.4, 0.3, 100, None, 'sort_only', {'h': 1.0, 'm': 0.3, 'l': 0.0, 'u': 0.0, 'e': 0.0}) ...
Currently testing combination 78/293 (0.4, 0.3, 110, None, 'sort_only', {'h': 1.0, 'm': 0.3, 'l': 0.0, 'u': 0.0, 'e': 0.0}) ...
Currently testing combination 79/293 (0.4, 0.3, 120, None, 'sort_only', {'h': 1.0, 'm': 0.3, 'l': 0.0, 'u': 0.0, 'e': 0.0}) ...
Currently testing combination 80/293 (0.4, 0.3, 130, None, 'sort_only', {'h': 1.0, 'm': 0.3, 'l': 0.0, 'u': 0.0, 'e': 0.0}) ...
Currently testing combination 81/293 (0.4, 0.3, 140, None, 'sort_only', {'h': 1.0, 'm': 0.3, 'l': 0.0, 'u': 0.0, 'e': 0.0}) ...
Currently testing combination 82/293 (0.4, 0.3, 150, None, 'sort_only', {'h': 1.0, 'm': 0.3, 'l': 0.0, 'u': 0.0, 'e': 0.0}) ...
Currently testing combination 83/293 (0.4, 0.3, 160, None, 'sort_only', {'h': 1.0, 'm': 0.3, 'l': 0.0, 'u': 0.0, 'e': 0.0}) ...
Currently testing combination 84/293 (0.4, 0.325, 100, None, 'sort_only', {'h': 1.0, 'm': 0.3, 'l': 0.0, 'u': 0.0, 'e': 0.0}) ...
Currently testing combination 85/293 (0.4, 0.325, 110, None, 'sort_only', {'h': 1.0, 'm': 0.3, 'l': 0.0, 'u': 0.0, 'e': 0.0}) ...
Currently testing combination 86/293 (0.4, 0.325, 120, None, 'sort_only', {'h': 1.0, 'm': 0.3, 'l': 0.0, 'u': 0.0, 'e': 0.0}) ...
Currently testing combination 87/293 (0.4, 0.325, 130, None, 'sort_only', {'h': 1.0, 'm': 0.3, 'l': 0.0, 'u': 0.0, 'e': 0.0}) ...
Currently testing combination 88/293 (0.4, 0.325, 140, None, 'sort_only', {'h': 1.0, 'm': 0.3, 'l': 0.0, 'u': 0.0, 'e': 0.0}) ...
Currently testing combination 89/293 (0.4, 0.325, 150, None, 'sort_only', {'h': 1.0, 'm': 0.3, 'l': 0.0, 'u': 0.0, 'e': 0.0}) ...
Currently testing combination 90/293 (0.4, 0.325, 160, None, 'sort_only', {'h': 1.0, 'm': 0.3, 'l': 0.0, 'u': 0.0, 'e': 0.0}) ...
Currently testing combination 91/293 (0.4, 0.35, 100, None, 'sort_only', {'h': 1.0, 'm': 0.3, 'l': 0.0, 'u': 0.0, 'e': 0.0}) ...
Currently testing combination 92/293 (0.4, 0.35, 110, None, 'sort_only', {'h': 1.0, 'm': 0.3, 'l': 0.0, 'u': 0.0, 'e': 0.0}) ...
Currently testing combination 93/293 (0.4, 0.35, 120, None, 'sort_only', {'h': 1.0, 'm': 0.3, 'l': 0.0, 'u': 0.0, 'e': 0.0}) ...
Currently testing combination 94/293 (0.4, 0.35, 130, None, 'sort_only', {'h': 1.0, 'm': 0.3, 'l': 0.0, 'u': 0.0, 'e': 0.0}) ...
Currently testing combination 95/293 (0.4, 0.35, 140, None, 'sort_only', {'h': 1.0, 'm': 0.3, 'l': 0.0, 'u': 0.0, 'e': 0.0}) ...
Currently testing combination 96/293 (0.4, 0.35, 150, None, 'sort_only', {'h': 1.0, 'm': 0.3, 'l': 0.0, 'u': 0.0, 'e': 0.0}) ...
Currently testing combination 97/293 (0.4, 0.35, 160, None, 'sort_only', {'h': 1.0, 'm': 0.3, 'l': 0.0, 'u': 0.0, 'e': 0.0}) ...
Currently testing combination 98/293 (0.5, 0.2, 100, None, 'sort_only', {'h': 1.0, 'm': 0.3, 'l': 0.0, 'u': 0.0, 'e': 0.0}) ...
Currently testing combination 99/293 (0.5, 0.2, 110, None, 'sort_only', {'h': 1.0, 'm': 0.3, 'l': 0.0, 'u': 0.0, 'e': 0.0}) ...
Currently testing combination 100/293 (0.5, 0.2, 120, None, 'sort_only', {'h': 1.0, 'm': 0.3, 'l': 0.0, 'u': 0.0, 'e': 0.0}) ...
Currently testing combination 101/293 (0.5, 0.2, 130, None, 'sort_only', {'h': 1.0, 'm': 0.3, 'l': 0.0, 'u': 0.0, 'e': 0.0}) ...
Currently testing combination 102/293 (0.5, 0.2, 140, None, 'sort_only', {'h': 1.0, 'm': 0.3, 'l': 0.0, 'u': 0.0, 'e': 0.0}) ...
Currently testing combination 103/293 (0.5, 0.2, 150, None, 'sort_only', {'h': 1.0, 'm': 0.3, 'l': 0.0, 'u': 0.0, 'e': 0.0}) ...
Currently testing combination 104/293 (0.5, 0.2, 160, None, 'sort_only', {'h': 1.0, 'm': 0.3, 'l': 0.0, 'u': 0.0, 'e': 0.0}) ...
Currently testing combination 105/293 (0.5, 0.225, 100, None, 'sort_only', {'h': 1.0, 'm': 0.3, 'l': 0.0, 'u': 0.0, 'e': 0.0}) ...
Currently testing combination 106/293 (0.5, 0.225, 110, None, 'sort_only', {'h': 1.0, 'm': 0.3, 'l': 0.0, 'u': 0.0, 'e': 0.0}) ...
Currently testing combination 107/293 (0.5, 0.225, 120, None, 'sort_only', {'h': 1.0, 'm': 0.3, 'l': 0.0, 'u': 0.0, 'e': 0.0}) ...
Currently testing combination 108/293 (0.5, 0.225, 130, None, 'sort_only', {'h': 1.0, 'm': 0.3, 'l': 0.0, 'u': 0.0, 'e': 0.0}) ...
Currently testing combination 109/293 (0.5, 0.225, 140, None, 'sort_only', {'h': 1.0, 'm': 0.3, 'l': 0.0, 'u': 0.0, 'e': 0.0}) ...
Currently testing combination 110/293 (0.5, 0.225, 150, None, 'sort_only', {'h': 1.0, 'm': 0.3, 'l': 0.0, 'u': 0.0, 'e': 0.0}) ...
Currently testing combination 111/293 (0.5, 0.225, 160, None, 'sort_only', {'h': 1.0, 'm': 0.3, 'l': 0.0, 'u': 0.0, 'e': 0.0}) ...
Currently testing combination 112/293 (0.5, 0.25, 100, None, 'sort_only', {'h': 1.0, 'm': 0.3, 'l': 0.0, 'u': 0.0, 'e': 0.0}) ...
Currently testing combination 113/293 (0.5, 0.25, 110, None, 'sort_only', {'h': 1.0, 'm': 0.3, 'l': 0.0, 'u': 0.0, 'e': 0.0}) ...
Currently testing combination 114/293 (0.5, 0.25, 120, None, 'sort_only', {'h': 1.0, 'm': 0.3, 'l': 0.0, 'u': 0.0, 'e': 0.0}) ...
Currently testing combination 115/293 (0.5, 0.25, 130, None, 'sort_only', {'h': 1.0, 'm': 0.3, 'l': 0.0, 'u': 0.0, 'e': 0.0}) ...
Currently testing combination 116/293 (0.5, 0.25, 140, None, 'sort_only', {'h': 1.0, 'm': 0.3, 'l': 0.0, 'u': 0.0, 'e': 0.0}) ...
Currently testing combination 117/293 (0.5, 0.25, 150, None, 'sort_only', {'h': 1.0, 'm': 0.3, 'l': 0.0, 'u': 0.0, 'e': 0.0}) ...
Currently testing combination 118/293 (0.5, 0.25, 160, None, 'sort_only', {'h': 1.0, 'm': 0.3, 'l': 0.0, 'u': 0.0, 'e': 0.0}) ...
Currently testing combination 119/293 (0.5, 0.275, 100, None, 'sort_only', {'h': 1.0, 'm': 0.3, 'l': 0.0, 'u': 0.0, 'e': 0.0}) ...
Currently testing combination 120/293 (0.5, 0.275, 110, None, 'sort_only', {'h': 1.0, 'm': 0.3, 'l': 0.0, 'u': 0.0, 'e': 0.0}) ...
Currently testing combination 121/293 (0.5, 0.275, 120, None, 'sort_only', {'h': 1.0, 'm': 0.3, 'l': 0.0, 'u': 0.0, 'e': 0.0}) ...
Currently testing combination 122/293 (0.5, 0.275, 130, None, 'sort_only', {'h': 1.0, 'm': 0.3, 'l': 0.0, 'u': 0.0, 'e': 0.0}) ...
Currently testing combination 123/293 (0.5, 0.275, 140, None, 'sort_only', {'h': 1.0, 'm': 0.3, 'l': 0.0, 'u': 0.0, 'e': 0.0}) ...
Currently testing combination 124/293 (0.5, 0.275, 150, None, 'sort_only', {'h': 1.0, 'm': 0.3, 'l': 0.0, 'u': 0.0, 'e': 0.0}) ...
Currently testing combination 125/293 (0.5, 0.275, 160, None, 'sort_only', {'h': 1.0, 'm': 0.3, 'l': 0.0, 'u': 0.0, 'e': 0.0}) ...
Currently testing combination 126/293 (0.5, 0.3, 100, None, 'sort_only', {'h': 1.0, 'm': 0.3, 'l': 0.0, 'u': 0.0, 'e': 0.0}) ...
Currently testing combination 127/293 (0.5, 0.3, 110, None, 'sort_only', {'h': 1.0, 'm': 0.3, 'l': 0.0, 'u': 0.0, 'e': 0.0}) ...
Currently testing combination 128/293 (0.5, 0.3, 120, None, 'sort_only', {'h': 1.0, 'm': 0.3, 'l': 0.0, 'u': 0.0, 'e': 0.0}) ...
Currently testing combination 129/293 (0.5, 0.3, 130, None, 'sort_only', {'h': 1.0, 'm': 0.3, 'l': 0.0, 'u': 0.0, 'e': 0.0}) ...
Currently testing combination 130/293 (0.5, 0.3, 140, None, 'sort_only', {'h': 1.0, 'm': 0.3, 'l': 0.0, 'u': 0.0, 'e': 0.0}) ...
Currently testing combination 131/293 (0.5, 0.3, 150, None, 'sort_only', {'h': 1.0, 'm': 0.3, 'l': 0.0, 'u': 0.0, 'e': 0.0}) ...
Currently testing combination 132/293 (0.5, 0.3, 160, None, 'sort_only', {'h': 1.0, 'm': 0.3, 'l': 0.0, 'u': 0.0, 'e': 0.0}) ...
Currently testing combination 133/293 (0.5, 0.325, 100, None, 'sort_only', {'h': 1.0, 'm': 0.3, 'l': 0.0, 'u': 0.0, 'e': 0.0}) ...
Currently testing combination 134/293 (0.5, 0.325, 110, None, 'sort_only', {'h': 1.0, 'm': 0.3, 'l': 0.0, 'u': 0.0, 'e': 0.0}) ...
Currently testing combination 135/293 (0.5, 0.325, 120, None, 'sort_only', {'h': 1.0, 'm': 0.3, 'l': 0.0, 'u': 0.0, 'e': 0.0}) ...
Currently testing combination 136/293 (0.5, 0.325, 130, None, 'sort_only', {'h': 1.0, 'm': 0.3, 'l': 0.0, 'u': 0.0, 'e': 0.0}) ...
Currently testing combination 137/293 (0.5, 0.325, 140, None, 'sort_only', {'h': 1.0, 'm': 0.3, 'l': 0.0, 'u': 0.0, 'e': 0.0}) ...
Currently testing combination 138/293 (0.5, 0.325, 150, None, 'sort_only', {'h': 1.0, 'm': 0.3, 'l': 0.0, 'u': 0.0, 'e': 0.0}) ...
Currently testing combination 139/293 (0.5, 0.325, 160, None, 'sort_only', {'h': 1.0, 'm': 0.3, 'l': 0.0, 'u': 0.0, 'e': 0.0}) ...
Currently testing combination 140/293 (0.5, 0.35, 100, None, 'sort_only', {'h': 1.0, 'm': 0.3, 'l': 0.0, 'u': 0.0, 'e': 0.0}) ...
Currently testing combination 141/293 (0.5, 0.35, 110, None, 'sort_only', {'h': 1.0, 'm': 0.3, 'l': 0.0, 'u': 0.0, 'e': 0.0}) ...
Currently testing combination 142/293 (0.5, 0.35, 120, None, 'sort_only', {'h': 1.0, 'm': 0.3, 'l': 0.0, 'u': 0.0, 'e': 0.0}) ...
Currently testing combination 143/293 (0.5, 0.35, 130, None, 'sort_only', {'h': 1.0, 'm': 0.3, 'l': 0.0, 'u': 0.0, 'e': 0.0}) ...
Currently testing combination 144/293 (0.5, 0.35, 140, None, 'sort_only', {'h': 1.0, 'm': 0.3, 'l': 0.0, 'u': 0.0, 'e': 0.0}) ...
Currently testing combination 145/293 (0.5, 0.35, 150, None, 'sort_only', {'h': 1.0, 'm': 0.3, 'l': 0.0, 'u': 0.0, 'e': 0.0}) ...
Currently testing combination 146/293 (0.5, 0.35, 160, None, 'sort_only', {'h': 1.0, 'm': 0.3, 'l': 0.0, 'u': 0.0, 'e': 0.0}) ...
Currently testing combination 147/293 (0.6, 0.2, 100, None, 'sort_only', {'h': 1.0, 'm': 0.3, 'l': 0.0, 'u': 0.0, 'e': 0.0}) ...
Currently testing combination 148/293 (0.6, 0.2, 110, None, 'sort_only', {'h': 1.0, 'm': 0.3, 'l': 0.0, 'u': 0.0, 'e': 0.0}) ...
Currently testing combination 149/293 (0.6, 0.2, 120, None, 'sort_only', {'h': 1.0, 'm': 0.3, 'l': 0.0, 'u': 0.0, 'e': 0.0}) ...
Currently testing combination 150/293 (0.6, 0.2, 130, None, 'sort_only', {'h': 1.0, 'm': 0.3, 'l': 0.0, 'u': 0.0, 'e': 0.0}) ...
Currently testing combination 151/293 (0.6, 0.2, 140, None, 'sort_only', {'h': 1.0, 'm': 0.3, 'l': 0.0, 'u': 0.0, 'e': 0.0}) ...
Currently testing combination 152/293 (0.6, 0.2, 150, None, 'sort_only', {'h': 1.0, 'm': 0.3, 'l': 0.0, 'u': 0.0, 'e': 0.0}) ...
Currently testing combination 153/293 (0.6, 0.2, 160, None, 'sort_only', {'h': 1.0, 'm': 0.3, 'l': 0.0, 'u': 0.0, 'e': 0.0}) ...
Currently testing combination 154/293 (0.6, 0.225, 100, None, 'sort_only', {'h': 1.0, 'm': 0.3, 'l': 0.0, 'u': 0.0, 'e': 0.0}) ...
Currently testing combination 155/293 (0.6, 0.225, 110, None, 'sort_only', {'h': 1.0, 'm': 0.3, 'l': 0.0, 'u': 0.0, 'e': 0.0}) ...
Currently testing combination 156/293 (0.6, 0.225, 120, None, 'sort_only', {'h': 1.0, 'm': 0.3, 'l': 0.0, 'u': 0.0, 'e': 0.0}) ...
Currently testing combination 157/293 (0.6, 0.225, 130, None, 'sort_only', {'h': 1.0, 'm': 0.3, 'l': 0.0, 'u': 0.0, 'e': 0.0}) ...
Currently testing combination 158/293 (0.6, 0.225, 140, None, 'sort_only', {'h': 1.0, 'm': 0.3, 'l': 0.0, 'u': 0.0, 'e': 0.0}) ...
Currently testing combination 159/293 (0.6, 0.225, 150, None, 'sort_only', {'h': 1.0, 'm': 0.3, 'l': 0.0, 'u': 0.0, 'e': 0.0}) ...
Currently testing combination 160/293 (0.6, 0.225, 160, None, 'sort_only', {'h': 1.0, 'm': 0.3, 'l': 0.0, 'u': 0.0, 'e': 0.0}) ...
Currently testing combination 161/293 (0.6, 0.25, 100, None, 'sort_only', {'h': 1.0, 'm': 0.3, 'l': 0.0, 'u': 0.0, 'e': 0.0}) ...
Currently testing combination 162/293 (0.6, 0.25, 110, None, 'sort_only', {'h': 1.0, 'm': 0.3, 'l': 0.0, 'u': 0.0, 'e': 0.0}) ...
Currently testing combination 163/293 (0.6, 0.25, 120, None, 'sort_only', {'h': 1.0, 'm': 0.3, 'l': 0.0, 'u': 0.0, 'e': 0.0}) ...
Currently testing combination 164/293 (0.6, 0.25, 130, None, 'sort_only', {'h': 1.0, 'm': 0.3, 'l': 0.0, 'u': 0.0, 'e': 0.0}) ...
Currently testing combination 165/293 (0.6, 0.25, 140, None, 'sort_only', {'h': 1.0, 'm': 0.3, 'l': 0.0, 'u': 0.0, 'e': 0.0}) ...
Currently testing combination 166/293 (0.6, 0.25, 150, None, 'sort_only', {'h': 1.0, 'm': 0.3, 'l': 0.0, 'u': 0.0, 'e': 0.0}) ...
Currently testing combination 167/293 (0.6, 0.25, 160, None, 'sort_only', {'h': 1.0, 'm': 0.3, 'l': 0.0, 'u': 0.0, 'e': 0.0}) ...
Currently testing combination 168/293 (0.6, 0.275, 100, None, 'sort_only', {'h': 1.0, 'm': 0.3, 'l': 0.0, 'u': 0.0, 'e': 0.0}) ...
Currently testing combination 169/293 (0.6, 0.275, 110, None, 'sort_only', {'h': 1.0, 'm': 0.3, 'l': 0.0, 'u': 0.0, 'e': 0.0}) ...
Currently testing combination 170/293 (0.6, 0.275, 120, None, 'sort_only', {'h': 1.0, 'm': 0.3, 'l': 0.0, 'u': 0.0, 'e': 0.0}) ...
Currently testing combination 171/293 (0.6, 0.275, 130, None, 'sort_only', {'h': 1.0, 'm': 0.3, 'l': 0.0, 'u': 0.0, 'e': 0.0}) ...
Currently testing combination 172/293 (0.6, 0.275, 140, None, 'sort_only', {'h': 1.0, 'm': 0.3, 'l': 0.0, 'u': 0.0, 'e': 0.0}) ...
Currently testing combination 173/293 (0.6, 0.275, 150, None, 'sort_only', {'h': 1.0, 'm': 0.3, 'l': 0.0, 'u': 0.0, 'e': 0.0}) ...
Currently testing combination 174/293 (0.6, 0.275, 160, None, 'sort_only', {'h': 1.0, 'm': 0.3, 'l': 0.0, 'u': 0.0, 'e': 0.0}) ...
Currently testing combination 175/293 (0.6, 0.3, 100, None, 'sort_only', {'h': 1.0, 'm': 0.3, 'l': 0.0, 'u': 0.0, 'e': 0.0}) ...
Currently testing combination 176/293 (0.6, 0.3, 110, None, 'sort_only', {'h': 1.0, 'm': 0.3, 'l': 0.0, 'u': 0.0, 'e': 0.0}) ...
Currently testing combination 177/293 (0.6, 0.3, 120, None, 'sort_only', {'h': 1.0, 'm': 0.3, 'l': 0.0, 'u': 0.0, 'e': 0.0}) ...
Currently testing combination 178/293 (0.6, 0.3, 130, None, 'sort_only', {'h': 1.0, 'm': 0.3, 'l': 0.0, 'u': 0.0, 'e': 0.0}) ...
Currently testing combination 179/293 (0.6, 0.3, 140, None, 'sort_only', {'h': 1.0, 'm': 0.3, 'l': 0.0, 'u': 0.0, 'e': 0.0}) ...
Currently testing combination 180/293 (0.6, 0.3, 150, None, 'sort_only', {'h': 1.0, 'm': 0.3, 'l': 0.0, 'u': 0.0, 'e': 0.0}) ...
Currently testing combination 181/293 (0.6, 0.3, 160, None, 'sort_only', {'h': 1.0, 'm': 0.3, 'l': 0.0, 'u': 0.0, 'e': 0.0}) ...
Currently testing combination 182/293 (0.6, 0.325, 100, None, 'sort_only', {'h': 1.0, 'm': 0.3, 'l': 0.0, 'u': 0.0, 'e': 0.0}) ...
Currently testing combination 183/293 (0.6, 0.325, 110, None, 'sort_only', {'h': 1.0, 'm': 0.3, 'l': 0.0, 'u': 0.0, 'e': 0.0}) ...
Currently testing combination 184/293 (0.6, 0.325, 120, None, 'sort_only', {'h': 1.0, 'm': 0.3, 'l': 0.0, 'u': 0.0, 'e': 0.0}) ...
Currently testing combination 185/293 (0.6, 0.325, 130, None, 'sort_only', {'h': 1.0, 'm': 0.3, 'l': 0.0, 'u': 0.0, 'e': 0.0}) ...
Currently testing combination 186/293 (0.6, 0.325, 140, None, 'sort_only', {'h': 1.0, 'm': 0.3, 'l': 0.0, 'u': 0.0, 'e': 0.0}) ...
Currently testing combination 187/293 (0.6, 0.325, 150, None, 'sort_only', {'h': 1.0, 'm': 0.3, 'l': 0.0, 'u': 0.0, 'e': 0.0}) ...
Currently testing combination 188/293 (0.6, 0.325, 160, None, 'sort_only', {'h': 1.0, 'm': 0.3, 'l': 0.0, 'u': 0.0, 'e': 0.0}) ...
Currently testing combination 189/293 (0.6, 0.35, 100, None, 'sort_only', {'h': 1.0, 'm': 0.3, 'l': 0.0, 'u': 0.0, 'e': 0.0}) ...
Currently testing combination 190/293 (0.6, 0.35, 110, None, 'sort_only', {'h': 1.0, 'm': 0.3, 'l': 0.0, 'u': 0.0, 'e': 0.0}) ...
Currently testing combination 191/293 (0.6, 0.35, 120, None, 'sort_only', {'h': 1.0, 'm': 0.3, 'l': 0.0, 'u': 0.0, 'e': 0.0}) ...
Currently testing combination 192/293 (0.6, 0.35, 130, None, 'sort_only', {'h': 1.0, 'm': 0.3, 'l': 0.0, 'u': 0.0, 'e': 0.0}) ...
Currently testing combination 193/293 (0.6, 0.35, 140, None, 'sort_only', {'h': 1.0, 'm': 0.3, 'l': 0.0, 'u': 0.0, 'e': 0.0}) ...
Currently testing combination 194/293 (0.6, 0.35, 150, None, 'sort_only', {'h': 1.0, 'm': 0.3, 'l': 0.0, 'u': 0.0, 'e': 0.0}) ...
Currently testing combination 195/293 (0.6, 0.35, 160, None, 'sort_only', {'h': 1.0, 'm': 0.3, 'l': 0.0, 'u': 0.0, 'e': 0.0}) ...
Currently testing combination 196/293 (0.7, 0.2, 100, None, 'sort_only', {'h': 1.0, 'm': 0.3, 'l': 0.0, 'u': 0.0, 'e': 0.0}) ...
Currently testing combination 197/293 (0.7, 0.2, 110, None, 'sort_only', {'h': 1.0, 'm': 0.3, 'l': 0.0, 'u': 0.0, 'e': 0.0}) ...
Currently testing combination 198/293 (0.7, 0.2, 120, None, 'sort_only', {'h': 1.0, 'm': 0.3, 'l': 0.0, 'u': 0.0, 'e': 0.0}) ...
Currently testing combination 199/293 (0.7, 0.2, 130, None, 'sort_only', {'h': 1.0, 'm': 0.3, 'l': 0.0, 'u': 0.0, 'e': 0.0}) ...
Currently testing combination 200/293 (0.7, 0.2, 140, None, 'sort_only', {'h': 1.0, 'm': 0.3, 'l': 0.0, 'u': 0.0, 'e': 0.0}) ...
Currently testing combination 201/293 (0.7, 0.2, 150, None, 'sort_only', {'h': 1.0, 'm': 0.3, 'l': 0.0, 'u': 0.0, 'e': 0.0}) ...
Currently testing combination 202/293 (0.7, 0.2, 160, None, 'sort_only', {'h': 1.0, 'm': 0.3, 'l': 0.0, 'u': 0.0, 'e': 0.0}) ...
Currently testing combination 203/293 (0.7, 0.225, 100, None, 'sort_only', {'h': 1.0, 'm': 0.3, 'l': 0.0, 'u': 0.0, 'e': 0.0}) ...
Currently testing combination 204/293 (0.7, 0.225, 110, None, 'sort_only', {'h': 1.0, 'm': 0.3, 'l': 0.0, 'u': 0.0, 'e': 0.0}) ...
Currently testing combination 205/293 (0.7, 0.225, 120, None, 'sort_only', {'h': 1.0, 'm': 0.3, 'l': 0.0, 'u': 0.0, 'e': 0.0}) ...
Currently testing combination 206/293 (0.7, 0.225, 130, None, 'sort_only', {'h': 1.0, 'm': 0.3, 'l': 0.0, 'u': 0.0, 'e': 0.0}) ...
Currently testing combination 207/293 (0.7, 0.225, 140, None, 'sort_only', {'h': 1.0, 'm': 0.3, 'l': 0.0, 'u': 0.0, 'e': 0.0}) ...
Currently testing combination 208/293 (0.7, 0.225, 150, None, 'sort_only', {'h': 1.0, 'm': 0.3, 'l': 0.0, 'u': 0.0, 'e': 0.0}) ...
Currently testing combination 209/293 (0.7, 0.225, 160, None, 'sort_only', {'h': 1.0, 'm': 0.3, 'l': 0.0, 'u': 0.0, 'e': 0.0}) ...
Currently testing combination 210/293 (0.7, 0.25, 100, None, 'sort_only', {'h': 1.0, 'm': 0.3, 'l': 0.0, 'u': 0.0, 'e': 0.0}) ...
Currently testing combination 211/293 (0.7, 0.25, 110, None, 'sort_only', {'h': 1.0, 'm': 0.3, 'l': 0.0, 'u': 0.0, 'e': 0.0}) ...
Currently testing combination 212/293 (0.7, 0.25, 120, None, 'sort_only', {'h': 1.0, 'm': 0.3, 'l': 0.0, 'u': 0.0, 'e': 0.0}) ...
Currently testing combination 213/293 (0.7, 0.25, 130, None, 'sort_only', {'h': 1.0, 'm': 0.3, 'l': 0.0, 'u': 0.0, 'e': 0.0}) ...
Currently testing combination 214/293 (0.7, 0.25, 140, None, 'sort_only', {'h': 1.0, 'm': 0.3, 'l': 0.0, 'u': 0.0, 'e': 0.0}) ...
Currently testing combination 215/293 (0.7, 0.25, 150, None, 'sort_only', {'h': 1.0, 'm': 0.3, 'l': 0.0, 'u': 0.0, 'e': 0.0}) ...
Currently testing combination 216/293 (0.7, 0.25, 160, None, 'sort_only', {'h': 1.0, 'm': 0.3, 'l': 0.0, 'u': 0.0, 'e': 0.0}) ...
Currently testing combination 217/293 (0.7, 0.275, 100, None, 'sort_only', {'h': 1.0, 'm': 0.3, 'l': 0.0, 'u': 0.0, 'e': 0.0}) ...
Currently testing combination 218/293 (0.7, 0.275, 110, None, 'sort_only', {'h': 1.0, 'm': 0.3, 'l': 0.0, 'u': 0.0, 'e': 0.0}) ...
Currently testing combination 219/293 (0.7, 0.275, 120, None, 'sort_only', {'h': 1.0, 'm': 0.3, 'l': 0.0, 'u': 0.0, 'e': 0.0}) ...
Currently testing combination 220/293 (0.7, 0.275, 130, None, 'sort_only', {'h': 1.0, 'm': 0.3, 'l': 0.0, 'u': 0.0, 'e': 0.0}) ...
Currently testing combination 221/293 (0.7, 0.275, 140, None, 'sort_only', {'h': 1.0, 'm': 0.3, 'l': 0.0, 'u': 0.0, 'e': 0.0}) ...
Currently testing combination 222/293 (0.7, 0.275, 150, None, 'sort_only', {'h': 1.0, 'm': 0.3, 'l': 0.0, 'u': 0.0, 'e': 0.0}) ...
Currently testing combination 223/293 (0.7, 0.275, 160, None, 'sort_only', {'h': 1.0, 'm': 0.3, 'l': 0.0, 'u': 0.0, 'e': 0.0}) ...
Currently testing combination 224/293 (0.7, 0.3, 100, None, 'sort_only', {'h': 1.0, 'm': 0.3, 'l': 0.0, 'u': 0.0, 'e': 0.0}) ...
Currently testing combination 225/293 (0.7, 0.3, 110, None, 'sort_only', {'h': 1.0, 'm': 0.3, 'l': 0.0, 'u': 0.0, 'e': 0.0}) ...
Currently testing combination 226/293 (0.7, 0.3, 120, None, 'sort_only', {'h': 1.0, 'm': 0.3, 'l': 0.0, 'u': 0.0, 'e': 0.0}) ...
Currently testing combination 227/293 (0.7, 0.3, 130, None, 'sort_only', {'h': 1.0, 'm': 0.3, 'l': 0.0, 'u': 0.0, 'e': 0.0}) ...
Currently testing combination 228/293 (0.7, 0.3, 140, None, 'sort_only', {'h': 1.0, 'm': 0.3, 'l': 0.0, 'u': 0.0, 'e': 0.0}) ...
Currently testing combination 229/293 (0.7, 0.3, 150, None, 'sort_only', {'h': 1.0, 'm': 0.3, 'l': 0.0, 'u': 0.0, 'e': 0.0}) ...
Currently testing combination 230/293 (0.7, 0.3, 160, None, 'sort_only', {'h': 1.0, 'm': 0.3, 'l': 0.0, 'u': 0.0, 'e': 0.0}) ...
Currently testing combination 231/293 (0.7, 0.325, 100, None, 'sort_only', {'h': 1.0, 'm': 0.3, 'l': 0.0, 'u': 0.0, 'e': 0.0}) ...
Currently testing combination 232/293 (0.7, 0.325, 110, None, 'sort_only', {'h': 1.0, 'm': 0.3, 'l': 0.0, 'u': 0.0, 'e': 0.0}) ...
Currently testing combination 233/293 (0.7, 0.325, 120, None, 'sort_only', {'h': 1.0, 'm': 0.3, 'l': 0.0, 'u': 0.0, 'e': 0.0}) ...
Currently testing combination 234/293 (0.7, 0.325, 130, None, 'sort_only', {'h': 1.0, 'm': 0.3, 'l': 0.0, 'u': 0.0, 'e': 0.0}) ...
Currently testing combination 235/293 (0.7, 0.325, 140, None, 'sort_only', {'h': 1.0, 'm': 0.3, 'l': 0.0, 'u': 0.0, 'e': 0.0}) ...
Currently testing combination 236/293 (0.7, 0.325, 150, None, 'sort_only', {'h': 1.0, 'm': 0.3, 'l': 0.0, 'u': 0.0, 'e': 0.0}) ...
Currently testing combination 237/293 (0.7, 0.325, 160, None, 'sort_only', {'h': 1.0, 'm': 0.3, 'l': 0.0, 'u': 0.0, 'e': 0.0}) ...
Currently testing combination 238/293 (0.7, 0.35, 100, None, 'sort_only', {'h': 1.0, 'm': 0.3, 'l': 0.0, 'u': 0.0, 'e': 0.0}) ...
Currently testing combination 239/293 (0.7, 0.35, 110, None, 'sort_only', {'h': 1.0, 'm': 0.3, 'l': 0.0, 'u': 0.0, 'e': 0.0}) ...
Currently testing combination 240/293 (0.7, 0.35, 120, None, 'sort_only', {'h': 1.0, 'm': 0.3, 'l': 0.0, 'u': 0.0, 'e': 0.0}) ...
Currently testing combination 241/293 (0.7, 0.35, 130, None, 'sort_only', {'h': 1.0, 'm': 0.3, 'l': 0.0, 'u': 0.0, 'e': 0.0}) ...
Currently testing combination 242/293 (0.7, 0.35, 140, None, 'sort_only', {'h': 1.0, 'm': 0.3, 'l': 0.0, 'u': 0.0, 'e': 0.0}) ...
Currently testing combination 243/293 (0.7, 0.35, 150, None, 'sort_only', {'h': 1.0, 'm': 0.3, 'l': 0.0, 'u': 0.0, 'e': 0.0}) ...
Currently testing combination 244/293 (0.7, 0.35, 160, None, 'sort_only', {'h': 1.0, 'm': 0.3, 'l': 0.0, 'u': 0.0, 'e': 0.0}) ...
Currently testing combination 245/293 (0.8, 0.2, 100, None, 'sort_only', {'h': 1.0, 'm': 0.3, 'l': 0.0, 'u': 0.0, 'e': 0.0}) ...
Currently testing combination 246/293 (0.8, 0.2, 110, None, 'sort_only', {'h': 1.0, 'm': 0.3, 'l': 0.0, 'u': 0.0, 'e': 0.0}) ...
Currently testing combination 247/293 (0.8, 0.2, 120, None, 'sort_only', {'h': 1.0, 'm': 0.3, 'l': 0.0, 'u': 0.0, 'e': 0.0}) ...
Currently testing combination 248/293 (0.8, 0.2, 130, None, 'sort_only', {'h': 1.0, 'm': 0.3, 'l': 0.0, 'u': 0.0, 'e': 0.0}) ...
Currently testing combination 249/293 (0.8, 0.2, 140, None, 'sort_only', {'h': 1.0, 'm': 0.3, 'l': 0.0, 'u': 0.0, 'e': 0.0}) ...
Currently testing combination 250/293 (0.8, 0.2, 150, None, 'sort_only', {'h': 1.0, 'm': 0.3, 'l': 0.0, 'u': 0.0, 'e': 0.0}) ...
Currently testing combination 251/293 (0.8, 0.2, 160, None, 'sort_only', {'h': 1.0, 'm': 0.3, 'l': 0.0, 'u': 0.0, 'e': 0.0}) ...
Currently testing combination 252/293 (0.8, 0.225, 100, None, 'sort_only', {'h': 1.0, 'm': 0.3, 'l': 0.0, 'u': 0.0, 'e': 0.0}) ...
Currently testing combination 253/293 (0.8, 0.225, 110, None, 'sort_only', {'h': 1.0, 'm': 0.3, 'l': 0.0, 'u': 0.0, 'e': 0.0}) ...
Currently testing combination 254/293 (0.8, 0.225, 120, None, 'sort_only', {'h': 1.0, 'm': 0.3, 'l': 0.0, 'u': 0.0, 'e': 0.0}) ...
Currently testing combination 255/293 (0.8, 0.225, 130, None, 'sort_only', {'h': 1.0, 'm': 0.3, 'l': 0.0, 'u': 0.0, 'e': 0.0}) ...
Currently testing combination 256/293 (0.8, 0.225, 140, None, 'sort_only', {'h': 1.0, 'm': 0.3, 'l': 0.0, 'u': 0.0, 'e': 0.0}) ...
Currently testing combination 257/293 (0.8, 0.225, 150, None, 'sort_only', {'h': 1.0, 'm': 0.3, 'l': 0.0, 'u': 0.0, 'e': 0.0}) ...
Currently testing combination 258/293 (0.8, 0.225, 160, None, 'sort_only', {'h': 1.0, 'm': 0.3, 'l': 0.0, 'u': 0.0, 'e': 0.0}) ...
Currently testing combination 259/293 (0.8, 0.25, 100, None, 'sort_only', {'h': 1.0, 'm': 0.3, 'l': 0.0, 'u': 0.0, 'e': 0.0}) ...
Currently testing combination 260/293 (0.8, 0.25, 110, None, 'sort_only', {'h': 1.0, 'm': 0.3, 'l': 0.0, 'u': 0.0, 'e': 0.0}) ...
Currently testing combination 261/293 (0.8, 0.25, 120, None, 'sort_only', {'h': 1.0, 'm': 0.3, 'l': 0.0, 'u': 0.0, 'e': 0.0}) ...
Currently testing combination 262/293 (0.8, 0.25, 130, None, 'sort_only', {'h': 1.0, 'm': 0.3, 'l': 0.0, 'u': 0.0, 'e': 0.0}) ...
Currently testing combination 263/293 (0.8, 0.25, 140, None, 'sort_only', {'h': 1.0, 'm': 0.3, 'l': 0.0, 'u': 0.0, 'e': 0.0}) ...
Currently testing combination 264/293 (0.8, 0.25, 150, None, 'sort_only', {'h': 1.0, 'm': 0.3, 'l': 0.0, 'u': 0.0, 'e': 0.0}) ...
Currently testing combination 265/293 (0.8, 0.25, 160, None, 'sort_only', {'h': 1.0, 'm': 0.3, 'l': 0.0, 'u': 0.0, 'e': 0.0}) ...
Currently testing combination 266/293 (0.8, 0.275, 100, None, 'sort_only', {'h': 1.0, 'm': 0.3, 'l': 0.0, 'u': 0.0, 'e': 0.0}) ...
Currently testing combination 267/293 (0.8, 0.275, 110, None, 'sort_only', {'h': 1.0, 'm': 0.3, 'l': 0.0, 'u': 0.0, 'e': 0.0}) ...
Currently testing combination 268/293 (0.8, 0.275, 120, None, 'sort_only', {'h': 1.0, 'm': 0.3, 'l': 0.0, 'u': 0.0, 'e': 0.0}) ...
Currently testing combination 269/293 (0.8, 0.275, 130, None, 'sort_only', {'h': 1.0, 'm': 0.3, 'l': 0.0, 'u': 0.0, 'e': 0.0}) ...
Currently testing combination 270/293 (0.8, 0.275, 140, None, 'sort_only', {'h': 1.0, 'm': 0.3, 'l': 0.0, 'u': 0.0, 'e': 0.0}) ...
Currently testing combination 271/293 (0.8, 0.275, 150, None, 'sort_only', {'h': 1.0, 'm': 0.3, 'l': 0.0, 'u': 0.0, 'e': 0.0}) ...
Currently testing combination 272/293 (0.8, 0.275, 160, None, 'sort_only', {'h': 1.0, 'm': 0.3, 'l': 0.0, 'u': 0.0, 'e': 0.0}) ...
Currently testing combination 273/293 (0.8, 0.3, 100, None, 'sort_only', {'h': 1.0, 'm': 0.3, 'l': 0.0, 'u': 0.0, 'e': 0.0}) ...
Currently testing combination 274/293 (0.8, 0.3, 110, None, 'sort_only', {'h': 1.0, 'm': 0.3, 'l': 0.0, 'u': 0.0, 'e': 0.0}) ...
Currently testing combination 275/293 (0.8, 0.3, 120, None, 'sort_only', {'h': 1.0, 'm': 0.3, 'l': 0.0, 'u': 0.0, 'e': 0.0}) ...
Currently testing combination 276/293 (0.8, 0.3, 130, None, 'sort_only', {'h': 1.0, 'm': 0.3, 'l': 0.0, 'u': 0.0, 'e': 0.0}) ...
Currently testing combination 277/293 (0.8, 0.3, 140, None, 'sort_only', {'h': 1.0, 'm': 0.3, 'l': 0.0, 'u': 0.0, 'e': 0.0}) ...
Currently testing combination 278/293 (0.8, 0.3, 150, None, 'sort_only', {'h': 1.0, 'm': 0.3, 'l': 0.0, 'u': 0.0, 'e': 0.0}) ...
Currently testing combination 279/293 (0.8, 0.3, 160, None, 'sort_only', {'h': 1.0, 'm': 0.3, 'l': 0.0, 'u': 0.0, 'e': 0.0}) ...
Currently testing combination 280/293 (0.8, 0.325, 100, None, 'sort_only', {'h': 1.0, 'm': 0.3, 'l': 0.0, 'u': 0.0, 'e': 0.0}) ...
Currently testing combination 281/293 (0.8, 0.325, 110, None, 'sort_only', {'h': 1.0, 'm': 0.3, 'l': 0.0, 'u': 0.0, 'e': 0.0}) ...
Currently testing combination 282/293 (0.8, 0.325, 120, None, 'sort_only', {'h': 1.0, 'm': 0.3, 'l': 0.0, 'u': 0.0, 'e': 0.0}) ...
Currently testing combination 283/293 (0.8, 0.325, 130, None, 'sort_only', {'h': 1.0, 'm': 0.3, 'l': 0.0, 'u': 0.0, 'e': 0.0}) ...
Currently testing combination 284/293 (0.8, 0.325, 140, None, 'sort_only', {'h': 1.0, 'm': 0.3, 'l': 0.0, 'u': 0.0, 'e': 0.0}) ...
Currently testing combination 285/293 (0.8, 0.325, 150, None, 'sort_only', {'h': 1.0, 'm': 0.3, 'l': 0.0, 'u': 0.0, 'e': 0.0}) ...
Currently testing combination 286/293 (0.8, 0.325, 160, None, 'sort_only', {'h': 1.0, 'm': 0.3, 'l': 0.0, 'u': 0.0, 'e': 0.0}) ...
Currently testing combination 287/293 (0.8, 0.35, 100, None, 'sort_only', {'h': 1.0, 'm': 0.3, 'l': 0.0, 'u': 0.0, 'e': 0.0}) ...
Currently testing combination 288/293 (0.8, 0.35, 110, None, 'sort_only', {'h': 1.0, 'm': 0.3, 'l': 0.0, 'u': 0.0, 'e': 0.0}) ...
Currently testing combination 289/293 (0.8, 0.35, 120, None, 'sort_only', {'h': 1.0, 'm': 0.3, 'l': 0.0, 'u': 0.0, 'e': 0.0}) ...
Currently testing combination 290/293 (0.8, 0.35, 130, None, 'sort_only', {'h': 1.0, 'm': 0.3, 'l': 0.0, 'u': 0.0, 'e': 0.0}) ...
Currently testing combination 291/293 (0.8, 0.35, 140, None, 'sort_only', {'h': 1.0, 'm': 0.3, 'l': 0.0, 'u': 0.0, 'e': 0.0}) ...
Currently testing combination 292/293 (0.8, 0.35, 150, None, 'sort_only', {'h': 1.0, 'm': 0.3, 'l': 0.0, 'u': 0.0, 'e': 0.0}) ...
Currently testing combination 293/293 (0.8, 0.35, 160, None, 'sort_only', {'h': 1.0, 'm': 0.3, 'l': 0.0, 'u': 0.0, 'e': 0.0}) ...

Top 50 combinations tested:
      gamma  single_timestamp_a.. affected_timestamp..     AD F1     AD F2    AD TPR   AD Prec    AD ACC    AD TNR    AD FPR  SI/ST AVG-HR@100%  SI/ST AVG-HR@150%  SI/ST AVG-HR@K  SI/ST F1  SI/ST TPR  SI/ST ACC
Comb                                                                                                                                                                                                              
7       0.3                 0.225                  100  0.515351  0.622682  0.723077  0.400341  0.741520  0.745848  0.254152           0.390349           0.428999        0.236923  0.175385   0.175385   0.873136
8       0.3                 0.225                  110  0.505695  0.599029  0.683077  0.401447  0.746199  0.761011  0.238989           0.390349           0.428999        0.236923  0.175385   0.175385   0.873136
9       0.3                 0.225                  120  0.498824  0.580822  0.652308  0.403810  0.750877  0.774007  0.225993           0.390349           0.428999        0.236923  0.175385   0.175385   0.873136
10      0.3                 0.225                  130  0.490842  0.560201  0.618462  0.406883  0.756140  0.788448  0.211552           0.390349           0.428999        0.236923  0.175385   0.175385   0.873136
12      0.3                 0.225                  150  0.486346  0.536124  0.575385  0.421171  0.769006  0.814440  0.185560           0.390349           0.428999        0.236923  0.175385   0.175385   0.873136
13      0.3                 0.225                  160  0.485675  0.521077  0.547692  0.436275  0.779532  0.833935  0.166065           0.390349           0.428999        0.236923  0.175385   0.175385   0.873136
11      0.3                 0.225                  140  0.485461  0.543601  0.590769  0.412017  0.761988  0.802166  0.197834           0.390349           0.428999        0.236923  0.175385   0.175385   0.873136
169     0.6                 0.275                  110  0.476395  0.582066  0.683077  0.365733  0.714620  0.722022  0.277978           0.373033           0.434167        0.233846  0.166154   0.166154   0.871716
172     0.6                 0.275                  140  0.470000  0.529577  0.578462  0.395789  0.752047  0.792780  0.207220           0.373033           0.434167        0.233846  0.166154   0.166154   0.871716
168     0.6                 0.275                  100  0.466395  0.585079  0.704615  0.348554  0.693567  0.690975  0.309025           0.373033           0.434167        0.233846  0.166154   0.166154   0.871716
171     0.6                 0.275                  130  0.465950  0.538079  0.600000  0.380859  0.738596  0.771119  0.228881           0.373033           0.434167        0.233846  0.166154   0.166154   0.871716
170     0.6                 0.275                  120  0.462772  0.546537  0.621538  0.368613  0.725731  0.750181  0.249819           0.373033           0.434167        0.233846  0.166154   0.166154   0.871716
173     0.6                 0.275                  150  0.459921  0.504032  0.538462  0.401376  0.759649  0.811552  0.188448           0.373033           0.434167        0.233846  0.166154   0.166154   0.871716
174     0.6                 0.275                  160  0.456671  0.487662  0.510769  0.412935  0.769006  0.829603  0.170397           0.373033           0.434167        0.233846  0.166154   0.166154   0.871716
276     0.8                 0.300                  130  0.456311  0.522513  0.578462  0.376754  0.738012  0.775451  0.224549           0.361642           0.427879        0.215385  0.153846   0.153846   0.869822
275     0.8                 0.300                  120  0.451247  0.535810  0.612308  0.357271  0.716959  0.741516  0.258484           0.361642           0.427879        0.215385  0.153846   0.153846   0.869822
273     0.8                 0.300                  100  0.444894  0.560081  0.676923  0.331325  0.678947  0.679422  0.320578           0.361642           0.427879        0.215385  0.153846   0.153846   0.869822
277     0.8                 0.300                  140  0.442455  0.492316  0.532308  0.378556  0.745029  0.794946  0.205054           0.361642           0.427879        0.215385  0.153846   0.153846   0.869822
274     0.8                 0.300                  110  0.442060  0.540115  0.633846  0.339374  0.695906  0.710469  0.289531           0.361642           0.427879        0.215385  0.153846   0.153846   0.869822
278     0.8                 0.300                  150  0.429549  0.460141  0.483077  0.386700  0.756140  0.820217  0.179783           0.361642           0.427879        0.215385  0.153846   0.153846   0.869822
279     0.8                 0.300                  160  0.407569  0.421179  0.430769  0.386740  0.761988  0.839711  0.160289           0.361642           0.427879        0.215385  0.153846   0.153846   0.869822
118     0.5                 0.250                  160  0.404298  0.610795  0.926154  0.258591  0.481287  0.376895  0.623105           0.375142           0.433310        0.236923  0.172308   0.172308   0.872663
117     0.5                 0.250                  150  0.395833  0.605337  0.935385  0.251032  0.457310  0.345126  0.654874           0.375142           0.433310        0.236923  0.172308   0.172308   0.872663
116     0.5                 0.250                  140  0.389841  0.601961  0.944615  0.245600  0.438012  0.319134  0.680866           0.375142           0.433310        0.236923  0.172308   0.172308   0.872663
115     0.5                 0.250                  130  0.386816  0.602013  0.956923  0.242401  0.423392  0.298195  0.701805           0.375142           0.433310        0.236923  0.172308   0.172308   0.872663
114     0.5                 0.250                  120  0.377886  0.593285  0.956923  0.235428  0.401170  0.270758  0.729242           0.375142           0.433310        0.236923  0.172308   0.172308   0.872663
113     0.5                 0.250                  110  0.367491  0.583614  0.960000  0.227240  0.371930  0.233935  0.766065           0.375142           0.433310        0.236923  0.172308   0.172308   0.872663
112     0.5                 0.250                  100  0.357143  0.575027  0.969231  0.218902  0.336842  0.188448  0.811552           0.375142           0.433310        0.236923  0.172308   0.172308   0.872663
223     0.7                 0.275                  160  0.356196  0.570111  0.950769  0.219149  0.346784  0.205054  0.794946           0.355564           0.417314        0.224615  0.160000   0.160000   0.870769
63      0.4                 0.250                  100  0.347518  0.318389  0.301538  0.410042  0.784795  0.898195  0.101805           0.387562           0.426321        0.227692  0.166154   0.166154   0.871716
222     0.7                 0.275                  150  0.347245  0.562771  0.960000  0.211957  0.314035  0.162455  0.837545           0.355564           0.417314        0.224615  0.160000   0.160000   0.870769
221     0.7                 0.275                  140  0.342919  0.560681  0.972308  0.208169  0.291813  0.132130  0.867870           0.355564           0.417314        0.224615  0.160000   0.160000   0.870769
220     0.7                 0.275                  130  0.337247  0.554581  0.972308  0.204003  0.273684  0.109747  0.890253           0.355564           0.417314        0.224615  0.160000   0.160000   0.870769
219     0.7                 0.275                  120  0.333509  0.550523  0.972308  0.201274  0.261404  0.094585  0.905415           0.355564           0.417314        0.224615  0.160000   0.160000   0.870769
62      0.4                 0.225                  160  0.333162  0.555366  1.000000  0.199877  0.239181  0.060650  0.939350           0.386540           0.425192        0.243077  0.175385   0.175385   0.873136
218     0.7                 0.275                  110  0.332295  0.551534  0.984615  0.199875  0.247953  0.075090  0.924910           0.355564           0.417314        0.224615  0.160000   0.160000   0.870769
61      0.4                 0.225                  150  0.331464  0.553474  1.000000  0.198655  0.233333  0.053430  0.946570           0.386540           0.425192        0.243077  0.175385   0.175385   0.873136
217     0.7                 0.275                  100  0.331446  0.551748  0.990769  0.199011  0.240351  0.064260  0.935740           0.355564           0.417314        0.224615  0.160000   0.160000   0.870769
60      0.4                 0.225                  140  0.330621  0.552533  1.000000  0.198050  0.230409  0.049819  0.950181           0.386540           0.425192        0.243077  0.175385   0.175385   0.873136
59      0.4                 0.225                  130  0.329114  0.550847  1.000000  0.196970  0.225146  0.043321  0.956679           0.386540           0.425192        0.243077  0.175385   0.175385   0.873136
58      0.4                 0.225                  120  0.328283  0.549915  1.000000  0.196375  0.222222  0.039711  0.960289           0.386540           0.425192        0.243077  0.175385   0.175385   0.873136
57      0.4                 0.225                  110  0.327786  0.549358  1.000000  0.196019  0.220468  0.037545  0.962455           0.386540           0.425192        0.243077  0.175385   0.175385   0.873136
56      0.4                 0.225                  100  0.326633  0.548061  1.000000  0.195195  0.216374  0.032491  0.967509           0.386540           0.425192        0.243077  0.175385   0.175385   0.873136
64      0.4                 0.250                  110  0.326376  0.286285  0.264615  0.425743  0.792398  0.916245  0.083755           0.387562           0.426321        0.227692  0.166154   0.166154   0.871716
6       0.3                 0.200                  160  0.323705  0.544754  1.000000  0.193108  0.205848  0.019495  0.980505           0.391592           0.435380        0.243077  0.178462   0.178462   0.873609
5       0.3                 0.200                  150  0.322901  0.543842  1.000000  0.192536  0.202924  0.015884  0.984116           0.391592           0.435380        0.243077  0.178462   0.178462   0.873609
4       0.3                 0.200                  140  0.322101  0.542934  1.000000  0.191967  0.200000  0.012274  0.987726           0.391592           0.435380        0.243077  0.178462   0.178462   0.873609
3       0.3                 0.200                  130  0.321464  0.542209  1.000000  0.191514  0.197661  0.009386  0.990614           0.391592           0.435380        0.243077  0.178462   0.178462   0.873609
2       0.3                 0.200                  120  0.321146  0.541847  1.000000  0.191289  0.196491  0.007942  0.992058           0.391592           0.435380        0.243077  0.178462   0.178462   0.873609
167     0.6                 0.250                  160  0.321146  0.541847  1.000000  0.191289  0.196491  0.007942  0.992058           0.355838           0.418297        0.236923  0.166154   0.166154   0.871716

Full result output for the best combination:
                 #Examples   TP   FP    TN  FN       ACC       FNR       TNR       FPR       TPR      Prec        F1        F2  AVG # affected
Component                                                                                                                                     
no_failure            1385    0  352  1033   0  0.745848       NaN  0.745848  0.254152       NaN  0.000000       NaN       NaN       66.940072
txt15_i1                 5    5    0     0   0  1.000000  0.000000       NaN       NaN  1.000000  1.000000  1.000000  1.000000      229.400000
txt15_i3                 5    1    0     0   4  0.200000  0.800000       NaN       NaN  0.200000  1.000000  0.333333  0.238095       85.200000
txt15_conveyor           3    3    0     0   0  1.000000  0.000000       NaN       NaN  1.000000  1.000000  1.000000  1.000000      198.666667
txt15_m1               160  132    0     0  28  0.825000  0.175000       NaN       NaN  0.825000  1.000000  0.904110  0.854922      195.975000
txt15_pl                 9    8    0     0   1  0.888889  0.111111       NaN       NaN  0.888889  1.000000  0.941176  0.909091      157.777778
txt16_i3                 4    0    0     0   4  0.000000  1.000000       NaN       NaN  0.000000       NaN       NaN       NaN       81.250000
txt16_conveyor           8    5    0     0   3  0.625000  0.375000       NaN       NaN  0.625000  1.000000  0.769231  0.675676      168.750000
txt16_m3                65   60    0     0   5  0.923077  0.076923       NaN       NaN  0.923077  1.000000  0.960000  0.937500      245.030769
txt16_turntable          2    0    0     0   2  0.000000  1.000000       NaN       NaN  0.000000       NaN       NaN       NaN       54.000000
txt17_i1                16    3    0     0  13  0.187500  0.812500       NaN       NaN  0.187500  1.000000  0.315789  0.223881       73.812500
txt17_pl                14   13    0     0   1  0.928571  0.071429       NaN       NaN  0.928571  1.000000  0.962963  0.942029      146.285714
txt18_pl                28    5    0     0  23  0.178571  0.821429       NaN       NaN  0.178571  1.000000  0.303030  0.213675       43.642857
txt19_i4                 6    0    0     0   6  0.000000  1.000000       NaN       NaN  0.000000       NaN       NaN       NaN       13.500000
combined              1710  235  352  1033  90  0.741520  0.276923  0.745848  0.254152  0.723077  0.400341  0.515351  0.622682       87.660234

                 #Examples   TP   FP    TN  FN       ACC       FNR       TNR       FPR       TPR      Prec        F1        F2  AVG # affected
Component                                                                                                                                     
no_failure            1385    0  352  1033   0  0.745848       NaN  0.745848  0.254152       NaN  0.000000       NaN       NaN       66.940072
txt15_i1                 5    5    0     0   0  1.000000  0.000000       NaN       NaN  1.000000  1.000000  1.000000  1.000000      229.400000
txt15_i3                 5    1    0     0   4  0.200000  0.800000       NaN       NaN  0.200000  1.000000  0.333333  0.238095       85.200000
txt15_conveyor           3    3    0     0   0  1.000000  0.000000       NaN       NaN  1.000000  1.000000  1.000000  1.000000      198.666667
txt15_m1               160  132    0     0  28  0.825000  0.175000       NaN       NaN  0.825000  1.000000  0.904110  0.854922      195.975000
txt15_pl                 9    8    0     0   1  0.888889  0.111111       NaN       NaN  0.888889  1.000000  0.941176  0.909091      157.777778
txt16_i3                 4    0    0     0   4  0.000000  1.000000       NaN       NaN  0.000000       NaN       NaN       NaN       81.250000
txt16_conveyor           8    5    0     0   3  0.625000  0.375000       NaN       NaN  0.625000  1.000000  0.769231  0.675676      168.750000
txt16_m3                65   60    0     0   5  0.923077  0.076923       NaN       NaN  0.923077  1.000000  0.960000  0.937500      245.030769
txt16_turntable          2    0    0     0   2  0.000000  1.000000       NaN       NaN  0.000000       NaN       NaN       NaN       54.000000
txt17_i1                16    3    0     0  13  0.187500  0.812500       NaN       NaN  0.187500  1.000000  0.315789  0.223881       73.812500
txt17_pl                14   13    0     0   1  0.928571  0.071429       NaN       NaN  0.928571  1.000000  0.962963  0.942029      146.285714
txt18_pl                28    5    0     0  23  0.178571  0.821429       NaN       NaN  0.178571  1.000000  0.303030  0.213675       43.642857
txt19_i4                 6    0    0     0   6  0.000000  1.000000       NaN       NaN  0.000000       NaN       NaN       NaN       13.500000
combined              1710  235  352  1033  90  0.741520  0.276923  0.745848  0.254152  0.723077  0.400341  0.515351  0.622682       87.660234

Execution time: 6121.687712091953
