
Dataset loaded:
Shape of training set (example, time, channels): (20812, 500, 61)
Shape of test set (example, time, channels): (3989, 500, 61)
Shape of train validation set (example, time, channels): (2313, 500, 61)
Shape of test validation set (example, time, channels): (1710, 500, 61)
Num of classes in all: 25

Creating model based on ../configuration/hyperparameter_combinations/last_hope_65.json hyperparameter file 

Adding feature wise convolutions with 32 filters per feature, 3 kernels and 1 strides ...
Adding feature wise convolutions with 1 filters per feature, 3 kernels and 1 strides ...
Adding feature based graph attention layer ...
Adding time based graph attention layer ...
Adding GRU layer with 256 units ...
Adding GRU layer with 61 units ...
Adding VAE as reconstruction model dimensions 3072 & 1536 and ...
Adding GRU layer to forecasting model with 256 units ...
VAE reconstructs the output of the gru layer.

Epoch 0
	Step 0: mean loss = 1.3112
	Step 50: mean loss = 0.5097
	Step 100: mean loss = 0.3400
	Step 150: mean loss = 0.2691

	Loss on validation set after epoch 0: 0.1156

Epoch 1
	Step 0: mean loss = 0.1157
	Step 50: mean loss = 0.1103
	Step 100: mean loss = 0.1065
	Step 150: mean loss = 0.1031

	Loss on validation set after epoch 1: 0.0927

Epoch 2
	Step 0: mean loss = 0.0945
	Step 50: mean loss = 0.0906
	Step 100: mean loss = 0.0890
	Step 150: mean loss = 0.0870

	Loss on validation set after epoch 2: 0.0802

Epoch 3
	Step 0: mean loss = 0.0775
	Step 50: mean loss = 0.0783
	Step 100: mean loss = 0.0771
	Step 150: mean loss = 0.0763

	Loss on validation set after epoch 3: 0.0728

Epoch 4
	Step 0: mean loss = 0.0697
	Step 50: mean loss = 0.0721
	Step 100: mean loss = 0.0715
	Step 150: mean loss = 0.0710

	Loss on validation set after epoch 4: 0.0682

Epoch 5
	Step 0: mean loss = 0.0683
	Step 50: mean loss = 0.0686
	Step 100: mean loss = 0.0684
	Step 150: mean loss = 0.0678

	Loss on validation set after epoch 5: 0.0649

Epoch 6
	Step 0: mean loss = 0.0681
	Step 50: mean loss = 0.0655
	Step 100: mean loss = 0.0659
	Step 150: mean loss = 0.0655

	Loss on validation set after epoch 6: 0.0628

Epoch 7
	Step 0: mean loss = 0.0615
	Step 50: mean loss = 0.0621
	Step 100: mean loss = 0.0616
	Step 150: mean loss = 0.0610

	Loss on validation set after epoch 7: 0.0581

Epoch 8
	Step 0: mean loss = 0.0593
	Step 50: mean loss = 0.0585
	Step 100: mean loss = 0.0583
	Step 150: mean loss = 0.0578

	Loss on validation set after epoch 8: 0.0571

Epoch 9
	Step 0: mean loss = 0.0548
	Step 50: mean loss = 0.0557
	Step 100: mean loss = 0.0559
	Step 150: mean loss = 0.0555

	Loss on validation set after epoch 9: 0.0548

Epoch 10
	Step 0: mean loss = 0.0580
	Step 50: mean loss = 0.0542
	Step 100: mean loss = 0.0542
	Step 150: mean loss = 0.0540

	Loss on validation set after epoch 10: 0.0539

Epoch 11
	Step 0: mean loss = 0.0536
	Step 50: mean loss = 0.0529
	Step 100: mean loss = 0.0530
	Step 150: mean loss = 0.0529

	Loss on validation set after epoch 11: 0.0518

Epoch 12
	Step 0: mean loss = 0.0521
	Step 50: mean loss = 0.0517
	Step 100: mean loss = 0.0516
	Step 150: mean loss = 0.0514

	Loss on validation set after epoch 12: 0.0532

Epoch 13
	Step 0: mean loss = 0.0485
	Step 50: mean loss = 0.0502
	Step 100: mean loss = 0.0496
	Step 150: mean loss = 0.0490

	Loss on validation set after epoch 13: 0.0484

Epoch 14
	Step 0: mean loss = 0.0504
	Step 50: mean loss = 0.0462
	Step 100: mean loss = 0.0457
	Step 150: mean loss = 0.0454

	Loss on validation set after epoch 14: 0.0433

Epoch 15
	Step 0: mean loss = 0.0459
	Step 50: mean loss = 0.0431
	Step 100: mean loss = 0.0428
	Step 150: mean loss = 0.0425

	Loss on validation set after epoch 15: 0.0415

Epoch 16
	Step 0: mean loss = 0.0411
	Step 50: mean loss = 0.0410
	Step 100: mean loss = 0.0409
	Step 150: mean loss = 0.0408

	Loss on validation set after epoch 16: 0.0415

Epoch 17
	Step 0: mean loss = 0.0429
	Step 50: mean loss = 0.0398
	Step 100: mean loss = 0.0397
	Step 150: mean loss = 0.0398

	Loss on validation set after epoch 17: 0.0389

Epoch 18
	Step 0: mean loss = 0.0360
	Step 50: mean loss = 0.0385
	Step 100: mean loss = 0.0385
	Step 150: mean loss = 0.0383

	Loss on validation set after epoch 18: 0.0405

Epoch 19
	Step 0: mean loss = 0.0405
	Step 50: mean loss = 0.0370
	Step 100: mean loss = 0.0373
	Step 150: mean loss = 0.0369

	Loss on validation set after epoch 19: 0.0364

Epoch 20
	Step 0: mean loss = 0.0356
	Step 50: mean loss = 0.0352
	Step 100: mean loss = 0.0353
	Step 150: mean loss = 0.0353

	Loss on validation set after epoch 20: 0.0350

Epoch 21
	Step 0: mean loss = 0.0345
	Step 50: mean loss = 0.0337
	Step 100: mean loss = 0.0339
	Step 150: mean loss = 0.0339

	Loss on validation set after epoch 21: 0.0336

Epoch 22
	Step 0: mean loss = 0.0339
	Step 50: mean loss = 0.0355
	Step 100: mean loss = 0.0344
	Step 150: mean loss = 0.0339

	Loss on validation set after epoch 22: 0.0333

Epoch 23
	Step 0: mean loss = 0.0350
	Step 50: mean loss = 0.0321
	Step 100: mean loss = 0.0320
	Step 150: mean loss = 0.0320

	Loss on validation set after epoch 23: 0.0318

Epoch 24
	Step 0: mean loss = 0.0298
	Step 50: mean loss = 0.0314
	Step 100: mean loss = 0.0313
	Step 150: mean loss = 0.0314

	Loss on validation set after epoch 24: 0.0311

Epoch 25
	Step 0: mean loss = 0.0319
	Step 50: mean loss = 0.0303
	Step 100: mean loss = 0.0305
	Step 150: mean loss = 0.0305

	Loss on validation set after epoch 25: 0.0306

Epoch 26
	Step 0: mean loss = 0.0264
	Step 50: mean loss = 0.0297
	Step 100: mean loss = 0.0298
	Step 150: mean loss = 0.0300

	Loss on validation set after epoch 26: 0.0302

Epoch 27
	Step 0: mean loss = 0.0302
	Step 50: mean loss = 0.0292
	Step 100: mean loss = 0.0292
	Step 150: mean loss = 0.0294

	Loss on validation set after epoch 27: 0.0295

Epoch 28
	Step 0: mean loss = 0.0314
	Step 50: mean loss = 0.0289
	Step 100: mean loss = 0.0290
	Step 150: mean loss = 0.0289

	Loss on validation set after epoch 28: 0.0298

Epoch 29
	Step 0: mean loss = 0.0317
	Step 50: mean loss = 0.0281
	Step 100: mean loss = 0.0283
	Step 150: mean loss = 0.0286

	Loss on validation set after epoch 29: 0.0572

Epoch 30
	Step 0: mean loss = 0.0507
	Step 50: mean loss = 0.0481
	Step 100: mean loss = 0.0449
	Step 150: mean loss = 0.0428

	Loss on validation set after epoch 30: 0.0381

Epoch 31
	Step 0: mean loss = 0.0322
	Step 50: mean loss = 0.0361
	Step 100: mean loss = 0.0358
	Step 150: mean loss = 0.0356

	Loss on validation set after epoch 31: 0.0357

Epoch 32
	Step 0: mean loss = 0.0327
	Step 50: mean loss = 0.0342
	Step 100: mean loss = 0.0343
	Step 150: mean loss = 0.0341

	Loss on validation set after epoch 32: 0.0336

Epoch 33
	Step 0: mean loss = 0.0336
	Step 50: mean loss = 0.0329
	Step 100: mean loss = 0.0328
	Step 150: mean loss = 0.0327

	Loss on validation set after epoch 33: 0.0319

Epoch 34
	Step 0: mean loss = 0.0332
	Step 50: mean loss = 0.0312
	Step 100: mean loss = 0.0310
	Step 150: mean loss = 0.0308

	Loss on validation set after epoch 34: 0.0299

Epoch 35
	Step 0: mean loss = 0.0337
	Step 50: mean loss = 0.0290
	Step 100: mean loss = 0.0288
	Step 150: mean loss = 0.0287

	Loss on validation set after epoch 35: 0.0284

Epoch 36
	Step 0: mean loss = 0.0296
	Step 50: mean loss = 0.0276
	Step 100: mean loss = 0.0278
	Step 150: mean loss = 0.0278

	Loss on validation set after epoch 36: 0.0292

Epoch 37
	Step 0: mean loss = 0.0289
	Step 50: mean loss = 0.0275
	Step 100: mean loss = 0.0274
	Step 150: mean loss = 0.0274

	Loss on validation set after epoch 37: 0.0275

Epoch 38
	Step 0: mean loss = 0.0257
	Step 50: mean loss = 0.0269
	Step 100: mean loss = 0.0270
	Step 150: mean loss = 0.0270

	Loss on validation set after epoch 38: 0.0269

Epoch 39
	Step 0: mean loss = 0.0256
	Step 50: mean loss = 0.0265
	Step 100: mean loss = 0.0265
	Step 150: mean loss = 0.0265

	Loss on validation set after epoch 39: 0.0261

Epoch 40
	Step 0: mean loss = 0.0284
	Step 50: mean loss = 0.0258
	Step 100: mean loss = 0.0261
	Step 150: mean loss = 0.0262

	Loss on validation set after epoch 40: 0.0258

Epoch 41
	Step 0: mean loss = 0.0278
	Step 50: mean loss = 0.0256
	Step 100: mean loss = 0.0256
	Step 150: mean loss = 0.0257

	Loss on validation set after epoch 41: 0.0261

Epoch 42
	Step 0: mean loss = 0.0234
	Step 50: mean loss = 0.0259
	Step 100: mean loss = 0.0257
	Step 150: mean loss = 0.0256

	Loss on validation set after epoch 42: 0.0256

Epoch 43
	Step 0: mean loss = 0.0263
	Step 50: mean loss = 0.0254
	Step 100: mean loss = 0.0252
	Step 150: mean loss = 0.0252

	Loss on validation set after epoch 43: 0.0246

Epoch 44
	Step 0: mean loss = 0.0236
	Step 50: mean loss = 0.0250
	Step 100: mean loss = 0.0250
	Step 150: mean loss = 0.0249

	Loss on validation set after epoch 44: 0.0241

Epoch 45
	Step 0: mean loss = 0.0217
	Step 50: mean loss = 0.0243
	Step 100: mean loss = 0.0244
	Step 150: mean loss = 0.0252

	Loss on validation set after epoch 45: 0.0248

Epoch 46
	Step 0: mean loss = 0.0219
	Step 50: mean loss = 0.0245
	Step 100: mean loss = 0.0243
	Step 150: mean loss = 0.0244

	Loss on validation set after epoch 46: 0.0246

Epoch 47
	Step 0: mean loss = 0.0229
	Step 50: mean loss = 0.0239
	Step 100: mean loss = 0.0241
	Step 150: mean loss = 0.0240

	Loss on validation set after epoch 47: 0.0246

Epoch 48
	Step 0: mean loss = 0.0254
	Step 50: mean loss = 0.0251
	Step 100: mean loss = 0.0254
	Step 150: mean loss = 0.0253

	Loss on validation set after epoch 48: 0.0246

Epoch 49
	Step 0: mean loss = 0.0269
	Step 50: mean loss = 0.0241
	Step 100: mean loss = 0.0238
	Step 150: mean loss = 0.0238

	Loss on validation set after epoch 49: 0.0232

Epoch 50
	Step 0: mean loss = 0.0220
	Step 50: mean loss = 0.0230
	Step 100: mean loss = 0.0233
	Step 150: mean loss = 0.0233

	Loss on validation set after epoch 50: 0.0232

Epoch 51
	Step 0: mean loss = 0.0254
	Step 50: mean loss = 0.0231
	Step 100: mean loss = 0.0232
	Step 150: mean loss = 0.0231

	Loss on validation set after epoch 51: 0.0234

Epoch 52
	Step 0: mean loss = 0.0242
	Step 50: mean loss = 0.0227
	Step 100: mean loss = 0.0228
	Step 150: mean loss = 0.0228

	Loss on validation set after epoch 52: 0.0228

Epoch 53
	Step 0: mean loss = 0.0235
	Step 50: mean loss = 0.0226
	Step 100: mean loss = 0.0226
	Step 150: mean loss = 0.0226

	Loss on validation set after epoch 53: 0.0282

Epoch 54
	Step 0: mean loss = 0.0264
	Step 50: mean loss = 0.0281
	Step 100: mean loss = 0.0271
	Step 150: mean loss = 0.0258

	Loss on validation set after epoch 54: 0.0232

Epoch 55
	Step 0: mean loss = 0.0215
	Step 50: mean loss = 0.0226
	Step 100: mean loss = 0.0227
	Step 150: mean loss = 0.0226

	Loss on validation set after epoch 55: 0.0219

Epoch 56
	Step 0: mean loss = 0.0222
	Step 50: mean loss = 0.0220
	Step 100: mean loss = 0.0222
	Step 150: mean loss = 0.0221

	Loss on validation set after epoch 56: 0.0221

Epoch 57
	Step 0: mean loss = 0.0208
	Step 50: mean loss = 0.0219
	Step 100: mean loss = 0.0229
	Step 150: mean loss = 0.0229

	Loss on validation set after epoch 57: 0.0222

Epoch 58
	Step 0: mean loss = 0.0222
	Step 50: mean loss = 0.0224
	Step 100: mean loss = 0.0221
	Step 150: mean loss = 0.0220

	Loss on validation set after epoch 58: 0.0216

Epoch 59
	Step 0: mean loss = 0.0203
	Step 50: mean loss = 0.0217
	Step 100: mean loss = 0.0215
	Step 150: mean loss = 0.0216

	Loss on validation set after epoch 59: 0.0214

Epoch 60
	Step 0: mean loss = 0.0182
	Step 50: mean loss = 0.0212
	Step 100: mean loss = 0.0213
	Step 150: mean loss = 0.0214

	Loss on validation set after epoch 60: 0.0210

Epoch 61
	Step 0: mean loss = 0.0231
	Step 50: mean loss = 0.0213
	Step 100: mean loss = 0.0213
	Step 150: mean loss = 0.0214

	Loss on validation set after epoch 61: 0.0214

Epoch 62
	Step 0: mean loss = 0.0206
	Step 50: mean loss = 0.0210
	Step 100: mean loss = 0.0210
	Step 150: mean loss = 0.0212

	Loss on validation set after epoch 62: 0.0205

Epoch 63
	Step 0: mean loss = 0.0205
	Step 50: mean loss = 0.0211
	Step 100: mean loss = 0.0220
	Step 150: mean loss = 0.0218

	Loss on validation set after epoch 63: 0.0206

Epoch 64
	Step 0: mean loss = 0.0208
	Step 50: mean loss = 0.0207
	Step 100: mean loss = 0.0207
	Step 150: mean loss = 0.0207

	Loss on validation set after epoch 64: 0.0204

Epoch 65
	Step 0: mean loss = 0.0195
	Step 50: mean loss = 0.0206
	Step 100: mean loss = 0.0204
	Step 150: mean loss = 0.0205

	Loss on validation set after epoch 65: 0.0203

Epoch 66
	Step 0: mean loss = 0.0203
	Step 50: mean loss = 0.0272
	Step 100: mean loss = 0.0291
	Step 150: mean loss = 0.0287

	Loss on validation set after epoch 66: 0.0271

Epoch 67
	Step 0: mean loss = 0.0251
	Step 50: mean loss = 0.0262
	Step 100: mean loss = 0.0249
	Step 150: mean loss = 0.0239

	Loss on validation set after epoch 67: 0.0214

Epoch 68
	Step 0: mean loss = 0.0208
	Step 50: mean loss = 0.0212
	Step 100: mean loss = 0.0210
	Step 150: mean loss = 0.0209

	Loss on validation set after epoch 68: 0.0202

Epoch 69
	Step 0: mean loss = 0.0243
	Step 50: mean loss = 0.0203
	Step 100: mean loss = 0.0204
	Step 150: mean loss = 0.0204

	Loss on validation set after epoch 69: 0.0209

Epoch 70
	Step 0: mean loss = 0.0195
	Step 50: mean loss = 0.0205
	Step 100: mean loss = 0.0204
	Step 150: mean loss = 0.0204

	Loss on validation set after epoch 70: 0.0198

Epoch 71
	Step 0: mean loss = 0.0193
	Step 50: mean loss = 0.0201
	Step 100: mean loss = 0.0199
	Step 150: mean loss = 0.0201

	Loss on validation set after epoch 71: 0.0202

Epoch 72
	Step 0: mean loss = 0.0220
	Step 50: mean loss = 0.0199
	Step 100: mean loss = 0.0200
	Step 150: mean loss = 0.0198

	Loss on validation set after epoch 72: 0.0195

Epoch 73
	Step 0: mean loss = 0.0197
	Step 50: mean loss = 0.0195
	Step 100: mean loss = 0.0195
	Step 150: mean loss = 0.0195

	Loss on validation set after epoch 73: 0.0193

Epoch 74
	Step 0: mean loss = 0.0202
	Step 50: mean loss = 0.0193
	Step 100: mean loss = 0.0194
	Step 150: mean loss = 0.0194

	Loss on validation set after epoch 74: 0.0192

Epoch 75
	Step 0: mean loss = 0.0213
	Step 50: mean loss = 0.0192
	Step 100: mean loss = 0.0191
	Step 150: mean loss = 0.0193

	Loss on validation set after epoch 75: 0.0187

Epoch 76
	Step 0: mean loss = 0.0179
	Step 50: mean loss = 0.0190
	Step 100: mean loss = 0.0191
	Step 150: mean loss = 0.0191

	Loss on validation set after epoch 76: 0.0191

Epoch 77
	Step 0: mean loss = 0.0176
	Step 50: mean loss = 0.0188
	Step 100: mean loss = 0.0190
	Step 150: mean loss = 0.0189

	Loss on validation set after epoch 77: 0.0185

Epoch 78
	Step 0: mean loss = 0.0192
	Step 50: mean loss = 0.0187
	Step 100: mean loss = 0.0188
	Step 150: mean loss = 0.0188

	Loss on validation set after epoch 78: 0.0188

Epoch 79
	Step 0: mean loss = 0.0187
	Step 50: mean loss = 0.0186
	Step 100: mean loss = 0.0187
	Step 150: mean loss = 0.0186

	Loss on validation set after epoch 79: 0.0186

Epoch 80
	Step 0: mean loss = 0.0177
	Step 50: mean loss = 0.0186
	Step 100: mean loss = 0.0185
	Step 150: mean loss = 0.0185

	Loss on validation set after epoch 80: 0.0182

Epoch 81
	Step 0: mean loss = 0.0179
	Step 50: mean loss = 0.0185
	Step 100: mean loss = 0.0185
	Step 150: mean loss = 0.0185

	Loss on validation set after epoch 81: 0.0186

Epoch 82
	Step 0: mean loss = 0.0160
	Step 50: mean loss = 0.0182
	Step 100: mean loss = 0.0182
	Step 150: mean loss = 0.0183

	Loss on validation set after epoch 82: 0.0181

Epoch 83
	Step 0: mean loss = 0.0172
	Step 50: mean loss = 0.0179
	Step 100: mean loss = 0.0180
	Step 150: mean loss = 0.0181

	Loss on validation set after epoch 83: 0.0184

Epoch 84
	Step 0: mean loss = 0.0194
	Step 50: mean loss = 0.0180
	Step 100: mean loss = 0.0180
	Step 150: mean loss = 0.0179

	Loss on validation set after epoch 84: 0.0188

Epoch 85
	Step 0: mean loss = 0.0193
	Step 50: mean loss = 0.0182
	Step 100: mean loss = 0.0181
	Step 150: mean loss = 0.0179

	Loss on validation set after epoch 85: 0.0179

Epoch 86
	Step 0: mean loss = 0.0169
	Step 50: mean loss = 0.0176
	Step 100: mean loss = 0.0177
	Step 150: mean loss = 0.0177

	Loss on validation set after epoch 86: 0.0191

Epoch 87
	Step 0: mean loss = 0.0183
	Step 50: mean loss = 0.0179
	Step 100: mean loss = 0.0179
	Step 150: mean loss = 0.0177

	Loss on validation set after epoch 87: 0.0179

Epoch 88
	Step 0: mean loss = 0.0176
	Step 50: mean loss = 0.0176
	Step 100: mean loss = 0.0175
	Step 150: mean loss = 0.0175

	Loss on validation set after epoch 88: 0.0181

Epoch 89
	Step 0: mean loss = 0.0156
	Step 50: mean loss = 0.0175
	Step 100: mean loss = 0.0176
	Step 150: mean loss = 0.0175

	Loss on validation set after epoch 89: 0.0175

Epoch 90
	Step 0: mean loss = 0.0145
	Step 50: mean loss = 0.0171
	Step 100: mean loss = 0.0172
	Step 150: mean loss = 0.0172

	Loss on validation set after epoch 90: 0.0171

Epoch 91
	Step 0: mean loss = 0.0184
	Step 50: mean loss = 0.0170
	Step 100: mean loss = 0.0171
	Step 150: mean loss = 0.0170

	Loss on validation set after epoch 91: 0.0170

Epoch 92
	Step 0: mean loss = 0.0146
	Step 50: mean loss = 0.0169
	Step 100: mean loss = 0.0170
	Step 150: mean loss = 0.0169

	Loss on validation set after epoch 92: 0.0170

Epoch 93
	Step 0: mean loss = 0.0173
	Step 50: mean loss = 0.0170
	Step 100: mean loss = 0.0170
	Step 150: mean loss = 0.0169

	Loss on validation set after epoch 93: 0.0171

Epoch 94
	Step 0: mean loss = 0.0171
	Step 50: mean loss = 0.0164
	Step 100: mean loss = 0.0165
	Step 150: mean loss = 0.0164

	Loss on validation set after epoch 94: 0.0159

Epoch 95
	Step 0: mean loss = 0.0185
	Step 50: mean loss = 0.0162
	Step 100: mean loss = 0.0162
	Step 150: mean loss = 0.0160

	Loss on validation set after epoch 95: 0.0160

Epoch 96
	Step 0: mean loss = 0.0138
	Step 50: mean loss = 0.0156
	Step 100: mean loss = 0.0157
	Step 150: mean loss = 0.0156

	Loss on validation set after epoch 96: 0.0162

Epoch 97
	Step 0: mean loss = 0.0132
	Step 50: mean loss = 0.0189
	Step 100: mean loss = 0.0177
	Step 150: mean loss = 0.0169

	Loss on validation set after epoch 97: 0.0155

Epoch 98
	Step 0: mean loss = 0.0143
	Step 50: mean loss = 0.0152
	Step 100: mean loss = 0.0153
	Step 150: mean loss = 0.0170

	Loss on validation set after epoch 98: 0.0172

Epoch 99
	Step 0: mean loss = 0.0171
	Step 50: mean loss = 0.0157
	Step 100: mean loss = 0.0155
	Step 150: mean loss = 0.0155

	Loss on validation set after epoch 99: 0.0151

Epoch 100
	Step 0: mean loss = 0.0143
	Step 50: mean loss = 0.0153
	Step 100: mean loss = 0.0151
	Step 150: mean loss = 0.0150

	Loss on validation set after epoch 100: 0.0157

Epoch 101
	Step 0: mean loss = 0.0154
	Step 50: mean loss = 0.0146
	Step 100: mean loss = 0.0147
	Step 150: mean loss = 0.0147

	Loss on validation set after epoch 101: 0.0148

Epoch 102
	Step 0: mean loss = 0.0142
	Step 50: mean loss = 0.0146
	Step 100: mean loss = 0.0145
	Step 150: mean loss = 0.0145

	Loss on validation set after epoch 102: 0.0147

Epoch 103
	Step 0: mean loss = 0.0147
	Step 50: mean loss = 0.0142
	Step 100: mean loss = 0.0142
	Step 150: mean loss = 0.0142

	Loss on validation set after epoch 103: 0.0140

Epoch 104
	Step 0: mean loss = 0.0136
	Step 50: mean loss = 0.0142
	Step 100: mean loss = 0.0142
	Step 150: mean loss = 0.0142

	Loss on validation set after epoch 104: 0.0137

Epoch 105
	Step 0: mean loss = 0.0131
	Step 50: mean loss = 0.0139
	Step 100: mean loss = 0.0140
	Step 150: mean loss = 0.0139

	Loss on validation set after epoch 105: 0.0137

Epoch 106
	Step 0: mean loss = 0.0131
	Step 50: mean loss = 0.0139
	Step 100: mean loss = 0.0139
	Step 150: mean loss = 0.0139

	Loss on validation set after epoch 106: 0.0135

Epoch 107
	Step 0: mean loss = 0.0125
	Step 50: mean loss = 0.0140
	Step 100: mean loss = 0.0140
	Step 150: mean loss = 0.0139

	Loss on validation set after epoch 107: 0.0140

Epoch 108
	Step 0: mean loss = 0.0117
	Step 50: mean loss = 0.0135
	Step 100: mean loss = 0.0135
	Step 150: mean loss = 0.0136

	Loss on validation set after epoch 108: 0.0135

Epoch 109
	Step 0: mean loss = 0.0133
	Step 50: mean loss = 0.0134
	Step 100: mean loss = 0.0135
	Step 150: mean loss = 0.0135

	Loss on validation set after epoch 109: 0.0135

Epoch 110
	Step 0: mean loss = 0.0116
	Step 50: mean loss = 0.0133
	Step 100: mean loss = 0.0134
	Step 150: mean loss = 0.0211

	Loss on validation set after epoch 110: 0.0185

Epoch 111
	Step 0: mean loss = 0.0199
	Step 50: mean loss = 0.0172
	Step 100: mean loss = 0.0164
	Step 150: mean loss = 0.0159

	Loss on validation set after epoch 111: 0.0148

Epoch 112
	Step 0: mean loss = 0.0141
	Step 50: mean loss = 0.0142
	Step 100: mean loss = 0.0142
	Step 150: mean loss = 0.0141

	Loss on validation set after epoch 112: 0.0137

Epoch 113
	Step 0: mean loss = 0.0148
	Step 50: mean loss = 0.0138
	Step 100: mean loss = 0.0137
	Step 150: mean loss = 0.0137

	Loss on validation set after epoch 113: 0.0136

Epoch 114
	Step 0: mean loss = 0.0109
	Step 50: mean loss = 0.0134
	Step 100: mean loss = 0.0134
	Step 150: mean loss = 0.0135

	Loss on validation set after epoch 114: 0.0133

Epoch 115
	Step 0: mean loss = 0.0134
	Step 50: mean loss = 0.0131
	Step 100: mean loss = 0.0132
	Step 150: mean loss = 0.0132

	Loss on validation set after epoch 115: 0.0138

Epoch 116
	Step 0: mean loss = 0.0152
	Step 50: mean loss = 0.0131
	Step 100: mean loss = 0.0131
	Step 150: mean loss = 0.0131

	Loss on validation set after epoch 116: 0.0134

Epoch 117
	Step 0: mean loss = 0.0137
	Step 50: mean loss = 0.0129
	Step 100: mean loss = 0.0131
	Step 150: mean loss = 0.0130

	Loss on validation set after epoch 117: 0.0132

Epoch 118
	Step 0: mean loss = 0.0116
	Step 50: mean loss = 0.0130
	Step 100: mean loss = 0.0130
	Step 150: mean loss = 0.0130

	Loss on validation set after epoch 118: 0.0129

Epoch 119
	Step 0: mean loss = 0.0118
	Step 50: mean loss = 0.0129
	Step 100: mean loss = 0.0130
	Step 150: mean loss = 0.0130

	Loss on validation set after epoch 119: 0.0135

Epoch 120
	Step 0: mean loss = 0.0127
	Step 50: mean loss = 0.0128
	Step 100: mean loss = 0.0128
	Step 150: mean loss = 0.0128

	Loss on validation set after epoch 120: 0.0129

Epoch 121
	Step 0: mean loss = 0.0127
	Step 50: mean loss = 0.0126
	Step 100: mean loss = 0.0127
	Step 150: mean loss = 0.0127

	Loss on validation set after epoch 121: 0.0132

Epoch 122
	Step 0: mean loss = 0.0113
	Step 50: mean loss = 0.0127
	Step 100: mean loss = 0.0127
	Step 150: mean loss = 0.0127

	Loss on validation set after epoch 122: 0.0127

Epoch 123
	Step 0: mean loss = 0.0128
	Step 50: mean loss = 0.0125
	Step 100: mean loss = 0.0126
	Step 150: mean loss = 0.0126

	Loss on validation set after epoch 123: 0.0127

Epoch 124
	Step 0: mean loss = 0.0108
	Step 50: mean loss = 0.0124
	Step 100: mean loss = 0.0125
	Step 150: mean loss = 0.0124

	Loss on validation set after epoch 124: 0.0128

Epoch 125
	Step 0: mean loss = 0.0119
	Step 50: mean loss = 0.0124
	Step 100: mean loss = 0.0124
	Step 150: mean loss = 0.0124

	Loss on validation set after epoch 125: 0.0130

Epoch 126
	Step 0: mean loss = 0.0132
	Step 50: mean loss = 0.0123
	Step 100: mean loss = 0.0124
	Step 150: mean loss = 0.0125

	Loss on validation set after epoch 126: 0.0129

Epoch 127
	Step 0: mean loss = 0.0132
	Step 50: mean loss = 0.0123
	Step 100: mean loss = 0.0124
	Step 150: mean loss = 0.0124

	Loss on validation set after epoch 127: 0.0134

Epoch 128
	Step 0: mean loss = 0.0125
	Step 50: mean loss = 0.0123
	Step 100: mean loss = 0.0123
	Step 150: mean loss = 0.0123

	Loss on validation set after epoch 128: 0.0126

Epoch 129
	Step 0: mean loss = 0.0137
	Step 50: mean loss = 0.0121
	Step 100: mean loss = 0.0122
	Step 150: mean loss = 0.0123

	Loss on validation set after epoch 129: 0.0127

Epoch 130
	Step 0: mean loss = 0.0136
	Step 50: mean loss = 0.0121
	Step 100: mean loss = 0.0132
	Step 150: mean loss = 0.0131

	Loss on validation set after epoch 130: 0.0130

Epoch 131
	Step 0: mean loss = 0.0118
	Step 50: mean loss = 0.0123
	Step 100: mean loss = 0.0123
	Step 150: mean loss = 0.0123

	Loss on validation set after epoch 131: 0.0124

Epoch 132
	Step 0: mean loss = 0.0127
	Step 50: mean loss = 0.0121
	Step 100: mean loss = 0.0122
	Step 150: mean loss = 0.0122

	Loss on validation set after epoch 132: 0.0124

Epoch 133
	Step 0: mean loss = 0.0125
	Step 50: mean loss = 0.0121
	Step 100: mean loss = 0.0121
	Step 150: mean loss = 0.0121

	Loss on validation set after epoch 133: 0.0123

Epoch 134
	Step 0: mean loss = 0.0104
	Step 50: mean loss = 0.0119
	Step 100: mean loss = 0.0120
	Step 150: mean loss = 0.0120

	Loss on validation set after epoch 134: 0.0121

Epoch 135
	Step 0: mean loss = 0.0115
	Step 50: mean loss = 0.0118
	Step 100: mean loss = 0.0119
	Step 150: mean loss = 0.0119

	Loss on validation set after epoch 135: 0.0123

Epoch 136
	Step 0: mean loss = 0.0110
	Step 50: mean loss = 0.0118
	Step 100: mean loss = 0.0118
	Step 150: mean loss = 0.0119

	Loss on validation set after epoch 136: 0.0123

Epoch 137
	Step 0: mean loss = 0.0103
	Step 50: mean loss = 0.0117
	Step 100: mean loss = 0.0118
	Step 150: mean loss = 0.0118

	Loss on validation set after epoch 137: 0.0121

Epoch 138
	Step 0: mean loss = 0.0115
	Step 50: mean loss = 0.0116
	Step 100: mean loss = 0.0117
	Step 150: mean loss = 0.0117

	Loss on validation set after epoch 138: 0.0123

Epoch 139
	Step 0: mean loss = 0.0103
	Step 50: mean loss = 0.0115
	Step 100: mean loss = 0.0118
	Step 150: mean loss = 0.0117

	Loss on validation set after epoch 139: 0.0119

Epoch 140
	Step 0: mean loss = 0.0128
	Step 50: mean loss = 0.0115
	Step 100: mean loss = 0.0116
	Step 150: mean loss = 0.0116

	Loss on validation set after epoch 140: 0.0116

Epoch 141
	Step 0: mean loss = 0.0104
	Step 50: mean loss = 0.0114
	Step 100: mean loss = 0.0138
	Step 150: mean loss = 0.0132

	Loss on validation set after epoch 141: 0.0121

Epoch 142
	Step 0: mean loss = 0.0102
	Step 50: mean loss = 0.0115
	Step 100: mean loss = 0.0115
	Step 150: mean loss = 0.0115

	Loss on validation set after epoch 142: 0.0117

Epoch 143
	Step 0: mean loss = 0.0104
	Step 50: mean loss = 0.0112
	Step 100: mean loss = 0.0115
	Step 150: mean loss = 0.0115

	Loss on validation set after epoch 143: 0.0117

Epoch 144
	Step 0: mean loss = 0.0098
	Step 50: mean loss = 0.0113
	Step 100: mean loss = 0.0114
	Step 150: mean loss = 0.0113

	Loss on validation set after epoch 144: 0.0119

Epoch 145
	Step 0: mean loss = 0.0124
	Step 50: mean loss = 0.0112
	Step 100: mean loss = 0.0113
	Step 150: mean loss = 0.0113

	Loss on validation set after epoch 145: 0.0116

Epoch 146
	Step 0: mean loss = 0.0106
	Step 50: mean loss = 0.0111
	Step 100: mean loss = 0.0113
	Step 150: mean loss = 0.0112

	Loss on validation set after epoch 146: 0.0113

Epoch 147
	Step 0: mean loss = 0.0112
	Step 50: mean loss = 0.0110
	Step 100: mean loss = 0.0112
	Step 150: mean loss = 0.0112

	Loss on validation set after epoch 147: 0.0117

Epoch 148
	Step 0: mean loss = 0.0107
	Step 50: mean loss = 0.0110
	Step 100: mean loss = 0.0112
	Step 150: mean loss = 0.0112

	Loss on validation set after epoch 148: 0.0123

Epoch 149
	Step 0: mean loss = 0.0116
	Step 50: mean loss = 0.0110
	Step 100: mean loss = 0.0111
	Step 150: mean loss = 0.0112

	Loss on validation set after epoch 149: 0.0114

Epoch 150
	Step 0: mean loss = 0.0104
	Step 50: mean loss = 0.0110
	Step 100: mean loss = 0.0112
	Step 150: mean loss = 0.0112

	Loss on validation set after epoch 150: 0.0112

Epoch 151
	Step 0: mean loss = 0.0110
	Step 50: mean loss = 0.0109
	Step 100: mean loss = 0.0111
	Step 150: mean loss = 0.0111

	Loss on validation set after epoch 151: 0.0112

Epoch 152
	Step 0: mean loss = 0.0099
	Step 50: mean loss = 0.0111
	Step 100: mean loss = 0.0112
	Step 150: mean loss = 0.0111

	Loss on validation set after epoch 152: 0.0121

Epoch 153
	Step 0: mean loss = 0.0112
	Step 50: mean loss = 0.0108
	Step 100: mean loss = 0.0110
	Step 150: mean loss = 0.0110

	Loss on validation set after epoch 153: 0.0112

Epoch 154
	Step 0: mean loss = 0.0097
	Step 50: mean loss = 0.0107
	Step 100: mean loss = 0.0109
	Step 150: mean loss = 0.0109

	Loss on validation set after epoch 154: 0.0112

Epoch 155
	Step 0: mean loss = 0.0113
	Step 50: mean loss = 0.0108
	Step 100: mean loss = 0.0109
	Step 150: mean loss = 0.0108

	Loss on validation set after epoch 155: 0.0108

Epoch 156
	Step 0: mean loss = 0.0120
	Step 50: mean loss = 0.0106
	Step 100: mean loss = 0.0108
	Step 150: mean loss = 0.0108

	Loss on validation set after epoch 156: 0.0112

Epoch 157
	Step 0: mean loss = 0.0121
	Step 50: mean loss = 0.0107
	Step 100: mean loss = 0.0111
	Step 150: mean loss = 0.0110

	Loss on validation set after epoch 157: 0.0112

Epoch 158
	Step 0: mean loss = 0.0101
	Step 50: mean loss = 0.0111
	Step 100: mean loss = 0.0110
	Step 150: mean loss = 0.0109

	Loss on validation set after epoch 158: 0.0109

Epoch 159
	Step 0: mean loss = 0.0104
	Step 50: mean loss = 0.0106
	Step 100: mean loss = 0.0107
	Step 150: mean loss = 0.0107

	Loss on validation set after epoch 159: 0.0113

Epoch 160
	Step 0: mean loss = 0.0110
	Step 50: mean loss = 0.0105
	Step 100: mean loss = 0.0107
	Step 150: mean loss = 0.0106

	Loss on validation set after epoch 160: 0.0108

Epoch 161
	Step 0: mean loss = 0.0112
	Step 50: mean loss = 0.0104
	Step 100: mean loss = 0.0106
	Step 150: mean loss = 0.0106

	Loss on validation set after epoch 161: 0.0108

Epoch 162
	Step 0: mean loss = 0.0106
	Step 50: mean loss = 0.0104
	Step 100: mean loss = 0.0106
	Step 150: mean loss = 0.0105

	Loss on validation set after epoch 162: 0.0112

Epoch 163
	Step 0: mean loss = 0.0094
	Step 50: mean loss = 0.0105
	Step 100: mean loss = 0.0106
	Step 150: mean loss = 0.0106

	Loss on validation set after epoch 163: 0.0114

Epoch 164
	Step 0: mean loss = 0.0105
	Step 50: mean loss = 0.0105
	Step 100: mean loss = 0.0106
	Step 150: mean loss = 0.0106

	Loss on validation set after epoch 164: 0.0110

Epoch 165
	Step 0: mean loss = 0.0091
	Step 50: mean loss = 0.0103
	Step 100: mean loss = 0.0105
	Step 150: mean loss = 0.0105

	Loss on validation set after epoch 165: 0.0108

Model from epoch 155 was selected by early stopping.
Training process will be stopped now.
Deleted temporary files in ../data/trained_models/temp_01-03-08-31-44/
Location of saved model: ../data/trained_models/last_hope_65_01-03-08-31-44/ 

Adding feature wise convolutions with 32 filters per feature, 3 kernels and 1 strides ...
Adding feature wise convolutions with 1 filters per feature, 3 kernels and 1 strides ...
Adding feature based graph attention layer ...
Adding time based graph attention layer ...
Adding GRU layer with 256 units ...
Adding GRU layer with 61 units ...
Adding VAE as reconstruction model dimensions 3072 & 1536 and ...
Adding GRU layer to forecasting model with 256 units ...
VAE reconstructs the output of the gru layer.

Grid search running in anomaly detection model selection mode.
The following hyperparameters will not be evaluated:
relevance_mapping
unaffected_component_threshold
si_mode
si_parameter

Testing 294 combinations via grid search 
for model last_hope_65_01-03-08-31-44/ on the validation dataset. 


Top 50 combinations tested:
      gamma  single_timestamp_a.. affected_timestamp..     AD F1     AD F2    AD TPR   AD Prec    AD ACC    AD TNR    AD FPR  SI/ST AVG-HR@100%  SI/ST AVG-HR@150%  SI/ST AVG-HR@K  SI/ST F1  SI/ST TPR  SI/ST ACC
Comb                                                                                                                                                                                                              
286     0.8                 0.325                  160  0.496524  0.630676  0.769231  0.366569  0.703509  0.688087  0.311913           0.301929           0.377055        0.236923  0.123077   0.123077   0.865089
284     0.8                 0.325                  140  0.495627  0.636228  0.784615  0.362216  0.696491  0.675812  0.324188           0.301929           0.377055        0.236923  0.123077   0.123077   0.865089
285     0.8                 0.325                  150  0.494094  0.630337  0.772308  0.363242  0.699415  0.682310  0.317690           0.301929           0.377055        0.236923  0.123077   0.123077   0.865089
179     0.6                 0.300                  140  0.491429  0.637037  0.793846  0.355862  0.687719  0.662816  0.337184           0.307490           0.392850        0.227692  0.129231   0.129231   0.866036
283     0.8                 0.325                  130  0.490385  0.632754  0.784615  0.356643  0.690058  0.667870  0.332130           0.301929           0.377055        0.236923  0.123077   0.123077   0.865089
181     0.6                 0.300                  160  0.490272  0.629056  0.775385  0.358464  0.693567  0.674368  0.325632           0.307490           0.392850        0.227692  0.129231   0.129231   0.866036
74      0.4                 0.275                  140  0.489879  0.616403  0.744615  0.365008  0.705263  0.696029  0.303971           0.305343           0.402988        0.181538  0.104615   0.104615   0.862249
178     0.6                 0.300                  130  0.489642  0.638193  0.800000  0.352782  0.683041  0.655596  0.344404           0.307490           0.392850        0.227692  0.129231   0.129231   0.866036
75      0.4                 0.275                  150  0.488798  0.613183  0.738462  0.365297  0.706433  0.698917  0.301083           0.305343           0.402988        0.181538  0.104615   0.104615   0.862249
73      0.4                 0.275                  130  0.488396  0.615463  0.744615  0.363363  0.703509  0.693863  0.306137           0.305343           0.402988        0.181538  0.104615   0.104615   0.862249
76      0.4                 0.275                  160  0.488253  0.611566  0.735385  0.365443  0.707018  0.700361  0.299639           0.305343           0.402988        0.181538  0.104615   0.104615   0.862249
19      0.3                 0.250                  150  0.488174  0.634843  0.793846  0.352459  0.683626  0.657762  0.342238           0.305147           0.409538        0.190769  0.123077   0.123077   0.865089
180     0.6                 0.300                  150  0.487899  0.627490  0.775385  0.355932  0.690643  0.670758  0.329242           0.307490           0.392850        0.227692  0.129231   0.129231   0.866036
72      0.4                 0.275                  120  0.487462  0.616126  0.747692  0.361607  0.701170  0.690253  0.309747           0.305343           0.402988        0.181538  0.104615   0.104615   0.862249
281     0.8                 0.325                  110  0.487300  0.635427  0.796923  0.350949  0.681287  0.654152  0.345848           0.301929           0.377055        0.236923  0.123077   0.123077   0.865089
282     0.8                 0.325                  120  0.487204  0.633005  0.790769  0.352055  0.683626  0.658484  0.341516           0.301929           0.377055        0.236923  0.123077   0.123077   0.865089
18      0.3                 0.250                  140  0.486842  0.635115  0.796923  0.350474  0.680702  0.653430  0.346570           0.305147           0.409538        0.190769  0.123077   0.123077   0.865089
71      0.4                 0.275                  110  0.486540  0.616785  0.750769  0.359882  0.698830  0.686643  0.313357           0.305343           0.402988        0.181538  0.104615   0.104615   0.862249
20      0.3                 0.250                  160  0.486230  0.631164  0.787692  0.351648  0.683626  0.659206  0.340794           0.305147           0.409538        0.190769  0.123077   0.123077   0.865089
70      0.4                 0.275                  100  0.486111  0.617751  0.753846  0.358712  0.697076  0.683755  0.316245           0.305343           0.402988        0.181538  0.104615   0.104615   0.862249
177     0.6                 0.300                  120  0.484680  0.635965  0.803077  0.347074  0.675439  0.645487  0.354513           0.307490           0.392850        0.227692  0.129231   0.129231   0.866036
280     0.8                 0.325                  100  0.483781  0.635346  0.803077  0.346154  0.674269  0.644043  0.355957           0.301929           0.377055        0.236923  0.123077   0.123077   0.865089
17      0.3                 0.250                  130  0.482759  0.632324  0.796923  0.346257  0.675439  0.646931  0.353069           0.305147           0.409538        0.190769  0.123077   0.123077   0.865089
16      0.3                 0.250                  120  0.479705  0.631374  0.800000  0.342556  0.670175  0.639711  0.360289           0.305147           0.409538        0.190769  0.123077   0.123077   0.865089
175     0.6                 0.300                  100  0.479564  0.635838  0.812308  0.340206  0.664912  0.630325  0.369675           0.307490           0.392850        0.227692  0.129231   0.129231   0.866036
176     0.6                 0.300                  110  0.479339  0.632267  0.803077  0.341623  0.668421  0.636823  0.363177           0.307490           0.392850        0.227692  0.129231   0.129231   0.866036
15      0.3                 0.250                  110  0.477941  0.630150  0.800000  0.340760  0.667836  0.636823  0.363177           0.305147           0.409538        0.190769  0.123077   0.123077   0.865089
14      0.3                 0.250                  100  0.476277  0.630130  0.803077  0.338521  0.664327  0.631769  0.368231           0.305147           0.409538        0.190769  0.123077   0.123077   0.865089
228     0.7                 0.300                  140  0.473392  0.666965  0.916923  0.319058  0.612281  0.540794  0.459206           0.305756           0.386823        0.240000  0.126154   0.126154   0.865562
123     0.5                 0.275                  140  0.473207  0.655850  0.883077  0.323198  0.626316  0.566065  0.433935           0.308644           0.401492        0.249231  0.150769   0.150769   0.869349
125     0.5                 0.275                  160  0.472939  0.652574  0.873846  0.324201  0.629825  0.572563  0.427437           0.308644           0.401492        0.249231  0.150769   0.150769   0.869349
226     0.7                 0.300                  120  0.472699  0.671245  0.932308  0.316614  0.604678  0.527798  0.472202           0.305756           0.386823        0.240000  0.126154   0.126154   0.865562
227     0.7                 0.300                  130  0.472354  0.667113  0.920000  0.317747  0.609357  0.536462  0.463538           0.305756           0.386823        0.240000  0.126154   0.126154   0.865562
124     0.5                 0.275                  150  0.471761  0.651675  0.873846  0.323094  0.628070  0.570397  0.429603           0.308644           0.401492        0.249231  0.150769   0.150769   0.869349
121     0.5                 0.275                  120  0.471068  0.656222  0.889231  0.320399  0.620468  0.557401  0.442599           0.308644           0.401492        0.249231  0.150769   0.150769   0.869349
122     0.5                 0.275                  130  0.470878  0.654057  0.883077  0.321029  0.622807  0.561733  0.438267           0.308644           0.401492        0.249231  0.150769   0.150769   0.869349
229     0.7                 0.300                  150  0.470870  0.662029  0.907692  0.317888  0.612281  0.542960  0.457040           0.305756           0.386823        0.240000  0.126154   0.126154   0.865562
230     0.7                 0.300                  160  0.469831  0.658251  0.898462  0.318083  0.614620  0.548014  0.451986           0.305756           0.386823        0.240000  0.126154   0.126154   0.865562
120     0.5                 0.275                  110  0.468016  0.653846  0.889231  0.317582  0.615789  0.551625  0.448375           0.308644           0.401492        0.249231  0.150769   0.150769   0.869349
119     0.5                 0.275                  100  0.467846  0.655701  0.895385  0.316649  0.612865  0.546570  0.453430           0.308644           0.401492        0.249231  0.150769   0.150769   0.869349
225     0.7                 0.300                  110  0.466872  0.666520  0.932308  0.311408  0.595322  0.516245  0.483755           0.305756           0.386823        0.240000  0.126154   0.126154   0.865562
234     0.7                 0.325                  130  0.464740  0.546196  0.618462  0.372222  0.729240  0.755235  0.244765           0.290948           0.379204        0.178462  0.083077   0.083077   0.858935
235     0.7                 0.325                  140  0.463700  0.541279  0.609231  0.374291  0.732164  0.761011  0.238989           0.290948           0.379204        0.178462  0.083077   0.083077   0.858935
231     0.7                 0.325                  100  0.462736  0.554963  0.640000  0.362369  0.717544  0.735740  0.264260           0.290948           0.379204        0.178462  0.083077   0.083077   0.858935
224     0.7                 0.300                  100  0.461422  0.663909  0.938462  0.305918  0.583626  0.500361  0.499639           0.305756           0.386823        0.240000  0.126154   0.126154   0.865562
233     0.7                 0.325                  120  0.460137  0.545062  0.621538  0.365280  0.722807  0.746570  0.253430           0.290948           0.379204        0.178462  0.083077   0.083077   0.858935
131     0.5                 0.300                  150  0.460116  0.540761  0.612308  0.368519  0.726901  0.753791  0.246209           0.294954           0.392325        0.156923  0.089231   0.089231   0.859882
126     0.5                 0.300                  100  0.459821  0.550508  0.633846  0.360771  0.716959  0.736462  0.263538           0.294954           0.392325        0.156923  0.089231   0.089231   0.859882
237     0.7                 0.325                  160  0.459524  0.531680  0.593846  0.374757  0.734503  0.767509  0.232491           0.290948           0.379204        0.178462  0.083077   0.083077   0.858935
130     0.5                 0.300                  140  0.459054  0.540174  0.612308  0.367159  0.725731  0.752347  0.247653           0.294954           0.392325        0.156923  0.089231   0.089231   0.859882

Full result output for the best combination:
                 #Examples   TP   FP   TN  FN       ACC       FNR       TNR       FPR       TPR      Prec        F1        F2  AVG # affected
Component                                                                                                                                    
no_failure            1385    0  432  953   0  0.688087       NaN  0.688087  0.311913       NaN  0.000000       NaN       NaN      142.387004
txt15_i1                 5    5    0    0   0  1.000000  0.000000       NaN       NaN  1.000000  1.000000  1.000000  1.000000      474.800000
txt15_i3                 5    1    0    0   4  0.200000  0.800000       NaN       NaN  0.200000  1.000000  0.333333  0.238095      144.400000
txt15_conveyor           3    3    0    0   0  1.000000  0.000000       NaN       NaN  1.000000  1.000000  1.000000  1.000000      448.000000
txt15_m1               160  133    0    0  27  0.831250  0.168750       NaN       NaN  0.831250  1.000000  0.907850  0.860285      359.150000
txt15_pl                 9    7    0    0   2  0.777778  0.222222       NaN       NaN  0.777778  1.000000  0.875000  0.813953      303.888889
txt16_i3                 4    0    0    0   4  0.000000  1.000000       NaN       NaN  0.000000       NaN       NaN       NaN       38.500000
txt16_conveyor           8    5    0    0   3  0.625000  0.375000       NaN       NaN  0.625000  1.000000  0.769231  0.675676      236.500000
txt16_m3                65   64    0    0   1  0.984615  0.015385       NaN       NaN  0.984615  1.000000  0.992248  0.987654      433.400000
txt16_turntable          2    2    0    0   0  1.000000  0.000000       NaN       NaN  1.000000  1.000000  1.000000  1.000000      432.000000
txt17_i1                16    6    0    0  10  0.375000  0.625000       NaN       NaN  0.375000  1.000000  0.545455  0.428571      145.750000
txt17_pl                14   14    0    0   0  1.000000  0.000000       NaN       NaN  1.000000  1.000000  1.000000  1.000000      421.785714
txt18_pl                28    7    0    0  21  0.250000  0.750000       NaN       NaN  0.250000  1.000000  0.400000  0.294118      111.535714
txt19_i4                 6    3    0    0   3  0.500000  0.500000       NaN       NaN  0.500000  1.000000  0.666667  0.555556      216.833333
combined              1710  250  432  953  75  0.703509  0.230769  0.688087  0.311913  0.769231  0.366569  0.496524  0.630676      178.705848

                 #Examples   TP   FP   TN  FN       ACC       FNR       TNR       FPR       TPR      Prec        F1        F2  AVG # affected
Component                                                                                                                                    
no_failure            1385    0  432  953   0  0.688087       NaN  0.688087  0.311913       NaN  0.000000       NaN       NaN      142.387004
txt15_i1                 5    5    0    0   0  1.000000  0.000000       NaN       NaN  1.000000  1.000000  1.000000  1.000000      474.800000
txt15_i3                 5    1    0    0   4  0.200000  0.800000       NaN       NaN  0.200000  1.000000  0.333333  0.238095      144.400000
txt15_conveyor           3    3    0    0   0  1.000000  0.000000       NaN       NaN  1.000000  1.000000  1.000000  1.000000      448.000000
txt15_m1               160  133    0    0  27  0.831250  0.168750       NaN       NaN  0.831250  1.000000  0.907850  0.860285      359.150000
txt15_pl                 9    7    0    0   2  0.777778  0.222222       NaN       NaN  0.777778  1.000000  0.875000  0.813953      303.888889
txt16_i3                 4    0    0    0   4  0.000000  1.000000       NaN       NaN  0.000000       NaN       NaN       NaN       38.500000
txt16_conveyor           8    5    0    0   3  0.625000  0.375000       NaN       NaN  0.625000  1.000000  0.769231  0.675676      236.500000
txt16_m3                65   64    0    0   1  0.984615  0.015385       NaN       NaN  0.984615  1.000000  0.992248  0.987654      433.400000
txt16_turntable          2    2    0    0   0  1.000000  0.000000       NaN       NaN  1.000000  1.000000  1.000000  1.000000      432.000000
txt17_i1                16    6    0    0  10  0.375000  0.625000       NaN       NaN  0.375000  1.000000  0.545455  0.428571      145.750000
txt17_pl                14   14    0    0   0  1.000000  0.000000       NaN       NaN  1.000000  1.000000  1.000000  1.000000      421.785714
txt18_pl                28    7    0    0  21  0.250000  0.750000       NaN       NaN  0.250000  1.000000  0.400000  0.294118      111.535714
txt19_i4                 6    3    0    0   3  0.500000  0.500000       NaN       NaN  0.500000  1.000000  0.666667  0.555556      216.833333
combined              1710  250  432  953  75  0.703509  0.230769  0.688087  0.311913  0.769231  0.366569  0.496524  0.630676      178.705848

Execution time: 6036.012085034978
