
Dataset loaded:
Shape of training set (example, time, channels): (20812, 500, 61)
Shape of test set (example, time, channels): (3989, 500, 61)
Shape of train validation set (example, time, channels): (2313, 500, 61)
Shape of test validation set (example, time, channels): (1710, 500, 61)
Num of classes in all: 25

Creating model based on ../configuration/hyperparameter_combinations/last_hope_95.json hyperparameter file 

Adding feature wise convolutions with 32 filters per feature, 3 kernels and 1 strides ...
Adding feature wise convolutions with 1 filters per feature, 3 kernels and 1 strides ...
Adding feature based graph attention layer ...
Adding time based graph attention layer ...
Adding GRU layer with 256 units ...
Adding GRU layer with 61 units ...
Adding GRU AE as reconstruction model ...
Adding dense layer to forecasting model with 512 units and ReLu activation ...
Adding dense layer to forecasting model with 256 units and ReLu activation ...
Adding last dense layer to forecasting model with 61 units and sigmoid activation ...
VAE reconstructs the output of the gru layer.

Epoch 0
	Step 0: mean loss = 0.2199
	Step 50: mean loss = 0.2033
	Step 100: mean loss = 0.1452
	Step 150: mean loss = 0.1208

	Loss on validation set after epoch 0: 0.0701

Epoch 1
	Step 0: mean loss = 0.0678
	Step 50: mean loss = 0.0694
	Step 100: mean loss = 0.0692
	Step 150: mean loss = 0.0689

	Loss on validation set after epoch 1: 0.0677

Epoch 2
	Step 0: mean loss = 0.0663
	Step 50: mean loss = 0.0668
	Step 100: mean loss = 0.0657
	Step 150: mean loss = 0.0647

	Loss on validation set after epoch 2: 0.0620

Epoch 3
	Step 0: mean loss = 0.0630
	Step 50: mean loss = 0.0606
	Step 100: mean loss = 0.0598
	Step 150: mean loss = 0.0591

	Loss on validation set after epoch 3: 0.0562

Epoch 4
	Step 0: mean loss = 0.0564
	Step 50: mean loss = 0.0552
	Step 100: mean loss = 0.0551
	Step 150: mean loss = 0.0547

	Loss on validation set after epoch 4: 0.0524

Epoch 5
	Step 0: mean loss = 0.0547
	Step 50: mean loss = 0.0535
	Step 100: mean loss = 0.0530
	Step 150: mean loss = 0.0524

	Loss on validation set after epoch 5: 0.0512

Epoch 6
	Step 0: mean loss = 0.0536
	Step 50: mean loss = 0.0502
	Step 100: mean loss = 0.0500
	Step 150: mean loss = 0.0496

	Loss on validation set after epoch 6: 0.0487

Epoch 7
	Step 0: mean loss = 0.0473
	Step 50: mean loss = 0.0483
	Step 100: mean loss = 0.0480
	Step 150: mean loss = 0.0476

	Loss on validation set after epoch 7: 0.0457

Epoch 8
	Step 0: mean loss = 0.0433
	Step 50: mean loss = 0.0456
	Step 100: mean loss = 0.0457
	Step 150: mean loss = 0.0453

	Loss on validation set after epoch 8: 0.0441

Epoch 9
	Step 0: mean loss = 0.0427
	Step 50: mean loss = 0.0437
	Step 100: mean loss = 0.0436
	Step 150: mean loss = 0.0433

	Loss on validation set after epoch 9: 0.0423

Epoch 10
	Step 0: mean loss = 0.0410
	Step 50: mean loss = 0.0420
	Step 100: mean loss = 0.0417
	Step 150: mean loss = 0.0415

	Loss on validation set after epoch 10: 0.0403

Epoch 11
	Step 0: mean loss = 0.0425
	Step 50: mean loss = 0.0401
	Step 100: mean loss = 0.0397
	Step 150: mean loss = 0.0392

	Loss on validation set after epoch 11: 0.0375

Epoch 12
	Step 0: mean loss = 0.0339
	Step 50: mean loss = 0.0373
	Step 100: mean loss = 0.0369
	Step 150: mean loss = 0.0367

	Loss on validation set after epoch 12: 0.0354

Epoch 13
	Step 0: mean loss = 0.0334
	Step 50: mean loss = 0.0351
	Step 100: mean loss = 0.0348
	Step 150: mean loss = 0.0347

	Loss on validation set after epoch 13: 0.0343

Epoch 14
	Step 0: mean loss = 0.0334
	Step 50: mean loss = 0.0333
	Step 100: mean loss = 0.0331
	Step 150: mean loss = 0.0331

	Loss on validation set after epoch 14: 0.0332

Epoch 15
	Step 0: mean loss = 0.0351
	Step 50: mean loss = 0.0321
	Step 100: mean loss = 0.0320
	Step 150: mean loss = 0.0319

	Loss on validation set after epoch 15: 0.0312

Epoch 16
	Step 0: mean loss = 0.0306
	Step 50: mean loss = 0.0309
	Step 100: mean loss = 0.0305
	Step 150: mean loss = 0.0304

	Loss on validation set after epoch 16: 0.0298

Epoch 17
	Step 0: mean loss = 0.0289
	Step 50: mean loss = 0.0294
	Step 100: mean loss = 0.0291
	Step 150: mean loss = 0.0289

	Loss on validation set after epoch 17: 0.0282

Epoch 18
	Step 0: mean loss = 0.0302
	Step 50: mean loss = 0.0281
	Step 100: mean loss = 0.0279
	Step 150: mean loss = 0.0278

	Loss on validation set after epoch 18: 0.0274

Epoch 19
	Step 0: mean loss = 0.0270
	Step 50: mean loss = 0.0267
	Step 100: mean loss = 0.0267
	Step 150: mean loss = 0.0265

	Loss on validation set after epoch 19: 0.0265

Epoch 20
	Step 0: mean loss = 0.0237
	Step 50: mean loss = 0.0254
	Step 100: mean loss = 0.0253
	Step 150: mean loss = 0.0252

	Loss on validation set after epoch 20: 0.0243

Epoch 21
	Step 0: mean loss = 0.0279
	Step 50: mean loss = 0.0236
	Step 100: mean loss = 0.0234
	Step 150: mean loss = 0.0233

	Loss on validation set after epoch 21: 0.0226

Epoch 22
	Step 0: mean loss = 0.0223
	Step 50: mean loss = 0.0222
	Step 100: mean loss = 0.0220
	Step 150: mean loss = 0.0219

	Loss on validation set after epoch 22: 0.0217

Epoch 23
	Step 0: mean loss = 0.0214
	Step 50: mean loss = 0.0211
	Step 100: mean loss = 0.0211
	Step 150: mean loss = 0.0209

	Loss on validation set after epoch 23: 0.0206

Epoch 24
	Step 0: mean loss = 0.0234
	Step 50: mean loss = 0.0203
	Step 100: mean loss = 0.0202
	Step 150: mean loss = 0.0201

	Loss on validation set after epoch 24: 0.0199

Epoch 25
	Step 0: mean loss = 0.0220
	Step 50: mean loss = 0.0197
	Step 100: mean loss = 0.0195
	Step 150: mean loss = 0.0195

	Loss on validation set after epoch 25: 0.0192

Epoch 26
	Step 0: mean loss = 0.0200
	Step 50: mean loss = 0.0185
	Step 100: mean loss = 0.0184
	Step 150: mean loss = 0.0182

	Loss on validation set after epoch 26: 0.0182

Epoch 27
	Step 0: mean loss = 0.0182
	Step 50: mean loss = 0.0173
	Step 100: mean loss = 0.0173
	Step 150: mean loss = 0.0172

	Loss on validation set after epoch 27: 0.0173

Epoch 28
	Step 0: mean loss = 0.0188
	Step 50: mean loss = 0.0165
	Step 100: mean loss = 0.0165
	Step 150: mean loss = 0.0164

	Loss on validation set after epoch 28: 0.0161

Epoch 29
	Step 0: mean loss = 0.0152
	Step 50: mean loss = 0.0157
	Step 100: mean loss = 0.0156
	Step 150: mean loss = 0.0155

	Loss on validation set after epoch 29: 0.0151

Epoch 30
	Step 0: mean loss = 0.0157
	Step 50: mean loss = 0.0150
	Step 100: mean loss = 0.0149
	Step 150: mean loss = 0.0147

	Loss on validation set after epoch 30: 0.0147

Epoch 31
	Step 0: mean loss = 0.0112
	Step 50: mean loss = 0.0140
	Step 100: mean loss = 0.0139
	Step 150: mean loss = 0.0137

	Loss on validation set after epoch 31: 0.0141

Epoch 32
	Step 0: mean loss = 0.0127
	Step 50: mean loss = 0.0132
	Step 100: mean loss = 0.0131
	Step 150: mean loss = 0.0130

	Loss on validation set after epoch 32: 0.0131

Epoch 33
	Step 0: mean loss = 0.0127
	Step 50: mean loss = 0.0123
	Step 100: mean loss = 0.0124
	Step 150: mean loss = 0.0123

	Loss on validation set after epoch 33: 0.0122

Epoch 34
	Step 0: mean loss = 0.0111
	Step 50: mean loss = 0.0121
	Step 100: mean loss = 0.0120
	Step 150: mean loss = 0.0119

	Loss on validation set after epoch 34: 0.0117

Epoch 35
	Step 0: mean loss = 0.0138
	Step 50: mean loss = 0.0117
	Step 100: mean loss = 0.0116
	Step 150: mean loss = 0.0116

	Loss on validation set after epoch 35: 0.0120

Epoch 36
	Step 0: mean loss = 0.0117
	Step 50: mean loss = 0.0113
	Step 100: mean loss = 0.0113
	Step 150: mean loss = 0.0113

	Loss on validation set after epoch 36: 0.0117

Epoch 37
	Step 0: mean loss = 0.0108
	Step 50: mean loss = 0.0110
	Step 100: mean loss = 0.0110
	Step 150: mean loss = 0.0110

	Loss on validation set after epoch 37: 0.0110

Epoch 38
	Step 0: mean loss = 0.0116
	Step 50: mean loss = 0.0107
	Step 100: mean loss = 0.0108
	Step 150: mean loss = 0.0107

	Loss on validation set after epoch 38: 0.0116

Epoch 39
	Step 0: mean loss = 0.0120
	Step 50: mean loss = 0.0106
	Step 100: mean loss = 0.0105
	Step 150: mean loss = 0.0105

	Loss on validation set after epoch 39: 0.0114

Epoch 40
	Step 0: mean loss = 0.0116
	Step 50: mean loss = 0.0104
	Step 100: mean loss = 0.0103
	Step 150: mean loss = 0.0103

	Loss on validation set after epoch 40: 0.0108

Epoch 41
	Step 0: mean loss = 0.0096
	Step 50: mean loss = 0.0100
	Step 100: mean loss = 0.0101
	Step 150: mean loss = 0.0101

	Loss on validation set after epoch 41: 0.0102

Epoch 42
	Step 0: mean loss = 0.0119
	Step 50: mean loss = 0.0097
	Step 100: mean loss = 0.0098
	Step 150: mean loss = 0.0099

	Loss on validation set after epoch 42: 0.0104

Epoch 43
	Step 0: mean loss = 0.0073
	Step 50: mean loss = 0.0096
	Step 100: mean loss = 0.0097
	Step 150: mean loss = 0.0097

	Loss on validation set after epoch 43: 0.0104

Epoch 44
	Step 0: mean loss = 0.0090
	Step 50: mean loss = 0.0093
	Step 100: mean loss = 0.0094
	Step 150: mean loss = 0.0094

	Loss on validation set after epoch 44: 0.0101

Epoch 45
	Step 0: mean loss = 0.0088
	Step 50: mean loss = 0.0094
	Step 100: mean loss = 0.0093
	Step 150: mean loss = 0.0093

	Loss on validation set after epoch 45: 0.0095

Epoch 46
	Step 0: mean loss = 0.0104
	Step 50: mean loss = 0.0090
	Step 100: mean loss = 0.0091
	Step 150: mean loss = 0.0091

	Loss on validation set after epoch 46: 0.0092

Epoch 47
	Step 0: mean loss = 0.0081
	Step 50: mean loss = 0.0088
	Step 100: mean loss = 0.0089
	Step 150: mean loss = 0.0089

	Loss on validation set after epoch 47: 0.0092

Epoch 48
	Step 0: mean loss = 0.0077
	Step 50: mean loss = 0.0086
	Step 100: mean loss = 0.0087
	Step 150: mean loss = 0.0088

	Loss on validation set after epoch 48: 0.0092

Epoch 49
	Step 0: mean loss = 0.0085
	Step 50: mean loss = 0.0085
	Step 100: mean loss = 0.0085
	Step 150: mean loss = 0.0085

	Loss on validation set after epoch 49: 0.0087

Epoch 50
	Step 0: mean loss = 0.0090
	Step 50: mean loss = 0.0083
	Step 100: mean loss = 0.0083
	Step 150: mean loss = 0.0083

	Loss on validation set after epoch 50: 0.0086

Epoch 51
	Step 0: mean loss = 0.0077
	Step 50: mean loss = 0.0080
	Step 100: mean loss = 0.0081
	Step 150: mean loss = 0.0081

	Loss on validation set after epoch 51: 0.0082

Epoch 52
	Step 0: mean loss = 0.0085
	Step 50: mean loss = 0.0078
	Step 100: mean loss = 0.0080
	Step 150: mean loss = 0.0080

	Loss on validation set after epoch 52: 0.0083

Epoch 53
	Step 0: mean loss = 0.0062
	Step 50: mean loss = 0.0077
	Step 100: mean loss = 0.0077
	Step 150: mean loss = 0.0078

	Loss on validation set after epoch 53: 0.0081

Epoch 54
	Step 0: mean loss = 0.0094
	Step 50: mean loss = 0.0076
	Step 100: mean loss = 0.0077
	Step 150: mean loss = 0.0077

	Loss on validation set after epoch 54: 0.0084

Epoch 55
	Step 0: mean loss = 0.0082
	Step 50: mean loss = 0.0075
	Step 100: mean loss = 0.0076
	Step 150: mean loss = 0.0075

	Loss on validation set after epoch 55: 0.0079

Epoch 56
	Step 0: mean loss = 0.0053
	Step 50: mean loss = 0.0074
	Step 100: mean loss = 0.0074
	Step 150: mean loss = 0.0074

	Loss on validation set after epoch 56: 0.0081

Epoch 57
	Step 0: mean loss = 0.0080
	Step 50: mean loss = 0.0072
	Step 100: mean loss = 0.0072
	Step 150: mean loss = 0.0072

	Loss on validation set after epoch 57: 0.0077

Epoch 58
	Step 0: mean loss = 0.0078
	Step 50: mean loss = 0.0071
	Step 100: mean loss = 0.0070
	Step 150: mean loss = 0.0071

	Loss on validation set after epoch 58: 0.0074

Epoch 59
	Step 0: mean loss = 0.0070
	Step 50: mean loss = 0.0068
	Step 100: mean loss = 0.0068
	Step 150: mean loss = 0.0068

	Loss on validation set after epoch 59: 0.0071

Epoch 60
	Step 0: mean loss = 0.0068
	Step 50: mean loss = 0.0066
	Step 100: mean loss = 0.0068
	Step 150: mean loss = 0.0068

	Loss on validation set after epoch 60: 0.0069

Epoch 61
	Step 0: mean loss = 0.0065
	Step 50: mean loss = 0.0067
	Step 100: mean loss = 0.0066
	Step 150: mean loss = 0.0065

	Loss on validation set after epoch 61: 0.0068

Epoch 62
	Step 0: mean loss = 0.0069
	Step 50: mean loss = 0.0063
	Step 100: mean loss = 0.0063
	Step 150: mean loss = 0.0063

	Loss on validation set after epoch 62: 0.0065

Epoch 63
	Step 0: mean loss = 0.0079
	Step 50: mean loss = 0.0062
	Step 100: mean loss = 0.0062
	Step 150: mean loss = 0.0062

	Loss on validation set after epoch 63: 0.0065

Epoch 64
	Step 0: mean loss = 0.0083
	Step 50: mean loss = 0.0061
	Step 100: mean loss = 0.0061
	Step 150: mean loss = 0.0061

	Loss on validation set after epoch 64: 0.0066

Epoch 65
	Step 0: mean loss = 0.0071
	Step 50: mean loss = 0.0059
	Step 100: mean loss = 0.0060
	Step 150: mean loss = 0.0060

	Loss on validation set after epoch 65: 0.0064

Epoch 66
	Step 0: mean loss = 0.0077
	Step 50: mean loss = 0.0059
	Step 100: mean loss = 0.0059
	Step 150: mean loss = 0.0059

	Loss on validation set after epoch 66: 0.0063

Epoch 67
	Step 0: mean loss = 0.0074
	Step 50: mean loss = 0.0057
	Step 100: mean loss = 0.0058
	Step 150: mean loss = 0.0058

	Loss on validation set after epoch 67: 0.0059

Epoch 68
	Step 0: mean loss = 0.0044
	Step 50: mean loss = 0.0057
	Step 100: mean loss = 0.0057
	Step 150: mean loss = 0.0057

	Loss on validation set after epoch 68: 0.0058

Epoch 69
	Step 0: mean loss = 0.0052
	Step 50: mean loss = 0.0057
	Step 100: mean loss = 0.0056
	Step 150: mean loss = 0.0056

	Loss on validation set after epoch 69: 0.0056

Epoch 70
	Step 0: mean loss = 0.0047
	Step 50: mean loss = 0.0054
	Step 100: mean loss = 0.0054
	Step 150: mean loss = 0.0054

	Loss on validation set after epoch 70: 0.0056

Epoch 71
	Step 0: mean loss = 0.0045
	Step 50: mean loss = 0.0053
	Step 100: mean loss = 0.0053
	Step 150: mean loss = 0.0053

	Loss on validation set after epoch 71: 0.0053

Epoch 72
	Step 0: mean loss = 0.0062
	Step 50: mean loss = 0.0051
	Step 100: mean loss = 0.0052
	Step 150: mean loss = 0.0052

	Loss on validation set after epoch 72: 0.0055

Epoch 73
	Step 0: mean loss = 0.0053
	Step 50: mean loss = 0.0052
	Step 100: mean loss = 0.0051
	Step 150: mean loss = 0.0052

	Loss on validation set after epoch 73: 0.0058

Epoch 74
	Step 0: mean loss = 0.0039
	Step 50: mean loss = 0.0050
	Step 100: mean loss = 0.0051
	Step 150: mean loss = 0.0051

	Loss on validation set after epoch 74: 0.0052

Epoch 75
	Step 0: mean loss = 0.0058
	Step 50: mean loss = 0.0049
	Step 100: mean loss = 0.0050
	Step 150: mean loss = 0.0049

	Loss on validation set after epoch 75: 0.0050

Epoch 76
	Step 0: mean loss = 0.0071
	Step 50: mean loss = 0.0049
	Step 100: mean loss = 0.0048
	Step 150: mean loss = 0.0049

	Loss on validation set after epoch 76: 0.0053

Epoch 77
	Step 0: mean loss = 0.0058
	Step 50: mean loss = 0.0048
	Step 100: mean loss = 0.0047
	Step 150: mean loss = 0.0046

	Loss on validation set after epoch 77: 0.0047

Epoch 78
	Step 0: mean loss = 0.0040
	Step 50: mean loss = 0.0045
	Step 100: mean loss = 0.0044
	Step 150: mean loss = 0.0044

	Loss on validation set after epoch 78: 0.0046

Epoch 79
	Step 0: mean loss = 0.0049
	Step 50: mean loss = 0.0044
	Step 100: mean loss = 0.0044
	Step 150: mean loss = 0.0044

	Loss on validation set after epoch 79: 0.0046

Epoch 80
	Step 0: mean loss = 0.0046
	Step 50: mean loss = 0.0043
	Step 100: mean loss = 0.0043
	Step 150: mean loss = 0.0043

	Loss on validation set after epoch 80: 0.0045

Epoch 81
	Step 0: mean loss = 0.0038
	Step 50: mean loss = 0.0043
	Step 100: mean loss = 0.0042
	Step 150: mean loss = 0.0042

	Loss on validation set after epoch 81: 0.0044

Epoch 82
	Step 0: mean loss = 0.0042
	Step 50: mean loss = 0.0043
	Step 100: mean loss = 0.0042
	Step 150: mean loss = 0.0042

	Loss on validation set after epoch 82: 0.0042

Epoch 83
	Step 0: mean loss = 0.0048
	Step 50: mean loss = 0.0042
	Step 100: mean loss = 0.0041
	Step 150: mean loss = 0.0041

	Loss on validation set after epoch 83: 0.0044

Epoch 84
	Step 0: mean loss = 0.0040
	Step 50: mean loss = 0.0040
	Step 100: mean loss = 0.0040
	Step 150: mean loss = 0.0040

	Loss on validation set after epoch 84: 0.0045

Epoch 85
	Step 0: mean loss = 0.0038
	Step 50: mean loss = 0.0039
	Step 100: mean loss = 0.0039
	Step 150: mean loss = 0.0039

	Loss on validation set after epoch 85: 0.0044

Epoch 86
	Step 0: mean loss = 0.0045
	Step 50: mean loss = 0.0039
	Step 100: mean loss = 0.0039
	Step 150: mean loss = 0.0039

	Loss on validation set after epoch 86: 0.0041

Epoch 87
	Step 0: mean loss = 0.0039
	Step 50: mean loss = 0.0038
	Step 100: mean loss = 0.0038
	Step 150: mean loss = 0.0038

	Loss on validation set after epoch 87: 0.0039

Epoch 88
	Step 0: mean loss = 0.0038
	Step 50: mean loss = 0.0038
	Step 100: mean loss = 0.0038
	Step 150: mean loss = 0.0038

	Loss on validation set after epoch 88: 0.0040

Epoch 89
	Step 0: mean loss = 0.0057
	Step 50: mean loss = 0.0038
	Step 100: mean loss = 0.0038
	Step 150: mean loss = 0.0037

	Loss on validation set after epoch 89: 0.0039

Epoch 90
	Step 0: mean loss = 0.0040
	Step 50: mean loss = 0.0037
	Step 100: mean loss = 0.0037
	Step 150: mean loss = 0.0037

	Loss on validation set after epoch 90: 0.0039

Epoch 91
	Step 0: mean loss = 0.0026
	Step 50: mean loss = 0.0037
	Step 100: mean loss = 0.0037
	Step 150: mean loss = 0.0037

	Loss on validation set after epoch 91: 0.0038

Epoch 92
	Step 0: mean loss = 0.0035
	Step 50: mean loss = 0.0037
	Step 100: mean loss = 0.0037
	Step 150: mean loss = 0.0037

	Loss on validation set after epoch 92: 0.0042

Epoch 93
	Step 0: mean loss = 0.0038
	Step 50: mean loss = 0.0036
	Step 100: mean loss = 0.0036
	Step 150: mean loss = 0.0036

	Loss on validation set after epoch 93: 0.0038

Epoch 94
	Step 0: mean loss = 0.0037
	Step 50: mean loss = 0.0036
	Step 100: mean loss = 0.0036
	Step 150: mean loss = 0.0036

	Loss on validation set after epoch 94: 0.0041

Epoch 95
	Step 0: mean loss = 0.0032
	Step 50: mean loss = 0.0035
	Step 100: mean loss = 0.0035
	Step 150: mean loss = 0.0036

	Loss on validation set after epoch 95: 0.0039

Epoch 96
	Step 0: mean loss = 0.0039
	Step 50: mean loss = 0.0035
	Step 100: mean loss = 0.0035
	Step 150: mean loss = 0.0035

	Loss on validation set after epoch 96: 0.0039

Epoch 97
	Step 0: mean loss = 0.0041
	Step 50: mean loss = 0.0035
	Step 100: mean loss = 0.0035
	Step 150: mean loss = 0.0035

	Loss on validation set after epoch 97: 0.0035

Epoch 98
	Step 0: mean loss = 0.0032
	Step 50: mean loss = 0.0035
	Step 100: mean loss = 0.0035
	Step 150: mean loss = 0.0035

	Loss on validation set after epoch 98: 0.0036

Epoch 99
	Step 0: mean loss = 0.0043
	Step 50: mean loss = 0.0035
	Step 100: mean loss = 0.0034
	Step 150: mean loss = 0.0034

	Loss on validation set after epoch 99: 0.0036

Epoch 100
	Step 0: mean loss = 0.0034
	Step 50: mean loss = 0.0034
	Step 100: mean loss = 0.0034
	Step 150: mean loss = 0.0034

	Loss on validation set after epoch 100: 0.0035

Epoch 101
	Step 0: mean loss = 0.0042
	Step 50: mean loss = 0.0034
	Step 100: mean loss = 0.0034
	Step 150: mean loss = 0.0034

	Loss on validation set after epoch 101: 0.0036

Epoch 102
	Step 0: mean loss = 0.0029
	Step 50: mean loss = 0.0034
	Step 100: mean loss = 0.0034
	Step 150: mean loss = 0.0034

	Loss on validation set after epoch 102: 0.0035

Epoch 103
	Step 0: mean loss = 0.0028
	Step 50: mean loss = 0.0033
	Step 100: mean loss = 0.0034
	Step 150: mean loss = 0.0034

	Loss on validation set after epoch 103: 0.0037

Epoch 104
	Step 0: mean loss = 0.0039
	Step 50: mean loss = 0.0034
	Step 100: mean loss = 0.0034
	Step 150: mean loss = 0.0034

	Loss on validation set after epoch 104: 0.0038

Epoch 105
	Step 0: mean loss = 0.0033
	Step 50: mean loss = 0.0033
	Step 100: mean loss = 0.0033
	Step 150: mean loss = 0.0033

	Loss on validation set after epoch 105: 0.0035

Epoch 106
	Step 0: mean loss = 0.0037
	Step 50: mean loss = 0.0033
	Step 100: mean loss = 0.0033
	Step 150: mean loss = 0.0033

	Loss on validation set after epoch 106: 0.0035

Epoch 107
	Step 0: mean loss = 0.0043
	Step 50: mean loss = 0.0034
	Step 100: mean loss = 0.0034
	Step 150: mean loss = 0.0033

	Loss on validation set after epoch 107: 0.0036

Epoch 108
	Step 0: mean loss = 0.0040
	Step 50: mean loss = 0.0033
	Step 100: mean loss = 0.0033
	Step 150: mean loss = 0.0033

	Loss on validation set after epoch 108: 0.0035

Epoch 109
	Step 0: mean loss = 0.0027
	Step 50: mean loss = 0.0033
	Step 100: mean loss = 0.0033
	Step 150: mean loss = 0.0033

	Loss on validation set after epoch 109: 0.0034

Epoch 110
	Step 0: mean loss = 0.0033
	Step 50: mean loss = 0.0033
	Step 100: mean loss = 0.0033
	Step 150: mean loss = 0.0033

	Loss on validation set after epoch 110: 0.0035

Epoch 111
	Step 0: mean loss = 0.0028
	Step 50: mean loss = 0.0032
	Step 100: mean loss = 0.0032
	Step 150: mean loss = 0.0032

	Loss on validation set after epoch 111: 0.0033

Epoch 112
	Step 0: mean loss = 0.0036
	Step 50: mean loss = 0.0032
	Step 100: mean loss = 0.0032
	Step 150: mean loss = 0.0032

	Loss on validation set after epoch 112: 0.0033

Epoch 113
	Step 0: mean loss = 0.0037
	Step 50: mean loss = 0.0032
	Step 100: mean loss = 0.0032
	Step 150: mean loss = 0.0032

	Loss on validation set after epoch 113: 0.0034

Epoch 114
	Step 0: mean loss = 0.0032
	Step 50: mean loss = 0.0031
	Step 100: mean loss = 0.0032
	Step 150: mean loss = 0.0032

	Loss on validation set after epoch 114: 0.0032

Epoch 115
	Step 0: mean loss = 0.0032
	Step 50: mean loss = 0.0031
	Step 100: mean loss = 0.0032
	Step 150: mean loss = 0.0032

	Loss on validation set after epoch 115: 0.0034

Epoch 116
	Step 0: mean loss = 0.0022
	Step 50: mean loss = 0.0031
	Step 100: mean loss = 0.0031
	Step 150: mean loss = 0.0032

	Loss on validation set after epoch 116: 0.0032

Epoch 117
	Step 0: mean loss = 0.0027
	Step 50: mean loss = 0.0031
	Step 100: mean loss = 0.0031
	Step 150: mean loss = 0.0031

	Loss on validation set after epoch 117: 0.0034

Epoch 118
	Step 0: mean loss = 0.0043
	Step 50: mean loss = 0.0031
	Step 100: mean loss = 0.0031
	Step 150: mean loss = 0.0031

	Loss on validation set after epoch 118: 0.0032

Epoch 119
	Step 0: mean loss = 0.0019
	Step 50: mean loss = 0.0031
	Step 100: mean loss = 0.0031
	Step 150: mean loss = 0.0031

	Loss on validation set after epoch 119: 0.0032

Epoch 120
	Step 0: mean loss = 0.0044
	Step 50: mean loss = 0.0031
	Step 100: mean loss = 0.0031
	Step 150: mean loss = 0.0031

	Loss on validation set after epoch 120: 0.0033

Epoch 121
	Step 0: mean loss = 0.0031
	Step 50: mean loss = 0.0031
	Step 100: mean loss = 0.0031
	Step 150: mean loss = 0.0031

	Loss on validation set after epoch 121: 0.0031

Epoch 122
	Step 0: mean loss = 0.0031
	Step 50: mean loss = 0.0030
	Step 100: mean loss = 0.0030
	Step 150: mean loss = 0.0030

	Loss on validation set after epoch 122: 0.0032

Epoch 123
	Step 0: mean loss = 0.0024
	Step 50: mean loss = 0.0030
	Step 100: mean loss = 0.0030
	Step 150: mean loss = 0.0030

	Loss on validation set after epoch 123: 0.0034

Epoch 124
	Step 0: mean loss = 0.0030
	Step 50: mean loss = 0.0030
	Step 100: mean loss = 0.0031
	Step 150: mean loss = 0.0030

	Loss on validation set after epoch 124: 0.0032

Epoch 125
	Step 0: mean loss = 0.0044
	Step 50: mean loss = 0.0030
	Step 100: mean loss = 0.0030
	Step 150: mean loss = 0.0030

	Loss on validation set after epoch 125: 0.0032

Epoch 126
	Step 0: mean loss = 0.0027
	Step 50: mean loss = 0.0030
	Step 100: mean loss = 0.0030
	Step 150: mean loss = 0.0030

	Loss on validation set after epoch 126: 0.0032

Epoch 127
	Step 0: mean loss = 0.0031
	Step 50: mean loss = 0.0030
	Step 100: mean loss = 0.0030
	Step 150: mean loss = 0.0030

	Loss on validation set after epoch 127: 0.0033

Epoch 128
	Step 0: mean loss = 0.0023
	Step 50: mean loss = 0.0030
	Step 100: mean loss = 0.0030
	Step 150: mean loss = 0.0030

	Loss on validation set after epoch 128: 0.0033

Epoch 129
	Step 0: mean loss = 0.0034
	Step 50: mean loss = 0.0030
	Step 100: mean loss = 0.0030
	Step 150: mean loss = 0.0030

	Loss on validation set after epoch 129: 0.0033

Epoch 130
	Step 0: mean loss = 0.0034
	Step 50: mean loss = 0.0030
	Step 100: mean loss = 0.0030
	Step 150: mean loss = 0.0029

	Loss on validation set after epoch 130: 0.0030

Epoch 131
	Step 0: mean loss = 0.0032
	Step 50: mean loss = 0.0029
	Step 100: mean loss = 0.0030
	Step 150: mean loss = 0.0029

	Loss on validation set after epoch 131: 0.0031

Epoch 132
	Step 0: mean loss = 0.0037
	Step 50: mean loss = 0.0028
	Step 100: mean loss = 0.0029
	Step 150: mean loss = 0.0029

	Loss on validation set after epoch 132: 0.0031

Epoch 133
	Step 0: mean loss = 0.0041
	Step 50: mean loss = 0.0029
	Step 100: mean loss = 0.0029
	Step 150: mean loss = 0.0029

	Loss on validation set after epoch 133: 0.0030

Epoch 134
	Step 0: mean loss = 0.0041
	Step 50: mean loss = 0.0029
	Step 100: mean loss = 0.0029
	Step 150: mean loss = 0.0029

	Loss on validation set after epoch 134: 0.0034

Epoch 135
	Step 0: mean loss = 0.0032
	Step 50: mean loss = 0.0029
	Step 100: mean loss = 0.0029
	Step 150: mean loss = 0.0029

	Loss on validation set after epoch 135: 0.0031

Epoch 136
	Step 0: mean loss = 0.0036
	Step 50: mean loss = 0.0029
	Step 100: mean loss = 0.0029
	Step 150: mean loss = 0.0029

	Loss on validation set after epoch 136: 0.0032

Epoch 137
	Step 0: mean loss = 0.0026
	Step 50: mean loss = 0.0028
	Step 100: mean loss = 0.0029
	Step 150: mean loss = 0.0029

	Loss on validation set after epoch 137: 0.0031

Epoch 138
	Step 0: mean loss = 0.0024
	Step 50: mean loss = 0.0029
	Step 100: mean loss = 0.0029
	Step 150: mean loss = 0.0028

	Loss on validation set after epoch 138: 0.0028

Epoch 139
	Step 0: mean loss = 0.0024
	Step 50: mean loss = 0.0023
	Step 100: mean loss = 0.0023
	Step 150: mean loss = 0.0022

	Loss on validation set after epoch 139: 0.0024

Epoch 140
	Step 0: mean loss = 0.0019
	Step 50: mean loss = 0.0022
	Step 100: mean loss = 0.0022
	Step 150: mean loss = 0.0022

	Loss on validation set after epoch 140: 0.0028

Epoch 141
	Step 0: mean loss = 0.0020
	Step 50: mean loss = 0.0021
	Step 100: mean loss = 0.0022
	Step 150: mean loss = 0.0022

	Loss on validation set after epoch 141: 0.0024

Epoch 142
	Step 0: mean loss = 0.0026
	Step 50: mean loss = 0.0021
	Step 100: mean loss = 0.0021
	Step 150: mean loss = 0.0021

	Loss on validation set after epoch 142: 0.0023

Epoch 143
	Step 0: mean loss = 0.0022
	Step 50: mean loss = 0.0021
	Step 100: mean loss = 0.0022
	Step 150: mean loss = 0.0021

	Loss on validation set after epoch 143: 0.0023

Epoch 144
	Step 0: mean loss = 0.0019
	Step 50: mean loss = 0.0021
	Step 100: mean loss = 0.0021
	Step 150: mean loss = 0.0021

	Loss on validation set after epoch 144: 0.0024

Epoch 145
	Step 0: mean loss = 0.0030
	Step 50: mean loss = 0.0021
	Step 100: mean loss = 0.0021
	Step 150: mean loss = 0.0021

	Loss on validation set after epoch 145: 0.0025

Epoch 146
	Step 0: mean loss = 0.0033
	Step 50: mean loss = 0.0020
	Step 100: mean loss = 0.0021
	Step 150: mean loss = 0.0021

	Loss on validation set after epoch 146: 0.0024

Epoch 147
	Step 0: mean loss = 0.0020
	Step 50: mean loss = 0.0020
	Step 100: mean loss = 0.0021
	Step 150: mean loss = 0.0021

	Loss on validation set after epoch 147: 0.0022

Epoch 148
	Step 0: mean loss = 0.0020
	Step 50: mean loss = 0.0020
	Step 100: mean loss = 0.0021
	Step 150: mean loss = 0.0021

	Loss on validation set after epoch 148: 0.0023

Epoch 149
	Step 0: mean loss = 0.0015
	Step 50: mean loss = 0.0020
	Step 100: mean loss = 0.0021
	Step 150: mean loss = 0.0020

	Loss on validation set after epoch 149: 0.0022

Epoch 150
	Step 0: mean loss = 0.0017
	Step 50: mean loss = 0.0020
	Step 100: mean loss = 0.0021
	Step 150: mean loss = 0.0020

	Loss on validation set after epoch 150: 0.0022

Epoch 151
	Step 0: mean loss = 0.0031
	Step 50: mean loss = 0.0020
	Step 100: mean loss = 0.0021
	Step 150: mean loss = 0.0020

	Loss on validation set after epoch 151: 0.0023

Epoch 152
	Step 0: mean loss = 0.0021
	Step 50: mean loss = 0.0020
	Step 100: mean loss = 0.0020
	Step 150: mean loss = 0.0020

	Loss on validation set after epoch 152: 0.0024

Epoch 153
	Step 0: mean loss = 0.0021
	Step 50: mean loss = 0.0020
	Step 100: mean loss = 0.0020
	Step 150: mean loss = 0.0020

	Loss on validation set after epoch 153: 0.0023

Epoch 154
	Step 0: mean loss = 0.0019
	Step 50: mean loss = 0.0019
	Step 100: mean loss = 0.0020
	Step 150: mean loss = 0.0020

	Loss on validation set after epoch 154: 0.0022

Epoch 155
	Step 0: mean loss = 0.0026
	Step 50: mean loss = 0.0019
	Step 100: mean loss = 0.0020
	Step 150: mean loss = 0.0020

	Loss on validation set after epoch 155: 0.0023

Epoch 156
	Step 0: mean loss = 0.0017
	Step 50: mean loss = 0.0020
	Step 100: mean loss = 0.0020
	Step 150: mean loss = 0.0020

	Loss on validation set after epoch 156: 0.0021

Epoch 157
	Step 0: mean loss = 0.0014
	Step 50: mean loss = 0.0019
	Step 100: mean loss = 0.0020
	Step 150: mean loss = 0.0020

	Loss on validation set after epoch 157: 0.0022

Epoch 158
	Step 0: mean loss = 0.0025
	Step 50: mean loss = 0.0019
	Step 100: mean loss = 0.0020
	Step 150: mean loss = 0.0020

	Loss on validation set after epoch 158: 0.0021

Epoch 159
	Step 0: mean loss = 0.0021
	Step 50: mean loss = 0.0019
	Step 100: mean loss = 0.0020
	Step 150: mean loss = 0.0020

	Loss on validation set after epoch 159: 0.0023

Epoch 160
	Step 0: mean loss = 0.0026
	Step 50: mean loss = 0.0019
	Step 100: mean loss = 0.0020
	Step 150: mean loss = 0.0020

	Loss on validation set after epoch 160: 0.0021

Epoch 161
	Step 0: mean loss = 0.0021
	Step 50: mean loss = 0.0019
	Step 100: mean loss = 0.0020
	Step 150: mean loss = 0.0020

	Loss on validation set after epoch 161: 0.0022

Epoch 162
	Step 0: mean loss = 0.0015
	Step 50: mean loss = 0.0019
	Step 100: mean loss = 0.0020
	Step 150: mean loss = 0.0019

	Loss on validation set after epoch 162: 0.0022

Epoch 163
	Step 0: mean loss = 0.0030
	Step 50: mean loss = 0.0019
	Step 100: mean loss = 0.0020
	Step 150: mean loss = 0.0020

	Loss on validation set after epoch 163: 0.0024

Epoch 164
	Step 0: mean loss = 0.0018
	Step 50: mean loss = 0.0019
	Step 100: mean loss = 0.0019
	Step 150: mean loss = 0.0019

	Loss on validation set after epoch 164: 0.0021

Epoch 165
	Step 0: mean loss = 0.0018
	Step 50: mean loss = 0.0018
	Step 100: mean loss = 0.0019
	Step 150: mean loss = 0.0019

	Loss on validation set after epoch 165: 0.0024

Epoch 166
	Step 0: mean loss = 0.0019
	Step 50: mean loss = 0.0019
	Step 100: mean loss = 0.0019
	Step 150: mean loss = 0.0019

	Loss on validation set after epoch 166: 0.0022

Epoch 167
	Step 0: mean loss = 0.0018
	Step 50: mean loss = 0.0018
	Step 100: mean loss = 0.0019
	Step 150: mean loss = 0.0019

	Loss on validation set after epoch 167: 0.0021

Epoch 168
	Step 0: mean loss = 0.0024
	Step 50: mean loss = 0.0018
	Step 100: mean loss = 0.0019
	Step 150: mean loss = 0.0019

	Loss on validation set after epoch 168: 0.0021

Epoch 169
	Step 0: mean loss = 0.0015
	Step 50: mean loss = 0.0019
	Step 100: mean loss = 0.0019
	Step 150: mean loss = 0.0019

	Loss on validation set after epoch 169: 0.0021

Epoch 170
	Step 0: mean loss = 0.0015
	Step 50: mean loss = 0.0018
	Step 100: mean loss = 0.0019
	Step 150: mean loss = 0.0019

	Loss on validation set after epoch 170: 0.0022

Epoch 171
	Step 0: mean loss = 0.0030
	Step 50: mean loss = 0.0018
	Step 100: mean loss = 0.0019
	Step 150: mean loss = 0.0019

	Loss on validation set after epoch 171: 0.0022

Epoch 172
	Step 0: mean loss = 0.0019
	Step 50: mean loss = 0.0018
	Step 100: mean loss = 0.0019
	Step 150: mean loss = 0.0019

	Loss on validation set after epoch 172: 0.0021

Epoch 173
	Step 0: mean loss = 0.0012
	Step 50: mean loss = 0.0018
	Step 100: mean loss = 0.0019
	Step 150: mean loss = 0.0019

	Loss on validation set after epoch 173: 0.0022

Epoch 174
	Step 0: mean loss = 0.0015
	Step 50: mean loss = 0.0018
	Step 100: mean loss = 0.0019
	Step 150: mean loss = 0.0019

	Loss on validation set after epoch 174: 0.0022

Epoch 175
	Step 0: mean loss = 0.0015
	Step 50: mean loss = 0.0018
	Step 100: mean loss = 0.0019
	Step 150: mean loss = 0.0019

	Loss on validation set after epoch 175: 0.0022

Epoch 176
	Step 0: mean loss = 0.0017
	Step 50: mean loss = 0.0017
	Step 100: mean loss = 0.0018
	Step 150: mean loss = 0.0018

	Loss on validation set after epoch 176: 0.0021

Epoch 177
	Step 0: mean loss = 0.0015
	Step 50: mean loss = 0.0017
	Step 100: mean loss = 0.0018
	Step 150: mean loss = 0.0018

	Loss on validation set after epoch 177: 0.0021

Epoch 178
	Step 0: mean loss = 0.0022
	Step 50: mean loss = 0.0017
	Step 100: mean loss = 0.0018
	Step 150: mean loss = 0.0018

	Loss on validation set after epoch 178: 0.0020

Epoch 179
	Step 0: mean loss = 0.0021
	Step 50: mean loss = 0.0017
	Step 100: mean loss = 0.0018
	Step 150: mean loss = 0.0018

	Loss on validation set after epoch 179: 0.0020

Epoch 180
	Step 0: mean loss = 0.0030
	Step 50: mean loss = 0.0017
	Step 100: mean loss = 0.0018
	Step 150: mean loss = 0.0018

	Loss on validation set after epoch 180: 0.0021

Epoch 181
	Step 0: mean loss = 0.0020
	Step 50: mean loss = 0.0017
	Step 100: mean loss = 0.0018
	Step 150: mean loss = 0.0018

	Loss on validation set after epoch 181: 0.0020

Epoch 182
	Step 0: mean loss = 0.0018
	Step 50: mean loss = 0.0017
	Step 100: mean loss = 0.0018
	Step 150: mean loss = 0.0018

	Loss on validation set after epoch 182: 0.0020

Epoch 183
	Step 0: mean loss = 0.0017
	Step 50: mean loss = 0.0017
	Step 100: mean loss = 0.0018
	Step 150: mean loss = 0.0018

	Loss on validation set after epoch 183: 0.0021

Epoch 184
	Step 0: mean loss = 0.0021
	Step 50: mean loss = 0.0016
	Step 100: mean loss = 0.0017
	Step 150: mean loss = 0.0017

	Loss on validation set after epoch 184: 0.0021

Epoch 185
	Step 0: mean loss = 0.0013
	Step 50: mean loss = 0.0017
	Step 100: mean loss = 0.0017
	Step 150: mean loss = 0.0017

	Loss on validation set after epoch 185: 0.0020

Epoch 186
	Step 0: mean loss = 0.0016
	Step 50: mean loss = 0.0016
	Step 100: mean loss = 0.0017
	Step 150: mean loss = 0.0017

	Loss on validation set after epoch 186: 0.0020

Epoch 187
	Step 0: mean loss = 0.0021
	Step 50: mean loss = 0.0016
	Step 100: mean loss = 0.0017
	Step 150: mean loss = 0.0017

	Loss on validation set after epoch 187: 0.0019

Epoch 188
	Step 0: mean loss = 0.0014
	Step 50: mean loss = 0.0017
	Step 100: mean loss = 0.0017
	Step 150: mean loss = 0.0017

	Loss on validation set after epoch 188: 0.0020

Epoch 189
	Step 0: mean loss = 0.0013
	Step 50: mean loss = 0.0016
	Step 100: mean loss = 0.0017
	Step 150: mean loss = 0.0017

	Loss on validation set after epoch 189: 0.0020

Epoch 190
	Step 0: mean loss = 0.0015
	Step 50: mean loss = 0.0016
	Step 100: mean loss = 0.0017
	Step 150: mean loss = 0.0017

	Loss on validation set after epoch 190: 0.0019

Epoch 191
	Step 0: mean loss = 0.0016
	Step 50: mean loss = 0.0016
	Step 100: mean loss = 0.0017
	Step 150: mean loss = 0.0017

	Loss on validation set after epoch 191: 0.0020

Epoch 192
	Step 0: mean loss = 0.0023
	Step 50: mean loss = 0.0016
	Step 100: mean loss = 0.0017
	Step 150: mean loss = 0.0017

	Loss on validation set after epoch 192: 0.0019

Epoch 193
	Step 0: mean loss = 0.0013
	Step 50: mean loss = 0.0016
	Step 100: mean loss = 0.0017
	Step 150: mean loss = 0.0017

	Loss on validation set after epoch 193: 0.0019

Epoch 194
	Step 0: mean loss = 0.0008
	Step 50: mean loss = 0.0016
	Step 100: mean loss = 0.0017
	Step 150: mean loss = 0.0017

	Loss on validation set after epoch 194: 0.0020

Epoch 195
	Step 0: mean loss = 0.0019
	Step 50: mean loss = 0.0017
	Step 100: mean loss = 0.0017
	Step 150: mean loss = 0.0017

	Loss on validation set after epoch 195: 0.0021

Epoch 196
	Step 0: mean loss = 0.0024
	Step 50: mean loss = 0.0016
	Step 100: mean loss = 0.0017
	Step 150: mean loss = 0.0016

	Loss on validation set after epoch 196: 0.0023

Epoch 197
	Step 0: mean loss = 0.0012
	Step 50: mean loss = 0.0016
	Step 100: mean loss = 0.0017
	Step 150: mean loss = 0.0016

	Loss on validation set after epoch 197: 0.0020

Epoch 198
	Step 0: mean loss = 0.0019
	Step 50: mean loss = 0.0016
	Step 100: mean loss = 0.0017
	Step 150: mean loss = 0.0017

	Loss on validation set after epoch 198: 0.0019

Epoch 199
	Step 0: mean loss = 0.0010
	Step 50: mean loss = 0.0016
	Step 100: mean loss = 0.0017
	Step 150: mean loss = 0.0016

	Loss on validation set after epoch 199: 0.0019

Epoch 200
	Step 0: mean loss = 0.0019
	Step 50: mean loss = 0.0015
	Step 100: mean loss = 0.0016
	Step 150: mean loss = 0.0016

	Loss on validation set after epoch 200: 0.0019

Epoch 201
	Step 0: mean loss = 0.0019
	Step 50: mean loss = 0.0015
	Step 100: mean loss = 0.0016
	Step 150: mean loss = 0.0016

	Loss on validation set after epoch 201: 0.0019

Epoch 202
	Step 0: mean loss = 0.0018
	Step 50: mean loss = 0.0016
	Step 100: mean loss = 0.0016
	Step 150: mean loss = 0.0016

	Loss on validation set after epoch 202: 0.0021

Epoch 203
	Step 0: mean loss = 0.0025
	Step 50: mean loss = 0.0015
	Step 100: mean loss = 0.0016
	Step 150: mean loss = 0.0016

	Loss on validation set after epoch 203: 0.0018

Epoch 204
	Step 0: mean loss = 0.0007
	Step 50: mean loss = 0.0015
	Step 100: mean loss = 0.0016
	Step 150: mean loss = 0.0016

	Loss on validation set after epoch 204: 0.0019

Epoch 205
	Step 0: mean loss = 0.0017
	Step 50: mean loss = 0.0015
	Step 100: mean loss = 0.0016
	Step 150: mean loss = 0.0016

	Loss on validation set after epoch 205: 0.0018

Epoch 206
	Step 0: mean loss = 0.0019
	Step 50: mean loss = 0.0015
	Step 100: mean loss = 0.0016
	Step 150: mean loss = 0.0016

	Loss on validation set after epoch 206: 0.0018

Epoch 207
	Step 0: mean loss = 0.0020
	Step 50: mean loss = 0.0015
	Step 100: mean loss = 0.0016
	Step 150: mean loss = 0.0016

	Loss on validation set after epoch 207: 0.0018

Epoch 208
	Step 0: mean loss = 0.0008
	Step 50: mean loss = 0.0015
	Step 100: mean loss = 0.0016
	Step 150: mean loss = 0.0016

	Loss on validation set after epoch 208: 0.0018

Epoch 209
	Step 0: mean loss = 0.0014
	Step 50: mean loss = 0.0015
	Step 100: mean loss = 0.0016
	Step 150: mean loss = 0.0016

	Loss on validation set after epoch 209: 0.0019

Epoch 210
	Step 0: mean loss = 0.0012
	Step 50: mean loss = 0.0015
	Step 100: mean loss = 0.0016
	Step 150: mean loss = 0.0016

	Loss on validation set after epoch 210: 0.0019

Epoch 211
	Step 0: mean loss = 0.0014
	Step 50: mean loss = 0.0015
	Step 100: mean loss = 0.0016
	Step 150: mean loss = 0.0016

	Loss on validation set after epoch 211: 0.0018

Epoch 212
	Step 0: mean loss = 0.0014
	Step 50: mean loss = 0.0015
	Step 100: mean loss = 0.0016
	Step 150: mean loss = 0.0016

	Loss on validation set after epoch 212: 0.0019

Epoch 213
	Step 0: mean loss = 0.0012
	Step 50: mean loss = 0.0015
	Step 100: mean loss = 0.0016
	Step 150: mean loss = 0.0016

	Loss on validation set after epoch 213: 0.0018

Epoch 214
	Step 0: mean loss = 0.0012
	Step 50: mean loss = 0.0015
	Step 100: mean loss = 0.0016
	Step 150: mean loss = 0.0016

	Loss on validation set after epoch 214: 0.0018

Epoch 215
	Step 0: mean loss = 0.0010
	Step 50: mean loss = 0.0015
	Step 100: mean loss = 0.0016
	Step 150: mean loss = 0.0016

	Loss on validation set after epoch 215: 0.0018

Epoch 216
	Step 0: mean loss = 0.0014
	Step 50: mean loss = 0.0015
	Step 100: mean loss = 0.0016
	Step 150: mean loss = 0.0016

	Loss on validation set after epoch 216: 0.0018

Epoch 217
	Step 0: mean loss = 0.0015
	Step 50: mean loss = 0.0015
	Step 100: mean loss = 0.0016
	Step 150: mean loss = 0.0016

	Loss on validation set after epoch 217: 0.0018

Epoch 218
	Step 0: mean loss = 0.0016
	Step 50: mean loss = 0.0015
	Step 100: mean loss = 0.0016
	Step 150: mean loss = 0.0015

	Loss on validation set after epoch 218: 0.0018

Model from epoch 208 was selected by early stopping.
Training process will be stopped now.
Deleted temporary files in ../data/trained_models/temp_01-05-07-50-20/
Location of saved model: ../data/trained_models/last_hope_95_01-05-07-50-20/ 

Adding feature wise convolutions with 32 filters per feature, 3 kernels and 1 strides ...
Adding feature wise convolutions with 1 filters per feature, 3 kernels and 1 strides ...
Adding feature based graph attention layer ...
Adding time based graph attention layer ...
Adding GRU layer with 256 units ...
Adding GRU layer with 61 units ...
Adding GRU AE as reconstruction model ...
Adding dense layer to forecasting model with 512 units and ReLu activation ...
Adding dense layer to forecasting model with 256 units and ReLu activation ...
Adding last dense layer to forecasting model with 61 units and sigmoid activation ...
VAE reconstructs the output of the gru layer.

Grid search running in anomaly detection model selection mode.
The following hyperparameters will not be evaluated:
relevance_mapping
unaffected_component_threshold
si_mode
si_parameter

Testing 294 combinations via grid search 
for model last_hope_95_01-05-07-50-20/ on the validation dataset. 


Top 50 combinations tested:
      gamma  single_timestamp_a.. affected_timestamp..     AD F1     AD F2    AD TPR   AD Prec    AD ACC    AD TNR    AD FPR  SI/ST AVG-HR@100%  SI/ST AVG-HR@150%  SI/ST AVG-HR@K  SI/ST F1  SI/ST TPR  SI/ST ACC
Comb                                                                                                                                                                                                              
4       0.3                 0.200                  140  0.621392  0.585038  0.563077  0.693182  0.869591  0.941516  0.058484           0.247200           0.364320        0.175385  0.067692   0.067692   0.856568
3       0.3                 0.200                  130  0.617696  0.587675  0.569231  0.675182  0.866082  0.935740  0.064260           0.247200           0.364320        0.175385  0.067692   0.067692   0.856568
6       0.3                 0.200                  160  0.616984  0.573454  0.547692  0.706349  0.870760  0.946570  0.053430           0.247200           0.364320        0.175385  0.067692   0.067692   0.856568
2       0.3                 0.200                  120  0.616393  0.593060  0.578462  0.659649  0.863158  0.929964  0.070036           0.247200           0.364320        0.175385  0.067692   0.067692   0.856568
1       0.3                 0.200                  110  0.616129  0.598746  0.587692  0.647458  0.860819  0.924910  0.075090           0.247200           0.364320        0.175385  0.067692   0.067692   0.856568
5       0.3                 0.200                  150  0.614065  0.574454  0.550769  0.693798  0.868421  0.942960  0.057040           0.247200           0.364320        0.175385  0.067692   0.067692   0.856568
0       0.3                 0.200                  100  0.611465  0.598877  0.590769  0.633663  0.857310  0.919856  0.080144           0.247200           0.364320        0.175385  0.067692   0.067692   0.856568
49      0.4                 0.200                  100  0.356164  0.276008  0.240000  0.690265  0.835088  0.974729  0.025271           0.208931           0.321858        0.172308  0.030769   0.030769   0.850888
50      0.4                 0.200                  110  0.338747  0.259602  0.224615  0.688679  0.833333  0.976173  0.023827           0.208931           0.321858        0.172308  0.030769   0.030769   0.850888
51      0.4                 0.200                  120  0.316785  0.239628  0.206154  0.683673  0.830994  0.977617  0.022383           0.208931           0.321858        0.172308  0.030769   0.030769   0.850888
52      0.4                 0.200                  130  0.308789  0.232808  0.200000  0.677083  0.829825  0.977617  0.022383           0.208931           0.321858        0.172308  0.030769   0.030769   0.850888
53      0.4                 0.200                  140  0.301435  0.226131  0.193846  0.677419  0.829240  0.978339  0.021661           0.208931           0.321858        0.172308  0.030769   0.030769   0.850888
54      0.4                 0.200                  150  0.301435  0.226131  0.193846  0.677419  0.829240  0.978339  0.021661           0.208931           0.321858        0.172308  0.030769   0.030769   0.850888
55      0.4                 0.200                  160  0.301435  0.226131  0.193846  0.677419  0.829240  0.978339  0.021661           0.208931           0.321858        0.172308  0.030769   0.030769   0.850888
8       0.3                 0.225                  110  0.156425  0.105026  0.086154  0.848485  0.823392  0.996390  0.003610           0.177654           0.278756        0.156923  0.021538   0.021538   0.849467
7       0.3                 0.225                  100  0.155989  0.104948  0.086154  0.823529  0.822807  0.995668  0.004332           0.177654           0.278756        0.156923  0.021538   0.021538   0.849467
9       0.3                 0.225                  120  0.146067  0.097671  0.080000  0.838710  0.822222  0.996390  0.003610           0.177654           0.278756        0.156923  0.021538   0.021538   0.849467
10      0.3                 0.225                  130  0.135593  0.090293  0.073846  0.827586  0.821053  0.996390  0.003610           0.177654           0.278756        0.156923  0.021538   0.021538   0.849467
11      0.3                 0.225                  140  0.130682  0.086662  0.070769  0.851852  0.821053  0.997112  0.002888           0.177654           0.278756        0.156923  0.021538   0.021538   0.849467
12      0.3                 0.225                  150  0.125714  0.083019  0.067692  0.880000  0.821053  0.997834  0.002166           0.177654           0.278756        0.156923  0.021538   0.021538   0.849467
13      0.3                 0.225                  160  0.093023  0.060652  0.049231  0.842105  0.817544  0.997834  0.002166           0.177654           0.278756        0.156923  0.021538   0.021538   0.849467
98      0.5                 0.200                  100  0.059172  0.038081  0.030769  0.769231  0.814035  0.997834  0.002166           0.170197           0.265865        0.150769  0.018462   0.018462   0.848994
99      0.5                 0.200                  110  0.053412  0.034299  0.027692  0.750000  0.813450  0.997834  0.002166           0.170197           0.265865        0.150769  0.018462   0.018462   0.848994
100     0.5                 0.200                  120  0.035928  0.022918  0.018462  0.666667  0.811696  0.997834  0.002166           0.170197           0.265865        0.150769  0.018462   0.018462   0.848994
101     0.5                 0.200                  130  0.035928  0.022918  0.018462  0.666667  0.811696  0.997834  0.002166           0.170197           0.265865        0.150769  0.018462   0.018462   0.848994
102     0.5                 0.200                  140  0.035928  0.022918  0.018462  0.666667  0.811696  0.997834  0.002166           0.170197           0.265865        0.150769  0.018462   0.018462   0.848994
104     0.5                 0.200                  160  0.024316  0.015337  0.012308  1.000000  0.812281  1.000000  0.000000           0.170197           0.265865        0.150769  0.018462   0.018462   0.848994
103     0.5                 0.200                  150  0.024242  0.015326  0.012308  0.800000  0.811696  0.999278  0.000722           0.170197           0.265865        0.150769  0.018462   0.018462   0.848994
56      0.4                 0.225                  100  0.012232  0.007680  0.006154  1.000000  0.811111  1.000000  0.000000           0.159310           0.244957        0.147692  0.018462   0.018462   0.848994
57      0.4                 0.225                  110  0.012232  0.007680  0.006154  1.000000  0.811111  1.000000  0.000000           0.159310           0.244957        0.147692  0.018462   0.018462   0.848994
147     0.6                 0.200                  100  0.006135  0.003843  0.003077  1.000000  0.810526  1.000000  0.000000           0.157332           0.241440        0.147692  0.018462   0.018462   0.848994
148     0.6                 0.200                  110  0.006135  0.003843  0.003077  1.000000  0.810526  1.000000  0.000000           0.157332           0.241440        0.147692  0.018462   0.018462   0.848994
14      0.3                 0.250                  100       NaN       NaN  0.000000       NaN  0.809942  1.000000  0.000000           0.157076           0.241184        0.147692  0.018462   0.018462   0.848994
15      0.3                 0.250                  110       NaN       NaN  0.000000       NaN  0.809942  1.000000  0.000000           0.157076           0.241184        0.147692  0.018462   0.018462   0.848994
16      0.3                 0.250                  120       NaN       NaN  0.000000       NaN  0.809942  1.000000  0.000000           0.157076           0.241184        0.147692  0.018462   0.018462   0.848994
17      0.3                 0.250                  130       NaN       NaN  0.000000       NaN  0.809942  1.000000  0.000000           0.157076           0.241184        0.147692  0.018462   0.018462   0.848994
18      0.3                 0.250                  140       NaN       NaN  0.000000       NaN  0.809942  1.000000  0.000000           0.157076           0.241184        0.147692  0.018462   0.018462   0.848994
19      0.3                 0.250                  150       NaN       NaN  0.000000       NaN  0.809942  1.000000  0.000000           0.157076           0.241184        0.147692  0.018462   0.018462   0.848994
20      0.3                 0.250                  160       NaN       NaN  0.000000       NaN  0.809942  1.000000  0.000000           0.157076           0.241184        0.147692  0.018462   0.018462   0.848994
21      0.3                 0.275                  100       NaN       NaN  0.000000       NaN  0.809942  1.000000  0.000000           0.156307           0.239902        0.147692  0.018462   0.018462   0.848994
22      0.3                 0.275                  110       NaN       NaN  0.000000       NaN  0.809942  1.000000  0.000000           0.156307           0.239902        0.147692  0.018462   0.018462   0.848994
23      0.3                 0.275                  120       NaN       NaN  0.000000       NaN  0.809942  1.000000  0.000000           0.156307           0.239902        0.147692  0.018462   0.018462   0.848994
24      0.3                 0.275                  130       NaN       NaN  0.000000       NaN  0.809942  1.000000  0.000000           0.156307           0.239902        0.147692  0.018462   0.018462   0.848994
25      0.3                 0.275                  140       NaN       NaN  0.000000       NaN  0.809942  1.000000  0.000000           0.156307           0.239902        0.147692  0.018462   0.018462   0.848994
26      0.3                 0.275                  150       NaN       NaN  0.000000       NaN  0.809942  1.000000  0.000000           0.156307           0.239902        0.147692  0.018462   0.018462   0.848994
27      0.3                 0.275                  160       NaN       NaN  0.000000       NaN  0.809942  1.000000  0.000000           0.156307           0.239902        0.147692  0.018462   0.018462   0.848994
28      0.3                 0.300                  100       NaN       NaN  0.000000       NaN  0.809942  1.000000  0.000000           0.156307           0.239902        0.147692  0.018462   0.018462   0.848994
29      0.3                 0.300                  110       NaN       NaN  0.000000       NaN  0.809942  1.000000  0.000000           0.156307           0.239902        0.147692  0.018462   0.018462   0.848994
30      0.3                 0.300                  120       NaN       NaN  0.000000       NaN  0.809942  1.000000  0.000000           0.156307           0.239902        0.147692  0.018462   0.018462   0.848994
31      0.3                 0.300                  130       NaN       NaN  0.000000       NaN  0.809942  1.000000  0.000000           0.156307           0.239902        0.147692  0.018462   0.018462   0.848994

Full result output for the best combination:
                 #Examples   TP  FP    TN   FN       ACC       FNR       TNR       FPR       TPR      Prec        F1        F2  AVG # affected
Component                                                                                                                                     
no_failure            1385    0  81  1304    0  0.941516       NaN  0.941516  0.058484       NaN  0.000000       NaN       NaN       27.252708
txt15_i1                 5    5   0     0    0  1.000000  0.000000       NaN       NaN  1.000000  1.000000  1.000000  1.000000      467.800000
txt15_i3                 5    0   0     0    5  0.000000  1.000000       NaN       NaN  0.000000       NaN       NaN       NaN        0.800000
txt15_conveyor           3    3   0     0    0  1.000000  0.000000       NaN       NaN  1.000000  1.000000  1.000000  1.000000      488.000000
txt15_m1               160  123   0     0   37  0.768750  0.231250       NaN       NaN  0.768750  1.000000  0.869258  0.806029      327.050000
txt15_pl                 9    2   0     0    7  0.222222  0.777778       NaN       NaN  0.222222  1.000000  0.363636  0.263158       86.888889
txt16_i3                 4    0   0     0    4  0.000000  1.000000       NaN       NaN  0.000000       NaN       NaN       NaN        0.000000
txt16_conveyor           8    0   0     0    8  0.000000  1.000000       NaN       NaN  0.000000       NaN       NaN       NaN        0.000000
txt16_m3                65   39   0     0   26  0.600000  0.400000       NaN       NaN  0.600000  1.000000  0.750000  0.652174      275.292308
txt16_turntable          2    0   0     0    2  0.000000  1.000000       NaN       NaN  0.000000       NaN       NaN       NaN        0.000000
txt17_i1                16    0   0     0   16  0.000000  1.000000       NaN       NaN  0.000000       NaN       NaN       NaN       20.625000
txt17_pl                14    5   0     0    9  0.357143  0.642857       NaN       NaN  0.357143  1.000000  0.526316  0.409836      186.357143
txt18_pl                28    6   0     0   22  0.214286  0.785714       NaN       NaN  0.214286  1.000000  0.352941  0.254237       68.678571
txt19_i4                 6    0   0     0    6  0.000000  1.000000       NaN       NaN  0.000000       NaN       NaN       NaN        0.000000
combined              1710  183  81  1304  142  0.869591  0.436923  0.941516  0.058484  0.563077  0.693182  0.621392  0.585038       68.665497

                 #Examples   TP  FP    TN   FN       ACC       FNR       TNR       FPR       TPR      Prec        F1        F2  AVG # affected
Component                                                                                                                                     
no_failure            1385    0  81  1304    0  0.941516       NaN  0.941516  0.058484       NaN  0.000000       NaN       NaN       27.252708
txt15_i1                 5    5   0     0    0  1.000000  0.000000       NaN       NaN  1.000000  1.000000  1.000000  1.000000      467.800000
txt15_i3                 5    0   0     0    5  0.000000  1.000000       NaN       NaN  0.000000       NaN       NaN       NaN        0.800000
txt15_conveyor           3    3   0     0    0  1.000000  0.000000       NaN       NaN  1.000000  1.000000  1.000000  1.000000      488.000000
txt15_m1               160  123   0     0   37  0.768750  0.231250       NaN       NaN  0.768750  1.000000  0.869258  0.806029      327.050000
txt15_pl                 9    2   0     0    7  0.222222  0.777778       NaN       NaN  0.222222  1.000000  0.363636  0.263158       86.888889
txt16_i3                 4    0   0     0    4  0.000000  1.000000       NaN       NaN  0.000000       NaN       NaN       NaN        0.000000
txt16_conveyor           8    0   0     0    8  0.000000  1.000000       NaN       NaN  0.000000       NaN       NaN       NaN        0.000000
txt16_m3                65   39   0     0   26  0.600000  0.400000       NaN       NaN  0.600000  1.000000  0.750000  0.652174      275.292308
txt16_turntable          2    0   0     0    2  0.000000  1.000000       NaN       NaN  0.000000       NaN       NaN       NaN        0.000000
txt17_i1                16    0   0     0   16  0.000000  1.000000       NaN       NaN  0.000000       NaN       NaN       NaN       20.625000
txt17_pl                14    5   0     0    9  0.357143  0.642857       NaN       NaN  0.357143  1.000000  0.526316  0.409836      186.357143
txt18_pl                28    6   0     0   22  0.214286  0.785714       NaN       NaN  0.214286  1.000000  0.352941  0.254237       68.678571
txt19_i4                 6    0   0     0    6  0.000000  1.000000       NaN       NaN  0.000000       NaN       NaN       NaN        0.000000
combined              1710  183  81  1304  142  0.869591  0.436923  0.941516  0.058484  0.563077  0.693182  0.621392  0.585038       68.665497

Execution time: 3469.877285389928
