
Dataset loaded:
Shape of training set (example, time, channels): (20812, 500, 61)
Shape of test set (example, time, channels): (3989, 500, 61)
Shape of train validation set (example, time, channels): (2313, 500, 61)
Shape of test validation set (example, time, channels): (1710, 500, 61)
Num of classes in all: 25

Creating model based on ../configuration/hyperparameter_combinations/last_hope_73.json hyperparameter file 

Adding feature wise convolutions with 32 filters per feature, 3 kernels and 1 strides ...
Adding batch normalisation to convolution layer ...
Adding feature wise convolutions with 1 filters per feature, 3 kernels and 1 strides ...
Adding batch normalisation to convolution layer ...
Adding feature based graph attention layer ...
Adding time based graph attention layer ...
Adding GRU layer with 256 units ...
Adding GRU layer with 61 units ...
Adding VAE as reconstruction model dimensions 3072 & 1536 and ...
Adding dense layer to forecasting model with 512 units and ReLu activation ...
Adding batch norm and dropout to dense layer ...
Adding dense layer to forecasting model with 256 units and ReLu activation ...
Adding batch norm and dropout to dense layer ...
Adding last dense layer to forecasting model with 61 units and sigmoid activation ...
VAE reconstructs the output of the gru layer.

Epoch 0
	Step 0: mean loss = 1.4461
	Step 50: mean loss = 0.4410
	Step 100: mean loss = 0.2751
	Step 150: mean loss = 0.2098

	Loss on validation set after epoch 0: 0.0662

Epoch 1
	Step 0: mean loss = 0.0649
	Step 50: mean loss = 0.0586
	Step 100: mean loss = 0.0529
	Step 150: mean loss = 0.0483

	Loss on validation set after epoch 1: 0.0354

Epoch 2
	Step 0: mean loss = 0.0347
	Step 50: mean loss = 0.0316
	Step 100: mean loss = 0.0296
	Step 150: mean loss = 0.0278

	Loss on validation set after epoch 2: 0.0227

Epoch 3
	Step 0: mean loss = 0.0215
	Step 50: mean loss = 0.0207
	Step 100: mean loss = 0.0198
	Step 150: mean loss = 0.0191

	Loss on validation set after epoch 3: 0.0173

Epoch 4
	Step 0: mean loss = 0.0146
	Step 50: mean loss = 0.0157
	Step 100: mean loss = 0.0152
	Step 150: mean loss = 0.0148

	Loss on validation set after epoch 4: 0.0142

Epoch 5
	Step 0: mean loss = 0.0144
	Step 50: mean loss = 0.0129
	Step 100: mean loss = 0.0126
	Step 150: mean loss = 0.0123

	Loss on validation set after epoch 5: 0.0112

Epoch 6
	Step 0: mean loss = 0.0108
	Step 50: mean loss = 0.0106
	Step 100: mean loss = 0.0104
	Step 150: mean loss = 0.0103

	Loss on validation set after epoch 6: 0.0102

Epoch 7
	Step 0: mean loss = 0.0096
	Step 50: mean loss = 0.0094
	Step 100: mean loss = 0.0092
	Step 150: mean loss = 0.0092

	Loss on validation set after epoch 7: 0.0092

Epoch 8
	Step 0: mean loss = 0.0091
	Step 50: mean loss = 0.0085
	Step 100: mean loss = 0.0085
	Step 150: mean loss = 0.0084

	Loss on validation set after epoch 8: 0.0089

Epoch 9
	Step 0: mean loss = 0.0076
	Step 50: mean loss = 0.0077
	Step 100: mean loss = 0.0077
	Step 150: mean loss = 0.0076

	Loss on validation set after epoch 9: 0.0079

Epoch 10
	Step 0: mean loss = 0.0071
	Step 50: mean loss = 0.0071
	Step 100: mean loss = 0.0072
	Step 150: mean loss = 0.0071

	Loss on validation set after epoch 10: 0.0075

Epoch 11
	Step 0: mean loss = 0.0059
	Step 50: mean loss = 0.0068
	Step 100: mean loss = 0.0068
	Step 150: mean loss = 0.0068

	Loss on validation set after epoch 11: 0.0067

Epoch 12
	Step 0: mean loss = 0.0073
	Step 50: mean loss = 0.0064
	Step 100: mean loss = 0.0064
	Step 150: mean loss = 0.0064

	Loss on validation set after epoch 12: 0.0064

Epoch 13
	Step 0: mean loss = 0.0068
	Step 50: mean loss = 0.0060
	Step 100: mean loss = 0.0061
	Step 150: mean loss = 0.0060

	Loss on validation set after epoch 13: 0.0065

Epoch 14
	Step 0: mean loss = 0.0063
	Step 50: mean loss = 0.0057
	Step 100: mean loss = 0.0056
	Step 150: mean loss = 0.0055

	Loss on validation set after epoch 14: 0.0057

Epoch 15
	Step 0: mean loss = 0.0046
	Step 50: mean loss = 0.0050
	Step 100: mean loss = 0.0050
	Step 150: mean loss = 0.0049

	Loss on validation set after epoch 15: 0.0055

Epoch 16
	Step 0: mean loss = 0.0060
	Step 50: mean loss = 0.0048
	Step 100: mean loss = 0.0047
	Step 150: mean loss = 0.0047

	Loss on validation set after epoch 16: 0.0098

Epoch 17
	Step 0: mean loss = 0.0052
	Step 50: mean loss = 0.0045
	Step 100: mean loss = 0.0045
	Step 150: mean loss = 0.0044

	Loss on validation set after epoch 17: 0.0046

Epoch 18
	Step 0: mean loss = 0.0041
	Step 50: mean loss = 0.0042
	Step 100: mean loss = 0.0043
	Step 150: mean loss = 0.0042

	Loss on validation set after epoch 18: 0.0048

Epoch 19
	Step 0: mean loss = 0.0045
	Step 50: mean loss = 0.0040
	Step 100: mean loss = 0.0040
	Step 150: mean loss = 0.0040

	Loss on validation set after epoch 19: 0.0044

Epoch 20
	Step 0: mean loss = 0.0036
	Step 50: mean loss = 0.0039
	Step 100: mean loss = 0.0039
	Step 150: mean loss = 0.0039

	Loss on validation set after epoch 20: 0.0061

Epoch 21
	Step 0: mean loss = 0.0030
	Step 50: mean loss = 0.0036
	Step 100: mean loss = 0.0037
	Step 150: mean loss = 0.0036

	Loss on validation set after epoch 21: 0.0040

Epoch 22
	Step 0: mean loss = 0.0038
	Step 50: mean loss = 0.0035
	Step 100: mean loss = 0.0037
	Step 150: mean loss = 0.0036

	Loss on validation set after epoch 22: 0.0039

Epoch 23
	Step 0: mean loss = 0.0033
	Step 50: mean loss = 0.0033
	Step 100: mean loss = 0.0033
	Step 150: mean loss = 0.0033

	Loss on validation set after epoch 23: 0.0034

Epoch 24
	Step 0: mean loss = 0.0039
	Step 50: mean loss = 0.0032
	Step 100: mean loss = 0.0031
	Step 150: mean loss = 0.0031

	Loss on validation set after epoch 24: 0.0031

Epoch 25
	Step 0: mean loss = 0.0040
	Step 50: mean loss = 0.0029
	Step 100: mean loss = 0.0030
	Step 150: mean loss = 0.0029

	Loss on validation set after epoch 25: 0.0029

Epoch 26
	Step 0: mean loss = 0.0025
	Step 50: mean loss = 0.0026
	Step 100: mean loss = 0.0026
	Step 150: mean loss = 0.0026

	Loss on validation set after epoch 26: 0.0026

Epoch 27
	Step 0: mean loss = 0.0025
	Step 50: mean loss = 0.0024
	Step 100: mean loss = 0.0024
	Step 150: mean loss = 0.0024

	Loss on validation set after epoch 27: 0.0025

Epoch 28
	Step 0: mean loss = 0.0029
	Step 50: mean loss = 0.0022
	Step 100: mean loss = 0.0022
	Step 150: mean loss = 0.0022

	Loss on validation set after epoch 28: 0.0025

Epoch 29
	Step 0: mean loss = 0.0023
	Step 50: mean loss = 0.0020
	Step 100: mean loss = 0.0021
	Step 150: mean loss = 0.0021

	Loss on validation set after epoch 29: 0.0023

Epoch 30
	Step 0: mean loss = 0.0017
	Step 50: mean loss = 0.0019
	Step 100: mean loss = 0.0019
	Step 150: mean loss = 0.0019

	Loss on validation set after epoch 30: 0.0022

Epoch 31
	Step 0: mean loss = 0.0016
	Step 50: mean loss = 0.0018
	Step 100: mean loss = 0.0019
	Step 150: mean loss = 0.0018

	Loss on validation set after epoch 31: 0.0020

Epoch 32
	Step 0: mean loss = 0.0015
	Step 50: mean loss = 0.0018
	Step 100: mean loss = 0.0018
	Step 150: mean loss = 0.0018

	Loss on validation set after epoch 32: 0.0019

Epoch 33
	Step 0: mean loss = 0.0012
	Step 50: mean loss = 0.0017
	Step 100: mean loss = 0.0017
	Step 150: mean loss = 0.0017

	Loss on validation set after epoch 33: 0.0019

Epoch 34
	Step 0: mean loss = 0.0019
	Step 50: mean loss = 0.0016
	Step 100: mean loss = 0.0017
	Step 150: mean loss = 0.0017

	Loss on validation set after epoch 34: 0.0019

Epoch 35
	Step 0: mean loss = 0.0019
	Step 50: mean loss = 0.0016
	Step 100: mean loss = 0.0016
	Step 150: mean loss = 0.0016

	Loss on validation set after epoch 35: 0.0020

Epoch 36
	Step 0: mean loss = 0.0028
	Step 50: mean loss = 0.0015
	Step 100: mean loss = 0.0016
	Step 150: mean loss = 0.0016

	Loss on validation set after epoch 36: 0.0027

Epoch 37
	Step 0: mean loss = 0.0014
	Step 50: mean loss = 0.0015
	Step 100: mean loss = 0.0016
	Step 150: mean loss = 0.0015

	Loss on validation set after epoch 37: 0.0020

Epoch 38
	Step 0: mean loss = 0.0014
	Step 50: mean loss = 0.0015
	Step 100: mean loss = 0.0015
	Step 150: mean loss = 0.0015

	Loss on validation set after epoch 38: 0.0017

Epoch 39
	Step 0: mean loss = 0.0014
	Step 50: mean loss = 0.0015
	Step 100: mean loss = 0.0015
	Step 150: mean loss = 0.0015

	Loss on validation set after epoch 39: 0.0018

Epoch 40
	Step 0: mean loss = 0.0018
	Step 50: mean loss = 0.0014
	Step 100: mean loss = 0.0015
	Step 150: mean loss = 0.0015

	Loss on validation set after epoch 40: 0.0016

Epoch 41
	Step 0: mean loss = 0.0028
	Step 50: mean loss = 0.0014
	Step 100: mean loss = 0.0015
	Step 150: mean loss = 0.0014

	Loss on validation set after epoch 41: 0.0019

Epoch 42
	Step 0: mean loss = 0.0021
	Step 50: mean loss = 0.0013
	Step 100: mean loss = 0.0014
	Step 150: mean loss = 0.0014

	Loss on validation set after epoch 42: 0.0016

Epoch 43
	Step 0: mean loss = 0.0018
	Step 50: mean loss = 0.0014
	Step 100: mean loss = 0.0014
	Step 150: mean loss = 0.0014

	Loss on validation set after epoch 43: 0.0015

Epoch 44
	Step 0: mean loss = 0.0011
	Step 50: mean loss = 0.0013
	Step 100: mean loss = 0.0014
	Step 150: mean loss = 0.0014

	Loss on validation set after epoch 44: 0.0015

Epoch 45
	Step 0: mean loss = 0.0013
	Step 50: mean loss = 0.0015
	Step 100: mean loss = 0.0015
	Step 150: mean loss = 0.0014

	Loss on validation set after epoch 45: 0.0015

Epoch 46
	Step 0: mean loss = 0.0008
	Step 50: mean loss = 0.0013
	Step 100: mean loss = 0.0014
	Step 150: mean loss = 0.0014

	Loss on validation set after epoch 46: 0.0022

Epoch 47
	Step 0: mean loss = 0.0017
	Step 50: mean loss = 0.0013
	Step 100: mean loss = 0.0014
	Step 150: mean loss = 0.0014

	Loss on validation set after epoch 47: 0.0020

Epoch 48
	Step 0: mean loss = 0.0013
	Step 50: mean loss = 0.0013
	Step 100: mean loss = 0.0014
	Step 150: mean loss = 0.0014

	Loss on validation set after epoch 48: 0.0016

Epoch 49
	Step 0: mean loss = 0.0029
	Step 50: mean loss = 0.0013
	Step 100: mean loss = 0.0014
	Step 150: mean loss = 0.0013

	Loss on validation set after epoch 49: 0.0018

Epoch 50
	Step 0: mean loss = 0.0022
	Step 50: mean loss = 0.0013
	Step 100: mean loss = 0.0014
	Step 150: mean loss = 0.0013

	Loss on validation set after epoch 50: 0.0015

Epoch 51
	Step 0: mean loss = 0.0017
	Step 50: mean loss = 0.0013
	Step 100: mean loss = 0.0013
	Step 150: mean loss = 0.0013

	Loss on validation set after epoch 51: 0.0015

Epoch 52
	Step 0: mean loss = 0.0023
	Step 50: mean loss = 0.0013
	Step 100: mean loss = 0.0014
	Step 150: mean loss = 0.0013

	Loss on validation set after epoch 52: 0.0015

Epoch 53
	Step 0: mean loss = 0.0007
	Step 50: mean loss = 0.0013
	Step 100: mean loss = 0.0013
	Step 150: mean loss = 0.0013

	Loss on validation set after epoch 53: 0.0014

Epoch 54
	Step 0: mean loss = 0.0013
	Step 50: mean loss = 0.0012
	Step 100: mean loss = 0.0012
	Step 150: mean loss = 0.0012

	Loss on validation set after epoch 54: 0.0016

Epoch 55
	Step 0: mean loss = 0.0016
	Step 50: mean loss = 0.0012
	Step 100: mean loss = 0.0013
	Step 150: mean loss = 0.0012

	Loss on validation set after epoch 55: 0.0013

Epoch 56
	Step 0: mean loss = 0.0008
	Step 50: mean loss = 0.0012
	Step 100: mean loss = 0.0012
	Step 150: mean loss = 0.0012

	Loss on validation set after epoch 56: 0.0014

Epoch 57
	Step 0: mean loss = 0.0013
	Step 50: mean loss = 0.0012
	Step 100: mean loss = 0.0012
	Step 150: mean loss = 0.0012

	Loss on validation set after epoch 57: 0.0014

Epoch 58
	Step 0: mean loss = 0.0016
	Step 50: mean loss = 0.0012
	Step 100: mean loss = 0.0012
	Step 150: mean loss = 0.0012

	Loss on validation set after epoch 58: 0.0014

Epoch 59
	Step 0: mean loss = 0.0013
	Step 50: mean loss = 0.0012
	Step 100: mean loss = 0.0012
	Step 150: mean loss = 0.0012

	Loss on validation set after epoch 59: 0.0015

Epoch 60
	Step 0: mean loss = 0.0011
	Step 50: mean loss = 0.0012
	Step 100: mean loss = 0.0012
	Step 150: mean loss = 0.0012

	Loss on validation set after epoch 60: 0.0012

Epoch 61
	Step 0: mean loss = 0.0015
	Step 50: mean loss = 0.0012
	Step 100: mean loss = 0.0012
	Step 150: mean loss = 0.0012

	Loss on validation set after epoch 61: 0.0020

Epoch 62
	Step 0: mean loss = 0.0017
	Step 50: mean loss = 0.0012
	Step 100: mean loss = 0.0012
	Step 150: mean loss = 0.0012

	Loss on validation set after epoch 62: 0.0012

Epoch 63
	Step 0: mean loss = 0.0008
	Step 50: mean loss = 0.0011
	Step 100: mean loss = 0.0012
	Step 150: mean loss = 0.0012

	Loss on validation set after epoch 63: 0.0013

Epoch 64
	Step 0: mean loss = 0.0011
	Step 50: mean loss = 0.0011
	Step 100: mean loss = 0.0012
	Step 150: mean loss = 0.0011

	Loss on validation set after epoch 64: 0.0013

Epoch 65
	Step 0: mean loss = 0.0011
	Step 50: mean loss = 0.0011
	Step 100: mean loss = 0.0011
	Step 150: mean loss = 0.0011

	Loss on validation set after epoch 65: 0.0012

Epoch 66
	Step 0: mean loss = 0.0012
	Step 50: mean loss = 0.0011
	Step 100: mean loss = 0.0011
	Step 150: mean loss = 0.0011

	Loss on validation set after epoch 66: 0.0012

Epoch 67
	Step 0: mean loss = 0.0016
	Step 50: mean loss = 0.0011
	Step 100: mean loss = 0.0012
	Step 150: mean loss = 0.0011

	Loss on validation set after epoch 67: 0.0012

Epoch 68
	Step 0: mean loss = 0.0013
	Step 50: mean loss = 0.0011
	Step 100: mean loss = 0.0011
	Step 150: mean loss = 0.0011

	Loss on validation set after epoch 68: 0.0012

Epoch 69
	Step 0: mean loss = 0.0009
	Step 50: mean loss = 0.0011
	Step 100: mean loss = 0.0011
	Step 150: mean loss = 0.0011

	Loss on validation set after epoch 69: 0.0013

Epoch 70
	Step 0: mean loss = 0.0009
	Step 50: mean loss = 0.0011
	Step 100: mean loss = 0.0011
	Step 150: mean loss = 0.0011

	Loss on validation set after epoch 70: 0.0012

Epoch 71
	Step 0: mean loss = 0.0017
	Step 50: mean loss = 0.0011
	Step 100: mean loss = 0.0011
	Step 150: mean loss = 0.0011

	Loss on validation set after epoch 71: 0.0012

Epoch 72
	Step 0: mean loss = 0.0012
	Step 50: mean loss = 0.0011
	Step 100: mean loss = 0.0011
	Step 150: mean loss = 0.0011

	Loss on validation set after epoch 72: 0.0011

Epoch 73
	Step 0: mean loss = 0.0012
	Step 50: mean loss = 0.0010
	Step 100: mean loss = 0.0011
	Step 150: mean loss = 0.0010

	Loss on validation set after epoch 73: 0.0012

Epoch 74
	Step 0: mean loss = 0.0015
	Step 50: mean loss = 0.0010
	Step 100: mean loss = 0.0010
	Step 150: mean loss = 0.0010

	Loss on validation set after epoch 74: 0.0013

Epoch 75
	Step 0: mean loss = 0.0010
	Step 50: mean loss = 0.0010
	Step 100: mean loss = 0.0011
	Step 150: mean loss = 0.0010

	Loss on validation set after epoch 75: 0.0011

Epoch 76
	Step 0: mean loss = 0.0011
	Step 50: mean loss = 0.0010
	Step 100: mean loss = 0.0011
	Step 150: mean loss = 0.0011

	Loss on validation set after epoch 76: 0.0012

Epoch 77
	Step 0: mean loss = 0.0008
	Step 50: mean loss = 0.0010
	Step 100: mean loss = 0.0011
	Step 150: mean loss = 0.0010

	Loss on validation set after epoch 77: 0.0011

Epoch 78
	Step 0: mean loss = 0.0010
	Step 50: mean loss = 0.0011
	Step 100: mean loss = 0.0011
	Step 150: mean loss = 0.0011

	Loss on validation set after epoch 78: 0.0026

Epoch 79
	Step 0: mean loss = 0.0012
	Step 50: mean loss = 0.0010
	Step 100: mean loss = 0.0010
	Step 150: mean loss = 0.0010

	Loss on validation set after epoch 79: 0.0013

Epoch 80
	Step 0: mean loss = 0.0010
	Step 50: mean loss = 0.0010
	Step 100: mean loss = 0.0011
	Step 150: mean loss = 0.0010

	Loss on validation set after epoch 80: 0.0011

Epoch 81
	Step 0: mean loss = 0.0009
	Step 50: mean loss = 0.0010
	Step 100: mean loss = 0.0010
	Step 150: mean loss = 0.0010

	Loss on validation set after epoch 81: 0.0012

Epoch 82
	Step 0: mean loss = 0.0012
	Step 50: mean loss = 0.0010
	Step 100: mean loss = 0.0010
	Step 150: mean loss = 0.0010

	Loss on validation set after epoch 82: 0.0012

Epoch 83
	Step 0: mean loss = 0.0011
	Step 50: mean loss = 0.0010
	Step 100: mean loss = 0.0010
	Step 150: mean loss = 0.0010

	Loss on validation set after epoch 83: 0.0011

Epoch 84
	Step 0: mean loss = 0.0015
	Step 50: mean loss = 0.0010
	Step 100: mean loss = 0.0010
	Step 150: mean loss = 0.0010

	Loss on validation set after epoch 84: 0.0011

Epoch 85
	Step 0: mean loss = 0.0012
	Step 50: mean loss = 0.0010
	Step 100: mean loss = 0.0010
	Step 150: mean loss = 0.0010

	Loss on validation set after epoch 85: 0.0011

Epoch 86
	Step 0: mean loss = 0.0011
	Step 50: mean loss = 0.0010
	Step 100: mean loss = 0.0010
	Step 150: mean loss = 0.0009

	Loss on validation set after epoch 86: 0.0012

Epoch 87
	Step 0: mean loss = 0.0012
	Step 50: mean loss = 0.0009
	Step 100: mean loss = 0.0009
	Step 150: mean loss = 0.0009

	Loss on validation set after epoch 87: 0.0010

Epoch 88
	Step 0: mean loss = 0.0012
	Step 50: mean loss = 0.0009
	Step 100: mean loss = 0.0009
	Step 150: mean loss = 0.0009

	Loss on validation set after epoch 88: 0.0012

Epoch 89
	Step 0: mean loss = 0.0004
	Step 50: mean loss = 0.0009
	Step 100: mean loss = 0.0009
	Step 150: mean loss = 0.0009

	Loss on validation set after epoch 89: 0.0011

Epoch 90
	Step 0: mean loss = 0.0007
	Step 50: mean loss = 0.0009
	Step 100: mean loss = 0.0009
	Step 150: mean loss = 0.0009

	Loss on validation set after epoch 90: 0.0010

Epoch 91
	Step 0: mean loss = 0.0008
	Step 50: mean loss = 0.0009
	Step 100: mean loss = 0.0009
	Step 150: mean loss = 0.0009

	Loss on validation set after epoch 91: 0.0009

Epoch 92
	Step 0: mean loss = 0.0008
	Step 50: mean loss = 0.0008
	Step 100: mean loss = 0.0009
	Step 150: mean loss = 0.0009

	Loss on validation set after epoch 92: 0.0010

Epoch 93
	Step 0: mean loss = 0.0019
	Step 50: mean loss = 0.0009
	Step 100: mean loss = 0.0009
	Step 150: mean loss = 0.0009

	Loss on validation set after epoch 93: 0.0012

Epoch 94
	Step 0: mean loss = 0.0014
	Step 50: mean loss = 0.0009
	Step 100: mean loss = 0.0009
	Step 150: mean loss = 0.0009

	Loss on validation set after epoch 94: 0.0010

Epoch 95
	Step 0: mean loss = 0.0018
	Step 50: mean loss = 0.0009
	Step 100: mean loss = 0.0009
	Step 150: mean loss = 0.0008

	Loss on validation set after epoch 95: 0.0010

Epoch 96
	Step 0: mean loss = 0.0014
	Step 50: mean loss = 0.0009
	Step 100: mean loss = 0.0009
	Step 150: mean loss = 0.0009

	Loss on validation set after epoch 96: 0.0012

Epoch 97
	Step 0: mean loss = 0.0009
	Step 50: mean loss = 0.0008
	Step 100: mean loss = 0.0009
	Step 150: mean loss = 0.0008

	Loss on validation set after epoch 97: 0.0011

Epoch 98
	Step 0: mean loss = 0.0008
	Step 50: mean loss = 0.0008
	Step 100: mean loss = 0.0008
	Step 150: mean loss = 0.0008

	Loss on validation set after epoch 98: 0.0009

Epoch 99
	Step 0: mean loss = 0.0007
	Step 50: mean loss = 0.0008
	Step 100: mean loss = 0.0008
	Step 150: mean loss = 0.0008

	Loss on validation set after epoch 99: 0.0011

Epoch 100
	Step 0: mean loss = 0.0009
	Step 50: mean loss = 0.0008
	Step 100: mean loss = 0.0008
	Step 150: mean loss = 0.0008

	Loss on validation set after epoch 100: 0.0010

Epoch 101
	Step 0: mean loss = 0.0010
	Step 50: mean loss = 0.0008
	Step 100: mean loss = 0.0008
	Step 150: mean loss = 0.0008

	Loss on validation set after epoch 101: 0.0009

Epoch 102
	Step 0: mean loss = 0.0011
	Step 50: mean loss = 0.0008
	Step 100: mean loss = 0.0008
	Step 150: mean loss = 0.0008

	Loss on validation set after epoch 102: 0.0010

Epoch 103
	Step 0: mean loss = 0.0011
	Step 50: mean loss = 0.0008
	Step 100: mean loss = 0.0009
	Step 150: mean loss = 0.0008

	Loss on validation set after epoch 103: 0.0010

Epoch 104
	Step 0: mean loss = 0.0009
	Step 50: mean loss = 0.0008
	Step 100: mean loss = 0.0008
	Step 150: mean loss = 0.0008

	Loss on validation set after epoch 104: 0.0009

Epoch 105
	Step 0: mean loss = 0.0009
	Step 50: mean loss = 0.0008
	Step 100: mean loss = 0.0008
	Step 150: mean loss = 0.0008

	Loss on validation set after epoch 105: 0.0011

Epoch 106
	Step 0: mean loss = 0.0007
	Step 50: mean loss = 0.0007
	Step 100: mean loss = 0.0008
	Step 150: mean loss = 0.0008

	Loss on validation set after epoch 106: 0.0012

Epoch 107
	Step 0: mean loss = 0.0007
	Step 50: mean loss = 0.0008
	Step 100: mean loss = 0.0008
	Step 150: mean loss = 0.0008

	Loss on validation set after epoch 107: 0.0009

Epoch 108
	Step 0: mean loss = 0.0002
	Step 50: mean loss = 0.0007
	Step 100: mean loss = 0.0008
	Step 150: mean loss = 0.0008

	Loss on validation set after epoch 108: 0.0053

Epoch 109
	Step 0: mean loss = 0.0011
	Step 50: mean loss = 0.0008
	Step 100: mean loss = 0.0008
	Step 150: mean loss = 0.0008

	Loss on validation set after epoch 109: 0.0008

Epoch 110
	Step 0: mean loss = 0.0005
	Step 50: mean loss = 0.0007
	Step 100: mean loss = 0.0008
	Step 150: mean loss = 0.0008

	Loss on validation set after epoch 110: 0.0009

Epoch 111
	Step 0: mean loss = 0.0006
	Step 50: mean loss = 0.0007
	Step 100: mean loss = 0.0008
	Step 150: mean loss = 0.0008

	Loss on validation set after epoch 111: 0.0010

Epoch 112
	Step 0: mean loss = 0.0008
	Step 50: mean loss = 0.0007
	Step 100: mean loss = 0.0007
	Step 150: mean loss = 0.0007

	Loss on validation set after epoch 112: 0.0009

Epoch 113
	Step 0: mean loss = 0.0019
	Step 50: mean loss = 0.0007
	Step 100: mean loss = 0.0008
	Step 150: mean loss = 0.0007

	Loss on validation set after epoch 113: 0.0009

Epoch 114
	Step 0: mean loss = 0.0008
	Step 50: mean loss = 0.0007
	Step 100: mean loss = 0.0007
	Step 150: mean loss = 0.0007

	Loss on validation set after epoch 114: 0.0008

Epoch 115
	Step 0: mean loss = 0.0006
	Step 50: mean loss = 0.0007
	Step 100: mean loss = 0.0007
	Step 150: mean loss = 0.0007

	Loss on validation set after epoch 115: 0.0011

Epoch 116
	Step 0: mean loss = 0.0007
	Step 50: mean loss = 0.0006
	Step 100: mean loss = 0.0007
	Step 150: mean loss = 0.0007

	Loss on validation set after epoch 116: 0.0008

Epoch 117
	Step 0: mean loss = 0.0008
	Step 50: mean loss = 0.0006
	Step 100: mean loss = 0.0007
	Step 150: mean loss = 0.0006

	Loss on validation set after epoch 117: 0.0007

Epoch 118
	Step 0: mean loss = 0.0015
	Step 50: mean loss = 0.0006
	Step 100: mean loss = 0.0007
	Step 150: mean loss = 0.0006

	Loss on validation set after epoch 118: 0.0008

Epoch 119
	Step 0: mean loss = 0.0008
	Step 50: mean loss = 0.0006
	Step 100: mean loss = 0.0006
	Step 150: mean loss = 0.0006

	Loss on validation set after epoch 119: 0.0018

Epoch 120
	Step 0: mean loss = 0.0011
	Step 50: mean loss = 0.0006
	Step 100: mean loss = 0.0007
	Step 150: mean loss = 0.0006

	Loss on validation set after epoch 120: 0.0008

Epoch 121
	Step 0: mean loss = 0.0010
	Step 50: mean loss = 0.0006
	Step 100: mean loss = 0.0007
	Step 150: mean loss = 0.0006

	Loss on validation set after epoch 121: 0.0008

Epoch 122
	Step 0: mean loss = 0.0002
	Step 50: mean loss = 0.0006
	Step 100: mean loss = 0.0006
	Step 150: mean loss = 0.0006

	Loss on validation set after epoch 122: 0.0009

Epoch 123
	Step 0: mean loss = 0.0009
	Step 50: mean loss = 0.0006
	Step 100: mean loss = 0.0006
	Step 150: mean loss = 0.0006

	Loss on validation set after epoch 123: 0.0008

Epoch 124
	Step 0: mean loss = 0.0003
	Step 50: mean loss = 0.0006
	Step 100: mean loss = 0.0006
	Step 150: mean loss = 0.0006

	Loss on validation set after epoch 124: 0.0008

Epoch 125
	Step 0: mean loss = 0.0012
	Step 50: mean loss = 0.0006
	Step 100: mean loss = 0.0006
	Step 150: mean loss = 0.0006

	Loss on validation set after epoch 125: 0.0008

Epoch 126
	Step 0: mean loss = 0.0009
	Step 50: mean loss = 0.0006
	Step 100: mean loss = 0.0006
	Step 150: mean loss = 0.0006

	Loss on validation set after epoch 126: 0.0013

Epoch 127
	Step 0: mean loss = 0.0004
	Step 50: mean loss = 0.0006
	Step 100: mean loss = 0.0006
	Step 150: mean loss = 0.0006

	Loss on validation set after epoch 127: 0.0009

Model from epoch 117 was selected by early stopping.
Training process will be stopped now.
Deleted temporary files in ../data/trained_models/temp_01-03-16-48-35/
Location of saved model: ../data/trained_models/last_hope_73_01-03-16-48-35/ 

Adding feature wise convolutions with 32 filters per feature, 3 kernels and 1 strides ...
Adding batch normalisation to convolution layer ...
Adding feature wise convolutions with 1 filters per feature, 3 kernels and 1 strides ...
Adding batch normalisation to convolution layer ...
Adding feature based graph attention layer ...
Adding time based graph attention layer ...
Adding GRU layer with 256 units ...
Adding GRU layer with 61 units ...
Adding VAE as reconstruction model dimensions 3072 & 1536 and ...
Adding dense layer to forecasting model with 512 units and ReLu activation ...
Adding batch norm and dropout to dense layer ...
Adding dense layer to forecasting model with 256 units and ReLu activation ...
Adding batch norm and dropout to dense layer ...
Adding last dense layer to forecasting model with 61 units and sigmoid activation ...
VAE reconstructs the output of the gru layer.

Grid search running in anomaly detection model selection mode.
The following hyperparameters will not be evaluated:
relevance_mapping
unaffected_component_threshold
si_mode
si_parameter

Testing 294 combinations via grid search 
for model last_hope_73_01-03-16-48-35/ on the validation dataset. 


Top 50 combinations tested:
      gamma  single_timestamp_a.. affected_timestamp..     AD F1     AD F2    AD TPR   AD Prec    AD ACC    AD TNR    AD FPR  SI/ST AVG-HR@100%  SI/ST AVG-HR@150%  SI/ST AVG-HR@K  SI/ST F1  SI/ST TPR  SI/ST ACC
Comb                                                                                                                                                                                                              
292     0.8                 0.350                  150  0.364296  0.533362  0.772308  0.238367  0.487719  0.420939  0.579061           0.148394           0.252799        0.070769  0.033846   0.033846   0.851361
290     0.8                 0.350                  130  0.362887  0.543210  0.812308  0.233628  0.457895  0.374729  0.625271           0.148394           0.252799        0.070769  0.033846   0.033846   0.851361
289     0.8                 0.350                  120  0.362046  0.546526  0.827692  0.231697  0.445614  0.355957  0.644043           0.148394           0.252799        0.070769  0.033846   0.033846   0.851361
291     0.8                 0.350                  140  0.361837  0.535565  0.787692  0.234862  0.471930  0.397834  0.602166           0.148394           0.252799        0.070769  0.033846   0.033846   0.851361
293     0.8                 0.350                  160  0.360925  0.522453  0.744615  0.238189  0.498830  0.441155  0.558845           0.148394           0.252799        0.070769  0.033846   0.033846   0.851361
288     0.8                 0.350                  110  0.360526  0.549098  0.843077  0.229289  0.431579  0.335018  0.664982           0.148394           0.252799        0.070769  0.033846   0.033846   0.851361
287     0.8                 0.350                  100  0.357282  0.547619  0.849231  0.226230  0.419298  0.318412  0.681588           0.148394           0.252799        0.070769  0.033846   0.033846   0.851361
133     0.5                 0.325                  100  0.352234  0.479196  0.630769  0.244338  0.559064  0.542238  0.457762           0.153635           0.217933        0.061538  0.030769   0.030769   0.850888
188     0.6                 0.325                  160  0.348485  0.539273  0.849231  0.219222  0.396491  0.290253  0.709747           0.158416           0.241744        0.061538  0.033846   0.033846   0.851361
28      0.3                 0.300                  100  0.348348  0.440729  0.535385  0.258160  0.619298  0.638989  0.361011           0.142553           0.189935        0.083077  0.030769   0.030769   0.850888
134     0.5                 0.325                  110  0.347064  0.467864  0.609231  0.242647  0.564327  0.553791  0.446209           0.153635           0.217933        0.061538  0.030769   0.030769   0.850888
187     0.6                 0.325                  150  0.345171  0.536822  0.852308  0.216406  0.385380  0.275812  0.724188           0.158416           0.241744        0.061538  0.033846   0.033846   0.851361
183     0.6                 0.325                  110  0.344583  0.546171  0.895385  0.213343  0.352632  0.225271  0.774729           0.158416           0.241744        0.061538  0.033846   0.033846   0.851361
83      0.4                 0.300                  160  0.344466  0.525580  0.809231  0.218802  0.414620  0.322022  0.677978           0.159198           0.218042        0.073846  0.033846   0.033846   0.851361
77      0.4                 0.300                  100  0.344048  0.544256  0.889231  0.213284  0.355556  0.230325  0.769675           0.159198           0.218042        0.073846  0.033846   0.033846   0.851361
182     0.6                 0.325                  100  0.344023  0.548327  0.907692  0.212230  0.342105  0.209386  0.790614           0.158416           0.241744        0.061538  0.033846   0.033846   0.851361
82      0.4                 0.300                  150  0.343851  0.528085  0.821538  0.217427  0.404094  0.306137  0.693863           0.159198           0.218042        0.073846  0.033846   0.033846   0.851361
186     0.6                 0.325                  140  0.343731  0.538314  0.864615  0.214504  0.372515  0.257040  0.742960           0.158416           0.241744        0.061538  0.033846   0.033846   0.851361
81      0.4                 0.300                  140  0.343038  0.530333  0.833846  0.215936  0.392982  0.289531  0.710469           0.159198           0.218042        0.073846  0.033846   0.033846   0.851361
80      0.4                 0.300                  130  0.342500  0.532039  0.843077  0.214902  0.384795  0.277256  0.722744           0.159198           0.218042        0.073846  0.033846   0.033846   0.851361
135     0.5                 0.325                  120  0.341818  0.453012  0.578462  0.242581  0.576608  0.576173  0.423827           0.153635           0.217933        0.061538  0.030769   0.030769   0.850888
78      0.4                 0.300                  110  0.341757  0.538491  0.873846  0.212416  0.360234  0.239711  0.760289           0.159198           0.218042        0.073846  0.033846   0.033846   0.851361
79      0.4                 0.300                  120  0.341702  0.534893  0.858462  0.213303  0.371345  0.257040  0.742960           0.159198           0.218042        0.073846  0.033846   0.033846   0.851361
184     0.6                 0.325                  120  0.341317  0.538752  0.876923  0.211896  0.356725  0.234657  0.765343           0.158416           0.241744        0.061538  0.033846   0.033846   0.851361
238     0.7                 0.350                  100  0.341188  0.444499  0.556923  0.245924  0.591228  0.599278  0.400722           0.140885           0.225966        0.070769  0.030769   0.030769   0.850888
185     0.6                 0.325                  130  0.340400  0.535034  0.864615  0.211916  0.363158  0.245487  0.754513           0.158416           0.241744        0.061538  0.033846   0.033846   0.851361
137     0.5                 0.325                  140  0.337512  0.434891  0.538462  0.245787  0.598246  0.612274  0.387726           0.153635           0.217933        0.061538  0.030769   0.030769   0.850888
138     0.5                 0.325                  150  0.334328  0.424242  0.516923  0.247059  0.608772  0.630325  0.369675           0.153635           0.217933        0.061538  0.030769   0.030769   0.850888
136     0.5                 0.325                  130  0.333955  0.437225  0.550769  0.239625  0.582456  0.589892  0.410108           0.153635           0.217933        0.061538  0.030769   0.030769   0.850888
29      0.3                 0.300                  110  0.332645  0.414308  0.495385  0.250389  0.622222  0.651986  0.348014           0.142553           0.189935        0.083077  0.030769   0.030769   0.850888
139     0.5                 0.325                  160  0.330629  0.415604  0.501538  0.246596  0.614035  0.640433  0.359567           0.153635           0.217933        0.061538  0.030769   0.030769   0.850888
239     0.7                 0.350                  110  0.329777  0.423729  0.523077  0.240793  0.595906  0.612996  0.387004           0.140885           0.225966        0.070769  0.030769   0.030769   0.850888
27      0.3                 0.275                  160  0.327759  0.530878  0.904615  0.200136  0.294737  0.151625  0.848375           0.158189           0.217068        0.086154  0.030769   0.030769   0.850888
26      0.3                 0.275                  150  0.327273  0.532258  0.913846  0.199329  0.285965  0.138628  0.861372           0.158189           0.217068        0.086154  0.030769   0.030769   0.850888
23      0.3                 0.275                  120  0.326509  0.535147  0.932308  0.197910  0.269006  0.113357  0.886643           0.158189           0.217068        0.086154  0.030769   0.030769   0.850888
25      0.3                 0.275                  140  0.326039  0.531573  0.916923  0.198270  0.279532  0.129964  0.870036           0.158189           0.217068        0.086154  0.030769   0.030769   0.850888
22      0.3                 0.275                  110  0.325134  0.534271  0.935385  0.196764  0.261988  0.103971  0.896029           0.158189           0.217068        0.086154  0.030769   0.030769   0.850888
24      0.3                 0.275                  130  0.324851  0.531538  0.923077  0.197109  0.270760  0.117690  0.882310           0.158189           0.217068        0.086154  0.030769   0.030769   0.850888
237     0.7                 0.325                  160  0.324696  0.535590  0.944615  0.196041  0.253216  0.090975  0.909025           0.154978           0.259173        0.076923  0.033846   0.033846   0.851361
235     0.7                 0.325                  140  0.323422  0.535961  0.953846  0.194724  0.241520  0.074368  0.925632           0.154978           0.259173        0.076923  0.033846   0.033846   0.851361
21      0.3                 0.275                  100  0.322889  0.531840  0.935385  0.195122  0.254386  0.094585  0.905415           0.158189           0.217068        0.086154  0.030769   0.030769   0.850888
236     0.7                 0.325                  150  0.322851  0.534166  0.947692  0.194567  0.244444  0.079422  0.920578           0.154978           0.259173        0.076923  0.033846   0.033846   0.851361
234     0.7                 0.325                  130  0.322245  0.534667  0.953846  0.193871  0.237427  0.069314  0.930686           0.154978           0.259173        0.076923  0.033846   0.033846   0.851361
30      0.3                 0.300                  120  0.321199  0.392876  0.461538  0.246305  0.629240  0.668592  0.331408           0.142553           0.189935        0.083077  0.030769   0.030769   0.850888
175     0.6                 0.300                  100  0.320197  0.540765  1.000000  0.190616  0.192982  0.003610  0.996390           0.165686           0.252516        0.061538  0.033846   0.033846   0.851361
176     0.6                 0.300                  110  0.320197  0.540765  1.000000  0.190616  0.192982  0.003610  0.996390           0.165686           0.252516        0.061538  0.033846   0.033846   0.851361
31      0.3                 0.300                  130  0.319825  0.386653  0.449231  0.248299  0.636842  0.680866  0.319134           0.142553           0.189935        0.083077  0.030769   0.030769   0.850888
225     0.7                 0.300                  110  0.319567  0.540047  1.000000  0.190170  0.190643  0.000722  0.999278           0.161657           0.267196        0.076923  0.033846   0.033846   0.851361
226     0.7                 0.300                  120  0.319567  0.540047  1.000000  0.190170  0.190643  0.000722  0.999278           0.161657           0.267196        0.076923  0.033846   0.033846   0.851361
227     0.7                 0.300                  130  0.319567  0.540047  1.000000  0.190170  0.190643  0.000722  0.999278           0.161657           0.267196        0.076923  0.033846   0.033846   0.851361

Full result output for the best combination:
                 #Examples   TP   FP   TN  FN       ACC       FNR       TNR       FPR       TPR      Prec        F1        F2  AVG # affected
Component                                                                                                                                    
no_failure            1385    0  802  583   0  0.420939       NaN  0.420939  0.579061       NaN  0.000000       NaN       NaN      225.713357
txt15_i1                 5    1    0    0   4  0.200000  0.800000       NaN       NaN  0.200000  1.000000  0.333333  0.238095       87.000000
txt15_i3                 5    3    0    0   2  0.600000  0.400000       NaN       NaN  0.600000  1.000000  0.750000  0.652174      229.200000
txt15_conveyor           3    3    0    0   0  1.000000  0.000000       NaN       NaN  1.000000  1.000000  1.000000  1.000000      420.000000
txt15_m1               160  139    0    0  21  0.868750  0.131250       NaN       NaN  0.868750  1.000000  0.929766  0.892169      293.137500
txt15_pl                 9    6    0    0   3  0.666667  0.333333       NaN       NaN  0.666667  1.000000  0.800000  0.714286      239.333333
txt16_i3                 4    4    0    0   0  1.000000  0.000000       NaN       NaN  1.000000  1.000000  1.000000  1.000000      359.500000
txt16_conveyor           8    7    0    0   1  0.875000  0.125000       NaN       NaN  0.875000  1.000000  0.933333  0.897436      324.750000
txt16_m3                65   50    0    0  15  0.769231  0.230769       NaN       NaN  0.769231  1.000000  0.869565  0.806452      277.938462
txt16_turntable          2    2    0    0   0  1.000000  0.000000       NaN       NaN  1.000000  1.000000  1.000000  1.000000      342.000000
txt17_i1                16    7    0    0   9  0.437500  0.562500       NaN       NaN  0.437500  1.000000  0.608696  0.492958      182.750000
txt17_pl                14    7    0    0   7  0.500000  0.500000       NaN       NaN  0.500000  1.000000  0.666667  0.555556      211.142857
txt18_pl                28   19    0    0   9  0.678571  0.321429       NaN       NaN  0.678571  1.000000  0.808511  0.725191      223.892857
txt19_i4                 6    3    0    0   3  0.500000  0.500000       NaN       NaN  0.500000  1.000000  0.666667  0.555556      133.666667
combined              1710  251  802  583  74  0.487719  0.227692  0.420939  0.579061  0.772308  0.238367  0.364296  0.533362      234.062573

                 #Examples   TP   FP   TN  FN       ACC       FNR       TNR       FPR       TPR      Prec        F1        F2  AVG # affected
Component                                                                                                                                    
no_failure            1385    0  802  583   0  0.420939       NaN  0.420939  0.579061       NaN  0.000000       NaN       NaN      225.713357
txt15_i1                 5    1    0    0   4  0.200000  0.800000       NaN       NaN  0.200000  1.000000  0.333333  0.238095       87.000000
txt15_i3                 5    3    0    0   2  0.600000  0.400000       NaN       NaN  0.600000  1.000000  0.750000  0.652174      229.200000
txt15_conveyor           3    3    0    0   0  1.000000  0.000000       NaN       NaN  1.000000  1.000000  1.000000  1.000000      420.000000
txt15_m1               160  139    0    0  21  0.868750  0.131250       NaN       NaN  0.868750  1.000000  0.929766  0.892169      293.137500
txt15_pl                 9    6    0    0   3  0.666667  0.333333       NaN       NaN  0.666667  1.000000  0.800000  0.714286      239.333333
txt16_i3                 4    4    0    0   0  1.000000  0.000000       NaN       NaN  1.000000  1.000000  1.000000  1.000000      359.500000
txt16_conveyor           8    7    0    0   1  0.875000  0.125000       NaN       NaN  0.875000  1.000000  0.933333  0.897436      324.750000
txt16_m3                65   50    0    0  15  0.769231  0.230769       NaN       NaN  0.769231  1.000000  0.869565  0.806452      277.938462
txt16_turntable          2    2    0    0   0  1.000000  0.000000       NaN       NaN  1.000000  1.000000  1.000000  1.000000      342.000000
txt17_i1                16    7    0    0   9  0.437500  0.562500       NaN       NaN  0.437500  1.000000  0.608696  0.492958      182.750000
txt17_pl                14    7    0    0   7  0.500000  0.500000       NaN       NaN  0.500000  1.000000  0.666667  0.555556      211.142857
txt18_pl                28   19    0    0   9  0.678571  0.321429       NaN       NaN  0.678571  1.000000  0.808511  0.725191      223.892857
txt19_i4                 6    3    0    0   3  0.500000  0.500000       NaN       NaN  0.500000  1.000000  0.666667  0.555556      133.666667
combined              1710  251  802  583  74  0.487719  0.227692  0.420939  0.579061  0.772308  0.238367  0.364296  0.533362      234.062573

Execution time: 6252.011823069071
