
Dataset loaded:
Shape of training set (example, time, channels): (20812, 500, 61)
Shape of test set (example, time, channels): (3989, 500, 61)
Shape of train validation set (example, time, channels): (2313, 500, 61)
Shape of test validation set (example, time, channels): (1710, 500, 61)
Num of classes in all: 25

Creating model based on ../configuration/hyperparameter_combinations/last_hope_47.json hyperparameter file 

Adding feature wise convolutions with 32 filters per feature, 3 kernels and 1 strides ...
Adding feature wise convolutions with 1 filters per feature, 3 kernels and 1 strides ...
Adding feature based graph attention layer ...
Adding time based graph attention layer ...
Adding GRU layer with 256 units ...
Adding GRU layer with 61 units ...
Adding VAE as reconstruction model dimensions 3072 & 1536 and ...
Adding dense layer to forecasting model with 1024 units and ReLu activation ...
Adding dense layer to forecasting model with 512 units and ReLu activation ...
Adding last dense layer to forecasting model with 61 units and sigmoid activation ...
VAE reconstructs the output of the gru layer.

Epoch 0
	Step 0: mean loss = 1.3111
	Step 50: mean loss = 0.5064
	Step 100: mean loss = 0.3385
	Step 150: mean loss = 0.2678

	Loss on validation set after epoch 0: 0.1143

Epoch 1
	Step 0: mean loss = 0.1143
	Step 50: mean loss = 0.1088
	Step 100: mean loss = 0.1048
	Step 150: mean loss = 0.1013

	Loss on validation set after epoch 1: 0.0903

Epoch 2
	Step 0: mean loss = 0.0921
	Step 50: mean loss = 0.0881
	Step 100: mean loss = 0.0858
	Step 150: mean loss = 0.0836

	Loss on validation set after epoch 2: 0.0767

Epoch 3
	Step 0: mean loss = 0.0752
	Step 50: mean loss = 0.0753
	Step 100: mean loss = 0.0741
	Step 150: mean loss = 0.0732

	Loss on validation set after epoch 3: 0.0697

Epoch 4
	Step 0: mean loss = 0.0673
	Step 50: mean loss = 0.0694
	Step 100: mean loss = 0.0686
	Step 150: mean loss = 0.0678

	Loss on validation set after epoch 4: 0.0620

Epoch 5
	Step 0: mean loss = 0.0631
	Step 50: mean loss = 0.0620
	Step 100: mean loss = 0.0610
	Step 150: mean loss = 0.0598

	Loss on validation set after epoch 5: 0.0549

Epoch 6
	Step 0: mean loss = 0.0588
	Step 50: mean loss = 0.0545
	Step 100: mean loss = 0.0533
	Step 150: mean loss = 0.0523

	Loss on validation set after epoch 6: 0.0486

Epoch 7
	Step 0: mean loss = 0.0490
	Step 50: mean loss = 0.0476
	Step 100: mean loss = 0.0467
	Step 150: mean loss = 0.0459

	Loss on validation set after epoch 7: 0.0442

Epoch 8
	Step 0: mean loss = 0.0446
	Step 50: mean loss = 0.0423
	Step 100: mean loss = 0.0413
	Step 150: mean loss = 0.0404

	Loss on validation set after epoch 8: 0.0386

Epoch 9
	Step 0: mean loss = 0.0368
	Step 50: mean loss = 0.0367
	Step 100: mean loss = 0.0362
	Step 150: mean loss = 0.0357

	Loss on validation set after epoch 9: 0.0337

Epoch 10
	Step 0: mean loss = 0.0343
	Step 50: mean loss = 0.0329
	Step 100: mean loss = 0.0324
	Step 150: mean loss = 0.0320

	Loss on validation set after epoch 10: 0.0301

Epoch 11
	Step 0: mean loss = 0.0309
	Step 50: mean loss = 0.0296
	Step 100: mean loss = 0.0293
	Step 150: mean loss = 0.0291

	Loss on validation set after epoch 11: 0.0279

Epoch 12
	Step 0: mean loss = 0.0275
	Step 50: mean loss = 0.0274
	Step 100: mean loss = 0.0274
	Step 150: mean loss = 0.0273

	Loss on validation set after epoch 12: 0.0257

Epoch 13
	Step 0: mean loss = 0.0232
	Step 50: mean loss = 0.0259
	Step 100: mean loss = 0.0260
	Step 150: mean loss = 0.0259

	Loss on validation set after epoch 13: 0.0255

Epoch 14
	Step 0: mean loss = 0.0277
	Step 50: mean loss = 0.0251
	Step 100: mean loss = 0.0248
	Step 150: mean loss = 0.0248

	Loss on validation set after epoch 14: 0.0238

Epoch 15
	Step 0: mean loss = 0.0249
	Step 50: mean loss = 0.0240
	Step 100: mean loss = 0.0239
	Step 150: mean loss = 0.0238

	Loss on validation set after epoch 15: 0.0232

Epoch 16
	Step 0: mean loss = 0.0206
	Step 50: mean loss = 0.0231
	Step 100: mean loss = 0.0230
	Step 150: mean loss = 0.0229

	Loss on validation set after epoch 16: 0.0231

Epoch 17
	Step 0: mean loss = 0.0239
	Step 50: mean loss = 0.0226
	Step 100: mean loss = 0.0224
	Step 150: mean loss = 0.0223

	Loss on validation set after epoch 17: 0.0215

Epoch 18
	Step 0: mean loss = 0.0185
	Step 50: mean loss = 0.0217
	Step 100: mean loss = 0.0217
	Step 150: mean loss = 0.0216

	Loss on validation set after epoch 18: 0.0219

Epoch 19
	Step 0: mean loss = 0.0201
	Step 50: mean loss = 0.0210
	Step 100: mean loss = 0.0211
	Step 150: mean loss = 0.0211

	Loss on validation set after epoch 19: 0.0202

Epoch 20
	Step 0: mean loss = 0.0206
	Step 50: mean loss = 0.0206
	Step 100: mean loss = 0.0206
	Step 150: mean loss = 0.0206

	Loss on validation set after epoch 20: 0.0201

Epoch 21
	Step 0: mean loss = 0.0208
	Step 50: mean loss = 0.0199
	Step 100: mean loss = 0.0199
	Step 150: mean loss = 0.0199

	Loss on validation set after epoch 21: 0.0199

Epoch 22
	Step 0: mean loss = 0.0208
	Step 50: mean loss = 0.0194
	Step 100: mean loss = 0.0194
	Step 150: mean loss = 0.0195

	Loss on validation set after epoch 22: 0.0192

Epoch 23
	Step 0: mean loss = 0.0217
	Step 50: mean loss = 0.0191
	Step 100: mean loss = 0.0190
	Step 150: mean loss = 0.0190

	Loss on validation set after epoch 23: 0.0181

Epoch 24
	Step 0: mean loss = 0.0173
	Step 50: mean loss = 0.0186
	Step 100: mean loss = 0.0185
	Step 150: mean loss = 0.0186

	Loss on validation set after epoch 24: 0.0187

Epoch 25
	Step 0: mean loss = 0.0190
	Step 50: mean loss = 0.0180
	Step 100: mean loss = 0.0181
	Step 150: mean loss = 0.0181

	Loss on validation set after epoch 25: 0.0180

Epoch 26
	Step 0: mean loss = 0.0154
	Step 50: mean loss = 0.0176
	Step 100: mean loss = 0.0177
	Step 150: mean loss = 0.0177

	Loss on validation set after epoch 26: 0.0175

Epoch 27
	Step 0: mean loss = 0.0163
	Step 50: mean loss = 0.0170
	Step 100: mean loss = 0.0171
	Step 150: mean loss = 0.0172

	Loss on validation set after epoch 27: 0.0171

Epoch 28
	Step 0: mean loss = 0.0182
	Step 50: mean loss = 0.0168
	Step 100: mean loss = 0.0168
	Step 150: mean loss = 0.0168

	Loss on validation set after epoch 28: 0.0180

Epoch 29
	Step 0: mean loss = 0.0204
	Step 50: mean loss = 0.0164
	Step 100: mean loss = 0.0164
	Step 150: mean loss = 0.0164

	Loss on validation set after epoch 29: 0.0167

Epoch 30
	Step 0: mean loss = 0.0143
	Step 50: mean loss = 0.0173
	Step 100: mean loss = 0.0167
	Step 150: mean loss = 0.0166

	Loss on validation set after epoch 30: 0.0158

Epoch 31
	Step 0: mean loss = 0.0124
	Step 50: mean loss = 0.0158
	Step 100: mean loss = 0.0158
	Step 150: mean loss = 0.0158

	Loss on validation set after epoch 31: 0.0163

Epoch 32
	Step 0: mean loss = 0.0148
	Step 50: mean loss = 0.0157
	Step 100: mean loss = 0.0155
	Step 150: mean loss = 0.0155

	Loss on validation set after epoch 32: 0.0152

Epoch 33
	Step 0: mean loss = 0.0140
	Step 50: mean loss = 0.0154
	Step 100: mean loss = 0.0152
	Step 150: mean loss = 0.0153

	Loss on validation set after epoch 33: 0.0147

Epoch 34
	Step 0: mean loss = 0.0160
	Step 50: mean loss = 0.0151
	Step 100: mean loss = 0.0161
	Step 150: mean loss = 0.0159

	Loss on validation set after epoch 34: 0.0146

Epoch 35
	Step 0: mean loss = 0.0153
	Step 50: mean loss = 0.0149
	Step 100: mean loss = 0.0149
	Step 150: mean loss = 0.0149

	Loss on validation set after epoch 35: 0.0145

Epoch 36
	Step 0: mean loss = 0.0149
	Step 50: mean loss = 0.0145
	Step 100: mean loss = 0.0146
	Step 150: mean loss = 0.0147

	Loss on validation set after epoch 36: 0.0146

Epoch 37
	Step 0: mean loss = 0.0154
	Step 50: mean loss = 0.0144
	Step 100: mean loss = 0.0144
	Step 150: mean loss = 0.0145

	Loss on validation set after epoch 37: 0.0147

Epoch 38
	Step 0: mean loss = 0.0122
	Step 50: mean loss = 0.0143
	Step 100: mean loss = 0.0143
	Step 150: mean loss = 0.0143

	Loss on validation set after epoch 38: 0.0140

Epoch 39
	Step 0: mean loss = 0.0128
	Step 50: mean loss = 0.0142
	Step 100: mean loss = 0.0147
	Step 150: mean loss = 0.0146

	Loss on validation set after epoch 39: 0.0139

Epoch 40
	Step 0: mean loss = 0.0152
	Step 50: mean loss = 0.0139
	Step 100: mean loss = 0.0140
	Step 150: mean loss = 0.0140

	Loss on validation set after epoch 40: 0.0137

Epoch 41
	Step 0: mean loss = 0.0137
	Step 50: mean loss = 0.0140
	Step 100: mean loss = 0.0140
	Step 150: mean loss = 0.0140

	Loss on validation set after epoch 41: 0.0140

Epoch 42
	Step 0: mean loss = 0.0131
	Step 50: mean loss = 0.0138
	Step 100: mean loss = 0.0137
	Step 150: mean loss = 0.0137

	Loss on validation set after epoch 42: 0.0134

Epoch 43
	Step 0: mean loss = 0.0134
	Step 50: mean loss = 0.0136
	Step 100: mean loss = 0.0135
	Step 150: mean loss = 0.0136

	Loss on validation set after epoch 43: 0.0132

Epoch 44
	Step 0: mean loss = 0.0124
	Step 50: mean loss = 0.0135
	Step 100: mean loss = 0.0135
	Step 150: mean loss = 0.0135

	Loss on validation set after epoch 44: 0.0129

Epoch 45
	Step 0: mean loss = 0.0105
	Step 50: mean loss = 0.0132
	Step 100: mean loss = 0.0132
	Step 150: mean loss = 0.0132

	Loss on validation set after epoch 45: 0.0136

Epoch 46
	Step 0: mean loss = 0.0119
	Step 50: mean loss = 0.0131
	Step 100: mean loss = 0.0130
	Step 150: mean loss = 0.0131

	Loss on validation set after epoch 46: 0.0139

Epoch 47
	Step 0: mean loss = 0.0125
	Step 50: mean loss = 0.0129
	Step 100: mean loss = 0.0129
	Step 150: mean loss = 0.0129

	Loss on validation set after epoch 47: 0.0137

Epoch 48
	Step 0: mean loss = 0.0133
	Step 50: mean loss = 0.0126
	Step 100: mean loss = 0.0127
	Step 150: mean loss = 0.0126

	Loss on validation set after epoch 48: 0.0123

Epoch 49
	Step 0: mean loss = 0.0116
	Step 50: mean loss = 0.0124
	Step 100: mean loss = 0.0124
	Step 150: mean loss = 0.0124

	Loss on validation set after epoch 49: 0.0121

Epoch 50
	Step 0: mean loss = 0.0127
	Step 50: mean loss = 0.0122
	Step 100: mean loss = 0.0123
	Step 150: mean loss = 0.0123

	Loss on validation set after epoch 50: 0.0125

Epoch 51
	Step 0: mean loss = 0.0142
	Step 50: mean loss = 0.0120
	Step 100: mean loss = 0.0120
	Step 150: mean loss = 0.0120

	Loss on validation set after epoch 51: 0.0126

Epoch 52
	Step 0: mean loss = 0.0132
	Step 50: mean loss = 0.0120
	Step 100: mean loss = 0.0119
	Step 150: mean loss = 0.0120

	Loss on validation set after epoch 52: 0.0117

Epoch 53
	Step 0: mean loss = 0.0137
	Step 50: mean loss = 0.0114
	Step 100: mean loss = 0.0115
	Step 150: mean loss = 0.0115

	Loss on validation set after epoch 53: 0.0122

Epoch 54
	Step 0: mean loss = 0.0111
	Step 50: mean loss = 0.0113
	Step 100: mean loss = 0.0113
	Step 150: mean loss = 0.0113

	Loss on validation set after epoch 54: 0.0113

Epoch 55
	Step 0: mean loss = 0.0103
	Step 50: mean loss = 0.0111
	Step 100: mean loss = 0.0113
	Step 150: mean loss = 0.0114

	Loss on validation set after epoch 55: 0.0110

Epoch 56
	Step 0: mean loss = 0.0129
	Step 50: mean loss = 0.0112
	Step 100: mean loss = 0.0111
	Step 150: mean loss = 0.0111

	Loss on validation set after epoch 56: 0.0132

Epoch 57
	Step 0: mean loss = 0.0130
	Step 50: mean loss = 0.0110
	Step 100: mean loss = 0.0109
	Step 150: mean loss = 0.0110

	Loss on validation set after epoch 57: 0.0113

Epoch 58
	Step 0: mean loss = 0.0107
	Step 50: mean loss = 0.0108
	Step 100: mean loss = 0.0108
	Step 150: mean loss = 0.0109

	Loss on validation set after epoch 58: 0.0107

Epoch 59
	Step 0: mean loss = 0.0098
	Step 50: mean loss = 0.0106
	Step 100: mean loss = 0.0106
	Step 150: mean loss = 0.0107

	Loss on validation set after epoch 59: 0.0105

Epoch 60
	Step 0: mean loss = 0.0101
	Step 50: mean loss = 0.0103
	Step 100: mean loss = 0.0104
	Step 150: mean loss = 0.0104

	Loss on validation set after epoch 60: 0.0104

Epoch 61
	Step 0: mean loss = 0.0113
	Step 50: mean loss = 0.0102
	Step 100: mean loss = 0.0103
	Step 150: mean loss = 0.0103

	Loss on validation set after epoch 61: 0.0105

Epoch 62
	Step 0: mean loss = 0.0104
	Step 50: mean loss = 0.0101
	Step 100: mean loss = 0.0102
	Step 150: mean loss = 0.0102

	Loss on validation set after epoch 62: 0.0099

Epoch 63
	Step 0: mean loss = 0.0100
	Step 50: mean loss = 0.0102
	Step 100: mean loss = 0.0101
	Step 150: mean loss = 0.0101

	Loss on validation set after epoch 63: 0.0099

Epoch 64
	Step 0: mean loss = 0.0101
	Step 50: mean loss = 0.0096
	Step 100: mean loss = 0.0097
	Step 150: mean loss = 0.0096

	Loss on validation set after epoch 64: 0.0097

Epoch 65
	Step 0: mean loss = 0.0084
	Step 50: mean loss = 0.0094
	Step 100: mean loss = 0.0094
	Step 150: mean loss = 0.0094

	Loss on validation set after epoch 65: 0.0092

Epoch 66
	Step 0: mean loss = 0.0089
	Step 50: mean loss = 0.0092
	Step 100: mean loss = 0.0092
	Step 150: mean loss = 0.0093

	Loss on validation set after epoch 66: 0.0092

Epoch 67
	Step 0: mean loss = 0.0090
	Step 50: mean loss = 0.0091
	Step 100: mean loss = 0.0091
	Step 150: mean loss = 0.0091

	Loss on validation set after epoch 67: 0.0090

Epoch 68
	Step 0: mean loss = 0.0079
	Step 50: mean loss = 0.0089
	Step 100: mean loss = 0.0090
	Step 150: mean loss = 0.0089

	Loss on validation set after epoch 68: 0.0088

Epoch 69
	Step 0: mean loss = 0.0083
	Step 50: mean loss = 0.0089
	Step 100: mean loss = 0.0089
	Step 150: mean loss = 0.0088

	Loss on validation set after epoch 69: 0.0091

Epoch 70
	Step 0: mean loss = 0.0077
	Step 50: mean loss = 0.0087
	Step 100: mean loss = 0.0087
	Step 150: mean loss = 0.0087

	Loss on validation set after epoch 70: 0.0087

Epoch 71
	Step 0: mean loss = 0.0097
	Step 50: mean loss = 0.0086
	Step 100: mean loss = 0.0087
	Step 150: mean loss = 0.0086

	Loss on validation set after epoch 71: 0.0086

Epoch 72
	Step 0: mean loss = 0.0079
	Step 50: mean loss = 0.0083
	Step 100: mean loss = 0.0084
	Step 150: mean loss = 0.0084

	Loss on validation set after epoch 72: 0.0085

Epoch 73
	Step 0: mean loss = 0.0086
	Step 50: mean loss = 0.0084
	Step 100: mean loss = 0.0083
	Step 150: mean loss = 0.0083

	Loss on validation set after epoch 73: 0.0085

Epoch 74
	Step 0: mean loss = 0.0081
	Step 50: mean loss = 0.0083
	Step 100: mean loss = 0.0083
	Step 150: mean loss = 0.0083

	Loss on validation set after epoch 74: 0.0083

Epoch 75
	Step 0: mean loss = 0.0084
	Step 50: mean loss = 0.0082
	Step 100: mean loss = 0.0082
	Step 150: mean loss = 0.0082

	Loss on validation set after epoch 75: 0.0082

Epoch 76
	Step 0: mean loss = 0.0063
	Step 50: mean loss = 0.0080
	Step 100: mean loss = 0.0080
	Step 150: mean loss = 0.0080

	Loss on validation set after epoch 76: 0.0081

Epoch 77
	Step 0: mean loss = 0.0074
	Step 50: mean loss = 0.0080
	Step 100: mean loss = 0.0080
	Step 150: mean loss = 0.0080

	Loss on validation set after epoch 77: 0.0081

Epoch 78
	Step 0: mean loss = 0.0081
	Step 50: mean loss = 0.0078
	Step 100: mean loss = 0.0078
	Step 150: mean loss = 0.0078

	Loss on validation set after epoch 78: 0.0080

Epoch 79
	Step 0: mean loss = 0.0084
	Step 50: mean loss = 0.0077
	Step 100: mean loss = 0.0077
	Step 150: mean loss = 0.0077

	Loss on validation set after epoch 79: 0.0077

Epoch 80
	Step 0: mean loss = 0.0078
	Step 50: mean loss = 0.0075
	Step 100: mean loss = 0.0075
	Step 150: mean loss = 0.0075

	Loss on validation set after epoch 80: 0.0078

Epoch 81
	Step 0: mean loss = 0.0075
	Step 50: mean loss = 0.0075
	Step 100: mean loss = 0.0075
	Step 150: mean loss = 0.0075

	Loss on validation set after epoch 81: 0.0076

Epoch 82
	Step 0: mean loss = 0.0059
	Step 50: mean loss = 0.0074
	Step 100: mean loss = 0.0075
	Step 150: mean loss = 0.0075

	Loss on validation set after epoch 82: 0.0075

Epoch 83
	Step 0: mean loss = 0.0076
	Step 50: mean loss = 0.0072
	Step 100: mean loss = 0.0073
	Step 150: mean loss = 0.0073

	Loss on validation set after epoch 83: 0.0076

Epoch 84
	Step 0: mean loss = 0.0085
	Step 50: mean loss = 0.0072
	Step 100: mean loss = 0.0072
	Step 150: mean loss = 0.0072

	Loss on validation set after epoch 84: 0.0074

Epoch 85
	Step 0: mean loss = 0.0079
	Step 50: mean loss = 0.0072
	Step 100: mean loss = 0.0072
	Step 150: mean loss = 0.0072

	Loss on validation set after epoch 85: 0.0072

Epoch 86
	Step 0: mean loss = 0.0080
	Step 50: mean loss = 0.0071
	Step 100: mean loss = 0.0071
	Step 150: mean loss = 0.0071

	Loss on validation set after epoch 86: 0.0076

Epoch 87
	Step 0: mean loss = 0.0069
	Step 50: mean loss = 0.0070
	Step 100: mean loss = 0.0070
	Step 150: mean loss = 0.0070

	Loss on validation set after epoch 87: 0.0075

Epoch 88
	Step 0: mean loss = 0.0063
	Step 50: mean loss = 0.0070
	Step 100: mean loss = 0.0070
	Step 150: mean loss = 0.0070

	Loss on validation set after epoch 88: 0.0076

Epoch 89
	Step 0: mean loss = 0.0054
	Step 50: mean loss = 0.0069
	Step 100: mean loss = 0.0069
	Step 150: mean loss = 0.0069

	Loss on validation set after epoch 89: 0.0071

Epoch 90
	Step 0: mean loss = 0.0050
	Step 50: mean loss = 0.0068
	Step 100: mean loss = 0.0068
	Step 150: mean loss = 0.0068

	Loss on validation set after epoch 90: 0.0071

Epoch 91
	Step 0: mean loss = 0.0075
	Step 50: mean loss = 0.0068
	Step 100: mean loss = 0.0067
	Step 150: mean loss = 0.0066

	Loss on validation set after epoch 91: 0.0068

Epoch 92
	Step 0: mean loss = 0.0061
	Step 50: mean loss = 0.0066
	Step 100: mean loss = 0.0066
	Step 150: mean loss = 0.0066

	Loss on validation set after epoch 92: 0.0066

Epoch 93
	Step 0: mean loss = 0.0069
	Step 50: mean loss = 0.0063
	Step 100: mean loss = 0.0064
	Step 150: mean loss = 0.0063

	Loss on validation set after epoch 93: 0.0071

Epoch 94
	Step 0: mean loss = 0.0067
	Step 50: mean loss = 0.0063
	Step 100: mean loss = 0.0063
	Step 150: mean loss = 0.0062

	Loss on validation set after epoch 94: 0.0064

Epoch 95
	Step 0: mean loss = 0.0074
	Step 50: mean loss = 0.0062
	Step 100: mean loss = 0.0062
	Step 150: mean loss = 0.0061

	Loss on validation set after epoch 95: 0.0064

Epoch 96
	Step 0: mean loss = 0.0056
	Step 50: mean loss = 0.0061
	Step 100: mean loss = 0.0061
	Step 150: mean loss = 0.0061

	Loss on validation set after epoch 96: 0.0064

Epoch 97
	Step 0: mean loss = 0.0051
	Step 50: mean loss = 0.0061
	Step 100: mean loss = 0.0061
	Step 150: mean loss = 0.0060

	Loss on validation set after epoch 97: 0.0064

Epoch 98
	Step 0: mean loss = 0.0047
	Step 50: mean loss = 0.0059
	Step 100: mean loss = 0.0060
	Step 150: mean loss = 0.0059

	Loss on validation set after epoch 98: 0.0067

Epoch 99
	Step 0: mean loss = 0.0058
	Step 50: mean loss = 0.0060
	Step 100: mean loss = 0.0060
	Step 150: mean loss = 0.0059

	Loss on validation set after epoch 99: 0.0062

Epoch 100
	Step 0: mean loss = 0.0059
	Step 50: mean loss = 0.0060
	Step 100: mean loss = 0.0060
	Step 150: mean loss = 0.0059

	Loss on validation set after epoch 100: 0.0064

Epoch 101
	Step 0: mean loss = 0.0060
	Step 50: mean loss = 0.0059
	Step 100: mean loss = 0.0059
	Step 150: mean loss = 0.0059

	Loss on validation set after epoch 101: 0.0059

Epoch 102
	Step 0: mean loss = 0.0056
	Step 50: mean loss = 0.0058
	Step 100: mean loss = 0.0058
	Step 150: mean loss = 0.0058

	Loss on validation set after epoch 102: 0.0061

Epoch 103
	Step 0: mean loss = 0.0061
	Step 50: mean loss = 0.0058
	Step 100: mean loss = 0.0058
	Step 150: mean loss = 0.0058

	Loss on validation set after epoch 103: 0.0060

Epoch 104
	Step 0: mean loss = 0.0056
	Step 50: mean loss = 0.0058
	Step 100: mean loss = 0.0058
	Step 150: mean loss = 0.0058

	Loss on validation set after epoch 104: 0.0058

Epoch 105
	Step 0: mean loss = 0.0059
	Step 50: mean loss = 0.0057
	Step 100: mean loss = 0.0058
	Step 150: mean loss = 0.0058

	Loss on validation set after epoch 105: 0.0058

Epoch 106
	Step 0: mean loss = 0.0047
	Step 50: mean loss = 0.0057
	Step 100: mean loss = 0.0058
	Step 150: mean loss = 0.0057

	Loss on validation set after epoch 106: 0.0062

Epoch 107
	Step 0: mean loss = 0.0053
	Step 50: mean loss = 0.0056
	Step 100: mean loss = 0.0057
	Step 150: mean loss = 0.0057

	Loss on validation set after epoch 107: 0.0060

Epoch 108
	Step 0: mean loss = 0.0053
	Step 50: mean loss = 0.0059
	Step 100: mean loss = 0.0058
	Step 150: mean loss = 0.0057

	Loss on validation set after epoch 108: 0.0061

Epoch 109
	Step 0: mean loss = 0.0060
	Step 50: mean loss = 0.0056
	Step 100: mean loss = 0.0056
	Step 150: mean loss = 0.0056

	Loss on validation set after epoch 109: 0.0060

Epoch 110
	Step 0: mean loss = 0.0053
	Step 50: mean loss = 0.0056
	Step 100: mean loss = 0.0056
	Step 150: mean loss = 0.0056

	Loss on validation set after epoch 110: 0.0059

Epoch 111
	Step 0: mean loss = 0.0061
	Step 50: mean loss = 0.0055
	Step 100: mean loss = 0.0056
	Step 150: mean loss = 0.0055

	Loss on validation set after epoch 111: 0.0057

Epoch 112
	Step 0: mean loss = 0.0051
	Step 50: mean loss = 0.0055
	Step 100: mean loss = 0.0055
	Step 150: mean loss = 0.0055

	Loss on validation set after epoch 112: 0.0057

Epoch 113
	Step 0: mean loss = 0.0070
	Step 50: mean loss = 0.0054
	Step 100: mean loss = 0.0055
	Step 150: mean loss = 0.0054

	Loss on validation set after epoch 113: 0.0055

Epoch 114
	Step 0: mean loss = 0.0047
	Step 50: mean loss = 0.0055
	Step 100: mean loss = 0.0055
	Step 150: mean loss = 0.0055

	Loss on validation set after epoch 114: 0.0058

Epoch 115
	Step 0: mean loss = 0.0056
	Step 50: mean loss = 0.0054
	Step 100: mean loss = 0.0054
	Step 150: mean loss = 0.0054

	Loss on validation set after epoch 115: 0.0057

Epoch 116
	Step 0: mean loss = 0.0058
	Step 50: mean loss = 0.0054
	Step 100: mean loss = 0.0054
	Step 150: mean loss = 0.0054

	Loss on validation set after epoch 116: 0.0060

Epoch 117
	Step 0: mean loss = 0.0048
	Step 50: mean loss = 0.0054
	Step 100: mean loss = 0.0054
	Step 150: mean loss = 0.0054

	Loss on validation set after epoch 117: 0.0055

Epoch 118
	Step 0: mean loss = 0.0048
	Step 50: mean loss = 0.0054
	Step 100: mean loss = 0.0054
	Step 150: mean loss = 0.0054

	Loss on validation set after epoch 118: 0.0056

Epoch 119
	Step 0: mean loss = 0.0059
	Step 50: mean loss = 0.0053
	Step 100: mean loss = 0.0054
	Step 150: mean loss = 0.0054

	Loss on validation set after epoch 119: 0.0059

Epoch 120
	Step 0: mean loss = 0.0052
	Step 50: mean loss = 0.0053
	Step 100: mean loss = 0.0053
	Step 150: mean loss = 0.0053

	Loss on validation set after epoch 120: 0.0054

Epoch 121
	Step 0: mean loss = 0.0052
	Step 50: mean loss = 0.0053
	Step 100: mean loss = 0.0053
	Step 150: mean loss = 0.0053

	Loss on validation set after epoch 121: 0.0055

Epoch 122
	Step 0: mean loss = 0.0046
	Step 50: mean loss = 0.0052
	Step 100: mean loss = 0.0053
	Step 150: mean loss = 0.0053

	Loss on validation set after epoch 122: 0.0055

Epoch 123
	Step 0: mean loss = 0.0048
	Step 50: mean loss = 0.0052
	Step 100: mean loss = 0.0052
	Step 150: mean loss = 0.0052

	Loss on validation set after epoch 123: 0.0057

Epoch 124
	Step 0: mean loss = 0.0042
	Step 50: mean loss = 0.0052
	Step 100: mean loss = 0.0052
	Step 150: mean loss = 0.0052

	Loss on validation set after epoch 124: 0.0055

Epoch 125
	Step 0: mean loss = 0.0059
	Step 50: mean loss = 0.0052
	Step 100: mean loss = 0.0051
	Step 150: mean loss = 0.0051

	Loss on validation set after epoch 125: 0.0054

Epoch 126
	Step 0: mean loss = 0.0055
	Step 50: mean loss = 0.0051
	Step 100: mean loss = 0.0051
	Step 150: mean loss = 0.0051

	Loss on validation set after epoch 126: 0.0053

Epoch 127
	Step 0: mean loss = 0.0057
	Step 50: mean loss = 0.0051
	Step 100: mean loss = 0.0051
	Step 150: mean loss = 0.0051

	Loss on validation set after epoch 127: 0.0055

Epoch 128
	Step 0: mean loss = 0.0046
	Step 50: mean loss = 0.0051
	Step 100: mean loss = 0.0051
	Step 150: mean loss = 0.0051

	Loss on validation set after epoch 128: 0.0054

Epoch 129
	Step 0: mean loss = 0.0056
	Step 50: mean loss = 0.0050
	Step 100: mean loss = 0.0051
	Step 150: mean loss = 0.0050

	Loss on validation set after epoch 129: 0.0053

Epoch 130
	Step 0: mean loss = 0.0061
	Step 50: mean loss = 0.0050
	Step 100: mean loss = 0.0051
	Step 150: mean loss = 0.0050

	Loss on validation set after epoch 130: 0.0055

Epoch 131
	Step 0: mean loss = 0.0051
	Step 50: mean loss = 0.0050
	Step 100: mean loss = 0.0050
	Step 150: mean loss = 0.0050

	Loss on validation set after epoch 131: 0.0053

Epoch 132
	Step 0: mean loss = 0.0048
	Step 50: mean loss = 0.0050
	Step 100: mean loss = 0.0050
	Step 150: mean loss = 0.0050

	Loss on validation set after epoch 132: 0.0054

Epoch 133
	Step 0: mean loss = 0.0064
	Step 50: mean loss = 0.0050
	Step 100: mean loss = 0.0050
	Step 150: mean loss = 0.0049

	Loss on validation set after epoch 133: 0.0053

Epoch 134
	Step 0: mean loss = 0.0045
	Step 50: mean loss = 0.0049
	Step 100: mean loss = 0.0050
	Step 150: mean loss = 0.0049

	Loss on validation set after epoch 134: 0.0052

Epoch 135
	Step 0: mean loss = 0.0045
	Step 50: mean loss = 0.0050
	Step 100: mean loss = 0.0050
	Step 150: mean loss = 0.0049

	Loss on validation set after epoch 135: 0.0055

Epoch 136
	Step 0: mean loss = 0.0043
	Step 50: mean loss = 0.0048
	Step 100: mean loss = 0.0049
	Step 150: mean loss = 0.0048

	Loss on validation set after epoch 136: 0.0054

Epoch 137
	Step 0: mean loss = 0.0053
	Step 50: mean loss = 0.0049
	Step 100: mean loss = 0.0049
	Step 150: mean loss = 0.0049

	Loss on validation set after epoch 137: 0.0050

Epoch 138
	Step 0: mean loss = 0.0045
	Step 50: mean loss = 0.0048
	Step 100: mean loss = 0.0049
	Step 150: mean loss = 0.0048

	Loss on validation set after epoch 138: 0.0055

Epoch 139
	Step 0: mean loss = 0.0046
	Step 50: mean loss = 0.0048
	Step 100: mean loss = 0.0049
	Step 150: mean loss = 0.0048

	Loss on validation set after epoch 139: 0.0052

Epoch 140
	Step 0: mean loss = 0.0053
	Step 50: mean loss = 0.0048
	Step 100: mean loss = 0.0048
	Step 150: mean loss = 0.0048

	Loss on validation set after epoch 140: 0.0051

Epoch 141
	Step 0: mean loss = 0.0049
	Step 50: mean loss = 0.0047
	Step 100: mean loss = 0.0048
	Step 150: mean loss = 0.0047

	Loss on validation set after epoch 141: 0.0053

Epoch 142
	Step 0: mean loss = 0.0043
	Step 50: mean loss = 0.0049
	Step 100: mean loss = 0.0048
	Step 150: mean loss = 0.0048

	Loss on validation set after epoch 142: 0.0053

Epoch 143
	Step 0: mean loss = 0.0043
	Step 50: mean loss = 0.0048
	Step 100: mean loss = 0.0048
	Step 150: mean loss = 0.0047

	Loss on validation set after epoch 143: 0.0052

Epoch 144
	Step 0: mean loss = 0.0038
	Step 50: mean loss = 0.0048
	Step 100: mean loss = 0.0048
	Step 150: mean loss = 0.0047

	Loss on validation set after epoch 144: 0.0050

Epoch 145
	Step 0: mean loss = 0.0048
	Step 50: mean loss = 0.0047
	Step 100: mean loss = 0.0047
	Step 150: mean loss = 0.0047

	Loss on validation set after epoch 145: 0.0051

Epoch 146
	Step 0: mean loss = 0.0054
	Step 50: mean loss = 0.0047
	Step 100: mean loss = 0.0047
	Step 150: mean loss = 0.0047

	Loss on validation set after epoch 146: 0.0048

Epoch 147
	Step 0: mean loss = 0.0045
	Step 50: mean loss = 0.0047
	Step 100: mean loss = 0.0047
	Step 150: mean loss = 0.0047

	Loss on validation set after epoch 147: 0.0051

Epoch 148
	Step 0: mean loss = 0.0056
	Step 50: mean loss = 0.0047
	Step 100: mean loss = 0.0047
	Step 150: mean loss = 0.0046

	Loss on validation set after epoch 148: 0.0054

Epoch 149
	Step 0: mean loss = 0.0048
	Step 50: mean loss = 0.0046
	Step 100: mean loss = 0.0046
	Step 150: mean loss = 0.0046

	Loss on validation set after epoch 149: 0.0053

Epoch 150
	Step 0: mean loss = 0.0043
	Step 50: mean loss = 0.0046
	Step 100: mean loss = 0.0046
	Step 150: mean loss = 0.0046

	Loss on validation set after epoch 150: 0.0047

Epoch 151
	Step 0: mean loss = 0.0051
	Step 50: mean loss = 0.0046
	Step 100: mean loss = 0.0046
	Step 150: mean loss = 0.0045

	Loss on validation set after epoch 151: 0.0048

Epoch 152
	Step 0: mean loss = 0.0035
	Step 50: mean loss = 0.0045
	Step 100: mean loss = 0.0046
	Step 150: mean loss = 0.0046

	Loss on validation set after epoch 152: 0.0051

Epoch 153
	Step 0: mean loss = 0.0046
	Step 50: mean loss = 0.0046
	Step 100: mean loss = 0.0046
	Step 150: mean loss = 0.0046

	Loss on validation set after epoch 153: 0.0048

Epoch 154
	Step 0: mean loss = 0.0051
	Step 50: mean loss = 0.0046
	Step 100: mean loss = 0.0045
	Step 150: mean loss = 0.0045

	Loss on validation set after epoch 154: 0.0047

Epoch 155
	Step 0: mean loss = 0.0048
	Step 50: mean loss = 0.0045
	Step 100: mean loss = 0.0045
	Step 150: mean loss = 0.0045

	Loss on validation set after epoch 155: 0.0048

Epoch 156
	Step 0: mean loss = 0.0056
	Step 50: mean loss = 0.0045
	Step 100: mean loss = 0.0045
	Step 150: mean loss = 0.0045

	Loss on validation set after epoch 156: 0.0047

Epoch 157
	Step 0: mean loss = 0.0043
	Step 50: mean loss = 0.0044
	Step 100: mean loss = 0.0044
	Step 150: mean loss = 0.0044

	Loss on validation set after epoch 157: 0.0047

Epoch 158
	Step 0: mean loss = 0.0048
	Step 50: mean loss = 0.0044
	Step 100: mean loss = 0.0044
	Step 150: mean loss = 0.0044

	Loss on validation set after epoch 158: 0.0048

Epoch 159
	Step 0: mean loss = 0.0047
	Step 50: mean loss = 0.0044
	Step 100: mean loss = 0.0044
	Step 150: mean loss = 0.0044

	Loss on validation set after epoch 159: 0.0051

Epoch 160
	Step 0: mean loss = 0.0046
	Step 50: mean loss = 0.0044
	Step 100: mean loss = 0.0044
	Step 150: mean loss = 0.0044

	Loss on validation set after epoch 160: 0.0047

Epoch 161
	Step 0: mean loss = 0.0040
	Step 50: mean loss = 0.0043
	Step 100: mean loss = 0.0044
	Step 150: mean loss = 0.0044

	Loss on validation set after epoch 161: 0.0048

Epoch 162
	Step 0: mean loss = 0.0045
	Step 50: mean loss = 0.0043
	Step 100: mean loss = 0.0044
	Step 150: mean loss = 0.0044

	Loss on validation set after epoch 162: 0.0051

Epoch 163
	Step 0: mean loss = 0.0044
	Step 50: mean loss = 0.0044
	Step 100: mean loss = 0.0044
	Step 150: mean loss = 0.0044

	Loss on validation set after epoch 163: 0.0047

Epoch 164
	Step 0: mean loss = 0.0043
	Step 50: mean loss = 0.0044
	Step 100: mean loss = 0.0044
	Step 150: mean loss = 0.0043

	Loss on validation set after epoch 164: 0.0046

Epoch 165
	Step 0: mean loss = 0.0044
	Step 50: mean loss = 0.0044
	Step 100: mean loss = 0.0043
	Step 150: mean loss = 0.0043

	Loss on validation set after epoch 165: 0.0046

Epoch 166
	Step 0: mean loss = 0.0051
	Step 50: mean loss = 0.0043
	Step 100: mean loss = 0.0043
	Step 150: mean loss = 0.0043

	Loss on validation set after epoch 166: 0.0045

Epoch 167
	Step 0: mean loss = 0.0046
	Step 50: mean loss = 0.0042
	Step 100: mean loss = 0.0043
	Step 150: mean loss = 0.0043

	Loss on validation set after epoch 167: 0.0044

Epoch 168
	Step 0: mean loss = 0.0050
	Step 50: mean loss = 0.0042
	Step 100: mean loss = 0.0043
	Step 150: mean loss = 0.0043

	Loss on validation set after epoch 168: 0.0045

Epoch 169
	Step 0: mean loss = 0.0041
	Step 50: mean loss = 0.0043
	Step 100: mean loss = 0.0042
	Step 150: mean loss = 0.0042

	Loss on validation set after epoch 169: 0.0045

Epoch 170
	Step 0: mean loss = 0.0051
	Step 50: mean loss = 0.0042
	Step 100: mean loss = 0.0042
	Step 150: mean loss = 0.0043

	Loss on validation set after epoch 170: 0.0045

Epoch 171
	Step 0: mean loss = 0.0039
	Step 50: mean loss = 0.0043
	Step 100: mean loss = 0.0042
	Step 150: mean loss = 0.0042

	Loss on validation set after epoch 171: 0.0044

Epoch 172
	Step 0: mean loss = 0.0041
	Step 50: mean loss = 0.0042
	Step 100: mean loss = 0.0042
	Step 150: mean loss = 0.0042

	Loss on validation set after epoch 172: 0.0046

Epoch 173
	Step 0: mean loss = 0.0042
	Step 50: mean loss = 0.0042
	Step 100: mean loss = 0.0042
	Step 150: mean loss = 0.0042

	Loss on validation set after epoch 173: 0.0046

Epoch 174
	Step 0: mean loss = 0.0046
	Step 50: mean loss = 0.0041
	Step 100: mean loss = 0.0042
	Step 150: mean loss = 0.0042

	Loss on validation set after epoch 174: 0.0043

Epoch 175
	Step 0: mean loss = 0.0041
	Step 50: mean loss = 0.0041
	Step 100: mean loss = 0.0042
	Step 150: mean loss = 0.0041

	Loss on validation set after epoch 175: 0.0046

Epoch 176
	Step 0: mean loss = 0.0038
	Step 50: mean loss = 0.0042
	Step 100: mean loss = 0.0042
	Step 150: mean loss = 0.0042

	Loss on validation set after epoch 176: 0.0044

Epoch 177
	Step 0: mean loss = 0.0036
	Step 50: mean loss = 0.0042
	Step 100: mean loss = 0.0042
	Step 150: mean loss = 0.0042

	Loss on validation set after epoch 177: 0.0044

Epoch 178
	Step 0: mean loss = 0.0034
	Step 50: mean loss = 0.0041
	Step 100: mean loss = 0.0041
	Step 150: mean loss = 0.0041

	Loss on validation set after epoch 178: 0.0046

Epoch 179
	Step 0: mean loss = 0.0045
	Step 50: mean loss = 0.0041
	Step 100: mean loss = 0.0041
	Step 150: mean loss = 0.0041

	Loss on validation set after epoch 179: 0.0045

Epoch 180
	Step 0: mean loss = 0.0045
	Step 50: mean loss = 0.0041
	Step 100: mean loss = 0.0041
	Step 150: mean loss = 0.0041

	Loss on validation set after epoch 180: 0.0043

Epoch 181
	Step 0: mean loss = 0.0041
	Step 50: mean loss = 0.0042
	Step 100: mean loss = 0.0041
	Step 150: mean loss = 0.0041

	Loss on validation set after epoch 181: 0.0044

Epoch 182
	Step 0: mean loss = 0.0049
	Step 50: mean loss = 0.0041
	Step 100: mean loss = 0.0041
	Step 150: mean loss = 0.0041

	Loss on validation set after epoch 182: 0.0045

Epoch 183
	Step 0: mean loss = 0.0034
	Step 50: mean loss = 0.0041
	Step 100: mean loss = 0.0041
	Step 150: mean loss = 0.0041

	Loss on validation set after epoch 183: 0.0042

Epoch 184
	Step 0: mean loss = 0.0036
	Step 50: mean loss = 0.0041
	Step 100: mean loss = 0.0041
	Step 150: mean loss = 0.0041

	Loss on validation set after epoch 184: 0.0043

Epoch 185
	Step 0: mean loss = 0.0050
	Step 50: mean loss = 0.0042
	Step 100: mean loss = 0.0042
	Step 150: mean loss = 0.0041

	Loss on validation set after epoch 185: 0.0043

Epoch 186
	Step 0: mean loss = 0.0033
	Step 50: mean loss = 0.0041
	Step 100: mean loss = 0.0041
	Step 150: mean loss = 0.0041

	Loss on validation set after epoch 186: 0.0043

Epoch 187
	Step 0: mean loss = 0.0040
	Step 50: mean loss = 0.0040
	Step 100: mean loss = 0.0041
	Step 150: mean loss = 0.0040

	Loss on validation set after epoch 187: 0.0043

Epoch 188
	Step 0: mean loss = 0.0053
	Step 50: mean loss = 0.0041
	Step 100: mean loss = 0.0041
	Step 150: mean loss = 0.0041

	Loss on validation set after epoch 188: 0.0044

Epoch 189
	Step 0: mean loss = 0.0040
	Step 50: mean loss = 0.0041
	Step 100: mean loss = 0.0041
	Step 150: mean loss = 0.0040

	Loss on validation set after epoch 189: 0.0042

Epoch 190
	Step 0: mean loss = 0.0038
	Step 50: mean loss = 0.0040
	Step 100: mean loss = 0.0041
	Step 150: mean loss = 0.0040

	Loss on validation set after epoch 190: 0.0043

Epoch 191
	Step 0: mean loss = 0.0037
	Step 50: mean loss = 0.0041
	Step 100: mean loss = 0.0041
	Step 150: mean loss = 0.0041

	Loss on validation set after epoch 191: 0.0045

Epoch 192
	Step 0: mean loss = 0.0037
	Step 50: mean loss = 0.0040
	Step 100: mean loss = 0.0041
	Step 150: mean loss = 0.0040

	Loss on validation set after epoch 192: 0.0044

Epoch 193
	Step 0: mean loss = 0.0038
	Step 50: mean loss = 0.0040
	Step 100: mean loss = 0.0040
	Step 150: mean loss = 0.0040

	Loss on validation set after epoch 193: 0.0043

Epoch 194
	Step 0: mean loss = 0.0050
	Step 50: mean loss = 0.0040
	Step 100: mean loss = 0.0040
	Step 150: mean loss = 0.0040

	Loss on validation set after epoch 194: 0.0043

Epoch 195
	Step 0: mean loss = 0.0037
	Step 50: mean loss = 0.0040
	Step 100: mean loss = 0.0040
	Step 150: mean loss = 0.0040

	Loss on validation set after epoch 195: 0.0046

Epoch 196
	Step 0: mean loss = 0.0036
	Step 50: mean loss = 0.0041
	Step 100: mean loss = 0.0041
	Step 150: mean loss = 0.0040

	Loss on validation set after epoch 196: 0.0044

Epoch 197
	Step 0: mean loss = 0.0035
	Step 50: mean loss = 0.0040
	Step 100: mean loss = 0.0040
	Step 150: mean loss = 0.0040

	Loss on validation set after epoch 197: 0.0046

Epoch 198
	Step 0: mean loss = 0.0036
	Step 50: mean loss = 0.0039
	Step 100: mean loss = 0.0040
	Step 150: mean loss = 0.0040

	Loss on validation set after epoch 198: 0.0044

Epoch 199
	Step 0: mean loss = 0.0044
	Step 50: mean loss = 0.0039
	Step 100: mean loss = 0.0040
	Step 150: mean loss = 0.0040

	Loss on validation set after epoch 199: 0.0044

Model from epoch 189 was selected by early stopping.
Training process will be stopped now.
Deleted temporary files in ../data/trained_models/temp_01-02-15-33-05/
Location of saved model: ../data/trained_models/last_hope_47_01-02-15-33-05/ 

Adding feature wise convolutions with 32 filters per feature, 3 kernels and 1 strides ...
Adding feature wise convolutions with 1 filters per feature, 3 kernels and 1 strides ...
Adding feature based graph attention layer ...
Adding time based graph attention layer ...
Adding GRU layer with 256 units ...
Adding GRU layer with 61 units ...
Adding VAE as reconstruction model dimensions 3072 & 1536 and ...
Adding dense layer to forecasting model with 1024 units and ReLu activation ...
Adding dense layer to forecasting model with 512 units and ReLu activation ...
Adding last dense layer to forecasting model with 61 units and sigmoid activation ...
VAE reconstructs the output of the gru layer.

Grid search running in anomaly detection model selection mode.
The following hyperparameters will not be evaluated:
relevance_mapping
unaffected_component_threshold
si_mode
si_parameter

Testing 294 combinations via grid search 
for model last_hope_47_01-02-15-33-05/ on the validation dataset. 

Currently testing combination 0/293 (0.3, 0.2, 100, None, 'sort_only', {'h': 1.0, 'm': 0.3, 'l': 0.0, 'u': 0.0, 'e': 0.0}) ...
Currently testing combination 1/293 (0.3, 0.2, 110, None, 'sort_only', {'h': 1.0, 'm': 0.3, 'l': 0.0, 'u': 0.0, 'e': 0.0}) ...
Currently testing combination 2/293 (0.3, 0.2, 120, None, 'sort_only', {'h': 1.0, 'm': 0.3, 'l': 0.0, 'u': 0.0, 'e': 0.0}) ...
Currently testing combination 3/293 (0.3, 0.2, 130, None, 'sort_only', {'h': 1.0, 'm': 0.3, 'l': 0.0, 'u': 0.0, 'e': 0.0}) ...
Currently testing combination 4/293 (0.3, 0.2, 140, None, 'sort_only', {'h': 1.0, 'm': 0.3, 'l': 0.0, 'u': 0.0, 'e': 0.0}) ...
Currently testing combination 5/293 (0.3, 0.2, 150, None, 'sort_only', {'h': 1.0, 'm': 0.3, 'l': 0.0, 'u': 0.0, 'e': 0.0}) ...
Currently testing combination 6/293 (0.3, 0.2, 160, None, 'sort_only', {'h': 1.0, 'm': 0.3, 'l': 0.0, 'u': 0.0, 'e': 0.0}) ...
Currently testing combination 7/293 (0.3, 0.225, 100, None, 'sort_only', {'h': 1.0, 'm': 0.3, 'l': 0.0, 'u': 0.0, 'e': 0.0}) ...
Currently testing combination 8/293 (0.3, 0.225, 110, None, 'sort_only', {'h': 1.0, 'm': 0.3, 'l': 0.0, 'u': 0.0, 'e': 0.0}) ...
Currently testing combination 9/293 (0.3, 0.225, 120, None, 'sort_only', {'h': 1.0, 'm': 0.3, 'l': 0.0, 'u': 0.0, 'e': 0.0}) ...
Currently testing combination 10/293 (0.3, 0.225, 130, None, 'sort_only', {'h': 1.0, 'm': 0.3, 'l': 0.0, 'u': 0.0, 'e': 0.0}) ...
Currently testing combination 11/293 (0.3, 0.225, 140, None, 'sort_only', {'h': 1.0, 'm': 0.3, 'l': 0.0, 'u': 0.0, 'e': 0.0}) ...
Currently testing combination 12/293 (0.3, 0.225, 150, None, 'sort_only', {'h': 1.0, 'm': 0.3, 'l': 0.0, 'u': 0.0, 'e': 0.0}) ...
Currently testing combination 13/293 (0.3, 0.225, 160, None, 'sort_only', {'h': 1.0, 'm': 0.3, 'l': 0.0, 'u': 0.0, 'e': 0.0}) ...
Currently testing combination 14/293 (0.3, 0.25, 100, None, 'sort_only', {'h': 1.0, 'm': 0.3, 'l': 0.0, 'u': 0.0, 'e': 0.0}) ...
Currently testing combination 15/293 (0.3, 0.25, 110, None, 'sort_only', {'h': 1.0, 'm': 0.3, 'l': 0.0, 'u': 0.0, 'e': 0.0}) ...
Currently testing combination 16/293 (0.3, 0.25, 120, None, 'sort_only', {'h': 1.0, 'm': 0.3, 'l': 0.0, 'u': 0.0, 'e': 0.0}) ...
Currently testing combination 17/293 (0.3, 0.25, 130, None, 'sort_only', {'h': 1.0, 'm': 0.3, 'l': 0.0, 'u': 0.0, 'e': 0.0}) ...
Currently testing combination 18/293 (0.3, 0.25, 140, None, 'sort_only', {'h': 1.0, 'm': 0.3, 'l': 0.0, 'u': 0.0, 'e': 0.0}) ...
Currently testing combination 19/293 (0.3, 0.25, 150, None, 'sort_only', {'h': 1.0, 'm': 0.3, 'l': 0.0, 'u': 0.0, 'e': 0.0}) ...
Currently testing combination 20/293 (0.3, 0.25, 160, None, 'sort_only', {'h': 1.0, 'm': 0.3, 'l': 0.0, 'u': 0.0, 'e': 0.0}) ...
Currently testing combination 21/293 (0.3, 0.275, 100, None, 'sort_only', {'h': 1.0, 'm': 0.3, 'l': 0.0, 'u': 0.0, 'e': 0.0}) ...
Currently testing combination 22/293 (0.3, 0.275, 110, None, 'sort_only', {'h': 1.0, 'm': 0.3, 'l': 0.0, 'u': 0.0, 'e': 0.0}) ...
Currently testing combination 23/293 (0.3, 0.275, 120, None, 'sort_only', {'h': 1.0, 'm': 0.3, 'l': 0.0, 'u': 0.0, 'e': 0.0}) ...
Currently testing combination 24/293 (0.3, 0.275, 130, None, 'sort_only', {'h': 1.0, 'm': 0.3, 'l': 0.0, 'u': 0.0, 'e': 0.0}) ...
Currently testing combination 25/293 (0.3, 0.275, 140, None, 'sort_only', {'h': 1.0, 'm': 0.3, 'l': 0.0, 'u': 0.0, 'e': 0.0}) ...
Currently testing combination 26/293 (0.3, 0.275, 150, None, 'sort_only', {'h': 1.0, 'm': 0.3, 'l': 0.0, 'u': 0.0, 'e': 0.0}) ...
Currently testing combination 27/293 (0.3, 0.275, 160, None, 'sort_only', {'h': 1.0, 'm': 0.3, 'l': 0.0, 'u': 0.0, 'e': 0.0}) ...
Currently testing combination 28/293 (0.3, 0.3, 100, None, 'sort_only', {'h': 1.0, 'm': 0.3, 'l': 0.0, 'u': 0.0, 'e': 0.0}) ...
Currently testing combination 29/293 (0.3, 0.3, 110, None, 'sort_only', {'h': 1.0, 'm': 0.3, 'l': 0.0, 'u': 0.0, 'e': 0.0}) ...
Currently testing combination 30/293 (0.3, 0.3, 120, None, 'sort_only', {'h': 1.0, 'm': 0.3, 'l': 0.0, 'u': 0.0, 'e': 0.0}) ...
Currently testing combination 31/293 (0.3, 0.3, 130, None, 'sort_only', {'h': 1.0, 'm': 0.3, 'l': 0.0, 'u': 0.0, 'e': 0.0}) ...
Currently testing combination 32/293 (0.3, 0.3, 140, None, 'sort_only', {'h': 1.0, 'm': 0.3, 'l': 0.0, 'u': 0.0, 'e': 0.0}) ...
Currently testing combination 33/293 (0.3, 0.3, 150, None, 'sort_only', {'h': 1.0, 'm': 0.3, 'l': 0.0, 'u': 0.0, 'e': 0.0}) ...
Currently testing combination 34/293 (0.3, 0.3, 160, None, 'sort_only', {'h': 1.0, 'm': 0.3, 'l': 0.0, 'u': 0.0, 'e': 0.0}) ...
Currently testing combination 35/293 (0.3, 0.325, 100, None, 'sort_only', {'h': 1.0, 'm': 0.3, 'l': 0.0, 'u': 0.0, 'e': 0.0}) ...
Currently testing combination 36/293 (0.3, 0.325, 110, None, 'sort_only', {'h': 1.0, 'm': 0.3, 'l': 0.0, 'u': 0.0, 'e': 0.0}) ...
Currently testing combination 37/293 (0.3, 0.325, 120, None, 'sort_only', {'h': 1.0, 'm': 0.3, 'l': 0.0, 'u': 0.0, 'e': 0.0}) ...
Currently testing combination 38/293 (0.3, 0.325, 130, None, 'sort_only', {'h': 1.0, 'm': 0.3, 'l': 0.0, 'u': 0.0, 'e': 0.0}) ...
Currently testing combination 39/293 (0.3, 0.325, 140, None, 'sort_only', {'h': 1.0, 'm': 0.3, 'l': 0.0, 'u': 0.0, 'e': 0.0}) ...
Currently testing combination 40/293 (0.3, 0.325, 150, None, 'sort_only', {'h': 1.0, 'm': 0.3, 'l': 0.0, 'u': 0.0, 'e': 0.0}) ...
Currently testing combination 41/293 (0.3, 0.325, 160, None, 'sort_only', {'h': 1.0, 'm': 0.3, 'l': 0.0, 'u': 0.0, 'e': 0.0}) ...
Currently testing combination 42/293 (0.3, 0.35, 100, None, 'sort_only', {'h': 1.0, 'm': 0.3, 'l': 0.0, 'u': 0.0, 'e': 0.0}) ...
Currently testing combination 43/293 (0.3, 0.35, 110, None, 'sort_only', {'h': 1.0, 'm': 0.3, 'l': 0.0, 'u': 0.0, 'e': 0.0}) ...
Currently testing combination 44/293 (0.3, 0.35, 120, None, 'sort_only', {'h': 1.0, 'm': 0.3, 'l': 0.0, 'u': 0.0, 'e': 0.0}) ...
Currently testing combination 45/293 (0.3, 0.35, 130, None, 'sort_only', {'h': 1.0, 'm': 0.3, 'l': 0.0, 'u': 0.0, 'e': 0.0}) ...
Currently testing combination 46/293 (0.3, 0.35, 140, None, 'sort_only', {'h': 1.0, 'm': 0.3, 'l': 0.0, 'u': 0.0, 'e': 0.0}) ...
Currently testing combination 47/293 (0.3, 0.35, 150, None, 'sort_only', {'h': 1.0, 'm': 0.3, 'l': 0.0, 'u': 0.0, 'e': 0.0}) ...
Currently testing combination 48/293 (0.3, 0.35, 160, None, 'sort_only', {'h': 1.0, 'm': 0.3, 'l': 0.0, 'u': 0.0, 'e': 0.0}) ...
Currently testing combination 49/293 (0.4, 0.2, 100, None, 'sort_only', {'h': 1.0, 'm': 0.3, 'l': 0.0, 'u': 0.0, 'e': 0.0}) ...
Currently testing combination 50/293 (0.4, 0.2, 110, None, 'sort_only', {'h': 1.0, 'm': 0.3, 'l': 0.0, 'u': 0.0, 'e': 0.0}) ...
Currently testing combination 51/293 (0.4, 0.2, 120, None, 'sort_only', {'h': 1.0, 'm': 0.3, 'l': 0.0, 'u': 0.0, 'e': 0.0}) ...
Currently testing combination 52/293 (0.4, 0.2, 130, None, 'sort_only', {'h': 1.0, 'm': 0.3, 'l': 0.0, 'u': 0.0, 'e': 0.0}) ...
Currently testing combination 53/293 (0.4, 0.2, 140, None, 'sort_only', {'h': 1.0, 'm': 0.3, 'l': 0.0, 'u': 0.0, 'e': 0.0}) ...
Currently testing combination 54/293 (0.4, 0.2, 150, None, 'sort_only', {'h': 1.0, 'm': 0.3, 'l': 0.0, 'u': 0.0, 'e': 0.0}) ...
Currently testing combination 55/293 (0.4, 0.2, 160, None, 'sort_only', {'h': 1.0, 'm': 0.3, 'l': 0.0, 'u': 0.0, 'e': 0.0}) ...
Currently testing combination 56/293 (0.4, 0.225, 100, None, 'sort_only', {'h': 1.0, 'm': 0.3, 'l': 0.0, 'u': 0.0, 'e': 0.0}) ...
Currently testing combination 57/293 (0.4, 0.225, 110, None, 'sort_only', {'h': 1.0, 'm': 0.3, 'l': 0.0, 'u': 0.0, 'e': 0.0}) ...
Currently testing combination 58/293 (0.4, 0.225, 120, None, 'sort_only', {'h': 1.0, 'm': 0.3, 'l': 0.0, 'u': 0.0, 'e': 0.0}) ...
Currently testing combination 59/293 (0.4, 0.225, 130, None, 'sort_only', {'h': 1.0, 'm': 0.3, 'l': 0.0, 'u': 0.0, 'e': 0.0}) ...
Currently testing combination 60/293 (0.4, 0.225, 140, None, 'sort_only', {'h': 1.0, 'm': 0.3, 'l': 0.0, 'u': 0.0, 'e': 0.0}) ...
Currently testing combination 61/293 (0.4, 0.225, 150, None, 'sort_only', {'h': 1.0, 'm': 0.3, 'l': 0.0, 'u': 0.0, 'e': 0.0}) ...
Currently testing combination 62/293 (0.4, 0.225, 160, None, 'sort_only', {'h': 1.0, 'm': 0.3, 'l': 0.0, 'u': 0.0, 'e': 0.0}) ...
Currently testing combination 63/293 (0.4, 0.25, 100, None, 'sort_only', {'h': 1.0, 'm': 0.3, 'l': 0.0, 'u': 0.0, 'e': 0.0}) ...
Currently testing combination 64/293 (0.4, 0.25, 110, None, 'sort_only', {'h': 1.0, 'm': 0.3, 'l': 0.0, 'u': 0.0, 'e': 0.0}) ...
Currently testing combination 65/293 (0.4, 0.25, 120, None, 'sort_only', {'h': 1.0, 'm': 0.3, 'l': 0.0, 'u': 0.0, 'e': 0.0}) ...
Currently testing combination 66/293 (0.4, 0.25, 130, None, 'sort_only', {'h': 1.0, 'm': 0.3, 'l': 0.0, 'u': 0.0, 'e': 0.0}) ...
Currently testing combination 67/293 (0.4, 0.25, 140, None, 'sort_only', {'h': 1.0, 'm': 0.3, 'l': 0.0, 'u': 0.0, 'e': 0.0}) ...
Currently testing combination 68/293 (0.4, 0.25, 150, None, 'sort_only', {'h': 1.0, 'm': 0.3, 'l': 0.0, 'u': 0.0, 'e': 0.0}) ...
Currently testing combination 69/293 (0.4, 0.25, 160, None, 'sort_only', {'h': 1.0, 'm': 0.3, 'l': 0.0, 'u': 0.0, 'e': 0.0}) ...
Currently testing combination 70/293 (0.4, 0.275, 100, None, 'sort_only', {'h': 1.0, 'm': 0.3, 'l': 0.0, 'u': 0.0, 'e': 0.0}) ...
Currently testing combination 71/293 (0.4, 0.275, 110, None, 'sort_only', {'h': 1.0, 'm': 0.3, 'l': 0.0, 'u': 0.0, 'e': 0.0}) ...
Currently testing combination 72/293 (0.4, 0.275, 120, None, 'sort_only', {'h': 1.0, 'm': 0.3, 'l': 0.0, 'u': 0.0, 'e': 0.0}) ...
Currently testing combination 73/293 (0.4, 0.275, 130, None, 'sort_only', {'h': 1.0, 'm': 0.3, 'l': 0.0, 'u': 0.0, 'e': 0.0}) ...
Currently testing combination 74/293 (0.4, 0.275, 140, None, 'sort_only', {'h': 1.0, 'm': 0.3, 'l': 0.0, 'u': 0.0, 'e': 0.0}) ...
Currently testing combination 75/293 (0.4, 0.275, 150, None, 'sort_only', {'h': 1.0, 'm': 0.3, 'l': 0.0, 'u': 0.0, 'e': 0.0}) ...
Currently testing combination 76/293 (0.4, 0.275, 160, None, 'sort_only', {'h': 1.0, 'm': 0.3, 'l': 0.0, 'u': 0.0, 'e': 0.0}) ...
Currently testing combination 77/293 (0.4, 0.3, 100, None, 'sort_only', {'h': 1.0, 'm': 0.3, 'l': 0.0, 'u': 0.0, 'e': 0.0}) ...
Currently testing combination 78/293 (0.4, 0.3, 110, None, 'sort_only', {'h': 1.0, 'm': 0.3, 'l': 0.0, 'u': 0.0, 'e': 0.0}) ...
Currently testing combination 79/293 (0.4, 0.3, 120, None, 'sort_only', {'h': 1.0, 'm': 0.3, 'l': 0.0, 'u': 0.0, 'e': 0.0}) ...
Currently testing combination 80/293 (0.4, 0.3, 130, None, 'sort_only', {'h': 1.0, 'm': 0.3, 'l': 0.0, 'u': 0.0, 'e': 0.0}) ...
Currently testing combination 81/293 (0.4, 0.3, 140, None, 'sort_only', {'h': 1.0, 'm': 0.3, 'l': 0.0, 'u': 0.0, 'e': 0.0}) ...
Currently testing combination 82/293 (0.4, 0.3, 150, None, 'sort_only', {'h': 1.0, 'm': 0.3, 'l': 0.0, 'u': 0.0, 'e': 0.0}) ...
Currently testing combination 83/293 (0.4, 0.3, 160, None, 'sort_only', {'h': 1.0, 'm': 0.3, 'l': 0.0, 'u': 0.0, 'e': 0.0}) ...
Currently testing combination 84/293 (0.4, 0.325, 100, None, 'sort_only', {'h': 1.0, 'm': 0.3, 'l': 0.0, 'u': 0.0, 'e': 0.0}) ...
Currently testing combination 85/293 (0.4, 0.325, 110, None, 'sort_only', {'h': 1.0, 'm': 0.3, 'l': 0.0, 'u': 0.0, 'e': 0.0}) ...
Currently testing combination 86/293 (0.4, 0.325, 120, None, 'sort_only', {'h': 1.0, 'm': 0.3, 'l': 0.0, 'u': 0.0, 'e': 0.0}) ...
Currently testing combination 87/293 (0.4, 0.325, 130, None, 'sort_only', {'h': 1.0, 'm': 0.3, 'l': 0.0, 'u': 0.0, 'e': 0.0}) ...
Currently testing combination 88/293 (0.4, 0.325, 140, None, 'sort_only', {'h': 1.0, 'm': 0.3, 'l': 0.0, 'u': 0.0, 'e': 0.0}) ...
Currently testing combination 89/293 (0.4, 0.325, 150, None, 'sort_only', {'h': 1.0, 'm': 0.3, 'l': 0.0, 'u': 0.0, 'e': 0.0}) ...
Currently testing combination 90/293 (0.4, 0.325, 160, None, 'sort_only', {'h': 1.0, 'm': 0.3, 'l': 0.0, 'u': 0.0, 'e': 0.0}) ...
Currently testing combination 91/293 (0.4, 0.35, 100, None, 'sort_only', {'h': 1.0, 'm': 0.3, 'l': 0.0, 'u': 0.0, 'e': 0.0}) ...
Currently testing combination 92/293 (0.4, 0.35, 110, None, 'sort_only', {'h': 1.0, 'm': 0.3, 'l': 0.0, 'u': 0.0, 'e': 0.0}) ...
Currently testing combination 93/293 (0.4, 0.35, 120, None, 'sort_only', {'h': 1.0, 'm': 0.3, 'l': 0.0, 'u': 0.0, 'e': 0.0}) ...
Currently testing combination 94/293 (0.4, 0.35, 130, None, 'sort_only', {'h': 1.0, 'm': 0.3, 'l': 0.0, 'u': 0.0, 'e': 0.0}) ...
Currently testing combination 95/293 (0.4, 0.35, 140, None, 'sort_only', {'h': 1.0, 'm': 0.3, 'l': 0.0, 'u': 0.0, 'e': 0.0}) ...
Currently testing combination 96/293 (0.4, 0.35, 150, None, 'sort_only', {'h': 1.0, 'm': 0.3, 'l': 0.0, 'u': 0.0, 'e': 0.0}) ...
Currently testing combination 97/293 (0.4, 0.35, 160, None, 'sort_only', {'h': 1.0, 'm': 0.3, 'l': 0.0, 'u': 0.0, 'e': 0.0}) ...
Currently testing combination 98/293 (0.5, 0.2, 100, None, 'sort_only', {'h': 1.0, 'm': 0.3, 'l': 0.0, 'u': 0.0, 'e': 0.0}) ...
Currently testing combination 99/293 (0.5, 0.2, 110, None, 'sort_only', {'h': 1.0, 'm': 0.3, 'l': 0.0, 'u': 0.0, 'e': 0.0}) ...
Currently testing combination 100/293 (0.5, 0.2, 120, None, 'sort_only', {'h': 1.0, 'm': 0.3, 'l': 0.0, 'u': 0.0, 'e': 0.0}) ...
Currently testing combination 101/293 (0.5, 0.2, 130, None, 'sort_only', {'h': 1.0, 'm': 0.3, 'l': 0.0, 'u': 0.0, 'e': 0.0}) ...
Currently testing combination 102/293 (0.5, 0.2, 140, None, 'sort_only', {'h': 1.0, 'm': 0.3, 'l': 0.0, 'u': 0.0, 'e': 0.0}) ...
Currently testing combination 103/293 (0.5, 0.2, 150, None, 'sort_only', {'h': 1.0, 'm': 0.3, 'l': 0.0, 'u': 0.0, 'e': 0.0}) ...
Currently testing combination 104/293 (0.5, 0.2, 160, None, 'sort_only', {'h': 1.0, 'm': 0.3, 'l': 0.0, 'u': 0.0, 'e': 0.0}) ...
Currently testing combination 105/293 (0.5, 0.225, 100, None, 'sort_only', {'h': 1.0, 'm': 0.3, 'l': 0.0, 'u': 0.0, 'e': 0.0}) ...
Currently testing combination 106/293 (0.5, 0.225, 110, None, 'sort_only', {'h': 1.0, 'm': 0.3, 'l': 0.0, 'u': 0.0, 'e': 0.0}) ...
Currently testing combination 107/293 (0.5, 0.225, 120, None, 'sort_only', {'h': 1.0, 'm': 0.3, 'l': 0.0, 'u': 0.0, 'e': 0.0}) ...
Currently testing combination 108/293 (0.5, 0.225, 130, None, 'sort_only', {'h': 1.0, 'm': 0.3, 'l': 0.0, 'u': 0.0, 'e': 0.0}) ...
Currently testing combination 109/293 (0.5, 0.225, 140, None, 'sort_only', {'h': 1.0, 'm': 0.3, 'l': 0.0, 'u': 0.0, 'e': 0.0}) ...
Currently testing combination 110/293 (0.5, 0.225, 150, None, 'sort_only', {'h': 1.0, 'm': 0.3, 'l': 0.0, 'u': 0.0, 'e': 0.0}) ...
Currently testing combination 111/293 (0.5, 0.225, 160, None, 'sort_only', {'h': 1.0, 'm': 0.3, 'l': 0.0, 'u': 0.0, 'e': 0.0}) ...
Currently testing combination 112/293 (0.5, 0.25, 100, None, 'sort_only', {'h': 1.0, 'm': 0.3, 'l': 0.0, 'u': 0.0, 'e': 0.0}) ...
Currently testing combination 113/293 (0.5, 0.25, 110, None, 'sort_only', {'h': 1.0, 'm': 0.3, 'l': 0.0, 'u': 0.0, 'e': 0.0}) ...
Currently testing combination 114/293 (0.5, 0.25, 120, None, 'sort_only', {'h': 1.0, 'm': 0.3, 'l': 0.0, 'u': 0.0, 'e': 0.0}) ...
Currently testing combination 115/293 (0.5, 0.25, 130, None, 'sort_only', {'h': 1.0, 'm': 0.3, 'l': 0.0, 'u': 0.0, 'e': 0.0}) ...
Currently testing combination 116/293 (0.5, 0.25, 140, None, 'sort_only', {'h': 1.0, 'm': 0.3, 'l': 0.0, 'u': 0.0, 'e': 0.0}) ...
Currently testing combination 117/293 (0.5, 0.25, 150, None, 'sort_only', {'h': 1.0, 'm': 0.3, 'l': 0.0, 'u': 0.0, 'e': 0.0}) ...
Currently testing combination 118/293 (0.5, 0.25, 160, None, 'sort_only', {'h': 1.0, 'm': 0.3, 'l': 0.0, 'u': 0.0, 'e': 0.0}) ...
Currently testing combination 119/293 (0.5, 0.275, 100, None, 'sort_only', {'h': 1.0, 'm': 0.3, 'l': 0.0, 'u': 0.0, 'e': 0.0}) ...
Currently testing combination 120/293 (0.5, 0.275, 110, None, 'sort_only', {'h': 1.0, 'm': 0.3, 'l': 0.0, 'u': 0.0, 'e': 0.0}) ...
Currently testing combination 121/293 (0.5, 0.275, 120, None, 'sort_only', {'h': 1.0, 'm': 0.3, 'l': 0.0, 'u': 0.0, 'e': 0.0}) ...
Currently testing combination 122/293 (0.5, 0.275, 130, None, 'sort_only', {'h': 1.0, 'm': 0.3, 'l': 0.0, 'u': 0.0, 'e': 0.0}) ...
Currently testing combination 123/293 (0.5, 0.275, 140, None, 'sort_only', {'h': 1.0, 'm': 0.3, 'l': 0.0, 'u': 0.0, 'e': 0.0}) ...
Currently testing combination 124/293 (0.5, 0.275, 150, None, 'sort_only', {'h': 1.0, 'm': 0.3, 'l': 0.0, 'u': 0.0, 'e': 0.0}) ...
Currently testing combination 125/293 (0.5, 0.275, 160, None, 'sort_only', {'h': 1.0, 'm': 0.3, 'l': 0.0, 'u': 0.0, 'e': 0.0}) ...
Currently testing combination 126/293 (0.5, 0.3, 100, None, 'sort_only', {'h': 1.0, 'm': 0.3, 'l': 0.0, 'u': 0.0, 'e': 0.0}) ...
Currently testing combination 127/293 (0.5, 0.3, 110, None, 'sort_only', {'h': 1.0, 'm': 0.3, 'l': 0.0, 'u': 0.0, 'e': 0.0}) ...
Currently testing combination 128/293 (0.5, 0.3, 120, None, 'sort_only', {'h': 1.0, 'm': 0.3, 'l': 0.0, 'u': 0.0, 'e': 0.0}) ...
Currently testing combination 129/293 (0.5, 0.3, 130, None, 'sort_only', {'h': 1.0, 'm': 0.3, 'l': 0.0, 'u': 0.0, 'e': 0.0}) ...
Currently testing combination 130/293 (0.5, 0.3, 140, None, 'sort_only', {'h': 1.0, 'm': 0.3, 'l': 0.0, 'u': 0.0, 'e': 0.0}) ...
Currently testing combination 131/293 (0.5, 0.3, 150, None, 'sort_only', {'h': 1.0, 'm': 0.3, 'l': 0.0, 'u': 0.0, 'e': 0.0}) ...
Currently testing combination 132/293 (0.5, 0.3, 160, None, 'sort_only', {'h': 1.0, 'm': 0.3, 'l': 0.0, 'u': 0.0, 'e': 0.0}) ...
Currently testing combination 133/293 (0.5, 0.325, 100, None, 'sort_only', {'h': 1.0, 'm': 0.3, 'l': 0.0, 'u': 0.0, 'e': 0.0}) ...
Currently testing combination 134/293 (0.5, 0.325, 110, None, 'sort_only', {'h': 1.0, 'm': 0.3, 'l': 0.0, 'u': 0.0, 'e': 0.0}) ...
Currently testing combination 135/293 (0.5, 0.325, 120, None, 'sort_only', {'h': 1.0, 'm': 0.3, 'l': 0.0, 'u': 0.0, 'e': 0.0}) ...
Currently testing combination 136/293 (0.5, 0.325, 130, None, 'sort_only', {'h': 1.0, 'm': 0.3, 'l': 0.0, 'u': 0.0, 'e': 0.0}) ...
Currently testing combination 137/293 (0.5, 0.325, 140, None, 'sort_only', {'h': 1.0, 'm': 0.3, 'l': 0.0, 'u': 0.0, 'e': 0.0}) ...
Currently testing combination 138/293 (0.5, 0.325, 150, None, 'sort_only', {'h': 1.0, 'm': 0.3, 'l': 0.0, 'u': 0.0, 'e': 0.0}) ...
Currently testing combination 139/293 (0.5, 0.325, 160, None, 'sort_only', {'h': 1.0, 'm': 0.3, 'l': 0.0, 'u': 0.0, 'e': 0.0}) ...
Currently testing combination 140/293 (0.5, 0.35, 100, None, 'sort_only', {'h': 1.0, 'm': 0.3, 'l': 0.0, 'u': 0.0, 'e': 0.0}) ...
Currently testing combination 141/293 (0.5, 0.35, 110, None, 'sort_only', {'h': 1.0, 'm': 0.3, 'l': 0.0, 'u': 0.0, 'e': 0.0}) ...
Currently testing combination 142/293 (0.5, 0.35, 120, None, 'sort_only', {'h': 1.0, 'm': 0.3, 'l': 0.0, 'u': 0.0, 'e': 0.0}) ...
Currently testing combination 143/293 (0.5, 0.35, 130, None, 'sort_only', {'h': 1.0, 'm': 0.3, 'l': 0.0, 'u': 0.0, 'e': 0.0}) ...
Currently testing combination 144/293 (0.5, 0.35, 140, None, 'sort_only', {'h': 1.0, 'm': 0.3, 'l': 0.0, 'u': 0.0, 'e': 0.0}) ...
Currently testing combination 145/293 (0.5, 0.35, 150, None, 'sort_only', {'h': 1.0, 'm': 0.3, 'l': 0.0, 'u': 0.0, 'e': 0.0}) ...
Currently testing combination 146/293 (0.5, 0.35, 160, None, 'sort_only', {'h': 1.0, 'm': 0.3, 'l': 0.0, 'u': 0.0, 'e': 0.0}) ...
Currently testing combination 147/293 (0.6, 0.2, 100, None, 'sort_only', {'h': 1.0, 'm': 0.3, 'l': 0.0, 'u': 0.0, 'e': 0.0}) ...
Currently testing combination 148/293 (0.6, 0.2, 110, None, 'sort_only', {'h': 1.0, 'm': 0.3, 'l': 0.0, 'u': 0.0, 'e': 0.0}) ...
Currently testing combination 149/293 (0.6, 0.2, 120, None, 'sort_only', {'h': 1.0, 'm': 0.3, 'l': 0.0, 'u': 0.0, 'e': 0.0}) ...
Currently testing combination 150/293 (0.6, 0.2, 130, None, 'sort_only', {'h': 1.0, 'm': 0.3, 'l': 0.0, 'u': 0.0, 'e': 0.0}) ...
Currently testing combination 151/293 (0.6, 0.2, 140, None, 'sort_only', {'h': 1.0, 'm': 0.3, 'l': 0.0, 'u': 0.0, 'e': 0.0}) ...
Currently testing combination 152/293 (0.6, 0.2, 150, None, 'sort_only', {'h': 1.0, 'm': 0.3, 'l': 0.0, 'u': 0.0, 'e': 0.0}) ...
Currently testing combination 153/293 (0.6, 0.2, 160, None, 'sort_only', {'h': 1.0, 'm': 0.3, 'l': 0.0, 'u': 0.0, 'e': 0.0}) ...
Currently testing combination 154/293 (0.6, 0.225, 100, None, 'sort_only', {'h': 1.0, 'm': 0.3, 'l': 0.0, 'u': 0.0, 'e': 0.0}) ...
Currently testing combination 155/293 (0.6, 0.225, 110, None, 'sort_only', {'h': 1.0, 'm': 0.3, 'l': 0.0, 'u': 0.0, 'e': 0.0}) ...
Currently testing combination 156/293 (0.6, 0.225, 120, None, 'sort_only', {'h': 1.0, 'm': 0.3, 'l': 0.0, 'u': 0.0, 'e': 0.0}) ...
Currently testing combination 157/293 (0.6, 0.225, 130, None, 'sort_only', {'h': 1.0, 'm': 0.3, 'l': 0.0, 'u': 0.0, 'e': 0.0}) ...
Currently testing combination 158/293 (0.6, 0.225, 140, None, 'sort_only', {'h': 1.0, 'm': 0.3, 'l': 0.0, 'u': 0.0, 'e': 0.0}) ...
Currently testing combination 159/293 (0.6, 0.225, 150, None, 'sort_only', {'h': 1.0, 'm': 0.3, 'l': 0.0, 'u': 0.0, 'e': 0.0}) ...
Currently testing combination 160/293 (0.6, 0.225, 160, None, 'sort_only', {'h': 1.0, 'm': 0.3, 'l': 0.0, 'u': 0.0, 'e': 0.0}) ...
Currently testing combination 161/293 (0.6, 0.25, 100, None, 'sort_only', {'h': 1.0, 'm': 0.3, 'l': 0.0, 'u': 0.0, 'e': 0.0}) ...
Currently testing combination 162/293 (0.6, 0.25, 110, None, 'sort_only', {'h': 1.0, 'm': 0.3, 'l': 0.0, 'u': 0.0, 'e': 0.0}) ...
Currently testing combination 163/293 (0.6, 0.25, 120, None, 'sort_only', {'h': 1.0, 'm': 0.3, 'l': 0.0, 'u': 0.0, 'e': 0.0}) ...
Currently testing combination 164/293 (0.6, 0.25, 130, None, 'sort_only', {'h': 1.0, 'm': 0.3, 'l': 0.0, 'u': 0.0, 'e': 0.0}) ...
Currently testing combination 165/293 (0.6, 0.25, 140, None, 'sort_only', {'h': 1.0, 'm': 0.3, 'l': 0.0, 'u': 0.0, 'e': 0.0}) ...
Currently testing combination 166/293 (0.6, 0.25, 150, None, 'sort_only', {'h': 1.0, 'm': 0.3, 'l': 0.0, 'u': 0.0, 'e': 0.0}) ...
Currently testing combination 167/293 (0.6, 0.25, 160, None, 'sort_only', {'h': 1.0, 'm': 0.3, 'l': 0.0, 'u': 0.0, 'e': 0.0}) ...
Currently testing combination 168/293 (0.6, 0.275, 100, None, 'sort_only', {'h': 1.0, 'm': 0.3, 'l': 0.0, 'u': 0.0, 'e': 0.0}) ...
Currently testing combination 169/293 (0.6, 0.275, 110, None, 'sort_only', {'h': 1.0, 'm': 0.3, 'l': 0.0, 'u': 0.0, 'e': 0.0}) ...
Currently testing combination 170/293 (0.6, 0.275, 120, None, 'sort_only', {'h': 1.0, 'm': 0.3, 'l': 0.0, 'u': 0.0, 'e': 0.0}) ...
Currently testing combination 171/293 (0.6, 0.275, 130, None, 'sort_only', {'h': 1.0, 'm': 0.3, 'l': 0.0, 'u': 0.0, 'e': 0.0}) ...
Currently testing combination 172/293 (0.6, 0.275, 140, None, 'sort_only', {'h': 1.0, 'm': 0.3, 'l': 0.0, 'u': 0.0, 'e': 0.0}) ...
Currently testing combination 173/293 (0.6, 0.275, 150, None, 'sort_only', {'h': 1.0, 'm': 0.3, 'l': 0.0, 'u': 0.0, 'e': 0.0}) ...
Currently testing combination 174/293 (0.6, 0.275, 160, None, 'sort_only', {'h': 1.0, 'm': 0.3, 'l': 0.0, 'u': 0.0, 'e': 0.0}) ...
Currently testing combination 175/293 (0.6, 0.3, 100, None, 'sort_only', {'h': 1.0, 'm': 0.3, 'l': 0.0, 'u': 0.0, 'e': 0.0}) ...
Currently testing combination 176/293 (0.6, 0.3, 110, None, 'sort_only', {'h': 1.0, 'm': 0.3, 'l': 0.0, 'u': 0.0, 'e': 0.0}) ...
Currently testing combination 177/293 (0.6, 0.3, 120, None, 'sort_only', {'h': 1.0, 'm': 0.3, 'l': 0.0, 'u': 0.0, 'e': 0.0}) ...
Currently testing combination 178/293 (0.6, 0.3, 130, None, 'sort_only', {'h': 1.0, 'm': 0.3, 'l': 0.0, 'u': 0.0, 'e': 0.0}) ...
Currently testing combination 179/293 (0.6, 0.3, 140, None, 'sort_only', {'h': 1.0, 'm': 0.3, 'l': 0.0, 'u': 0.0, 'e': 0.0}) ...
Currently testing combination 180/293 (0.6, 0.3, 150, None, 'sort_only', {'h': 1.0, 'm': 0.3, 'l': 0.0, 'u': 0.0, 'e': 0.0}) ...
Currently testing combination 181/293 (0.6, 0.3, 160, None, 'sort_only', {'h': 1.0, 'm': 0.3, 'l': 0.0, 'u': 0.0, 'e': 0.0}) ...
Currently testing combination 182/293 (0.6, 0.325, 100, None, 'sort_only', {'h': 1.0, 'm': 0.3, 'l': 0.0, 'u': 0.0, 'e': 0.0}) ...
Currently testing combination 183/293 (0.6, 0.325, 110, None, 'sort_only', {'h': 1.0, 'm': 0.3, 'l': 0.0, 'u': 0.0, 'e': 0.0}) ...
Currently testing combination 184/293 (0.6, 0.325, 120, None, 'sort_only', {'h': 1.0, 'm': 0.3, 'l': 0.0, 'u': 0.0, 'e': 0.0}) ...
Currently testing combination 185/293 (0.6, 0.325, 130, None, 'sort_only', {'h': 1.0, 'm': 0.3, 'l': 0.0, 'u': 0.0, 'e': 0.0}) ...
Currently testing combination 186/293 (0.6, 0.325, 140, None, 'sort_only', {'h': 1.0, 'm': 0.3, 'l': 0.0, 'u': 0.0, 'e': 0.0}) ...
Currently testing combination 187/293 (0.6, 0.325, 150, None, 'sort_only', {'h': 1.0, 'm': 0.3, 'l': 0.0, 'u': 0.0, 'e': 0.0}) ...
Currently testing combination 188/293 (0.6, 0.325, 160, None, 'sort_only', {'h': 1.0, 'm': 0.3, 'l': 0.0, 'u': 0.0, 'e': 0.0}) ...
Currently testing combination 189/293 (0.6, 0.35, 100, None, 'sort_only', {'h': 1.0, 'm': 0.3, 'l': 0.0, 'u': 0.0, 'e': 0.0}) ...
Currently testing combination 190/293 (0.6, 0.35, 110, None, 'sort_only', {'h': 1.0, 'm': 0.3, 'l': 0.0, 'u': 0.0, 'e': 0.0}) ...
Currently testing combination 191/293 (0.6, 0.35, 120, None, 'sort_only', {'h': 1.0, 'm': 0.3, 'l': 0.0, 'u': 0.0, 'e': 0.0}) ...
Currently testing combination 192/293 (0.6, 0.35, 130, None, 'sort_only', {'h': 1.0, 'm': 0.3, 'l': 0.0, 'u': 0.0, 'e': 0.0}) ...
Currently testing combination 193/293 (0.6, 0.35, 140, None, 'sort_only', {'h': 1.0, 'm': 0.3, 'l': 0.0, 'u': 0.0, 'e': 0.0}) ...
Currently testing combination 194/293 (0.6, 0.35, 150, None, 'sort_only', {'h': 1.0, 'm': 0.3, 'l': 0.0, 'u': 0.0, 'e': 0.0}) ...
Currently testing combination 195/293 (0.6, 0.35, 160, None, 'sort_only', {'h': 1.0, 'm': 0.3, 'l': 0.0, 'u': 0.0, 'e': 0.0}) ...
Currently testing combination 196/293 (0.7, 0.2, 100, None, 'sort_only', {'h': 1.0, 'm': 0.3, 'l': 0.0, 'u': 0.0, 'e': 0.0}) ...
Currently testing combination 197/293 (0.7, 0.2, 110, None, 'sort_only', {'h': 1.0, 'm': 0.3, 'l': 0.0, 'u': 0.0, 'e': 0.0}) ...
Currently testing combination 198/293 (0.7, 0.2, 120, None, 'sort_only', {'h': 1.0, 'm': 0.3, 'l': 0.0, 'u': 0.0, 'e': 0.0}) ...
Currently testing combination 199/293 (0.7, 0.2, 130, None, 'sort_only', {'h': 1.0, 'm': 0.3, 'l': 0.0, 'u': 0.0, 'e': 0.0}) ...
Currently testing combination 200/293 (0.7, 0.2, 140, None, 'sort_only', {'h': 1.0, 'm': 0.3, 'l': 0.0, 'u': 0.0, 'e': 0.0}) ...
Currently testing combination 201/293 (0.7, 0.2, 150, None, 'sort_only', {'h': 1.0, 'm': 0.3, 'l': 0.0, 'u': 0.0, 'e': 0.0}) ...
Currently testing combination 202/293 (0.7, 0.2, 160, None, 'sort_only', {'h': 1.0, 'm': 0.3, 'l': 0.0, 'u': 0.0, 'e': 0.0}) ...
Currently testing combination 203/293 (0.7, 0.225, 100, None, 'sort_only', {'h': 1.0, 'm': 0.3, 'l': 0.0, 'u': 0.0, 'e': 0.0}) ...
Currently testing combination 204/293 (0.7, 0.225, 110, None, 'sort_only', {'h': 1.0, 'm': 0.3, 'l': 0.0, 'u': 0.0, 'e': 0.0}) ...
Currently testing combination 205/293 (0.7, 0.225, 120, None, 'sort_only', {'h': 1.0, 'm': 0.3, 'l': 0.0, 'u': 0.0, 'e': 0.0}) ...
Currently testing combination 206/293 (0.7, 0.225, 130, None, 'sort_only', {'h': 1.0, 'm': 0.3, 'l': 0.0, 'u': 0.0, 'e': 0.0}) ...
Currently testing combination 207/293 (0.7, 0.225, 140, None, 'sort_only', {'h': 1.0, 'm': 0.3, 'l': 0.0, 'u': 0.0, 'e': 0.0}) ...
Currently testing combination 208/293 (0.7, 0.225, 150, None, 'sort_only', {'h': 1.0, 'm': 0.3, 'l': 0.0, 'u': 0.0, 'e': 0.0}) ...
Currently testing combination 209/293 (0.7, 0.225, 160, None, 'sort_only', {'h': 1.0, 'm': 0.3, 'l': 0.0, 'u': 0.0, 'e': 0.0}) ...
Currently testing combination 210/293 (0.7, 0.25, 100, None, 'sort_only', {'h': 1.0, 'm': 0.3, 'l': 0.0, 'u': 0.0, 'e': 0.0}) ...
Currently testing combination 211/293 (0.7, 0.25, 110, None, 'sort_only', {'h': 1.0, 'm': 0.3, 'l': 0.0, 'u': 0.0, 'e': 0.0}) ...
Currently testing combination 212/293 (0.7, 0.25, 120, None, 'sort_only', {'h': 1.0, 'm': 0.3, 'l': 0.0, 'u': 0.0, 'e': 0.0}) ...
Currently testing combination 213/293 (0.7, 0.25, 130, None, 'sort_only', {'h': 1.0, 'm': 0.3, 'l': 0.0, 'u': 0.0, 'e': 0.0}) ...
Currently testing combination 214/293 (0.7, 0.25, 140, None, 'sort_only', {'h': 1.0, 'm': 0.3, 'l': 0.0, 'u': 0.0, 'e': 0.0}) ...
Currently testing combination 215/293 (0.7, 0.25, 150, None, 'sort_only', {'h': 1.0, 'm': 0.3, 'l': 0.0, 'u': 0.0, 'e': 0.0}) ...
Currently testing combination 216/293 (0.7, 0.25, 160, None, 'sort_only', {'h': 1.0, 'm': 0.3, 'l': 0.0, 'u': 0.0, 'e': 0.0}) ...
Currently testing combination 217/293 (0.7, 0.275, 100, None, 'sort_only', {'h': 1.0, 'm': 0.3, 'l': 0.0, 'u': 0.0, 'e': 0.0}) ...
Currently testing combination 218/293 (0.7, 0.275, 110, None, 'sort_only', {'h': 1.0, 'm': 0.3, 'l': 0.0, 'u': 0.0, 'e': 0.0}) ...
Currently testing combination 219/293 (0.7, 0.275, 120, None, 'sort_only', {'h': 1.0, 'm': 0.3, 'l': 0.0, 'u': 0.0, 'e': 0.0}) ...
Currently testing combination 220/293 (0.7, 0.275, 130, None, 'sort_only', {'h': 1.0, 'm': 0.3, 'l': 0.0, 'u': 0.0, 'e': 0.0}) ...
Currently testing combination 221/293 (0.7, 0.275, 140, None, 'sort_only', {'h': 1.0, 'm': 0.3, 'l': 0.0, 'u': 0.0, 'e': 0.0}) ...
Currently testing combination 222/293 (0.7, 0.275, 150, None, 'sort_only', {'h': 1.0, 'm': 0.3, 'l': 0.0, 'u': 0.0, 'e': 0.0}) ...
Currently testing combination 223/293 (0.7, 0.275, 160, None, 'sort_only', {'h': 1.0, 'm': 0.3, 'l': 0.0, 'u': 0.0, 'e': 0.0}) ...
Currently testing combination 224/293 (0.7, 0.3, 100, None, 'sort_only', {'h': 1.0, 'm': 0.3, 'l': 0.0, 'u': 0.0, 'e': 0.0}) ...
Currently testing combination 225/293 (0.7, 0.3, 110, None, 'sort_only', {'h': 1.0, 'm': 0.3, 'l': 0.0, 'u': 0.0, 'e': 0.0}) ...
Currently testing combination 226/293 (0.7, 0.3, 120, None, 'sort_only', {'h': 1.0, 'm': 0.3, 'l': 0.0, 'u': 0.0, 'e': 0.0}) ...
Currently testing combination 227/293 (0.7, 0.3, 130, None, 'sort_only', {'h': 1.0, 'm': 0.3, 'l': 0.0, 'u': 0.0, 'e': 0.0}) ...
Currently testing combination 228/293 (0.7, 0.3, 140, None, 'sort_only', {'h': 1.0, 'm': 0.3, 'l': 0.0, 'u': 0.0, 'e': 0.0}) ...
Currently testing combination 229/293 (0.7, 0.3, 150, None, 'sort_only', {'h': 1.0, 'm': 0.3, 'l': 0.0, 'u': 0.0, 'e': 0.0}) ...
Currently testing combination 230/293 (0.7, 0.3, 160, None, 'sort_only', {'h': 1.0, 'm': 0.3, 'l': 0.0, 'u': 0.0, 'e': 0.0}) ...
Currently testing combination 231/293 (0.7, 0.325, 100, None, 'sort_only', {'h': 1.0, 'm': 0.3, 'l': 0.0, 'u': 0.0, 'e': 0.0}) ...
Currently testing combination 232/293 (0.7, 0.325, 110, None, 'sort_only', {'h': 1.0, 'm': 0.3, 'l': 0.0, 'u': 0.0, 'e': 0.0}) ...
Currently testing combination 233/293 (0.7, 0.325, 120, None, 'sort_only', {'h': 1.0, 'm': 0.3, 'l': 0.0, 'u': 0.0, 'e': 0.0}) ...
Currently testing combination 234/293 (0.7, 0.325, 130, None, 'sort_only', {'h': 1.0, 'm': 0.3, 'l': 0.0, 'u': 0.0, 'e': 0.0}) ...
Currently testing combination 235/293 (0.7, 0.325, 140, None, 'sort_only', {'h': 1.0, 'm': 0.3, 'l': 0.0, 'u': 0.0, 'e': 0.0}) ...
Currently testing combination 236/293 (0.7, 0.325, 150, None, 'sort_only', {'h': 1.0, 'm': 0.3, 'l': 0.0, 'u': 0.0, 'e': 0.0}) ...
Currently testing combination 237/293 (0.7, 0.325, 160, None, 'sort_only', {'h': 1.0, 'm': 0.3, 'l': 0.0, 'u': 0.0, 'e': 0.0}) ...
Currently testing combination 238/293 (0.7, 0.35, 100, None, 'sort_only', {'h': 1.0, 'm': 0.3, 'l': 0.0, 'u': 0.0, 'e': 0.0}) ...
Currently testing combination 239/293 (0.7, 0.35, 110, None, 'sort_only', {'h': 1.0, 'm': 0.3, 'l': 0.0, 'u': 0.0, 'e': 0.0}) ...
Currently testing combination 240/293 (0.7, 0.35, 120, None, 'sort_only', {'h': 1.0, 'm': 0.3, 'l': 0.0, 'u': 0.0, 'e': 0.0}) ...
Currently testing combination 241/293 (0.7, 0.35, 130, None, 'sort_only', {'h': 1.0, 'm': 0.3, 'l': 0.0, 'u': 0.0, 'e': 0.0}) ...
Currently testing combination 242/293 (0.7, 0.35, 140, None, 'sort_only', {'h': 1.0, 'm': 0.3, 'l': 0.0, 'u': 0.0, 'e': 0.0}) ...
Currently testing combination 243/293 (0.7, 0.35, 150, None, 'sort_only', {'h': 1.0, 'm': 0.3, 'l': 0.0, 'u': 0.0, 'e': 0.0}) ...
Currently testing combination 244/293 (0.7, 0.35, 160, None, 'sort_only', {'h': 1.0, 'm': 0.3, 'l': 0.0, 'u': 0.0, 'e': 0.0}) ...
Currently testing combination 245/293 (0.8, 0.2, 100, None, 'sort_only', {'h': 1.0, 'm': 0.3, 'l': 0.0, 'u': 0.0, 'e': 0.0}) ...
Currently testing combination 246/293 (0.8, 0.2, 110, None, 'sort_only', {'h': 1.0, 'm': 0.3, 'l': 0.0, 'u': 0.0, 'e': 0.0}) ...
Currently testing combination 247/293 (0.8, 0.2, 120, None, 'sort_only', {'h': 1.0, 'm': 0.3, 'l': 0.0, 'u': 0.0, 'e': 0.0}) ...
Currently testing combination 248/293 (0.8, 0.2, 130, None, 'sort_only', {'h': 1.0, 'm': 0.3, 'l': 0.0, 'u': 0.0, 'e': 0.0}) ...
Currently testing combination 249/293 (0.8, 0.2, 140, None, 'sort_only', {'h': 1.0, 'm': 0.3, 'l': 0.0, 'u': 0.0, 'e': 0.0}) ...
Currently testing combination 250/293 (0.8, 0.2, 150, None, 'sort_only', {'h': 1.0, 'm': 0.3, 'l': 0.0, 'u': 0.0, 'e': 0.0}) ...
Currently testing combination 251/293 (0.8, 0.2, 160, None, 'sort_only', {'h': 1.0, 'm': 0.3, 'l': 0.0, 'u': 0.0, 'e': 0.0}) ...
Currently testing combination 252/293 (0.8, 0.225, 100, None, 'sort_only', {'h': 1.0, 'm': 0.3, 'l': 0.0, 'u': 0.0, 'e': 0.0}) ...
Currently testing combination 253/293 (0.8, 0.225, 110, None, 'sort_only', {'h': 1.0, 'm': 0.3, 'l': 0.0, 'u': 0.0, 'e': 0.0}) ...
Currently testing combination 254/293 (0.8, 0.225, 120, None, 'sort_only', {'h': 1.0, 'm': 0.3, 'l': 0.0, 'u': 0.0, 'e': 0.0}) ...
Currently testing combination 255/293 (0.8, 0.225, 130, None, 'sort_only', {'h': 1.0, 'm': 0.3, 'l': 0.0, 'u': 0.0, 'e': 0.0}) ...
Currently testing combination 256/293 (0.8, 0.225, 140, None, 'sort_only', {'h': 1.0, 'm': 0.3, 'l': 0.0, 'u': 0.0, 'e': 0.0}) ...
Currently testing combination 257/293 (0.8, 0.225, 150, None, 'sort_only', {'h': 1.0, 'm': 0.3, 'l': 0.0, 'u': 0.0, 'e': 0.0}) ...
Currently testing combination 258/293 (0.8, 0.225, 160, None, 'sort_only', {'h': 1.0, 'm': 0.3, 'l': 0.0, 'u': 0.0, 'e': 0.0}) ...
Currently testing combination 259/293 (0.8, 0.25, 100, None, 'sort_only', {'h': 1.0, 'm': 0.3, 'l': 0.0, 'u': 0.0, 'e': 0.0}) ...
Currently testing combination 260/293 (0.8, 0.25, 110, None, 'sort_only', {'h': 1.0, 'm': 0.3, 'l': 0.0, 'u': 0.0, 'e': 0.0}) ...
Currently testing combination 261/293 (0.8, 0.25, 120, None, 'sort_only', {'h': 1.0, 'm': 0.3, 'l': 0.0, 'u': 0.0, 'e': 0.0}) ...
Currently testing combination 262/293 (0.8, 0.25, 130, None, 'sort_only', {'h': 1.0, 'm': 0.3, 'l': 0.0, 'u': 0.0, 'e': 0.0}) ...
Currently testing combination 263/293 (0.8, 0.25, 140, None, 'sort_only', {'h': 1.0, 'm': 0.3, 'l': 0.0, 'u': 0.0, 'e': 0.0}) ...
Currently testing combination 264/293 (0.8, 0.25, 150, None, 'sort_only', {'h': 1.0, 'm': 0.3, 'l': 0.0, 'u': 0.0, 'e': 0.0}) ...
Currently testing combination 265/293 (0.8, 0.25, 160, None, 'sort_only', {'h': 1.0, 'm': 0.3, 'l': 0.0, 'u': 0.0, 'e': 0.0}) ...
Currently testing combination 266/293 (0.8, 0.275, 100, None, 'sort_only', {'h': 1.0, 'm': 0.3, 'l': 0.0, 'u': 0.0, 'e': 0.0}) ...
Currently testing combination 267/293 (0.8, 0.275, 110, None, 'sort_only', {'h': 1.0, 'm': 0.3, 'l': 0.0, 'u': 0.0, 'e': 0.0}) ...
Currently testing combination 268/293 (0.8, 0.275, 120, None, 'sort_only', {'h': 1.0, 'm': 0.3, 'l': 0.0, 'u': 0.0, 'e': 0.0}) ...
Currently testing combination 269/293 (0.8, 0.275, 130, None, 'sort_only', {'h': 1.0, 'm': 0.3, 'l': 0.0, 'u': 0.0, 'e': 0.0}) ...
Currently testing combination 270/293 (0.8, 0.275, 140, None, 'sort_only', {'h': 1.0, 'm': 0.3, 'l': 0.0, 'u': 0.0, 'e': 0.0}) ...
Currently testing combination 271/293 (0.8, 0.275, 150, None, 'sort_only', {'h': 1.0, 'm': 0.3, 'l': 0.0, 'u': 0.0, 'e': 0.0}) ...
Currently testing combination 272/293 (0.8, 0.275, 160, None, 'sort_only', {'h': 1.0, 'm': 0.3, 'l': 0.0, 'u': 0.0, 'e': 0.0}) ...
Currently testing combination 273/293 (0.8, 0.3, 100, None, 'sort_only', {'h': 1.0, 'm': 0.3, 'l': 0.0, 'u': 0.0, 'e': 0.0}) ...
Currently testing combination 274/293 (0.8, 0.3, 110, None, 'sort_only', {'h': 1.0, 'm': 0.3, 'l': 0.0, 'u': 0.0, 'e': 0.0}) ...
Currently testing combination 275/293 (0.8, 0.3, 120, None, 'sort_only', {'h': 1.0, 'm': 0.3, 'l': 0.0, 'u': 0.0, 'e': 0.0}) ...
Currently testing combination 276/293 (0.8, 0.3, 130, None, 'sort_only', {'h': 1.0, 'm': 0.3, 'l': 0.0, 'u': 0.0, 'e': 0.0}) ...
Currently testing combination 277/293 (0.8, 0.3, 140, None, 'sort_only', {'h': 1.0, 'm': 0.3, 'l': 0.0, 'u': 0.0, 'e': 0.0}) ...
Currently testing combination 278/293 (0.8, 0.3, 150, None, 'sort_only', {'h': 1.0, 'm': 0.3, 'l': 0.0, 'u': 0.0, 'e': 0.0}) ...
Currently testing combination 279/293 (0.8, 0.3, 160, None, 'sort_only', {'h': 1.0, 'm': 0.3, 'l': 0.0, 'u': 0.0, 'e': 0.0}) ...
Currently testing combination 280/293 (0.8, 0.325, 100, None, 'sort_only', {'h': 1.0, 'm': 0.3, 'l': 0.0, 'u': 0.0, 'e': 0.0}) ...
Currently testing combination 281/293 (0.8, 0.325, 110, None, 'sort_only', {'h': 1.0, 'm': 0.3, 'l': 0.0, 'u': 0.0, 'e': 0.0}) ...
Currently testing combination 282/293 (0.8, 0.325, 120, None, 'sort_only', {'h': 1.0, 'm': 0.3, 'l': 0.0, 'u': 0.0, 'e': 0.0}) ...
Currently testing combination 283/293 (0.8, 0.325, 130, None, 'sort_only', {'h': 1.0, 'm': 0.3, 'l': 0.0, 'u': 0.0, 'e': 0.0}) ...
Currently testing combination 284/293 (0.8, 0.325, 140, None, 'sort_only', {'h': 1.0, 'm': 0.3, 'l': 0.0, 'u': 0.0, 'e': 0.0}) ...
Currently testing combination 285/293 (0.8, 0.325, 150, None, 'sort_only', {'h': 1.0, 'm': 0.3, 'l': 0.0, 'u': 0.0, 'e': 0.0}) ...
Currently testing combination 286/293 (0.8, 0.325, 160, None, 'sort_only', {'h': 1.0, 'm': 0.3, 'l': 0.0, 'u': 0.0, 'e': 0.0}) ...
Currently testing combination 287/293 (0.8, 0.35, 100, None, 'sort_only', {'h': 1.0, 'm': 0.3, 'l': 0.0, 'u': 0.0, 'e': 0.0}) ...
Currently testing combination 288/293 (0.8, 0.35, 110, None, 'sort_only', {'h': 1.0, 'm': 0.3, 'l': 0.0, 'u': 0.0, 'e': 0.0}) ...
Currently testing combination 289/293 (0.8, 0.35, 120, None, 'sort_only', {'h': 1.0, 'm': 0.3, 'l': 0.0, 'u': 0.0, 'e': 0.0}) ...
Currently testing combination 290/293 (0.8, 0.35, 130, None, 'sort_only', {'h': 1.0, 'm': 0.3, 'l': 0.0, 'u': 0.0, 'e': 0.0}) ...
Currently testing combination 291/293 (0.8, 0.35, 140, None, 'sort_only', {'h': 1.0, 'm': 0.3, 'l': 0.0, 'u': 0.0, 'e': 0.0}) ...
Currently testing combination 292/293 (0.8, 0.35, 150, None, 'sort_only', {'h': 1.0, 'm': 0.3, 'l': 0.0, 'u': 0.0, 'e': 0.0}) ...
Currently testing combination 293/293 (0.8, 0.35, 160, None, 'sort_only', {'h': 1.0, 'm': 0.3, 'l': 0.0, 'u': 0.0, 'e': 0.0}) ...

Top 50 combinations tested:
      gamma  single_timestamp_a.. affected_timestamp..     AD F1     AD F2    AD TPR   AD Prec    AD ACC    AD TNR    AD FPR  SI/ST AVG-HR@100%  SI/ST AVG-HR@150%  SI/ST AVG-HR@K  SI/ST F1  SI/ST TPR  SI/ST ACC
Comb                                                                                                                                                                                                              
14      0.3                 0.250                  100  0.421546  0.598404  0.830769  0.282427  0.566667  0.504693  0.495307           0.205322           0.344654        0.166154  0.089231   0.089231   0.859882
15      0.3                 0.250                  110  0.414343  0.582960  0.800000  0.279570  0.570175  0.516245  0.483755           0.205322           0.344654        0.166154  0.089231   0.089231   0.859882
70      0.4                 0.275                  100  0.412500  0.511628  0.609231  0.311811  0.670175  0.684477  0.315523           0.197107           0.330665        0.160000  0.080000   0.080000   0.858462
72      0.4                 0.275                  120  0.412486  0.494124  0.569231  0.323427  0.691813  0.720578  0.279422           0.197107           0.330665        0.160000  0.080000   0.080000   0.858462
71      0.4                 0.275                  110  0.412082  0.502103  0.587692  0.317276  0.681287  0.703249  0.296751           0.197107           0.330665        0.160000  0.080000   0.080000   0.858462
16      0.3                 0.250                  120  0.407799  0.568903  0.772308  0.277042  0.573684  0.527076  0.472924           0.205322           0.344654        0.166154  0.089231   0.089231   0.859882
73      0.4                 0.275                  130  0.407745  0.483001  0.550769  0.323689  0.695906  0.729964  0.270036           0.197107           0.330665        0.160000  0.080000   0.080000   0.858462
74      0.4                 0.275                  140  0.402339  0.469945  0.529231  0.324528  0.701170  0.741516  0.258484           0.197107           0.330665        0.160000  0.080000   0.080000   0.858462
19      0.3                 0.250                  150  0.401688  0.550926  0.732308  0.276744  0.585380  0.550903  0.449097           0.205322           0.344654        0.166154  0.089231   0.089231   0.859882
20      0.3                 0.250                  160  0.401033  0.545157  0.716923  0.278375  0.592982  0.563899  0.436101           0.205322           0.344654        0.166154  0.089231   0.089231   0.859882
18      0.3                 0.250                  140  0.398666  0.549678  0.735385  0.273455  0.578363  0.541516  0.458484           0.205322           0.344654        0.166154  0.089231   0.089231   0.859882
17      0.3                 0.250                  130  0.398354  0.552511  0.744615  0.271910  0.572515  0.532130  0.467870           0.205322           0.344654        0.166154  0.089231   0.089231   0.859882
75      0.4                 0.275                  150  0.396158  0.456305  0.507692  0.324803  0.705848  0.752347  0.247653           0.197107           0.330665        0.160000  0.080000   0.080000   0.858462
76      0.4                 0.275                  160  0.395152  0.452778  0.501538  0.326000  0.708187  0.756679  0.243321           0.197107           0.330665        0.160000  0.080000   0.080000   0.858462
175     0.6                 0.300                  100  0.392943  0.551305  0.753846  0.265727  0.557310  0.511191  0.488809           0.206552           0.324066        0.156923  0.089231   0.089231   0.859882
125     0.5                 0.275                  160  0.386675  0.590583  0.910769  0.245439  0.450877  0.342960  0.657040           0.198758           0.315548        0.169231  0.092308   0.092308   0.860355
176     0.6                 0.300                  110  0.384301  0.534577  0.723077  0.261693  0.559649  0.521300  0.478700           0.206552           0.324066        0.156923  0.089231   0.089231   0.859882
124     0.5                 0.275                  150  0.381503  0.586493  0.913846  0.241071  0.436842  0.324910  0.675090           0.198758           0.315548        0.169231  0.092308   0.092308   0.860355
177     0.6                 0.300                  120  0.376139  0.520165  0.698462  0.257370  0.559649  0.527076  0.472924           0.206552           0.324066        0.156923  0.089231   0.089231   0.859882
178     0.6                 0.300                  130  0.375737  0.515726  0.686154  0.258701  0.566667  0.538628  0.461372           0.206552           0.324066        0.156923  0.089231   0.089231   0.859882
123     0.5                 0.275                  140  0.373153  0.582917  0.932308  0.233256  0.404678  0.280866  0.719134           0.198758           0.315548        0.169231  0.092308   0.092308   0.860355
179     0.6                 0.300                  140  0.369099  0.502336  0.661538  0.255952  0.570175  0.548736  0.451264           0.206552           0.324066        0.156923  0.089231   0.089231   0.859882
180     0.6                 0.300                  150  0.369069  0.496924  0.646154  0.258303  0.580117  0.564621  0.435379           0.206552           0.324066        0.156923  0.089231   0.089231   0.859882
280     0.8                 0.325                  100  0.366972  0.505980  0.676923  0.251716  0.556140  0.527798  0.472202           0.214904           0.339568        0.150769  0.092308   0.092308   0.860355
281     0.8                 0.325                  110  0.365482  0.500695  0.664615  0.252042  0.561404  0.537184  0.462816           0.214904           0.339568        0.150769  0.092308   0.092308   0.860355
122     0.5                 0.275                  130  0.364840  0.574734  0.932308  0.226796  0.383041  0.254152  0.745848           0.198758           0.315548        0.169231  0.092308   0.092308   0.860355
181     0.6                 0.300                  160  0.363309  0.483948  0.621538  0.256671  0.585965  0.577617  0.422383           0.206552           0.324066        0.156923  0.089231   0.089231   0.859882
282     0.8                 0.325                  120  0.361757  0.491573  0.646154  0.251196  0.566667  0.548014  0.451986           0.214904           0.339568        0.150769  0.092308   0.092308   0.860355
121     0.5                 0.275                  120  0.361389  0.574046  0.944615  0.223435  0.365497  0.229603  0.770397           0.198758           0.315548        0.169231  0.092308   0.092308   0.860355
284     0.8                 0.325                  140  0.359673  0.476879  0.609231  0.255155  0.587719  0.582671  0.417329           0.214904           0.339568        0.150769  0.092308   0.092308   0.860355
283     0.8                 0.325                  130  0.359610  0.482414  0.624615  0.252488  0.577193  0.566065  0.433935           0.214904           0.339568        0.150769  0.092308   0.092308   0.860355
285     0.8                 0.325                  150  0.357875  0.468750  0.590769  0.256684  0.597076  0.598556  0.401444           0.214904           0.339568        0.150769  0.092308   0.092308   0.860355
120     0.5                 0.275                  110  0.355453  0.568685  0.947692  0.218750  0.346784  0.205776  0.794224           0.198758           0.315548        0.169231  0.092308   0.092308   0.860355
286     0.8                 0.325                  160  0.355212  0.457484  0.566154  0.258790  0.609357  0.619495  0.380505           0.214904           0.339568        0.150769  0.092308   0.092308   0.860355
119     0.5                 0.275                  100  0.352874  0.567350  0.953846  0.216480  0.335088  0.189892  0.810108           0.198758           0.315548        0.169231  0.092308   0.092308   0.860355
230     0.7                 0.300                  160  0.350877  0.558659  0.923077  0.216606  0.350877  0.216606  0.783394           0.202231           0.321636        0.166154  0.089231   0.089231   0.859882
229     0.7                 0.300                  150  0.346974  0.555351  0.926154  0.213475  0.337427  0.199278  0.800722           0.202231           0.321636        0.166154  0.089231   0.089231   0.859882
228     0.7                 0.300                  140  0.344123  0.553728  0.932308  0.211003  0.324561  0.181949  0.818051           0.202231           0.321636        0.166154  0.089231   0.089231   0.859882
227     0.7                 0.300                  130  0.343434  0.554951  0.941538  0.210021  0.315789  0.168953  0.831047           0.202231           0.321636        0.166154  0.089231   0.089231   0.859882
226     0.7                 0.300                  120  0.342193  0.555556  0.950769  0.208643  0.305263  0.153791  0.846209           0.202231           0.321636        0.166154  0.089231   0.089231   0.859882
224     0.7                 0.300                  100  0.340033  0.555753  0.963077  0.206464  0.289474  0.131408  0.868592           0.202231           0.321636        0.166154  0.089231   0.089231   0.859882
69      0.4                 0.250                  160  0.339144  0.559623  0.987692  0.204719  0.268421  0.099639  0.900361           0.196554           0.331515        0.184615  0.095385   0.095385   0.860828
225     0.7                 0.300                  110  0.338983  0.552782  0.953846  0.206117  0.292982  0.137906  0.862094           0.202231           0.321636        0.166154  0.089231   0.089231   0.859882
68      0.4                 0.250                  150  0.336654  0.556905  0.987692  0.202908  0.260234  0.089531  0.910469           0.196554           0.331515        0.184615  0.095385   0.095385   0.860828
67      0.4                 0.250                  140  0.335236  0.556513  0.993846  0.201623  0.250877  0.076534  0.923466           0.196554           0.331515        0.184615  0.095385   0.095385   0.860828
66      0.4                 0.250                  130  0.333850  0.554983  0.993846  0.200621  0.246199  0.070758  0.929242           0.196554           0.331515        0.184615  0.095385   0.095385   0.860828
65      0.4                 0.250                  120  0.333505  0.555175  0.996923  0.200247  0.242690  0.065704  0.934296           0.196554           0.331515        0.184615  0.095385   0.095385   0.860828
64      0.4                 0.250                  110  0.331627  0.553090  0.996923  0.198895  0.236257  0.057762  0.942238           0.196554           0.331515        0.184615  0.095385   0.095385   0.860828
63      0.4                 0.250                  100  0.331126  0.553097  1.000000  0.198413  0.232164  0.051986  0.948014           0.196554           0.331515        0.184615  0.095385   0.095385   0.860828
13      0.3                 0.225                  160  0.330452  0.552345  1.000000  0.197929  0.229825  0.049097  0.950903           0.200348           0.349422        0.187692  0.101538   0.101538   0.861775

Full result output for the best combination:
                 #Examples   TP   FP   TN  FN       ACC       FNR       TNR       FPR       TPR      Prec        F1        F2  AVG # affected
Component                                                                                                                                    
no_failure            1385    0  686  699   0  0.504693       NaN  0.504693  0.495307       NaN  0.000000       NaN       NaN      170.844765
txt15_i1                 5    3    0    0   2  0.600000  0.400000       NaN       NaN  0.600000  1.000000  0.750000  0.652174      158.000000
txt15_i3                 5    3    0    0   2  0.600000  0.400000       NaN       NaN  0.600000  1.000000  0.750000  0.652174      152.400000
txt15_conveyor           3    3    0    0   0  1.000000  0.000000       NaN       NaN  1.000000  1.000000  1.000000  1.000000      433.333333
txt15_m1               160  154    0    0   6  0.962500  0.037500       NaN       NaN  0.962500  1.000000  0.980892  0.969773      327.093750
txt15_pl                 9    4    0    0   5  0.444444  0.555556       NaN       NaN  0.444444  1.000000  0.615385  0.500000      180.777778
txt16_i3                 4    0    0    0   4  0.000000  1.000000       NaN       NaN  0.000000       NaN       NaN       NaN       20.000000
txt16_conveyor           8    6    0    0   2  0.750000  0.250000       NaN       NaN  0.750000  1.000000  0.857143  0.789474      220.625000
txt16_m3                65   61    0    0   4  0.938462  0.061538       NaN       NaN  0.938462  1.000000  0.968254  0.950156      352.215385
txt16_turntable          2    2    0    0   0  1.000000  0.000000       NaN       NaN  1.000000  1.000000  1.000000  1.000000      445.500000
txt17_i1                16    3    0    0  13  0.187500  0.812500       NaN       NaN  0.187500  1.000000  0.315789  0.223881       86.500000
txt17_pl                14   14    0    0   0  1.000000  0.000000       NaN       NaN  1.000000  1.000000  1.000000  1.000000      454.071429
txt18_pl                28   17    0    0  11  0.607143  0.392857       NaN       NaN  0.607143  1.000000  0.755556  0.658915      220.714286
txt19_i4                 6    0    0    0   6  0.000000  1.000000       NaN       NaN  0.000000       NaN       NaN       NaN       24.500000
combined              1710  270  686  699  55  0.566667  0.169231  0.504693  0.495307  0.830769  0.282427  0.421546  0.598404      194.814035

                 #Examples   TP   FP   TN  FN       ACC       FNR       TNR       FPR       TPR      Prec        F1        F2  AVG # affected
Component                                                                                                                                    
no_failure            1385    0  686  699   0  0.504693       NaN  0.504693  0.495307       NaN  0.000000       NaN       NaN      170.844765
txt15_i1                 5    3    0    0   2  0.600000  0.400000       NaN       NaN  0.600000  1.000000  0.750000  0.652174      158.000000
txt15_i3                 5    3    0    0   2  0.600000  0.400000       NaN       NaN  0.600000  1.000000  0.750000  0.652174      152.400000
txt15_conveyor           3    3    0    0   0  1.000000  0.000000       NaN       NaN  1.000000  1.000000  1.000000  1.000000      433.333333
txt15_m1               160  154    0    0   6  0.962500  0.037500       NaN       NaN  0.962500  1.000000  0.980892  0.969773      327.093750
txt15_pl                 9    4    0    0   5  0.444444  0.555556       NaN       NaN  0.444444  1.000000  0.615385  0.500000      180.777778
txt16_i3                 4    0    0    0   4  0.000000  1.000000       NaN       NaN  0.000000       NaN       NaN       NaN       20.000000
txt16_conveyor           8    6    0    0   2  0.750000  0.250000       NaN       NaN  0.750000  1.000000  0.857143  0.789474      220.625000
txt16_m3                65   61    0    0   4  0.938462  0.061538       NaN       NaN  0.938462  1.000000  0.968254  0.950156      352.215385
txt16_turntable          2    2    0    0   0  1.000000  0.000000       NaN       NaN  1.000000  1.000000  1.000000  1.000000      445.500000
txt17_i1                16    3    0    0  13  0.187500  0.812500       NaN       NaN  0.187500  1.000000  0.315789  0.223881       86.500000
txt17_pl                14   14    0    0   0  1.000000  0.000000       NaN       NaN  1.000000  1.000000  1.000000  1.000000      454.071429
txt18_pl                28   17    0    0  11  0.607143  0.392857       NaN       NaN  0.607143  1.000000  0.755556  0.658915      220.714286
txt19_i4                 6    0    0    0   6  0.000000  1.000000       NaN       NaN  0.000000       NaN       NaN       NaN       24.500000
combined              1710  270  686  699  55  0.566667  0.169231  0.504693  0.495307  0.830769  0.282427  0.421546  0.598404      194.814035

Execution time: 6159.858899727929
