
Dataset loaded:
Shape of training set (example, time, channels): (20812, 500, 61)
Shape of test set (example, time, channels): (3989, 500, 61)
Shape of train validation set (example, time, channels): (2313, 500, 61)
Shape of test validation set (example, time, channels): (1710, 500, 61)
Num of classes in all: 25

Creating model based on ../configuration/hyperparameter_combinations/last_hope_76.json hyperparameter file 

Adding feature wise convolutions with 32 filters per feature, 3 kernels and 1 strides ...
Adding feature wise convolutions with 1 filters per feature, 3 kernels and 1 strides ...
Adding feature based graph attention layer ...
Adding time based graph attention layer ...
Adding GRU layer with 256 units ...
Adding GRU layer with 61 units ...
Adding VAE as reconstruction model dimensions 3072 & 1536 and ...
Adding dense layer to forecasting model with 512 units and ReLu activation ...
Adding dense layer to forecasting model with 256 units and ReLu activation ...
Adding last dense layer to forecasting model with 61 units and sigmoid activation ...
VAE reconstructs the output of the gru layer.

Epoch 0
	Step 0: mean loss = 1.3112
	Step 50: mean loss = 0.5128
	Step 100: mean loss = 0.3597
	Step 150: mean loss = 0.2824

	Loss on validation set after epoch 0: 0.1155

Epoch 1
	Step 0: mean loss = 0.1156
	Step 50: mean loss = 0.1099
	Step 100: mean loss = 0.1058
	Step 150: mean loss = 0.1023

	Loss on validation set after epoch 1: 0.0912

Epoch 2
	Step 0: mean loss = 0.0931
	Step 50: mean loss = 0.0891
	Step 100: mean loss = 0.0876
	Step 150: mean loss = 0.0860

	Loss on validation set after epoch 2: 0.0807

Epoch 3
	Step 0: mean loss = 0.0790
	Step 50: mean loss = 0.0790
	Step 100: mean loss = 0.0773
	Step 150: mean loss = 0.0760

	Loss on validation set after epoch 3: 0.0715

Epoch 4
	Step 0: mean loss = 0.0685
	Step 50: mean loss = 0.0706
	Step 100: mean loss = 0.0698
	Step 150: mean loss = 0.0690

	Loss on validation set after epoch 4: 0.0643

Epoch 5
	Step 0: mean loss = 0.0655
	Step 50: mean loss = 0.0646
	Step 100: mean loss = 0.0636
	Step 150: mean loss = 0.0627

	Loss on validation set after epoch 5: 0.0590

Epoch 6
	Step 0: mean loss = 0.0629
	Step 50: mean loss = 0.0592
	Step 100: mean loss = 0.0588
	Step 150: mean loss = 0.0584

	Loss on validation set after epoch 6: 0.0561

Epoch 7
	Step 0: mean loss = 0.0551
	Step 50: mean loss = 0.0563
	Step 100: mean loss = 0.0563
	Step 150: mean loss = 0.0561

	Loss on validation set after epoch 7: 0.0538

Epoch 8
	Step 0: mean loss = 0.0554
	Step 50: mean loss = 0.0551
	Step 100: mean loss = 0.0551
	Step 150: mean loss = 0.0547

	Loss on validation set after epoch 8: 0.0543

Epoch 9
	Step 0: mean loss = 0.0520
	Step 50: mean loss = 0.0535
	Step 100: mean loss = 0.0538
	Step 150: mean loss = 0.0534

	Loss on validation set after epoch 9: 0.0534

Epoch 10
	Step 0: mean loss = 0.0561
	Step 50: mean loss = 0.0524
	Step 100: mean loss = 0.0525
	Step 150: mean loss = 0.0524

	Loss on validation set after epoch 10: 0.0513

Epoch 11
	Step 0: mean loss = 0.0502
	Step 50: mean loss = 0.0512
	Step 100: mean loss = 0.0516
	Step 150: mean loss = 0.0516

	Loss on validation set after epoch 11: 0.0507

Epoch 12
	Step 0: mean loss = 0.0510
	Step 50: mean loss = 0.0507
	Step 100: mean loss = 0.0506
	Step 150: mean loss = 0.0505

	Loss on validation set after epoch 12: 0.0499

Epoch 13
	Step 0: mean loss = 0.0442
	Step 50: mean loss = 0.0533
	Step 100: mean loss = 0.0532
	Step 150: mean loss = 0.0522

	Loss on validation set after epoch 13: 0.0494

Epoch 14
	Step 0: mean loss = 0.0504
	Step 50: mean loss = 0.0488
	Step 100: mean loss = 0.0483
	Step 150: mean loss = 0.0476

	Loss on validation set after epoch 14: 0.0443

Epoch 15
	Step 0: mean loss = 0.0479
	Step 50: mean loss = 0.0438
	Step 100: mean loss = 0.0431
	Step 150: mean loss = 0.0426

	Loss on validation set after epoch 15: 0.0409

Epoch 16
	Step 0: mean loss = 0.0410
	Step 50: mean loss = 0.0409
	Step 100: mean loss = 0.0405
	Step 150: mean loss = 0.0401

	Loss on validation set after epoch 16: 0.0402

Epoch 17
	Step 0: mean loss = 0.0415
	Step 50: mean loss = 0.0389
	Step 100: mean loss = 0.0386
	Step 150: mean loss = 0.0385

	Loss on validation set after epoch 17: 0.0378

Epoch 18
	Step 0: mean loss = 0.0345
	Step 50: mean loss = 0.0375
	Step 100: mean loss = 0.0373
	Step 150: mean loss = 0.0370

	Loss on validation set after epoch 18: 0.0373

Epoch 19
	Step 0: mean loss = 0.0387
	Step 50: mean loss = 0.0362
	Step 100: mean loss = 0.0361
	Step 150: mean loss = 0.0360

	Loss on validation set after epoch 19: 0.0351

Epoch 20
	Step 0: mean loss = 0.0340
	Step 50: mean loss = 0.0352
	Step 100: mean loss = 0.0352
	Step 150: mean loss = 0.0352

	Loss on validation set after epoch 20: 0.0345

Epoch 21
	Step 0: mean loss = 0.0348
	Step 50: mean loss = 0.0345
	Step 100: mean loss = 0.0346
	Step 150: mean loss = 0.0343

	Loss on validation set after epoch 21: 0.0340

Epoch 22
	Step 0: mean loss = 0.0331
	Step 50: mean loss = 0.0335
	Step 100: mean loss = 0.0335
	Step 150: mean loss = 0.0335

	Loss on validation set after epoch 22: 0.0339

Epoch 23
	Step 0: mean loss = 0.0377
	Step 50: mean loss = 0.0330
	Step 100: mean loss = 0.0327
	Step 150: mean loss = 0.0325

	Loss on validation set after epoch 23: 0.0314

Epoch 24
	Step 0: mean loss = 0.0310
	Step 50: mean loss = 0.0319
	Step 100: mean loss = 0.0315
	Step 150: mean loss = 0.0314

	Loss on validation set after epoch 24: 0.0302

Epoch 25
	Step 0: mean loss = 0.0324
	Step 50: mean loss = 0.0303
	Step 100: mean loss = 0.0303
	Step 150: mean loss = 0.0302

	Loss on validation set after epoch 25: 0.0300

Epoch 26
	Step 0: mean loss = 0.0250
	Step 50: mean loss = 0.0295
	Step 100: mean loss = 0.0296
	Step 150: mean loss = 0.0296

	Loss on validation set after epoch 26: 0.0286

Epoch 27
	Step 0: mean loss = 0.0281
	Step 50: mean loss = 0.0286
	Step 100: mean loss = 0.0287
	Step 150: mean loss = 0.0285

	Loss on validation set after epoch 27: 0.0276

Epoch 28
	Step 0: mean loss = 0.0309
	Step 50: mean loss = 0.0276
	Step 100: mean loss = 0.0277
	Step 150: mean loss = 0.0275

	Loss on validation set after epoch 28: 0.0276

Epoch 29
	Step 0: mean loss = 0.0300
	Step 50: mean loss = 0.0277
	Step 100: mean loss = 0.0273
	Step 150: mean loss = 0.0270

	Loss on validation set after epoch 29: 0.0272

Epoch 30
	Step 0: mean loss = 0.0230
	Step 50: mean loss = 0.0263
	Step 100: mean loss = 0.0263
	Step 150: mean loss = 0.0262

	Loss on validation set after epoch 30: 0.0266

Epoch 31
	Step 0: mean loss = 0.0233
	Step 50: mean loss = 0.0257
	Step 100: mean loss = 0.0258
	Step 150: mean loss = 0.0258

	Loss on validation set after epoch 31: 0.0257

Epoch 32
	Step 0: mean loss = 0.0245
	Step 50: mean loss = 0.0253
	Step 100: mean loss = 0.0253
	Step 150: mean loss = 0.0252

	Loss on validation set after epoch 32: 0.0243

Epoch 33
	Step 0: mean loss = 0.0247
	Step 50: mean loss = 0.0248
	Step 100: mean loss = 0.0249
	Step 150: mean loss = 0.0249

	Loss on validation set after epoch 33: 0.0240

Epoch 34
	Step 0: mean loss = 0.0245
	Step 50: mean loss = 0.0243
	Step 100: mean loss = 0.0243
	Step 150: mean loss = 0.0242

	Loss on validation set after epoch 34: 0.0238

Epoch 35
	Step 0: mean loss = 0.0264
	Step 50: mean loss = 0.0238
	Step 100: mean loss = 0.0238
	Step 150: mean loss = 0.0236

	Loss on validation set after epoch 35: 0.0230

Epoch 36
	Step 0: mean loss = 0.0262
	Step 50: mean loss = 0.0230
	Step 100: mean loss = 0.0232
	Step 150: mean loss = 0.0232

	Loss on validation set after epoch 36: 0.0223

Epoch 37
	Step 0: mean loss = 0.0247
	Step 50: mean loss = 0.0228
	Step 100: mean loss = 0.0228
	Step 150: mean loss = 0.0227

	Loss on validation set after epoch 37: 0.0220

Epoch 38
	Step 0: mean loss = 0.0214
	Step 50: mean loss = 0.0220
	Step 100: mean loss = 0.0222
	Step 150: mean loss = 0.0220

	Loss on validation set after epoch 38: 0.0216

Epoch 39
	Step 0: mean loss = 0.0219
	Step 50: mean loss = 0.0214
	Step 100: mean loss = 0.0212
	Step 150: mean loss = 0.0211

	Loss on validation set after epoch 39: 0.0203

Epoch 40
	Step 0: mean loss = 0.0224
	Step 50: mean loss = 0.0207
	Step 100: mean loss = 0.0208
	Step 150: mean loss = 0.0207

	Loss on validation set after epoch 40: 0.0207

Epoch 41
	Step 0: mean loss = 0.0241
	Step 50: mean loss = 0.0201
	Step 100: mean loss = 0.0201
	Step 150: mean loss = 0.0200

	Loss on validation set after epoch 41: 0.0197

Epoch 42
	Step 0: mean loss = 0.0183
	Step 50: mean loss = 0.0197
	Step 100: mean loss = 0.0196
	Step 150: mean loss = 0.0195

	Loss on validation set after epoch 42: 0.0194

Epoch 43
	Step 0: mean loss = 0.0185
	Step 50: mean loss = 0.0191
	Step 100: mean loss = 0.0190
	Step 150: mean loss = 0.0189

	Loss on validation set after epoch 43: 0.0186

Epoch 44
	Step 0: mean loss = 0.0178
	Step 50: mean loss = 0.0186
	Step 100: mean loss = 0.0187
	Step 150: mean loss = 0.0186

	Loss on validation set after epoch 44: 0.0180

Epoch 45
	Step 0: mean loss = 0.0147
	Step 50: mean loss = 0.0182
	Step 100: mean loss = 0.0182
	Step 150: mean loss = 0.0182

	Loss on validation set after epoch 45: 0.0174

Epoch 46
	Step 0: mean loss = 0.0171
	Step 50: mean loss = 0.0180
	Step 100: mean loss = 0.0179
	Step 150: mean loss = 0.0179

	Loss on validation set after epoch 46: 0.0178

Epoch 47
	Step 0: mean loss = 0.0171
	Step 50: mean loss = 0.0177
	Step 100: mean loss = 0.0178
	Step 150: mean loss = 0.0177

	Loss on validation set after epoch 47: 0.0177

Epoch 48
	Step 0: mean loss = 0.0183
	Step 50: mean loss = 0.0173
	Step 100: mean loss = 0.0175
	Step 150: mean loss = 0.0173

	Loss on validation set after epoch 48: 0.0165

Epoch 49
	Step 0: mean loss = 0.0179
	Step 50: mean loss = 0.0169
	Step 100: mean loss = 0.0169
	Step 150: mean loss = 0.0170

	Loss on validation set after epoch 49: 0.0159

Epoch 50
	Step 0: mean loss = 0.0153
	Step 50: mean loss = 0.0168
	Step 100: mean loss = 0.0168
	Step 150: mean loss = 0.0168

	Loss on validation set after epoch 50: 0.0167

Epoch 51
	Step 0: mean loss = 0.0199
	Step 50: mean loss = 0.0166
	Step 100: mean loss = 0.0166
	Step 150: mean loss = 0.0166

	Loss on validation set after epoch 51: 0.0161

Epoch 52
	Step 0: mean loss = 0.0188
	Step 50: mean loss = 0.0163
	Step 100: mean loss = 0.0164
	Step 150: mean loss = 0.0164

	Loss on validation set after epoch 52: 0.0159

Epoch 53
	Step 0: mean loss = 0.0188
	Step 50: mean loss = 0.0161
	Step 100: mean loss = 0.0162
	Step 150: mean loss = 0.0161

	Loss on validation set after epoch 53: 0.0162

Epoch 54
	Step 0: mean loss = 0.0173
	Step 50: mean loss = 0.0161
	Step 100: mean loss = 0.0161
	Step 150: mean loss = 0.0160

	Loss on validation set after epoch 54: 0.0161

Epoch 55
	Step 0: mean loss = 0.0146
	Step 50: mean loss = 0.0158
	Step 100: mean loss = 0.0167
	Step 150: mean loss = 0.0169

	Loss on validation set after epoch 55: 0.0158

Epoch 56
	Step 0: mean loss = 0.0180
	Step 50: mean loss = 0.0159
	Step 100: mean loss = 0.0159
	Step 150: mean loss = 0.0158

	Loss on validation set after epoch 56: 0.0157

Epoch 57
	Step 0: mean loss = 0.0150
	Step 50: mean loss = 0.0156
	Step 100: mean loss = 0.0156
	Step 150: mean loss = 0.0157

	Loss on validation set after epoch 57: 0.0149

Epoch 58
	Step 0: mean loss = 0.0146
	Step 50: mean loss = 0.0157
	Step 100: mean loss = 0.0156
	Step 150: mean loss = 0.0156

	Loss on validation set after epoch 58: 0.0153

Epoch 59
	Step 0: mean loss = 0.0148
	Step 50: mean loss = 0.0154
	Step 100: mean loss = 0.0155
	Step 150: mean loss = 0.0156

	Loss on validation set after epoch 59: 0.0155

Epoch 60
	Step 0: mean loss = 0.0142
	Step 50: mean loss = 0.0153
	Step 100: mean loss = 0.0154
	Step 150: mean loss = 0.0154

	Loss on validation set after epoch 60: 0.0149

Epoch 61
	Step 0: mean loss = 0.0198
	Step 50: mean loss = 0.0153
	Step 100: mean loss = 0.0153
	Step 150: mean loss = 0.0154

	Loss on validation set after epoch 61: 0.0152

Epoch 62
	Step 0: mean loss = 0.0158
	Step 50: mean loss = 0.0151
	Step 100: mean loss = 0.0151
	Step 150: mean loss = 0.0152

	Loss on validation set after epoch 62: 0.0147

Epoch 63
	Step 0: mean loss = 0.0172
	Step 50: mean loss = 0.0150
	Step 100: mean loss = 0.0151
	Step 150: mean loss = 0.0151

	Loss on validation set after epoch 63: 0.0146

Epoch 64
	Step 0: mean loss = 0.0153
	Step 50: mean loss = 0.0149
	Step 100: mean loss = 0.0150
	Step 150: mean loss = 0.0149

	Loss on validation set after epoch 64: 0.0145

Epoch 65
	Step 0: mean loss = 0.0136
	Step 50: mean loss = 0.0148
	Step 100: mean loss = 0.0148
	Step 150: mean loss = 0.0148

	Loss on validation set after epoch 65: 0.0145

Epoch 66
	Step 0: mean loss = 0.0159
	Step 50: mean loss = 0.0146
	Step 100: mean loss = 0.0147
	Step 150: mean loss = 0.0147

	Loss on validation set after epoch 66: 0.0147

Epoch 67
	Step 0: mean loss = 0.0158
	Step 50: mean loss = 0.0147
	Step 100: mean loss = 0.0146
	Step 150: mean loss = 0.0147

	Loss on validation set after epoch 67: 0.0143

Epoch 68
	Step 0: mean loss = 0.0138
	Step 50: mean loss = 0.0144
	Step 100: mean loss = 0.0145
	Step 150: mean loss = 0.0145

	Loss on validation set after epoch 68: 0.0138

Epoch 69
	Step 0: mean loss = 0.0148
	Step 50: mean loss = 0.0143
	Step 100: mean loss = 0.0144
	Step 150: mean loss = 0.0144

	Loss on validation set after epoch 69: 0.0141

Epoch 70
	Step 0: mean loss = 0.0124
	Step 50: mean loss = 0.0145
	Step 100: mean loss = 0.0144
	Step 150: mean loss = 0.0144

	Loss on validation set after epoch 70: 0.0136

Epoch 71
	Step 0: mean loss = 0.0161
	Step 50: mean loss = 0.0142
	Step 100: mean loss = 0.0141
	Step 150: mean loss = 0.0141

	Loss on validation set after epoch 71: 0.0139

Epoch 72
	Step 0: mean loss = 0.0162
	Step 50: mean loss = 0.0137
	Step 100: mean loss = 0.0140
	Step 150: mean loss = 0.0139

	Loss on validation set after epoch 72: 0.0136

Epoch 73
	Step 0: mean loss = 0.0153
	Step 50: mean loss = 0.0138
	Step 100: mean loss = 0.0137
	Step 150: mean loss = 0.0137

	Loss on validation set after epoch 73: 0.0132

Epoch 74
	Step 0: mean loss = 0.0136
	Step 50: mean loss = 0.0138
	Step 100: mean loss = 0.0138
	Step 150: mean loss = 0.0137

	Loss on validation set after epoch 74: 0.0132

Epoch 75
	Step 0: mean loss = 0.0142
	Step 50: mean loss = 0.0133
	Step 100: mean loss = 0.0134
	Step 150: mean loss = 0.0134

	Loss on validation set after epoch 75: 0.0130

Epoch 76
	Step 0: mean loss = 0.0117
	Step 50: mean loss = 0.0132
	Step 100: mean loss = 0.0132
	Step 150: mean loss = 0.0132

	Loss on validation set after epoch 76: 0.0126

Epoch 77
	Step 0: mean loss = 0.0122
	Step 50: mean loss = 0.0130
	Step 100: mean loss = 0.0131
	Step 150: mean loss = 0.0130

	Loss on validation set after epoch 77: 0.0128

Epoch 78
	Step 0: mean loss = 0.0138
	Step 50: mean loss = 0.0129
	Step 100: mean loss = 0.0129
	Step 150: mean loss = 0.0128

	Loss on validation set after epoch 78: 0.0126

Epoch 79
	Step 0: mean loss = 0.0135
	Step 50: mean loss = 0.0125
	Step 100: mean loss = 0.0128
	Step 150: mean loss = 0.0127

	Loss on validation set after epoch 79: 0.0126

Epoch 80
	Step 0: mean loss = 0.0132
	Step 50: mean loss = 0.0127
	Step 100: mean loss = 0.0126
	Step 150: mean loss = 0.0125

	Loss on validation set after epoch 80: 0.0118

Epoch 81
	Step 0: mean loss = 0.0121
	Step 50: mean loss = 0.0122
	Step 100: mean loss = 0.0122
	Step 150: mean loss = 0.0122

	Loss on validation set after epoch 81: 0.0120

Epoch 82
	Step 0: mean loss = 0.0105
	Step 50: mean loss = 0.0118
	Step 100: mean loss = 0.0118
	Step 150: mean loss = 0.0118

	Loss on validation set after epoch 82: 0.0118

Epoch 83
	Step 0: mean loss = 0.0119
	Step 50: mean loss = 0.0117
	Step 100: mean loss = 0.0116
	Step 150: mean loss = 0.0116

	Loss on validation set after epoch 83: 0.0116

Epoch 84
	Step 0: mean loss = 0.0131
	Step 50: mean loss = 0.0114
	Step 100: mean loss = 0.0115
	Step 150: mean loss = 0.0114

	Loss on validation set after epoch 84: 0.0108

Epoch 85
	Step 0: mean loss = 0.0120
	Step 50: mean loss = 0.0111
	Step 100: mean loss = 0.0111
	Step 150: mean loss = 0.0111

	Loss on validation set after epoch 85: 0.0111

Epoch 86
	Step 0: mean loss = 0.0114
	Step 50: mean loss = 0.0108
	Step 100: mean loss = 0.0108
	Step 150: mean loss = 0.0109

	Loss on validation set after epoch 86: 0.0108

Epoch 87
	Step 0: mean loss = 0.0105
	Step 50: mean loss = 0.0106
	Step 100: mean loss = 0.0107
	Step 150: mean loss = 0.0106

	Loss on validation set after epoch 87: 0.0105

Epoch 88
	Step 0: mean loss = 0.0091
	Step 50: mean loss = 0.0105
	Step 100: mean loss = 0.0105
	Step 150: mean loss = 0.0104

	Loss on validation set after epoch 88: 0.0104

Epoch 89
	Step 0: mean loss = 0.0083
	Step 50: mean loss = 0.0102
	Step 100: mean loss = 0.0103
	Step 150: mean loss = 0.0103

	Loss on validation set after epoch 89: 0.0101

Epoch 90
	Step 0: mean loss = 0.0082
	Step 50: mean loss = 0.0101
	Step 100: mean loss = 0.0101
	Step 150: mean loss = 0.0101

	Loss on validation set after epoch 90: 0.0101

Epoch 91
	Step 0: mean loss = 0.0118
	Step 50: mean loss = 0.0099
	Step 100: mean loss = 0.0100
	Step 150: mean loss = 0.0099

	Loss on validation set after epoch 91: 0.0097

Epoch 92
	Step 0: mean loss = 0.0085
	Step 50: mean loss = 0.0098
	Step 100: mean loss = 0.0099
	Step 150: mean loss = 0.0099

	Loss on validation set after epoch 92: 0.0096

Epoch 93
	Step 0: mean loss = 0.0102
	Step 50: mean loss = 0.0097
	Step 100: mean loss = 0.0098
	Step 150: mean loss = 0.0098

	Loss on validation set after epoch 93: 0.0102

Epoch 94
	Step 0: mean loss = 0.0097
	Step 50: mean loss = 0.0096
	Step 100: mean loss = 0.0097
	Step 150: mean loss = 0.0097

	Loss on validation set after epoch 94: 0.0096

Epoch 95
	Step 0: mean loss = 0.0123
	Step 50: mean loss = 0.0094
	Step 100: mean loss = 0.0095
	Step 150: mean loss = 0.0095

	Loss on validation set after epoch 95: 0.0096

Epoch 96
	Step 0: mean loss = 0.0087
	Step 50: mean loss = 0.0094
	Step 100: mean loss = 0.0094
	Step 150: mean loss = 0.0094

	Loss on validation set after epoch 96: 0.0095

Epoch 97
	Step 0: mean loss = 0.0082
	Step 50: mean loss = 0.0094
	Step 100: mean loss = 0.0093
	Step 150: mean loss = 0.0093

	Loss on validation set after epoch 97: 0.0094

Epoch 98
	Step 0: mean loss = 0.0079
	Step 50: mean loss = 0.0091
	Step 100: mean loss = 0.0091
	Step 150: mean loss = 0.0091

	Loss on validation set after epoch 98: 0.0096

Epoch 99
	Step 0: mean loss = 0.0087
	Step 50: mean loss = 0.0090
	Step 100: mean loss = 0.0090
	Step 150: mean loss = 0.0090

	Loss on validation set after epoch 99: 0.0090

Epoch 100
	Step 0: mean loss = 0.0086
	Step 50: mean loss = 0.0090
	Step 100: mean loss = 0.0090
	Step 150: mean loss = 0.0090

	Loss on validation set after epoch 100: 0.0090

Epoch 101
	Step 0: mean loss = 0.0096
	Step 50: mean loss = 0.0088
	Step 100: mean loss = 0.0089
	Step 150: mean loss = 0.0089

	Loss on validation set after epoch 101: 0.0087

Epoch 102
	Step 0: mean loss = 0.0079
	Step 50: mean loss = 0.0088
	Step 100: mean loss = 0.0087
	Step 150: mean loss = 0.0088

	Loss on validation set after epoch 102: 0.0089

Epoch 103
	Step 0: mean loss = 0.0082
	Step 50: mean loss = 0.0087
	Step 100: mean loss = 0.0087
	Step 150: mean loss = 0.0087

	Loss on validation set after epoch 103: 0.0085

Epoch 104
	Step 0: mean loss = 0.0086
	Step 50: mean loss = 0.0086
	Step 100: mean loss = 0.0086
	Step 150: mean loss = 0.0086

	Loss on validation set after epoch 104: 0.0083

Epoch 105
	Step 0: mean loss = 0.0082
	Step 50: mean loss = 0.0084
	Step 100: mean loss = 0.0085
	Step 150: mean loss = 0.0084

	Loss on validation set after epoch 105: 0.0081

Epoch 106
	Step 0: mean loss = 0.0082
	Step 50: mean loss = 0.0082
	Step 100: mean loss = 0.0084
	Step 150: mean loss = 0.0083

	Loss on validation set after epoch 106: 0.0083

Epoch 107
	Step 0: mean loss = 0.0077
	Step 50: mean loss = 0.0083
	Step 100: mean loss = 0.0084
	Step 150: mean loss = 0.0084

	Loss on validation set after epoch 107: 0.0085

Epoch 108
	Step 0: mean loss = 0.0074
	Step 50: mean loss = 0.0082
	Step 100: mean loss = 0.0082
	Step 150: mean loss = 0.0082

	Loss on validation set after epoch 108: 0.0083

Epoch 109
	Step 0: mean loss = 0.0078
	Step 50: mean loss = 0.0081
	Step 100: mean loss = 0.0081
	Step 150: mean loss = 0.0081

	Loss on validation set after epoch 109: 0.0081

Epoch 110
	Step 0: mean loss = 0.0078
	Step 50: mean loss = 0.0080
	Step 100: mean loss = 0.0080
	Step 150: mean loss = 0.0080

	Loss on validation set after epoch 110: 0.0080

Epoch 111
	Step 0: mean loss = 0.0093
	Step 50: mean loss = 0.0079
	Step 100: mean loss = 0.0080
	Step 150: mean loss = 0.0080

	Loss on validation set after epoch 111: 0.0079

Epoch 112
	Step 0: mean loss = 0.0070
	Step 50: mean loss = 0.0078
	Step 100: mean loss = 0.0079
	Step 150: mean loss = 0.0079

	Loss on validation set after epoch 112: 0.0081

Epoch 113
	Step 0: mean loss = 0.0096
	Step 50: mean loss = 0.0079
	Step 100: mean loss = 0.0079
	Step 150: mean loss = 0.0078

	Loss on validation set after epoch 113: 0.0075

Epoch 114
	Step 0: mean loss = 0.0065
	Step 50: mean loss = 0.0077
	Step 100: mean loss = 0.0078
	Step 150: mean loss = 0.0078

	Loss on validation set after epoch 114: 0.0078

Epoch 115
	Step 0: mean loss = 0.0076
	Step 50: mean loss = 0.0077
	Step 100: mean loss = 0.0077
	Step 150: mean loss = 0.0078

	Loss on validation set after epoch 115: 0.0079

Epoch 116
	Step 0: mean loss = 0.0105
	Step 50: mean loss = 0.0077
	Step 100: mean loss = 0.0077
	Step 150: mean loss = 0.0077

	Loss on validation set after epoch 116: 0.0081

Epoch 117
	Step 0: mean loss = 0.0066
	Step 50: mean loss = 0.0076
	Step 100: mean loss = 0.0076
	Step 150: mean loss = 0.0076

	Loss on validation set after epoch 117: 0.0076

Epoch 118
	Step 0: mean loss = 0.0074
	Step 50: mean loss = 0.0076
	Step 100: mean loss = 0.0076
	Step 150: mean loss = 0.0076

	Loss on validation set after epoch 118: 0.0074

Epoch 119
	Step 0: mean loss = 0.0080
	Step 50: mean loss = 0.0075
	Step 100: mean loss = 0.0076
	Step 150: mean loss = 0.0076

	Loss on validation set after epoch 119: 0.0077

Epoch 120
	Step 0: mean loss = 0.0069
	Step 50: mean loss = 0.0074
	Step 100: mean loss = 0.0074
	Step 150: mean loss = 0.0074

	Loss on validation set after epoch 120: 0.0074

Epoch 121
	Step 0: mean loss = 0.0080
	Step 50: mean loss = 0.0073
	Step 100: mean loss = 0.0074
	Step 150: mean loss = 0.0074

	Loss on validation set after epoch 121: 0.0075

Epoch 122
	Step 0: mean loss = 0.0071
	Step 50: mean loss = 0.0073
	Step 100: mean loss = 0.0073
	Step 150: mean loss = 0.0073

	Loss on validation set after epoch 122: 0.0072

Epoch 123
	Step 0: mean loss = 0.0068
	Step 50: mean loss = 0.0071
	Step 100: mean loss = 0.0072
	Step 150: mean loss = 0.0072

	Loss on validation set after epoch 123: 0.0073

Epoch 124
	Step 0: mean loss = 0.0058
	Step 50: mean loss = 0.0071
	Step 100: mean loss = 0.0072
	Step 150: mean loss = 0.0072

	Loss on validation set after epoch 124: 0.0073

Epoch 125
	Step 0: mean loss = 0.0072
	Step 50: mean loss = 0.0071
	Step 100: mean loss = 0.0071
	Step 150: mean loss = 0.0071

	Loss on validation set after epoch 125: 0.0071

Epoch 126
	Step 0: mean loss = 0.0079
	Step 50: mean loss = 0.0070
	Step 100: mean loss = 0.0071
	Step 150: mean loss = 0.0071

	Loss on validation set after epoch 126: 0.0072

Epoch 127
	Step 0: mean loss = 0.0090
	Step 50: mean loss = 0.0070
	Step 100: mean loss = 0.0071
	Step 150: mean loss = 0.0071

	Loss on validation set after epoch 127: 0.0072

Epoch 128
	Step 0: mean loss = 0.0074
	Step 50: mean loss = 0.0069
	Step 100: mean loss = 0.0070
	Step 150: mean loss = 0.0070

	Loss on validation set after epoch 128: 0.0070

Epoch 129
	Step 0: mean loss = 0.0082
	Step 50: mean loss = 0.0069
	Step 100: mean loss = 0.0071
	Step 150: mean loss = 0.0070

	Loss on validation set after epoch 129: 0.0070

Epoch 130
	Step 0: mean loss = 0.0077
	Step 50: mean loss = 0.0069
	Step 100: mean loss = 0.0069
	Step 150: mean loss = 0.0069

	Loss on validation set after epoch 130: 0.0070

Epoch 131
	Step 0: mean loss = 0.0070
	Step 50: mean loss = 0.0069
	Step 100: mean loss = 0.0069
	Step 150: mean loss = 0.0069

	Loss on validation set after epoch 131: 0.0069

Epoch 132
	Step 0: mean loss = 0.0065
	Step 50: mean loss = 0.0067
	Step 100: mean loss = 0.0068
	Step 150: mean loss = 0.0068

	Loss on validation set after epoch 132: 0.0068

Epoch 133
	Step 0: mean loss = 0.0076
	Step 50: mean loss = 0.0067
	Step 100: mean loss = 0.0068
	Step 150: mean loss = 0.0068

	Loss on validation set after epoch 133: 0.0069

Epoch 134
	Step 0: mean loss = 0.0063
	Step 50: mean loss = 0.0068
	Step 100: mean loss = 0.0068
	Step 150: mean loss = 0.0068

	Loss on validation set after epoch 134: 0.0067

Epoch 135
	Step 0: mean loss = 0.0064
	Step 50: mean loss = 0.0067
	Step 100: mean loss = 0.0067
	Step 150: mean loss = 0.0067

	Loss on validation set after epoch 135: 0.0071

Epoch 136
	Step 0: mean loss = 0.0059
	Step 50: mean loss = 0.0066
	Step 100: mean loss = 0.0067
	Step 150: mean loss = 0.0067

	Loss on validation set after epoch 136: 0.0070

Epoch 137
	Step 0: mean loss = 0.0060
	Step 50: mean loss = 0.0066
	Step 100: mean loss = 0.0067
	Step 150: mean loss = 0.0066

	Loss on validation set after epoch 137: 0.0065

Epoch 138
	Step 0: mean loss = 0.0066
	Step 50: mean loss = 0.0065
	Step 100: mean loss = 0.0067
	Step 150: mean loss = 0.0066

	Loss on validation set after epoch 138: 0.0070

Epoch 139
	Step 0: mean loss = 0.0058
	Step 50: mean loss = 0.0064
	Step 100: mean loss = 0.0066
	Step 150: mean loss = 0.0065

	Loss on validation set after epoch 139: 0.0064

Epoch 140
	Step 0: mean loss = 0.0070
	Step 50: mean loss = 0.0064
	Step 100: mean loss = 0.0065
	Step 150: mean loss = 0.0065

	Loss on validation set after epoch 140: 0.0068

Epoch 141
	Step 0: mean loss = 0.0066
	Step 50: mean loss = 0.0064
	Step 100: mean loss = 0.0065
	Step 150: mean loss = 0.0065

	Loss on validation set after epoch 141: 0.0068

Epoch 142
	Step 0: mean loss = 0.0059
	Step 50: mean loss = 0.0065
	Step 100: mean loss = 0.0064
	Step 150: mean loss = 0.0064

	Loss on validation set after epoch 142: 0.0065

Epoch 143
	Step 0: mean loss = 0.0051
	Step 50: mean loss = 0.0063
	Step 100: mean loss = 0.0064
	Step 150: mean loss = 0.0064

	Loss on validation set after epoch 143: 0.0066

Epoch 144
	Step 0: mean loss = 0.0051
	Step 50: mean loss = 0.0063
	Step 100: mean loss = 0.0064
	Step 150: mean loss = 0.0063

	Loss on validation set after epoch 144: 0.0066

Model from epoch 139 was selected by early stopping.
Training process will be stopped now.
Deleted temporary files in ../data/trained_models/temp_01-03-16-47-48/
Location of saved model: ../data/trained_models/last_hope_76_01-03-16-47-48/ 

Adding feature wise convolutions with 32 filters per feature, 3 kernels and 1 strides ...
Adding feature wise convolutions with 1 filters per feature, 3 kernels and 1 strides ...
Adding feature based graph attention layer ...
Adding time based graph attention layer ...
Adding GRU layer with 256 units ...
Adding GRU layer with 61 units ...
Adding VAE as reconstruction model dimensions 3072 & 1536 and ...
Adding dense layer to forecasting model with 512 units and ReLu activation ...
Adding dense layer to forecasting model with 256 units and ReLu activation ...
Adding last dense layer to forecasting model with 61 units and sigmoid activation ...
VAE reconstructs the output of the gru layer.

Grid search running in anomaly detection model selection mode.
The following hyperparameters will not be evaluated:
relevance_mapping
unaffected_component_threshold
si_mode
si_parameter

Testing 294 combinations via grid search 
for model last_hope_76_01-03-16-47-48/ on the validation dataset. 


Top 50 combinations tested:
      gamma  single_timestamp_a.. affected_timestamp..     AD F1     AD F2    AD TPR   AD Prec    AD ACC    AD TNR    AD FPR  SI/ST AVG-HR@100%  SI/ST AVG-HR@150%  SI/ST AVG-HR@K  SI/ST F1  SI/ST TPR  SI/ST ACC
Comb                                                                                                                                                                                                              
237     0.7                 0.325                  160  0.608040  0.683230  0.744615  0.513800  0.817544  0.834657  0.165343           0.340608           0.417913        0.390769  0.049231   0.049231   0.853728
236     0.7                 0.325                  150  0.602978  0.682201  0.747692  0.505198  0.812865  0.828159  0.171841           0.340608           0.417913        0.390769  0.049231   0.049231   0.853728
132     0.5                 0.300                  160  0.601258  0.675141  0.735385  0.508511  0.814620  0.833213  0.166787           0.357837           0.417730        0.375385  0.064615   0.064615   0.856095
131     0.5                 0.300                  150  0.600751  0.676437  0.738462  0.506329  0.813450  0.831047  0.168953           0.357837           0.417730        0.375385  0.064615   0.064615   0.856095
235     0.7                 0.325                  140  0.596319  0.678771  0.747692  0.495918  0.807602  0.821661  0.178339           0.340608           0.417913        0.390769  0.049231   0.049231   0.853728
130     0.5                 0.300                  140  0.594328  0.674692  0.741538  0.495885  0.807602  0.823105  0.176895           0.357837           0.417730        0.375385  0.064615   0.064615   0.856095
234     0.7                 0.325                  130  0.591241  0.676127  0.747692  0.488934  0.803509  0.816606  0.183394           0.340608           0.417913        0.390769  0.049231   0.049231   0.853728
129     0.5                 0.300                  130  0.589963  0.672433  0.741538  0.489837  0.804094  0.818773  0.181227           0.357837           0.417730        0.375385  0.064615   0.064615   0.856095
128     0.5                 0.300                  120  0.588808  0.673344  0.744615  0.486922  0.802339  0.815884  0.184116           0.357837           0.417730        0.375385  0.064615   0.064615   0.856095
233     0.7                 0.325                  120  0.587244  0.675526  0.750769  0.482213  0.799415  0.810830  0.189170           0.340608           0.417913        0.390769  0.049231   0.049231   0.853728
127     0.5                 0.300                  110  0.583433  0.672013  0.747692  0.478346  0.797076  0.808664  0.191336           0.357837           0.417730        0.375385  0.064615   0.064615   0.856095
182     0.6                 0.325                  100  0.583211  0.598549  0.609231  0.559322  0.834503  0.887365  0.112635           0.343490           0.407418        0.372308  0.070769   0.070769   0.857041
232     0.7                 0.325                  110  0.582339  0.672918  0.750769  0.475634  0.795322  0.805776  0.194224           0.340608           0.417913        0.390769  0.049231   0.049231   0.853728
126     0.5                 0.300                  100  0.580262  0.671806  0.750769  0.472868  0.793567  0.803610  0.196390           0.357837           0.417730        0.375385  0.064615   0.064615   0.856095
231     0.7                 0.325                  100  0.579882  0.673077  0.753846  0.471154  0.792398  0.801444  0.198556           0.340608           0.417913        0.390769  0.049231   0.049231   0.853728
288     0.8                 0.350                  110  0.577982  0.580110  0.581538  0.574468  0.838596  0.898917  0.101083           0.322745           0.405985        0.375385  0.061538   0.061538   0.855621
287     0.8                 0.350                  100  0.577912  0.583741  0.587692  0.568452  0.836842  0.895307  0.104693           0.322745           0.405985        0.375385  0.061538   0.061538   0.855621
184     0.6                 0.325                  120  0.577508  0.581751  0.584615  0.570571  0.837427  0.896751  0.103249           0.343490           0.407418        0.372308  0.070769   0.070769   0.857041
183     0.6                 0.325                  110  0.576119  0.586626  0.593846  0.559420  0.833918  0.890253  0.109747           0.343490           0.407418        0.372308  0.070769   0.070769   0.857041
186     0.6                 0.325                  140  0.575900  0.570012  0.566154  0.585987  0.841520  0.906137  0.093863           0.343490           0.407418        0.372308  0.070769   0.070769   0.857041
289     0.8                 0.350                  120  0.575000  0.569659  0.566154  0.584127  0.840936  0.905415  0.094585           0.322745           0.405985        0.375385  0.061538   0.061538   0.855621
185     0.6                 0.325                  130  0.574501  0.575031  0.575385  0.573620  0.838012  0.899639  0.100361           0.343490           0.407418        0.372308  0.070769   0.070769   0.857041
290     0.8                 0.350                  130  0.572785  0.563161  0.556923  0.589577  0.842105  0.909025  0.090975           0.322745           0.405985        0.375385  0.061538   0.061538   0.855621
188     0.6                 0.325                  160  0.570513  0.556598  0.547692  0.595318  0.843275  0.912635  0.087365           0.343490           0.407418        0.372308  0.070769   0.070769   0.857041
291     0.8                 0.350                  140  0.570048  0.554511  0.544615  0.597973  0.843860  0.914079  0.085921           0.322745           0.405985        0.375385  0.061538   0.061538   0.855621
187     0.6                 0.325                  150  0.567353  0.557285  0.550769  0.584967  0.840351  0.908303  0.091697           0.343490           0.407418        0.372308  0.070769   0.070769   0.857041
286     0.8                 0.325                  160  0.559735  0.673230  0.778462  0.436960  0.767251  0.764621  0.235379           0.336972           0.421271        0.390769  0.061538   0.061538   0.855621
285     0.8                 0.325                  150  0.554825  0.670376  0.778462  0.431005  0.762573  0.758845  0.241155           0.336972           0.421271        0.390769  0.061538   0.061538   0.855621
76      0.4                 0.275                  160  0.553145  0.672114  0.784615  0.427136  0.759064  0.753069  0.246931           0.364567           0.409377        0.387692  0.055385   0.055385   0.854675
292     0.8                 0.350                  150  0.552632  0.530638  0.516923  0.593640  0.840936  0.916968  0.083032           0.322745           0.405985        0.375385  0.061538   0.061538   0.855621
293     0.8                 0.350                  160  0.548495  0.521297  0.504615  0.600733  0.842105  0.921300  0.078700           0.322745           0.405985        0.375385  0.061538   0.061538   0.855621
284     0.8                 0.325                  140  0.548004  0.667718  0.781538  0.421927  0.754971  0.748736  0.251264           0.336972           0.421271        0.390769  0.061538   0.061538   0.855621
75      0.4                 0.275                  150  0.547594  0.670157  0.787692  0.419672  0.752632  0.744404  0.255596           0.364567           0.409377        0.387692  0.055385   0.055385   0.854675
74      0.4                 0.275                  140  0.544492  0.669620  0.790769  0.415186  0.748538  0.738628  0.261372           0.364567           0.409377        0.387692  0.055385   0.055385   0.854675
181     0.6                 0.300                  160  0.542620  0.673722  0.803077  0.409733  0.742690  0.728520  0.271480           0.357646           0.429615        0.396923  0.061538   0.061538   0.855621
283     0.8                 0.325                  130  0.540254  0.664409  0.784615  0.411955  0.746199  0.737184  0.262816           0.336972           0.421271        0.390769  0.061538   0.061538   0.855621
180     0.6                 0.300                  150  0.539095  0.672830  0.806154  0.404946  0.738012  0.722022  0.277978           0.357646           0.429615        0.396923  0.061538   0.061538   0.855621
73      0.4                 0.275                  130  0.538220  0.665803  0.790769  0.407937  0.742105  0.730686  0.269314           0.364567           0.409377        0.387692  0.055385   0.055385   0.854675
72      0.4                 0.275                  120  0.536232  0.667182  0.796923  0.404056  0.738012  0.724188  0.275812           0.364567           0.409377        0.387692  0.055385   0.055385   0.854675
71      0.4                 0.275                  110  0.535787  0.670763  0.806154  0.401225  0.734503  0.717690  0.282310           0.364567           0.409377        0.387692  0.055385   0.055385   0.854675
179     0.6                 0.300                  140  0.534553  0.671261  0.809231  0.399090  0.732164  0.714079  0.285921           0.357646           0.429615        0.396923  0.061538   0.061538   0.855621
281     0.8                 0.325                  110  0.533742  0.668203  0.803077  0.399694  0.733333  0.716968  0.283032           0.336972           0.421271        0.390769  0.061538   0.061538   0.855621
178     0.6                 0.300                  130  0.533066  0.674100  0.818462  0.395245  0.727485  0.706137  0.293863           0.357646           0.429615        0.396923  0.061538   0.061538   0.855621
282     0.8                 0.325                  120  0.532778  0.661157  0.787692  0.402516  0.737427  0.725632  0.274368           0.336972           0.421271        0.390769  0.061538   0.061538   0.855621
280     0.8                 0.325                  100  0.531187  0.670391  0.812308  0.394619  0.727485  0.707581  0.292419           0.336972           0.421271        0.390769  0.061538   0.061538   0.855621
70      0.4                 0.275                  100  0.530902  0.667686  0.806154  0.395770  0.729240  0.711191  0.288809           0.364567           0.409377        0.387692  0.055385   0.055385   0.854675
177     0.6                 0.300                  120  0.530288  0.673562  0.821538  0.391496  0.723392  0.700361  0.299639           0.357646           0.429615        0.396923  0.061538   0.061538   0.855621
176     0.6                 0.300                  110  0.527559  0.673029  0.824615  0.387844  0.719298  0.694585  0.305415           0.357646           0.429615        0.396923  0.061538   0.061538   0.855621
175     0.6                 0.300                  100  0.522330  0.670823  0.827692  0.381560  0.712281  0.685199  0.314801           0.357646           0.429615        0.396923  0.061538   0.061538   0.855621
24      0.3                 0.275                  130  0.518968  0.523256  0.526154  0.511976  0.814620  0.882310  0.117690           0.372405           0.416445        0.316923  0.070769   0.070769   0.857041

Full result output for the best combination:
                 #Examples   TP   FP    TN  FN       ACC       FNR       TNR       FPR       TPR    Prec        F1        F2  AVG # affected
Component                                                                                                                                   
no_failure            1385    0  229  1156   0  0.834657       NaN  0.834657  0.165343       NaN  0.0000       NaN       NaN       75.480144
txt15_i1                 5    3    0     0   2  0.600000  0.400000       NaN       NaN  0.600000  1.0000  0.750000  0.652174      278.800000
txt15_i3                 5    0    0     0   5  0.000000  1.000000       NaN       NaN  0.000000     NaN       NaN       NaN        5.000000
txt15_conveyor           3    3    0     0   0  1.000000  0.000000       NaN       NaN  1.000000  1.0000  1.000000  1.000000      497.000000
txt15_m1               160  158    0     0   2  0.987500  0.012500       NaN       NaN  0.987500  1.0000  0.993711  0.989975      471.675000
txt15_pl                 9    7    0     0   2  0.777778  0.222222       NaN       NaN  0.777778  1.0000  0.875000  0.813953      334.666667
txt16_i3                 4    0    0     0   4  0.000000  1.000000       NaN       NaN  0.000000     NaN       NaN       NaN        1.500000
txt16_conveyor           8    0    0     0   8  0.000000  1.000000       NaN       NaN  0.000000     NaN       NaN       NaN       46.750000
txt16_m3                65   51    0     0  14  0.784615  0.215385       NaN       NaN  0.784615  1.0000  0.879310  0.819936      351.507692
txt16_turntable          2    0    0     0   2  0.000000  1.000000       NaN       NaN  0.000000     NaN       NaN       NaN        2.000000
txt17_i1                16    8    0     0   8  0.500000  0.500000       NaN       NaN  0.500000  1.0000  0.666667  0.555556      201.187500
txt17_pl                14    6    0     0   8  0.428571  0.571429       NaN       NaN  0.428571  1.0000  0.600000  0.483871      161.571429
txt18_pl                28    6    0     0  22  0.214286  0.785714       NaN       NaN  0.214286  1.0000  0.352941  0.254237       64.535714
txt19_i4                 6    0    0     0   6  0.000000  1.000000       NaN       NaN  0.000000     NaN       NaN       NaN        3.166667
combined              1710  242  229  1156  83  0.817544  0.255385  0.834657  0.165343  0.744615  0.5138  0.608040  0.683230      126.590058

                 #Examples   TP   FP    TN  FN       ACC       FNR       TNR       FPR       TPR    Prec        F1        F2  AVG # affected
Component                                                                                                                                   
no_failure            1385    0  229  1156   0  0.834657       NaN  0.834657  0.165343       NaN  0.0000       NaN       NaN       75.480144
txt15_i1                 5    3    0     0   2  0.600000  0.400000       NaN       NaN  0.600000  1.0000  0.750000  0.652174      278.800000
txt15_i3                 5    0    0     0   5  0.000000  1.000000       NaN       NaN  0.000000     NaN       NaN       NaN        5.000000
txt15_conveyor           3    3    0     0   0  1.000000  0.000000       NaN       NaN  1.000000  1.0000  1.000000  1.000000      497.000000
txt15_m1               160  158    0     0   2  0.987500  0.012500       NaN       NaN  0.987500  1.0000  0.993711  0.989975      471.675000
txt15_pl                 9    7    0     0   2  0.777778  0.222222       NaN       NaN  0.777778  1.0000  0.875000  0.813953      334.666667
txt16_i3                 4    0    0     0   4  0.000000  1.000000       NaN       NaN  0.000000     NaN       NaN       NaN        1.500000
txt16_conveyor           8    0    0     0   8  0.000000  1.000000       NaN       NaN  0.000000     NaN       NaN       NaN       46.750000
txt16_m3                65   51    0     0  14  0.784615  0.215385       NaN       NaN  0.784615  1.0000  0.879310  0.819936      351.507692
txt16_turntable          2    0    0     0   2  0.000000  1.000000       NaN       NaN  0.000000     NaN       NaN       NaN        2.000000
txt17_i1                16    8    0     0   8  0.500000  0.500000       NaN       NaN  0.500000  1.0000  0.666667  0.555556      201.187500
txt17_pl                14    6    0     0   8  0.428571  0.571429       NaN       NaN  0.428571  1.0000  0.600000  0.483871      161.571429
txt18_pl                28    6    0     0  22  0.214286  0.785714       NaN       NaN  0.214286  1.0000  0.352941  0.254237       64.535714
txt19_i4                 6    0    0     0   6  0.000000  1.000000       NaN       NaN  0.000000     NaN       NaN       NaN        3.166667
combined              1710  242  229  1156  83  0.817544  0.255385  0.834657  0.165343  0.744615  0.5138  0.608040  0.683230      126.590058

Execution time: 6178.443438824965
