
Dataset loaded:
Shape of training set (example, time, channels): (20812, 500, 61)
Shape of test set (example, time, channels): (3989, 500, 61)
Shape of train validation set (example, time, channels): (2313, 500, 61)
Shape of test validation set (example, time, channels): (1710, 500, 61)
Num of classes in all: 25

Creating model based on ../configuration/hyperparameter_combinations/last_hope_92.json hyperparameter file 

Adding feature wise convolutions with 32 filters per feature, 3 kernels and 1 strides ...
Adding feature wise convolutions with 1 filters per feature, 3 kernels and 1 strides ...
Adding feature based graph attention layer ...
Adding time based graph attention layer ...
Adding GRU layer with 256 units ...
Adding GRU layer with 61 units ...
Adding GRU AE as reconstruction model ...
Adding dense layer to forecasting model with 512 units and ReLu activation ...
Adding dense layer to forecasting model with 256 units and ReLu activation ...
Adding last dense layer to forecasting model with 61 units and sigmoid activation ...
VAE reconstructs the output of the gru layer.

Epoch 0
	Step 0: mean loss = 0.2199
	Step 50: mean loss = 0.2047
	Step 100: mean loss = 0.1464
	Step 150: mean loss = 0.1218

	Loss on validation set after epoch 0: 0.0705

Epoch 1
	Step 0: mean loss = 0.0682
	Step 50: mean loss = 0.0698
	Step 100: mean loss = 0.0696
	Step 150: mean loss = 0.0692

	Loss on validation set after epoch 1: 0.0677

Epoch 2
	Step 0: mean loss = 0.0664
	Step 50: mean loss = 0.0667
	Step 100: mean loss = 0.0655
	Step 150: mean loss = 0.0642

	Loss on validation set after epoch 2: 0.0603

Epoch 3
	Step 0: mean loss = 0.0613
	Step 50: mean loss = 0.0587
	Step 100: mean loss = 0.0576
	Step 150: mean loss = 0.0567

	Loss on validation set after epoch 3: 0.0538

Epoch 4
	Step 0: mean loss = 0.0538
	Step 50: mean loss = 0.0530
	Step 100: mean loss = 0.0528
	Step 150: mean loss = 0.0522

	Loss on validation set after epoch 4: 0.0498

Epoch 5
	Step 0: mean loss = 0.0504
	Step 50: mean loss = 0.0493
	Step 100: mean loss = 0.0485
	Step 150: mean loss = 0.0477

	Loss on validation set after epoch 5: 0.0465

Epoch 6
	Step 0: mean loss = 0.0482
	Step 50: mean loss = 0.0449
	Step 100: mean loss = 0.0447
	Step 150: mean loss = 0.0443

	Loss on validation set after epoch 6: 0.0429

Epoch 7
	Step 0: mean loss = 0.0419
	Step 50: mean loss = 0.0425
	Step 100: mean loss = 0.0424
	Step 150: mean loss = 0.0422

	Loss on validation set after epoch 7: 0.0411

Epoch 8
	Step 0: mean loss = 0.0374
	Step 50: mean loss = 0.0409
	Step 100: mean loss = 0.0409
	Step 150: mean loss = 0.0405

	Loss on validation set after epoch 8: 0.0400

Epoch 9
	Step 0: mean loss = 0.0385
	Step 50: mean loss = 0.0390
	Step 100: mean loss = 0.0391
	Step 150: mean loss = 0.0388

	Loss on validation set after epoch 9: 0.0380

Epoch 10
	Step 0: mean loss = 0.0365
	Step 50: mean loss = 0.0373
	Step 100: mean loss = 0.0372
	Step 150: mean loss = 0.0370

	Loss on validation set after epoch 10: 0.0360

Epoch 11
	Step 0: mean loss = 0.0365
	Step 50: mean loss = 0.0354
	Step 100: mean loss = 0.0354
	Step 150: mean loss = 0.0351

	Loss on validation set after epoch 11: 0.0338

Epoch 12
	Step 0: mean loss = 0.0296
	Step 50: mean loss = 0.0335
	Step 100: mean loss = 0.0337
	Step 150: mean loss = 0.0334

	Loss on validation set after epoch 12: 0.0324

Epoch 13
	Step 0: mean loss = 0.0282
	Step 50: mean loss = 0.0322
	Step 100: mean loss = 0.0322
	Step 150: mean loss = 0.0321

	Loss on validation set after epoch 13: 0.0311

Epoch 14
	Step 0: mean loss = 0.0302
	Step 50: mean loss = 0.0308
	Step 100: mean loss = 0.0309
	Step 150: mean loss = 0.0309

	Loss on validation set after epoch 14: 0.0311

Epoch 15
	Step 0: mean loss = 0.0334
	Step 50: mean loss = 0.0297
	Step 100: mean loss = 0.0300
	Step 150: mean loss = 0.0299

	Loss on validation set after epoch 15: 0.0295

Epoch 16
	Step 0: mean loss = 0.0297
	Step 50: mean loss = 0.0292
	Step 100: mean loss = 0.0292
	Step 150: mean loss = 0.0292

	Loss on validation set after epoch 16: 0.0286

Epoch 17
	Step 0: mean loss = 0.0278
	Step 50: mean loss = 0.0286
	Step 100: mean loss = 0.0287
	Step 150: mean loss = 0.0287

	Loss on validation set after epoch 17: 0.0282

Epoch 18
	Step 0: mean loss = 0.0303
	Step 50: mean loss = 0.0279
	Step 100: mean loss = 0.0279
	Step 150: mean loss = 0.0279

	Loss on validation set after epoch 18: 0.0277

Epoch 19
	Step 0: mean loss = 0.0271
	Step 50: mean loss = 0.0269
	Step 100: mean loss = 0.0272
	Step 150: mean loss = 0.0272

	Loss on validation set after epoch 19: 0.0275

Epoch 20
	Step 0: mean loss = 0.0229
	Step 50: mean loss = 0.0265
	Step 100: mean loss = 0.0266
	Step 150: mean loss = 0.0266

	Loss on validation set after epoch 20: 0.0263

Epoch 21
	Step 0: mean loss = 0.0287
	Step 50: mean loss = 0.0258
	Step 100: mean loss = 0.0259
	Step 150: mean loss = 0.0259

	Loss on validation set after epoch 21: 0.0253

Epoch 22
	Step 0: mean loss = 0.0246
	Step 50: mean loss = 0.0254
	Step 100: mean loss = 0.0253
	Step 150: mean loss = 0.0253

	Loss on validation set after epoch 22: 0.0249

Epoch 23
	Step 0: mean loss = 0.0245
	Step 50: mean loss = 0.0246
	Step 100: mean loss = 0.0247
	Step 150: mean loss = 0.0245

	Loss on validation set after epoch 23: 0.0244

Epoch 24
	Step 0: mean loss = 0.0250
	Step 50: mean loss = 0.0241
	Step 100: mean loss = 0.0242
	Step 150: mean loss = 0.0242

	Loss on validation set after epoch 24: 0.0240

Epoch 25
	Step 0: mean loss = 0.0253
	Step 50: mean loss = 0.0235
	Step 100: mean loss = 0.0234
	Step 150: mean loss = 0.0234

	Loss on validation set after epoch 25: 0.0234

Epoch 26
	Step 0: mean loss = 0.0231
	Step 50: mean loss = 0.0231
	Step 100: mean loss = 0.0230
	Step 150: mean loss = 0.0229

	Loss on validation set after epoch 26: 0.0232

Epoch 27
	Step 0: mean loss = 0.0233
	Step 50: mean loss = 0.0226
	Step 100: mean loss = 0.0226
	Step 150: mean loss = 0.0225

	Loss on validation set after epoch 27: 0.0224

Epoch 28
	Step 0: mean loss = 0.0240
	Step 50: mean loss = 0.0221
	Step 100: mean loss = 0.0220
	Step 150: mean loss = 0.0220

	Loss on validation set after epoch 28: 0.0220

Epoch 29
	Step 0: mean loss = 0.0213
	Step 50: mean loss = 0.0220
	Step 100: mean loss = 0.0218
	Step 150: mean loss = 0.0218

	Loss on validation set after epoch 29: 0.0214

Epoch 30
	Step 0: mean loss = 0.0207
	Step 50: mean loss = 0.0214
	Step 100: mean loss = 0.0214
	Step 150: mean loss = 0.0212

	Loss on validation set after epoch 30: 0.0212

Epoch 31
	Step 0: mean loss = 0.0171
	Step 50: mean loss = 0.0209
	Step 100: mean loss = 0.0207
	Step 150: mean loss = 0.0207

	Loss on validation set after epoch 31: 0.0210

Epoch 32
	Step 0: mean loss = 0.0201
	Step 50: mean loss = 0.0206
	Step 100: mean loss = 0.0204
	Step 150: mean loss = 0.0203

	Loss on validation set after epoch 32: 0.0209

Epoch 33
	Step 0: mean loss = 0.0205
	Step 50: mean loss = 0.0206
	Step 100: mean loss = 0.0203
	Step 150: mean loss = 0.0201

	Loss on validation set after epoch 33: 0.0197

Epoch 34
	Step 0: mean loss = 0.0196
	Step 50: mean loss = 0.0197
	Step 100: mean loss = 0.0195
	Step 150: mean loss = 0.0194

	Loss on validation set after epoch 34: 0.0190

Epoch 35
	Step 0: mean loss = 0.0211
	Step 50: mean loss = 0.0192
	Step 100: mean loss = 0.0191
	Step 150: mean loss = 0.0190

	Loss on validation set after epoch 35: 0.0191

Epoch 36
	Step 0: mean loss = 0.0194
	Step 50: mean loss = 0.0187
	Step 100: mean loss = 0.0186
	Step 150: mean loss = 0.0184

	Loss on validation set after epoch 36: 0.0180

Epoch 37
	Step 0: mean loss = 0.0168
	Step 50: mean loss = 0.0178
	Step 100: mean loss = 0.0177
	Step 150: mean loss = 0.0176

	Loss on validation set after epoch 37: 0.0174

Epoch 38
	Step 0: mean loss = 0.0186
	Step 50: mean loss = 0.0171
	Step 100: mean loss = 0.0170
	Step 150: mean loss = 0.0169

	Loss on validation set after epoch 38: 0.0180

Epoch 39
	Step 0: mean loss = 0.0198
	Step 50: mean loss = 0.0164
	Step 100: mean loss = 0.0163
	Step 150: mean loss = 0.0162

	Loss on validation set after epoch 39: 0.0164

Epoch 40
	Step 0: mean loss = 0.0173
	Step 50: mean loss = 0.0161
	Step 100: mean loss = 0.0159
	Step 150: mean loss = 0.0157

	Loss on validation set after epoch 40: 0.0156

Epoch 41
	Step 0: mean loss = 0.0150
	Step 50: mean loss = 0.0153
	Step 100: mean loss = 0.0153
	Step 150: mean loss = 0.0153

	Loss on validation set after epoch 41: 0.0154

Epoch 42
	Step 0: mean loss = 0.0166
	Step 50: mean loss = 0.0151
	Step 100: mean loss = 0.0151
	Step 150: mean loss = 0.0150

	Loss on validation set after epoch 42: 0.0156

Epoch 43
	Step 0: mean loss = 0.0134
	Step 50: mean loss = 0.0146
	Step 100: mean loss = 0.0147
	Step 150: mean loss = 0.0146

	Loss on validation set after epoch 43: 0.0156

Epoch 44
	Step 0: mean loss = 0.0132
	Step 50: mean loss = 0.0145
	Step 100: mean loss = 0.0145
	Step 150: mean loss = 0.0144

	Loss on validation set after epoch 44: 0.0149

Epoch 45
	Step 0: mean loss = 0.0130
	Step 50: mean loss = 0.0143
	Step 100: mean loss = 0.0142
	Step 150: mean loss = 0.0141

	Loss on validation set after epoch 45: 0.0146

Epoch 46
	Step 0: mean loss = 0.0152
	Step 50: mean loss = 0.0139
	Step 100: mean loss = 0.0140
	Step 150: mean loss = 0.0139

	Loss on validation set after epoch 46: 0.0135

Epoch 47
	Step 0: mean loss = 0.0123
	Step 50: mean loss = 0.0137
	Step 100: mean loss = 0.0140
	Step 150: mean loss = 0.0138

	Loss on validation set after epoch 47: 0.0137

Epoch 48
	Step 0: mean loss = 0.0121
	Step 50: mean loss = 0.0134
	Step 100: mean loss = 0.0135
	Step 150: mean loss = 0.0134

	Loss on validation set after epoch 48: 0.0137

Epoch 49
	Step 0: mean loss = 0.0156
	Step 50: mean loss = 0.0133
	Step 100: mean loss = 0.0133
	Step 150: mean loss = 0.0132

	Loss on validation set after epoch 49: 0.0128

Epoch 50
	Step 0: mean loss = 0.0130
	Step 50: mean loss = 0.0130
	Step 100: mean loss = 0.0131
	Step 150: mean loss = 0.0130

	Loss on validation set after epoch 50: 0.0134

Epoch 51
	Step 0: mean loss = 0.0118
	Step 50: mean loss = 0.0127
	Step 100: mean loss = 0.0128
	Step 150: mean loss = 0.0127

	Loss on validation set after epoch 51: 0.0126

Epoch 52
	Step 0: mean loss = 0.0125
	Step 50: mean loss = 0.0126
	Step 100: mean loss = 0.0127
	Step 150: mean loss = 0.0126

	Loss on validation set after epoch 52: 0.0131

Epoch 53
	Step 0: mean loss = 0.0128
	Step 50: mean loss = 0.0125
	Step 100: mean loss = 0.0126
	Step 150: mean loss = 0.0124

	Loss on validation set after epoch 53: 0.0123

Epoch 54
	Step 0: mean loss = 0.0150
	Step 50: mean loss = 0.0124
	Step 100: mean loss = 0.0123
	Step 150: mean loss = 0.0122

	Loss on validation set after epoch 54: 0.0130

Epoch 55
	Step 0: mean loss = 0.0116
	Step 50: mean loss = 0.0122
	Step 100: mean loss = 0.0120
	Step 150: mean loss = 0.0119

	Loss on validation set after epoch 55: 0.0124

Epoch 56
	Step 0: mean loss = 0.0091
	Step 50: mean loss = 0.0119
	Step 100: mean loss = 0.0120
	Step 150: mean loss = 0.0118

	Loss on validation set after epoch 56: 0.0122

Epoch 57
	Step 0: mean loss = 0.0130
	Step 50: mean loss = 0.0118
	Step 100: mean loss = 0.0117
	Step 150: mean loss = 0.0116

	Loss on validation set after epoch 57: 0.0120

Epoch 58
	Step 0: mean loss = 0.0130
	Step 50: mean loss = 0.0115
	Step 100: mean loss = 0.0114
	Step 150: mean loss = 0.0115

	Loss on validation set after epoch 58: 0.0119

Epoch 59
	Step 0: mean loss = 0.0125
	Step 50: mean loss = 0.0112
	Step 100: mean loss = 0.0112
	Step 150: mean loss = 0.0111

	Loss on validation set after epoch 59: 0.0107

Epoch 60
	Step 0: mean loss = 0.0120
	Step 50: mean loss = 0.0110
	Step 100: mean loss = 0.0110
	Step 150: mean loss = 0.0109

	Loss on validation set after epoch 60: 0.0109

Epoch 61
	Step 0: mean loss = 0.0110
	Step 50: mean loss = 0.0110
	Step 100: mean loss = 0.0109
	Step 150: mean loss = 0.0108

	Loss on validation set after epoch 61: 0.0108

Epoch 62
	Step 0: mean loss = 0.0106
	Step 50: mean loss = 0.0107
	Step 100: mean loss = 0.0106
	Step 150: mean loss = 0.0105

	Loss on validation set after epoch 62: 0.0105

Epoch 63
	Step 0: mean loss = 0.0118
	Step 50: mean loss = 0.0104
	Step 100: mean loss = 0.0105
	Step 150: mean loss = 0.0104

	Loss on validation set after epoch 63: 0.0104

Epoch 64
	Step 0: mean loss = 0.0116
	Step 50: mean loss = 0.0103
	Step 100: mean loss = 0.0103
	Step 150: mean loss = 0.0103

	Loss on validation set after epoch 64: 0.0109

Epoch 65
	Step 0: mean loss = 0.0119
	Step 50: mean loss = 0.0103
	Step 100: mean loss = 0.0100
	Step 150: mean loss = 0.0099

	Loss on validation set after epoch 65: 0.0102

Epoch 66
	Step 0: mean loss = 0.0094
	Step 50: mean loss = 0.0097
	Step 100: mean loss = 0.0097
	Step 150: mean loss = 0.0097

	Loss on validation set after epoch 66: 0.0099

Epoch 67
	Step 0: mean loss = 0.0129
	Step 50: mean loss = 0.0094
	Step 100: mean loss = 0.0095
	Step 150: mean loss = 0.0094

	Loss on validation set after epoch 67: 0.0095

Epoch 68
	Step 0: mean loss = 0.0082
	Step 50: mean loss = 0.0094
	Step 100: mean loss = 0.0093
	Step 150: mean loss = 0.0092

	Loss on validation set after epoch 68: 0.0092

Epoch 69
	Step 0: mean loss = 0.0093
	Step 50: mean loss = 0.0097
	Step 100: mean loss = 0.0095
	Step 150: mean loss = 0.0093

	Loss on validation set after epoch 69: 0.0092

Epoch 70
	Step 0: mean loss = 0.0107
	Step 50: mean loss = 0.0092
	Step 100: mean loss = 0.0091
	Step 150: mean loss = 0.0090

	Loss on validation set after epoch 70: 0.0088

Epoch 71
	Step 0: mean loss = 0.0076
	Step 50: mean loss = 0.0091
	Step 100: mean loss = 0.0090
	Step 150: mean loss = 0.0089

	Loss on validation set after epoch 71: 0.0087

Epoch 72
	Step 0: mean loss = 0.0104
	Step 50: mean loss = 0.0088
	Step 100: mean loss = 0.0088
	Step 150: mean loss = 0.0088

	Loss on validation set after epoch 72: 0.0090

Epoch 73
	Step 0: mean loss = 0.0112
	Step 50: mean loss = 0.0090
	Step 100: mean loss = 0.0089
	Step 150: mean loss = 0.0088

	Loss on validation set after epoch 73: 0.0093

Epoch 74
	Step 0: mean loss = 0.0076
	Step 50: mean loss = 0.0088
	Step 100: mean loss = 0.0088
	Step 150: mean loss = 0.0087

	Loss on validation set after epoch 74: 0.0087

Epoch 75
	Step 0: mean loss = 0.0094
	Step 50: mean loss = 0.0087
	Step 100: mean loss = 0.0086
	Step 150: mean loss = 0.0086

	Loss on validation set after epoch 75: 0.0084

Epoch 76
	Step 0: mean loss = 0.0102
	Step 50: mean loss = 0.0090
	Step 100: mean loss = 0.0087
	Step 150: mean loss = 0.0087

	Loss on validation set after epoch 76: 0.0089

Epoch 77
	Step 0: mean loss = 0.0099
	Step 50: mean loss = 0.0086
	Step 100: mean loss = 0.0085
	Step 150: mean loss = 0.0084

	Loss on validation set after epoch 77: 0.0085

Epoch 78
	Step 0: mean loss = 0.0082
	Step 50: mean loss = 0.0085
	Step 100: mean loss = 0.0085
	Step 150: mean loss = 0.0084

	Loss on validation set after epoch 78: 0.0082

Epoch 79
	Step 0: mean loss = 0.0076
	Step 50: mean loss = 0.0083
	Step 100: mean loss = 0.0083
	Step 150: mean loss = 0.0083

	Loss on validation set after epoch 79: 0.0088

Epoch 80
	Step 0: mean loss = 0.0085
	Step 50: mean loss = 0.0084
	Step 100: mean loss = 0.0083
	Step 150: mean loss = 0.0082

	Loss on validation set after epoch 80: 0.0083

Epoch 81
	Step 0: mean loss = 0.0089
	Step 50: mean loss = 0.0083
	Step 100: mean loss = 0.0082
	Step 150: mean loss = 0.0081

	Loss on validation set after epoch 81: 0.0081

Epoch 82
	Step 0: mean loss = 0.0083
	Step 50: mean loss = 0.0083
	Step 100: mean loss = 0.0082
	Step 150: mean loss = 0.0081

	Loss on validation set after epoch 82: 0.0080

Epoch 83
	Step 0: mean loss = 0.0101
	Step 50: mean loss = 0.0083
	Step 100: mean loss = 0.0082
	Step 150: mean loss = 0.0081

	Loss on validation set after epoch 83: 0.0085

Epoch 84
	Step 0: mean loss = 0.0072
	Step 50: mean loss = 0.0081
	Step 100: mean loss = 0.0080
	Step 150: mean loss = 0.0079

	Loss on validation set after epoch 84: 0.0086

Epoch 85
	Step 0: mean loss = 0.0065
	Step 50: mean loss = 0.0080
	Step 100: mean loss = 0.0079
	Step 150: mean loss = 0.0078

	Loss on validation set after epoch 85: 0.0082

Epoch 86
	Step 0: mean loss = 0.0079
	Step 50: mean loss = 0.0079
	Step 100: mean loss = 0.0079
	Step 150: mean loss = 0.0078

	Loss on validation set after epoch 86: 0.0077

Epoch 87
	Step 0: mean loss = 0.0073
	Step 50: mean loss = 0.0079
	Step 100: mean loss = 0.0078
	Step 150: mean loss = 0.0077

	Loss on validation set after epoch 87: 0.0077

Epoch 88
	Step 0: mean loss = 0.0081
	Step 50: mean loss = 0.0079
	Step 100: mean loss = 0.0078
	Step 150: mean loss = 0.0077

	Loss on validation set after epoch 88: 0.0078

Epoch 89
	Step 0: mean loss = 0.0098
	Step 50: mean loss = 0.0078
	Step 100: mean loss = 0.0078
	Step 150: mean loss = 0.0077

	Loss on validation set after epoch 89: 0.0078

Epoch 90
	Step 0: mean loss = 0.0094
	Step 50: mean loss = 0.0078
	Step 100: mean loss = 0.0077
	Step 150: mean loss = 0.0077

	Loss on validation set after epoch 90: 0.0081

Epoch 91
	Step 0: mean loss = 0.0049
	Step 50: mean loss = 0.0077
	Step 100: mean loss = 0.0076
	Step 150: mean loss = 0.0076

	Loss on validation set after epoch 91: 0.0077

Epoch 92
	Step 0: mean loss = 0.0093
	Step 50: mean loss = 0.0077
	Step 100: mean loss = 0.0077
	Step 150: mean loss = 0.0076

	Loss on validation set after epoch 92: 0.0077

Epoch 93
	Step 0: mean loss = 0.0058
	Step 50: mean loss = 0.0077
	Step 100: mean loss = 0.0076
	Step 150: mean loss = 0.0075

	Loss on validation set after epoch 93: 0.0079

Epoch 94
	Step 0: mean loss = 0.0066
	Step 50: mean loss = 0.0076
	Step 100: mean loss = 0.0076
	Step 150: mean loss = 0.0075

	Loss on validation set after epoch 94: 0.0082

Epoch 95
	Step 0: mean loss = 0.0080
	Step 50: mean loss = 0.0075
	Step 100: mean loss = 0.0074
	Step 150: mean loss = 0.0074

	Loss on validation set after epoch 95: 0.0082

Epoch 96
	Step 0: mean loss = 0.0074
	Step 50: mean loss = 0.0075
	Step 100: mean loss = 0.0074
	Step 150: mean loss = 0.0073

	Loss on validation set after epoch 96: 0.0076

Epoch 97
	Step 0: mean loss = 0.0069
	Step 50: mean loss = 0.0073
	Step 100: mean loss = 0.0074
	Step 150: mean loss = 0.0074

	Loss on validation set after epoch 97: 0.0075

Epoch 98
	Step 0: mean loss = 0.0064
	Step 50: mean loss = 0.0073
	Step 100: mean loss = 0.0074
	Step 150: mean loss = 0.0073

	Loss on validation set after epoch 98: 0.0076

Epoch 99
	Step 0: mean loss = 0.0089
	Step 50: mean loss = 0.0073
	Step 100: mean loss = 0.0073
	Step 150: mean loss = 0.0072

	Loss on validation set after epoch 99: 0.0074

Epoch 100
	Step 0: mean loss = 0.0075
	Step 50: mean loss = 0.0072
	Step 100: mean loss = 0.0072
	Step 150: mean loss = 0.0071

	Loss on validation set after epoch 100: 0.0075

Epoch 101
	Step 0: mean loss = 0.0078
	Step 50: mean loss = 0.0073
	Step 100: mean loss = 0.0073
	Step 150: mean loss = 0.0071

	Loss on validation set after epoch 101: 0.0074

Epoch 102
	Step 0: mean loss = 0.0062
	Step 50: mean loss = 0.0072
	Step 100: mean loss = 0.0072
	Step 150: mean loss = 0.0071

	Loss on validation set after epoch 102: 0.0073

Epoch 103
	Step 0: mean loss = 0.0060
	Step 50: mean loss = 0.0071
	Step 100: mean loss = 0.0071
	Step 150: mean loss = 0.0071

	Loss on validation set after epoch 103: 0.0077

Epoch 104
	Step 0: mean loss = 0.0079
	Step 50: mean loss = 0.0072
	Step 100: mean loss = 0.0071
	Step 150: mean loss = 0.0070

	Loss on validation set after epoch 104: 0.0073

Epoch 105
	Step 0: mean loss = 0.0064
	Step 50: mean loss = 0.0072
	Step 100: mean loss = 0.0071
	Step 150: mean loss = 0.0070

	Loss on validation set after epoch 105: 0.0073

Epoch 106
	Step 0: mean loss = 0.0061
	Step 50: mean loss = 0.0069
	Step 100: mean loss = 0.0069
	Step 150: mean loss = 0.0068

	Loss on validation set after epoch 106: 0.0069

Epoch 107
	Step 0: mean loss = 0.0086
	Step 50: mean loss = 0.0068
	Step 100: mean loss = 0.0067
	Step 150: mean loss = 0.0067

	Loss on validation set after epoch 107: 0.0074

Epoch 108
	Step 0: mean loss = 0.0073
	Step 50: mean loss = 0.0068
	Step 100: mean loss = 0.0068
	Step 150: mean loss = 0.0067

	Loss on validation set after epoch 108: 0.0069

Epoch 109
	Step 0: mean loss = 0.0049
	Step 50: mean loss = 0.0068
	Step 100: mean loss = 0.0068
	Step 150: mean loss = 0.0066

	Loss on validation set after epoch 109: 0.0066

Epoch 110
	Step 0: mean loss = 0.0071
	Step 50: mean loss = 0.0069
	Step 100: mean loss = 0.0068
	Step 150: mean loss = 0.0066

	Loss on validation set after epoch 110: 0.0069

Epoch 111
	Step 0: mean loss = 0.0077
	Step 50: mean loss = 0.0067
	Step 100: mean loss = 0.0066
	Step 150: mean loss = 0.0065

	Loss on validation set after epoch 111: 0.0067

Epoch 112
	Step 0: mean loss = 0.0082
	Step 50: mean loss = 0.0065
	Step 100: mean loss = 0.0066
	Step 150: mean loss = 0.0065

	Loss on validation set after epoch 112: 0.0068

Epoch 113
	Step 0: mean loss = 0.0074
	Step 50: mean loss = 0.0065
	Step 100: mean loss = 0.0065
	Step 150: mean loss = 0.0064

	Loss on validation set after epoch 113: 0.0068

Epoch 114
	Step 0: mean loss = 0.0054
	Step 50: mean loss = 0.0065
	Step 100: mean loss = 0.0065
	Step 150: mean loss = 0.0064

	Loss on validation set after epoch 114: 0.0065

Epoch 115
	Step 0: mean loss = 0.0068
	Step 50: mean loss = 0.0064
	Step 100: mean loss = 0.0065
	Step 150: mean loss = 0.0065

	Loss on validation set after epoch 115: 0.0067

Epoch 116
	Step 0: mean loss = 0.0066
	Step 50: mean loss = 0.0066
	Step 100: mean loss = 0.0065
	Step 150: mean loss = 0.0064

	Loss on validation set after epoch 116: 0.0066

Epoch 117
	Step 0: mean loss = 0.0052
	Step 50: mean loss = 0.0065
	Step 100: mean loss = 0.0065
	Step 150: mean loss = 0.0064

	Loss on validation set after epoch 117: 0.0066

Epoch 118
	Step 0: mean loss = 0.0072
	Step 50: mean loss = 0.0064
	Step 100: mean loss = 0.0064
	Step 150: mean loss = 0.0063

	Loss on validation set after epoch 118: 0.0065

Epoch 119
	Step 0: mean loss = 0.0052
	Step 50: mean loss = 0.0064
	Step 100: mean loss = 0.0064
	Step 150: mean loss = 0.0063

	Loss on validation set after epoch 119: 0.0066

Epoch 120
	Step 0: mean loss = 0.0084
	Step 50: mean loss = 0.0064
	Step 100: mean loss = 0.0065
	Step 150: mean loss = 0.0064

	Loss on validation set after epoch 120: 0.0062

Epoch 121
	Step 0: mean loss = 0.0069
	Step 50: mean loss = 0.0064
	Step 100: mean loss = 0.0063
	Step 150: mean loss = 0.0063

	Loss on validation set after epoch 121: 0.0064

Epoch 122
	Step 0: mean loss = 0.0041
	Step 50: mean loss = 0.0063
	Step 100: mean loss = 0.0063
	Step 150: mean loss = 0.0062

	Loss on validation set after epoch 122: 0.0070

Epoch 123
	Step 0: mean loss = 0.0052
	Step 50: mean loss = 0.0063
	Step 100: mean loss = 0.0062
	Step 150: mean loss = 0.0062

	Loss on validation set after epoch 123: 0.0065

Epoch 124
	Step 0: mean loss = 0.0055
	Step 50: mean loss = 0.0062
	Step 100: mean loss = 0.0062
	Step 150: mean loss = 0.0061

	Loss on validation set after epoch 124: 0.0064

Epoch 125
	Step 0: mean loss = 0.0066
	Step 50: mean loss = 0.0062
	Step 100: mean loss = 0.0062
	Step 150: mean loss = 0.0062

	Loss on validation set after epoch 125: 0.0063

Epoch 126
	Step 0: mean loss = 0.0061
	Step 50: mean loss = 0.0062
	Step 100: mean loss = 0.0062
	Step 150: mean loss = 0.0061

	Loss on validation set after epoch 126: 0.0064

Epoch 127
	Step 0: mean loss = 0.0051
	Step 50: mean loss = 0.0062
	Step 100: mean loss = 0.0062
	Step 150: mean loss = 0.0061

	Loss on validation set after epoch 127: 0.0064

Epoch 128
	Step 0: mean loss = 0.0046
	Step 50: mean loss = 0.0061
	Step 100: mean loss = 0.0061
	Step 150: mean loss = 0.0060

	Loss on validation set after epoch 128: 0.0067

Epoch 129
	Step 0: mean loss = 0.0063
	Step 50: mean loss = 0.0061
	Step 100: mean loss = 0.0061
	Step 150: mean loss = 0.0060

	Loss on validation set after epoch 129: 0.0063

Epoch 130
	Step 0: mean loss = 0.0061
	Step 50: mean loss = 0.0061
	Step 100: mean loss = 0.0061
	Step 150: mean loss = 0.0060

	Loss on validation set after epoch 130: 0.0061

Epoch 131
	Step 0: mean loss = 0.0064
	Step 50: mean loss = 0.0060
	Step 100: mean loss = 0.0060
	Step 150: mean loss = 0.0059

	Loss on validation set after epoch 131: 0.0061

Epoch 132
	Step 0: mean loss = 0.0065
	Step 50: mean loss = 0.0060
	Step 100: mean loss = 0.0061
	Step 150: mean loss = 0.0060

	Loss on validation set after epoch 132: 0.0065

Epoch 133
	Step 0: mean loss = 0.0082
	Step 50: mean loss = 0.0060
	Step 100: mean loss = 0.0060
	Step 150: mean loss = 0.0060

	Loss on validation set after epoch 133: 0.0066

Epoch 134
	Step 0: mean loss = 0.0069
	Step 50: mean loss = 0.0060
	Step 100: mean loss = 0.0061
	Step 150: mean loss = 0.0060

	Loss on validation set after epoch 134: 0.0062

Epoch 135
	Step 0: mean loss = 0.0075
	Step 50: mean loss = 0.0061
	Step 100: mean loss = 0.0061
	Step 150: mean loss = 0.0059

	Loss on validation set after epoch 135: 0.0060

Epoch 136
	Step 0: mean loss = 0.0074
	Step 50: mean loss = 0.0060
	Step 100: mean loss = 0.0060
	Step 150: mean loss = 0.0059

	Loss on validation set after epoch 136: 0.0061

Epoch 137
	Step 0: mean loss = 0.0054
	Step 50: mean loss = 0.0058
	Step 100: mean loss = 0.0059
	Step 150: mean loss = 0.0058

	Loss on validation set after epoch 137: 0.0061

Epoch 138
	Step 0: mean loss = 0.0060
	Step 50: mean loss = 0.0059
	Step 100: mean loss = 0.0059
	Step 150: mean loss = 0.0059

	Loss on validation set after epoch 138: 0.0065

Epoch 139
	Step 0: mean loss = 0.0055
	Step 50: mean loss = 0.0059
	Step 100: mean loss = 0.0059
	Step 150: mean loss = 0.0058

	Loss on validation set after epoch 139: 0.0062

Epoch 140
	Step 0: mean loss = 0.0071
	Step 50: mean loss = 0.0058
	Step 100: mean loss = 0.0058
	Step 150: mean loss = 0.0058

	Loss on validation set after epoch 140: 0.0067

Epoch 141
	Step 0: mean loss = 0.0058
	Step 50: mean loss = 0.0058
	Step 100: mean loss = 0.0058
	Step 150: mean loss = 0.0058

	Loss on validation set after epoch 141: 0.0060

Epoch 142
	Step 0: mean loss = 0.0077
	Step 50: mean loss = 0.0059
	Step 100: mean loss = 0.0058
	Step 150: mean loss = 0.0057

	Loss on validation set after epoch 142: 0.0060

Epoch 143
	Step 0: mean loss = 0.0063
	Step 50: mean loss = 0.0059
	Step 100: mean loss = 0.0058
	Step 150: mean loss = 0.0057

	Loss on validation set after epoch 143: 0.0058

Epoch 144
	Step 0: mean loss = 0.0051
	Step 50: mean loss = 0.0058
	Step 100: mean loss = 0.0057
	Step 150: mean loss = 0.0057

	Loss on validation set after epoch 144: 0.0061

Epoch 145
	Step 0: mean loss = 0.0065
	Step 50: mean loss = 0.0058
	Step 100: mean loss = 0.0058
	Step 150: mean loss = 0.0057

	Loss on validation set after epoch 145: 0.0060

Epoch 146
	Step 0: mean loss = 0.0062
	Step 50: mean loss = 0.0057
	Step 100: mean loss = 0.0057
	Step 150: mean loss = 0.0057

	Loss on validation set after epoch 146: 0.0059

Epoch 147
	Step 0: mean loss = 0.0045
	Step 50: mean loss = 0.0057
	Step 100: mean loss = 0.0057
	Step 150: mean loss = 0.0057

	Loss on validation set after epoch 147: 0.0058

Epoch 148
	Step 0: mean loss = 0.0057
	Step 50: mean loss = 0.0057
	Step 100: mean loss = 0.0057
	Step 150: mean loss = 0.0057

	Loss on validation set after epoch 148: 0.0059

Epoch 149
	Step 0: mean loss = 0.0036
	Step 50: mean loss = 0.0057
	Step 100: mean loss = 0.0057
	Step 150: mean loss = 0.0056

	Loss on validation set after epoch 149: 0.0058

Epoch 150
	Step 0: mean loss = 0.0046
	Step 50: mean loss = 0.0057
	Step 100: mean loss = 0.0057
	Step 150: mean loss = 0.0056

	Loss on validation set after epoch 150: 0.0057

Epoch 151
	Step 0: mean loss = 0.0051
	Step 50: mean loss = 0.0056
	Step 100: mean loss = 0.0056
	Step 150: mean loss = 0.0055

	Loss on validation set after epoch 151: 0.0059

Epoch 152
	Step 0: mean loss = 0.0045
	Step 50: mean loss = 0.0058
	Step 100: mean loss = 0.0057
	Step 150: mean loss = 0.0056

	Loss on validation set after epoch 152: 0.0062

Epoch 153
	Step 0: mean loss = 0.0075
	Step 50: mean loss = 0.0056
	Step 100: mean loss = 0.0056
	Step 150: mean loss = 0.0055

	Loss on validation set after epoch 153: 0.0061

Epoch 154
	Step 0: mean loss = 0.0062
	Step 50: mean loss = 0.0057
	Step 100: mean loss = 0.0057
	Step 150: mean loss = 0.0056

	Loss on validation set after epoch 154: 0.0060

Epoch 155
	Step 0: mean loss = 0.0067
	Step 50: mean loss = 0.0056
	Step 100: mean loss = 0.0056
	Step 150: mean loss = 0.0055

	Loss on validation set after epoch 155: 0.0064

Epoch 156
	Step 0: mean loss = 0.0048
	Step 50: mean loss = 0.0056
	Step 100: mean loss = 0.0057
	Step 150: mean loss = 0.0056

	Loss on validation set after epoch 156: 0.0057

Epoch 157
	Step 0: mean loss = 0.0047
	Step 50: mean loss = 0.0057
	Step 100: mean loss = 0.0055
	Step 150: mean loss = 0.0055

	Loss on validation set after epoch 157: 0.0060

Epoch 158
	Step 0: mean loss = 0.0055
	Step 50: mean loss = 0.0055
	Step 100: mean loss = 0.0055
	Step 150: mean loss = 0.0055

	Loss on validation set after epoch 158: 0.0058

Epoch 159
	Step 0: mean loss = 0.0058
	Step 50: mean loss = 0.0056
	Step 100: mean loss = 0.0055
	Step 150: mean loss = 0.0055

	Loss on validation set after epoch 159: 0.0058

Epoch 160
	Step 0: mean loss = 0.0044
	Step 50: mean loss = 0.0056
	Step 100: mean loss = 0.0056
	Step 150: mean loss = 0.0056

	Loss on validation set after epoch 160: 0.0060

Epoch 161
	Step 0: mean loss = 0.0064
	Step 50: mean loss = 0.0055
	Step 100: mean loss = 0.0055
	Step 150: mean loss = 0.0055

	Loss on validation set after epoch 161: 0.0060

Epoch 162
	Step 0: mean loss = 0.0057
	Step 50: mean loss = 0.0055
	Step 100: mean loss = 0.0055
	Step 150: mean loss = 0.0054

	Loss on validation set after epoch 162: 0.0058

Epoch 163
	Step 0: mean loss = 0.0063
	Step 50: mean loss = 0.0054
	Step 100: mean loss = 0.0054
	Step 150: mean loss = 0.0054

	Loss on validation set after epoch 163: 0.0061

Epoch 164
	Step 0: mean loss = 0.0062
	Step 50: mean loss = 0.0055
	Step 100: mean loss = 0.0055
	Step 150: mean loss = 0.0054

	Loss on validation set after epoch 164: 0.0056

Epoch 165
	Step 0: mean loss = 0.0048
	Step 50: mean loss = 0.0055
	Step 100: mean loss = 0.0055
	Step 150: mean loss = 0.0054

	Loss on validation set after epoch 165: 0.0062

Epoch 166
	Step 0: mean loss = 0.0061
	Step 50: mean loss = 0.0055
	Step 100: mean loss = 0.0055
	Step 150: mean loss = 0.0054

	Loss on validation set after epoch 166: 0.0061

Epoch 167
	Step 0: mean loss = 0.0068
	Step 50: mean loss = 0.0054
	Step 100: mean loss = 0.0054
	Step 150: mean loss = 0.0053

	Loss on validation set after epoch 167: 0.0057

Epoch 168
	Step 0: mean loss = 0.0052
	Step 50: mean loss = 0.0055
	Step 100: mean loss = 0.0054
	Step 150: mean loss = 0.0054

	Loss on validation set after epoch 168: 0.0055

Epoch 169
	Step 0: mean loss = 0.0046
	Step 50: mean loss = 0.0054
	Step 100: mean loss = 0.0054
	Step 150: mean loss = 0.0053

	Loss on validation set after epoch 169: 0.0057

Epoch 170
	Step 0: mean loss = 0.0040
	Step 50: mean loss = 0.0053
	Step 100: mean loss = 0.0054
	Step 150: mean loss = 0.0053

	Loss on validation set after epoch 170: 0.0055

Epoch 171
	Step 0: mean loss = 0.0062
	Step 50: mean loss = 0.0053
	Step 100: mean loss = 0.0053
	Step 150: mean loss = 0.0053

	Loss on validation set after epoch 171: 0.0058

Epoch 172
	Step 0: mean loss = 0.0054
	Step 50: mean loss = 0.0054
	Step 100: mean loss = 0.0054
	Step 150: mean loss = 0.0053

	Loss on validation set after epoch 172: 0.0056

Epoch 173
	Step 0: mean loss = 0.0059
	Step 50: mean loss = 0.0053
	Step 100: mean loss = 0.0054
	Step 150: mean loss = 0.0053

	Loss on validation set after epoch 173: 0.0055

Epoch 174
	Step 0: mean loss = 0.0056
	Step 50: mean loss = 0.0053
	Step 100: mean loss = 0.0053
	Step 150: mean loss = 0.0053

	Loss on validation set after epoch 174: 0.0057

Epoch 175
	Step 0: mean loss = 0.0049
	Step 50: mean loss = 0.0054
	Step 100: mean loss = 0.0054
	Step 150: mean loss = 0.0053

	Loss on validation set after epoch 175: 0.0056

Epoch 176
	Step 0: mean loss = 0.0052
	Step 50: mean loss = 0.0053
	Step 100: mean loss = 0.0053
	Step 150: mean loss = 0.0053

	Loss on validation set after epoch 176: 0.0054

Epoch 177
	Step 0: mean loss = 0.0052
	Step 50: mean loss = 0.0053
	Step 100: mean loss = 0.0054
	Step 150: mean loss = 0.0053

	Loss on validation set after epoch 177: 0.0056

Epoch 178
	Step 0: mean loss = 0.0073
	Step 50: mean loss = 0.0052
	Step 100: mean loss = 0.0053
	Step 150: mean loss = 0.0052

	Loss on validation set after epoch 178: 0.0056

Epoch 179
	Step 0: mean loss = 0.0049
	Step 50: mean loss = 0.0054
	Step 100: mean loss = 0.0052
	Step 150: mean loss = 0.0052

	Loss on validation set after epoch 179: 0.0054

Epoch 180
	Step 0: mean loss = 0.0052
	Step 50: mean loss = 0.0052
	Step 100: mean loss = 0.0053
	Step 150: mean loss = 0.0052

	Loss on validation set after epoch 180: 0.0058

Epoch 181
	Step 0: mean loss = 0.0041
	Step 50: mean loss = 0.0052
	Step 100: mean loss = 0.0052
	Step 150: mean loss = 0.0052

	Loss on validation set after epoch 181: 0.0054

Epoch 182
	Step 0: mean loss = 0.0062
	Step 50: mean loss = 0.0053
	Step 100: mean loss = 0.0053
	Step 150: mean loss = 0.0052

	Loss on validation set after epoch 182: 0.0054

Epoch 183
	Step 0: mean loss = 0.0053
	Step 50: mean loss = 0.0051
	Step 100: mean loss = 0.0052
	Step 150: mean loss = 0.0051

	Loss on validation set after epoch 183: 0.0055

Epoch 184
	Step 0: mean loss = 0.0056
	Step 50: mean loss = 0.0052
	Step 100: mean loss = 0.0053
	Step 150: mean loss = 0.0051

	Loss on validation set after epoch 184: 0.0054

Epoch 185
	Step 0: mean loss = 0.0063
	Step 50: mean loss = 0.0052
	Step 100: mean loss = 0.0051
	Step 150: mean loss = 0.0051

	Loss on validation set after epoch 185: 0.0056

Epoch 186
	Step 0: mean loss = 0.0057
	Step 50: mean loss = 0.0052
	Step 100: mean loss = 0.0052
	Step 150: mean loss = 0.0051

	Loss on validation set after epoch 186: 0.0055

Epoch 187
	Step 0: mean loss = 0.0074
	Step 50: mean loss = 0.0051
	Step 100: mean loss = 0.0051
	Step 150: mean loss = 0.0050

	Loss on validation set after epoch 187: 0.0054

Epoch 188
	Step 0: mean loss = 0.0053
	Step 50: mean loss = 0.0052
	Step 100: mean loss = 0.0052
	Step 150: mean loss = 0.0051

	Loss on validation set after epoch 188: 0.0055

Epoch 189
	Step 0: mean loss = 0.0048
	Step 50: mean loss = 0.0051
	Step 100: mean loss = 0.0051
	Step 150: mean loss = 0.0051

	Loss on validation set after epoch 189: 0.0053

Epoch 190
	Step 0: mean loss = 0.0055
	Step 50: mean loss = 0.0050
	Step 100: mean loss = 0.0051
	Step 150: mean loss = 0.0051

	Loss on validation set after epoch 190: 0.0054

Epoch 191
	Step 0: mean loss = 0.0040
	Step 50: mean loss = 0.0051
	Step 100: mean loss = 0.0051
	Step 150: mean loss = 0.0050

	Loss on validation set after epoch 191: 0.0055

Epoch 192
	Step 0: mean loss = 0.0053
	Step 50: mean loss = 0.0051
	Step 100: mean loss = 0.0051
	Step 150: mean loss = 0.0050

	Loss on validation set after epoch 192: 0.0054

Epoch 193
	Step 0: mean loss = 0.0042
	Step 50: mean loss = 0.0051
	Step 100: mean loss = 0.0051
	Step 150: mean loss = 0.0050

	Loss on validation set after epoch 193: 0.0054

Epoch 194
	Step 0: mean loss = 0.0041
	Step 50: mean loss = 0.0051
	Step 100: mean loss = 0.0050
	Step 150: mean loss = 0.0050

	Loss on validation set after epoch 194: 0.0055

Epoch 195
	Step 0: mean loss = 0.0053
	Step 50: mean loss = 0.0051
	Step 100: mean loss = 0.0050
	Step 150: mean loss = 0.0050

	Loss on validation set after epoch 195: 0.0055

Epoch 196
	Step 0: mean loss = 0.0068
	Step 50: mean loss = 0.0050
	Step 100: mean loss = 0.0051
	Step 150: mean loss = 0.0050

	Loss on validation set after epoch 196: 0.0056

Epoch 197
	Step 0: mean loss = 0.0061
	Step 50: mean loss = 0.0051
	Step 100: mean loss = 0.0050
	Step 150: mean loss = 0.0050

	Loss on validation set after epoch 197: 0.0053

Epoch 198
	Step 0: mean loss = 0.0057
	Step 50: mean loss = 0.0050
	Step 100: mean loss = 0.0050
	Step 150: mean loss = 0.0050

	Loss on validation set after epoch 198: 0.0054

Epoch 199
	Step 0: mean loss = 0.0037
	Step 50: mean loss = 0.0050
	Step 100: mean loss = 0.0050
	Step 150: mean loss = 0.0049

	Loss on validation set after epoch 199: 0.0056

Epoch 200
	Step 0: mean loss = 0.0066
	Step 50: mean loss = 0.0050
	Step 100: mean loss = 0.0050
	Step 150: mean loss = 0.0049

	Loss on validation set after epoch 200: 0.0054

Epoch 201
	Step 0: mean loss = 0.0069
	Step 50: mean loss = 0.0050
	Step 100: mean loss = 0.0050
	Step 150: mean loss = 0.0049

	Loss on validation set after epoch 201: 0.0053

Epoch 202
	Step 0: mean loss = 0.0068
	Step 50: mean loss = 0.0050
	Step 100: mean loss = 0.0050
	Step 150: mean loss = 0.0049

	Loss on validation set after epoch 202: 0.0052

Epoch 203
	Step 0: mean loss = 0.0054
	Step 50: mean loss = 0.0049
	Step 100: mean loss = 0.0049
	Step 150: mean loss = 0.0049

	Loss on validation set after epoch 203: 0.0053

Epoch 204
	Step 0: mean loss = 0.0036
	Step 50: mean loss = 0.0049
	Step 100: mean loss = 0.0049
	Step 150: mean loss = 0.0049

	Loss on validation set after epoch 204: 0.0052

Epoch 205
	Step 0: mean loss = 0.0061
	Step 50: mean loss = 0.0051
	Step 100: mean loss = 0.0049
	Step 150: mean loss = 0.0049

	Loss on validation set after epoch 205: 0.0053

Epoch 206
	Step 0: mean loss = 0.0054
	Step 50: mean loss = 0.0050
	Step 100: mean loss = 0.0049
	Step 150: mean loss = 0.0049

	Loss on validation set after epoch 206: 0.0053

Epoch 207
	Step 0: mean loss = 0.0068
	Step 50: mean loss = 0.0049
	Step 100: mean loss = 0.0049
	Step 150: mean loss = 0.0048

	Loss on validation set after epoch 207: 0.0051

Epoch 208
	Step 0: mean loss = 0.0049
	Step 50: mean loss = 0.0049
	Step 100: mean loss = 0.0049
	Step 150: mean loss = 0.0049

	Loss on validation set after epoch 208: 0.0053

Epoch 209
	Step 0: mean loss = 0.0046
	Step 50: mean loss = 0.0049
	Step 100: mean loss = 0.0049
	Step 150: mean loss = 0.0048

	Loss on validation set after epoch 209: 0.0052

Epoch 210
	Step 0: mean loss = 0.0045
	Step 50: mean loss = 0.0049
	Step 100: mean loss = 0.0049
	Step 150: mean loss = 0.0048

	Loss on validation set after epoch 210: 0.0052

Epoch 211
	Step 0: mean loss = 0.0049
	Step 50: mean loss = 0.0050
	Step 100: mean loss = 0.0049
	Step 150: mean loss = 0.0049

	Loss on validation set after epoch 211: 0.0050

Epoch 212
	Step 0: mean loss = 0.0069
	Step 50: mean loss = 0.0048
	Step 100: mean loss = 0.0048
	Step 150: mean loss = 0.0048

	Loss on validation set after epoch 212: 0.0052

Epoch 213
	Step 0: mean loss = 0.0047
	Step 50: mean loss = 0.0049
	Step 100: mean loss = 0.0048
	Step 150: mean loss = 0.0047

	Loss on validation set after epoch 213: 0.0052

Epoch 214
	Step 0: mean loss = 0.0058
	Step 50: mean loss = 0.0048
	Step 100: mean loss = 0.0048
	Step 150: mean loss = 0.0047

	Loss on validation set after epoch 214: 0.0052

Epoch 215
	Step 0: mean loss = 0.0045
	Step 50: mean loss = 0.0049
	Step 100: mean loss = 0.0048
	Step 150: mean loss = 0.0047

	Loss on validation set after epoch 215: 0.0053

Epoch 216
	Step 0: mean loss = 0.0067
	Step 50: mean loss = 0.0048
	Step 100: mean loss = 0.0047
	Step 150: mean loss = 0.0047

	Loss on validation set after epoch 216: 0.0052

Epoch 217
	Step 0: mean loss = 0.0053
	Step 50: mean loss = 0.0049
	Step 100: mean loss = 0.0048
	Step 150: mean loss = 0.0047

	Loss on validation set after epoch 217: 0.0052

Epoch 218
	Step 0: mean loss = 0.0050
	Step 50: mean loss = 0.0048
	Step 100: mean loss = 0.0048
	Step 150: mean loss = 0.0047

	Loss on validation set after epoch 218: 0.0053

Epoch 219
	Step 0: mean loss = 0.0053
	Step 50: mean loss = 0.0048
	Step 100: mean loss = 0.0048
	Step 150: mean loss = 0.0047

	Loss on validation set after epoch 219: 0.0053

Epoch 220
	Step 0: mean loss = 0.0047
	Step 50: mean loss = 0.0047
	Step 100: mean loss = 0.0047
	Step 150: mean loss = 0.0046

	Loss on validation set after epoch 220: 0.0050

Epoch 221
	Step 0: mean loss = 0.0033
	Step 50: mean loss = 0.0048
	Step 100: mean loss = 0.0047
	Step 150: mean loss = 0.0047

	Loss on validation set after epoch 221: 0.0053

Epoch 222
	Step 0: mean loss = 0.0061
	Step 50: mean loss = 0.0047
	Step 100: mean loss = 0.0047
	Step 150: mean loss = 0.0046

	Loss on validation set after epoch 222: 0.0050

Epoch 223
	Step 0: mean loss = 0.0047
	Step 50: mean loss = 0.0048
	Step 100: mean loss = 0.0047
	Step 150: mean loss = 0.0047

	Loss on validation set after epoch 223: 0.0052

Epoch 224
	Step 0: mean loss = 0.0049
	Step 50: mean loss = 0.0047
	Step 100: mean loss = 0.0046
	Step 150: mean loss = 0.0046

	Loss on validation set after epoch 224: 0.0050

Epoch 225
	Step 0: mean loss = 0.0049
	Step 50: mean loss = 0.0048
	Step 100: mean loss = 0.0047
	Step 150: mean loss = 0.0046

	Loss on validation set after epoch 225: 0.0052

Epoch 226
	Step 0: mean loss = 0.0049
	Step 50: mean loss = 0.0047
	Step 100: mean loss = 0.0047
	Step 150: mean loss = 0.0046

	Loss on validation set after epoch 226: 0.0051

Epoch 227
	Step 0: mean loss = 0.0030
	Step 50: mean loss = 0.0046
	Step 100: mean loss = 0.0046
	Step 150: mean loss = 0.0046

	Loss on validation set after epoch 227: 0.0053

Epoch 228
	Step 0: mean loss = 0.0067
	Step 50: mean loss = 0.0046
	Step 100: mean loss = 0.0046
	Step 150: mean loss = 0.0046

	Loss on validation set after epoch 228: 0.0048

Epoch 229
	Step 0: mean loss = 0.0047
	Step 50: mean loss = 0.0046
	Step 100: mean loss = 0.0046
	Step 150: mean loss = 0.0046

	Loss on validation set after epoch 229: 0.0051

Epoch 230
	Step 0: mean loss = 0.0050
	Step 50: mean loss = 0.0046
	Step 100: mean loss = 0.0048
	Step 150: mean loss = 0.0047

	Loss on validation set after epoch 230: 0.0047

Epoch 231
	Step 0: mean loss = 0.0056
	Step 50: mean loss = 0.0046
	Step 100: mean loss = 0.0045
	Step 150: mean loss = 0.0045

	Loss on validation set after epoch 231: 0.0052

Epoch 232
	Step 0: mean loss = 0.0052
	Step 50: mean loss = 0.0046
	Step 100: mean loss = 0.0045
	Step 150: mean loss = 0.0045

	Loss on validation set after epoch 232: 0.0051

Epoch 233
	Step 0: mean loss = 0.0036
	Step 50: mean loss = 0.0045
	Step 100: mean loss = 0.0045
	Step 150: mean loss = 0.0044

	Loss on validation set after epoch 233: 0.0050

Epoch 234
	Step 0: mean loss = 0.0042
	Step 50: mean loss = 0.0045
	Step 100: mean loss = 0.0045
	Step 150: mean loss = 0.0045

	Loss on validation set after epoch 234: 0.0048

Epoch 235
	Step 0: mean loss = 0.0039
	Step 50: mean loss = 0.0045
	Step 100: mean loss = 0.0044
	Step 150: mean loss = 0.0044

	Loss on validation set after epoch 235: 0.0048

Epoch 236
	Step 0: mean loss = 0.0065
	Step 50: mean loss = 0.0045
	Step 100: mean loss = 0.0045
	Step 150: mean loss = 0.0044

	Loss on validation set after epoch 236: 0.0050

Epoch 237
	Step 0: mean loss = 0.0039
	Step 50: mean loss = 0.0045
	Step 100: mean loss = 0.0045
	Step 150: mean loss = 0.0044

	Loss on validation set after epoch 237: 0.0049

Epoch 238
	Step 0: mean loss = 0.0040
	Step 50: mean loss = 0.0044
	Step 100: mean loss = 0.0044
	Step 150: mean loss = 0.0044

	Loss on validation set after epoch 238: 0.0047

Epoch 239
	Step 0: mean loss = 0.0032
	Step 50: mean loss = 0.0045
	Step 100: mean loss = 0.0044
	Step 150: mean loss = 0.0044

	Loss on validation set after epoch 239: 0.0049

Epoch 240
	Step 0: mean loss = 0.0045
	Step 50: mean loss = 0.0044
	Step 100: mean loss = 0.0044
	Step 150: mean loss = 0.0043

	Loss on validation set after epoch 240: 0.0047

Epoch 241
	Step 0: mean loss = 0.0037
	Step 50: mean loss = 0.0045
	Step 100: mean loss = 0.0044
	Step 150: mean loss = 0.0043

	Loss on validation set after epoch 241: 0.0048

Epoch 242
	Step 0: mean loss = 0.0050
	Step 50: mean loss = 0.0044
	Step 100: mean loss = 0.0044
	Step 150: mean loss = 0.0043

	Loss on validation set after epoch 242: 0.0049

Epoch 243
	Step 0: mean loss = 0.0040
	Step 50: mean loss = 0.0043
	Step 100: mean loss = 0.0043
	Step 150: mean loss = 0.0043

	Loss on validation set after epoch 243: 0.0047

Epoch 244
	Step 0: mean loss = 0.0038
	Step 50: mean loss = 0.0044
	Step 100: mean loss = 0.0043
	Step 150: mean loss = 0.0043

	Loss on validation set after epoch 244: 0.0046

Epoch 245
	Step 0: mean loss = 0.0039
	Step 50: mean loss = 0.0043
	Step 100: mean loss = 0.0043
	Step 150: mean loss = 0.0043

	Loss on validation set after epoch 245: 0.0049

Epoch 246
	Step 0: mean loss = 0.0031
	Step 50: mean loss = 0.0044
	Step 100: mean loss = 0.0044
	Step 150: mean loss = 0.0043

	Loss on validation set after epoch 246: 0.0046

Epoch 247
	Step 0: mean loss = 0.0025
	Step 50: mean loss = 0.0043
	Step 100: mean loss = 0.0043
	Step 150: mean loss = 0.0043

	Loss on validation set after epoch 247: 0.0046

Epoch 248
	Step 0: mean loss = 0.0031
	Step 50: mean loss = 0.0044
	Step 100: mean loss = 0.0043
	Step 150: mean loss = 0.0042

	Loss on validation set after epoch 248: 0.0051

Epoch 249
	Step 0: mean loss = 0.0050
	Step 50: mean loss = 0.0043
	Step 100: mean loss = 0.0043
	Step 150: mean loss = 0.0043

	Loss on validation set after epoch 249: 0.0053

Epoch 250
	Step 0: mean loss = 0.0050
	Step 50: mean loss = 0.0043
	Step 100: mean loss = 0.0043
	Step 150: mean loss = 0.0043

	Loss on validation set after epoch 250: 0.0048

Epoch 251
	Step 0: mean loss = 0.0037
	Step 50: mean loss = 0.0043
	Step 100: mean loss = 0.0043
	Step 150: mean loss = 0.0042

	Loss on validation set after epoch 251: 0.0047

Epoch 252
	Step 0: mean loss = 0.0044
	Step 50: mean loss = 0.0043
	Step 100: mean loss = 0.0043
	Step 150: mean loss = 0.0042

	Loss on validation set after epoch 252: 0.0048

Epoch 253
	Step 0: mean loss = 0.0042
	Step 50: mean loss = 0.0043
	Step 100: mean loss = 0.0043
	Step 150: mean loss = 0.0042

	Loss on validation set after epoch 253: 0.0048

Epoch 254
	Step 0: mean loss = 0.0040
	Step 50: mean loss = 0.0042
	Step 100: mean loss = 0.0043
	Step 150: mean loss = 0.0042

	Loss on validation set after epoch 254: 0.0046

Model from epoch 244 was selected by early stopping.
Training process will be stopped now.
Deleted temporary files in ../data/trained_models/temp_01-05-07-48-13/
Location of saved model: ../data/trained_models/last_hope_92_01-05-07-48-13/ 

Adding feature wise convolutions with 32 filters per feature, 3 kernels and 1 strides ...
Adding feature wise convolutions with 1 filters per feature, 3 kernels and 1 strides ...
Adding feature based graph attention layer ...
Adding time based graph attention layer ...
Adding GRU layer with 256 units ...
Adding GRU layer with 61 units ...
Adding GRU AE as reconstruction model ...
Adding dense layer to forecasting model with 512 units and ReLu activation ...
Adding dense layer to forecasting model with 256 units and ReLu activation ...
Adding last dense layer to forecasting model with 61 units and sigmoid activation ...
VAE reconstructs the output of the gru layer.

Grid search running in anomaly detection model selection mode.
The following hyperparameters will not be evaluated:
relevance_mapping
unaffected_component_threshold
si_mode
si_parameter

Testing 294 combinations via grid search 
for model last_hope_92_01-05-07-48-13/ on the validation dataset. 


Top 50 combinations tested:
      gamma  single_timestamp_a.. affected_timestamp..     AD F1     AD F2    AD TPR   AD Prec    AD ACC    AD TNR    AD FPR  SI/ST AVG-HR@100%  SI/ST AVG-HR@150%  SI/ST AVG-HR@K  SI/ST F1  SI/ST TPR  SI/ST ACC
Comb                                                                                                                                                                                                              
1       0.3                 0.200                  110  0.289017  0.444313  0.692308  0.182630  0.352632  0.272924  0.727076           0.169516           0.276451        0.156923  0.067692   0.067692   0.856568
0       0.3                 0.200                  100  0.287173  0.442565  0.692308  0.181159  0.346784  0.265704  0.734296           0.169516           0.276451        0.156923  0.067692   0.067692   0.856568
2       0.3                 0.200                  120  0.286452  0.439604  0.683077  0.181224  0.353216  0.275812  0.724188           0.169516           0.276451        0.156923  0.067692   0.067692   0.856568
3       0.3                 0.200                  130  0.285159  0.436855  0.676923  0.180624  0.354971  0.279422  0.720578           0.169516           0.276451        0.156923  0.067692   0.067692   0.856568
4       0.3                 0.200                  140  0.284785  0.435734  0.673846  0.180544  0.356725  0.282310  0.717690           0.169516           0.276451        0.156923  0.067692   0.067692   0.856568
5       0.3                 0.200                  150  0.284410  0.434609  0.670769  0.180464  0.358480  0.285199  0.714801           0.169516           0.276451        0.156923  0.067692   0.067692   0.856568
50      0.4                 0.200                  110  0.283763  0.407763  0.575385  0.188318  0.447953  0.418051  0.581949           0.181760           0.286290        0.175385  0.064615   0.064615   0.856095
49      0.4                 0.200                  100  0.283560  0.408518  0.578462  0.187812  0.444444  0.412996  0.587004           0.181760           0.286290        0.175385  0.064615   0.064615   0.856095
52      0.4                 0.200                  130  0.282859  0.404218  0.566154  0.188525  0.454386  0.428159  0.571841           0.181760           0.286290        0.175385  0.064615   0.064615   0.856095
53      0.4                 0.200                  140  0.281972  0.402552  0.563077  0.188078  0.454971  0.429603  0.570397           0.181760           0.286290        0.175385  0.064615   0.064615   0.856095
6       0.3                 0.200                  160  0.281579  0.428858  0.658462  0.179079  0.361404  0.291697  0.708303           0.169516           0.276451        0.156923  0.067692   0.067692   0.856568
51      0.4                 0.200                  120  0.281561  0.403155  0.566154  0.187373  0.450877  0.423827  0.576173           0.181760           0.286290        0.175385  0.064615   0.064615   0.856095
54      0.4                 0.200                  150  0.281516  0.401235  0.560000  0.188017  0.456725  0.432491  0.567509           0.181760           0.286290        0.175385  0.064615   0.064615   0.856095
55      0.4                 0.200                  160  0.275916  0.391940  0.544615  0.184760  0.456725  0.436101  0.563899           0.181760           0.286290        0.175385  0.064615   0.064615   0.856095
7       0.3                 0.225                  100  0.231634  0.314259  0.412308  0.161058  0.480117  0.496029  0.503971           0.178415           0.285996        0.181538  0.058462   0.058462   0.855148
98      0.5                 0.200                  100  0.230315  0.293822  0.360000  0.169320  0.542690  0.585560  0.414440           0.180517           0.285258        0.181538  0.049231   0.049231   0.853728
10      0.3                 0.225                  130  0.228672  0.307765  0.400000  0.160099  0.487135  0.507581  0.492419           0.178415           0.285996        0.181538  0.058462   0.058462   0.855148
12      0.3                 0.225                  150  0.228368  0.305344  0.393846  0.160804  0.494152  0.517690  0.482310           0.178415           0.285996        0.181538  0.058462   0.058462   0.855148
9       0.3                 0.225                  120  0.227273  0.306748  0.400000  0.158730  0.483041  0.502527  0.497473           0.178415           0.285996        0.181538  0.058462   0.058462   0.855148
99      0.5                 0.200                  110  0.226866  0.287879  0.350769  0.167647  0.545614  0.591336  0.408664           0.180517           0.285258        0.181538  0.049231   0.049231   0.853728
11      0.3                 0.225                  140  0.226549  0.304038  0.393846  0.159006  0.488889  0.511191  0.488809           0.178415           0.285996        0.181538  0.058462   0.058462   0.855148
8       0.3                 0.225                  110  0.226087  0.305882  0.400000  0.157576  0.479532  0.498195  0.501805           0.178415           0.285996        0.181538  0.058462   0.058462   0.855148
13      0.3                 0.225                  160  0.224029  0.297791  0.381538  0.158568  0.497661  0.524910  0.475090           0.178415           0.285996        0.181538  0.058462   0.058462   0.855148
100     0.5                 0.200                  120  0.219316  0.276790  0.335385  0.162930  0.546199  0.595668  0.404332           0.180517           0.285258        0.181538  0.049231   0.049231   0.853728
101     0.5                 0.200                  130  0.213415  0.267994  0.323077  0.159332  0.547368  0.600000  0.400000           0.180517           0.285258        0.181538  0.049231   0.049231   0.853728
102     0.5                 0.200                  140  0.205973  0.256937  0.307692  0.154799  0.549123  0.605776  0.394224           0.180517           0.285258        0.181538  0.049231   0.049231   0.853728
103     0.5                 0.200                  150  0.204380  0.253361  0.301538  0.154574  0.553801  0.612996  0.387004           0.180517           0.285258        0.181538  0.049231   0.049231   0.853728
104     0.5                 0.200                  160  0.203782  0.251687  0.298462  0.154705  0.556725  0.617329  0.382671           0.180517           0.285258        0.181538  0.049231   0.049231   0.853728
56      0.4                 0.225                  100  0.154037  0.174157  0.190769  0.129167  0.601754  0.698195  0.301805           0.170771           0.272990        0.178462  0.052308   0.052308   0.854201
57      0.4                 0.225                  110  0.152691  0.171928  0.187692  0.128692  0.604094  0.701805  0.298195           0.170771           0.272990        0.178462  0.052308   0.052308   0.854201
58      0.4                 0.225                  120  0.148615  0.166761  0.181538  0.125800  0.604678  0.703971  0.296029           0.170771           0.272990        0.178462  0.052308   0.052308   0.854201
59      0.4                 0.225                  130  0.145038  0.161840  0.175385  0.123644  0.607018  0.708303  0.291697           0.170771           0.272990        0.178462  0.052308   0.052308   0.854201
60      0.4                 0.225                  140  0.141753  0.157053  0.169231  0.121951  0.610526  0.714079  0.285921           0.170771           0.272990        0.178462  0.052308   0.052308   0.854201
61      0.4                 0.225                  150  0.140808  0.154994  0.166154  0.122172  0.614620  0.719856  0.280144           0.170771           0.272990        0.178462  0.052308   0.052308   0.854201
62      0.4                 0.225                  160  0.139290  0.152650  0.163077  0.121560  0.616959  0.723466  0.276534           0.170771           0.272990        0.178462  0.052308   0.052308   0.854201
14      0.3                 0.250                  100  0.129985  0.133172  0.135385  0.125000  0.655556  0.777617  0.222383           0.170175           0.268973        0.172308  0.040000   0.040000   0.852308
15      0.3                 0.250                  110  0.124629  0.127350  0.129231  0.120344  0.654971  0.778339  0.221661           0.170175           0.268973        0.172308  0.040000   0.040000   0.852308
16      0.3                 0.250                  120  0.122754  0.124772  0.126154  0.119534  0.657310  0.781949  0.218051           0.170175           0.268973        0.172308  0.040000   0.040000   0.852308
17      0.3                 0.250                  130  0.121029  0.122249  0.123077  0.119048  0.660234  0.786282  0.213718           0.170175           0.268973        0.172308  0.040000   0.040000   0.852308
147     0.6                 0.200                  100  0.119481  0.131805  0.141538  0.103371  0.603509  0.711913  0.288087           0.170443           0.270096        0.175385  0.043077   0.043077   0.852781
148     0.6                 0.200                  110  0.117493  0.129236  0.138462  0.102041  0.604678  0.714079  0.285921           0.170443           0.270096        0.175385  0.043077   0.043077   0.852781
18      0.3                 0.250                  140  0.116386  0.116708  0.116923  0.115854  0.662573  0.790614  0.209386           0.170175           0.268973        0.172308  0.040000   0.040000   0.852308
149     0.6                 0.200                  120  0.115637  0.126728  0.135385  0.100917  0.606433  0.716968  0.283032           0.170443           0.270096        0.175385  0.043077   0.043077   0.852781
19      0.3                 0.250                  150  0.114551  0.114127  0.113846  0.115265  0.665497  0.794946  0.205054           0.170175           0.268973        0.172308  0.040000   0.040000   0.852308
150     0.6                 0.200                  130  0.114514  0.124565  0.132308  0.100939  0.611111  0.723466  0.276534           0.170443           0.270096        0.175385  0.043077   0.043077   0.852781
151     0.6                 0.200                  140  0.113055  0.122235  0.129231  0.100478  0.614620  0.728520  0.271480           0.170443           0.270096        0.175385  0.043077   0.043077   0.852781
152     0.6                 0.200                  150  0.111565  0.119883  0.126154  0.100000  0.618129  0.733574  0.266426           0.170443           0.270096        0.175385  0.043077   0.043077   0.852781
20      0.3                 0.250                  160  0.109375  0.108359  0.107692  0.111111  0.666667  0.797834  0.202166           0.170175           0.268973        0.172308  0.040000   0.040000   0.852308
153     0.6                 0.200                  160  0.104252  0.111502  0.116923  0.094059  0.618129  0.735740  0.264260           0.170443           0.270096        0.175385  0.043077   0.043077   0.852781
106     0.5                 0.225                  110  0.072993  0.065660  0.061538  0.089686  0.702924  0.853430  0.146570           0.168833           0.258925        0.172308  0.040000   0.040000   0.852308

Full result output for the best combination:
                 #Examples   TP    FP   TN   FN       ACC       FNR       TNR       FPR       TPR     Prec        F1        F2  AVG # affected
Component                                                                                                                                     
no_failure            1385    0  1007  378    0  0.272924       NaN  0.272924  0.727076       NaN  0.00000       NaN       NaN      327.962455
txt15_i1                 5    5     0    0    0  1.000000  0.000000       NaN       NaN  1.000000  1.00000  1.000000  1.000000      459.200000
txt15_i3                 5    5     0    0    0  1.000000  0.000000       NaN       NaN  1.000000  1.00000  1.000000  1.000000      492.200000
txt15_conveyor           3    1     0    0    2  0.333333  0.666667       NaN       NaN  0.333333  1.00000  0.500000  0.384615       78.666667
txt15_m1               160  104     0    0   56  0.650000  0.350000       NaN       NaN  0.650000  1.00000  0.787879  0.698925      287.137500
txt15_pl                 9    6     0    0    3  0.666667  0.333333       NaN       NaN  0.666667  1.00000  0.800000  0.714286      327.888889
txt16_i3                 4    4     0    0    0  1.000000  0.000000       NaN       NaN  1.000000  1.00000  1.000000  1.000000      492.250000
txt16_conveyor           8    8     0    0    0  1.000000  0.000000       NaN       NaN  1.000000  1.00000  1.000000  1.000000      490.750000
txt16_m3                65   45     0    0   20  0.692308  0.307692       NaN       NaN  0.692308  1.00000  0.818182  0.737705      278.123077
txt16_turntable          2    0     0    0    2  0.000000  1.000000       NaN       NaN  0.000000      NaN       NaN       NaN       10.000000
txt17_i1                16   16     0    0    0  1.000000  0.000000       NaN       NaN  1.000000  1.00000  1.000000  1.000000      446.625000
txt17_pl                14   10     0    0    4  0.714286  0.285714       NaN       NaN  0.714286  1.00000  0.833333  0.757576      247.642857
txt18_pl                28   15     0    0   13  0.535714  0.464286       NaN       NaN  0.535714  1.00000  0.697674  0.590551      236.035714
txt19_i4                 6    6     0    0    0  1.000000  0.000000       NaN       NaN  1.000000  1.00000  1.000000  1.000000      491.000000
combined              1710  225  1007  378  100  0.352632  0.307692  0.272924  0.727076  0.692308  0.18263  0.289017  0.444313      322.967836

                 #Examples   TP    FP   TN   FN       ACC       FNR       TNR       FPR       TPR     Prec        F1        F2  AVG # affected
Component                                                                                                                                     
no_failure            1385    0  1007  378    0  0.272924       NaN  0.272924  0.727076       NaN  0.00000       NaN       NaN      327.962455
txt15_i1                 5    5     0    0    0  1.000000  0.000000       NaN       NaN  1.000000  1.00000  1.000000  1.000000      459.200000
txt15_i3                 5    5     0    0    0  1.000000  0.000000       NaN       NaN  1.000000  1.00000  1.000000  1.000000      492.200000
txt15_conveyor           3    1     0    0    2  0.333333  0.666667       NaN       NaN  0.333333  1.00000  0.500000  0.384615       78.666667
txt15_m1               160  104     0    0   56  0.650000  0.350000       NaN       NaN  0.650000  1.00000  0.787879  0.698925      287.137500
txt15_pl                 9    6     0    0    3  0.666667  0.333333       NaN       NaN  0.666667  1.00000  0.800000  0.714286      327.888889
txt16_i3                 4    4     0    0    0  1.000000  0.000000       NaN       NaN  1.000000  1.00000  1.000000  1.000000      492.250000
txt16_conveyor           8    8     0    0    0  1.000000  0.000000       NaN       NaN  1.000000  1.00000  1.000000  1.000000      490.750000
txt16_m3                65   45     0    0   20  0.692308  0.307692       NaN       NaN  0.692308  1.00000  0.818182  0.737705      278.123077
txt16_turntable          2    0     0    0    2  0.000000  1.000000       NaN       NaN  0.000000      NaN       NaN       NaN       10.000000
txt17_i1                16   16     0    0    0  1.000000  0.000000       NaN       NaN  1.000000  1.00000  1.000000  1.000000      446.625000
txt17_pl                14   10     0    0    4  0.714286  0.285714       NaN       NaN  0.714286  1.00000  0.833333  0.757576      247.642857
txt18_pl                28   15     0    0   13  0.535714  0.464286       NaN       NaN  0.535714  1.00000  0.697674  0.590551      236.035714
txt19_i4                 6    6     0    0    0  1.000000  0.000000       NaN       NaN  1.000000  1.00000  1.000000  1.000000      491.000000
combined              1710  225  1007  378  100  0.352632  0.307692  0.272924  0.727076  0.692308  0.18263  0.289017  0.444313      322.967836

Execution time: 3423.697517732857
