
Dataset loaded:
Shape of training set (example, time, channels): (20812, 500, 61)
Shape of test set (example, time, channels): (3989, 500, 61)
Shape of train validation set (example, time, channels): (2313, 500, 61)
Shape of test validation set (example, time, channels): (1710, 500, 61)
Num of classes in all: 25

Creating model based on ../configuration/hyperparameter_combinations/last_hope_94.json hyperparameter file 

Adding feature wise convolutions with 32 filters per feature, 3 kernels and 1 strides ...
Adding feature wise convolutions with 1 filters per feature, 3 kernels and 1 strides ...
Adding feature based graph attention layer ...
Adding time based graph attention layer ...
Adding GRU layer with 256 units ...
Adding GRU layer with 61 units ...
Adding GRU AE as reconstruction model ...
Adding dense layer to forecasting model with 512 units and ReLu activation ...
Adding dense layer to forecasting model with 256 units and ReLu activation ...
Adding last dense layer to forecasting model with 61 units and sigmoid activation ...
VAE reconstructs the output of the gru layer.

Epoch 0
	Step 0: mean loss = 0.2199
	Step 50: mean loss = 0.2053
	Step 100: mean loss = 0.1472
	Step 150: mean loss = 0.1223

	Loss on validation set after epoch 0: 0.0703

Epoch 1
	Step 0: mean loss = 0.0681
	Step 50: mean loss = 0.0696
	Step 100: mean loss = 0.0694
	Step 150: mean loss = 0.0690

	Loss on validation set after epoch 1: 0.0670

Epoch 2
	Step 0: mean loss = 0.0660
	Step 50: mean loss = 0.0660
	Step 100: mean loss = 0.0650
	Step 150: mean loss = 0.0640

	Loss on validation set after epoch 2: 0.0611

Epoch 3
	Step 0: mean loss = 0.0625
	Step 50: mean loss = 0.0593
	Step 100: mean loss = 0.0581
	Step 150: mean loss = 0.0572

	Loss on validation set after epoch 3: 0.0539

Epoch 4
	Step 0: mean loss = 0.0544
	Step 50: mean loss = 0.0536
	Step 100: mean loss = 0.0537
	Step 150: mean loss = 0.0534

	Loss on validation set after epoch 4: 0.0515

Epoch 5
	Step 0: mean loss = 0.0541
	Step 50: mean loss = 0.0520
	Step 100: mean loss = 0.0518
	Step 150: mean loss = 0.0516

	Loss on validation set after epoch 5: 0.0511

Epoch 6
	Step 0: mean loss = 0.0547
	Step 50: mean loss = 0.0508
	Step 100: mean loss = 0.0506
	Step 150: mean loss = 0.0504

	Loss on validation set after epoch 6: 0.0492

Epoch 7
	Step 0: mean loss = 0.0496
	Step 50: mean loss = 0.0492
	Step 100: mean loss = 0.0491
	Step 150: mean loss = 0.0489

	Loss on validation set after epoch 7: 0.0475

Epoch 8
	Step 0: mean loss = 0.0420
	Step 50: mean loss = 0.0552
	Step 100: mean loss = 0.0635
	Step 150: mean loss = 0.0636

	Loss on validation set after epoch 8: 0.0598

Epoch 9
	Step 0: mean loss = 0.0588
	Step 50: mean loss = 0.0573
	Step 100: mean loss = 0.0569
	Step 150: mean loss = 0.0562

	Loss on validation set after epoch 9: 0.0522

Epoch 10
	Step 0: mean loss = 0.0518
	Step 50: mean loss = 0.0504
	Step 100: mean loss = 0.0502
	Step 150: mean loss = 0.0501

	Loss on validation set after epoch 10: 0.0490

Epoch 11
	Step 0: mean loss = 0.0512
	Step 50: mean loss = 0.0489
	Step 100: mean loss = 0.0513
	Step 150: mean loss = 0.0515

	Loss on validation set after epoch 11: 0.0509

Epoch 12
	Step 0: mean loss = 0.0454
	Step 50: mean loss = 0.0511
	Step 100: mean loss = 0.0511
	Step 150: mean loss = 0.0510

	Loss on validation set after epoch 12: 0.0487

Epoch 13
	Step 0: mean loss = 0.0511
	Step 50: mean loss = 0.0499
	Step 100: mean loss = 0.0501
	Step 150: mean loss = 0.0501

	Loss on validation set after epoch 13: 0.0497

Epoch 14
	Step 0: mean loss = 0.0491
	Step 50: mean loss = 0.0492
	Step 100: mean loss = 0.0495
	Step 150: mean loss = 0.0495

	Loss on validation set after epoch 14: 0.0485

Epoch 15
	Step 0: mean loss = 0.0549
	Step 50: mean loss = 0.0487
	Step 100: mean loss = 0.0489
	Step 150: mean loss = 0.0488

	Loss on validation set after epoch 15: 0.0474

Epoch 16
	Step 0: mean loss = 0.0459
	Step 50: mean loss = 0.0483
	Step 100: mean loss = 0.0483
	Step 150: mean loss = 0.0483

	Loss on validation set after epoch 16: 0.0469

Epoch 17
	Step 0: mean loss = 0.0461
	Step 50: mean loss = 0.0476
	Step 100: mean loss = 0.0479
	Step 150: mean loss = 0.0478

	Loss on validation set after epoch 17: 0.0459

Epoch 18
	Step 0: mean loss = 0.0485
	Step 50: mean loss = 0.0472
	Step 100: mean loss = 0.0473
	Step 150: mean loss = 0.0473

	Loss on validation set after epoch 18: 0.0469

Epoch 19
	Step 0: mean loss = 0.0475
	Step 50: mean loss = 0.0465
	Step 100: mean loss = 0.0471
	Step 150: mean loss = 0.0469

	Loss on validation set after epoch 19: 0.0462

Epoch 20
	Step 0: mean loss = 0.0460
	Step 50: mean loss = 0.0462
	Step 100: mean loss = 0.0464
	Step 150: mean loss = 0.0464

	Loss on validation set after epoch 20: 0.0455

Epoch 21
	Step 0: mean loss = 0.0483
	Step 50: mean loss = 0.0460
	Step 100: mean loss = 0.0461
	Step 150: mean loss = 0.0462

	Loss on validation set after epoch 21: 0.0459

Epoch 22
	Step 0: mean loss = 0.0450
	Step 50: mean loss = 0.0456
	Step 100: mean loss = 0.0458
	Step 150: mean loss = 0.0458

	Loss on validation set after epoch 22: 0.0451

Epoch 23
	Step 0: mean loss = 0.0443
	Step 50: mean loss = 0.0452
	Step 100: mean loss = 0.0455
	Step 150: mean loss = 0.0454

	Loss on validation set after epoch 23: 0.0454

Epoch 24
	Step 0: mean loss = 0.0460
	Step 50: mean loss = 0.0451
	Step 100: mean loss = 0.0454
	Step 150: mean loss = 0.0455

	Loss on validation set after epoch 24: 0.0438

Epoch 25
	Step 0: mean loss = 0.0456
	Step 50: mean loss = 0.0447
	Step 100: mean loss = 0.0449
	Step 150: mean loss = 0.0451

	Loss on validation set after epoch 25: 0.0443

Epoch 26
	Step 0: mean loss = 0.0497
	Step 50: mean loss = 0.0444
	Step 100: mean loss = 0.0447
	Step 150: mean loss = 0.0446

	Loss on validation set after epoch 26: 0.0449

Epoch 27
	Step 0: mean loss = 0.0454
	Step 50: mean loss = 0.0442
	Step 100: mean loss = 0.0445
	Step 150: mean loss = 0.0443

	Loss on validation set after epoch 27: 0.0431

Epoch 28
	Step 0: mean loss = 0.0477
	Step 50: mean loss = 0.0432
	Step 100: mean loss = 0.0434
	Step 150: mean loss = 0.0433

	Loss on validation set after epoch 28: 0.0420

Epoch 29
	Step 0: mean loss = 0.0402
	Step 50: mean loss = 0.0417
	Step 100: mean loss = 0.0415
	Step 150: mean loss = 0.0412

	Loss on validation set after epoch 29: 0.0390

Epoch 30
	Step 0: mean loss = 0.0374
	Step 50: mean loss = 0.0391
	Step 100: mean loss = 0.0391
	Step 150: mean loss = 0.0389

	Loss on validation set after epoch 30: 0.0389

Epoch 31
	Step 0: mean loss = 0.0328
	Step 50: mean loss = 0.0379
	Step 100: mean loss = 0.0378
	Step 150: mean loss = 0.0377

	Loss on validation set after epoch 31: 0.0377

Epoch 32
	Step 0: mean loss = 0.0381
	Step 50: mean loss = 0.0365
	Step 100: mean loss = 0.0364
	Step 150: mean loss = 0.0363

	Loss on validation set after epoch 32: 0.0355

Epoch 33
	Step 0: mean loss = 0.0343
	Step 50: mean loss = 0.0348
	Step 100: mean loss = 0.0347
	Step 150: mean loss = 0.0347

	Loss on validation set after epoch 33: 0.0335

Epoch 34
	Step 0: mean loss = 0.0325
	Step 50: mean loss = 0.0333
	Step 100: mean loss = 0.0332
	Step 150: mean loss = 0.0330

	Loss on validation set after epoch 34: 0.0314

Epoch 35
	Step 0: mean loss = 0.0360
	Step 50: mean loss = 0.0315
	Step 100: mean loss = 0.0314
	Step 150: mean loss = 0.0311

	Loss on validation set after epoch 35: 0.0307

Epoch 36
	Step 0: mean loss = 0.0318
	Step 50: mean loss = 0.0293
	Step 100: mean loss = 0.0292
	Step 150: mean loss = 0.0289

	Loss on validation set after epoch 36: 0.0284

Epoch 37
	Step 0: mean loss = 0.0270
	Step 50: mean loss = 0.0278
	Step 100: mean loss = 0.0277
	Step 150: mean loss = 0.0275

	Loss on validation set after epoch 37: 0.0265

Epoch 38
	Step 0: mean loss = 0.0287
	Step 50: mean loss = 0.0264
	Step 100: mean loss = 0.0263
	Step 150: mean loss = 0.0260

	Loss on validation set after epoch 38: 0.0256

Epoch 39
	Step 0: mean loss = 0.0262
	Step 50: mean loss = 0.0250
	Step 100: mean loss = 0.0249
	Step 150: mean loss = 0.0247

	Loss on validation set after epoch 39: 0.0249

Epoch 40
	Step 0: mean loss = 0.0228
	Step 50: mean loss = 0.0236
	Step 100: mean loss = 0.0237
	Step 150: mean loss = 0.0236

	Loss on validation set after epoch 40: 0.0230

Epoch 41
	Step 0: mean loss = 0.0220
	Step 50: mean loss = 0.0226
	Step 100: mean loss = 0.0229
	Step 150: mean loss = 0.0228

	Loss on validation set after epoch 41: 0.0226

Epoch 42
	Step 0: mean loss = 0.0231
	Step 50: mean loss = 0.0222
	Step 100: mean loss = 0.0222
	Step 150: mean loss = 0.0222

	Loss on validation set after epoch 42: 0.0220

Epoch 43
	Step 0: mean loss = 0.0208
	Step 50: mean loss = 0.0213
	Step 100: mean loss = 0.0215
	Step 150: mean loss = 0.0215

	Loss on validation set after epoch 43: 0.0217

Epoch 44
	Step 0: mean loss = 0.0206
	Step 50: mean loss = 0.0207
	Step 100: mean loss = 0.0208
	Step 150: mean loss = 0.0206

	Loss on validation set after epoch 44: 0.0208

Epoch 45
	Step 0: mean loss = 0.0198
	Step 50: mean loss = 0.0199
	Step 100: mean loss = 0.0198
	Step 150: mean loss = 0.0197

	Loss on validation set after epoch 45: 0.0197

Epoch 46
	Step 0: mean loss = 0.0190
	Step 50: mean loss = 0.0189
	Step 100: mean loss = 0.0191
	Step 150: mean loss = 0.0191

	Loss on validation set after epoch 46: 0.0184

Epoch 47
	Step 0: mean loss = 0.0163
	Step 50: mean loss = 0.0185
	Step 100: mean loss = 0.0186
	Step 150: mean loss = 0.0187

	Loss on validation set after epoch 47: 0.0188

Epoch 48
	Step 0: mean loss = 0.0160
	Step 50: mean loss = 0.0180
	Step 100: mean loss = 0.0182
	Step 150: mean loss = 0.0180

	Loss on validation set after epoch 48: 0.0182

Epoch 49
	Step 0: mean loss = 0.0201
	Step 50: mean loss = 0.0176
	Step 100: mean loss = 0.0177
	Step 150: mean loss = 0.0176

	Loss on validation set after epoch 49: 0.0172

Epoch 50
	Step 0: mean loss = 0.0191
	Step 50: mean loss = 0.0170
	Step 100: mean loss = 0.0172
	Step 150: mean loss = 0.0171

	Loss on validation set after epoch 50: 0.0175

Epoch 51
	Step 0: mean loss = 0.0153
	Step 50: mean loss = 0.0167
	Step 100: mean loss = 0.0169
	Step 150: mean loss = 0.0167

	Loss on validation set after epoch 51: 0.0164

Epoch 52
	Step 0: mean loss = 0.0161
	Step 50: mean loss = 0.0159
	Step 100: mean loss = 0.0158
	Step 150: mean loss = 0.0158

	Loss on validation set after epoch 52: 0.0156

Epoch 53
	Step 0: mean loss = 0.0163
	Step 50: mean loss = 0.0151
	Step 100: mean loss = 0.0151
	Step 150: mean loss = 0.0150

	Loss on validation set after epoch 53: 0.0147

Epoch 54
	Step 0: mean loss = 0.0170
	Step 50: mean loss = 0.0144
	Step 100: mean loss = 0.0143
	Step 150: mean loss = 0.0141

	Loss on validation set after epoch 54: 0.0149

Epoch 55
	Step 0: mean loss = 0.0135
	Step 50: mean loss = 0.0139
	Step 100: mean loss = 0.0138
	Step 150: mean loss = 0.0135

	Loss on validation set after epoch 55: 0.0138

Epoch 56
	Step 0: mean loss = 0.0115
	Step 50: mean loss = 0.0130
	Step 100: mean loss = 0.0130
	Step 150: mean loss = 0.0128

	Loss on validation set after epoch 56: 0.0135

Epoch 57
	Step 0: mean loss = 0.0136
	Step 50: mean loss = 0.0126
	Step 100: mean loss = 0.0126
	Step 150: mean loss = 0.0124

	Loss on validation set after epoch 57: 0.0129

Epoch 58
	Step 0: mean loss = 0.0140
	Step 50: mean loss = 0.0121
	Step 100: mean loss = 0.0120
	Step 150: mean loss = 0.0119

	Loss on validation set after epoch 58: 0.0130

Epoch 59
	Step 0: mean loss = 0.0130
	Step 50: mean loss = 0.0116
	Step 100: mean loss = 0.0116
	Step 150: mean loss = 0.0115

	Loss on validation set after epoch 59: 0.0112

Epoch 60
	Step 0: mean loss = 0.0124
	Step 50: mean loss = 0.0111
	Step 100: mean loss = 0.0111
	Step 150: mean loss = 0.0110

	Loss on validation set after epoch 60: 0.0115

Epoch 61
	Step 0: mean loss = 0.0110
	Step 50: mean loss = 0.0109
	Step 100: mean loss = 0.0109
	Step 150: mean loss = 0.0107

	Loss on validation set after epoch 61: 0.0109

Epoch 62
	Step 0: mean loss = 0.0103
	Step 50: mean loss = 0.0105
	Step 100: mean loss = 0.0105
	Step 150: mean loss = 0.0104

	Loss on validation set after epoch 62: 0.0101

Epoch 63
	Step 0: mean loss = 0.0112
	Step 50: mean loss = 0.0102
	Step 100: mean loss = 0.0102
	Step 150: mean loss = 0.0101

	Loss on validation set after epoch 63: 0.0098

Epoch 64
	Step 0: mean loss = 0.0123
	Step 50: mean loss = 0.0100
	Step 100: mean loss = 0.0099
	Step 150: mean loss = 0.0098

	Loss on validation set after epoch 64: 0.0107

Epoch 65
	Step 0: mean loss = 0.0114
	Step 50: mean loss = 0.0096
	Step 100: mean loss = 0.0097
	Step 150: mean loss = 0.0096

	Loss on validation set after epoch 65: 0.0099

Epoch 66
	Step 0: mean loss = 0.0092
	Step 50: mean loss = 0.0093
	Step 100: mean loss = 0.0093
	Step 150: mean loss = 0.0092

	Loss on validation set after epoch 66: 0.0098

Epoch 67
	Step 0: mean loss = 0.0116
	Step 50: mean loss = 0.0090
	Step 100: mean loss = 0.0091
	Step 150: mean loss = 0.0091

	Loss on validation set after epoch 67: 0.0090

Epoch 68
	Step 0: mean loss = 0.0087
	Step 50: mean loss = 0.0090
	Step 100: mean loss = 0.0090
	Step 150: mean loss = 0.0089

	Loss on validation set after epoch 68: 0.0089

Epoch 69
	Step 0: mean loss = 0.0080
	Step 50: mean loss = 0.0087
	Step 100: mean loss = 0.0087
	Step 150: mean loss = 0.0086

	Loss on validation set after epoch 69: 0.0084

Epoch 70
	Step 0: mean loss = 0.0084
	Step 50: mean loss = 0.0084
	Step 100: mean loss = 0.0084
	Step 150: mean loss = 0.0084

	Loss on validation set after epoch 70: 0.0083

Epoch 71
	Step 0: mean loss = 0.0068
	Step 50: mean loss = 0.0083
	Step 100: mean loss = 0.0083
	Step 150: mean loss = 0.0082

	Loss on validation set after epoch 71: 0.0085

Epoch 72
	Step 0: mean loss = 0.0088
	Step 50: mean loss = 0.0081
	Step 100: mean loss = 0.0081
	Step 150: mean loss = 0.0080

	Loss on validation set after epoch 72: 0.0084

Epoch 73
	Step 0: mean loss = 0.0097
	Step 50: mean loss = 0.0079
	Step 100: mean loss = 0.0079
	Step 150: mean loss = 0.0078

	Loss on validation set after epoch 73: 0.0086

Epoch 74
	Step 0: mean loss = 0.0065
	Step 50: mean loss = 0.0078
	Step 100: mean loss = 0.0077
	Step 150: mean loss = 0.0075

	Loss on validation set after epoch 74: 0.0076

Epoch 75
	Step 0: mean loss = 0.0081
	Step 50: mean loss = 0.0072
	Step 100: mean loss = 0.0072
	Step 150: mean loss = 0.0071

	Loss on validation set after epoch 75: 0.0071

Epoch 76
	Step 0: mean loss = 0.0082
	Step 50: mean loss = 0.0070
	Step 100: mean loss = 0.0069
	Step 150: mean loss = 0.0070

	Loss on validation set after epoch 76: 0.0073

Epoch 77
	Step 0: mean loss = 0.0077
	Step 50: mean loss = 0.0069
	Step 100: mean loss = 0.0069
	Step 150: mean loss = 0.0068

	Loss on validation set after epoch 77: 0.0073

Epoch 78
	Step 0: mean loss = 0.0065
	Step 50: mean loss = 0.0066
	Step 100: mean loss = 0.0066
	Step 150: mean loss = 0.0066

	Loss on validation set after epoch 78: 0.0068

Epoch 79
	Step 0: mean loss = 0.0052
	Step 50: mean loss = 0.0065
	Step 100: mean loss = 0.0065
	Step 150: mean loss = 0.0065

	Loss on validation set after epoch 79: 0.0067

Epoch 80
	Step 0: mean loss = 0.0063
	Step 50: mean loss = 0.0064
	Step 100: mean loss = 0.0063
	Step 150: mean loss = 0.0063

	Loss on validation set after epoch 80: 0.0066

Epoch 81
	Step 0: mean loss = 0.0066
	Step 50: mean loss = 0.0063
	Step 100: mean loss = 0.0063
	Step 150: mean loss = 0.0062

	Loss on validation set after epoch 81: 0.0066

Epoch 82
	Step 0: mean loss = 0.0068
	Step 50: mean loss = 0.0061
	Step 100: mean loss = 0.0061
	Step 150: mean loss = 0.0061

	Loss on validation set after epoch 82: 0.0062

Epoch 83
	Step 0: mean loss = 0.0070
	Step 50: mean loss = 0.0062
	Step 100: mean loss = 0.0061
	Step 150: mean loss = 0.0060

	Loss on validation set after epoch 83: 0.0067

Epoch 84
	Step 0: mean loss = 0.0043
	Step 50: mean loss = 0.0059
	Step 100: mean loss = 0.0059
	Step 150: mean loss = 0.0058

	Loss on validation set after epoch 84: 0.0063

Epoch 85
	Step 0: mean loss = 0.0048
	Step 50: mean loss = 0.0058
	Step 100: mean loss = 0.0058
	Step 150: mean loss = 0.0058

	Loss on validation set after epoch 85: 0.0063

Epoch 86
	Step 0: mean loss = 0.0058
	Step 50: mean loss = 0.0055
	Step 100: mean loss = 0.0056
	Step 150: mean loss = 0.0056

	Loss on validation set after epoch 86: 0.0060

Epoch 87
	Step 0: mean loss = 0.0054
	Step 50: mean loss = 0.0055
	Step 100: mean loss = 0.0056
	Step 150: mean loss = 0.0056

	Loss on validation set after epoch 87: 0.0059

Epoch 88
	Step 0: mean loss = 0.0047
	Step 50: mean loss = 0.0055
	Step 100: mean loss = 0.0056
	Step 150: mean loss = 0.0055

	Loss on validation set after epoch 88: 0.0057

Epoch 89
	Step 0: mean loss = 0.0075
	Step 50: mean loss = 0.0053
	Step 100: mean loss = 0.0054
	Step 150: mean loss = 0.0053

	Loss on validation set after epoch 89: 0.0055

Epoch 90
	Step 0: mean loss = 0.0056
	Step 50: mean loss = 0.0053
	Step 100: mean loss = 0.0053
	Step 150: mean loss = 0.0053

	Loss on validation set after epoch 90: 0.0057

Epoch 91
	Step 0: mean loss = 0.0039
	Step 50: mean loss = 0.0052
	Step 100: mean loss = 0.0053
	Step 150: mean loss = 0.0052

	Loss on validation set after epoch 91: 0.0058

Epoch 92
	Step 0: mean loss = 0.0066
	Step 50: mean loss = 0.0052
	Step 100: mean loss = 0.0052
	Step 150: mean loss = 0.0051

	Loss on validation set after epoch 92: 0.0058

Epoch 93
	Step 0: mean loss = 0.0054
	Step 50: mean loss = 0.0051
	Step 100: mean loss = 0.0051
	Step 150: mean loss = 0.0051

	Loss on validation set after epoch 93: 0.0056

Epoch 94
	Step 0: mean loss = 0.0050
	Step 50: mean loss = 0.0051
	Step 100: mean loss = 0.0050
	Step 150: mean loss = 0.0050

	Loss on validation set after epoch 94: 0.0059

Epoch 95
	Step 0: mean loss = 0.0045
	Step 50: mean loss = 0.0048
	Step 100: mean loss = 0.0048
	Step 150: mean loss = 0.0049

	Loss on validation set after epoch 95: 0.0054

Epoch 96
	Step 0: mean loss = 0.0051
	Step 50: mean loss = 0.0049
	Step 100: mean loss = 0.0049
	Step 150: mean loss = 0.0048

	Loss on validation set after epoch 96: 0.0051

Epoch 97
	Step 0: mean loss = 0.0047
	Step 50: mean loss = 0.0046
	Step 100: mean loss = 0.0048
	Step 150: mean loss = 0.0047

	Loss on validation set after epoch 97: 0.0049

Epoch 98
	Step 0: mean loss = 0.0038
	Step 50: mean loss = 0.0046
	Step 100: mean loss = 0.0047
	Step 150: mean loss = 0.0046

	Loss on validation set after epoch 98: 0.0059

Epoch 99
	Step 0: mean loss = 0.0057
	Step 50: mean loss = 0.0046
	Step 100: mean loss = 0.0046
	Step 150: mean loss = 0.0045

	Loss on validation set after epoch 99: 0.0049

Epoch 100
	Step 0: mean loss = 0.0042
	Step 50: mean loss = 0.0045
	Step 100: mean loss = 0.0045
	Step 150: mean loss = 0.0045

	Loss on validation set after epoch 100: 0.0048

Epoch 101
	Step 0: mean loss = 0.0041
	Step 50: mean loss = 0.0044
	Step 100: mean loss = 0.0045
	Step 150: mean loss = 0.0044

	Loss on validation set after epoch 101: 0.0047

Epoch 102
	Step 0: mean loss = 0.0027
	Step 50: mean loss = 0.0044
	Step 100: mean loss = 0.0044
	Step 150: mean loss = 0.0043

	Loss on validation set after epoch 102: 0.0044

Epoch 103
	Step 0: mean loss = 0.0022
	Step 50: mean loss = 0.0042
	Step 100: mean loss = 0.0044
	Step 150: mean loss = 0.0043

	Loss on validation set after epoch 103: 0.0045

Epoch 104
	Step 0: mean loss = 0.0041
	Step 50: mean loss = 0.0043
	Step 100: mean loss = 0.0043
	Step 150: mean loss = 0.0042

	Loss on validation set after epoch 104: 0.0049

Epoch 105
	Step 0: mean loss = 0.0039
	Step 50: mean loss = 0.0048
	Step 100: mean loss = 0.0047
	Step 150: mean loss = 0.0045

	Loss on validation set after epoch 105: 0.0044

Epoch 106
	Step 0: mean loss = 0.0034
	Step 50: mean loss = 0.0041
	Step 100: mean loss = 0.0042
	Step 150: mean loss = 0.0042

	Loss on validation set after epoch 106: 0.0044

Epoch 107
	Step 0: mean loss = 0.0047
	Step 50: mean loss = 0.0042
	Step 100: mean loss = 0.0042
	Step 150: mean loss = 0.0041

	Loss on validation set after epoch 107: 0.0044

Epoch 108
	Step 0: mean loss = 0.0042
	Step 50: mean loss = 0.0041
	Step 100: mean loss = 0.0042
	Step 150: mean loss = 0.0041

	Loss on validation set after epoch 108: 0.0044

Epoch 109
	Step 0: mean loss = 0.0039
	Step 50: mean loss = 0.0040
	Step 100: mean loss = 0.0041
	Step 150: mean loss = 0.0040

	Loss on validation set after epoch 109: 0.0042

Epoch 110
	Step 0: mean loss = 0.0035
	Step 50: mean loss = 0.0040
	Step 100: mean loss = 0.0040
	Step 150: mean loss = 0.0040

	Loss on validation set after epoch 110: 0.0044

Epoch 111
	Step 0: mean loss = 0.0034
	Step 50: mean loss = 0.0039
	Step 100: mean loss = 0.0040
	Step 150: mean loss = 0.0040

	Loss on validation set after epoch 111: 0.0042

Epoch 112
	Step 0: mean loss = 0.0037
	Step 50: mean loss = 0.0039
	Step 100: mean loss = 0.0039
	Step 150: mean loss = 0.0039

	Loss on validation set after epoch 112: 0.0041

Epoch 113
	Step 0: mean loss = 0.0046
	Step 50: mean loss = 0.0038
	Step 100: mean loss = 0.0039
	Step 150: mean loss = 0.0039

	Loss on validation set after epoch 113: 0.0043

Epoch 114
	Step 0: mean loss = 0.0040
	Step 50: mean loss = 0.0038
	Step 100: mean loss = 0.0039
	Step 150: mean loss = 0.0039

	Loss on validation set after epoch 114: 0.0040

Epoch 115
	Step 0: mean loss = 0.0044
	Step 50: mean loss = 0.0037
	Step 100: mean loss = 0.0039
	Step 150: mean loss = 0.0039

	Loss on validation set after epoch 115: 0.0042

Epoch 116
	Step 0: mean loss = 0.0032
	Step 50: mean loss = 0.0038
	Step 100: mean loss = 0.0039
	Step 150: mean loss = 0.0038

	Loss on validation set after epoch 116: 0.0039

Epoch 117
	Step 0: mean loss = 0.0026
	Step 50: mean loss = 0.0037
	Step 100: mean loss = 0.0038
	Step 150: mean loss = 0.0038

	Loss on validation set after epoch 117: 0.0041

Epoch 118
	Step 0: mean loss = 0.0050
	Step 50: mean loss = 0.0038
	Step 100: mean loss = 0.0038
	Step 150: mean loss = 0.0037

	Loss on validation set after epoch 118: 0.0039

Epoch 119
	Step 0: mean loss = 0.0024
	Step 50: mean loss = 0.0037
	Step 100: mean loss = 0.0037
	Step 150: mean loss = 0.0037

	Loss on validation set after epoch 119: 0.0041

Epoch 120
	Step 0: mean loss = 0.0042
	Step 50: mean loss = 0.0037
	Step 100: mean loss = 0.0038
	Step 150: mean loss = 0.0037

	Loss on validation set after epoch 120: 0.0039

Epoch 121
	Step 0: mean loss = 0.0035
	Step 50: mean loss = 0.0038
	Step 100: mean loss = 0.0037
	Step 150: mean loss = 0.0037

	Loss on validation set after epoch 121: 0.0039

Epoch 122
	Step 0: mean loss = 0.0030
	Step 50: mean loss = 0.0037
	Step 100: mean loss = 0.0037
	Step 150: mean loss = 0.0037

	Loss on validation set after epoch 122: 0.0040

Epoch 123
	Step 0: mean loss = 0.0032
	Step 50: mean loss = 0.0036
	Step 100: mean loss = 0.0037
	Step 150: mean loss = 0.0037

	Loss on validation set after epoch 123: 0.0040

Epoch 124
	Step 0: mean loss = 0.0034
	Step 50: mean loss = 0.0036
	Step 100: mean loss = 0.0037
	Step 150: mean loss = 0.0036

	Loss on validation set after epoch 124: 0.0041

Epoch 125
	Step 0: mean loss = 0.0057
	Step 50: mean loss = 0.0036
	Step 100: mean loss = 0.0036
	Step 150: mean loss = 0.0036

	Loss on validation set after epoch 125: 0.0038

Epoch 126
	Step 0: mean loss = 0.0037
	Step 50: mean loss = 0.0036
	Step 100: mean loss = 0.0036
	Step 150: mean loss = 0.0036

	Loss on validation set after epoch 126: 0.0039

Epoch 127
	Step 0: mean loss = 0.0033
	Step 50: mean loss = 0.0036
	Step 100: mean loss = 0.0036
	Step 150: mean loss = 0.0035

	Loss on validation set after epoch 127: 0.0038

Epoch 128
	Step 0: mean loss = 0.0021
	Step 50: mean loss = 0.0035
	Step 100: mean loss = 0.0036
	Step 150: mean loss = 0.0035

	Loss on validation set after epoch 128: 0.0040

Epoch 129
	Step 0: mean loss = 0.0038
	Step 50: mean loss = 0.0035
	Step 100: mean loss = 0.0035
	Step 150: mean loss = 0.0035

	Loss on validation set after epoch 129: 0.0037

Epoch 130
	Step 0: mean loss = 0.0034
	Step 50: mean loss = 0.0036
	Step 100: mean loss = 0.0036
	Step 150: mean loss = 0.0035

	Loss on validation set after epoch 130: 0.0036

Epoch 131
	Step 0: mean loss = 0.0032
	Step 50: mean loss = 0.0035
	Step 100: mean loss = 0.0035
	Step 150: mean loss = 0.0034

	Loss on validation set after epoch 131: 0.0036

Epoch 132
	Step 0: mean loss = 0.0040
	Step 50: mean loss = 0.0034
	Step 100: mean loss = 0.0035
	Step 150: mean loss = 0.0035

	Loss on validation set after epoch 132: 0.0036

Epoch 133
	Step 0: mean loss = 0.0039
	Step 50: mean loss = 0.0034
	Step 100: mean loss = 0.0035
	Step 150: mean loss = 0.0034

	Loss on validation set after epoch 133: 0.0036

Epoch 134
	Step 0: mean loss = 0.0034
	Step 50: mean loss = 0.0048
	Step 100: mean loss = 0.0043
	Step 150: mean loss = 0.0039

	Loss on validation set after epoch 134: 0.0037

Epoch 135
	Step 0: mean loss = 0.0041
	Step 50: mean loss = 0.0034
	Step 100: mean loss = 0.0035
	Step 150: mean loss = 0.0034

	Loss on validation set after epoch 135: 0.0038

Epoch 136
	Step 0: mean loss = 0.0039
	Step 50: mean loss = 0.0034
	Step 100: mean loss = 0.0034
	Step 150: mean loss = 0.0034

	Loss on validation set after epoch 136: 0.0041

Epoch 137
	Step 0: mean loss = 0.0025
	Step 50: mean loss = 0.0034
	Step 100: mean loss = 0.0034
	Step 150: mean loss = 0.0034

	Loss on validation set after epoch 137: 0.0035

Epoch 138
	Step 0: mean loss = 0.0020
	Step 50: mean loss = 0.0033
	Step 100: mean loss = 0.0034
	Step 150: mean loss = 0.0033

	Loss on validation set after epoch 138: 0.0038

Epoch 139
	Step 0: mean loss = 0.0028
	Step 50: mean loss = 0.0033
	Step 100: mean loss = 0.0034
	Step 150: mean loss = 0.0033

	Loss on validation set after epoch 139: 0.0037

Epoch 140
	Step 0: mean loss = 0.0026
	Step 50: mean loss = 0.0033
	Step 100: mean loss = 0.0034
	Step 150: mean loss = 0.0033

	Loss on validation set after epoch 140: 0.0041

Epoch 141
	Step 0: mean loss = 0.0033
	Step 50: mean loss = 0.0033
	Step 100: mean loss = 0.0034
	Step 150: mean loss = 0.0033

	Loss on validation set after epoch 141: 0.0035

Epoch 142
	Step 0: mean loss = 0.0031
	Step 50: mean loss = 0.0033
	Step 100: mean loss = 0.0033
	Step 150: mean loss = 0.0033

	Loss on validation set after epoch 142: 0.0036

Epoch 143
	Step 0: mean loss = 0.0035
	Step 50: mean loss = 0.0033
	Step 100: mean loss = 0.0034
	Step 150: mean loss = 0.0033

	Loss on validation set after epoch 143: 0.0035

Epoch 144
	Step 0: mean loss = 0.0030
	Step 50: mean loss = 0.0033
	Step 100: mean loss = 0.0033
	Step 150: mean loss = 0.0033

	Loss on validation set after epoch 144: 0.0039

Epoch 145
	Step 0: mean loss = 0.0039
	Step 50: mean loss = 0.0033
	Step 100: mean loss = 0.0033
	Step 150: mean loss = 0.0032

	Loss on validation set after epoch 145: 0.0037

Epoch 146
	Step 0: mean loss = 0.0039
	Step 50: mean loss = 0.0033
	Step 100: mean loss = 0.0033
	Step 150: mean loss = 0.0033

	Loss on validation set after epoch 146: 0.0036

Epoch 147
	Step 0: mean loss = 0.0023
	Step 50: mean loss = 0.0032
	Step 100: mean loss = 0.0033
	Step 150: mean loss = 0.0032

	Loss on validation set after epoch 147: 0.0035

Epoch 148
	Step 0: mean loss = 0.0032
	Step 50: mean loss = 0.0032
	Step 100: mean loss = 0.0033
	Step 150: mean loss = 0.0032

	Loss on validation set after epoch 148: 0.0035

Epoch 149
	Step 0: mean loss = 0.0024
	Step 50: mean loss = 0.0032
	Step 100: mean loss = 0.0033
	Step 150: mean loss = 0.0032

	Loss on validation set after epoch 149: 0.0034

Epoch 150
	Step 0: mean loss = 0.0029
	Step 50: mean loss = 0.0032
	Step 100: mean loss = 0.0033
	Step 150: mean loss = 0.0032

	Loss on validation set after epoch 150: 0.0034

Epoch 151
	Step 0: mean loss = 0.0033
	Step 50: mean loss = 0.0032
	Step 100: mean loss = 0.0032
	Step 150: mean loss = 0.0032

	Loss on validation set after epoch 151: 0.0035

Epoch 152
	Step 0: mean loss = 0.0029
	Step 50: mean loss = 0.0033
	Step 100: mean loss = 0.0033
	Step 150: mean loss = 0.0032

	Loss on validation set after epoch 152: 0.0035

Epoch 153
	Step 0: mean loss = 0.0032
	Step 50: mean loss = 0.0031
	Step 100: mean loss = 0.0032
	Step 150: mean loss = 0.0032

	Loss on validation set after epoch 153: 0.0034

Epoch 154
	Step 0: mean loss = 0.0032
	Step 50: mean loss = 0.0031
	Step 100: mean loss = 0.0032
	Step 150: mean loss = 0.0032

	Loss on validation set after epoch 154: 0.0035

Epoch 155
	Step 0: mean loss = 0.0039
	Step 50: mean loss = 0.0031
	Step 100: mean loss = 0.0032
	Step 150: mean loss = 0.0032

	Loss on validation set after epoch 155: 0.0034

Epoch 156
	Step 0: mean loss = 0.0024
	Step 50: mean loss = 0.0032
	Step 100: mean loss = 0.0032
	Step 150: mean loss = 0.0032

	Loss on validation set after epoch 156: 0.0034

Epoch 157
	Step 0: mean loss = 0.0030
	Step 50: mean loss = 0.0032
	Step 100: mean loss = 0.0032
	Step 150: mean loss = 0.0031

	Loss on validation set after epoch 157: 0.0034

Epoch 158
	Step 0: mean loss = 0.0034
	Step 50: mean loss = 0.0031
	Step 100: mean loss = 0.0032
	Step 150: mean loss = 0.0031

	Loss on validation set after epoch 158: 0.0034

Epoch 159
	Step 0: mean loss = 0.0026
	Step 50: mean loss = 0.0031
	Step 100: mean loss = 0.0032
	Step 150: mean loss = 0.0031

	Loss on validation set after epoch 159: 0.0034

Epoch 160
	Step 0: mean loss = 0.0032
	Step 50: mean loss = 0.0031
	Step 100: mean loss = 0.0032
	Step 150: mean loss = 0.0031

	Loss on validation set after epoch 160: 0.0033

Epoch 161
	Step 0: mean loss = 0.0027
	Step 50: mean loss = 0.0031
	Step 100: mean loss = 0.0032
	Step 150: mean loss = 0.0031

	Loss on validation set after epoch 161: 0.0034

Epoch 162
	Step 0: mean loss = 0.0027
	Step 50: mean loss = 0.0031
	Step 100: mean loss = 0.0031
	Step 150: mean loss = 0.0031

	Loss on validation set after epoch 162: 0.0034

Epoch 163
	Step 0: mean loss = 0.0037
	Step 50: mean loss = 0.0030
	Step 100: mean loss = 0.0031
	Step 150: mean loss = 0.0031

	Loss on validation set after epoch 163: 0.0034

Epoch 164
	Step 0: mean loss = 0.0034
	Step 50: mean loss = 0.0030
	Step 100: mean loss = 0.0031
	Step 150: mean loss = 0.0031

	Loss on validation set after epoch 164: 0.0032

Epoch 165
	Step 0: mean loss = 0.0032
	Step 50: mean loss = 0.0030
	Step 100: mean loss = 0.0031
	Step 150: mean loss = 0.0030

	Loss on validation set after epoch 165: 0.0036

Epoch 166
	Step 0: mean loss = 0.0029
	Step 50: mean loss = 0.0030
	Step 100: mean loss = 0.0031
	Step 150: mean loss = 0.0031

	Loss on validation set after epoch 166: 0.0034

Epoch 167
	Step 0: mean loss = 0.0027
	Step 50: mean loss = 0.0031
	Step 100: mean loss = 0.0031
	Step 150: mean loss = 0.0030

	Loss on validation set after epoch 167: 0.0032

Epoch 168
	Step 0: mean loss = 0.0028
	Step 50: mean loss = 0.0031
	Step 100: mean loss = 0.0031
	Step 150: mean loss = 0.0030

	Loss on validation set after epoch 168: 0.0032

Epoch 169
	Step 0: mean loss = 0.0028
	Step 50: mean loss = 0.0030
	Step 100: mean loss = 0.0030
	Step 150: mean loss = 0.0030

	Loss on validation set after epoch 169: 0.0032

Epoch 170
	Step 0: mean loss = 0.0021
	Step 50: mean loss = 0.0030
	Step 100: mean loss = 0.0030
	Step 150: mean loss = 0.0030

	Loss on validation set after epoch 170: 0.0032

Epoch 171
	Step 0: mean loss = 0.0030
	Step 50: mean loss = 0.0029
	Step 100: mean loss = 0.0030
	Step 150: mean loss = 0.0030

	Loss on validation set after epoch 171: 0.0034

Epoch 172
	Step 0: mean loss = 0.0027
	Step 50: mean loss = 0.0030
	Step 100: mean loss = 0.0030
	Step 150: mean loss = 0.0029

	Loss on validation set after epoch 172: 0.0032

Epoch 173
	Step 0: mean loss = 0.0021
	Step 50: mean loss = 0.0029
	Step 100: mean loss = 0.0030
	Step 150: mean loss = 0.0029

	Loss on validation set after epoch 173: 0.0033

Epoch 174
	Step 0: mean loss = 0.0024
	Step 50: mean loss = 0.0029
	Step 100: mean loss = 0.0030
	Step 150: mean loss = 0.0029

	Loss on validation set after epoch 174: 0.0033

Epoch 175
	Step 0: mean loss = 0.0026
	Step 50: mean loss = 0.0029
	Step 100: mean loss = 0.0030
	Step 150: mean loss = 0.0029

	Loss on validation set after epoch 175: 0.0033

Epoch 176
	Step 0: mean loss = 0.0021
	Step 50: mean loss = 0.0029
	Step 100: mean loss = 0.0029
	Step 150: mean loss = 0.0029

	Loss on validation set after epoch 176: 0.0030

Epoch 177
	Step 0: mean loss = 0.0020
	Step 50: mean loss = 0.0029
	Step 100: mean loss = 0.0030
	Step 150: mean loss = 0.0029

	Loss on validation set after epoch 177: 0.0031

Epoch 178
	Step 0: mean loss = 0.0032
	Step 50: mean loss = 0.0029
	Step 100: mean loss = 0.0029
	Step 150: mean loss = 0.0029

	Loss on validation set after epoch 178: 0.0030

Epoch 179
	Step 0: mean loss = 0.0029
	Step 50: mean loss = 0.0029
	Step 100: mean loss = 0.0029
	Step 150: mean loss = 0.0029

	Loss on validation set after epoch 179: 0.0031

Epoch 180
	Step 0: mean loss = 0.0037
	Step 50: mean loss = 0.0028
	Step 100: mean loss = 0.0029
	Step 150: mean loss = 0.0029

	Loss on validation set after epoch 180: 0.0031

Epoch 181
	Step 0: mean loss = 0.0025
	Step 50: mean loss = 0.0028
	Step 100: mean loss = 0.0029
	Step 150: mean loss = 0.0029

	Loss on validation set after epoch 181: 0.0031

Epoch 182
	Step 0: mean loss = 0.0036
	Step 50: mean loss = 0.0028
	Step 100: mean loss = 0.0029
	Step 150: mean loss = 0.0028

	Loss on validation set after epoch 182: 0.0031

Epoch 183
	Step 0: mean loss = 0.0020
	Step 50: mean loss = 0.0028
	Step 100: mean loss = 0.0029
	Step 150: mean loss = 0.0029

	Loss on validation set after epoch 183: 0.0031

Epoch 184
	Step 0: mean loss = 0.0029
	Step 50: mean loss = 0.0028
	Step 100: mean loss = 0.0029
	Step 150: mean loss = 0.0028

	Loss on validation set after epoch 184: 0.0030

Epoch 185
	Step 0: mean loss = 0.0027
	Step 50: mean loss = 0.0028
	Step 100: mean loss = 0.0028
	Step 150: mean loss = 0.0028

	Loss on validation set after epoch 185: 0.0031

Epoch 186
	Step 0: mean loss = 0.0028
	Step 50: mean loss = 0.0028
	Step 100: mean loss = 0.0029
	Step 150: mean loss = 0.0028

	Loss on validation set after epoch 186: 0.0031

Epoch 187
	Step 0: mean loss = 0.0041
	Step 50: mean loss = 0.0028
	Step 100: mean loss = 0.0028
	Step 150: mean loss = 0.0028

	Loss on validation set after epoch 187: 0.0029

Epoch 188
	Step 0: mean loss = 0.0034
	Step 50: mean loss = 0.0028
	Step 100: mean loss = 0.0028
	Step 150: mean loss = 0.0028

	Loss on validation set after epoch 188: 0.0030

Epoch 189
	Step 0: mean loss = 0.0025
	Step 50: mean loss = 0.0028
	Step 100: mean loss = 0.0028
	Step 150: mean loss = 0.0028

	Loss on validation set after epoch 189: 0.0030

Epoch 190
	Step 0: mean loss = 0.0027
	Step 50: mean loss = 0.0027
	Step 100: mean loss = 0.0028
	Step 150: mean loss = 0.0027

	Loss on validation set after epoch 190: 0.0028

Epoch 191
	Step 0: mean loss = 0.0028
	Step 50: mean loss = 0.0027
	Step 100: mean loss = 0.0028
	Step 150: mean loss = 0.0027

	Loss on validation set after epoch 191: 0.0031

Epoch 192
	Step 0: mean loss = 0.0029
	Step 50: mean loss = 0.0027
	Step 100: mean loss = 0.0028
	Step 150: mean loss = 0.0027

	Loss on validation set after epoch 192: 0.0029

Epoch 193
	Step 0: mean loss = 0.0016
	Step 50: mean loss = 0.0027
	Step 100: mean loss = 0.0027
	Step 150: mean loss = 0.0027

	Loss on validation set after epoch 193: 0.0028

Epoch 194
	Step 0: mean loss = 0.0014
	Step 50: mean loss = 0.0027
	Step 100: mean loss = 0.0027
	Step 150: mean loss = 0.0027

	Loss on validation set after epoch 194: 0.0030

Epoch 195
	Step 0: mean loss = 0.0025
	Step 50: mean loss = 0.0027
	Step 100: mean loss = 0.0027
	Step 150: mean loss = 0.0027

	Loss on validation set after epoch 195: 0.0030

Epoch 196
	Step 0: mean loss = 0.0032
	Step 50: mean loss = 0.0026
	Step 100: mean loss = 0.0027
	Step 150: mean loss = 0.0027

	Loss on validation set after epoch 196: 0.0031

Epoch 197
	Step 0: mean loss = 0.0019
	Step 50: mean loss = 0.0027
	Step 100: mean loss = 0.0027
	Step 150: mean loss = 0.0027

	Loss on validation set after epoch 197: 0.0029

Epoch 198
	Step 0: mean loss = 0.0030
	Step 50: mean loss = 0.0027
	Step 100: mean loss = 0.0027
	Step 150: mean loss = 0.0027

	Loss on validation set after epoch 198: 0.0028

Epoch 199
	Step 0: mean loss = 0.0018
	Step 50: mean loss = 0.0027
	Step 100: mean loss = 0.0027
	Step 150: mean loss = 0.0027

	Loss on validation set after epoch 199: 0.0029

Epoch 200
	Step 0: mean loss = 0.0038
	Step 50: mean loss = 0.0026
	Step 100: mean loss = 0.0027
	Step 150: mean loss = 0.0027

	Loss on validation set after epoch 200: 0.0029

Epoch 201
	Step 0: mean loss = 0.0021
	Step 50: mean loss = 0.0026
	Step 100: mean loss = 0.0027
	Step 150: mean loss = 0.0027

	Loss on validation set after epoch 201: 0.0027

Epoch 202
	Step 0: mean loss = 0.0031
	Step 50: mean loss = 0.0027
	Step 100: mean loss = 0.0027
	Step 150: mean loss = 0.0027

	Loss on validation set after epoch 202: 0.0029

Epoch 203
	Step 0: mean loss = 0.0037
	Step 50: mean loss = 0.0026
	Step 100: mean loss = 0.0027
	Step 150: mean loss = 0.0027

	Loss on validation set after epoch 203: 0.0028

Epoch 204
	Step 0: mean loss = 0.0014
	Step 50: mean loss = 0.0026
	Step 100: mean loss = 0.0027
	Step 150: mean loss = 0.0026

	Loss on validation set after epoch 204: 0.0029

Epoch 205
	Step 0: mean loss = 0.0023
	Step 50: mean loss = 0.0026
	Step 100: mean loss = 0.0026
	Step 150: mean loss = 0.0026

	Loss on validation set after epoch 205: 0.0029

Epoch 206
	Step 0: mean loss = 0.0027
	Step 50: mean loss = 0.0026
	Step 100: mean loss = 0.0027
	Step 150: mean loss = 0.0026

	Loss on validation set after epoch 206: 0.0030

Epoch 207
	Step 0: mean loss = 0.0024
	Step 50: mean loss = 0.0026
	Step 100: mean loss = 0.0027
	Step 150: mean loss = 0.0026

	Loss on validation set after epoch 207: 0.0028

Epoch 208
	Step 0: mean loss = 0.0023
	Step 50: mean loss = 0.0026
	Step 100: mean loss = 0.0027
	Step 150: mean loss = 0.0026

	Loss on validation set after epoch 208: 0.0028

Epoch 209
	Step 0: mean loss = 0.0020
	Step 50: mean loss = 0.0026
	Step 100: mean loss = 0.0027
	Step 150: mean loss = 0.0026

	Loss on validation set after epoch 209: 0.0028

Epoch 210
	Step 0: mean loss = 0.0025
	Step 50: mean loss = 0.0026
	Step 100: mean loss = 0.0026
	Step 150: mean loss = 0.0026

	Loss on validation set after epoch 210: 0.0028

Epoch 211
	Step 0: mean loss = 0.0020
	Step 50: mean loss = 0.0026
	Step 100: mean loss = 0.0026
	Step 150: mean loss = 0.0026

	Loss on validation set after epoch 211: 0.0027

Epoch 212
	Step 0: mean loss = 0.0027
	Step 50: mean loss = 0.0025
	Step 100: mean loss = 0.0026
	Step 150: mean loss = 0.0026

	Loss on validation set after epoch 212: 0.0027

Epoch 213
	Step 0: mean loss = 0.0021
	Step 50: mean loss = 0.0026
	Step 100: mean loss = 0.0026
	Step 150: mean loss = 0.0026

	Loss on validation set after epoch 213: 0.0028

Epoch 214
	Step 0: mean loss = 0.0023
	Step 50: mean loss = 0.0026
	Step 100: mean loss = 0.0026
	Step 150: mean loss = 0.0026

	Loss on validation set after epoch 214: 0.0027

Epoch 215
	Step 0: mean loss = 0.0014
	Step 50: mean loss = 0.0027
	Step 100: mean loss = 0.0026
	Step 150: mean loss = 0.0026

	Loss on validation set after epoch 215: 0.0028

Epoch 216
	Step 0: mean loss = 0.0022
	Step 50: mean loss = 0.0026
	Step 100: mean loss = 0.0026
	Step 150: mean loss = 0.0026

	Loss on validation set after epoch 216: 0.0027

Epoch 217
	Step 0: mean loss = 0.0025
	Step 50: mean loss = 0.0026
	Step 100: mean loss = 0.0026
	Step 150: mean loss = 0.0026

	Loss on validation set after epoch 217: 0.0029

Epoch 218
	Step 0: mean loss = 0.0020
	Step 50: mean loss = 0.0026
	Step 100: mean loss = 0.0026
	Step 150: mean loss = 0.0026

	Loss on validation set after epoch 218: 0.0028

Epoch 219
	Step 0: mean loss = 0.0039
	Step 50: mean loss = 0.0026
	Step 100: mean loss = 0.0026
	Step 150: mean loss = 0.0026

	Loss on validation set after epoch 219: 0.0027

Epoch 220
	Step 0: mean loss = 0.0023
	Step 50: mean loss = 0.0025
	Step 100: mean loss = 0.0026
	Step 150: mean loss = 0.0026

	Loss on validation set after epoch 220: 0.0028

Epoch 221
	Step 0: mean loss = 0.0017
	Step 50: mean loss = 0.0026
	Step 100: mean loss = 0.0026
	Step 150: mean loss = 0.0026

	Loss on validation set after epoch 221: 0.0029

Epoch 222
	Step 0: mean loss = 0.0024
	Step 50: mean loss = 0.0025
	Step 100: mean loss = 0.0026
	Step 150: mean loss = 0.0026

	Loss on validation set after epoch 222: 0.0027

Epoch 223
	Step 0: mean loss = 0.0021
	Step 50: mean loss = 0.0026
	Step 100: mean loss = 0.0026
	Step 150: mean loss = 0.0026

	Loss on validation set after epoch 223: 0.0027

Epoch 224
	Step 0: mean loss = 0.0024
	Step 50: mean loss = 0.0026
	Step 100: mean loss = 0.0026
	Step 150: mean loss = 0.0026

	Loss on validation set after epoch 224: 0.0027

Epoch 225
	Step 0: mean loss = 0.0016
	Step 50: mean loss = 0.0025
	Step 100: mean loss = 0.0026
	Step 150: mean loss = 0.0026

	Loss on validation set after epoch 225: 0.0029

Epoch 226
	Step 0: mean loss = 0.0023
	Step 50: mean loss = 0.0026
	Step 100: mean loss = 0.0026
	Step 150: mean loss = 0.0026

	Loss on validation set after epoch 226: 0.0029

Epoch 227
	Step 0: mean loss = 0.0022
	Step 50: mean loss = 0.0025
	Step 100: mean loss = 0.0026
	Step 150: mean loss = 0.0026

	Loss on validation set after epoch 227: 0.0027

Epoch 228
	Step 0: mean loss = 0.0027
	Step 50: mean loss = 0.0025
	Step 100: mean loss = 0.0026
	Step 150: mean loss = 0.0025

	Loss on validation set after epoch 228: 0.0027

Epoch 229
	Step 0: mean loss = 0.0032
	Step 50: mean loss = 0.0025
	Step 100: mean loss = 0.0026
	Step 150: mean loss = 0.0026

	Loss on validation set after epoch 229: 0.0028

Epoch 230
	Step 0: mean loss = 0.0023
	Step 50: mean loss = 0.0025
	Step 100: mean loss = 0.0026
	Step 150: mean loss = 0.0025

	Loss on validation set after epoch 230: 0.0027

Epoch 231
	Step 0: mean loss = 0.0025
	Step 50: mean loss = 0.0026
	Step 100: mean loss = 0.0026
	Step 150: mean loss = 0.0025

	Loss on validation set after epoch 231: 0.0027

Epoch 232
	Step 0: mean loss = 0.0019
	Step 50: mean loss = 0.0025
	Step 100: mean loss = 0.0026
	Step 150: mean loss = 0.0025

	Loss on validation set after epoch 232: 0.0029

Epoch 233
	Step 0: mean loss = 0.0028
	Step 50: mean loss = 0.0025
	Step 100: mean loss = 0.0026
	Step 150: mean loss = 0.0025

	Loss on validation set after epoch 233: 0.0029

Epoch 234
	Step 0: mean loss = 0.0024
	Step 50: mean loss = 0.0025
	Step 100: mean loss = 0.0026
	Step 150: mean loss = 0.0025

	Loss on validation set after epoch 234: 0.0027

Epoch 235
	Step 0: mean loss = 0.0018
	Step 50: mean loss = 0.0025
	Step 100: mean loss = 0.0026
	Step 150: mean loss = 0.0025

	Loss on validation set after epoch 235: 0.0028

Epoch 236
	Step 0: mean loss = 0.0029
	Step 50: mean loss = 0.0025
	Step 100: mean loss = 0.0025
	Step 150: mean loss = 0.0025

	Loss on validation set after epoch 236: 0.0028

Epoch 237
	Step 0: mean loss = 0.0014
	Step 50: mean loss = 0.0025
	Step 100: mean loss = 0.0025
	Step 150: mean loss = 0.0025

	Loss on validation set after epoch 237: 0.0029

Epoch 238
	Step 0: mean loss = 0.0018
	Step 50: mean loss = 0.0025
	Step 100: mean loss = 0.0026
	Step 150: mean loss = 0.0025

	Loss on validation set after epoch 238: 0.0027

Model from epoch 228 was selected by early stopping.
Training process will be stopped now.
Deleted temporary files in ../data/trained_models/temp_01-05-07-49-29/
Location of saved model: ../data/trained_models/last_hope_94_01-05-07-49-29/ 

Adding feature wise convolutions with 32 filters per feature, 3 kernels and 1 strides ...
Adding feature wise convolutions with 1 filters per feature, 3 kernels and 1 strides ...
Adding feature based graph attention layer ...
Adding time based graph attention layer ...
Adding GRU layer with 256 units ...
Adding GRU layer with 61 units ...
Adding GRU AE as reconstruction model ...
Adding dense layer to forecasting model with 512 units and ReLu activation ...
Adding dense layer to forecasting model with 256 units and ReLu activation ...
Adding last dense layer to forecasting model with 61 units and sigmoid activation ...
VAE reconstructs the output of the gru layer.

Grid search running in anomaly detection model selection mode.
The following hyperparameters will not be evaluated:
relevance_mapping
unaffected_component_threshold
si_mode
si_parameter

Testing 294 combinations via grid search 
for model last_hope_94_01-05-07-49-29/ on the validation dataset. 


Top 50 combinations tested:
      gamma  single_timestamp_a.. affected_timestamp..     AD F1     AD F2    AD TPR   AD Prec    AD ACC    AD TNR    AD FPR  SI/ST AVG-HR@100%  SI/ST AVG-HR@150%  SI/ST AVG-HR@K  SI/ST F1  SI/ST TPR  SI/ST ACC
Comb                                                                                                                                                                                                              
6       0.3                 0.200                  160  0.011494  0.007559  0.006154  0.086957  0.798830  0.984838  0.015162           0.164922           0.253697        0.160000  0.021538   0.021538   0.849467
5       0.3                 0.200                  150  0.011461  0.007553  0.006154  0.083333  0.798246  0.984116  0.015884           0.164922           0.253697        0.160000  0.021538   0.021538   0.849467
3       0.3                 0.200                  130  0.011429  0.007547  0.006154  0.080000  0.797661  0.983394  0.016606           0.164922           0.253697        0.160000  0.021538   0.021538   0.849467
4       0.3                 0.200                  140  0.011429  0.007547  0.006154  0.080000  0.797661  0.983394  0.016606           0.164922           0.253697        0.160000  0.021538   0.021538   0.849467
0       0.3                 0.200                  100  0.011364  0.007536  0.006154  0.074074  0.796491  0.981949  0.018051           0.164922           0.253697        0.160000  0.021538   0.021538   0.849467
1       0.3                 0.200                  110  0.011364  0.007536  0.006154  0.074074  0.796491  0.981949  0.018051           0.164922           0.253697        0.160000  0.021538   0.021538   0.849467
2       0.3                 0.200                  120  0.011364  0.007536  0.006154  0.074074  0.796491  0.981949  0.018051           0.164922           0.253697        0.160000  0.021538   0.021538   0.849467
50      0.4                 0.200                  110  0.005952  0.003814  0.003077  0.090909  0.804678  0.992780  0.007220           0.157486           0.241902        0.150769  0.018462   0.018462   0.848994
51      0.4                 0.200                  120  0.005952  0.003814  0.003077  0.090909  0.804678  0.992780  0.007220           0.157486           0.241902        0.150769  0.018462   0.018462   0.848994
52      0.4                 0.200                  130  0.005952  0.003814  0.003077  0.090909  0.804678  0.992780  0.007220           0.157486           0.241902        0.150769  0.018462   0.018462   0.848994
53      0.4                 0.200                  140  0.005952  0.003814  0.003077  0.090909  0.804678  0.992780  0.007220           0.157486           0.241902        0.150769  0.018462   0.018462   0.848994
54      0.4                 0.200                  150  0.005952  0.003814  0.003077  0.090909  0.804678  0.992780  0.007220           0.157486           0.241902        0.150769  0.018462   0.018462   0.848994
55      0.4                 0.200                  160  0.005952  0.003814  0.003077  0.090909  0.804678  0.992780  0.007220           0.157486           0.241902        0.150769  0.018462   0.018462   0.848994
49      0.4                 0.200                  100  0.005935  0.003811  0.003077  0.083333  0.804094  0.992058  0.007942           0.157486           0.241902        0.150769  0.018462   0.018462   0.848994
7       0.3                 0.225                  100       NaN       NaN  0.000000  0.000000  0.807018  0.996390  0.003610           0.156307           0.239902        0.147692  0.018462   0.018462   0.848994
8       0.3                 0.225                  110       NaN       NaN  0.000000  0.000000  0.807602  0.997112  0.002888           0.156307           0.239902        0.147692  0.018462   0.018462   0.848994
9       0.3                 0.225                  120       NaN       NaN  0.000000  0.000000  0.807602  0.997112  0.002888           0.156307           0.239902        0.147692  0.018462   0.018462   0.848994
10      0.3                 0.225                  130       NaN       NaN  0.000000  0.000000  0.808187  0.997834  0.002166           0.156307           0.239902        0.147692  0.018462   0.018462   0.848994
11      0.3                 0.225                  140       NaN       NaN  0.000000  0.000000  0.808187  0.997834  0.002166           0.156307           0.239902        0.147692  0.018462   0.018462   0.848994
12      0.3                 0.225                  150       NaN       NaN  0.000000  0.000000  0.808187  0.997834  0.002166           0.156307           0.239902        0.147692  0.018462   0.018462   0.848994
13      0.3                 0.225                  160       NaN       NaN  0.000000  0.000000  0.808187  0.997834  0.002166           0.156307           0.239902        0.147692  0.018462   0.018462   0.848994
98      0.5                 0.200                  100       NaN       NaN  0.000000  0.000000  0.809357  0.999278  0.000722           0.156307           0.239902        0.147692  0.018462   0.018462   0.848994
99      0.5                 0.200                  110       NaN       NaN  0.000000  0.000000  0.809357  0.999278  0.000722           0.156307           0.239902        0.147692  0.018462   0.018462   0.848994
100     0.5                 0.200                  120       NaN       NaN  0.000000  0.000000  0.809357  0.999278  0.000722           0.156307           0.239902        0.147692  0.018462   0.018462   0.848994
14      0.3                 0.250                  100       NaN       NaN  0.000000       NaN  0.809942  1.000000  0.000000           0.156307           0.239902        0.147692  0.018462   0.018462   0.848994
15      0.3                 0.250                  110       NaN       NaN  0.000000       NaN  0.809942  1.000000  0.000000           0.156307           0.239902        0.147692  0.018462   0.018462   0.848994
16      0.3                 0.250                  120       NaN       NaN  0.000000       NaN  0.809942  1.000000  0.000000           0.156307           0.239902        0.147692  0.018462   0.018462   0.848994
17      0.3                 0.250                  130       NaN       NaN  0.000000       NaN  0.809942  1.000000  0.000000           0.156307           0.239902        0.147692  0.018462   0.018462   0.848994
18      0.3                 0.250                  140       NaN       NaN  0.000000       NaN  0.809942  1.000000  0.000000           0.156307           0.239902        0.147692  0.018462   0.018462   0.848994
19      0.3                 0.250                  150       NaN       NaN  0.000000       NaN  0.809942  1.000000  0.000000           0.156307           0.239902        0.147692  0.018462   0.018462   0.848994
20      0.3                 0.250                  160       NaN       NaN  0.000000       NaN  0.809942  1.000000  0.000000           0.156307           0.239902        0.147692  0.018462   0.018462   0.848994
21      0.3                 0.275                  100       NaN       NaN  0.000000       NaN  0.809942  1.000000  0.000000           0.156307           0.239902        0.147692  0.018462   0.018462   0.848994
22      0.3                 0.275                  110       NaN       NaN  0.000000       NaN  0.809942  1.000000  0.000000           0.156307           0.239902        0.147692  0.018462   0.018462   0.848994
23      0.3                 0.275                  120       NaN       NaN  0.000000       NaN  0.809942  1.000000  0.000000           0.156307           0.239902        0.147692  0.018462   0.018462   0.848994
24      0.3                 0.275                  130       NaN       NaN  0.000000       NaN  0.809942  1.000000  0.000000           0.156307           0.239902        0.147692  0.018462   0.018462   0.848994
25      0.3                 0.275                  140       NaN       NaN  0.000000       NaN  0.809942  1.000000  0.000000           0.156307           0.239902        0.147692  0.018462   0.018462   0.848994
26      0.3                 0.275                  150       NaN       NaN  0.000000       NaN  0.809942  1.000000  0.000000           0.156307           0.239902        0.147692  0.018462   0.018462   0.848994
27      0.3                 0.275                  160       NaN       NaN  0.000000       NaN  0.809942  1.000000  0.000000           0.156307           0.239902        0.147692  0.018462   0.018462   0.848994
28      0.3                 0.300                  100       NaN       NaN  0.000000       NaN  0.809942  1.000000  0.000000           0.156307           0.239902        0.147692  0.018462   0.018462   0.848994
29      0.3                 0.300                  110       NaN       NaN  0.000000       NaN  0.809942  1.000000  0.000000           0.156307           0.239902        0.147692  0.018462   0.018462   0.848994
30      0.3                 0.300                  120       NaN       NaN  0.000000       NaN  0.809942  1.000000  0.000000           0.156307           0.239902        0.147692  0.018462   0.018462   0.848994
31      0.3                 0.300                  130       NaN       NaN  0.000000       NaN  0.809942  1.000000  0.000000           0.156307           0.239902        0.147692  0.018462   0.018462   0.848994
32      0.3                 0.300                  140       NaN       NaN  0.000000       NaN  0.809942  1.000000  0.000000           0.156307           0.239902        0.147692  0.018462   0.018462   0.848994
33      0.3                 0.300                  150       NaN       NaN  0.000000       NaN  0.809942  1.000000  0.000000           0.156307           0.239902        0.147692  0.018462   0.018462   0.848994
34      0.3                 0.300                  160       NaN       NaN  0.000000       NaN  0.809942  1.000000  0.000000           0.156307           0.239902        0.147692  0.018462   0.018462   0.848994
35      0.3                 0.325                  100       NaN       NaN  0.000000       NaN  0.809942  1.000000  0.000000           0.156307           0.239902        0.147692  0.018462   0.018462   0.848994
36      0.3                 0.325                  110       NaN       NaN  0.000000       NaN  0.809942  1.000000  0.000000           0.156307           0.239902        0.147692  0.018462   0.018462   0.848994
37      0.3                 0.325                  120       NaN       NaN  0.000000       NaN  0.809942  1.000000  0.000000           0.156307           0.239902        0.147692  0.018462   0.018462   0.848994
38      0.3                 0.325                  130       NaN       NaN  0.000000       NaN  0.809942  1.000000  0.000000           0.156307           0.239902        0.147692  0.018462   0.018462   0.848994
39      0.3                 0.325                  140       NaN       NaN  0.000000       NaN  0.809942  1.000000  0.000000           0.156307           0.239902        0.147692  0.018462   0.018462   0.848994

Full result output for the best combination:
                 #Examples  TP  FP    TN   FN       ACC       FNR       TNR       FPR       TPR      Prec        F1        F2  AVG # affected
Component                                                                                                                                    
no_failure            1385   0  21  1364    0  0.984838       NaN  0.984838  0.015162       NaN  0.000000       NaN       NaN        6.250542
txt15_i1                 5   1   0     0    4  0.200000  0.800000       NaN       NaN  0.200000  1.000000  0.333333  0.238095       56.400000
txt15_i3                 5   0   0     0    5  0.000000  1.000000       NaN       NaN  0.000000       NaN       NaN       NaN        0.000000
txt15_conveyor           3   0   0     0    3  0.000000  1.000000       NaN       NaN  0.000000       NaN       NaN       NaN        0.000000
txt15_m1               160   1   0     0  159  0.006250  0.993750       NaN       NaN  0.006250  1.000000  0.012422  0.007800        3.662500
txt15_pl                 9   0   0     0    9  0.000000  1.000000       NaN       NaN  0.000000       NaN       NaN       NaN        0.000000
txt16_i3                 4   0   0     0    4  0.000000  1.000000       NaN       NaN  0.000000       NaN       NaN       NaN        0.000000
txt16_conveyor           8   0   0     0    8  0.000000  1.000000       NaN       NaN  0.000000       NaN       NaN       NaN        0.000000
txt16_m3                65   0   0     0   65  0.000000  1.000000       NaN       NaN  0.000000       NaN       NaN       NaN        0.000000
txt16_turntable          2   0   0     0    2  0.000000  1.000000       NaN       NaN  0.000000       NaN       NaN       NaN        0.000000
txt17_i1                16   0   0     0   16  0.000000  1.000000       NaN       NaN  0.000000       NaN       NaN       NaN        4.500000
txt17_pl                14   0   0     0   14  0.000000  1.000000       NaN       NaN  0.000000       NaN       NaN       NaN        0.000000
txt18_pl                28   0   0     0   28  0.000000  1.000000       NaN       NaN  0.000000       NaN       NaN       NaN        0.000000
txt19_i4                 6   0   0     0    6  0.000000  1.000000       NaN       NaN  0.000000       NaN       NaN       NaN        0.000000
combined              1710   2  21  1364  323  0.798830  0.993846  0.984838  0.015162  0.006154  0.086957  0.011494  0.007559        5.612281

                 #Examples  TP  FP    TN   FN       ACC       FNR       TNR       FPR       TPR      Prec        F1        F2  AVG # affected
Component                                                                                                                                    
no_failure            1385   0  21  1364    0  0.984838       NaN  0.984838  0.015162       NaN  0.000000       NaN       NaN        6.250542
txt15_i1                 5   1   0     0    4  0.200000  0.800000       NaN       NaN  0.200000  1.000000  0.333333  0.238095       56.400000
txt15_i3                 5   0   0     0    5  0.000000  1.000000       NaN       NaN  0.000000       NaN       NaN       NaN        0.000000
txt15_conveyor           3   0   0     0    3  0.000000  1.000000       NaN       NaN  0.000000       NaN       NaN       NaN        0.000000
txt15_m1               160   1   0     0  159  0.006250  0.993750       NaN       NaN  0.006250  1.000000  0.012422  0.007800        3.662500
txt15_pl                 9   0   0     0    9  0.000000  1.000000       NaN       NaN  0.000000       NaN       NaN       NaN        0.000000
txt16_i3                 4   0   0     0    4  0.000000  1.000000       NaN       NaN  0.000000       NaN       NaN       NaN        0.000000
txt16_conveyor           8   0   0     0    8  0.000000  1.000000       NaN       NaN  0.000000       NaN       NaN       NaN        0.000000
txt16_m3                65   0   0     0   65  0.000000  1.000000       NaN       NaN  0.000000       NaN       NaN       NaN        0.000000
txt16_turntable          2   0   0     0    2  0.000000  1.000000       NaN       NaN  0.000000       NaN       NaN       NaN        0.000000
txt17_i1                16   0   0     0   16  0.000000  1.000000       NaN       NaN  0.000000       NaN       NaN       NaN        4.500000
txt17_pl                14   0   0     0   14  0.000000  1.000000       NaN       NaN  0.000000       NaN       NaN       NaN        0.000000
txt18_pl                28   0   0     0   28  0.000000  1.000000       NaN       NaN  0.000000       NaN       NaN       NaN        0.000000
txt19_i4                 6   0   0     0    6  0.000000  1.000000       NaN       NaN  0.000000       NaN       NaN       NaN        0.000000
combined              1710   2  21  1364  323  0.798830  0.993846  0.984838  0.015162  0.006154  0.086957  0.011494  0.007559        5.612281

Execution time: 3335.2396928020753
