
Dataset loaded:
Shape of training set (example, time, channels): (20812, 500, 61)
Shape of test set (example, time, channels): (3989, 500, 61)
Shape of train validation set (example, time, channels): (2313, 500, 61)
Shape of test validation set (example, time, channels): (1710, 500, 61)
Num of classes in all: 25

Creating model based on ../configuration/hyperparameter_combinations/last_hope_33.json hyperparameter file 

Adding feature wise convolutions with 32 filters per feature, 3 kernels and 1 strides ...
Adding feature wise convolutions with 1 filters per feature, 3 kernels and 1 strides ...
Adding feature based graph attention layer ...
Adding time based graph attention layer ...
Adding GRU layer with 256 units ...
Adding GRU layer with 61 units ...
Adding dense layer to forecasting model with 512 units and ReLu activation ...
Adding dense layer to forecasting model with 256 units and ReLu activation ...
Adding last dense layer to forecasting model with 61 units and sigmoid activation ...
Adding VAE as reconstruction model dimensions 3072 & 1024 ...

Epoch 0
	Step 0: mean loss = 1.2877
	Step 50: mean loss = 0.5265
	Step 100: mean loss = 0.3642
	Step 150: mean loss = 0.2830

	Loss on validation set after epoch 0: 0.1086

Epoch 1
	Step 0: mean loss = 0.1098
	Step 50: mean loss = 0.1035
	Step 100: mean loss = 0.0997
	Step 150: mean loss = 0.0966

	Loss on validation set after epoch 1: 0.0870

Epoch 2
	Step 0: mean loss = 0.0887
	Step 50: mean loss = 0.0853
	Step 100: mean loss = 0.0840
	Step 150: mean loss = 0.0826

	Loss on validation set after epoch 2: 0.0777

Epoch 3
	Step 0: mean loss = 0.0760
	Step 50: mean loss = 0.0760
	Step 100: mean loss = 0.0747
	Step 150: mean loss = 0.0737

	Loss on validation set after epoch 3: 0.0703

Epoch 4
	Step 0: mean loss = 0.0675
	Step 50: mean loss = 0.0696
	Step 100: mean loss = 0.0690
	Step 150: mean loss = 0.0686

	Loss on validation set after epoch 4: 0.0653

Epoch 5
	Step 0: mean loss = 0.0658
	Step 50: mean loss = 0.0659
	Step 100: mean loss = 0.0652
	Step 150: mean loss = 0.0643

	Loss on validation set after epoch 5: 0.0603

Epoch 6
	Step 0: mean loss = 0.0642
	Step 50: mean loss = 0.0600
	Step 100: mean loss = 0.0594
	Step 150: mean loss = 0.0590

	Loss on validation set after epoch 6: 0.0577

Epoch 7
	Step 0: mean loss = 0.0567
	Step 50: mean loss = 0.0571
	Step 100: mean loss = 0.0569
	Step 150: mean loss = 0.0568

	Loss on validation set after epoch 7: 0.0547

Epoch 8
	Step 0: mean loss = 0.0558
	Step 50: mean loss = 0.0561
	Step 100: mean loss = 0.0561
	Step 150: mean loss = 0.0558

	Loss on validation set after epoch 8: 0.0561

Epoch 9
	Step 0: mean loss = 0.0540
	Step 50: mean loss = 0.0548
	Step 100: mean loss = 0.0551
	Step 150: mean loss = 0.0547

	Loss on validation set after epoch 9: 0.0543

Epoch 10
	Step 0: mean loss = 0.0578
	Step 50: mean loss = 0.0539
	Step 100: mean loss = 0.0539
	Step 150: mean loss = 0.0539

	Loss on validation set after epoch 10: 0.0533

Epoch 11
	Step 0: mean loss = 0.0531
	Step 50: mean loss = 0.0528
	Step 100: mean loss = 0.0533
	Step 150: mean loss = 0.0534

	Loss on validation set after epoch 11: 0.0523

Epoch 12
	Step 0: mean loss = 0.0532
	Step 50: mean loss = 0.0529
	Step 100: mean loss = 0.0527
	Step 150: mean loss = 0.0527

	Loss on validation set after epoch 12: 0.0529

Epoch 13
	Step 0: mean loss = 0.0470
	Step 50: mean loss = 0.0522
	Step 100: mean loss = 0.0525
	Step 150: mean loss = 0.0524

	Loss on validation set after epoch 13: 0.0517

Epoch 14
	Step 0: mean loss = 0.0537
	Step 50: mean loss = 0.0518
	Step 100: mean loss = 0.0519
	Step 150: mean loss = 0.0519

	Loss on validation set after epoch 14: 0.0512

Epoch 15
	Step 0: mean loss = 0.0560
	Step 50: mean loss = 0.0516
	Step 100: mean loss = 0.0517
	Step 150: mean loss = 0.0517

	Loss on validation set after epoch 15: 0.0509

Epoch 16
	Step 0: mean loss = 0.0486
	Step 50: mean loss = 0.0514
	Step 100: mean loss = 0.0516
	Step 150: mean loss = 0.0513

	Loss on validation set after epoch 16: 0.0523

Epoch 17
	Step 0: mean loss = 0.0518
	Step 50: mean loss = 0.0507
	Step 100: mean loss = 0.0508
	Step 150: mean loss = 0.0507

	Loss on validation set after epoch 17: 0.0500

Epoch 18
	Step 0: mean loss = 0.0467
	Step 50: mean loss = 0.0499
	Step 100: mean loss = 0.0502
	Step 150: mean loss = 0.0502

	Loss on validation set after epoch 18: 0.0508

Epoch 19
	Step 0: mean loss = 0.0524
	Step 50: mean loss = 0.0503
	Step 100: mean loss = 0.0499
	Step 150: mean loss = 0.0495

	Loss on validation set after epoch 19: 0.0496

Epoch 20
	Step 0: mean loss = 0.0472
	Step 50: mean loss = 0.0488
	Step 100: mean loss = 0.0491
	Step 150: mean loss = 0.0489

	Loss on validation set after epoch 20: 0.0492

Epoch 21
	Step 0: mean loss = 0.0476
	Step 50: mean loss = 0.0480
	Step 100: mean loss = 0.0481
	Step 150: mean loss = 0.0480

	Loss on validation set after epoch 21: 0.0475

Epoch 22
	Step 0: mean loss = 0.0452
	Step 50: mean loss = 0.0471
	Step 100: mean loss = 0.0468
	Step 150: mean loss = 0.0465

	Loss on validation set after epoch 22: 0.0444

Epoch 23
	Step 0: mean loss = 0.0466
	Step 50: mean loss = 0.0438
	Step 100: mean loss = 0.0436
	Step 150: mean loss = 0.0433

	Loss on validation set after epoch 23: 0.0417

Epoch 24
	Step 0: mean loss = 0.0406
	Step 50: mean loss = 0.0412
	Step 100: mean loss = 0.0408
	Step 150: mean loss = 0.0404

	Loss on validation set after epoch 24: 0.0386

Epoch 25
	Step 0: mean loss = 0.0383
	Step 50: mean loss = 0.0377
	Step 100: mean loss = 0.0377
	Step 150: mean loss = 0.0372

	Loss on validation set after epoch 25: 0.0355

Epoch 26
	Step 0: mean loss = 0.0304
	Step 50: mean loss = 0.0345
	Step 100: mean loss = 0.0341
	Step 150: mean loss = 0.0338

	Loss on validation set after epoch 26: 0.0330

Epoch 27
	Step 0: mean loss = 0.0350
	Step 50: mean loss = 0.0316
	Step 100: mean loss = 0.0314
	Step 150: mean loss = 0.0312

	Loss on validation set after epoch 27: 0.0311

Epoch 28
	Step 0: mean loss = 0.0354
	Step 50: mean loss = 0.0300
	Step 100: mean loss = 0.0299
	Step 150: mean loss = 0.0296

	Loss on validation set after epoch 28: 0.0290

Epoch 29
	Step 0: mean loss = 0.0311
	Step 50: mean loss = 0.0283
	Step 100: mean loss = 0.0281
	Step 150: mean loss = 0.0277

	Loss on validation set after epoch 29: 0.0269

Epoch 30
	Step 0: mean loss = 0.0236
	Step 50: mean loss = 0.0263
	Step 100: mean loss = 0.0260
	Step 150: mean loss = 0.0258

	Loss on validation set after epoch 30: 0.0255

Epoch 31
	Step 0: mean loss = 0.0219
	Step 50: mean loss = 0.0249
	Step 100: mean loss = 0.0247
	Step 150: mean loss = 0.0246

	Loss on validation set after epoch 31: 0.0240

Epoch 32
	Step 0: mean loss = 0.0246
	Step 50: mean loss = 0.0238
	Step 100: mean loss = 0.0237
	Step 150: mean loss = 0.0234

	Loss on validation set after epoch 32: 0.0228

Epoch 33
	Step 0: mean loss = 0.0217
	Step 50: mean loss = 0.0231
	Step 100: mean loss = 0.0228
	Step 150: mean loss = 0.0226

	Loss on validation set after epoch 33: 0.0230

Epoch 34
	Step 0: mean loss = 0.0264
	Step 50: mean loss = 0.0222
	Step 100: mean loss = 0.0221
	Step 150: mean loss = 0.0219

	Loss on validation set after epoch 34: 0.0212

Epoch 35
	Step 0: mean loss = 0.0221
	Step 50: mean loss = 0.0213
	Step 100: mean loss = 0.0211
	Step 150: mean loss = 0.0210

	Loss on validation set after epoch 35: 0.0219

Epoch 36
	Step 0: mean loss = 0.0255
	Step 50: mean loss = 0.0206
	Step 100: mean loss = 0.0207
	Step 150: mean loss = 0.0206

	Loss on validation set after epoch 36: 0.0219

Epoch 37
	Step 0: mean loss = 0.0227
	Step 50: mean loss = 0.0208
	Step 100: mean loss = 0.0205
	Step 150: mean loss = 0.0203

	Loss on validation set after epoch 37: 0.0202

Epoch 38
	Step 0: mean loss = 0.0189
	Step 50: mean loss = 0.0197
	Step 100: mean loss = 0.0197
	Step 150: mean loss = 0.0196

	Loss on validation set after epoch 38: 0.0191

Epoch 39
	Step 0: mean loss = 0.0178
	Step 50: mean loss = 0.0193
	Step 100: mean loss = 0.0192
	Step 150: mean loss = 0.0192

	Loss on validation set after epoch 39: 0.0187

Epoch 40
	Step 0: mean loss = 0.0192
	Step 50: mean loss = 0.0198
	Step 100: mean loss = 0.0196
	Step 150: mean loss = 0.0193

	Loss on validation set after epoch 40: 0.0189

Epoch 41
	Step 0: mean loss = 0.0193
	Step 50: mean loss = 0.0188
	Step 100: mean loss = 0.0188
	Step 150: mean loss = 0.0187

	Loss on validation set after epoch 41: 0.0184

Epoch 42
	Step 0: mean loss = 0.0176
	Step 50: mean loss = 0.0185
	Step 100: mean loss = 0.0184
	Step 150: mean loss = 0.0183

	Loss on validation set after epoch 42: 0.0186

Epoch 43
	Step 0: mean loss = 0.0189
	Step 50: mean loss = 0.0184
	Step 100: mean loss = 0.0182
	Step 150: mean loss = 0.0181

	Loss on validation set after epoch 43: 0.0178

Epoch 44
	Step 0: mean loss = 0.0167
	Step 50: mean loss = 0.0178
	Step 100: mean loss = 0.0178
	Step 150: mean loss = 0.0178

	Loss on validation set after epoch 44: 0.0173

Epoch 45
	Step 0: mean loss = 0.0151
	Step 50: mean loss = 0.0176
	Step 100: mean loss = 0.0176
	Step 150: mean loss = 0.0177

	Loss on validation set after epoch 45: 0.0178

Epoch 46
	Step 0: mean loss = 0.0151
	Step 50: mean loss = 0.0176
	Step 100: mean loss = 0.0174
	Step 150: mean loss = 0.0174

	Loss on validation set after epoch 46: 0.0177

Epoch 47
	Step 0: mean loss = 0.0154
	Step 50: mean loss = 0.0171
	Step 100: mean loss = 0.0172
	Step 150: mean loss = 0.0172

	Loss on validation set after epoch 47: 0.0193

Epoch 48
	Step 0: mean loss = 0.0194
	Step 50: mean loss = 0.0169
	Step 100: mean loss = 0.0170
	Step 150: mean loss = 0.0170

	Loss on validation set after epoch 48: 0.0167

Epoch 49
	Step 0: mean loss = 0.0172
	Step 50: mean loss = 0.0168
	Step 100: mean loss = 0.0167
	Step 150: mean loss = 0.0166

	Loss on validation set after epoch 49: 0.0161

Epoch 50
	Step 0: mean loss = 0.0140
	Step 50: mean loss = 0.0165
	Step 100: mean loss = 0.0166
	Step 150: mean loss = 0.0165

	Loss on validation set after epoch 50: 0.0169

Epoch 51
	Step 0: mean loss = 0.0195
	Step 50: mean loss = 0.0164
	Step 100: mean loss = 0.0166
	Step 150: mean loss = 0.0165

	Loss on validation set after epoch 51: 0.0163

Epoch 52
	Step 0: mean loss = 0.0175
	Step 50: mean loss = 0.0162
	Step 100: mean loss = 0.0162
	Step 150: mean loss = 0.0161

	Loss on validation set after epoch 52: 0.0162

Epoch 53
	Step 0: mean loss = 0.0164
	Step 50: mean loss = 0.0160
	Step 100: mean loss = 0.0161
	Step 150: mean loss = 0.0160

	Loss on validation set after epoch 53: 0.0163

Epoch 54
	Step 0: mean loss = 0.0165
	Step 50: mean loss = 0.0156
	Step 100: mean loss = 0.0156
	Step 150: mean loss = 0.0156

	Loss on validation set after epoch 54: 0.0162

Epoch 55
	Step 0: mean loss = 0.0154
	Step 50: mean loss = 0.0155
	Step 100: mean loss = 0.0156
	Step 150: mean loss = 0.0156

	Loss on validation set after epoch 55: 0.0156

Epoch 56
	Step 0: mean loss = 0.0149
	Step 50: mean loss = 0.0153
	Step 100: mean loss = 0.0154
	Step 150: mean loss = 0.0153

	Loss on validation set after epoch 56: 0.0152

Epoch 57
	Step 0: mean loss = 0.0139
	Step 50: mean loss = 0.0148
	Step 100: mean loss = 0.0149
	Step 150: mean loss = 0.0150

	Loss on validation set after epoch 57: 0.0150

Epoch 58
	Step 0: mean loss = 0.0161
	Step 50: mean loss = 0.0150
	Step 100: mean loss = 0.0149
	Step 150: mean loss = 0.0148

	Loss on validation set after epoch 58: 0.0147

Epoch 59
	Step 0: mean loss = 0.0142
	Step 50: mean loss = 0.0149
	Step 100: mean loss = 0.0148
	Step 150: mean loss = 0.0147

	Loss on validation set after epoch 59: 0.0145

Epoch 60
	Step 0: mean loss = 0.0123
	Step 50: mean loss = 0.0142
	Step 100: mean loss = 0.0144
	Step 150: mean loss = 0.0143

	Loss on validation set after epoch 60: 0.0138

Epoch 61
	Step 0: mean loss = 0.0151
	Step 50: mean loss = 0.0136
	Step 100: mean loss = 0.0137
	Step 150: mean loss = 0.0137

	Loss on validation set after epoch 61: 0.0134

Epoch 62
	Step 0: mean loss = 0.0135
	Step 50: mean loss = 0.0132
	Step 100: mean loss = 0.0132
	Step 150: mean loss = 0.0132

	Loss on validation set after epoch 62: 0.0126

Epoch 63
	Step 0: mean loss = 0.0119
	Step 50: mean loss = 0.0126
	Step 100: mean loss = 0.0127
	Step 150: mean loss = 0.0126

	Loss on validation set after epoch 63: 0.0126

Epoch 64
	Step 0: mean loss = 0.0120
	Step 50: mean loss = 0.0125
	Step 100: mean loss = 0.0125
	Step 150: mean loss = 0.0124

	Loss on validation set after epoch 64: 0.0122

Epoch 65
	Step 0: mean loss = 0.0105
	Step 50: mean loss = 0.0121
	Step 100: mean loss = 0.0120
	Step 150: mean loss = 0.0121

	Loss on validation set after epoch 65: 0.0118

Epoch 66
	Step 0: mean loss = 0.0128
	Step 50: mean loss = 0.0117
	Step 100: mean loss = 0.0119
	Step 150: mean loss = 0.0119

	Loss on validation set after epoch 66: 0.0117

Epoch 67
	Step 0: mean loss = 0.0120
	Step 50: mean loss = 0.0116
	Step 100: mean loss = 0.0116
	Step 150: mean loss = 0.0116

	Loss on validation set after epoch 67: 0.0113

Epoch 68
	Step 0: mean loss = 0.0106
	Step 50: mean loss = 0.0112
	Step 100: mean loss = 0.0112
	Step 150: mean loss = 0.0112

	Loss on validation set after epoch 68: 0.0109

Epoch 69
	Step 0: mean loss = 0.0122
	Step 50: mean loss = 0.0111
	Step 100: mean loss = 0.0111
	Step 150: mean loss = 0.0110

	Loss on validation set after epoch 69: 0.0112

Epoch 70
	Step 0: mean loss = 0.0098
	Step 50: mean loss = 0.0109
	Step 100: mean loss = 0.0108
	Step 150: mean loss = 0.0108

	Loss on validation set after epoch 70: 0.0105

Epoch 71
	Step 0: mean loss = 0.0120
	Step 50: mean loss = 0.0107
	Step 100: mean loss = 0.0106
	Step 150: mean loss = 0.0106

	Loss on validation set after epoch 71: 0.0106

Epoch 72
	Step 0: mean loss = 0.0119
	Step 50: mean loss = 0.0105
	Step 100: mean loss = 0.0106
	Step 150: mean loss = 0.0105

	Loss on validation set after epoch 72: 0.0103

Epoch 73
	Step 0: mean loss = 0.0096
	Step 50: mean loss = 0.0104
	Step 100: mean loss = 0.0104
	Step 150: mean loss = 0.0104

	Loss on validation set after epoch 73: 0.0103

Epoch 74
	Step 0: mean loss = 0.0099
	Step 50: mean loss = 0.0104
	Step 100: mean loss = 0.0104
	Step 150: mean loss = 0.0104

	Loss on validation set after epoch 74: 0.0103

Epoch 75
	Step 0: mean loss = 0.0110
	Step 50: mean loss = 0.0101
	Step 100: mean loss = 0.0101
	Step 150: mean loss = 0.0101

	Loss on validation set after epoch 75: 0.0099

Epoch 76
	Step 0: mean loss = 0.0081
	Step 50: mean loss = 0.0100
	Step 100: mean loss = 0.0100
	Step 150: mean loss = 0.0102

	Loss on validation set after epoch 76: 0.0102

Epoch 77
	Step 0: mean loss = 0.0107
	Step 50: mean loss = 0.0101
	Step 100: mean loss = 0.0101
	Step 150: mean loss = 0.0100

	Loss on validation set after epoch 77: 0.0100

Epoch 78
	Step 0: mean loss = 0.0113
	Step 50: mean loss = 0.0099
	Step 100: mean loss = 0.0099
	Step 150: mean loss = 0.0099

	Loss on validation set after epoch 78: 0.0098

Epoch 79
	Step 0: mean loss = 0.0105
	Step 50: mean loss = 0.0097
	Step 100: mean loss = 0.0097
	Step 150: mean loss = 0.0097

	Loss on validation set after epoch 79: 0.0099

Epoch 80
	Step 0: mean loss = 0.0086
	Step 50: mean loss = 0.0097
	Step 100: mean loss = 0.0096
	Step 150: mean loss = 0.0096

	Loss on validation set after epoch 80: 0.0093

Epoch 81
	Step 0: mean loss = 0.0092
	Step 50: mean loss = 0.0108
	Step 100: mean loss = 0.0102
	Step 150: mean loss = 0.0100

	Loss on validation set after epoch 81: 0.0096

Epoch 82
	Step 0: mean loss = 0.0085
	Step 50: mean loss = 0.0095
	Step 100: mean loss = 0.0095
	Step 150: mean loss = 0.0095

	Loss on validation set after epoch 82: 0.0095

Epoch 83
	Step 0: mean loss = 0.0098
	Step 50: mean loss = 0.0094
	Step 100: mean loss = 0.0094
	Step 150: mean loss = 0.0094

	Loss on validation set after epoch 83: 0.0096

Epoch 84
	Step 0: mean loss = 0.0107
	Step 50: mean loss = 0.0092
	Step 100: mean loss = 0.0092
	Step 150: mean loss = 0.0093

	Loss on validation set after epoch 84: 0.0093

Epoch 85
	Step 0: mean loss = 0.0101
	Step 50: mean loss = 0.0093
	Step 100: mean loss = 0.0093
	Step 150: mean loss = 0.0093

	Loss on validation set after epoch 85: 0.0092

Epoch 86
	Step 0: mean loss = 0.0088
	Step 50: mean loss = 0.0091
	Step 100: mean loss = 0.0091
	Step 150: mean loss = 0.0092

	Loss on validation set after epoch 86: 0.0092

Epoch 87
	Step 0: mean loss = 0.0097
	Step 50: mean loss = 0.0091
	Step 100: mean loss = 0.0092
	Step 150: mean loss = 0.0092

	Loss on validation set after epoch 87: 0.0091

Epoch 88
	Step 0: mean loss = 0.0075
	Step 50: mean loss = 0.0090
	Step 100: mean loss = 0.0090
	Step 150: mean loss = 0.0090

	Loss on validation set after epoch 88: 0.0093

Epoch 89
	Step 0: mean loss = 0.0069
	Step 50: mean loss = 0.0088
	Step 100: mean loss = 0.0090
	Step 150: mean loss = 0.0090

	Loss on validation set after epoch 89: 0.0092

Epoch 90
	Step 0: mean loss = 0.0075
	Step 50: mean loss = 0.0089
	Step 100: mean loss = 0.0089
	Step 150: mean loss = 0.0089

	Loss on validation set after epoch 90: 0.0091

Epoch 91
	Step 0: mean loss = 0.0097
	Step 50: mean loss = 0.0088
	Step 100: mean loss = 0.0088
	Step 150: mean loss = 0.0088

	Loss on validation set after epoch 91: 0.0088

Epoch 92
	Step 0: mean loss = 0.0076
	Step 50: mean loss = 0.0091
	Step 100: mean loss = 0.0090
	Step 150: mean loss = 0.0089

	Loss on validation set after epoch 92: 0.0088

Epoch 93
	Step 0: mean loss = 0.0098
	Step 50: mean loss = 0.0086
	Step 100: mean loss = 0.0086
	Step 150: mean loss = 0.0086

	Loss on validation set after epoch 93: 0.0088

Epoch 94
	Step 0: mean loss = 0.0087
	Step 50: mean loss = 0.0086
	Step 100: mean loss = 0.0086
	Step 150: mean loss = 0.0086

	Loss on validation set after epoch 94: 0.0089

Epoch 95
	Step 0: mean loss = 0.0104
	Step 50: mean loss = 0.0085
	Step 100: mean loss = 0.0086
	Step 150: mean loss = 0.0085

	Loss on validation set after epoch 95: 0.0086

Epoch 96
	Step 0: mean loss = 0.0080
	Step 50: mean loss = 0.0084
	Step 100: mean loss = 0.0085
	Step 150: mean loss = 0.0085

	Loss on validation set after epoch 96: 0.0092

Epoch 97
	Step 0: mean loss = 0.0073
	Step 50: mean loss = 0.0083
	Step 100: mean loss = 0.0084
	Step 150: mean loss = 0.0083

	Loss on validation set after epoch 97: 0.0088

Epoch 98
	Step 0: mean loss = 0.0079
	Step 50: mean loss = 0.0082
	Step 100: mean loss = 0.0082
	Step 150: mean loss = 0.0082

	Loss on validation set after epoch 98: 0.0088

Epoch 99
	Step 0: mean loss = 0.0094
	Step 50: mean loss = 0.0081
	Step 100: mean loss = 0.0081
	Step 150: mean loss = 0.0081

	Loss on validation set after epoch 99: 0.0081

Epoch 100
	Step 0: mean loss = 0.0080
	Step 50: mean loss = 0.0081
	Step 100: mean loss = 0.0082
	Step 150: mean loss = 0.0081

	Loss on validation set after epoch 100: 0.0086

Epoch 101
	Step 0: mean loss = 0.0090
	Step 50: mean loss = 0.0080
	Step 100: mean loss = 0.0081
	Step 150: mean loss = 0.0080

	Loss on validation set after epoch 101: 0.0083

Epoch 102
	Step 0: mean loss = 0.0086
	Step 50: mean loss = 0.0080
	Step 100: mean loss = 0.0080
	Step 150: mean loss = 0.0079

	Loss on validation set after epoch 102: 0.0084

Epoch 103
	Step 0: mean loss = 0.0086
	Step 50: mean loss = 0.0078
	Step 100: mean loss = 0.0079
	Step 150: mean loss = 0.0079

	Loss on validation set after epoch 103: 0.0078

Epoch 104
	Step 0: mean loss = 0.0093
	Step 50: mean loss = 0.0078
	Step 100: mean loss = 0.0079
	Step 150: mean loss = 0.0079

	Loss on validation set after epoch 104: 0.0078

Epoch 105
	Step 0: mean loss = 0.0074
	Step 50: mean loss = 0.0078
	Step 100: mean loss = 0.0078
	Step 150: mean loss = 0.0078

	Loss on validation set after epoch 105: 0.0077

Epoch 106
	Step 0: mean loss = 0.0068
	Step 50: mean loss = 0.0077
	Step 100: mean loss = 0.0077
	Step 150: mean loss = 0.0077

	Loss on validation set after epoch 106: 0.0079

Epoch 107
	Step 0: mean loss = 0.0072
	Step 50: mean loss = 0.0075
	Step 100: mean loss = 0.0076
	Step 150: mean loss = 0.0076

	Loss on validation set after epoch 107: 0.0079

Epoch 108
	Step 0: mean loss = 0.0072
	Step 50: mean loss = 0.0075
	Step 100: mean loss = 0.0081
	Step 150: mean loss = 0.0080

	Loss on validation set after epoch 108: 0.0078

Epoch 109
	Step 0: mean loss = 0.0076
	Step 50: mean loss = 0.0075
	Step 100: mean loss = 0.0074
	Step 150: mean loss = 0.0075

	Loss on validation set after epoch 109: 0.0077

Epoch 110
	Step 0: mean loss = 0.0069
	Step 50: mean loss = 0.0074
	Step 100: mean loss = 0.0074
	Step 150: mean loss = 0.0074

	Loss on validation set after epoch 110: 0.0077

Epoch 111
	Step 0: mean loss = 0.0073
	Step 50: mean loss = 0.0073
	Step 100: mean loss = 0.0074
	Step 150: mean loss = 0.0073

	Loss on validation set after epoch 111: 0.0077

Epoch 112
	Step 0: mean loss = 0.0067
	Step 50: mean loss = 0.0072
	Step 100: mean loss = 0.0073
	Step 150: mean loss = 0.0073

	Loss on validation set after epoch 112: 0.0076

Epoch 113
	Step 0: mean loss = 0.0095
	Step 50: mean loss = 0.0073
	Step 100: mean loss = 0.0073
	Step 150: mean loss = 0.0072

	Loss on validation set after epoch 113: 0.0072

Epoch 114
	Step 0: mean loss = 0.0056
	Step 50: mean loss = 0.0071
	Step 100: mean loss = 0.0071
	Step 150: mean loss = 0.0071

	Loss on validation set after epoch 114: 0.0073

Epoch 115
	Step 0: mean loss = 0.0070
	Step 50: mean loss = 0.0072
	Step 100: mean loss = 0.0072
	Step 150: mean loss = 0.0072

	Loss on validation set after epoch 115: 0.0071

Epoch 116
	Step 0: mean loss = 0.0081
	Step 50: mean loss = 0.0070
	Step 100: mean loss = 0.0070
	Step 150: mean loss = 0.0070

	Loss on validation set after epoch 116: 0.0077

Epoch 117
	Step 0: mean loss = 0.0064
	Step 50: mean loss = 0.0070
	Step 100: mean loss = 0.0070
	Step 150: mean loss = 0.0070

	Loss on validation set after epoch 117: 0.0071

Epoch 118
	Step 0: mean loss = 0.0058
	Step 50: mean loss = 0.0070
	Step 100: mean loss = 0.0070
	Step 150: mean loss = 0.0070

	Loss on validation set after epoch 118: 0.0070

Epoch 119
	Step 0: mean loss = 0.0065
	Step 50: mean loss = 0.0068
	Step 100: mean loss = 0.0069
	Step 150: mean loss = 0.0069

	Loss on validation set after epoch 119: 0.0073

Epoch 120
	Step 0: mean loss = 0.0061
	Step 50: mean loss = 0.0067
	Step 100: mean loss = 0.0069
	Step 150: mean loss = 0.0069

	Loss on validation set after epoch 120: 0.0070

Epoch 121
	Step 0: mean loss = 0.0069
	Step 50: mean loss = 0.0067
	Step 100: mean loss = 0.0069
	Step 150: mean loss = 0.0069

	Loss on validation set after epoch 121: 0.0069

Epoch 122
	Step 0: mean loss = 0.0052
	Step 50: mean loss = 0.0067
	Step 100: mean loss = 0.0067
	Step 150: mean loss = 0.0067

	Loss on validation set after epoch 122: 0.0068

Epoch 123
	Step 0: mean loss = 0.0074
	Step 50: mean loss = 0.0066
	Step 100: mean loss = 0.0067
	Step 150: mean loss = 0.0067

	Loss on validation set after epoch 123: 0.0071

Epoch 124
	Step 0: mean loss = 0.0055
	Step 50: mean loss = 0.0066
	Step 100: mean loss = 0.0067
	Step 150: mean loss = 0.0067

	Loss on validation set after epoch 124: 0.0070

Epoch 125
	Step 0: mean loss = 0.0066
	Step 50: mean loss = 0.0066
	Step 100: mean loss = 0.0066
	Step 150: mean loss = 0.0066

	Loss on validation set after epoch 125: 0.0068

Epoch 126
	Step 0: mean loss = 0.0077
	Step 50: mean loss = 0.0065
	Step 100: mean loss = 0.0065
	Step 150: mean loss = 0.0065

	Loss on validation set after epoch 126: 0.0066

Epoch 127
	Step 0: mean loss = 0.0060
	Step 50: mean loss = 0.0065
	Step 100: mean loss = 0.0066
	Step 150: mean loss = 0.0066

	Loss on validation set after epoch 127: 0.0069

Epoch 128
	Step 0: mean loss = 0.0061
	Step 50: mean loss = 0.0064
	Step 100: mean loss = 0.0065
	Step 150: mean loss = 0.0065

	Loss on validation set after epoch 128: 0.0069

Epoch 129
	Step 0: mean loss = 0.0072
	Step 50: mean loss = 0.0064
	Step 100: mean loss = 0.0064
	Step 150: mean loss = 0.0064

	Loss on validation set after epoch 129: 0.0067

Epoch 130
	Step 0: mean loss = 0.0073
	Step 50: mean loss = 0.0064
	Step 100: mean loss = 0.0064
	Step 150: mean loss = 0.0064

	Loss on validation set after epoch 130: 0.0067

Epoch 131
	Step 0: mean loss = 0.0069
	Step 50: mean loss = 0.0063
	Step 100: mean loss = 0.0063
	Step 150: mean loss = 0.0063

	Loss on validation set after epoch 131: 0.0066

Epoch 132
	Step 0: mean loss = 0.0064
	Step 50: mean loss = 0.0062
	Step 100: mean loss = 0.0063
	Step 150: mean loss = 0.0063

	Loss on validation set after epoch 132: 0.0065

Epoch 133
	Step 0: mean loss = 0.0076
	Step 50: mean loss = 0.0063
	Step 100: mean loss = 0.0063
	Step 150: mean loss = 0.0063

	Loss on validation set after epoch 133: 0.0064

Epoch 134
	Step 0: mean loss = 0.0056
	Step 50: mean loss = 0.0062
	Step 100: mean loss = 0.0062
	Step 150: mean loss = 0.0062

	Loss on validation set after epoch 134: 0.0063

Epoch 135
	Step 0: mean loss = 0.0061
	Step 50: mean loss = 0.0063
	Step 100: mean loss = 0.0062
	Step 150: mean loss = 0.0062

	Loss on validation set after epoch 135: 0.0066

Epoch 136
	Step 0: mean loss = 0.0055
	Step 50: mean loss = 0.0061
	Step 100: mean loss = 0.0061
	Step 150: mean loss = 0.0061

	Loss on validation set after epoch 136: 0.0066

Epoch 137
	Step 0: mean loss = 0.0057
	Step 50: mean loss = 0.0061
	Step 100: mean loss = 0.0061
	Step 150: mean loss = 0.0061

	Loss on validation set after epoch 137: 0.0061

Epoch 138
	Step 0: mean loss = 0.0047
	Step 50: mean loss = 0.0060
	Step 100: mean loss = 0.0060
	Step 150: mean loss = 0.0060

	Loss on validation set after epoch 138: 0.0066

Epoch 139
	Step 0: mean loss = 0.0058
	Step 50: mean loss = 0.0060
	Step 100: mean loss = 0.0061
	Step 150: mean loss = 0.0060

	Loss on validation set after epoch 139: 0.0061

Epoch 140
	Step 0: mean loss = 0.0082
	Step 50: mean loss = 0.0059
	Step 100: mean loss = 0.0059
	Step 150: mean loss = 0.0059

	Loss on validation set after epoch 140: 0.0065

Epoch 141
	Step 0: mean loss = 0.0066
	Step 50: mean loss = 0.0060
	Step 100: mean loss = 0.0059
	Step 150: mean loss = 0.0059

	Loss on validation set after epoch 141: 0.0064

Epoch 142
	Step 0: mean loss = 0.0052
	Step 50: mean loss = 0.0059
	Step 100: mean loss = 0.0059
	Step 150: mean loss = 0.0059

	Loss on validation set after epoch 142: 0.0061

Epoch 143
	Step 0: mean loss = 0.0050
	Step 50: mean loss = 0.0058
	Step 100: mean loss = 0.0058
	Step 150: mean loss = 0.0058

	Loss on validation set after epoch 143: 0.0062

Epoch 144
	Step 0: mean loss = 0.0052
	Step 50: mean loss = 0.0059
	Step 100: mean loss = 0.0059
	Step 150: mean loss = 0.0058

	Loss on validation set after epoch 144: 0.0060

Epoch 145
	Step 0: mean loss = 0.0061
	Step 50: mean loss = 0.0058
	Step 100: mean loss = 0.0058
	Step 150: mean loss = 0.0058

	Loss on validation set after epoch 145: 0.0063

Epoch 146
	Step 0: mean loss = 0.0055
	Step 50: mean loss = 0.0058
	Step 100: mean loss = 0.0058
	Step 150: mean loss = 0.0057

	Loss on validation set after epoch 146: 0.0058

Epoch 147
	Step 0: mean loss = 0.0054
	Step 50: mean loss = 0.0058
	Step 100: mean loss = 0.0058
	Step 150: mean loss = 0.0057

	Loss on validation set after epoch 147: 0.0062

Epoch 148
	Step 0: mean loss = 0.0062
	Step 50: mean loss = 0.0057
	Step 100: mean loss = 0.0057
	Step 150: mean loss = 0.0057

	Loss on validation set after epoch 148: 0.0065

Epoch 149
	Step 0: mean loss = 0.0056
	Step 50: mean loss = 0.0056
	Step 100: mean loss = 0.0057
	Step 150: mean loss = 0.0057

	Loss on validation set after epoch 149: 0.0062

Epoch 150
	Step 0: mean loss = 0.0053
	Step 50: mean loss = 0.0056
	Step 100: mean loss = 0.0056
	Step 150: mean loss = 0.0056

	Loss on validation set after epoch 150: 0.0057

Epoch 151
	Step 0: mean loss = 0.0061
	Step 50: mean loss = 0.0055
	Step 100: mean loss = 0.0056
	Step 150: mean loss = 0.0056

	Loss on validation set after epoch 151: 0.0056

Epoch 152
	Step 0: mean loss = 0.0047
	Step 50: mean loss = 0.0055
	Step 100: mean loss = 0.0055
	Step 150: mean loss = 0.0055

	Loss on validation set after epoch 152: 0.0061

Epoch 153
	Step 0: mean loss = 0.0051
	Step 50: mean loss = 0.0056
	Step 100: mean loss = 0.0056
	Step 150: mean loss = 0.0056

	Loss on validation set after epoch 153: 0.0057

Epoch 154
	Step 0: mean loss = 0.0052
	Step 50: mean loss = 0.0056
	Step 100: mean loss = 0.0055
	Step 150: mean loss = 0.0055

	Loss on validation set after epoch 154: 0.0057

Epoch 155
	Step 0: mean loss = 0.0058
	Step 50: mean loss = 0.0056
	Step 100: mean loss = 0.0055
	Step 150: mean loss = 0.0055

	Loss on validation set after epoch 155: 0.0056

Epoch 156
	Step 0: mean loss = 0.0068
	Step 50: mean loss = 0.0055
	Step 100: mean loss = 0.0055
	Step 150: mean loss = 0.0054

	Loss on validation set after epoch 156: 0.0056

Epoch 157
	Step 0: mean loss = 0.0054
	Step 50: mean loss = 0.0054
	Step 100: mean loss = 0.0054
	Step 150: mean loss = 0.0054

	Loss on validation set after epoch 157: 0.0058

Epoch 158
	Step 0: mean loss = 0.0055
	Step 50: mean loss = 0.0054
	Step 100: mean loss = 0.0055
	Step 150: mean loss = 0.0055

	Loss on validation set after epoch 158: 0.0056

Epoch 159
	Step 0: mean loss = 0.0062
	Step 50: mean loss = 0.0054
	Step 100: mean loss = 0.0054
	Step 150: mean loss = 0.0054

	Loss on validation set after epoch 159: 0.0059

Epoch 160
	Step 0: mean loss = 0.0054
	Step 50: mean loss = 0.0053
	Step 100: mean loss = 0.0053
	Step 150: mean loss = 0.0053

	Loss on validation set after epoch 160: 0.0055

Epoch 161
	Step 0: mean loss = 0.0053
	Step 50: mean loss = 0.0052
	Step 100: mean loss = 0.0053
	Step 150: mean loss = 0.0053

	Loss on validation set after epoch 161: 0.0056

Epoch 162
	Step 0: mean loss = 0.0055
	Step 50: mean loss = 0.0053
	Step 100: mean loss = 0.0053
	Step 150: mean loss = 0.0053

	Loss on validation set after epoch 162: 0.0059

Epoch 163
	Step 0: mean loss = 0.0057
	Step 50: mean loss = 0.0053
	Step 100: mean loss = 0.0053
	Step 150: mean loss = 0.0053

	Loss on validation set after epoch 163: 0.0057

Epoch 164
	Step 0: mean loss = 0.0051
	Step 50: mean loss = 0.0053
	Step 100: mean loss = 0.0053
	Step 150: mean loss = 0.0052

	Loss on validation set after epoch 164: 0.0055

Epoch 165
	Step 0: mean loss = 0.0052
	Step 50: mean loss = 0.0052
	Step 100: mean loss = 0.0052
	Step 150: mean loss = 0.0052

	Loss on validation set after epoch 165: 0.0054

Epoch 166
	Step 0: mean loss = 0.0060
	Step 50: mean loss = 0.0052
	Step 100: mean loss = 0.0052
	Step 150: mean loss = 0.0052

	Loss on validation set after epoch 166: 0.0053

Epoch 167
	Step 0: mean loss = 0.0055
	Step 50: mean loss = 0.0051
	Step 100: mean loss = 0.0052
	Step 150: mean loss = 0.0052

	Loss on validation set after epoch 167: 0.0053

Epoch 168
	Step 0: mean loss = 0.0064
	Step 50: mean loss = 0.0051
	Step 100: mean loss = 0.0052
	Step 150: mean loss = 0.0052

	Loss on validation set after epoch 168: 0.0054

Epoch 169
	Step 0: mean loss = 0.0051
	Step 50: mean loss = 0.0052
	Step 100: mean loss = 0.0051
	Step 150: mean loss = 0.0052

	Loss on validation set after epoch 169: 0.0053

Epoch 170
	Step 0: mean loss = 0.0055
	Step 50: mean loss = 0.0051
	Step 100: mean loss = 0.0051
	Step 150: mean loss = 0.0052

	Loss on validation set after epoch 170: 0.0054

Epoch 171
	Step 0: mean loss = 0.0050
	Step 50: mean loss = 0.0051
	Step 100: mean loss = 0.0051
	Step 150: mean loss = 0.0051

	Loss on validation set after epoch 171: 0.0053

Epoch 172
	Step 0: mean loss = 0.0057
	Step 50: mean loss = 0.0052
	Step 100: mean loss = 0.0051
	Step 150: mean loss = 0.0051

	Loss on validation set after epoch 172: 0.0053

Epoch 173
	Step 0: mean loss = 0.0050
	Step 50: mean loss = 0.0050
	Step 100: mean loss = 0.0050
	Step 150: mean loss = 0.0051

	Loss on validation set after epoch 173: 0.0056

Epoch 174
	Step 0: mean loss = 0.0051
	Step 50: mean loss = 0.0050
	Step 100: mean loss = 0.0050
	Step 150: mean loss = 0.0051

	Loss on validation set after epoch 174: 0.0052

Epoch 175
	Step 0: mean loss = 0.0044
	Step 50: mean loss = 0.0050
	Step 100: mean loss = 0.0051
	Step 150: mean loss = 0.0050

	Loss on validation set after epoch 175: 0.0054

Epoch 176
	Step 0: mean loss = 0.0047
	Step 50: mean loss = 0.0050
	Step 100: mean loss = 0.0050
	Step 150: mean loss = 0.0050

	Loss on validation set after epoch 176: 0.0054

Epoch 177
	Step 0: mean loss = 0.0039
	Step 50: mean loss = 0.0049
	Step 100: mean loss = 0.0050
	Step 150: mean loss = 0.0050

	Loss on validation set after epoch 177: 0.0059

Epoch 178
	Step 0: mean loss = 0.0048
	Step 50: mean loss = 0.0050
	Step 100: mean loss = 0.0050
	Step 150: mean loss = 0.0050

	Loss on validation set after epoch 178: 0.0056

Epoch 179
	Step 0: mean loss = 0.0056
	Step 50: mean loss = 0.0050
	Step 100: mean loss = 0.0050
	Step 150: mean loss = 0.0049

	Loss on validation set after epoch 179: 0.0052

Epoch 180
	Step 0: mean loss = 0.0052
	Step 50: mean loss = 0.0049
	Step 100: mean loss = 0.0049
	Step 150: mean loss = 0.0049

	Loss on validation set after epoch 180: 0.0051

Epoch 181
	Step 0: mean loss = 0.0047
	Step 50: mean loss = 0.0050
	Step 100: mean loss = 0.0050
	Step 150: mean loss = 0.0049

	Loss on validation set after epoch 181: 0.0052

Epoch 182
	Step 0: mean loss = 0.0051
	Step 50: mean loss = 0.0049
	Step 100: mean loss = 0.0049
	Step 150: mean loss = 0.0049

	Loss on validation set after epoch 182: 0.0054

Epoch 183
	Step 0: mean loss = 0.0039
	Step 50: mean loss = 0.0049
	Step 100: mean loss = 0.0049
	Step 150: mean loss = 0.0049

	Loss on validation set after epoch 183: 0.0051

Epoch 184
	Step 0: mean loss = 0.0041
	Step 50: mean loss = 0.0049
	Step 100: mean loss = 0.0049
	Step 150: mean loss = 0.0049

	Loss on validation set after epoch 184: 0.0051

Epoch 185
	Step 0: mean loss = 0.0054
	Step 50: mean loss = 0.0049
	Step 100: mean loss = 0.0050
	Step 150: mean loss = 0.0049

	Loss on validation set after epoch 185: 0.0052

Epoch 186
	Step 0: mean loss = 0.0048
	Step 50: mean loss = 0.0049
	Step 100: mean loss = 0.0049
	Step 150: mean loss = 0.0049

	Loss on validation set after epoch 186: 0.0050

Epoch 187
	Step 0: mean loss = 0.0042
	Step 50: mean loss = 0.0048
	Step 100: mean loss = 0.0049
	Step 150: mean loss = 0.0048

	Loss on validation set after epoch 187: 0.0050

Epoch 188
	Step 0: mean loss = 0.0064
	Step 50: mean loss = 0.0049
	Step 100: mean loss = 0.0049
	Step 150: mean loss = 0.0049

	Loss on validation set after epoch 188: 0.0049

Epoch 189
	Step 0: mean loss = 0.0041
	Step 50: mean loss = 0.0048
	Step 100: mean loss = 0.0048
	Step 150: mean loss = 0.0048

	Loss on validation set after epoch 189: 0.0049

Epoch 190
	Step 0: mean loss = 0.0047
	Step 50: mean loss = 0.0048
	Step 100: mean loss = 0.0048
	Step 150: mean loss = 0.0048

	Loss on validation set after epoch 190: 0.0049

Epoch 191
	Step 0: mean loss = 0.0039
	Step 50: mean loss = 0.0048
	Step 100: mean loss = 0.0048
	Step 150: mean loss = 0.0048

	Loss on validation set after epoch 191: 0.0050

Epoch 192
	Step 0: mean loss = 0.0041
	Step 50: mean loss = 0.0048
	Step 100: mean loss = 0.0048
	Step 150: mean loss = 0.0048

	Loss on validation set after epoch 192: 0.0053

Epoch 193
	Step 0: mean loss = 0.0044
	Step 50: mean loss = 0.0048
	Step 100: mean loss = 0.0048
	Step 150: mean loss = 0.0048

	Loss on validation set after epoch 193: 0.0052

Epoch 194
	Step 0: mean loss = 0.0064
	Step 50: mean loss = 0.0048
	Step 100: mean loss = 0.0048
	Step 150: mean loss = 0.0048

	Loss on validation set after epoch 194: 0.0049

Epoch 195
	Step 0: mean loss = 0.0043
	Step 50: mean loss = 0.0047
	Step 100: mean loss = 0.0047
	Step 150: mean loss = 0.0047

	Loss on validation set after epoch 195: 0.0053

Epoch 196
	Step 0: mean loss = 0.0047
	Step 50: mean loss = 0.0047
	Step 100: mean loss = 0.0047
	Step 150: mean loss = 0.0047

	Loss on validation set after epoch 196: 0.0049

Epoch 197
	Step 0: mean loss = 0.0043
	Step 50: mean loss = 0.0047
	Step 100: mean loss = 0.0047
	Step 150: mean loss = 0.0047

	Loss on validation set after epoch 197: 0.0050

Epoch 198
	Step 0: mean loss = 0.0044
	Step 50: mean loss = 0.0046
	Step 100: mean loss = 0.0047
	Step 150: mean loss = 0.0047

	Loss on validation set after epoch 198: 0.0049

Epoch 199
	Step 0: mean loss = 0.0055
	Step 50: mean loss = 0.0047
	Step 100: mean loss = 0.0047
	Step 150: mean loss = 0.0047

	Loss on validation set after epoch 199: 0.0048

Epoch 200
	Step 0: mean loss = 0.0049
	Step 50: mean loss = 0.0046
	Step 100: mean loss = 0.0047
	Step 150: mean loss = 0.0046

	Loss on validation set after epoch 200: 0.0049

Epoch 201
	Step 0: mean loss = 0.0050
	Step 50: mean loss = 0.0047
	Step 100: mean loss = 0.0047
	Step 150: mean loss = 0.0046

	Loss on validation set after epoch 201: 0.0048

Epoch 202
	Step 0: mean loss = 0.0043
	Step 50: mean loss = 0.0046
	Step 100: mean loss = 0.0046
	Step 150: mean loss = 0.0046

	Loss on validation set after epoch 202: 0.0049

Epoch 203
	Step 0: mean loss = 0.0048
	Step 50: mean loss = 0.0046
	Step 100: mean loss = 0.0046
	Step 150: mean loss = 0.0046

	Loss on validation set after epoch 203: 0.0050

Epoch 204
	Step 0: mean loss = 0.0055
	Step 50: mean loss = 0.0047
	Step 100: mean loss = 0.0046
	Step 150: mean loss = 0.0046

	Loss on validation set after epoch 204: 0.0047

Epoch 205
	Step 0: mean loss = 0.0048
	Step 50: mean loss = 0.0045
	Step 100: mean loss = 0.0045
	Step 150: mean loss = 0.0045

	Loss on validation set after epoch 205: 0.0046

Epoch 206
	Step 0: mean loss = 0.0045
	Step 50: mean loss = 0.0045
	Step 100: mean loss = 0.0045
	Step 150: mean loss = 0.0045

	Loss on validation set after epoch 206: 0.0055

Epoch 207
	Step 0: mean loss = 0.0049
	Step 50: mean loss = 0.0045
	Step 100: mean loss = 0.0045
	Step 150: mean loss = 0.0044

	Loss on validation set after epoch 207: 0.0046

Epoch 208
	Step 0: mean loss = 0.0040
	Step 50: mean loss = 0.0045
	Step 100: mean loss = 0.0044
	Step 150: mean loss = 0.0044

	Loss on validation set after epoch 208: 0.0045

Epoch 209
	Step 0: mean loss = 0.0039
	Step 50: mean loss = 0.0044
	Step 100: mean loss = 0.0044
	Step 150: mean loss = 0.0044

	Loss on validation set after epoch 209: 0.0047

Epoch 210
	Step 0: mean loss = 0.0043
	Step 50: mean loss = 0.0044
	Step 100: mean loss = 0.0044
	Step 150: mean loss = 0.0043

	Loss on validation set after epoch 210: 0.0045

Epoch 211
	Step 0: mean loss = 0.0041
	Step 50: mean loss = 0.0044
	Step 100: mean loss = 0.0044
	Step 150: mean loss = 0.0043

	Loss on validation set after epoch 211: 0.0046

Epoch 212
	Step 0: mean loss = 0.0045
	Step 50: mean loss = 0.0044
	Step 100: mean loss = 0.0044
	Step 150: mean loss = 0.0044

	Loss on validation set after epoch 212: 0.0045

Epoch 213
	Step 0: mean loss = 0.0047
	Step 50: mean loss = 0.0042
	Step 100: mean loss = 0.0043
	Step 150: mean loss = 0.0043

	Loss on validation set after epoch 213: 0.0044

Epoch 214
	Step 0: mean loss = 0.0043
	Step 50: mean loss = 0.0043
	Step 100: mean loss = 0.0043
	Step 150: mean loss = 0.0043

	Loss on validation set after epoch 214: 0.0044

Epoch 215
	Step 0: mean loss = 0.0038
	Step 50: mean loss = 0.0043
	Step 100: mean loss = 0.0043
	Step 150: mean loss = 0.0042

	Loss on validation set after epoch 215: 0.0044

Epoch 216
	Step 0: mean loss = 0.0040
	Step 50: mean loss = 0.0043
	Step 100: mean loss = 0.0043
	Step 150: mean loss = 0.0043

	Loss on validation set after epoch 216: 0.0043

Epoch 217
	Step 0: mean loss = 0.0055
	Step 50: mean loss = 0.0042
	Step 100: mean loss = 0.0043
	Step 150: mean loss = 0.0043

	Loss on validation set after epoch 217: 0.0044

Epoch 218
	Step 0: mean loss = 0.0039
	Step 50: mean loss = 0.0043
	Step 100: mean loss = 0.0043
	Step 150: mean loss = 0.0042

	Loss on validation set after epoch 218: 0.0046

Epoch 219
	Step 0: mean loss = 0.0038
	Step 50: mean loss = 0.0042
	Step 100: mean loss = 0.0042
	Step 150: mean loss = 0.0042

	Loss on validation set after epoch 219: 0.0045

Epoch 220
	Step 0: mean loss = 0.0046
	Step 50: mean loss = 0.0042
	Step 100: mean loss = 0.0042
	Step 150: mean loss = 0.0042

	Loss on validation set after epoch 220: 0.0043

Epoch 221
	Step 0: mean loss = 0.0044
	Step 50: mean loss = 0.0042
	Step 100: mean loss = 0.0042
	Step 150: mean loss = 0.0042

	Loss on validation set after epoch 221: 0.0047

Epoch 222
	Step 0: mean loss = 0.0050
	Step 50: mean loss = 0.0042
	Step 100: mean loss = 0.0042
	Step 150: mean loss = 0.0042

	Loss on validation set after epoch 222: 0.0044

Epoch 223
	Step 0: mean loss = 0.0051
	Step 50: mean loss = 0.0042
	Step 100: mean loss = 0.0042
	Step 150: mean loss = 0.0041

	Loss on validation set after epoch 223: 0.0045

Epoch 224
	Step 0: mean loss = 0.0041
	Step 50: mean loss = 0.0041
	Step 100: mean loss = 0.0041
	Step 150: mean loss = 0.0041

	Loss on validation set after epoch 224: 0.0046

Epoch 225
	Step 0: mean loss = 0.0057
	Step 50: mean loss = 0.0041
	Step 100: mean loss = 0.0041
	Step 150: mean loss = 0.0041

	Loss on validation set after epoch 225: 0.0043

Epoch 226
	Step 0: mean loss = 0.0035
	Step 50: mean loss = 0.0041
	Step 100: mean loss = 0.0042
	Step 150: mean loss = 0.0041

	Loss on validation set after epoch 226: 0.0043

Model from epoch 216 was selected by early stopping.
Training process will be stopped now.
Deleted temporary files in ../data/trained_models/temp_01-01-19-26-58/
Location of saved model: ../data/trained_models/last_hope_33_01-01-19-26-58/ 

Adding feature wise convolutions with 32 filters per feature, 3 kernels and 1 strides ...
Adding feature wise convolutions with 1 filters per feature, 3 kernels and 1 strides ...
Adding feature based graph attention layer ...
Adding time based graph attention layer ...
Adding GRU layer with 256 units ...
Adding GRU layer with 61 units ...
Adding dense layer to forecasting model with 512 units and ReLu activation ...
Adding dense layer to forecasting model with 256 units and ReLu activation ...
Adding last dense layer to forecasting model with 61 units and sigmoid activation ...
Adding VAE as reconstruction model dimensions 3072 & 1024 ...

Grid search running in anomaly detection model selection mode.
The following hyperparameters will not be evaluated:
relevance_mapping
unaffected_component_threshold
si_mode
si_parameter

Testing 294 combinations via grid search 
for model last_hope_33_01-01-19-26-58/ on the validation dataset. 


Top 50 combinations tested:
      gamma  single_timestamp_a.. affected_timestamp..     AD F1     AD F2    AD TPR   AD Prec    AD ACC    AD TNR    AD FPR  SI/ST AVG-HR@100%  SI/ST AVG-HR@150%  SI/ST AVG-HR@K  SI/ST F1  SI/ST TPR  SI/ST ACC
Comb                                                                                                                                                                                                              
69      0.4                 0.250                  160  0.483245  0.649597  0.843077  0.338690  0.657310  0.613718  0.386282           0.393233           0.451670        0.307692  0.147692   0.147692   0.868876
14      0.3                 0.250                  100  0.483042  0.603183  0.723077  0.362654  0.705848  0.701805  0.298195           0.337824           0.412873        0.283077  0.095385   0.095385   0.860828
68      0.4                 0.250                  150  0.482456  0.650118  0.846154  0.337423  0.654971  0.610108  0.389892           0.393233           0.451670        0.307692  0.147692   0.147692   0.868876
67      0.4                 0.250                  140  0.481611  0.649504  0.846154  0.336597  0.653801  0.608664  0.391336           0.393233           0.451670        0.307692  0.147692   0.147692   0.868876
65      0.4                 0.250                  120  0.480138  0.651664  0.855385  0.333733  0.647953  0.599278  0.400722           0.393233           0.451670        0.307692  0.147692   0.147692   0.868876
66      0.4                 0.250                  130  0.479583  0.649106  0.849231  0.334140  0.649708  0.602888  0.397112           0.393233           0.451670        0.307692  0.147692   0.147692   0.868876
64      0.4                 0.250                  110  0.478485  0.650445  0.855385  0.332139  0.645614  0.596390  0.403610           0.393233           0.451670        0.307692  0.147692   0.147692   0.868876
18      0.3                 0.250                  140  0.478215  0.587161  0.692308  0.365260  0.712865  0.717690  0.282310           0.337824           0.412873        0.283077  0.095385   0.095385   0.860828
63      0.4                 0.250                  100  0.476844  0.649229  0.855385  0.330559  0.643275  0.593502  0.406498           0.393233           0.451670        0.307692  0.147692   0.147692   0.868876
16      0.3                 0.250                  120  0.475289  0.586708  0.695385  0.361022  0.708187  0.711191  0.288809           0.337824           0.412873        0.283077  0.095385   0.095385   0.860828
15      0.3                 0.250                  110  0.475000  0.589147  0.701538  0.359055  0.705263  0.706137  0.293863           0.337824           0.412873        0.283077  0.095385   0.095385   0.860828
19      0.3                 0.250                  150  0.474758  0.579748  0.680000  0.364686  0.714035  0.722022  0.277978           0.337824           0.412873        0.283077  0.095385   0.095385   0.860828
17      0.3                 0.250                  130  0.474684  0.585023  0.692308  0.361156  0.708772  0.712635  0.287365           0.337824           0.412873        0.283077  0.095385   0.095385   0.860828
178     0.6                 0.300                  130  0.474012  0.588539  0.701538  0.357928  0.704094  0.704693  0.295307           0.339028           0.409641        0.320000  0.107692   0.107692   0.862722
125     0.5                 0.275                  160  0.473934  0.615764  0.769231  0.342466  0.675439  0.653430  0.346570           0.370163           0.432501        0.323077  0.132308   0.132308   0.866509
13      0.3                 0.225                  160  0.473154  0.650669  0.867692  0.325260  0.632749  0.577617  0.422383           0.397061           0.462336        0.307692  0.163077   0.163077   0.871243
177     0.6                 0.300                  120  0.472765  0.590349  0.707692  0.354938  0.700000  0.698195  0.301805           0.339028           0.409641        0.320000  0.107692   0.107692   0.862722
124     0.5                 0.275                  150  0.472693  0.616102  0.772308  0.340570  0.672515  0.649097  0.350903           0.370163           0.432501        0.323077  0.132308   0.132308   0.866509
10      0.3                 0.225                  130  0.472245  0.653071  0.876923  0.323129  0.627485  0.568953  0.431047           0.397061           0.462336        0.307692  0.163077   0.163077   0.871243
20      0.3                 0.250                  160  0.471983  0.575407  0.673846  0.363184  0.713450  0.722744  0.277256           0.337824           0.412873        0.283077  0.095385   0.095385   0.860828
280     0.8                 0.325                  100  0.471866  0.601107  0.735385  0.347384  0.687135  0.675812  0.324188           0.335629           0.410510        0.295385  0.107692   0.107692   0.862722
229     0.7                 0.300                  150  0.471647  0.627996  0.806154  0.333333  0.656725  0.621661  0.378339           0.371031           0.437199        0.329231  0.135385   0.135385   0.866982
123     0.5                 0.275                  140  0.471469  0.616438  0.775385  0.338710  0.669591  0.644765  0.355235           0.370163           0.432501        0.323077  0.132308   0.132308   0.866509
12      0.3                 0.225                  150  0.471178  0.649171  0.867692  0.323394  0.629825  0.574007  0.425993           0.397061           0.462336        0.307692  0.163077   0.163077   0.871243
120     0.5                 0.275                  110  0.471021  0.620757  0.787692  0.335958  0.663743  0.634657  0.365343           0.370163           0.432501        0.323077  0.132308   0.132308   0.866509
121     0.5                 0.275                  120  0.470806  0.618306  0.781538  0.336870  0.666082  0.638989  0.361011           0.370163           0.432501        0.323077  0.132308   0.132308   0.866509
122     0.5                 0.275                  130  0.470698  0.617073  0.778462  0.337333  0.667251  0.641155  0.358845           0.370163           0.432501        0.323077  0.132308   0.132308   0.866509
9       0.3                 0.225                  120  0.470685  0.651876  0.876923  0.321670  0.625146  0.566065  0.433935           0.397061           0.462336        0.307692  0.163077   0.163077   0.871243
176     0.6                 0.300                  110  0.470588  0.591535  0.713846  0.350983  0.694737  0.690253  0.309747           0.339028           0.409641        0.320000  0.107692   0.107692   0.862722
8       0.3                 0.225                  110  0.470395  0.652670  0.880000  0.320988  0.623392  0.563177  0.436823           0.397061           0.462336        0.307692  0.163077   0.163077   0.871243
11      0.3                 0.225                  140  0.470392  0.648574  0.867692  0.322654  0.628655  0.572563  0.427437           0.397061           0.462336        0.307692  0.163077   0.163077   0.871243
228     0.7                 0.300                  140  0.470377  0.627094  0.806154  0.332066  0.654971  0.619495  0.380505           0.371031           0.437199        0.329231  0.135385   0.135385   0.866982
119     0.5                 0.275                  100  0.470265  0.621373  0.790769  0.334635  0.661404  0.631047  0.368953           0.370163           0.432501        0.323077  0.132308   0.132308   0.866509
230     0.7                 0.300                  160  0.469203  0.622896  0.796923  0.332478  0.657310  0.624549  0.375451           0.371031           0.437199        0.329231  0.135385   0.135385   0.866982
181     0.6                 0.300                  160  0.468951  0.573599  0.673846  0.359606  0.709942  0.718412  0.281588           0.339028           0.409641        0.320000  0.107692   0.107692   0.862722
175     0.6                 0.300                  100  0.468938  0.593006  0.720000  0.347697  0.690058  0.683032  0.316968           0.339028           0.409641        0.320000  0.107692   0.107692   0.862722
281     0.8                 0.325                  110  0.468938  0.593006  0.720000  0.347697  0.690058  0.683032  0.316968           0.335629           0.410510        0.295385  0.107692   0.107692   0.862722
180     0.6                 0.300                  150  0.468717  0.576121  0.680000  0.357605  0.707018  0.713357  0.286643           0.339028           0.409641        0.320000  0.107692   0.107692   0.862722
282     0.8                 0.325                  120  0.468432  0.587634  0.707692  0.350076  0.694737  0.691697  0.308303           0.335629           0.410510        0.295385  0.107692   0.107692   0.862722
227     0.7                 0.300                  130  0.468388  0.626787  0.809231  0.329574  0.650877  0.613718  0.386282           0.371031           0.437199        0.329231  0.135385   0.135385   0.866982
226     0.7                 0.300                  120  0.467372  0.628260  0.815385  0.327565  0.646784  0.607220  0.392780           0.371031           0.437199        0.329231  0.135385   0.135385   0.866982
179     0.6                 0.300                  140  0.465409  0.575428  0.683077  0.352941  0.701754  0.706137  0.293863           0.339028           0.409641        0.320000  0.107692   0.107692   0.862722
70      0.4                 0.275                  100  0.463736  0.559682  0.649231  0.360684  0.714620  0.729964  0.270036           0.320620           0.402475        0.283077  0.080000   0.080000   0.858462
71      0.4                 0.275                  110  0.462901  0.556443  0.643077  0.361592  0.716374  0.733574  0.266426           0.320620           0.402475        0.283077  0.080000   0.080000   0.858462
7       0.3                 0.225                  100  0.462783  0.646766  0.880000  0.313941  0.611696  0.548736  0.451264           0.397061           0.462336        0.307692  0.163077   0.163077   0.871243
72      0.4                 0.275                  120  0.462570  0.553476  0.636923  0.363158  0.718713  0.737906  0.262094           0.320620           0.402475        0.283077  0.080000   0.080000   0.858462
225     0.7                 0.300                  110  0.462207  0.625588  0.818462  0.322034  0.638012  0.595668  0.404332           0.371031           0.437199        0.329231  0.135385   0.135385   0.866982
73      0.4                 0.275                  130  0.460137  0.545062  0.621538  0.365280  0.722807  0.746570  0.253430           0.320620           0.402475        0.283077  0.080000   0.080000   0.858462
224     0.7                 0.300                  100  0.457438  0.622077  0.818462  0.317422  0.630994  0.587004  0.412996           0.371031           0.437199        0.329231  0.135385   0.135385   0.866982
283     0.8                 0.325                  130  0.457084  0.569001  0.680000  0.344237  0.692982  0.696029  0.303971           0.335629           0.410510        0.295385  0.107692   0.107692   0.862722

Full result output for the best combination:
                 #Examples   TP   FP   TN  FN       ACC       FNR       TNR       FPR       TPR     Prec        F1        F2  AVG # affected
Component                                                                                                                                   
no_failure            1385    0  535  850   0  0.613718       NaN  0.613718  0.386282       NaN  0.00000       NaN       NaN      180.297473
txt15_i1                 5    5    0    0   0  1.000000  0.000000       NaN       NaN  1.000000  1.00000  1.000000  1.000000      495.200000
txt15_i3                 5    5    0    0   0  1.000000  0.000000       NaN       NaN  1.000000  1.00000  1.000000  1.000000      304.400000
txt15_conveyor           3    3    0    0   0  1.000000  0.000000       NaN       NaN  1.000000  1.00000  1.000000  1.000000      488.666667
txt15_m1               160  151    0    0   9  0.943750  0.056250       NaN       NaN  0.943750  1.00000  0.971061  0.954488      426.606250
txt15_pl                 9    9    0    0   0  1.000000  0.000000       NaN       NaN  1.000000  1.00000  1.000000  1.000000      490.000000
txt16_i3                 4    0    0    0   4  0.000000  1.000000       NaN       NaN  0.000000      NaN       NaN       NaN        6.750000
txt16_conveyor           8    7    0    0   1  0.875000  0.125000       NaN       NaN  0.875000  1.00000  0.933333  0.897436      403.000000
txt16_m3                65   65    0    0   0  1.000000  0.000000       NaN       NaN  1.000000  1.00000  1.000000  1.000000      484.061538
txt16_turntable          2    2    0    0   0  1.000000  0.000000       NaN       NaN  1.000000  1.00000  1.000000  1.000000      495.000000
txt17_i1                16   11    0    0   5  0.687500  0.312500       NaN       NaN  0.687500  1.00000  0.814815  0.733333      242.375000
txt17_pl                14   14    0    0   0  1.000000  0.000000       NaN       NaN  1.000000  1.00000  1.000000  1.000000      490.785714
txt18_pl                28    1    0    0  27  0.035714  0.964286       NaN       NaN  0.035714  1.00000  0.068966  0.044248       16.142857
txt19_i4                 6    1    0    0   5  0.166667  0.833333       NaN       NaN  0.166667  1.00000  0.285714  0.200000       99.000000
combined              1710  274  535  850  51  0.657310  0.156923  0.613718  0.386282  0.843077  0.33869  0.483245  0.649597      219.498830

                 #Examples   TP   FP   TN  FN       ACC       FNR       TNR       FPR       TPR     Prec        F1        F2  AVG # affected
Component                                                                                                                                   
no_failure            1385    0  535  850   0  0.613718       NaN  0.613718  0.386282       NaN  0.00000       NaN       NaN      180.297473
txt15_i1                 5    5    0    0   0  1.000000  0.000000       NaN       NaN  1.000000  1.00000  1.000000  1.000000      495.200000
txt15_i3                 5    5    0    0   0  1.000000  0.000000       NaN       NaN  1.000000  1.00000  1.000000  1.000000      304.400000
txt15_conveyor           3    3    0    0   0  1.000000  0.000000       NaN       NaN  1.000000  1.00000  1.000000  1.000000      488.666667
txt15_m1               160  151    0    0   9  0.943750  0.056250       NaN       NaN  0.943750  1.00000  0.971061  0.954488      426.606250
txt15_pl                 9    9    0    0   0  1.000000  0.000000       NaN       NaN  1.000000  1.00000  1.000000  1.000000      490.000000
txt16_i3                 4    0    0    0   4  0.000000  1.000000       NaN       NaN  0.000000      NaN       NaN       NaN        6.750000
txt16_conveyor           8    7    0    0   1  0.875000  0.125000       NaN       NaN  0.875000  1.00000  0.933333  0.897436      403.000000
txt16_m3                65   65    0    0   0  1.000000  0.000000       NaN       NaN  1.000000  1.00000  1.000000  1.000000      484.061538
txt16_turntable          2    2    0    0   0  1.000000  0.000000       NaN       NaN  1.000000  1.00000  1.000000  1.000000      495.000000
txt17_i1                16   11    0    0   5  0.687500  0.312500       NaN       NaN  0.687500  1.00000  0.814815  0.733333      242.375000
txt17_pl                14   14    0    0   0  1.000000  0.000000       NaN       NaN  1.000000  1.00000  1.000000  1.000000      490.785714
txt18_pl                28    1    0    0  27  0.035714  0.964286       NaN       NaN  0.035714  1.00000  0.068966  0.044248       16.142857
txt19_i4                 6    1    0    0   5  0.166667  0.833333       NaN       NaN  0.166667  1.00000  0.285714  0.200000       99.000000
combined              1710  274  535  850  51  0.657310  0.156923  0.613718  0.386282  0.843077  0.33869  0.483245  0.649597      219.498830

Execution time: 7960.514549053041
