
Dataset loaded:
Shape of training set (example, time, channels): (20812, 500, 61)
Shape of test set (example, time, channels): (3989, 500, 61)
Shape of train validation set (example, time, channels): (2313, 500, 61)
Shape of test validation set (example, time, channels): (1710, 500, 61)
Num of classes in all: 25

Creating model based on ../configuration/hyperparameter_combinations/last_hope_90.json hyperparameter file 

Adding feature wise convolutions with 32 filters per feature, 3 kernels and 1 strides ...
Adding feature wise convolutions with 1 filters per feature, 3 kernels and 1 strides ...
Adding feature based graph attention layer ...
Adding time based graph attention layer ...
Adding GRU layer with 256 units ...
Adding GRU layer with 61 units ...
Adding GRU AE as reconstruction model ...
Adding dense layer to forecasting model with 512 units and ReLu activation ...
Adding dense layer to forecasting model with 256 units and ReLu activation ...
Adding last dense layer to forecasting model with 61 units and sigmoid activation ...
VAE reconstructs the output of the gru layer.

Epoch 0
	Step 0: mean loss = 0.2199
	Step 50: mean loss = 0.2048
	Step 100: mean loss = 0.1460
	Step 150: mean loss = 0.1212

	Loss on validation set after epoch 0: 0.0698

Epoch 1
	Step 0: mean loss = 0.0675
	Step 50: mean loss = 0.0692
	Step 100: mean loss = 0.0690
	Step 150: mean loss = 0.0687

	Loss on validation set after epoch 1: 0.0668

Epoch 2
	Step 0: mean loss = 0.0656
	Step 50: mean loss = 0.0654
	Step 100: mean loss = 0.0644
	Step 150: mean loss = 0.0636

	Loss on validation set after epoch 2: 0.0612

Epoch 3
	Step 0: mean loss = 0.0626
	Step 50: mean loss = 0.0598
	Step 100: mean loss = 0.0588
	Step 150: mean loss = 0.0580

	Loss on validation set after epoch 3: 0.0552

Epoch 4
	Step 0: mean loss = 0.0552
	Step 50: mean loss = 0.0545
	Step 100: mean loss = 0.0544
	Step 150: mean loss = 0.0540

	Loss on validation set after epoch 4: 0.0519

Epoch 5
	Step 0: mean loss = 0.0541
	Step 50: mean loss = 0.0519
	Step 100: mean loss = 0.0514
	Step 150: mean loss = 0.0511

	Loss on validation set after epoch 5: 0.0510

Epoch 6
	Step 0: mean loss = 0.0533
	Step 50: mean loss = 0.0494
	Step 100: mean loss = 0.0497
	Step 150: mean loss = 0.0493

	Loss on validation set after epoch 6: 0.0472

Epoch 7
	Step 0: mean loss = 0.0465
	Step 50: mean loss = 0.0472
	Step 100: mean loss = 0.0469
	Step 150: mean loss = 0.0465

	Loss on validation set after epoch 7: 0.0445

Epoch 8
	Step 0: mean loss = 0.0423
	Step 50: mean loss = 0.0445
	Step 100: mean loss = 0.0445
	Step 150: mean loss = 0.0442

	Loss on validation set after epoch 8: 0.0431

Epoch 9
	Step 0: mean loss = 0.0414
	Step 50: mean loss = 0.0425
	Step 100: mean loss = 0.0425
	Step 150: mean loss = 0.0422

	Loss on validation set after epoch 9: 0.0412

Epoch 10
	Step 0: mean loss = 0.0397
	Step 50: mean loss = 0.0408
	Step 100: mean loss = 0.0406
	Step 150: mean loss = 0.0404

	Loss on validation set after epoch 10: 0.0393

Epoch 11
	Step 0: mean loss = 0.0401
	Step 50: mean loss = 0.0388
	Step 100: mean loss = 0.0385
	Step 150: mean loss = 0.0379

	Loss on validation set after epoch 11: 0.0363

Epoch 12
	Step 0: mean loss = 0.0325
	Step 50: mean loss = 0.0359
	Step 100: mean loss = 0.0356
	Step 150: mean loss = 0.0352

	Loss on validation set after epoch 12: 0.0333

Epoch 13
	Step 0: mean loss = 0.0304
	Step 50: mean loss = 0.0330
	Step 100: mean loss = 0.0323
	Step 150: mean loss = 0.0320

	Loss on validation set after epoch 13: 0.0308

Epoch 14
	Step 0: mean loss = 0.0299
	Step 50: mean loss = 0.0297
	Step 100: mean loss = 0.0298
	Step 150: mean loss = 0.0296

	Loss on validation set after epoch 14: 0.0297

Epoch 15
	Step 0: mean loss = 0.0313
	Step 50: mean loss = 0.0282
	Step 100: mean loss = 0.0283
	Step 150: mean loss = 0.0282

	Loss on validation set after epoch 15: 0.0274

Epoch 16
	Step 0: mean loss = 0.0274
	Step 50: mean loss = 0.0274
	Step 100: mean loss = 0.0272
	Step 150: mean loss = 0.0271

	Loss on validation set after epoch 16: 0.0273

Epoch 17
	Step 0: mean loss = 0.0273
	Step 50: mean loss = 0.0265
	Step 100: mean loss = 0.0264
	Step 150: mean loss = 0.0262

	Loss on validation set after epoch 17: 0.0258

Epoch 18
	Step 0: mean loss = 0.0257
	Step 50: mean loss = 0.0256
	Step 100: mean loss = 0.0256
	Step 150: mean loss = 0.0255

	Loss on validation set after epoch 18: 0.0252

Epoch 19
	Step 0: mean loss = 0.0255
	Step 50: mean loss = 0.0246
	Step 100: mean loss = 0.0248
	Step 150: mean loss = 0.0247

	Loss on validation set after epoch 19: 0.0250

Epoch 20
	Step 0: mean loss = 0.0220
	Step 50: mean loss = 0.0238
	Step 100: mean loss = 0.0239
	Step 150: mean loss = 0.0238

	Loss on validation set after epoch 20: 0.0240

Epoch 21
	Step 0: mean loss = 0.0268
	Step 50: mean loss = 0.0231
	Step 100: mean loss = 0.0231
	Step 150: mean loss = 0.0231

	Loss on validation set after epoch 21: 0.0228

Epoch 22
	Step 0: mean loss = 0.0226
	Step 50: mean loss = 0.0228
	Step 100: mean loss = 0.0226
	Step 150: mean loss = 0.0225

	Loss on validation set after epoch 22: 0.0223

Epoch 23
	Step 0: mean loss = 0.0221
	Step 50: mean loss = 0.0220
	Step 100: mean loss = 0.0220
	Step 150: mean loss = 0.0218

	Loss on validation set after epoch 23: 0.0216

Epoch 24
	Step 0: mean loss = 0.0217
	Step 50: mean loss = 0.0214
	Step 100: mean loss = 0.0214
	Step 150: mean loss = 0.0213

	Loss on validation set after epoch 24: 0.0212

Epoch 25
	Step 0: mean loss = 0.0224
	Step 50: mean loss = 0.0209
	Step 100: mean loss = 0.0209
	Step 150: mean loss = 0.0208

	Loss on validation set after epoch 25: 0.0210

Epoch 26
	Step 0: mean loss = 0.0210
	Step 50: mean loss = 0.0205
	Step 100: mean loss = 0.0205
	Step 150: mean loss = 0.0205

	Loss on validation set after epoch 26: 0.0212

Epoch 27
	Step 0: mean loss = 0.0208
	Step 50: mean loss = 0.0202
	Step 100: mean loss = 0.0203
	Step 150: mean loss = 0.0201

	Loss on validation set after epoch 27: 0.0204

Epoch 28
	Step 0: mean loss = 0.0235
	Step 50: mean loss = 0.0199
	Step 100: mean loss = 0.0198
	Step 150: mean loss = 0.0198

	Loss on validation set after epoch 28: 0.0197

Epoch 29
	Step 0: mean loss = 0.0179
	Step 50: mean loss = 0.0194
	Step 100: mean loss = 0.0194
	Step 150: mean loss = 0.0194

	Loss on validation set after epoch 29: 0.0193

Epoch 30
	Step 0: mean loss = 0.0179
	Step 50: mean loss = 0.0193
	Step 100: mean loss = 0.0193
	Step 150: mean loss = 0.0192

	Loss on validation set after epoch 30: 0.0196

Epoch 31
	Step 0: mean loss = 0.0155
	Step 50: mean loss = 0.0189
	Step 100: mean loss = 0.0189
	Step 150: mean loss = 0.0189

	Loss on validation set after epoch 31: 0.0196

Epoch 32
	Step 0: mean loss = 0.0178
	Step 50: mean loss = 0.0185
	Step 100: mean loss = 0.0186
	Step 150: mean loss = 0.0185

	Loss on validation set after epoch 32: 0.0190

Epoch 33
	Step 0: mean loss = 0.0176
	Step 50: mean loss = 0.0183
	Step 100: mean loss = 0.0183
	Step 150: mean loss = 0.0183

	Loss on validation set after epoch 33: 0.0181

Epoch 34
	Step 0: mean loss = 0.0157
	Step 50: mean loss = 0.0182
	Step 100: mean loss = 0.0181
	Step 150: mean loss = 0.0180

	Loss on validation set after epoch 34: 0.0180

Epoch 35
	Step 0: mean loss = 0.0202
	Step 50: mean loss = 0.0179
	Step 100: mean loss = 0.0178
	Step 150: mean loss = 0.0176

	Loss on validation set after epoch 35: 0.0184

Epoch 36
	Step 0: mean loss = 0.0174
	Step 50: mean loss = 0.0173
	Step 100: mean loss = 0.0173
	Step 150: mean loss = 0.0172

	Loss on validation set after epoch 36: 0.0180

Epoch 37
	Step 0: mean loss = 0.0171
	Step 50: mean loss = 0.0168
	Step 100: mean loss = 0.0167
	Step 150: mean loss = 0.0166

	Loss on validation set after epoch 37: 0.0163

Epoch 38
	Step 0: mean loss = 0.0158
	Step 50: mean loss = 0.0159
	Step 100: mean loss = 0.0159
	Step 150: mean loss = 0.0157

	Loss on validation set after epoch 38: 0.0161

Epoch 39
	Step 0: mean loss = 0.0166
	Step 50: mean loss = 0.0152
	Step 100: mean loss = 0.0150
	Step 150: mean loss = 0.0149

	Loss on validation set after epoch 39: 0.0160

Epoch 40
	Step 0: mean loss = 0.0153
	Step 50: mean loss = 0.0147
	Step 100: mean loss = 0.0145
	Step 150: mean loss = 0.0145

	Loss on validation set after epoch 40: 0.0148

Epoch 41
	Step 0: mean loss = 0.0135
	Step 50: mean loss = 0.0140
	Step 100: mean loss = 0.0141
	Step 150: mean loss = 0.0140

	Loss on validation set after epoch 41: 0.0139

Epoch 42
	Step 0: mean loss = 0.0145
	Step 50: mean loss = 0.0138
	Step 100: mean loss = 0.0139
	Step 150: mean loss = 0.0138

	Loss on validation set after epoch 42: 0.0139

Epoch 43
	Step 0: mean loss = 0.0123
	Step 50: mean loss = 0.0133
	Step 100: mean loss = 0.0133
	Step 150: mean loss = 0.0133

	Loss on validation set after epoch 43: 0.0140

Epoch 44
	Step 0: mean loss = 0.0130
	Step 50: mean loss = 0.0131
	Step 100: mean loss = 0.0131
	Step 150: mean loss = 0.0130

	Loss on validation set after epoch 44: 0.0135

Epoch 45
	Step 0: mean loss = 0.0122
	Step 50: mean loss = 0.0129
	Step 100: mean loss = 0.0128
	Step 150: mean loss = 0.0127

	Loss on validation set after epoch 45: 0.0131

Epoch 46
	Step 0: mean loss = 0.0120
	Step 50: mean loss = 0.0125
	Step 100: mean loss = 0.0125
	Step 150: mean loss = 0.0124

	Loss on validation set after epoch 46: 0.0125

Epoch 47
	Step 0: mean loss = 0.0111
	Step 50: mean loss = 0.0123
	Step 100: mean loss = 0.0123
	Step 150: mean loss = 0.0122

	Loss on validation set after epoch 47: 0.0127

Epoch 48
	Step 0: mean loss = 0.0116
	Step 50: mean loss = 0.0120
	Step 100: mean loss = 0.0120
	Step 150: mean loss = 0.0119

	Loss on validation set after epoch 48: 0.0125

Epoch 49
	Step 0: mean loss = 0.0140
	Step 50: mean loss = 0.0120
	Step 100: mean loss = 0.0120
	Step 150: mean loss = 0.0119

	Loss on validation set after epoch 49: 0.0117

Epoch 50
	Step 0: mean loss = 0.0126
	Step 50: mean loss = 0.0117
	Step 100: mean loss = 0.0118
	Step 150: mean loss = 0.0117

	Loss on validation set after epoch 50: 0.0127

Epoch 51
	Step 0: mean loss = 0.0108
	Step 50: mean loss = 0.0113
	Step 100: mean loss = 0.0114
	Step 150: mean loss = 0.0114

	Loss on validation set after epoch 51: 0.0115

Epoch 52
	Step 0: mean loss = 0.0110
	Step 50: mean loss = 0.0112
	Step 100: mean loss = 0.0113
	Step 150: mean loss = 0.0113

	Loss on validation set after epoch 52: 0.0117

Epoch 53
	Step 0: mean loss = 0.0115
	Step 50: mean loss = 0.0111
	Step 100: mean loss = 0.0111
	Step 150: mean loss = 0.0111

	Loss on validation set after epoch 53: 0.0115

Epoch 54
	Step 0: mean loss = 0.0116
	Step 50: mean loss = 0.0109
	Step 100: mean loss = 0.0109
	Step 150: mean loss = 0.0109

	Loss on validation set after epoch 54: 0.0116

Epoch 55
	Step 0: mean loss = 0.0106
	Step 50: mean loss = 0.0108
	Step 100: mean loss = 0.0108
	Step 150: mean loss = 0.0107

	Loss on validation set after epoch 55: 0.0110

Epoch 56
	Step 0: mean loss = 0.0096
	Step 50: mean loss = 0.0106
	Step 100: mean loss = 0.0106
	Step 150: mean loss = 0.0106

	Loss on validation set after epoch 56: 0.0111

Epoch 57
	Step 0: mean loss = 0.0098
	Step 50: mean loss = 0.0107
	Step 100: mean loss = 0.0106
	Step 150: mean loss = 0.0105

	Loss on validation set after epoch 57: 0.0111

Epoch 58
	Step 0: mean loss = 0.0118
	Step 50: mean loss = 0.0105
	Step 100: mean loss = 0.0104
	Step 150: mean loss = 0.0103

	Loss on validation set after epoch 58: 0.0114

Epoch 59
	Step 0: mean loss = 0.0104
	Step 50: mean loss = 0.0103
	Step 100: mean loss = 0.0103
	Step 150: mean loss = 0.0102

	Loss on validation set after epoch 59: 0.0102

Epoch 60
	Step 0: mean loss = 0.0110
	Step 50: mean loss = 0.0101
	Step 100: mean loss = 0.0101
	Step 150: mean loss = 0.0101

	Loss on validation set after epoch 60: 0.0105

Epoch 61
	Step 0: mean loss = 0.0105
	Step 50: mean loss = 0.0101
	Step 100: mean loss = 0.0101
	Step 150: mean loss = 0.0100

	Loss on validation set after epoch 61: 0.0105

Epoch 62
	Step 0: mean loss = 0.0096
	Step 50: mean loss = 0.0100
	Step 100: mean loss = 0.0099
	Step 150: mean loss = 0.0098

	Loss on validation set after epoch 62: 0.0104

Epoch 63
	Step 0: mean loss = 0.0101
	Step 50: mean loss = 0.0099
	Step 100: mean loss = 0.0099
	Step 150: mean loss = 0.0098

	Loss on validation set after epoch 63: 0.0104

Epoch 64
	Step 0: mean loss = 0.0113
	Step 50: mean loss = 0.0098
	Step 100: mean loss = 0.0098
	Step 150: mean loss = 0.0097

	Loss on validation set after epoch 64: 0.0107

Epoch 65
	Step 0: mean loss = 0.0115
	Step 50: mean loss = 0.0096
	Step 100: mean loss = 0.0096
	Step 150: mean loss = 0.0095

	Loss on validation set after epoch 65: 0.0096

Epoch 66
	Step 0: mean loss = 0.0091
	Step 50: mean loss = 0.0092
	Step 100: mean loss = 0.0091
	Step 150: mean loss = 0.0091

	Loss on validation set after epoch 66: 0.0096

Epoch 67
	Step 0: mean loss = 0.0107
	Step 50: mean loss = 0.0090
	Step 100: mean loss = 0.0091
	Step 150: mean loss = 0.0090

	Loss on validation set after epoch 67: 0.0095

Epoch 68
	Step 0: mean loss = 0.0077
	Step 50: mean loss = 0.0089
	Step 100: mean loss = 0.0089
	Step 150: mean loss = 0.0089

	Loss on validation set after epoch 68: 0.0089

Epoch 69
	Step 0: mean loss = 0.0074
	Step 50: mean loss = 0.0088
	Step 100: mean loss = 0.0088
	Step 150: mean loss = 0.0088

	Loss on validation set after epoch 69: 0.0090

Epoch 70
	Step 0: mean loss = 0.0076
	Step 50: mean loss = 0.0087
	Step 100: mean loss = 0.0087
	Step 150: mean loss = 0.0087

	Loss on validation set after epoch 70: 0.0089

Epoch 71
	Step 0: mean loss = 0.0083
	Step 50: mean loss = 0.0088
	Step 100: mean loss = 0.0087
	Step 150: mean loss = 0.0086

	Loss on validation set after epoch 71: 0.0087

Epoch 72
	Step 0: mean loss = 0.0092
	Step 50: mean loss = 0.0085
	Step 100: mean loss = 0.0086
	Step 150: mean loss = 0.0085

	Loss on validation set after epoch 72: 0.0092

Epoch 73
	Step 0: mean loss = 0.0106
	Step 50: mean loss = 0.0086
	Step 100: mean loss = 0.0085
	Step 150: mean loss = 0.0085

	Loss on validation set after epoch 73: 0.0095

Epoch 74
	Step 0: mean loss = 0.0070
	Step 50: mean loss = 0.0085
	Step 100: mean loss = 0.0085
	Step 150: mean loss = 0.0084

	Loss on validation set after epoch 74: 0.0090

Epoch 75
	Step 0: mean loss = 0.0084
	Step 50: mean loss = 0.0083
	Step 100: mean loss = 0.0084
	Step 150: mean loss = 0.0083

	Loss on validation set after epoch 75: 0.0085

Epoch 76
	Step 0: mean loss = 0.0102
	Step 50: mean loss = 0.0083
	Step 100: mean loss = 0.0083
	Step 150: mean loss = 0.0083

	Loss on validation set after epoch 76: 0.0088

Epoch 77
	Step 0: mean loss = 0.0092
	Step 50: mean loss = 0.0083
	Step 100: mean loss = 0.0083
	Step 150: mean loss = 0.0083

	Loss on validation set after epoch 77: 0.0085

Epoch 78
	Step 0: mean loss = 0.0079
	Step 50: mean loss = 0.0082
	Step 100: mean loss = 0.0082
	Step 150: mean loss = 0.0081

	Loss on validation set after epoch 78: 0.0092

Epoch 79
	Step 0: mean loss = 0.0082
	Step 50: mean loss = 0.0082
	Step 100: mean loss = 0.0082
	Step 150: mean loss = 0.0082

	Loss on validation set after epoch 79: 0.0085

Epoch 80
	Step 0: mean loss = 0.0098
	Step 50: mean loss = 0.0081
	Step 100: mean loss = 0.0081
	Step 150: mean loss = 0.0081

	Loss on validation set after epoch 80: 0.0082

Epoch 81
	Step 0: mean loss = 0.0087
	Step 50: mean loss = 0.0081
	Step 100: mean loss = 0.0081
	Step 150: mean loss = 0.0079

	Loss on validation set after epoch 81: 0.0082

Epoch 82
	Step 0: mean loss = 0.0068
	Step 50: mean loss = 0.0081
	Step 100: mean loss = 0.0080
	Step 150: mean loss = 0.0079

	Loss on validation set after epoch 82: 0.0086

Epoch 83
	Step 0: mean loss = 0.0091
	Step 50: mean loss = 0.0080
	Step 100: mean loss = 0.0079
	Step 150: mean loss = 0.0078

	Loss on validation set after epoch 83: 0.0086

Epoch 84
	Step 0: mean loss = 0.0071
	Step 50: mean loss = 0.0078
	Step 100: mean loss = 0.0078
	Step 150: mean loss = 0.0078

	Loss on validation set after epoch 84: 0.0086

Epoch 85
	Step 0: mean loss = 0.0067
	Step 50: mean loss = 0.0078
	Step 100: mean loss = 0.0078
	Step 150: mean loss = 0.0077

	Loss on validation set after epoch 85: 0.0084

Epoch 86
	Step 0: mean loss = 0.0072
	Step 50: mean loss = 0.0077
	Step 100: mean loss = 0.0077
	Step 150: mean loss = 0.0077

	Loss on validation set after epoch 86: 0.0079

Epoch 87
	Step 0: mean loss = 0.0067
	Step 50: mean loss = 0.0076
	Step 100: mean loss = 0.0077
	Step 150: mean loss = 0.0076

	Loss on validation set after epoch 87: 0.0080

Epoch 88
	Step 0: mean loss = 0.0087
	Step 50: mean loss = 0.0076
	Step 100: mean loss = 0.0076
	Step 150: mean loss = 0.0075

	Loss on validation set after epoch 88: 0.0083

Epoch 89
	Step 0: mean loss = 0.0084
	Step 50: mean loss = 0.0075
	Step 100: mean loss = 0.0076
	Step 150: mean loss = 0.0075

	Loss on validation set after epoch 89: 0.0080

Epoch 90
	Step 0: mean loss = 0.0084
	Step 50: mean loss = 0.0075
	Step 100: mean loss = 0.0076
	Step 150: mean loss = 0.0076

	Loss on validation set after epoch 90: 0.0078

Epoch 91
	Step 0: mean loss = 0.0054
	Step 50: mean loss = 0.0074
	Step 100: mean loss = 0.0074
	Step 150: mean loss = 0.0074

	Loss on validation set after epoch 91: 0.0075

Epoch 92
	Step 0: mean loss = 0.0076
	Step 50: mean loss = 0.0074
	Step 100: mean loss = 0.0074
	Step 150: mean loss = 0.0073

	Loss on validation set after epoch 92: 0.0076

Epoch 93
	Step 0: mean loss = 0.0060
	Step 50: mean loss = 0.0073
	Step 100: mean loss = 0.0073
	Step 150: mean loss = 0.0072

	Loss on validation set after epoch 93: 0.0076

Epoch 94
	Step 0: mean loss = 0.0071
	Step 50: mean loss = 0.0071
	Step 100: mean loss = 0.0071
	Step 150: mean loss = 0.0070

	Loss on validation set after epoch 94: 0.0080

Epoch 95
	Step 0: mean loss = 0.0068
	Step 50: mean loss = 0.0070
	Step 100: mean loss = 0.0070
	Step 150: mean loss = 0.0070

	Loss on validation set after epoch 95: 0.0074

Epoch 96
	Step 0: mean loss = 0.0067
	Step 50: mean loss = 0.0069
	Step 100: mean loss = 0.0070
	Step 150: mean loss = 0.0069

	Loss on validation set after epoch 96: 0.0076

Epoch 97
	Step 0: mean loss = 0.0078
	Step 50: mean loss = 0.0068
	Step 100: mean loss = 0.0070
	Step 150: mean loss = 0.0069

	Loss on validation set after epoch 97: 0.0073

Epoch 98
	Step 0: mean loss = 0.0062
	Step 50: mean loss = 0.0068
	Step 100: mean loss = 0.0068
	Step 150: mean loss = 0.0068

	Loss on validation set after epoch 98: 0.0079

Epoch 99
	Step 0: mean loss = 0.0089
	Step 50: mean loss = 0.0067
	Step 100: mean loss = 0.0068
	Step 150: mean loss = 0.0067

	Loss on validation set after epoch 99: 0.0068

Epoch 100
	Step 0: mean loss = 0.0067
	Step 50: mean loss = 0.0066
	Step 100: mean loss = 0.0066
	Step 150: mean loss = 0.0066

	Loss on validation set after epoch 100: 0.0069

Epoch 101
	Step 0: mean loss = 0.0068
	Step 50: mean loss = 0.0066
	Step 100: mean loss = 0.0066
	Step 150: mean loss = 0.0066

	Loss on validation set after epoch 101: 0.0073

Epoch 102
	Step 0: mean loss = 0.0061
	Step 50: mean loss = 0.0065
	Step 100: mean loss = 0.0065
	Step 150: mean loss = 0.0065

	Loss on validation set after epoch 102: 0.0069

Epoch 103
	Step 0: mean loss = 0.0051
	Step 50: mean loss = 0.0064
	Step 100: mean loss = 0.0065
	Step 150: mean loss = 0.0064

	Loss on validation set after epoch 103: 0.0070

Epoch 104
	Step 0: mean loss = 0.0061
	Step 50: mean loss = 0.0064
	Step 100: mean loss = 0.0065
	Step 150: mean loss = 0.0064

	Loss on validation set after epoch 104: 0.0069

Epoch 105
	Step 0: mean loss = 0.0064
	Step 50: mean loss = 0.0062
	Step 100: mean loss = 0.0064
	Step 150: mean loss = 0.0063

	Loss on validation set after epoch 105: 0.0066

Epoch 106
	Step 0: mean loss = 0.0052
	Step 50: mean loss = 0.0062
	Step 100: mean loss = 0.0064
	Step 150: mean loss = 0.0062

	Loss on validation set after epoch 106: 0.0067

Epoch 107
	Step 0: mean loss = 0.0063
	Step 50: mean loss = 0.0062
	Step 100: mean loss = 0.0063
	Step 150: mean loss = 0.0062

	Loss on validation set after epoch 107: 0.0069

Epoch 108
	Step 0: mean loss = 0.0069
	Step 50: mean loss = 0.0062
	Step 100: mean loss = 0.0063
	Step 150: mean loss = 0.0062

	Loss on validation set after epoch 108: 0.0064

Epoch 109
	Step 0: mean loss = 0.0061
	Step 50: mean loss = 0.0062
	Step 100: mean loss = 0.0062
	Step 150: mean loss = 0.0061

	Loss on validation set after epoch 109: 0.0064

Epoch 110
	Step 0: mean loss = 0.0073
	Step 50: mean loss = 0.0062
	Step 100: mean loss = 0.0062
	Step 150: mean loss = 0.0061

	Loss on validation set after epoch 110: 0.0066

Epoch 111
	Step 0: mean loss = 0.0069
	Step 50: mean loss = 0.0061
	Step 100: mean loss = 0.0061
	Step 150: mean loss = 0.0061

	Loss on validation set after epoch 111: 0.0063

Epoch 112
	Step 0: mean loss = 0.0068
	Step 50: mean loss = 0.0060
	Step 100: mean loss = 0.0061
	Step 150: mean loss = 0.0060

	Loss on validation set after epoch 112: 0.0064

Epoch 113
	Step 0: mean loss = 0.0062
	Step 50: mean loss = 0.0059
	Step 100: mean loss = 0.0060
	Step 150: mean loss = 0.0060

	Loss on validation set after epoch 113: 0.0064

Epoch 114
	Step 0: mean loss = 0.0056
	Step 50: mean loss = 0.0059
	Step 100: mean loss = 0.0060
	Step 150: mean loss = 0.0060

	Loss on validation set after epoch 114: 0.0063

Epoch 115
	Step 0: mean loss = 0.0056
	Step 50: mean loss = 0.0058
	Step 100: mean loss = 0.0060
	Step 150: mean loss = 0.0060

	Loss on validation set after epoch 115: 0.0066

Epoch 116
	Step 0: mean loss = 0.0052
	Step 50: mean loss = 0.0059
	Step 100: mean loss = 0.0059
	Step 150: mean loss = 0.0059

	Loss on validation set after epoch 116: 0.0062

Epoch 117
	Step 0: mean loss = 0.0045
	Step 50: mean loss = 0.0059
	Step 100: mean loss = 0.0059
	Step 150: mean loss = 0.0058

	Loss on validation set after epoch 117: 0.0063

Epoch 118
	Step 0: mean loss = 0.0061
	Step 50: mean loss = 0.0058
	Step 100: mean loss = 0.0058
	Step 150: mean loss = 0.0057

	Loss on validation set after epoch 118: 0.0063

Epoch 119
	Step 0: mean loss = 0.0048
	Step 50: mean loss = 0.0058
	Step 100: mean loss = 0.0058
	Step 150: mean loss = 0.0058

	Loss on validation set after epoch 119: 0.0060

Epoch 120
	Step 0: mean loss = 0.0066
	Step 50: mean loss = 0.0056
	Step 100: mean loss = 0.0057
	Step 150: mean loss = 0.0056

	Loss on validation set after epoch 120: 0.0059

Epoch 121
	Step 0: mean loss = 0.0060
	Step 50: mean loss = 0.0056
	Step 100: mean loss = 0.0057
	Step 150: mean loss = 0.0056

	Loss on validation set after epoch 121: 0.0059

Epoch 122
	Step 0: mean loss = 0.0049
	Step 50: mean loss = 0.0056
	Step 100: mean loss = 0.0057
	Step 150: mean loss = 0.0056

	Loss on validation set after epoch 122: 0.0061

Epoch 123
	Step 0: mean loss = 0.0056
	Step 50: mean loss = 0.0057
	Step 100: mean loss = 0.0057
	Step 150: mean loss = 0.0057

	Loss on validation set after epoch 123: 0.0061

Epoch 124
	Step 0: mean loss = 0.0050
	Step 50: mean loss = 0.0055
	Step 100: mean loss = 0.0056
	Step 150: mean loss = 0.0055

	Loss on validation set after epoch 124: 0.0060

Epoch 125
	Step 0: mean loss = 0.0057
	Step 50: mean loss = 0.0055
	Step 100: mean loss = 0.0056
	Step 150: mean loss = 0.0055

	Loss on validation set after epoch 125: 0.0062

Epoch 126
	Step 0: mean loss = 0.0058
	Step 50: mean loss = 0.0055
	Step 100: mean loss = 0.0056
	Step 150: mean loss = 0.0055

	Loss on validation set after epoch 126: 0.0057

Epoch 127
	Step 0: mean loss = 0.0062
	Step 50: mean loss = 0.0056
	Step 100: mean loss = 0.0056
	Step 150: mean loss = 0.0055

	Loss on validation set after epoch 127: 0.0059

Epoch 128
	Step 0: mean loss = 0.0045
	Step 50: mean loss = 0.0054
	Step 100: mean loss = 0.0055
	Step 150: mean loss = 0.0055

	Loss on validation set after epoch 128: 0.0060

Epoch 129
	Step 0: mean loss = 0.0064
	Step 50: mean loss = 0.0054
	Step 100: mean loss = 0.0054
	Step 150: mean loss = 0.0054

	Loss on validation set after epoch 129: 0.0060

Epoch 130
	Step 0: mean loss = 0.0048
	Step 50: mean loss = 0.0055
	Step 100: mean loss = 0.0055
	Step 150: mean loss = 0.0054

	Loss on validation set after epoch 130: 0.0057

Epoch 131
	Step 0: mean loss = 0.0066
	Step 50: mean loss = 0.0054
	Step 100: mean loss = 0.0055
	Step 150: mean loss = 0.0054

	Loss on validation set after epoch 131: 0.0057

Epoch 132
	Step 0: mean loss = 0.0058
	Step 50: mean loss = 0.0053
	Step 100: mean loss = 0.0054
	Step 150: mean loss = 0.0054

	Loss on validation set after epoch 132: 0.0059

Epoch 133
	Step 0: mean loss = 0.0070
	Step 50: mean loss = 0.0053
	Step 100: mean loss = 0.0054
	Step 150: mean loss = 0.0053

	Loss on validation set after epoch 133: 0.0059

Epoch 134
	Step 0: mean loss = 0.0068
	Step 50: mean loss = 0.0053
	Step 100: mean loss = 0.0054
	Step 150: mean loss = 0.0053

	Loss on validation set after epoch 134: 0.0062

Epoch 135
	Step 0: mean loss = 0.0052
	Step 50: mean loss = 0.0053
	Step 100: mean loss = 0.0054
	Step 150: mean loss = 0.0053

	Loss on validation set after epoch 135: 0.0058

Epoch 136
	Step 0: mean loss = 0.0052
	Step 50: mean loss = 0.0053
	Step 100: mean loss = 0.0054
	Step 150: mean loss = 0.0053

	Loss on validation set after epoch 136: 0.0057

Epoch 137
	Step 0: mean loss = 0.0045
	Step 50: mean loss = 0.0052
	Step 100: mean loss = 0.0053
	Step 150: mean loss = 0.0053

	Loss on validation set after epoch 137: 0.0057

Epoch 138
	Step 0: mean loss = 0.0047
	Step 50: mean loss = 0.0053
	Step 100: mean loss = 0.0053
	Step 150: mean loss = 0.0053

	Loss on validation set after epoch 138: 0.0064

Epoch 139
	Step 0: mean loss = 0.0051
	Step 50: mean loss = 0.0052
	Step 100: mean loss = 0.0053
	Step 150: mean loss = 0.0052

	Loss on validation set after epoch 139: 0.0058

Epoch 140
	Step 0: mean loss = 0.0061
	Step 50: mean loss = 0.0052
	Step 100: mean loss = 0.0053
	Step 150: mean loss = 0.0052

	Loss on validation set after epoch 140: 0.0063

Epoch 141
	Step 0: mean loss = 0.0056
	Step 50: mean loss = 0.0053
	Step 100: mean loss = 0.0052
	Step 150: mean loss = 0.0052

	Loss on validation set after epoch 141: 0.0056

Epoch 142
	Step 0: mean loss = 0.0064
	Step 50: mean loss = 0.0052
	Step 100: mean loss = 0.0052
	Step 150: mean loss = 0.0052

	Loss on validation set after epoch 142: 0.0059

Epoch 143
	Step 0: mean loss = 0.0060
	Step 50: mean loss = 0.0051
	Step 100: mean loss = 0.0052
	Step 150: mean loss = 0.0051

	Loss on validation set after epoch 143: 0.0054

Epoch 144
	Step 0: mean loss = 0.0042
	Step 50: mean loss = 0.0051
	Step 100: mean loss = 0.0052
	Step 150: mean loss = 0.0051

	Loss on validation set after epoch 144: 0.0055

Epoch 145
	Step 0: mean loss = 0.0061
	Step 50: mean loss = 0.0051
	Step 100: mean loss = 0.0051
	Step 150: mean loss = 0.0051

	Loss on validation set after epoch 145: 0.0058

Epoch 146
	Step 0: mean loss = 0.0059
	Step 50: mean loss = 0.0050
	Step 100: mean loss = 0.0051
	Step 150: mean loss = 0.0051

	Loss on validation set after epoch 146: 0.0056

Epoch 147
	Step 0: mean loss = 0.0042
	Step 50: mean loss = 0.0051
	Step 100: mean loss = 0.0051
	Step 150: mean loss = 0.0051

	Loss on validation set after epoch 147: 0.0055

Epoch 148
	Step 0: mean loss = 0.0043
	Step 50: mean loss = 0.0050
	Step 100: mean loss = 0.0051
	Step 150: mean loss = 0.0050

	Loss on validation set after epoch 148: 0.0054

Epoch 149
	Step 0: mean loss = 0.0039
	Step 50: mean loss = 0.0050
	Step 100: mean loss = 0.0051
	Step 150: mean loss = 0.0050

	Loss on validation set after epoch 149: 0.0053

Epoch 150
	Step 0: mean loss = 0.0044
	Step 50: mean loss = 0.0050
	Step 100: mean loss = 0.0050
	Step 150: mean loss = 0.0050

	Loss on validation set after epoch 150: 0.0054

Epoch 151
	Step 0: mean loss = 0.0061
	Step 50: mean loss = 0.0050
	Step 100: mean loss = 0.0051
	Step 150: mean loss = 0.0051

	Loss on validation set after epoch 151: 0.0054

Epoch 152
	Step 0: mean loss = 0.0041
	Step 50: mean loss = 0.0050
	Step 100: mean loss = 0.0051
	Step 150: mean loss = 0.0050

	Loss on validation set after epoch 152: 0.0055

Epoch 153
	Step 0: mean loss = 0.0063
	Step 50: mean loss = 0.0050
	Step 100: mean loss = 0.0050
	Step 150: mean loss = 0.0050

	Loss on validation set after epoch 153: 0.0054

Epoch 154
	Step 0: mean loss = 0.0057
	Step 50: mean loss = 0.0049
	Step 100: mean loss = 0.0050
	Step 150: mean loss = 0.0049

	Loss on validation set after epoch 154: 0.0053

Epoch 155
	Step 0: mean loss = 0.0049
	Step 50: mean loss = 0.0050
	Step 100: mean loss = 0.0050
	Step 150: mean loss = 0.0049

	Loss on validation set after epoch 155: 0.0055

Epoch 156
	Step 0: mean loss = 0.0057
	Step 50: mean loss = 0.0049
	Step 100: mean loss = 0.0050
	Step 150: mean loss = 0.0049

	Loss on validation set after epoch 156: 0.0054

Epoch 157
	Step 0: mean loss = 0.0043
	Step 50: mean loss = 0.0049
	Step 100: mean loss = 0.0050
	Step 150: mean loss = 0.0050

	Loss on validation set after epoch 157: 0.0054

Epoch 158
	Step 0: mean loss = 0.0049
	Step 50: mean loss = 0.0048
	Step 100: mean loss = 0.0050
	Step 150: mean loss = 0.0049

	Loss on validation set after epoch 158: 0.0053

Epoch 159
	Step 0: mean loss = 0.0045
	Step 50: mean loss = 0.0049
	Step 100: mean loss = 0.0049
	Step 150: mean loss = 0.0049

	Loss on validation set after epoch 159: 0.0051

Epoch 160
	Step 0: mean loss = 0.0043
	Step 50: mean loss = 0.0047
	Step 100: mean loss = 0.0047
	Step 150: mean loss = 0.0046

	Loss on validation set after epoch 160: 0.0050

Epoch 161
	Step 0: mean loss = 0.0043
	Step 50: mean loss = 0.0045
	Step 100: mean loss = 0.0046
	Step 150: mean loss = 0.0045

	Loss on validation set after epoch 161: 0.0052

Epoch 162
	Step 0: mean loss = 0.0042
	Step 50: mean loss = 0.0046
	Step 100: mean loss = 0.0046
	Step 150: mean loss = 0.0045

	Loss on validation set after epoch 162: 0.0048

Epoch 163
	Step 0: mean loss = 0.0047
	Step 50: mean loss = 0.0044
	Step 100: mean loss = 0.0044
	Step 150: mean loss = 0.0044

	Loss on validation set after epoch 163: 0.0051

Epoch 164
	Step 0: mean loss = 0.0040
	Step 50: mean loss = 0.0043
	Step 100: mean loss = 0.0043
	Step 150: mean loss = 0.0043

	Loss on validation set after epoch 164: 0.0047

Epoch 165
	Step 0: mean loss = 0.0046
	Step 50: mean loss = 0.0043
	Step 100: mean loss = 0.0043
	Step 150: mean loss = 0.0043

	Loss on validation set after epoch 165: 0.0050

Epoch 166
	Step 0: mean loss = 0.0042
	Step 50: mean loss = 0.0043
	Step 100: mean loss = 0.0043
	Step 150: mean loss = 0.0043

	Loss on validation set after epoch 166: 0.0048

Epoch 167
	Step 0: mean loss = 0.0046
	Step 50: mean loss = 0.0042
	Step 100: mean loss = 0.0042
	Step 150: mean loss = 0.0042

	Loss on validation set after epoch 167: 0.0047

Epoch 168
	Step 0: mean loss = 0.0039
	Step 50: mean loss = 0.0043
	Step 100: mean loss = 0.0042
	Step 150: mean loss = 0.0042

	Loss on validation set after epoch 168: 0.0046

Epoch 169
	Step 0: mean loss = 0.0037
	Step 50: mean loss = 0.0042
	Step 100: mean loss = 0.0042
	Step 150: mean loss = 0.0041

	Loss on validation set after epoch 169: 0.0048

Epoch 170
	Step 0: mean loss = 0.0040
	Step 50: mean loss = 0.0041
	Step 100: mean loss = 0.0041
	Step 150: mean loss = 0.0041

	Loss on validation set after epoch 170: 0.0046

Epoch 171
	Step 0: mean loss = 0.0050
	Step 50: mean loss = 0.0041
	Step 100: mean loss = 0.0042
	Step 150: mean loss = 0.0042

	Loss on validation set after epoch 171: 0.0046

Epoch 172
	Step 0: mean loss = 0.0046
	Step 50: mean loss = 0.0042
	Step 100: mean loss = 0.0042
	Step 150: mean loss = 0.0041

	Loss on validation set after epoch 172: 0.0045

Epoch 173
	Step 0: mean loss = 0.0043
	Step 50: mean loss = 0.0042
	Step 100: mean loss = 0.0042
	Step 150: mean loss = 0.0041

	Loss on validation set after epoch 173: 0.0046

Epoch 174
	Step 0: mean loss = 0.0047
	Step 50: mean loss = 0.0042
	Step 100: mean loss = 0.0041
	Step 150: mean loss = 0.0041

	Loss on validation set after epoch 174: 0.0047

Epoch 175
	Step 0: mean loss = 0.0038
	Step 50: mean loss = 0.0042
	Step 100: mean loss = 0.0042
	Step 150: mean loss = 0.0041

	Loss on validation set after epoch 175: 0.0047

Epoch 176
	Step 0: mean loss = 0.0033
	Step 50: mean loss = 0.0041
	Step 100: mean loss = 0.0041
	Step 150: mean loss = 0.0041

	Loss on validation set after epoch 176: 0.0045

Epoch 177
	Step 0: mean loss = 0.0039
	Step 50: mean loss = 0.0041
	Step 100: mean loss = 0.0041
	Step 150: mean loss = 0.0041

	Loss on validation set after epoch 177: 0.0045

Epoch 178
	Step 0: mean loss = 0.0041
	Step 50: mean loss = 0.0040
	Step 100: mean loss = 0.0041
	Step 150: mean loss = 0.0040

	Loss on validation set after epoch 178: 0.0045

Epoch 179
	Step 0: mean loss = 0.0041
	Step 50: mean loss = 0.0042
	Step 100: mean loss = 0.0041
	Step 150: mean loss = 0.0041

	Loss on validation set after epoch 179: 0.0043

Epoch 180
	Step 0: mean loss = 0.0043
	Step 50: mean loss = 0.0040
	Step 100: mean loss = 0.0040
	Step 150: mean loss = 0.0040

	Loss on validation set after epoch 180: 0.0047

Epoch 181
	Step 0: mean loss = 0.0043
	Step 50: mean loss = 0.0040
	Step 100: mean loss = 0.0040
	Step 150: mean loss = 0.0040

	Loss on validation set after epoch 181: 0.0045

Epoch 182
	Step 0: mean loss = 0.0046
	Step 50: mean loss = 0.0040
	Step 100: mean loss = 0.0040
	Step 150: mean loss = 0.0040

	Loss on validation set after epoch 182: 0.0043

Epoch 183
	Step 0: mean loss = 0.0044
	Step 50: mean loss = 0.0040
	Step 100: mean loss = 0.0040
	Step 150: mean loss = 0.0040

	Loss on validation set after epoch 183: 0.0046

Epoch 184
	Step 0: mean loss = 0.0048
	Step 50: mean loss = 0.0040
	Step 100: mean loss = 0.0040
	Step 150: mean loss = 0.0040

	Loss on validation set after epoch 184: 0.0045

Epoch 185
	Step 0: mean loss = 0.0047
	Step 50: mean loss = 0.0040
	Step 100: mean loss = 0.0040
	Step 150: mean loss = 0.0040

	Loss on validation set after epoch 185: 0.0044

Epoch 186
	Step 0: mean loss = 0.0039
	Step 50: mean loss = 0.0041
	Step 100: mean loss = 0.0041
	Step 150: mean loss = 0.0040

	Loss on validation set after epoch 186: 0.0046

Epoch 187
	Step 0: mean loss = 0.0050
	Step 50: mean loss = 0.0040
	Step 100: mean loss = 0.0040
	Step 150: mean loss = 0.0039

	Loss on validation set after epoch 187: 0.0046

Epoch 188
	Step 0: mean loss = 0.0040
	Step 50: mean loss = 0.0040
	Step 100: mean loss = 0.0040
	Step 150: mean loss = 0.0039

	Loss on validation set after epoch 188: 0.0044

Epoch 189
	Step 0: mean loss = 0.0034
	Step 50: mean loss = 0.0040
	Step 100: mean loss = 0.0040
	Step 150: mean loss = 0.0039

	Loss on validation set after epoch 189: 0.0045

Epoch 190
	Step 0: mean loss = 0.0045
	Step 50: mean loss = 0.0039
	Step 100: mean loss = 0.0039
	Step 150: mean loss = 0.0039

	Loss on validation set after epoch 190: 0.0044

Epoch 191
	Step 0: mean loss = 0.0041
	Step 50: mean loss = 0.0040
	Step 100: mean loss = 0.0039
	Step 150: mean loss = 0.0039

	Loss on validation set after epoch 191: 0.0046

Epoch 192
	Step 0: mean loss = 0.0045
	Step 50: mean loss = 0.0039
	Step 100: mean loss = 0.0039
	Step 150: mean loss = 0.0039

	Loss on validation set after epoch 192: 0.0043

Epoch 193
	Step 0: mean loss = 0.0031
	Step 50: mean loss = 0.0039
	Step 100: mean loss = 0.0039
	Step 150: mean loss = 0.0039

	Loss on validation set after epoch 193: 0.0044

Epoch 194
	Step 0: mean loss = 0.0030
	Step 50: mean loss = 0.0040
	Step 100: mean loss = 0.0039
	Step 150: mean loss = 0.0039

	Loss on validation set after epoch 194: 0.0043

Epoch 195
	Step 0: mean loss = 0.0051
	Step 50: mean loss = 0.0039
	Step 100: mean loss = 0.0039
	Step 150: mean loss = 0.0039

	Loss on validation set after epoch 195: 0.0043

Epoch 196
	Step 0: mean loss = 0.0043
	Step 50: mean loss = 0.0039
	Step 100: mean loss = 0.0039
	Step 150: mean loss = 0.0039

	Loss on validation set after epoch 196: 0.0047

Epoch 197
	Step 0: mean loss = 0.0031
	Step 50: mean loss = 0.0039
	Step 100: mean loss = 0.0039
	Step 150: mean loss = 0.0039

	Loss on validation set after epoch 197: 0.0042

Epoch 198
	Step 0: mean loss = 0.0041
	Step 50: mean loss = 0.0039
	Step 100: mean loss = 0.0039
	Step 150: mean loss = 0.0038

	Loss on validation set after epoch 198: 0.0043

Epoch 199
	Step 0: mean loss = 0.0030
	Step 50: mean loss = 0.0039
	Step 100: mean loss = 0.0039
	Step 150: mean loss = 0.0038

	Loss on validation set after epoch 199: 0.0043

Epoch 200
	Step 0: mean loss = 0.0044
	Step 50: mean loss = 0.0038
	Step 100: mean loss = 0.0039
	Step 150: mean loss = 0.0038

	Loss on validation set after epoch 200: 0.0042

Epoch 201
	Step 0: mean loss = 0.0047
	Step 50: mean loss = 0.0038
	Step 100: mean loss = 0.0038
	Step 150: mean loss = 0.0038

	Loss on validation set after epoch 201: 0.0042

Epoch 202
	Step 0: mean loss = 0.0046
	Step 50: mean loss = 0.0038
	Step 100: mean loss = 0.0038
	Step 150: mean loss = 0.0038

	Loss on validation set after epoch 202: 0.0042

Epoch 203
	Step 0: mean loss = 0.0043
	Step 50: mean loss = 0.0038
	Step 100: mean loss = 0.0039
	Step 150: mean loss = 0.0038

	Loss on validation set after epoch 203: 0.0043

Epoch 204
	Step 0: mean loss = 0.0033
	Step 50: mean loss = 0.0038
	Step 100: mean loss = 0.0038
	Step 150: mean loss = 0.0038

	Loss on validation set after epoch 204: 0.0042

Epoch 205
	Step 0: mean loss = 0.0046
	Step 50: mean loss = 0.0039
	Step 100: mean loss = 0.0039
	Step 150: mean loss = 0.0038

	Loss on validation set after epoch 205: 0.0043

Epoch 206
	Step 0: mean loss = 0.0043
	Step 50: mean loss = 0.0038
	Step 100: mean loss = 0.0038
	Step 150: mean loss = 0.0038

	Loss on validation set after epoch 206: 0.0042

Epoch 207
	Step 0: mean loss = 0.0043
	Step 50: mean loss = 0.0038
	Step 100: mean loss = 0.0038
	Step 150: mean loss = 0.0038

	Loss on validation set after epoch 207: 0.0043

Epoch 208
	Step 0: mean loss = 0.0041
	Step 50: mean loss = 0.0038
	Step 100: mean loss = 0.0038
	Step 150: mean loss = 0.0037

	Loss on validation set after epoch 208: 0.0043

Epoch 209
	Step 0: mean loss = 0.0035
	Step 50: mean loss = 0.0038
	Step 100: mean loss = 0.0038
	Step 150: mean loss = 0.0037

	Loss on validation set after epoch 209: 0.0041

Epoch 210
	Step 0: mean loss = 0.0038
	Step 50: mean loss = 0.0038
	Step 100: mean loss = 0.0038
	Step 150: mean loss = 0.0038

	Loss on validation set after epoch 210: 0.0042

Epoch 211
	Step 0: mean loss = 0.0038
	Step 50: mean loss = 0.0037
	Step 100: mean loss = 0.0038
	Step 150: mean loss = 0.0038

	Loss on validation set after epoch 211: 0.0042

Epoch 212
	Step 0: mean loss = 0.0040
	Step 50: mean loss = 0.0038
	Step 100: mean loss = 0.0038
	Step 150: mean loss = 0.0037

	Loss on validation set after epoch 212: 0.0043

Epoch 213
	Step 0: mean loss = 0.0041
	Step 50: mean loss = 0.0038
	Step 100: mean loss = 0.0038
	Step 150: mean loss = 0.0037

	Loss on validation set after epoch 213: 0.0042

Epoch 214
	Step 0: mean loss = 0.0040
	Step 50: mean loss = 0.0037
	Step 100: mean loss = 0.0037
	Step 150: mean loss = 0.0037

	Loss on validation set after epoch 214: 0.0040

Epoch 215
	Step 0: mean loss = 0.0034
	Step 50: mean loss = 0.0038
	Step 100: mean loss = 0.0037
	Step 150: mean loss = 0.0037

	Loss on validation set after epoch 215: 0.0045

Epoch 216
	Step 0: mean loss = 0.0045
	Step 50: mean loss = 0.0038
	Step 100: mean loss = 0.0037
	Step 150: mean loss = 0.0037

	Loss on validation set after epoch 216: 0.0041

Epoch 217
	Step 0: mean loss = 0.0038
	Step 50: mean loss = 0.0037
	Step 100: mean loss = 0.0037
	Step 150: mean loss = 0.0036

	Loss on validation set after epoch 217: 0.0039

Epoch 218
	Step 0: mean loss = 0.0035
	Step 50: mean loss = 0.0037
	Step 100: mean loss = 0.0037
	Step 150: mean loss = 0.0037

	Loss on validation set after epoch 218: 0.0042

Epoch 219
	Step 0: mean loss = 0.0046
	Step 50: mean loss = 0.0037
	Step 100: mean loss = 0.0037
	Step 150: mean loss = 0.0036

	Loss on validation set after epoch 219: 0.0042

Epoch 220
	Step 0: mean loss = 0.0033
	Step 50: mean loss = 0.0036
	Step 100: mean loss = 0.0036
	Step 150: mean loss = 0.0036

	Loss on validation set after epoch 220: 0.0041

Epoch 221
	Step 0: mean loss = 0.0030
	Step 50: mean loss = 0.0037
	Step 100: mean loss = 0.0037
	Step 150: mean loss = 0.0036

	Loss on validation set after epoch 221: 0.0044

Epoch 222
	Step 0: mean loss = 0.0051
	Step 50: mean loss = 0.0037
	Step 100: mean loss = 0.0037
	Step 150: mean loss = 0.0036

	Loss on validation set after epoch 222: 0.0041

Epoch 223
	Step 0: mean loss = 0.0039
	Step 50: mean loss = 0.0038
	Step 100: mean loss = 0.0037
	Step 150: mean loss = 0.0036

	Loss on validation set after epoch 223: 0.0041

Epoch 224
	Step 0: mean loss = 0.0037
	Step 50: mean loss = 0.0036
	Step 100: mean loss = 0.0036
	Step 150: mean loss = 0.0036

	Loss on validation set after epoch 224: 0.0040

Epoch 225
	Step 0: mean loss = 0.0036
	Step 50: mean loss = 0.0037
	Step 100: mean loss = 0.0037
	Step 150: mean loss = 0.0036

	Loss on validation set after epoch 225: 0.0043

Epoch 226
	Step 0: mean loss = 0.0040
	Step 50: mean loss = 0.0037
	Step 100: mean loss = 0.0036
	Step 150: mean loss = 0.0036

	Loss on validation set after epoch 226: 0.0042

Epoch 227
	Step 0: mean loss = 0.0037
	Step 50: mean loss = 0.0037
	Step 100: mean loss = 0.0037
	Step 150: mean loss = 0.0036

	Loss on validation set after epoch 227: 0.0042

Model from epoch 217 was selected by early stopping.
Training process will be stopped now.
Deleted temporary files in ../data/trained_models/temp_01-05-07-46-29/
Location of saved model: ../data/trained_models/last_hope_90_01-05-07-46-29/ 

Adding feature wise convolutions with 32 filters per feature, 3 kernels and 1 strides ...
Adding feature wise convolutions with 1 filters per feature, 3 kernels and 1 strides ...
Adding feature based graph attention layer ...
Adding time based graph attention layer ...
Adding GRU layer with 256 units ...
Adding GRU layer with 61 units ...
Adding GRU AE as reconstruction model ...
Adding dense layer to forecasting model with 512 units and ReLu activation ...
Adding dense layer to forecasting model with 256 units and ReLu activation ...
Adding last dense layer to forecasting model with 61 units and sigmoid activation ...
VAE reconstructs the output of the gru layer.

Grid search running in anomaly detection model selection mode.
The following hyperparameters will not be evaluated:
relevance_mapping
unaffected_component_threshold
si_mode
si_parameter

Testing 294 combinations via grid search 
for model last_hope_90_01-05-07-46-29/ on the validation dataset. 


Top 50 combinations tested:
      gamma  single_timestamp_a.. affected_timestamp..     AD F1     AD F2    AD TPR   AD Prec    AD ACC    AD TNR    AD FPR  SI/ST AVG-HR@100%  SI/ST AVG-HR@150%  SI/ST AVG-HR@K  SI/ST F1  SI/ST TPR  SI/ST ACC
Comb                                                                                                                                                                                                              
1       0.3                 0.200                  110  0.436597  0.425532  0.418462  0.456376  0.794737  0.883032  0.116968           0.241451           0.334141        0.169231  0.064615   0.064615   0.856095
2       0.3                 0.200                  120  0.433498  0.416667  0.406154  0.464789  0.798246  0.890253  0.109747           0.241451           0.334141        0.169231  0.064615   0.064615   0.856095
4       0.3                 0.200                  140  0.432709  0.406530  0.390769  0.484733  0.805263  0.902527  0.097473           0.241451           0.334141        0.169231  0.064615   0.064615   0.856095
6       0.3                 0.200                  160  0.432056  0.400258  0.381538  0.497992  0.809357  0.909747  0.090253           0.241451           0.334141        0.169231  0.064615   0.064615   0.856095
5       0.3                 0.200                  150  0.431034  0.401929  0.384615  0.490196  0.807018  0.906137  0.093863           0.241451           0.334141        0.169231  0.064615   0.064615   0.856095
0       0.3                 0.200                  100  0.427002  0.421836  0.418462  0.435897  0.786550  0.872924  0.127076           0.241451           0.334141        0.169231  0.064615   0.064615   0.856095
3       0.3                 0.200                  130  0.426667  0.406349  0.393846  0.465455  0.798830  0.893863  0.106137           0.241451           0.334141        0.169231  0.064615   0.064615   0.856095
49      0.4                 0.200                  100  0.314516  0.265126  0.240000  0.456140  0.801170  0.932852  0.067148           0.214572           0.305692        0.166154  0.036923   0.036923   0.851834
50      0.4                 0.200                  110  0.304167  0.250859  0.224615  0.470968  0.804678  0.940794  0.059206           0.214572           0.305692        0.166154  0.036923   0.036923   0.851834
52      0.4                 0.200                  130  0.297414  0.239750  0.212308  0.496403  0.809357  0.949458  0.050542           0.214572           0.305692        0.166154  0.036923   0.036923   0.851834
51      0.4                 0.200                  120  0.294872  0.239085  0.212308  0.482517  0.807018  0.946570  0.053430           0.214572           0.305692        0.166154  0.036923   0.036923   0.851834
54      0.4                 0.200                  150  0.290828  0.228551  0.200000  0.532787  0.814620  0.958845  0.041155           0.214572           0.305692        0.166154  0.036923   0.036923   0.851834
53      0.4                 0.200                  140  0.290749  0.230931  0.203077  0.511628  0.811696  0.954513  0.045487           0.214572           0.305692        0.166154  0.036923   0.036923   0.851834
55      0.4                 0.200                  160  0.287640  0.225352  0.196923  0.533333  0.814620  0.959567  0.040433           0.214572           0.305692        0.166154  0.036923   0.036923   0.851834
7       0.3                 0.225                  100  0.210526  0.157933  0.135385  0.473118  0.807018  0.964621  0.035379           0.190116           0.278742        0.150769  0.024615   0.024615   0.849941
8       0.3                 0.225                  110  0.198068  0.147588  0.126154  0.460674  0.805848  0.965343  0.034657           0.190116           0.278742        0.150769  0.024615   0.024615   0.849941
9       0.3                 0.225                  120  0.181818  0.133864  0.113846  0.451220  0.805263  0.967509  0.032491           0.190116           0.278742        0.150769  0.024615   0.024615   0.849941
10      0.3                 0.225                  130  0.165000  0.120000  0.101538  0.440000  0.804678  0.969675  0.030325           0.190116           0.278742        0.150769  0.024615   0.024615   0.849941
11      0.3                 0.225                  140  0.161616  0.116703  0.098462  0.450704  0.805848  0.971841  0.028159           0.190116           0.278742        0.150769  0.024615   0.024615   0.849941
12      0.3                 0.225                  150  0.148718  0.106227  0.089231  0.446154  0.805848  0.974007  0.025993           0.190116           0.278742        0.150769  0.024615   0.024615   0.849941
13      0.3                 0.225                  160  0.144703  0.102790  0.086154  0.451613  0.806433  0.975451  0.024549           0.190116           0.278742        0.150769  0.024615   0.024615   0.849941
98      0.5                 0.200                  100  0.112299  0.077835  0.064615  0.428571  0.805848  0.979783  0.020217           0.184072           0.272832        0.150769  0.024615   0.024615   0.849941
99      0.5                 0.200                  110  0.097561  0.066964  0.055385  0.409091  0.805263  0.981227  0.018773           0.184072           0.272832        0.150769  0.024615   0.024615   0.849941
100     0.5                 0.200                  120  0.083565  0.056222  0.046154  0.441176  0.807602  0.986282  0.013718           0.184072           0.272832        0.150769  0.024615   0.024615   0.849941
102     0.5                 0.200                  140  0.078652  0.052592  0.043077  0.451613  0.808187  0.987726  0.012274           0.184072           0.272832        0.150769  0.024615   0.024615   0.849941
103     0.5                 0.200                  150  0.078652  0.052592  0.043077  0.451613  0.808187  0.987726  0.012274           0.184072           0.272832        0.150769  0.024615   0.024615   0.849941
101     0.5                 0.200                  130  0.078431  0.052553  0.043077  0.437500  0.807602  0.987004  0.012996           0.184072           0.272832        0.150769  0.024615   0.024615   0.849941
104     0.5                 0.200                  160  0.068182  0.045215  0.036923  0.444444  0.808187  0.989170  0.010830           0.184072           0.272832        0.150769  0.024615   0.024615   0.849941
56      0.4                 0.225                  100  0.053097  0.034247  0.027692  0.642857  0.812281  0.996390  0.003610           0.168834           0.255470        0.147692  0.018462   0.018462   0.848994
57      0.4                 0.225                  110  0.047337  0.030465  0.024615  0.615385  0.811696  0.996390  0.003610           0.168834           0.255470        0.147692  0.018462   0.018462   0.848994
14      0.3                 0.250                  100  0.035928  0.022918  0.018462  0.666667  0.811696  0.997834  0.002166           0.162351           0.246569        0.147692  0.018462   0.018462   0.848994
58      0.4                 0.225                  120  0.035928  0.022918  0.018462  0.666667  0.811696  0.997834  0.002166           0.168834           0.255470        0.147692  0.018462   0.018462   0.848994
147     0.6                 0.200                  100  0.035928  0.022918  0.018462  0.666667  0.811696  0.997834  0.002166           0.165354           0.251697        0.147692  0.018462   0.018462   0.848994
59      0.4                 0.225                  130  0.030030  0.019113  0.015385  0.625000  0.811111  0.997834  0.002166           0.168834           0.255470        0.147692  0.018462   0.018462   0.848994
60      0.4                 0.225                  140  0.030030  0.019113  0.015385  0.625000  0.811111  0.997834  0.002166           0.168834           0.255470        0.147692  0.018462   0.018462   0.848994
148     0.6                 0.200                  110  0.030030  0.019113  0.015385  0.625000  0.811111  0.997834  0.002166           0.165354           0.251697        0.147692  0.018462   0.018462   0.848994
197     0.7                 0.200                  110  0.018293  0.011512  0.009231  1.000000  0.811696  1.000000  0.000000           0.157076           0.242466        0.147692  0.018462   0.018462   0.848994
62      0.4                 0.225                  160  0.018237  0.011503  0.009231  0.750000  0.811111  0.999278  0.000722           0.168834           0.255470        0.147692  0.018462   0.018462   0.848994
105     0.5                 0.225                  100  0.018237  0.011503  0.009231  0.750000  0.811111  0.999278  0.000722           0.157332           0.242466        0.147692  0.018462   0.018462   0.848994
106     0.5                 0.225                  110  0.018237  0.011503  0.009231  0.750000  0.811111  0.999278  0.000722           0.157332           0.242466        0.147692  0.018462   0.018462   0.848994
196     0.7                 0.200                  100  0.018237  0.011503  0.009231  0.750000  0.811111  0.999278  0.000722           0.157076           0.242466        0.147692  0.018462   0.018462   0.848994
61      0.4                 0.225                  150  0.018182  0.011494  0.009231  0.600000  0.810526  0.998556  0.001444           0.168834           0.255470        0.147692  0.018462   0.018462   0.848994
149     0.6                 0.200                  120  0.018182  0.011494  0.009231  0.600000  0.810526  0.998556  0.001444           0.165354           0.251697        0.147692  0.018462   0.018462   0.848994
15      0.3                 0.250                  110  0.018127  0.011485  0.009231  0.500000  0.809942  0.997834  0.002166           0.162351           0.246569        0.147692  0.018462   0.018462   0.848994
17      0.3                 0.250                  130  0.012195  0.007675  0.006154  0.666667  0.810526  0.999278  0.000722           0.162351           0.246569        0.147692  0.018462   0.018462   0.848994
16      0.3                 0.250                  120  0.012158  0.007669  0.006154  0.500000  0.809942  0.998556  0.001444           0.162351           0.246569        0.147692  0.018462   0.018462   0.848994
150     0.6                 0.200                  130  0.012158  0.007669  0.006154  0.500000  0.809942  0.998556  0.001444           0.165354           0.251697        0.147692  0.018462   0.018462   0.848994
18      0.3                 0.250                  140  0.006135  0.003843  0.003077  1.000000  0.810526  1.000000  0.000000           0.162351           0.246569        0.147692  0.018462   0.018462   0.848994
19      0.3                 0.250                  150  0.006135  0.003843  0.003077  1.000000  0.810526  1.000000  0.000000           0.162351           0.246569        0.147692  0.018462   0.018462   0.848994
21      0.3                 0.275                  100  0.006135  0.003843  0.003077  1.000000  0.810526  1.000000  0.000000           0.156563           0.240415        0.147692  0.018462   0.018462   0.848994

Full result output for the best combination:
                 #Examples   TP   FP    TN   FN       ACC       FNR       TNR       FPR       TPR      Prec        F1        F2  AVG # affected
Component                                                                                                                                      
no_failure            1385    0  162  1223    0  0.883032       NaN  0.883032  0.116968       NaN  0.000000       NaN       NaN       40.581227
txt15_i1                 5    2    0     0    3  0.400000  0.600000       NaN       NaN  0.400000  1.000000  0.571429  0.454545      192.400000
txt15_i3                 5    0    0     0    5  0.000000  1.000000       NaN       NaN  0.000000       NaN       NaN       NaN        0.000000
txt15_conveyor           3    1    0     0    2  0.333333  0.666667       NaN       NaN  0.333333  1.000000  0.500000  0.384615       50.333333
txt15_m1               160   83    0     0   77  0.518750  0.481250       NaN       NaN  0.518750  1.000000  0.683128  0.573997      205.087500
txt15_pl                 9    1    0     0    8  0.111111  0.888889       NaN       NaN  0.111111  1.000000  0.200000  0.135135       12.444444
txt16_i3                 4    0    0     0    4  0.000000  1.000000       NaN       NaN  0.000000       NaN       NaN       NaN        0.000000
txt16_conveyor           8    1    0     0    7  0.125000  0.875000       NaN       NaN  0.125000  1.000000  0.222222  0.151515       61.625000
txt16_m3                65   31    0     0   34  0.476923  0.523077       NaN       NaN  0.476923  1.000000  0.645833  0.532646      188.476923
txt16_turntable          2    0    0     0    2  0.000000  1.000000       NaN       NaN  0.000000       NaN       NaN       NaN        7.500000
txt17_i1                16    3    0     0   13  0.187500  0.812500       NaN       NaN  0.187500  1.000000  0.315789  0.223881       74.187500
txt17_pl                14    7    0     0    7  0.500000  0.500000       NaN       NaN  0.500000  1.000000  0.666667  0.555556      195.857143
txt18_pl                28    7    0     0   21  0.250000  0.750000       NaN       NaN  0.250000  1.000000  0.400000  0.294118       84.535714
txt19_i4                 6    0    0     0    6  0.000000  1.000000       NaN       NaN  0.000000       NaN       NaN       NaN       15.166667
combined              1710  136  162  1223  189  0.794737  0.581538  0.883032  0.116968  0.418462  0.456376  0.436597  0.425532       63.970760

                 #Examples   TP   FP    TN   FN       ACC       FNR       TNR       FPR       TPR      Prec        F1        F2  AVG # affected
Component                                                                                                                                      
no_failure            1385    0  162  1223    0  0.883032       NaN  0.883032  0.116968       NaN  0.000000       NaN       NaN       40.581227
txt15_i1                 5    2    0     0    3  0.400000  0.600000       NaN       NaN  0.400000  1.000000  0.571429  0.454545      192.400000
txt15_i3                 5    0    0     0    5  0.000000  1.000000       NaN       NaN  0.000000       NaN       NaN       NaN        0.000000
txt15_conveyor           3    1    0     0    2  0.333333  0.666667       NaN       NaN  0.333333  1.000000  0.500000  0.384615       50.333333
txt15_m1               160   83    0     0   77  0.518750  0.481250       NaN       NaN  0.518750  1.000000  0.683128  0.573997      205.087500
txt15_pl                 9    1    0     0    8  0.111111  0.888889       NaN       NaN  0.111111  1.000000  0.200000  0.135135       12.444444
txt16_i3                 4    0    0     0    4  0.000000  1.000000       NaN       NaN  0.000000       NaN       NaN       NaN        0.000000
txt16_conveyor           8    1    0     0    7  0.125000  0.875000       NaN       NaN  0.125000  1.000000  0.222222  0.151515       61.625000
txt16_m3                65   31    0     0   34  0.476923  0.523077       NaN       NaN  0.476923  1.000000  0.645833  0.532646      188.476923
txt16_turntable          2    0    0     0    2  0.000000  1.000000       NaN       NaN  0.000000       NaN       NaN       NaN        7.500000
txt17_i1                16    3    0     0   13  0.187500  0.812500       NaN       NaN  0.187500  1.000000  0.315789  0.223881       74.187500
txt17_pl                14    7    0     0    7  0.500000  0.500000       NaN       NaN  0.500000  1.000000  0.666667  0.555556      195.857143
txt18_pl                28    7    0     0   21  0.250000  0.750000       NaN       NaN  0.250000  1.000000  0.400000  0.294118       84.535714
txt19_i4                 6    0    0     0    6  0.000000  1.000000       NaN       NaN  0.000000       NaN       NaN       NaN       15.166667
combined              1710  136  162  1223  189  0.794737  0.581538  0.883032  0.116968  0.418462  0.456376  0.436597  0.425532       63.970760

Execution time: 3387.0619776600506
