
Dataset loaded:
Shape of training set (example, time, channels): (20812, 500, 61)
Shape of test set (example, time, channels): (3989, 500, 61)
Shape of train validation set (example, time, channels): (2313, 500, 61)
Shape of test validation set (example, time, channels): (1710, 500, 61)
Num of classes in all: 25

Creating model based on ../configuration/hyperparameter_combinations/selected/selected_5.json hyperparameter file 

Adding feature wise convolutions with 32 filters per feature, 3 kernels and 1 strides ...
Adding feature wise convolutions with 1 filters per feature, 1 kernels and 1 strides ...
Adding feature based graph attention layer ...
Adding time based graph attention layer ...
Adding GRU layer with 256 units ...
Adding GRU layer with 61 units ...
Adding dense layer to forecasting model with 512 units and ReLu activation ...
Adding dense layer to forecasting model with 256 units and ReLu activation ...
Adding last dense layer to forecasting model with 61 units and sigmoid activation ...
Adding VAE as reconstruction model with dimensions 3072 & 1536 and ...
The RBM reconstructs the output of the gru layer.

Epoch 0
	Step 0: mean loss = 1.3122
	Step 50: mean loss = 0.5133
	Step 100: mean loss = 0.3601
	Step 150: mean loss = 0.2829

	Loss on validation set after epoch 0: 0.1160

Epoch 1
	Step 0: mean loss = 0.1114
	Step 50: mean loss = 0.1102
	Step 100: mean loss = 0.1062
	Step 150: mean loss = 0.1027

	Loss on validation set after epoch 1: 0.0930

Epoch 2
	Step 0: mean loss = 0.0914
	Step 50: mean loss = 0.0895
	Step 100: mean loss = 0.0880
	Step 150: mean loss = 0.0866

	Loss on validation set after epoch 2: 0.0829

Epoch 3
	Step 0: mean loss = 0.0830
	Step 50: mean loss = 0.0800
	Step 100: mean loss = 0.0785
	Step 150: mean loss = 0.0772

	Loss on validation set after epoch 3: 0.0740

Epoch 4
	Step 0: mean loss = 0.0758
	Step 50: mean loss = 0.0722
	Step 100: mean loss = 0.0717
	Step 150: mean loss = 0.0709

	Loss on validation set after epoch 4: 0.0681

Epoch 5
	Step 0: mean loss = 0.0670
	Step 50: mean loss = 0.0667
	Step 100: mean loss = 0.0662
	Step 150: mean loss = 0.0657

	Loss on validation set after epoch 5: 0.0623

Epoch 6
	Step 0: mean loss = 0.0655
	Step 50: mean loss = 0.0620
	Step 100: mean loss = 0.0611
	Step 150: mean loss = 0.0605

	Loss on validation set after epoch 6: 0.0587

Epoch 7
	Step 0: mean loss = 0.0596
	Step 50: mean loss = 0.0575
	Step 100: mean loss = 0.0571
	Step 150: mean loss = 0.0567

	Loss on validation set after epoch 7: 0.0552

Epoch 8
	Step 0: mean loss = 0.0525
	Step 50: mean loss = 0.0542
	Step 100: mean loss = 0.0541
	Step 150: mean loss = 0.0538

	Loss on validation set after epoch 8: 0.0528

Epoch 9
	Step 0: mean loss = 0.0524
	Step 50: mean loss = 0.0522
	Step 100: mean loss = 0.0522
	Step 150: mean loss = 0.0521

	Loss on validation set after epoch 9: 0.0512

Epoch 10
	Step 0: mean loss = 0.0488
	Step 50: mean loss = 0.0510
	Step 100: mean loss = 0.0507
	Step 150: mean loss = 0.0506

	Loss on validation set after epoch 10: 0.0494

Epoch 11
	Step 0: mean loss = 0.0465
	Step 50: mean loss = 0.0494
	Step 100: mean loss = 0.0491
	Step 150: mean loss = 0.0488

	Loss on validation set after epoch 11: 0.0481

Epoch 12
	Step 0: mean loss = 0.0430
	Step 50: mean loss = 0.0455
	Step 100: mean loss = 0.0467
	Step 150: mean loss = 0.0459

	Loss on validation set after epoch 12: 0.0434

Epoch 13
	Step 0: mean loss = 0.0442
	Step 50: mean loss = 0.0429
	Step 100: mean loss = 0.0427
	Step 150: mean loss = 0.0423

	Loss on validation set after epoch 13: 0.0411

Epoch 14
	Step 0: mean loss = 0.0422
	Step 50: mean loss = 0.0405
	Step 100: mean loss = 0.0401
	Step 150: mean loss = 0.0399

	Loss on validation set after epoch 14: 0.0408

Epoch 15
	Step 0: mean loss = 0.0368
	Step 50: mean loss = 0.0383
	Step 100: mean loss = 0.0382
	Step 150: mean loss = 0.0381

	Loss on validation set after epoch 15: 0.0381

Epoch 16
	Step 0: mean loss = 0.0348
	Step 50: mean loss = 0.0367
	Step 100: mean loss = 0.0368
	Step 150: mean loss = 0.0368

	Loss on validation set after epoch 16: 0.0366

Epoch 17
	Step 0: mean loss = 0.0388
	Step 50: mean loss = 0.0359
	Step 100: mean loss = 0.0361
	Step 150: mean loss = 0.0361

	Loss on validation set after epoch 17: 0.0352

Epoch 18
	Step 0: mean loss = 0.0329
	Step 50: mean loss = 0.0352
	Step 100: mean loss = 0.0354
	Step 150: mean loss = 0.0352

	Loss on validation set after epoch 18: 0.0344

Epoch 19
	Step 0: mean loss = 0.0373
	Step 50: mean loss = 0.0342
	Step 100: mean loss = 0.0345
	Step 150: mean loss = 0.0345

	Loss on validation set after epoch 19: 0.0334

Epoch 20
	Step 0: mean loss = 0.0328
	Step 50: mean loss = 0.0344
	Step 100: mean loss = 0.0346
	Step 150: mean loss = 0.0343

	Loss on validation set after epoch 20: 0.0330

Epoch 21
	Step 0: mean loss = 0.0379
	Step 50: mean loss = 0.0331
	Step 100: mean loss = 0.0332
	Step 150: mean loss = 0.0332

	Loss on validation set after epoch 21: 0.0327

Epoch 22
	Step 0: mean loss = 0.0340
	Step 50: mean loss = 0.0325
	Step 100: mean loss = 0.0327
	Step 150: mean loss = 0.0327

	Loss on validation set after epoch 22: 0.0329

Epoch 23
	Step 0: mean loss = 0.0295
	Step 50: mean loss = 0.0326
	Step 100: mean loss = 0.0325
	Step 150: mean loss = 0.0323

	Loss on validation set after epoch 23: 0.0315

Epoch 24
	Step 0: mean loss = 0.0305
	Step 50: mean loss = 0.0316
	Step 100: mean loss = 0.0318
	Step 150: mean loss = 0.0317

	Loss on validation set after epoch 24: 0.0311

Epoch 25
	Step 0: mean loss = 0.0274
	Step 50: mean loss = 0.0310
	Step 100: mean loss = 0.0313
	Step 150: mean loss = 0.0312

	Loss on validation set after epoch 25: 0.0308

Epoch 26
	Step 0: mean loss = 0.0311
	Step 50: mean loss = 0.0311
	Step 100: mean loss = 0.0311
	Step 150: mean loss = 0.0310

	Loss on validation set after epoch 26: 0.0308

Epoch 27
	Step 0: mean loss = 0.0321
	Step 50: mean loss = 0.0323
	Step 100: mean loss = 0.0316
	Step 150: mean loss = 0.0312

	Loss on validation set after epoch 27: 0.0314

Epoch 28
	Step 0: mean loss = 0.0297
	Step 50: mean loss = 0.0302
	Step 100: mean loss = 0.0303
	Step 150: mean loss = 0.0303

	Loss on validation set after epoch 28: 0.0297

Epoch 29
	Step 0: mean loss = 0.0315
	Step 50: mean loss = 0.0297
	Step 100: mean loss = 0.0299
	Step 150: mean loss = 0.0300

	Loss on validation set after epoch 29: 0.0307

Epoch 30
	Step 0: mean loss = 0.0291
	Step 50: mean loss = 0.0295
	Step 100: mean loss = 0.0297
	Step 150: mean loss = 0.0298

	Loss on validation set after epoch 30: 0.0297

Epoch 31
	Step 0: mean loss = 0.0300
	Step 50: mean loss = 0.0291
	Step 100: mean loss = 0.0295
	Step 150: mean loss = 0.0296

	Loss on validation set after epoch 31: 0.0293

Epoch 32
	Step 0: mean loss = 0.0269
	Step 50: mean loss = 0.0291
	Step 100: mean loss = 0.0294
	Step 150: mean loss = 0.0293

	Loss on validation set after epoch 32: 0.0293

Epoch 33
	Step 0: mean loss = 0.0297
	Step 50: mean loss = 0.0291
	Step 100: mean loss = 0.0292
	Step 150: mean loss = 0.0292

	Loss on validation set after epoch 33: 0.0310

Epoch 34
	Step 0: mean loss = 0.0304
	Step 50: mean loss = 0.0287
	Step 100: mean loss = 0.0292
	Step 150: mean loss = 0.0292

	Loss on validation set after epoch 34: 0.0302

Epoch 35
	Step 0: mean loss = 0.0292
	Step 50: mean loss = 0.0287
	Step 100: mean loss = 0.0288
	Step 150: mean loss = 0.0289

	Loss on validation set after epoch 35: 0.0303

Epoch 36
	Step 0: mean loss = 0.0284
	Step 50: mean loss = 0.0285
	Step 100: mean loss = 0.0288
	Step 150: mean loss = 0.0290

	Loss on validation set after epoch 36: 0.0289

Epoch 37
	Step 0: mean loss = 0.0284
	Step 50: mean loss = 0.0284
	Step 100: mean loss = 0.0286
	Step 150: mean loss = 0.0285

	Loss on validation set after epoch 37: 0.0293

Epoch 38
	Step 0: mean loss = 0.0307
	Step 50: mean loss = 0.0283
	Step 100: mean loss = 0.0285
	Step 150: mean loss = 0.0288

	Loss on validation set after epoch 38: 0.0310

Epoch 39
	Step 0: mean loss = 0.0315
	Step 50: mean loss = 0.0289
	Step 100: mean loss = 0.0286
	Step 150: mean loss = 0.0288

	Loss on validation set after epoch 39: 0.0291

Epoch 40
	Step 0: mean loss = 0.0295
	Step 50: mean loss = 0.0280
	Step 100: mean loss = 0.0283
	Step 150: mean loss = 0.0283

	Loss on validation set after epoch 40: 0.0290

Epoch 41
	Step 0: mean loss = 0.0280
	Step 50: mean loss = 0.0280
	Step 100: mean loss = 0.0283
	Step 150: mean loss = 0.0283

	Loss on validation set after epoch 41: 0.0285

Epoch 42
	Step 0: mean loss = 0.0255
	Step 50: mean loss = 0.0278
	Step 100: mean loss = 0.0281
	Step 150: mean loss = 0.0281

	Loss on validation set after epoch 42: 0.0282

Epoch 43
	Step 0: mean loss = 0.0246
	Step 50: mean loss = 0.0279
	Step 100: mean loss = 0.0281
	Step 150: mean loss = 0.0282

	Loss on validation set after epoch 43: 0.0285

Epoch 44
	Step 0: mean loss = 0.0311
	Step 50: mean loss = 0.0280
	Step 100: mean loss = 0.0281
	Step 150: mean loss = 0.0282

	Loss on validation set after epoch 44: 0.0287

Epoch 45
	Step 0: mean loss = 0.0297
	Step 50: mean loss = 0.0277
	Step 100: mean loss = 0.0279
	Step 150: mean loss = 0.0279

	Loss on validation set after epoch 45: 0.0278

Epoch 46
	Step 0: mean loss = 0.0288
	Step 50: mean loss = 0.0277
	Step 100: mean loss = 0.0280
	Step 150: mean loss = 0.0279

	Loss on validation set after epoch 46: 0.0274

Epoch 47
	Step 0: mean loss = 0.0253
	Step 50: mean loss = 0.0276
	Step 100: mean loss = 0.0280
	Step 150: mean loss = 0.0280

	Loss on validation set after epoch 47: 0.0276

Epoch 48
	Step 0: mean loss = 0.0277
	Step 50: mean loss = 0.0273
	Step 100: mean loss = 0.0277
	Step 150: mean loss = 0.0277

	Loss on validation set after epoch 48: 0.0278

Epoch 49
	Step 0: mean loss = 0.0261
	Step 50: mean loss = 0.0274
	Step 100: mean loss = 0.0277
	Step 150: mean loss = 0.0276

	Loss on validation set after epoch 49: 0.0284

Epoch 50
	Step 0: mean loss = 0.0302
	Step 50: mean loss = 0.0278
	Step 100: mean loss = 0.0279
	Step 150: mean loss = 0.0277

	Loss on validation set after epoch 50: 0.0284

Epoch 51
	Step 0: mean loss = 0.0302
	Step 50: mean loss = 0.0273
	Step 100: mean loss = 0.0276
	Step 150: mean loss = 0.0276

	Loss on validation set after epoch 51: 0.0281

Epoch 52
	Step 0: mean loss = 0.0279
	Step 50: mean loss = 0.0271
	Step 100: mean loss = 0.0274
	Step 150: mean loss = 0.0275

	Loss on validation set after epoch 52: 0.0275

Epoch 53
	Step 0: mean loss = 0.0246
	Step 50: mean loss = 0.0270
	Step 100: mean loss = 0.0272
	Step 150: mean loss = 0.0273

	Loss on validation set after epoch 53: 0.0283

Epoch 54
	Step 0: mean loss = 0.0269
	Step 50: mean loss = 0.0269
	Step 100: mean loss = 0.0273
	Step 150: mean loss = 0.0273

	Loss on validation set after epoch 54: 0.0270

Epoch 55
	Step 0: mean loss = 0.0245
	Step 50: mean loss = 0.0275
	Step 100: mean loss = 0.0276
	Step 150: mean loss = 0.0275

	Loss on validation set after epoch 55: 0.0271

Epoch 56
	Step 0: mean loss = 0.0274
	Step 50: mean loss = 0.0266
	Step 100: mean loss = 0.0270
	Step 150: mean loss = 0.0270

	Loss on validation set after epoch 56: 0.0304

Epoch 57
	Step 0: mean loss = 0.0302
	Step 50: mean loss = 0.0272
	Step 100: mean loss = 0.0272
	Step 150: mean loss = 0.0270

	Loss on validation set after epoch 57: 0.0268

Epoch 58
	Step 0: mean loss = 0.0300
	Step 50: mean loss = 0.0266
	Step 100: mean loss = 0.0267
	Step 150: mean loss = 0.0267

	Loss on validation set after epoch 58: 0.0273

Epoch 59
	Step 0: mean loss = 0.0304
	Step 50: mean loss = 0.0267
	Step 100: mean loss = 0.0266
	Step 150: mean loss = 0.0266

	Loss on validation set after epoch 59: 0.0265

Epoch 60
	Step 0: mean loss = 0.0269
	Step 50: mean loss = 0.0261
	Step 100: mean loss = 0.0264
	Step 150: mean loss = 0.0265

	Loss on validation set after epoch 60: 0.0260

Epoch 61
	Step 0: mean loss = 0.0270
	Step 50: mean loss = 0.0258
	Step 100: mean loss = 0.0261
	Step 150: mean loss = 0.0260

	Loss on validation set after epoch 61: 0.0258

Epoch 62
	Step 0: mean loss = 0.0277
	Step 50: mean loss = 0.0253
	Step 100: mean loss = 0.0254
	Step 150: mean loss = 0.0253

	Loss on validation set after epoch 62: 0.0262

Epoch 63
	Step 0: mean loss = 0.0236
	Step 50: mean loss = 0.0243
	Step 100: mean loss = 0.0243
	Step 150: mean loss = 0.0242

	Loss on validation set after epoch 63: 0.0235

Epoch 64
	Step 0: mean loss = 0.0224
	Step 50: mean loss = 0.0233
	Step 100: mean loss = 0.0232
	Step 150: mean loss = 0.0231

	Loss on validation set after epoch 64: 0.0232

Epoch 65
	Step 0: mean loss = 0.0220
	Step 50: mean loss = 0.0222
	Step 100: mean loss = 0.0224
	Step 150: mean loss = 0.0224

	Loss on validation set after epoch 65: 0.0226

Epoch 66
	Step 0: mean loss = 0.0228
	Step 50: mean loss = 0.0223
	Step 100: mean loss = 0.0222
	Step 150: mean loss = 0.0222

	Loss on validation set after epoch 66: 0.0223

Epoch 67
	Step 0: mean loss = 0.0201
	Step 50: mean loss = 0.0223
	Step 100: mean loss = 0.0223
	Step 150: mean loss = 0.0222

	Loss on validation set after epoch 67: 0.0224

Epoch 68
	Step 0: mean loss = 0.0215
	Step 50: mean loss = 0.0213
	Step 100: mean loss = 0.0216
	Step 150: mean loss = 0.0216

	Loss on validation set after epoch 68: 0.0219

Epoch 69
	Step 0: mean loss = 0.0222
	Step 50: mean loss = 0.0212
	Step 100: mean loss = 0.0215
	Step 150: mean loss = 0.0216

	Loss on validation set after epoch 69: 0.0222

Epoch 70
	Step 0: mean loss = 0.0254
	Step 50: mean loss = 0.0212
	Step 100: mean loss = 0.0213
	Step 150: mean loss = 0.0214

	Loss on validation set after epoch 70: 0.0208

Epoch 71
	Step 0: mean loss = 0.0239
	Step 50: mean loss = 0.0207
	Step 100: mean loss = 0.0211
	Step 150: mean loss = 0.0213

	Loss on validation set after epoch 71: 0.0216

Epoch 72
	Step 0: mean loss = 0.0219
	Step 50: mean loss = 0.0206
	Step 100: mean loss = 0.0208
	Step 150: mean loss = 0.0208

	Loss on validation set after epoch 72: 0.0202

Epoch 73
	Step 0: mean loss = 0.0215
	Step 50: mean loss = 0.0200
	Step 100: mean loss = 0.0202
	Step 150: mean loss = 0.0202

	Loss on validation set after epoch 73: 0.0208

Epoch 74
	Step 0: mean loss = 0.0191
	Step 50: mean loss = 0.0201
	Step 100: mean loss = 0.0201
	Step 150: mean loss = 0.0200

	Loss on validation set after epoch 74: 0.0206

Epoch 75
	Step 0: mean loss = 0.0210
	Step 50: mean loss = 0.0195
	Step 100: mean loss = 0.0197
	Step 150: mean loss = 0.0197

	Loss on validation set after epoch 75: 0.0193

Epoch 76
	Step 0: mean loss = 0.0195
	Step 50: mean loss = 0.0194
	Step 100: mean loss = 0.0197
	Step 150: mean loss = 0.0196

	Loss on validation set after epoch 76: 0.0192

Epoch 77
	Step 0: mean loss = 0.0162
	Step 50: mean loss = 0.0193
	Step 100: mean loss = 0.0196
	Step 150: mean loss = 0.0197

	Loss on validation set after epoch 77: 0.0207

Epoch 78
	Step 0: mean loss = 0.0202
	Step 50: mean loss = 0.0192
	Step 100: mean loss = 0.0192
	Step 150: mean loss = 0.0193

	Loss on validation set after epoch 78: 0.0212

Epoch 79
	Step 0: mean loss = 0.0210
	Step 50: mean loss = 0.0191
	Step 100: mean loss = 0.0193
	Step 150: mean loss = 0.0191

	Loss on validation set after epoch 79: 0.0189

Epoch 80
	Step 0: mean loss = 0.0186
	Step 50: mean loss = 0.0185
	Step 100: mean loss = 0.0188
	Step 150: mean loss = 0.0190

	Loss on validation set after epoch 80: 0.0193

Epoch 81
	Step 0: mean loss = 0.0190
	Step 50: mean loss = 0.0189
	Step 100: mean loss = 0.0189
	Step 150: mean loss = 0.0187

	Loss on validation set after epoch 81: 0.0185

Epoch 82
	Step 0: mean loss = 0.0173
	Step 50: mean loss = 0.0184
	Step 100: mean loss = 0.0185
	Step 150: mean loss = 0.0185

	Loss on validation set after epoch 82: 0.0192

Epoch 83
	Step 0: mean loss = 0.0184
	Step 50: mean loss = 0.0183
	Step 100: mean loss = 0.0185
	Step 150: mean loss = 0.0187

	Loss on validation set after epoch 83: 0.0192

Epoch 84
	Step 0: mean loss = 0.0183
	Step 50: mean loss = 0.0183
	Step 100: mean loss = 0.0184
	Step 150: mean loss = 0.0185

	Loss on validation set after epoch 84: 0.0180

Epoch 85
	Step 0: mean loss = 0.0199
	Step 50: mean loss = 0.0181
	Step 100: mean loss = 0.0184
	Step 150: mean loss = 0.0183

	Loss on validation set after epoch 85: 0.0196

Epoch 86
	Step 0: mean loss = 0.0209
	Step 50: mean loss = 0.0179
	Step 100: mean loss = 0.0180
	Step 150: mean loss = 0.0181

	Loss on validation set after epoch 86: 0.0184

Epoch 87
	Step 0: mean loss = 0.0161
	Step 50: mean loss = 0.0177
	Step 100: mean loss = 0.0180
	Step 150: mean loss = 0.0179

	Loss on validation set after epoch 87: 0.0199

Epoch 88
	Step 0: mean loss = 0.0168
	Step 50: mean loss = 0.0184
	Step 100: mean loss = 0.0183
	Step 150: mean loss = 0.0183

	Loss on validation set after epoch 88: 0.0179

Epoch 89
	Step 0: mean loss = 0.0175
	Step 50: mean loss = 0.0175
	Step 100: mean loss = 0.0177
	Step 150: mean loss = 0.0178

	Loss on validation set after epoch 89: 0.0183

Epoch 90
	Step 0: mean loss = 0.0185
	Step 50: mean loss = 0.0174
	Step 100: mean loss = 0.0176
	Step 150: mean loss = 0.0176

	Loss on validation set after epoch 90: 0.0177

Epoch 91
	Step 0: mean loss = 0.0166
	Step 50: mean loss = 0.0172
	Step 100: mean loss = 0.0175
	Step 150: mean loss = 0.0178

	Loss on validation set after epoch 91: 0.0187

Epoch 92
	Step 0: mean loss = 0.0181
	Step 50: mean loss = 0.0174
	Step 100: mean loss = 0.0175
	Step 150: mean loss = 0.0175

	Loss on validation set after epoch 92: 0.0187

Epoch 93
	Step 0: mean loss = 0.0193
	Step 50: mean loss = 0.0172
	Step 100: mean loss = 0.0172
	Step 150: mean loss = 0.0173

	Loss on validation set after epoch 93: 0.0175

Epoch 94
	Step 0: mean loss = 0.0198
	Step 50: mean loss = 0.0171
	Step 100: mean loss = 0.0171
	Step 150: mean loss = 0.0172

	Loss on validation set after epoch 94: 0.0169

Epoch 95
	Step 0: mean loss = 0.0166
	Step 50: mean loss = 0.0171
	Step 100: mean loss = 0.0171
	Step 150: mean loss = 0.0171

	Loss on validation set after epoch 95: 0.0183

Epoch 96
	Step 0: mean loss = 0.0183
	Step 50: mean loss = 0.0168
	Step 100: mean loss = 0.0174
	Step 150: mean loss = 0.0173

	Loss on validation set after epoch 96: 0.0174

Epoch 97
	Step 0: mean loss = 0.0195
	Step 50: mean loss = 0.0169
	Step 100: mean loss = 0.0169
	Step 150: mean loss = 0.0170

	Loss on validation set after epoch 97: 0.0173

Epoch 98
	Step 0: mean loss = 0.0188
	Step 50: mean loss = 0.0171
	Step 100: mean loss = 0.0173
	Step 150: mean loss = 0.0172

	Loss on validation set after epoch 98: 0.0167

Epoch 99
	Step 0: mean loss = 0.0159
	Step 50: mean loss = 0.0164
	Step 100: mean loss = 0.0166
	Step 150: mean loss = 0.0167

	Loss on validation set after epoch 99: 0.0169

Epoch 100
	Step 0: mean loss = 0.0167
	Step 50: mean loss = 0.0165
	Step 100: mean loss = 0.0167
	Step 150: mean loss = 0.0168

	Loss on validation set after epoch 100: 0.0167

Epoch 101
	Step 0: mean loss = 0.0159
	Step 50: mean loss = 0.0164
	Step 100: mean loss = 0.0165
	Step 150: mean loss = 0.0165

	Loss on validation set after epoch 101: 0.0169

Epoch 102
	Step 0: mean loss = 0.0159
	Step 50: mean loss = 0.0165
	Step 100: mean loss = 0.0165
	Step 150: mean loss = 0.0166

	Loss on validation set after epoch 102: 0.0178

Epoch 103
	Step 0: mean loss = 0.0151
	Step 50: mean loss = 0.0164
	Step 100: mean loss = 0.0164
	Step 150: mean loss = 0.0165

	Loss on validation set after epoch 103: 0.0163

Epoch 104
	Step 0: mean loss = 0.0173
	Step 50: mean loss = 0.0172
	Step 100: mean loss = 0.0169
	Step 150: mean loss = 0.0168

	Loss on validation set after epoch 104: 0.0168

Epoch 105
	Step 0: mean loss = 0.0172
	Step 50: mean loss = 0.0160
	Step 100: mean loss = 0.0162
	Step 150: mean loss = 0.0163

	Loss on validation set after epoch 105: 0.0168

Epoch 106
	Step 0: mean loss = 0.0173
	Step 50: mean loss = 0.0160
	Step 100: mean loss = 0.0162
	Step 150: mean loss = 0.0163

	Loss on validation set after epoch 106: 0.0163

Epoch 107
	Step 0: mean loss = 0.0166
	Step 50: mean loss = 0.0164
	Step 100: mean loss = 0.0164
	Step 150: mean loss = 0.0165

	Loss on validation set after epoch 107: 0.0167

Epoch 108
	Step 0: mean loss = 0.0155
	Step 50: mean loss = 0.0161
	Step 100: mean loss = 0.0162
	Step 150: mean loss = 0.0161

	Loss on validation set after epoch 108: 0.0162

Epoch 109
	Step 0: mean loss = 0.0155
	Step 50: mean loss = 0.0160
	Step 100: mean loss = 0.0160
	Step 150: mean loss = 0.0162

	Loss on validation set after epoch 109: 0.0165

Epoch 110
	Step 0: mean loss = 0.0134
	Step 50: mean loss = 0.0157
	Step 100: mean loss = 0.0166
	Step 150: mean loss = 0.0165

	Loss on validation set after epoch 110: 0.0157

Epoch 111
	Step 0: mean loss = 0.0149
	Step 50: mean loss = 0.0156
	Step 100: mean loss = 0.0158
	Step 150: mean loss = 0.0159

	Loss on validation set after epoch 111: 0.0159

Epoch 112
	Step 0: mean loss = 0.0167
	Step 50: mean loss = 0.0157
	Step 100: mean loss = 0.0158
	Step 150: mean loss = 0.0158

	Loss on validation set after epoch 112: 0.0164

Epoch 113
	Step 0: mean loss = 0.0161
	Step 50: mean loss = 0.0157
	Step 100: mean loss = 0.0158
	Step 150: mean loss = 0.0158

	Loss on validation set after epoch 113: 0.0167

Epoch 114
	Step 0: mean loss = 0.0161
	Step 50: mean loss = 0.0161
	Step 100: mean loss = 0.0160
	Step 150: mean loss = 0.0159

	Loss on validation set after epoch 114: 0.0154

Epoch 115
	Step 0: mean loss = 0.0136
	Step 50: mean loss = 0.0155
	Step 100: mean loss = 0.0156
	Step 150: mean loss = 0.0158

	Loss on validation set after epoch 115: 0.0162

Epoch 116
	Step 0: mean loss = 0.0174
	Step 50: mean loss = 0.0153
	Step 100: mean loss = 0.0155
	Step 150: mean loss = 0.0155

	Loss on validation set after epoch 116: 0.0164

Epoch 117
	Step 0: mean loss = 0.0170
	Step 50: mean loss = 0.0153
	Step 100: mean loss = 0.0154
	Step 150: mean loss = 0.0155

	Loss on validation set after epoch 117: 0.0160

Epoch 118
	Step 0: mean loss = 0.0163
	Step 50: mean loss = 0.0152
	Step 100: mean loss = 0.0154
	Step 150: mean loss = 0.0154

	Loss on validation set after epoch 118: 0.0154

Epoch 119
	Step 0: mean loss = 0.0166
	Step 50: mean loss = 0.0161
	Step 100: mean loss = 0.0160
	Step 150: mean loss = 0.0159

	Loss on validation set after epoch 119: 0.0157

Epoch 120
	Step 0: mean loss = 0.0160
	Step 50: mean loss = 0.0151
	Step 100: mean loss = 0.0152
	Step 150: mean loss = 0.0153

	Loss on validation set after epoch 120: 0.0158

Epoch 121
	Step 0: mean loss = 0.0166
	Step 50: mean loss = 0.0150
	Step 100: mean loss = 0.0153
	Step 150: mean loss = 0.0153

	Loss on validation set after epoch 121: 0.0161

Epoch 122
	Step 0: mean loss = 0.0150
	Step 50: mean loss = 0.0151
	Step 100: mean loss = 0.0151
	Step 150: mean loss = 0.0151

	Loss on validation set after epoch 122: 0.0152

Epoch 123
	Step 0: mean loss = 0.0173
	Step 50: mean loss = 0.0151
	Step 100: mean loss = 0.0155
	Step 150: mean loss = 0.0154

	Loss on validation set after epoch 123: 0.0161

Epoch 124
	Step 0: mean loss = 0.0158
	Step 50: mean loss = 0.0153
	Step 100: mean loss = 0.0156
	Step 150: mean loss = 0.0156

	Loss on validation set after epoch 124: 0.0155

Epoch 125
	Step 0: mean loss = 0.0176
	Step 50: mean loss = 0.0150
	Step 100: mean loss = 0.0150
	Step 150: mean loss = 0.0150

	Loss on validation set after epoch 125: 0.0150

Epoch 126
	Step 0: mean loss = 0.0129
	Step 50: mean loss = 0.0147
	Step 100: mean loss = 0.0149
	Step 150: mean loss = 0.0149

	Loss on validation set after epoch 126: 0.0154

Epoch 127
	Step 0: mean loss = 0.0169
	Step 50: mean loss = 0.0148
	Step 100: mean loss = 0.0156
	Step 150: mean loss = 0.0154

	Loss on validation set after epoch 127: 0.0153

Epoch 128
	Step 0: mean loss = 0.0143
	Step 50: mean loss = 0.0149
	Step 100: mean loss = 0.0150
	Step 150: mean loss = 0.0150

	Loss on validation set after epoch 128: 0.0154

Epoch 129
	Step 0: mean loss = 0.0192
	Step 50: mean loss = 0.0149
	Step 100: mean loss = 0.0152
	Step 150: mean loss = 0.0151

	Loss on validation set after epoch 129: 0.0153

Epoch 130
	Step 0: mean loss = 0.0171
	Step 50: mean loss = 0.0149
	Step 100: mean loss = 0.0149
	Step 150: mean loss = 0.0149

	Loss on validation set after epoch 130: 0.0150

Epoch 131
	Step 0: mean loss = 0.0130
	Step 50: mean loss = 0.0145
	Step 100: mean loss = 0.0147
	Step 150: mean loss = 0.0148

	Loss on validation set after epoch 131: 0.0149

Epoch 132
	Step 0: mean loss = 0.0130
	Step 50: mean loss = 0.0146
	Step 100: mean loss = 0.0147
	Step 150: mean loss = 0.0148

	Loss on validation set after epoch 132: 0.0154

Epoch 133
	Step 0: mean loss = 0.0160
	Step 50: mean loss = 0.0149
	Step 100: mean loss = 0.0148
	Step 150: mean loss = 0.0149

	Loss on validation set after epoch 133: 0.0148

Epoch 134
	Step 0: mean loss = 0.0149
	Step 50: mean loss = 0.0144
	Step 100: mean loss = 0.0146
	Step 150: mean loss = 0.0148

	Loss on validation set after epoch 134: 0.0147

Epoch 135
	Step 0: mean loss = 0.0129
	Step 50: mean loss = 0.0142
	Step 100: mean loss = 0.0145
	Step 150: mean loss = 0.0146

	Loss on validation set after epoch 135: 0.0150

Epoch 136
	Step 0: mean loss = 0.0161
	Step 50: mean loss = 0.0145
	Step 100: mean loss = 0.0146
	Step 150: mean loss = 0.0148

	Loss on validation set after epoch 136: 0.0144

Epoch 137
	Step 0: mean loss = 0.0138
	Step 50: mean loss = 0.0144
	Step 100: mean loss = 0.0146
	Step 150: mean loss = 0.0146

	Loss on validation set after epoch 137: 0.0152

Epoch 138
	Step 0: mean loss = 0.0132
	Step 50: mean loss = 0.0144
	Step 100: mean loss = 0.0145
	Step 150: mean loss = 0.0146

	Loss on validation set after epoch 138: 0.0149

Epoch 139
	Step 0: mean loss = 0.0155
	Step 50: mean loss = 0.0142
	Step 100: mean loss = 0.0145
	Step 150: mean loss = 0.0145

	Loss on validation set after epoch 139: 0.0158

Epoch 140
	Step 0: mean loss = 0.0151
	Step 50: mean loss = 0.0145
	Step 100: mean loss = 0.0146
	Step 150: mean loss = 0.0146

	Loss on validation set after epoch 140: 0.0152

Epoch 141
	Step 0: mean loss = 0.0153
	Step 50: mean loss = 0.0143
	Step 100: mean loss = 0.0144
	Step 150: mean loss = 0.0144

	Loss on validation set after epoch 141: 0.0146

Epoch 142
	Step 0: mean loss = 0.0153
	Step 50: mean loss = 0.0142
	Step 100: mean loss = 0.0144
	Step 150: mean loss = 0.0144

	Loss on validation set after epoch 142: 0.0153

Epoch 143
	Step 0: mean loss = 0.0139
	Step 50: mean loss = 0.0142
	Step 100: mean loss = 0.0144
	Step 150: mean loss = 0.0145

	Loss on validation set after epoch 143: 0.0154

Epoch 144
	Step 0: mean loss = 0.0119
	Step 50: mean loss = 0.0140
	Step 100: mean loss = 0.0141
	Step 150: mean loss = 0.0142

	Loss on validation set after epoch 144: 0.0147

Epoch 145
	Step 0: mean loss = 0.0153
	Step 50: mean loss = 0.0139
	Step 100: mean loss = 0.0142
	Step 150: mean loss = 0.0142

	Loss on validation set after epoch 145: 0.0148

Epoch 146
	Step 0: mean loss = 0.0121
	Step 50: mean loss = 0.0142
	Step 100: mean loss = 0.0143
	Step 150: mean loss = 0.0143

	Loss on validation set after epoch 146: 0.0147

Model from epoch 136 was selected by early stopping.
Training process will be stopped now.
Deleted temporary files in ../data/trained_models/temp_01-09-09-30-50/
Location of saved model: ../data/trained_models/selected_5_01-09-09-30-50/ 

Adding feature wise convolutions with 32 filters per feature, 3 kernels and 1 strides ...
Adding feature wise convolutions with 1 filters per feature, 1 kernels and 1 strides ...
Adding feature based graph attention layer ...
Adding time based graph attention layer ...
Adding GRU layer with 256 units ...
Adding GRU layer with 61 units ...
Adding dense layer to forecasting model with 512 units and ReLu activation ...
Adding dense layer to forecasting model with 256 units and ReLu activation ...
Adding last dense layer to forecasting model with 61 units and sigmoid activation ...
Adding VAE as reconstruction model with dimensions 3072 & 1536 and ...
The RBM reconstructs the output of the gru layer.

Grid search running in AD and FPD selection mode.
The following hyperparameters will not be evaluated:
si_mode
si_parameter

Testing 13200 combinations via grid search 
for model selected_5_01-09-09-30-50/ on the validation dataset. 


Top 50 combinations tested:
       gamma  single_timestamp_a.. affected_timestamp..  unaffected_compone..                         relevance_mapping     AD F1     AD F2    AD TPR   AD Prec    AD ACC    AD TNR    AD FPR  SI/ST AVG-HR@100%  SI/ST AVG-HR@150%  SI/ST AVG-HR@K  SI/ST F1  SI/ST TPR  SI/ST ACC
Comb                                                                                                                                                                                                                                                                               
10720    0.4                  0.27                  120                  0.05  {'h': 1.0, 'm': 1.0, 'l': 1.0, 'e': 0.0}  0.528256  0.600894  0.661538  0.439673  0.775439  0.802166  0.197834           0.416298           0.482056        0.310769  0.138462   0.138462   0.867456
10721    0.4                  0.27                  120                  0.05  {'h': 1.0, 'm': 1.0, 'l': 0.0, 'e': 0.0}  0.528256  0.600894  0.661538  0.439673  0.775439  0.802166  0.197834           0.416298           0.482056        0.246154  0.132308   0.132308   0.866509
10722    0.4                  0.27                  120                  0.05  {'h': 1.0, 'm': 0.0, 'l': 0.0, 'e': 0.0}  0.528256  0.600894  0.661538  0.439673  0.775439  0.802166  0.197834           0.416298           0.482056        0.267692  0.156923   0.156923   0.870296
10723    0.4                  0.27                  120                  0.05  {'h': 1.0, 'm': 0.5, 'l': 0.0, 'e': 0.0}  0.528256  0.600894  0.661538  0.439673  0.775439  0.802166  0.197834           0.416298           0.482056        0.387692  0.147692   0.147692   0.868876
10724    0.4                  0.27                  120                  0.05  {'h': 1.0, 'm': 0.5, 'l': 0.3, 'e': 0.3}  0.528256  0.600894  0.661538  0.439673  0.775439  0.802166  0.197834           0.416298           0.482056        0.320000  0.169231   0.169231   0.872189
10725    0.4                  0.27                  120                  0.05  {'h': 1.0, 'm': 0.5, 'l': 0.3, 'e': 0.0}  0.528256  0.600894  0.661538  0.439673  0.775439  0.802166  0.197834           0.416298           0.482056        0.372308  0.150769   0.150769   0.869349
10726    0.4                  0.27                  120                  0.05  {'h': 0.5, 'm': 1.0, 'l': 0.0, 'e': 0.0}  0.528256  0.600894  0.661538  0.439673  0.775439  0.802166  0.197834           0.416298           0.482056        0.243077  0.067692   0.067692   0.856568
10727    0.4                  0.27                  120                  0.05  {'h': 0.5, 'm': 1.0, 'l': 0.3, 'e': 0.0}  0.528256  0.600894  0.661538  0.439673  0.775439  0.802166  0.197834           0.416298           0.482056        0.270769  0.061538   0.061538   0.855621
10728    0.4                  0.27                  120                  0.10  {'h': 1.0, 'm': 1.0, 'l': 1.0, 'e': 0.0}  0.528256  0.600894  0.661538  0.439673  0.775439  0.802166  0.197834           0.416298           0.482056        0.310769  0.138462   0.138462   0.867456
10729    0.4                  0.27                  120                  0.10  {'h': 1.0, 'm': 1.0, 'l': 0.0, 'e': 0.0}  0.528256  0.600894  0.661538  0.439673  0.775439  0.802166  0.197834           0.416298           0.482056        0.246154  0.132308   0.132308   0.866509
10730    0.4                  0.27                  120                  0.10  {'h': 1.0, 'm': 0.0, 'l': 0.0, 'e': 0.0}  0.528256  0.600894  0.661538  0.439673  0.775439  0.802166  0.197834           0.416298           0.482056        0.267692  0.156923   0.156923   0.870296
10731    0.4                  0.27                  120                  0.10  {'h': 1.0, 'm': 0.5, 'l': 0.0, 'e': 0.0}  0.528256  0.600894  0.661538  0.439673  0.775439  0.802166  0.197834           0.416298           0.482056        0.387692  0.147692   0.147692   0.868876
10732    0.4                  0.27                  120                  0.10  {'h': 1.0, 'm': 0.5, 'l': 0.3, 'e': 0.3}  0.528256  0.600894  0.661538  0.439673  0.775439  0.802166  0.197834           0.416298           0.482056        0.320000  0.169231   0.169231   0.872189
10733    0.4                  0.27                  120                  0.10  {'h': 1.0, 'm': 0.5, 'l': 0.3, 'e': 0.0}  0.528256  0.600894  0.661538  0.439673  0.775439  0.802166  0.197834           0.416298           0.482056        0.372308  0.150769   0.150769   0.869349
10734    0.4                  0.27                  120                  0.10  {'h': 0.5, 'm': 1.0, 'l': 0.0, 'e': 0.0}  0.528256  0.600894  0.661538  0.439673  0.775439  0.802166  0.197834           0.416298           0.482056        0.243077  0.067692   0.067692   0.856568
10735    0.4                  0.27                  120                  0.10  {'h': 0.5, 'm': 1.0, 'l': 0.3, 'e': 0.0}  0.528256  0.600894  0.661538  0.439673  0.775439  0.802166  0.197834           0.416298           0.482056        0.270769  0.061538   0.061538   0.855621
10736    0.4                  0.27                  120                  0.15  {'h': 1.0, 'm': 1.0, 'l': 1.0, 'e': 0.0}  0.528256  0.600894  0.661538  0.439673  0.775439  0.802166  0.197834           0.416298           0.482056        0.310769  0.138462   0.138462   0.867456
10737    0.4                  0.27                  120                  0.15  {'h': 1.0, 'm': 1.0, 'l': 0.0, 'e': 0.0}  0.528256  0.600894  0.661538  0.439673  0.775439  0.802166  0.197834           0.416298           0.482056        0.246154  0.132308   0.132308   0.866509
10738    0.4                  0.27                  120                  0.15  {'h': 1.0, 'm': 0.0, 'l': 0.0, 'e': 0.0}  0.528256  0.600894  0.661538  0.439673  0.775439  0.802166  0.197834           0.416298           0.482056        0.267692  0.156923   0.156923   0.870296
10739    0.4                  0.27                  120                  0.15  {'h': 1.0, 'm': 0.5, 'l': 0.0, 'e': 0.0}  0.528256  0.600894  0.661538  0.439673  0.775439  0.802166  0.197834           0.416298           0.482056        0.387692  0.147692   0.147692   0.868876
10740    0.4                  0.27                  120                  0.15  {'h': 1.0, 'm': 0.5, 'l': 0.3, 'e': 0.3}  0.528256  0.600894  0.661538  0.439673  0.775439  0.802166  0.197834           0.416298           0.482056        0.320000  0.169231   0.169231   0.872189
10741    0.4                  0.27                  120                  0.15  {'h': 1.0, 'm': 0.5, 'l': 0.3, 'e': 0.0}  0.528256  0.600894  0.661538  0.439673  0.775439  0.802166  0.197834           0.416298           0.482056        0.372308  0.150769   0.150769   0.869349
10742    0.4                  0.27                  120                  0.15  {'h': 0.5, 'm': 1.0, 'l': 0.0, 'e': 0.0}  0.528256  0.600894  0.661538  0.439673  0.775439  0.802166  0.197834           0.416298           0.482056        0.243077  0.067692   0.067692   0.856568
10743    0.4                  0.27                  120                  0.15  {'h': 0.5, 'm': 1.0, 'l': 0.3, 'e': 0.0}  0.528256  0.600894  0.661538  0.439673  0.775439  0.802166  0.197834           0.416298           0.482056        0.270769  0.061538   0.061538   0.855621
10744    0.4                  0.27                  120                  0.20  {'h': 1.0, 'm': 1.0, 'l': 1.0, 'e': 0.0}  0.528256  0.600894  0.661538  0.439673  0.775439  0.802166  0.197834           0.416298           0.482056        0.310769  0.138462   0.138462   0.867456
10745    0.4                  0.27                  120                  0.20  {'h': 1.0, 'm': 1.0, 'l': 0.0, 'e': 0.0}  0.528256  0.600894  0.661538  0.439673  0.775439  0.802166  0.197834           0.416298           0.482056        0.246154  0.132308   0.132308   0.866509
10746    0.4                  0.27                  120                  0.20  {'h': 1.0, 'm': 0.0, 'l': 0.0, 'e': 0.0}  0.528256  0.600894  0.661538  0.439673  0.775439  0.802166  0.197834           0.416298           0.482056        0.267692  0.156923   0.156923   0.870296
10747    0.4                  0.27                  120                  0.20  {'h': 1.0, 'm': 0.5, 'l': 0.0, 'e': 0.0}  0.528256  0.600894  0.661538  0.439673  0.775439  0.802166  0.197834           0.416298           0.482056        0.387692  0.147692   0.147692   0.868876
10748    0.4                  0.27                  120                  0.20  {'h': 1.0, 'm': 0.5, 'l': 0.3, 'e': 0.3}  0.528256  0.600894  0.661538  0.439673  0.775439  0.802166  0.197834           0.416298           0.482056        0.320000  0.169231   0.169231   0.872189
10749    0.4                  0.27                  120                  0.20  {'h': 1.0, 'm': 0.5, 'l': 0.3, 'e': 0.0}  0.528256  0.600894  0.661538  0.439673  0.775439  0.802166  0.197834           0.416298           0.482056        0.372308  0.150769   0.150769   0.869349
10750    0.4                  0.27                  120                  0.20  {'h': 0.5, 'm': 1.0, 'l': 0.0, 'e': 0.0}  0.528256  0.600894  0.661538  0.439673  0.775439  0.802166  0.197834           0.416298           0.482056        0.243077  0.067692   0.067692   0.856568
10751    0.4                  0.27                  120                  0.20  {'h': 0.5, 'm': 1.0, 'l': 0.3, 'e': 0.0}  0.528256  0.600894  0.661538  0.439673  0.775439  0.802166  0.197834           0.416298           0.482056        0.270769  0.061538   0.061538   0.855621
10752    0.4                  0.27                  120                  0.25  {'h': 1.0, 'm': 1.0, 'l': 1.0, 'e': 0.0}  0.528256  0.600894  0.661538  0.439673  0.775439  0.802166  0.197834           0.416298           0.482056        0.310769  0.138462   0.138462   0.867456
10753    0.4                  0.27                  120                  0.25  {'h': 1.0, 'm': 1.0, 'l': 0.0, 'e': 0.0}  0.528256  0.600894  0.661538  0.439673  0.775439  0.802166  0.197834           0.416298           0.482056        0.246154  0.132308   0.132308   0.866509
10754    0.4                  0.27                  120                  0.25  {'h': 1.0, 'm': 0.0, 'l': 0.0, 'e': 0.0}  0.528256  0.600894  0.661538  0.439673  0.775439  0.802166  0.197834           0.416298           0.482056        0.267692  0.156923   0.156923   0.870296
10755    0.4                  0.27                  120                  0.25  {'h': 1.0, 'm': 0.5, 'l': 0.0, 'e': 0.0}  0.528256  0.600894  0.661538  0.439673  0.775439  0.802166  0.197834           0.416298           0.482056        0.387692  0.147692   0.147692   0.868876
10756    0.4                  0.27                  120                  0.25  {'h': 1.0, 'm': 0.5, 'l': 0.3, 'e': 0.3}  0.528256  0.600894  0.661538  0.439673  0.775439  0.802166  0.197834           0.416298           0.482056        0.320000  0.169231   0.169231   0.872189
10757    0.4                  0.27                  120                  0.25  {'h': 1.0, 'm': 0.5, 'l': 0.3, 'e': 0.0}  0.528256  0.600894  0.661538  0.439673  0.775439  0.802166  0.197834           0.416298           0.482056        0.372308  0.150769   0.150769   0.869349
10758    0.4                  0.27                  120                  0.25  {'h': 0.5, 'm': 1.0, 'l': 0.0, 'e': 0.0}  0.528256  0.600894  0.661538  0.439673  0.775439  0.802166  0.197834           0.416298           0.482056        0.243077  0.067692   0.067692   0.856568
10759    0.4                  0.27                  120                  0.25  {'h': 0.5, 'm': 1.0, 'l': 0.3, 'e': 0.0}  0.528256  0.600894  0.661538  0.439673  0.775439  0.802166  0.197834           0.416298           0.482056        0.270769  0.061538   0.061538   0.855621
10760    0.4                  0.27                  140                  0.05  {'h': 1.0, 'm': 1.0, 'l': 1.0, 'e': 0.0}  0.526841  0.594032  0.649231  0.443277  0.778363  0.808664  0.191336           0.416298           0.482056        0.310769  0.138462   0.138462   0.867456
10761    0.4                  0.27                  140                  0.05  {'h': 1.0, 'm': 1.0, 'l': 0.0, 'e': 0.0}  0.526841  0.594032  0.649231  0.443277  0.778363  0.808664  0.191336           0.416298           0.482056        0.246154  0.132308   0.132308   0.866509
10762    0.4                  0.27                  140                  0.05  {'h': 1.0, 'm': 0.0, 'l': 0.0, 'e': 0.0}  0.526841  0.594032  0.649231  0.443277  0.778363  0.808664  0.191336           0.416298           0.482056        0.267692  0.156923   0.156923   0.870296
10763    0.4                  0.27                  140                  0.05  {'h': 1.0, 'm': 0.5, 'l': 0.0, 'e': 0.0}  0.526841  0.594032  0.649231  0.443277  0.778363  0.808664  0.191336           0.416298           0.482056        0.387692  0.147692   0.147692   0.868876
10764    0.4                  0.27                  140                  0.05  {'h': 1.0, 'm': 0.5, 'l': 0.3, 'e': 0.3}  0.526841  0.594032  0.649231  0.443277  0.778363  0.808664  0.191336           0.416298           0.482056        0.320000  0.169231   0.169231   0.872189
10765    0.4                  0.27                  140                  0.05  {'h': 1.0, 'm': 0.5, 'l': 0.3, 'e': 0.0}  0.526841  0.594032  0.649231  0.443277  0.778363  0.808664  0.191336           0.416298           0.482056        0.372308  0.150769   0.150769   0.869349
10766    0.4                  0.27                  140                  0.05  {'h': 0.5, 'm': 1.0, 'l': 0.0, 'e': 0.0}  0.526841  0.594032  0.649231  0.443277  0.778363  0.808664  0.191336           0.416298           0.482056        0.243077  0.067692   0.067692   0.856568
10767    0.4                  0.27                  140                  0.05  {'h': 0.5, 'm': 1.0, 'l': 0.3, 'e': 0.0}  0.526841  0.594032  0.649231  0.443277  0.778363  0.808664  0.191336           0.416298           0.482056        0.270769  0.061538   0.061538   0.855621
10768    0.4                  0.27                  140                  0.10  {'h': 1.0, 'm': 1.0, 'l': 1.0, 'e': 0.0}  0.526841  0.594032  0.649231  0.443277  0.778363  0.808664  0.191336           0.416298           0.482056        0.310769  0.138462   0.138462   0.867456
10769    0.4                  0.27                  140                  0.10  {'h': 1.0, 'm': 1.0, 'l': 0.0, 'e': 0.0}  0.526841  0.594032  0.649231  0.443277  0.778363  0.808664  0.191336           0.416298           0.482056        0.246154  0.132308   0.132308   0.866509
10770    0.4                  0.27                  140                  0.10  {'h': 1.0, 'm': 0.0, 'l': 0.0, 'e': 0.0}  0.526841  0.594032  0.649231  0.443277  0.778363  0.808664  0.191336           0.416298           0.482056        0.267692  0.156923   0.156923   0.870296
10771    0.4                  0.27                  140                  0.10  {'h': 1.0, 'm': 0.5, 'l': 0.0, 'e': 0.0}  0.526841  0.594032  0.649231  0.443277  0.778363  0.808664  0.191336           0.416298           0.482056        0.387692  0.147692   0.147692   0.868876
10772    0.4                  0.27                  140                  0.10  {'h': 1.0, 'm': 0.5, 'l': 0.3, 'e': 0.3}  0.526841  0.594032  0.649231  0.443277  0.778363  0.808664  0.191336           0.416298           0.482056        0.320000  0.169231   0.169231   0.872189
10773    0.4                  0.27                  140                  0.10  {'h': 1.0, 'm': 0.5, 'l': 0.3, 'e': 0.0}  0.526841  0.594032  0.649231  0.443277  0.778363  0.808664  0.191336           0.416298           0.482056        0.372308  0.150769   0.150769   0.869349
10774    0.4                  0.27                  140                  0.10  {'h': 0.5, 'm': 1.0, 'l': 0.0, 'e': 0.0}  0.526841  0.594032  0.649231  0.443277  0.778363  0.808664  0.191336           0.416298           0.482056        0.243077  0.067692   0.067692   0.856568
10775    0.4                  0.27                  140                  0.10  {'h': 0.5, 'm': 1.0, 'l': 0.3, 'e': 0.0}  0.526841  0.594032  0.649231  0.443277  0.778363  0.808664  0.191336           0.416298           0.482056        0.270769  0.061538   0.061538   0.855621
10776    0.4                  0.27                  140                  0.15  {'h': 1.0, 'm': 1.0, 'l': 1.0, 'e': 0.0}  0.526841  0.594032  0.649231  0.443277  0.778363  0.808664  0.191336           0.416298           0.482056        0.310769  0.138462   0.138462   0.867456
10777    0.4                  0.27                  140                  0.15  {'h': 1.0, 'm': 1.0, 'l': 0.0, 'e': 0.0}  0.526841  0.594032  0.649231  0.443277  0.778363  0.808664  0.191336           0.416298           0.482056        0.246154  0.132308   0.132308   0.866509
10778    0.4                  0.27                  140                  0.15  {'h': 1.0, 'm': 0.0, 'l': 0.0, 'e': 0.0}  0.526841  0.594032  0.649231  0.443277  0.778363  0.808664  0.191336           0.416298           0.482056        0.267692  0.156923   0.156923   0.870296
10779    0.4                  0.27                  140                  0.15  {'h': 1.0, 'm': 0.5, 'l': 0.0, 'e': 0.0}  0.526841  0.594032  0.649231  0.443277  0.778363  0.808664  0.191336           0.416298           0.482056        0.387692  0.147692   0.147692   0.868876
10780    0.4                  0.27                  140                  0.15  {'h': 1.0, 'm': 0.5, 'l': 0.3, 'e': 0.3}  0.526841  0.594032  0.649231  0.443277  0.778363  0.808664  0.191336           0.416298           0.482056        0.320000  0.169231   0.169231   0.872189
10781    0.4                  0.27                  140                  0.15  {'h': 1.0, 'm': 0.5, 'l': 0.3, 'e': 0.0}  0.526841  0.594032  0.649231  0.443277  0.778363  0.808664  0.191336           0.416298           0.482056        0.372308  0.150769   0.150769   0.869349
10782    0.4                  0.27                  140                  0.15  {'h': 0.5, 'm': 1.0, 'l': 0.0, 'e': 0.0}  0.526841  0.594032  0.649231  0.443277  0.778363  0.808664  0.191336           0.416298           0.482056        0.243077  0.067692   0.067692   0.856568
10783    0.4                  0.27                  140                  0.15  {'h': 0.5, 'm': 1.0, 'l': 0.3, 'e': 0.0}  0.526841  0.594032  0.649231  0.443277  0.778363  0.808664  0.191336           0.416298           0.482056        0.270769  0.061538   0.061538   0.855621
10784    0.4                  0.27                  140                  0.20  {'h': 1.0, 'm': 1.0, 'l': 1.0, 'e': 0.0}  0.526841  0.594032  0.649231  0.443277  0.778363  0.808664  0.191336           0.416298           0.482056        0.310769  0.138462   0.138462   0.867456
10785    0.4                  0.27                  140                  0.20  {'h': 1.0, 'm': 1.0, 'l': 0.0, 'e': 0.0}  0.526841  0.594032  0.649231  0.443277  0.778363  0.808664  0.191336           0.416298           0.482056        0.246154  0.132308   0.132308   0.866509
10786    0.4                  0.27                  140                  0.20  {'h': 1.0, 'm': 0.0, 'l': 0.0, 'e': 0.0}  0.526841  0.594032  0.649231  0.443277  0.778363  0.808664  0.191336           0.416298           0.482056        0.267692  0.156923   0.156923   0.870296
10787    0.4                  0.27                  140                  0.20  {'h': 1.0, 'm': 0.5, 'l': 0.0, 'e': 0.0}  0.526841  0.594032  0.649231  0.443277  0.778363  0.808664  0.191336           0.416298           0.482056        0.387692  0.147692   0.147692   0.868876
10788    0.4                  0.27                  140                  0.20  {'h': 1.0, 'm': 0.5, 'l': 0.3, 'e': 0.3}  0.526841  0.594032  0.649231  0.443277  0.778363  0.808664  0.191336           0.416298           0.482056        0.320000  0.169231   0.169231   0.872189
10789    0.4                  0.27                  140                  0.20  {'h': 1.0, 'm': 0.5, 'l': 0.3, 'e': 0.0}  0.526841  0.594032  0.649231  0.443277  0.778363  0.808664  0.191336           0.416298           0.482056        0.372308  0.150769   0.150769   0.869349
10790    0.4                  0.27                  140                  0.20  {'h': 0.5, 'm': 1.0, 'l': 0.0, 'e': 0.0}  0.526841  0.594032  0.649231  0.443277  0.778363  0.808664  0.191336           0.416298           0.482056        0.243077  0.067692   0.067692   0.856568
10791    0.4                  0.27                  140                  0.20  {'h': 0.5, 'm': 1.0, 'l': 0.3, 'e': 0.0}  0.526841  0.594032  0.649231  0.443277  0.778363  0.808664  0.191336           0.416298           0.482056        0.270769  0.061538   0.061538   0.855621
10792    0.4                  0.27                  140                  0.25  {'h': 1.0, 'm': 1.0, 'l': 1.0, 'e': 0.0}  0.526841  0.594032  0.649231  0.443277  0.778363  0.808664  0.191336           0.416298           0.482056        0.310769  0.138462   0.138462   0.867456
10793    0.4                  0.27                  140                  0.25  {'h': 1.0, 'm': 1.0, 'l': 0.0, 'e': 0.0}  0.526841  0.594032  0.649231  0.443277  0.778363  0.808664  0.191336           0.416298           0.482056        0.246154  0.132308   0.132308   0.866509
10794    0.4                  0.27                  140                  0.25  {'h': 1.0, 'm': 0.0, 'l': 0.0, 'e': 0.0}  0.526841  0.594032  0.649231  0.443277  0.778363  0.808664  0.191336           0.416298           0.482056        0.267692  0.156923   0.156923   0.870296
10795    0.4                  0.27                  140                  0.25  {'h': 1.0, 'm': 0.5, 'l': 0.0, 'e': 0.0}  0.526841  0.594032  0.649231  0.443277  0.778363  0.808664  0.191336           0.416298           0.482056        0.387692  0.147692   0.147692   0.868876
10796    0.4                  0.27                  140                  0.25  {'h': 1.0, 'm': 0.5, 'l': 0.3, 'e': 0.3}  0.526841  0.594032  0.649231  0.443277  0.778363  0.808664  0.191336           0.416298           0.482056        0.320000  0.169231   0.169231   0.872189
10797    0.4                  0.27                  140                  0.25  {'h': 1.0, 'm': 0.5, 'l': 0.3, 'e': 0.0}  0.526841  0.594032  0.649231  0.443277  0.778363  0.808664  0.191336           0.416298           0.482056        0.372308  0.150769   0.150769   0.869349
10798    0.4                  0.27                  140                  0.25  {'h': 0.5, 'm': 1.0, 'l': 0.0, 'e': 0.0}  0.526841  0.594032  0.649231  0.443277  0.778363  0.808664  0.191336           0.416298           0.482056        0.243077  0.067692   0.067692   0.856568
10799    0.4                  0.27                  140                  0.25  {'h': 0.5, 'm': 1.0, 'l': 0.3, 'e': 0.0}  0.526841  0.594032  0.649231  0.443277  0.778363  0.808664  0.191336           0.416298           0.482056        0.270769  0.061538   0.061538   0.855621
10640    0.4                  0.27                  105                  0.05  {'h': 1.0, 'm': 1.0, 'l': 1.0, 'e': 0.0}  0.525687  0.607064  0.676923  0.429688  0.767836  0.789170  0.210830           0.416298           0.482056        0.310769  0.138462   0.138462   0.867456
10641    0.4                  0.27                  105                  0.05  {'h': 1.0, 'm': 1.0, 'l': 0.0, 'e': 0.0}  0.525687  0.607064  0.676923  0.429688  0.767836  0.789170  0.210830           0.416298           0.482056        0.246154  0.132308   0.132308   0.866509
10642    0.4                  0.27                  105                  0.05  {'h': 1.0, 'm': 0.0, 'l': 0.0, 'e': 0.0}  0.525687  0.607064  0.676923  0.429688  0.767836  0.789170  0.210830           0.416298           0.482056        0.267692  0.156923   0.156923   0.870296
10643    0.4                  0.27                  105                  0.05  {'h': 1.0, 'm': 0.5, 'l': 0.0, 'e': 0.0}  0.525687  0.607064  0.676923  0.429688  0.767836  0.789170  0.210830           0.416298           0.482056        0.387692  0.147692   0.147692   0.868876
10644    0.4                  0.27                  105                  0.05  {'h': 1.0, 'm': 0.5, 'l': 0.3, 'e': 0.3}  0.525687  0.607064  0.676923  0.429688  0.767836  0.789170  0.210830           0.416298           0.482056        0.320000  0.169231   0.169231   0.872189
10645    0.4                  0.27                  105                  0.05  {'h': 1.0, 'm': 0.5, 'l': 0.3, 'e': 0.0}  0.525687  0.607064  0.676923  0.429688  0.767836  0.789170  0.210830           0.416298           0.482056        0.372308  0.150769   0.150769   0.869349
10646    0.4                  0.27                  105                  0.05  {'h': 0.5, 'm': 1.0, 'l': 0.0, 'e': 0.0}  0.525687  0.607064  0.676923  0.429688  0.767836  0.789170  0.210830           0.416298           0.482056        0.243077  0.067692   0.067692   0.856568
10647    0.4                  0.27                  105                  0.05  {'h': 0.5, 'm': 1.0, 'l': 0.3, 'e': 0.0}  0.525687  0.607064  0.676923  0.429688  0.767836  0.789170  0.210830           0.416298           0.482056        0.270769  0.061538   0.061538   0.855621
10648    0.4                  0.27                  105                  0.10  {'h': 1.0, 'm': 1.0, 'l': 1.0, 'e': 0.0}  0.525687  0.607064  0.676923  0.429688  0.767836  0.789170  0.210830           0.416298           0.482056        0.310769  0.138462   0.138462   0.867456
10649    0.4                  0.27                  105                  0.10  {'h': 1.0, 'm': 1.0, 'l': 0.0, 'e': 0.0}  0.525687  0.607064  0.676923  0.429688  0.767836  0.789170  0.210830           0.416298           0.482056        0.246154  0.132308   0.132308   0.866509
10650    0.4                  0.27                  105                  0.10  {'h': 1.0, 'm': 0.0, 'l': 0.0, 'e': 0.0}  0.525687  0.607064  0.676923  0.429688  0.767836  0.789170  0.210830           0.416298           0.482056        0.267692  0.156923   0.156923   0.870296
10651    0.4                  0.27                  105                  0.10  {'h': 1.0, 'm': 0.5, 'l': 0.0, 'e': 0.0}  0.525687  0.607064  0.676923  0.429688  0.767836  0.789170  0.210830           0.416298           0.482056        0.387692  0.147692   0.147692   0.868876
10652    0.4                  0.27                  105                  0.10  {'h': 1.0, 'm': 0.5, 'l': 0.3, 'e': 0.3}  0.525687  0.607064  0.676923  0.429688  0.767836  0.789170  0.210830           0.416298           0.482056        0.320000  0.169231   0.169231   0.872189
10653    0.4                  0.27                  105                  0.10  {'h': 1.0, 'm': 0.5, 'l': 0.3, 'e': 0.0}  0.525687  0.607064  0.676923  0.429688  0.767836  0.789170  0.210830           0.416298           0.482056        0.372308  0.150769   0.150769   0.869349
10654    0.4                  0.27                  105                  0.10  {'h': 0.5, 'm': 1.0, 'l': 0.0, 'e': 0.0}  0.525687  0.607064  0.676923  0.429688  0.767836  0.789170  0.210830           0.416298           0.482056        0.243077  0.067692   0.067692   0.856568
10655    0.4                  0.27                  105                  0.10  {'h': 0.5, 'm': 1.0, 'l': 0.3, 'e': 0.0}  0.525687  0.607064  0.676923  0.429688  0.767836  0.789170  0.210830           0.416298           0.482056        0.270769  0.061538   0.061538   0.855621
10656    0.4                  0.27                  105                  0.15  {'h': 1.0, 'm': 1.0, 'l': 1.0, 'e': 0.0}  0.525687  0.607064  0.676923  0.429688  0.767836  0.789170  0.210830           0.416298           0.482056        0.310769  0.138462   0.138462   0.867456
10657    0.4                  0.27                  105                  0.15  {'h': 1.0, 'm': 1.0, 'l': 0.0, 'e': 0.0}  0.525687  0.607064  0.676923  0.429688  0.767836  0.789170  0.210830           0.416298           0.482056        0.246154  0.132308   0.132308   0.866509
10658    0.4                  0.27                  105                  0.15  {'h': 1.0, 'm': 0.0, 'l': 0.0, 'e': 0.0}  0.525687  0.607064  0.676923  0.429688  0.767836  0.789170  0.210830           0.416298           0.482056        0.267692  0.156923   0.156923   0.870296
10659    0.4                  0.27                  105                  0.15  {'h': 1.0, 'm': 0.5, 'l': 0.0, 'e': 0.0}  0.525687  0.607064  0.676923  0.429688  0.767836  0.789170  0.210830           0.416298           0.482056        0.387692  0.147692   0.147692   0.868876
10660    0.4                  0.27                  105                  0.15  {'h': 1.0, 'm': 0.5, 'l': 0.3, 'e': 0.3}  0.525687  0.607064  0.676923  0.429688  0.767836  0.789170  0.210830           0.416298           0.482056        0.320000  0.169231   0.169231   0.872189
10661    0.4                  0.27                  105                  0.15  {'h': 1.0, 'm': 0.5, 'l': 0.3, 'e': 0.0}  0.525687  0.607064  0.676923  0.429688  0.767836  0.789170  0.210830           0.416298           0.482056        0.372308  0.150769   0.150769   0.869349
10662    0.4                  0.27                  105                  0.15  {'h': 0.5, 'm': 1.0, 'l': 0.0, 'e': 0.0}  0.525687  0.607064  0.676923  0.429688  0.767836  0.789170  0.210830           0.416298           0.482056        0.243077  0.067692   0.067692   0.856568
10663    0.4                  0.27                  105                  0.15  {'h': 0.5, 'm': 1.0, 'l': 0.3, 'e': 0.0}  0.525687  0.607064  0.676923  0.429688  0.767836  0.789170  0.210830           0.416298           0.482056        0.270769  0.061538   0.061538   0.855621
10664    0.4                  0.27                  105                  0.20  {'h': 1.0, 'm': 1.0, 'l': 1.0, 'e': 0.0}  0.525687  0.607064  0.676923  0.429688  0.767836  0.789170  0.210830           0.416298           0.482056        0.310769  0.138462   0.138462   0.867456
10665    0.4                  0.27                  105                  0.20  {'h': 1.0, 'm': 1.0, 'l': 0.0, 'e': 0.0}  0.525687  0.607064  0.676923  0.429688  0.767836  0.789170  0.210830           0.416298           0.482056        0.246154  0.132308   0.132308   0.866509
10666    0.4                  0.27                  105                  0.20  {'h': 1.0, 'm': 0.0, 'l': 0.0, 'e': 0.0}  0.525687  0.607064  0.676923  0.429688  0.767836  0.789170  0.210830           0.416298           0.482056        0.267692  0.156923   0.156923   0.870296
10667    0.4                  0.27                  105                  0.20  {'h': 1.0, 'm': 0.5, 'l': 0.0, 'e': 0.0}  0.525687  0.607064  0.676923  0.429688  0.767836  0.789170  0.210830           0.416298           0.482056        0.387692  0.147692   0.147692   0.868876
10668    0.4                  0.27                  105                  0.20  {'h': 1.0, 'm': 0.5, 'l': 0.3, 'e': 0.3}  0.525687  0.607064  0.676923  0.429688  0.767836  0.789170  0.210830           0.416298           0.482056        0.320000  0.169231   0.169231   0.872189
10669    0.4                  0.27                  105                  0.20  {'h': 1.0, 'm': 0.5, 'l': 0.3, 'e': 0.0}  0.525687  0.607064  0.676923  0.429688  0.767836  0.789170  0.210830           0.416298           0.482056        0.372308  0.150769   0.150769   0.869349
10670    0.4                  0.27                  105                  0.20  {'h': 0.5, 'm': 1.0, 'l': 0.0, 'e': 0.0}  0.525687  0.607064  0.676923  0.429688  0.767836  0.789170  0.210830           0.416298           0.482056        0.243077  0.067692   0.067692   0.856568
10671    0.4                  0.27                  105                  0.20  {'h': 0.5, 'm': 1.0, 'l': 0.3, 'e': 0.0}  0.525687  0.607064  0.676923  0.429688  0.767836  0.789170  0.210830           0.416298           0.482056        0.270769  0.061538   0.061538   0.855621
10672    0.4                  0.27                  105                  0.25  {'h': 1.0, 'm': 1.0, 'l': 1.0, 'e': 0.0}  0.525687  0.607064  0.676923  0.429688  0.767836  0.789170  0.210830           0.416298           0.482056        0.310769  0.138462   0.138462   0.867456
10673    0.4                  0.27                  105                  0.25  {'h': 1.0, 'm': 1.0, 'l': 0.0, 'e': 0.0}  0.525687  0.607064  0.676923  0.429688  0.767836  0.789170  0.210830           0.416298           0.482056        0.246154  0.132308   0.132308   0.866509
10674    0.4                  0.27                  105                  0.25  {'h': 1.0, 'm': 0.0, 'l': 0.0, 'e': 0.0}  0.525687  0.607064  0.676923  0.429688  0.767836  0.789170  0.210830           0.416298           0.482056        0.267692  0.156923   0.156923   0.870296
10675    0.4                  0.27                  105                  0.25  {'h': 1.0, 'm': 0.5, 'l': 0.0, 'e': 0.0}  0.525687  0.607064  0.676923  0.429688  0.767836  0.789170  0.210830           0.416298           0.482056        0.387692  0.147692   0.147692   0.868876
10676    0.4                  0.27                  105                  0.25  {'h': 1.0, 'm': 0.5, 'l': 0.3, 'e': 0.3}  0.525687  0.607064  0.676923  0.429688  0.767836  0.789170  0.210830           0.416298           0.482056        0.320000  0.169231   0.169231   0.872189
10677    0.4                  0.27                  105                  0.25  {'h': 1.0, 'm': 0.5, 'l': 0.3, 'e': 0.0}  0.525687  0.607064  0.676923  0.429688  0.767836  0.789170  0.210830           0.416298           0.482056        0.372308  0.150769   0.150769   0.869349
10678    0.4                  0.27                  105                  0.25  {'h': 0.5, 'm': 1.0, 'l': 0.0, 'e': 0.0}  0.525687  0.607064  0.676923  0.429688  0.767836  0.789170  0.210830           0.416298           0.482056        0.243077  0.067692   0.067692   0.856568
10679    0.4                  0.27                  105                  0.25  {'h': 0.5, 'm': 1.0, 'l': 0.3, 'e': 0.0}  0.525687  0.607064  0.676923  0.429688  0.767836  0.789170  0.210830           0.416298           0.482056        0.270769  0.061538   0.061538   0.855621
10680    0.4                  0.27                  110                  0.05  {'h': 1.0, 'm': 1.0, 'l': 1.0, 'e': 0.0}  0.525424  0.602443  0.667692  0.433134  0.770760  0.794946  0.205054           0.416298           0.482056        0.310769  0.138462   0.138462   0.867456
10681    0.4                  0.27                  110                  0.05  {'h': 1.0, 'm': 1.0, 'l': 0.0, 'e': 0.0}  0.525424  0.602443  0.667692  0.433134  0.770760  0.794946  0.205054           0.416298           0.482056        0.246154  0.132308   0.132308   0.866509
10682    0.4                  0.27                  110                  0.05  {'h': 1.0, 'm': 0.0, 'l': 0.0, 'e': 0.0}  0.525424  0.602443  0.667692  0.433134  0.770760  0.794946  0.205054           0.416298           0.482056        0.267692  0.156923   0.156923   0.870296
10683    0.4                  0.27                  110                  0.05  {'h': 1.0, 'm': 0.5, 'l': 0.0, 'e': 0.0}  0.525424  0.602443  0.667692  0.433134  0.770760  0.794946  0.205054           0.416298           0.482056        0.387692  0.147692   0.147692   0.868876
10684    0.4                  0.27                  110                  0.05  {'h': 1.0, 'm': 0.5, 'l': 0.3, 'e': 0.3}  0.525424  0.602443  0.667692  0.433134  0.770760  0.794946  0.205054           0.416298           0.482056        0.320000  0.169231   0.169231   0.872189
10685    0.4                  0.27                  110                  0.05  {'h': 1.0, 'm': 0.5, 'l': 0.3, 'e': 0.0}  0.525424  0.602443  0.667692  0.433134  0.770760  0.794946  0.205054           0.416298           0.482056        0.372308  0.150769   0.150769   0.869349
10686    0.4                  0.27                  110                  0.05  {'h': 0.5, 'm': 1.0, 'l': 0.0, 'e': 0.0}  0.525424  0.602443  0.667692  0.433134  0.770760  0.794946  0.205054           0.416298           0.482056        0.243077  0.067692   0.067692   0.856568
10687    0.4                  0.27                  110                  0.05  {'h': 0.5, 'm': 1.0, 'l': 0.3, 'e': 0.0}  0.525424  0.602443  0.667692  0.433134  0.770760  0.794946  0.205054           0.416298           0.482056        0.270769  0.061538   0.061538   0.855621
10688    0.4                  0.27                  110                  0.10  {'h': 1.0, 'm': 1.0, 'l': 1.0, 'e': 0.0}  0.525424  0.602443  0.667692  0.433134  0.770760  0.794946  0.205054           0.416298           0.482056        0.310769  0.138462   0.138462   0.867456
10689    0.4                  0.27                  110                  0.10  {'h': 1.0, 'm': 1.0, 'l': 0.0, 'e': 0.0}  0.525424  0.602443  0.667692  0.433134  0.770760  0.794946  0.205054           0.416298           0.482056        0.246154  0.132308   0.132308   0.866509
10690    0.4                  0.27                  110                  0.10  {'h': 1.0, 'm': 0.0, 'l': 0.0, 'e': 0.0}  0.525424  0.602443  0.667692  0.433134  0.770760  0.794946  0.205054           0.416298           0.482056        0.267692  0.156923   0.156923   0.870296
10691    0.4                  0.27                  110                  0.10  {'h': 1.0, 'm': 0.5, 'l': 0.0, 'e': 0.0}  0.525424  0.602443  0.667692  0.433134  0.770760  0.794946  0.205054           0.416298           0.482056        0.387692  0.147692   0.147692   0.868876
10692    0.4                  0.27                  110                  0.10  {'h': 1.0, 'm': 0.5, 'l': 0.3, 'e': 0.3}  0.525424  0.602443  0.667692  0.433134  0.770760  0.794946  0.205054           0.416298           0.482056        0.320000  0.169231   0.169231   0.872189
10693    0.4                  0.27                  110                  0.10  {'h': 1.0, 'm': 0.5, 'l': 0.3, 'e': 0.0}  0.525424  0.602443  0.667692  0.433134  0.770760  0.794946  0.205054           0.416298           0.482056        0.372308  0.150769   0.150769   0.869349
10694    0.4                  0.27                  110                  0.10  {'h': 0.5, 'm': 1.0, 'l': 0.0, 'e': 0.0}  0.525424  0.602443  0.667692  0.433134  0.770760  0.794946  0.205054           0.416298           0.482056        0.243077  0.067692   0.067692   0.856568
10695    0.4                  0.27                  110                  0.10  {'h': 0.5, 'm': 1.0, 'l': 0.3, 'e': 0.0}  0.525424  0.602443  0.667692  0.433134  0.770760  0.794946  0.205054           0.416298           0.482056        0.270769  0.061538   0.061538   0.855621
10696    0.4                  0.27                  110                  0.15  {'h': 1.0, 'm': 1.0, 'l': 1.0, 'e': 0.0}  0.525424  0.602443  0.667692  0.433134  0.770760  0.794946  0.205054           0.416298           0.482056        0.310769  0.138462   0.138462   0.867456
10697    0.4                  0.27                  110                  0.15  {'h': 1.0, 'm': 1.0, 'l': 0.0, 'e': 0.0}  0.525424  0.602443  0.667692  0.433134  0.770760  0.794946  0.205054           0.416298           0.482056        0.246154  0.132308   0.132308   0.866509
10698    0.4                  0.27                  110                  0.15  {'h': 1.0, 'm': 0.0, 'l': 0.0, 'e': 0.0}  0.525424  0.602443  0.667692  0.433134  0.770760  0.794946  0.205054           0.416298           0.482056        0.267692  0.156923   0.156923   0.870296
10699    0.4                  0.27                  110                  0.15  {'h': 1.0, 'm': 0.5, 'l': 0.0, 'e': 0.0}  0.525424  0.602443  0.667692  0.433134  0.770760  0.794946  0.205054           0.416298           0.482056        0.387692  0.147692   0.147692   0.868876
10700    0.4                  0.27                  110                  0.15  {'h': 1.0, 'm': 0.5, 'l': 0.3, 'e': 0.3}  0.525424  0.602443  0.667692  0.433134  0.770760  0.794946  0.205054           0.416298           0.482056        0.320000  0.169231   0.169231   0.872189
10701    0.4                  0.27                  110                  0.15  {'h': 1.0, 'm': 0.5, 'l': 0.3, 'e': 0.0}  0.525424  0.602443  0.667692  0.433134  0.770760  0.794946  0.205054           0.416298           0.482056        0.372308  0.150769   0.150769   0.869349
10702    0.4                  0.27                  110                  0.15  {'h': 0.5, 'm': 1.0, 'l': 0.0, 'e': 0.0}  0.525424  0.602443  0.667692  0.433134  0.770760  0.794946  0.205054           0.416298           0.482056        0.243077  0.067692   0.067692   0.856568
10703    0.4                  0.27                  110                  0.15  {'h': 0.5, 'm': 1.0, 'l': 0.3, 'e': 0.0}  0.525424  0.602443  0.667692  0.433134  0.770760  0.794946  0.205054           0.416298           0.482056        0.270769  0.061538   0.061538   0.855621
10704    0.4                  0.27                  110                  0.20  {'h': 1.0, 'm': 1.0, 'l': 1.0, 'e': 0.0}  0.525424  0.602443  0.667692  0.433134  0.770760  0.794946  0.205054           0.416298           0.482056        0.310769  0.138462   0.138462   0.867456
10705    0.4                  0.27                  110                  0.20  {'h': 1.0, 'm': 1.0, 'l': 0.0, 'e': 0.0}  0.525424  0.602443  0.667692  0.433134  0.770760  0.794946  0.205054           0.416298           0.482056        0.246154  0.132308   0.132308   0.866509
10706    0.4                  0.27                  110                  0.20  {'h': 1.0, 'm': 0.0, 'l': 0.0, 'e': 0.0}  0.525424  0.602443  0.667692  0.433134  0.770760  0.794946  0.205054           0.416298           0.482056        0.267692  0.156923   0.156923   0.870296
10707    0.4                  0.27                  110                  0.20  {'h': 1.0, 'm': 0.5, 'l': 0.0, 'e': 0.0}  0.525424  0.602443  0.667692  0.433134  0.770760  0.794946  0.205054           0.416298           0.482056        0.387692  0.147692   0.147692   0.868876
10708    0.4                  0.27                  110                  0.20  {'h': 1.0, 'm': 0.5, 'l': 0.3, 'e': 0.3}  0.525424  0.602443  0.667692  0.433134  0.770760  0.794946  0.205054           0.416298           0.482056        0.320000  0.169231   0.169231   0.872189
10709    0.4                  0.27                  110                  0.20  {'h': 1.0, 'm': 0.5, 'l': 0.3, 'e': 0.0}  0.525424  0.602443  0.667692  0.433134  0.770760  0.794946  0.205054           0.416298           0.482056        0.372308  0.150769   0.150769   0.869349

Full result output for the best combination:
                 #Examples   TP   FP    TN   FN       ACC       FNR       TNR       FPR       TPR      Prec        F1        F2  AVG # affected
Component                                                                                                                                      
no_failure            1385    0  274  1111    0  0.802166       NaN  0.802166  0.197834       NaN  0.000000       NaN       NaN       77.478700
txt15_i1                 5    5    0     0    0  1.000000  0.000000       NaN       NaN  1.000000  1.000000  1.000000  1.000000      376.800000
txt15_i3                 5    1    0     0    4  0.200000  0.800000       NaN       NaN  0.200000  1.000000  0.333333  0.238095       47.000000
txt15_conveyor           3    3    0     0    0  1.000000  0.000000       NaN       NaN  1.000000  1.000000  1.000000  1.000000      489.666667
txt15_m1               160  138    0     0   22  0.862500  0.137500       NaN       NaN  0.862500  1.000000  0.926174  0.886889      366.212500
txt15_pl                 9    5    0     0    4  0.555556  0.444444       NaN       NaN  0.555556  1.000000  0.714286  0.609756      219.222222
txt16_i3                 4    0    0     0    4  0.000000  1.000000       NaN       NaN  0.000000       NaN       NaN       NaN        4.750000
txt16_conveyor           8    2    0     0    6  0.250000  0.750000       NaN       NaN  0.250000  1.000000  0.400000  0.294118       68.250000
txt16_m3                65   49    0     0   16  0.753846  0.246154       NaN       NaN  0.753846  1.000000  0.859649  0.792880      326.630769
txt16_turntable          2    0    0     0    2  0.000000  1.000000       NaN       NaN  0.000000       NaN       NaN       NaN        2.000000
txt17_i1                16    3    0     0   13  0.187500  0.812500       NaN       NaN  0.187500  1.000000  0.315789  0.223881       63.125000
txt17_pl                14    6    0     0    8  0.428571  0.571429       NaN       NaN  0.428571  1.000000  0.600000  0.483871      168.285714
txt18_pl                28    3    0     0   25  0.107143  0.892857       NaN       NaN  0.107143  1.000000  0.193548  0.130435       49.107143
txt19_i4                 6    0    0     0    6  0.000000  1.000000       NaN       NaN  0.000000       NaN       NaN       NaN        1.166667
combined              1710  215  274  1111  110  0.775439  0.338462  0.802166  0.197834  0.661538  0.439673  0.528256  0.600894      115.795906

                 #Examples   TP   FP    TN   FN       ACC       FNR       TNR       FPR       TPR      Prec        F1        F2  AVG # affected
Component                                                                                                                                      
no_failure            1385    0  274  1111    0  0.802166       NaN  0.802166  0.197834       NaN  0.000000       NaN       NaN       77.478700
txt15_i1                 5    5    0     0    0  1.000000  0.000000       NaN       NaN  1.000000  1.000000  1.000000  1.000000      376.800000
txt15_i3                 5    1    0     0    4  0.200000  0.800000       NaN       NaN  0.200000  1.000000  0.333333  0.238095       47.000000
txt15_conveyor           3    3    0     0    0  1.000000  0.000000       NaN       NaN  1.000000  1.000000  1.000000  1.000000      489.666667
txt15_m1               160  138    0     0   22  0.862500  0.137500       NaN       NaN  0.862500  1.000000  0.926174  0.886889      366.212500
txt15_pl                 9    5    0     0    4  0.555556  0.444444       NaN       NaN  0.555556  1.000000  0.714286  0.609756      219.222222
txt16_i3                 4    0    0     0    4  0.000000  1.000000       NaN       NaN  0.000000       NaN       NaN       NaN        4.750000
txt16_conveyor           8    2    0     0    6  0.250000  0.750000       NaN       NaN  0.250000  1.000000  0.400000  0.294118       68.250000
txt16_m3                65   49    0     0   16  0.753846  0.246154       NaN       NaN  0.753846  1.000000  0.859649  0.792880      326.630769
txt16_turntable          2    0    0     0    2  0.000000  1.000000       NaN       NaN  0.000000       NaN       NaN       NaN        2.000000
txt17_i1                16    3    0     0   13  0.187500  0.812500       NaN       NaN  0.187500  1.000000  0.315789  0.223881       63.125000
txt17_pl                14    6    0     0    8  0.428571  0.571429       NaN       NaN  0.428571  1.000000  0.600000  0.483871      168.285714
txt18_pl                28    3    0     0   25  0.107143  0.892857       NaN       NaN  0.107143  1.000000  0.193548  0.130435       49.107143
txt19_i4                 6    0    0     0    6  0.000000  1.000000       NaN       NaN  0.000000       NaN       NaN       NaN        1.166667
combined              1710  215  274  1111  110  0.775439  0.338462  0.802166  0.197834  0.661538  0.439673  0.528256  0.600894      115.795906

Execution time: 271173.29916467494
