
Dataset loaded:
Shape of training set (example, time, channels): (20812, 500, 61)
Shape of test set (example, time, channels): (3989, 500, 61)
Shape of train validation set (example, time, channels): (2313, 500, 61)
Shape of test validation set (example, time, channels): (1710, 500, 61)
Num of classes in all: 25

Creating model based on ../configuration/hyperparameter_combinations/selected/selected_4.json hyperparameter file 

Adding feature wise convolutions with 32 filters per feature, 3 kernels and 1 strides ...
Adding feature wise convolutions with 1 filters per feature, 3 kernels and 1 strides ...
Adding feature based graph attention layer ...
Adding time based graph attention layer ...
Adding GRU layer with 256 units ...
Adding GRU layer with 61 units ...
Adding GRU layer to forecasting model with 256 units ...
Adding VAE as reconstruction model with dimensions 3072 & 1536 and ...
The RBM reconstructs the output of the gru layer.

Epoch 0
	Step 0: mean loss = 1.3112
	Step 50: mean loss = 0.5097
	Step 100: mean loss = 0.3398
	Step 150: mean loss = 0.2690

	Loss on validation set after epoch 0: 0.1156

Epoch 1
	Step 0: mean loss = 0.1157
	Step 50: mean loss = 0.1104
	Step 100: mean loss = 0.1065
	Step 150: mean loss = 0.1031

	Loss on validation set after epoch 1: 0.0926

Epoch 2
	Step 0: mean loss = 0.0945
	Step 50: mean loss = 0.0905
	Step 100: mean loss = 0.0885
	Step 150: mean loss = 0.0863

	Loss on validation set after epoch 2: 0.0791

Epoch 3
	Step 0: mean loss = 0.0776
	Step 50: mean loss = 0.0780
	Step 100: mean loss = 0.0771
	Step 150: mean loss = 0.0764

	Loss on validation set after epoch 3: 0.0737

Epoch 4
	Step 0: mean loss = 0.0711
	Step 50: mean loss = 0.0728
	Step 100: mean loss = 0.0722
	Step 150: mean loss = 0.0716

	Loss on validation set after epoch 4: 0.0684

Epoch 5
	Step 0: mean loss = 0.0682
	Step 50: mean loss = 0.0683
	Step 100: mean loss = 0.0680
	Step 150: mean loss = 0.0675

	Loss on validation set after epoch 5: 0.0645

Epoch 6
	Step 0: mean loss = 0.0670
	Step 50: mean loss = 0.0644
	Step 100: mean loss = 0.0638
	Step 150: mean loss = 0.0631

	Loss on validation set after epoch 6: 0.0599

Epoch 7
	Step 0: mean loss = 0.0598
	Step 50: mean loss = 0.0595
	Step 100: mean loss = 0.0591
	Step 150: mean loss = 0.0589

	Loss on validation set after epoch 7: 0.0572

Epoch 8
	Step 0: mean loss = 0.0590
	Step 50: mean loss = 0.0571
	Step 100: mean loss = 0.0567
	Step 150: mean loss = 0.0563

	Loss on validation set after epoch 8: 0.0558

Epoch 9
	Step 0: mean loss = 0.0537
	Step 50: mean loss = 0.0543
	Step 100: mean loss = 0.0546
	Step 150: mean loss = 0.0543

	Loss on validation set after epoch 9: 0.0542

Epoch 10
	Step 0: mean loss = 0.0557
	Step 50: mean loss = 0.0531
	Step 100: mean loss = 0.0532
	Step 150: mean loss = 0.0533

	Loss on validation set after epoch 10: 0.0529

Epoch 11
	Step 0: mean loss = 0.0532
	Step 50: mean loss = 0.0521
	Step 100: mean loss = 0.0523
	Step 150: mean loss = 0.0524

	Loss on validation set after epoch 11: 0.0513

Epoch 12
	Step 0: mean loss = 0.0504
	Step 50: mean loss = 0.0516
	Step 100: mean loss = 0.0516
	Step 150: mean loss = 0.0515

	Loss on validation set after epoch 12: 0.0510

Epoch 13
	Step 0: mean loss = 0.0449
	Step 50: mean loss = 0.0506
	Step 100: mean loss = 0.0507
	Step 150: mean loss = 0.0505

	Loss on validation set after epoch 13: 0.0508

Epoch 14
	Step 0: mean loss = 0.0537
	Step 50: mean loss = 0.0495
	Step 100: mean loss = 0.0495
	Step 150: mean loss = 0.0493

	Loss on validation set after epoch 14: 0.0475

Epoch 15
	Step 0: mean loss = 0.0513
	Step 50: mean loss = 0.0477
	Step 100: mean loss = 0.0478
	Step 150: mean loss = 0.0477

	Loss on validation set after epoch 15: 0.0467

Epoch 16
	Step 0: mean loss = 0.0445
	Step 50: mean loss = 0.0468
	Step 100: mean loss = 0.0466
	Step 150: mean loss = 0.0467

	Loss on validation set after epoch 16: 0.0484

Epoch 17
	Step 0: mean loss = 0.0462
	Step 50: mean loss = 0.0454
	Step 100: mean loss = 0.0451
	Step 150: mean loss = 0.0532

	Loss on validation set after epoch 17: 0.0750

Epoch 18
	Step 0: mean loss = 0.0702
	Step 50: mean loss = 0.0727
	Step 100: mean loss = 0.0712
	Step 150: mean loss = 0.0689

	Loss on validation set after epoch 18: 0.0642

Epoch 19
	Step 0: mean loss = 0.0618
	Step 50: mean loss = 0.0624
	Step 100: mean loss = 0.0621
	Step 150: mean loss = 0.0615

	Loss on validation set after epoch 19: 0.0597

Epoch 20
	Step 0: mean loss = 0.0589
	Step 50: mean loss = 0.0591
	Step 100: mean loss = 0.0591
	Step 150: mean loss = 0.0588

	Loss on validation set after epoch 20: 0.0581

Epoch 21
	Step 0: mean loss = 0.0588
	Step 50: mean loss = 0.0571
	Step 100: mean loss = 0.0571
	Step 150: mean loss = 0.0565

	Loss on validation set after epoch 21: 0.0541

Epoch 22
	Step 0: mean loss = 0.0542
	Step 50: mean loss = 0.0544
	Step 100: mean loss = 0.0541
	Step 150: mean loss = 0.0536

	Loss on validation set after epoch 22: 0.0523

Epoch 23
	Step 0: mean loss = 0.0525
	Step 50: mean loss = 0.0512
	Step 100: mean loss = 0.0509
	Step 150: mean loss = 0.0505

	Loss on validation set after epoch 23: 0.0484

Epoch 24
	Step 0: mean loss = 0.0514
	Step 50: mean loss = 0.0484
	Step 100: mean loss = 0.0483
	Step 150: mean loss = 0.0481

	Loss on validation set after epoch 24: 0.0470

Epoch 25
	Step 0: mean loss = 0.0480
	Step 50: mean loss = 0.0462
	Step 100: mean loss = 0.0465
	Step 150: mean loss = 0.0461

	Loss on validation set after epoch 25: 0.0449

Epoch 26
	Step 0: mean loss = 0.0390
	Step 50: mean loss = 0.0444
	Step 100: mean loss = 0.0444
	Step 150: mean loss = 0.0444

	Loss on validation set after epoch 26: 0.0431

Epoch 27
	Step 0: mean loss = 0.0419
	Step 50: mean loss = 0.0423
	Step 100: mean loss = 0.0424
	Step 150: mean loss = 0.0422

	Loss on validation set after epoch 27: 0.0415

Epoch 28
	Step 0: mean loss = 0.0472
	Step 50: mean loss = 0.0408
	Step 100: mean loss = 0.0410
	Step 150: mean loss = 0.0410

	Loss on validation set after epoch 28: 0.0420

Epoch 29
	Step 0: mean loss = 0.0418
	Step 50: mean loss = 0.0400
	Step 100: mean loss = 0.0400
	Step 150: mean loss = 0.0398

	Loss on validation set after epoch 29: 0.0405

Epoch 30
	Step 0: mean loss = 0.0357
	Step 50: mean loss = 0.0380
	Step 100: mean loss = 0.0375
	Step 150: mean loss = 0.0371

	Loss on validation set after epoch 30: 0.0365

Epoch 31
	Step 0: mean loss = 0.0311
	Step 50: mean loss = 0.0361
	Step 100: mean loss = 0.0352
	Step 150: mean loss = 0.0349

	Loss on validation set after epoch 31: 0.0345

Epoch 32
	Step 0: mean loss = 0.0326
	Step 50: mean loss = 0.0376
	Step 100: mean loss = 0.0367
	Step 150: mean loss = 0.0360

	Loss on validation set after epoch 32: 0.0339

Epoch 33
	Step 0: mean loss = 0.0326
	Step 50: mean loss = 0.0326
	Step 100: mean loss = 0.0325
	Step 150: mean loss = 0.0324

	Loss on validation set after epoch 33: 0.0314

Epoch 34
	Step 0: mean loss = 0.0309
	Step 50: mean loss = 0.0311
	Step 100: mean loss = 0.0309
	Step 150: mean loss = 0.0309

	Loss on validation set after epoch 34: 0.0307

Epoch 35
	Step 0: mean loss = 0.0331
	Step 50: mean loss = 0.0298
	Step 100: mean loss = 0.0298
	Step 150: mean loss = 0.0298

	Loss on validation set after epoch 35: 0.0301

Epoch 36
	Step 0: mean loss = 0.0307
	Step 50: mean loss = 0.0294
	Step 100: mean loss = 0.0344
	Step 150: mean loss = 0.0358

	Loss on validation set after epoch 36: 0.0370

Epoch 37
	Step 0: mean loss = 0.0358
	Step 50: mean loss = 0.0360
	Step 100: mean loss = 0.0360
	Step 150: mean loss = 0.0359

	Loss on validation set after epoch 37: 0.0353

Epoch 38
	Step 0: mean loss = 0.0339
	Step 50: mean loss = 0.0349
	Step 100: mean loss = 0.0350
	Step 150: mean loss = 0.0352

	Loss on validation set after epoch 38: 0.0346

Epoch 39
	Step 0: mean loss = 0.0320
	Step 50: mean loss = 0.0340
	Step 100: mean loss = 0.0340
	Step 150: mean loss = 0.0340

	Loss on validation set after epoch 39: 0.0328

Epoch 40
	Step 0: mean loss = 0.0336
	Step 50: mean loss = 0.0321
	Step 100: mean loss = 0.0323
	Step 150: mean loss = 0.0322

	Loss on validation set after epoch 40: 0.0313

Epoch 41
	Step 0: mean loss = 0.0346
	Step 50: mean loss = 0.0309
	Step 100: mean loss = 0.0310
	Step 150: mean loss = 0.0311

	Loss on validation set after epoch 41: 0.0310

Epoch 42
	Step 0: mean loss = 0.0285
	Step 50: mean loss = 0.0303
	Step 100: mean loss = 0.0302
	Step 150: mean loss = 0.0301

	Loss on validation set after epoch 42: 0.0308

Epoch 43
	Step 0: mean loss = 0.0286
	Step 50: mean loss = 0.0294
	Step 100: mean loss = 0.0294
	Step 150: mean loss = 0.0294

	Loss on validation set after epoch 43: 0.0296

Epoch 44
	Step 0: mean loss = 0.0275
	Step 50: mean loss = 0.0286
	Step 100: mean loss = 0.0287
	Step 150: mean loss = 0.0286

	Loss on validation set after epoch 44: 0.0281

Epoch 45
	Step 0: mean loss = 0.0241
	Step 50: mean loss = 0.0279
	Step 100: mean loss = 0.0279
	Step 150: mean loss = 0.0280

	Loss on validation set after epoch 45: 0.0276

Epoch 46
	Step 0: mean loss = 0.0246
	Step 50: mean loss = 0.0274
	Step 100: mean loss = 0.0273
	Step 150: mean loss = 0.0275

	Loss on validation set after epoch 46: 0.0277

Epoch 47
	Step 0: mean loss = 0.0258
	Step 50: mean loss = 0.0266
	Step 100: mean loss = 0.0267
	Step 150: mean loss = 0.0267

	Loss on validation set after epoch 47: 0.0272

Epoch 48
	Step 0: mean loss = 0.0269
	Step 50: mean loss = 0.0261
	Step 100: mean loss = 0.0262
	Step 150: mean loss = 0.0262

	Loss on validation set after epoch 48: 0.0259

Epoch 49
	Step 0: mean loss = 0.0270
	Step 50: mean loss = 0.0256
	Step 100: mean loss = 0.0263
	Step 150: mean loss = 0.0261

	Loss on validation set after epoch 49: 0.0251

Epoch 50
	Step 0: mean loss = 0.0241
	Step 50: mean loss = 0.0248
	Step 100: mean loss = 0.0249
	Step 150: mean loss = 0.0249

	Loss on validation set after epoch 50: 0.0247

Epoch 51
	Step 0: mean loss = 0.0272
	Step 50: mean loss = 0.0243
	Step 100: mean loss = 0.0242
	Step 150: mean loss = 0.0242

	Loss on validation set after epoch 51: 0.0247

Epoch 52
	Step 0: mean loss = 0.0268
	Step 50: mean loss = 0.0235
	Step 100: mean loss = 0.0236
	Step 150: mean loss = 0.0234

	Loss on validation set after epoch 52: 0.0231

Epoch 53
	Step 0: mean loss = 0.0228
	Step 50: mean loss = 0.0232
	Step 100: mean loss = 0.0231
	Step 150: mean loss = 0.0230

	Loss on validation set after epoch 53: 0.0232

Epoch 54
	Step 0: mean loss = 0.0222
	Step 50: mean loss = 0.0224
	Step 100: mean loss = 0.0224
	Step 150: mean loss = 0.0224

	Loss on validation set after epoch 54: 0.0227

Epoch 55
	Step 0: mean loss = 0.0200
	Step 50: mean loss = 0.0219
	Step 100: mean loss = 0.0220
	Step 150: mean loss = 0.0220

	Loss on validation set after epoch 55: 0.0224

Epoch 56
	Step 0: mean loss = 0.0224
	Step 50: mean loss = 0.0217
	Step 100: mean loss = 0.0217
	Step 150: mean loss = 0.0216

	Loss on validation set after epoch 56: 0.0216

Epoch 57
	Step 0: mean loss = 0.0201
	Step 50: mean loss = 0.0211
	Step 100: mean loss = 0.0211
	Step 150: mean loss = 0.0213

	Loss on validation set after epoch 57: 0.0214

Epoch 58
	Step 0: mean loss = 0.0208
	Step 50: mean loss = 0.0209
	Step 100: mean loss = 0.0209
	Step 150: mean loss = 0.0209

	Loss on validation set after epoch 58: 0.0210

Epoch 59
	Step 0: mean loss = 0.0193
	Step 50: mean loss = 0.0206
	Step 100: mean loss = 0.0207
	Step 150: mean loss = 0.0207

	Loss on validation set after epoch 59: 0.0204

Epoch 60
	Step 0: mean loss = 0.0174
	Step 50: mean loss = 0.0200
	Step 100: mean loss = 0.0202
	Step 150: mean loss = 0.0201

	Loss on validation set after epoch 60: 0.0202

Epoch 61
	Step 0: mean loss = 0.0209
	Step 50: mean loss = 0.0197
	Step 100: mean loss = 0.0198
	Step 150: mean loss = 0.0198

	Loss on validation set after epoch 61: 0.0200

Epoch 62
	Step 0: mean loss = 0.0205
	Step 50: mean loss = 0.0195
	Step 100: mean loss = 0.0198
	Step 150: mean loss = 0.0198

	Loss on validation set after epoch 62: 0.0198

Epoch 63
	Step 0: mean loss = 0.0192
	Step 50: mean loss = 0.0193
	Step 100: mean loss = 0.0197
	Step 150: mean loss = 0.0196

	Loss on validation set after epoch 63: 0.0203

Epoch 64
	Step 0: mean loss = 0.0204
	Step 50: mean loss = 0.0190
	Step 100: mean loss = 0.0191
	Step 150: mean loss = 0.0190

	Loss on validation set after epoch 64: 0.0191

Epoch 65
	Step 0: mean loss = 0.0170
	Step 50: mean loss = 0.0187
	Step 100: mean loss = 0.0187
	Step 150: mean loss = 0.0187

	Loss on validation set after epoch 65: 0.0188

Epoch 66
	Step 0: mean loss = 0.0174
	Step 50: mean loss = 0.0182
	Step 100: mean loss = 0.0185
	Step 150: mean loss = 0.0185

	Loss on validation set after epoch 66: 0.0182

Epoch 67
	Step 0: mean loss = 0.0192
	Step 50: mean loss = 0.0180
	Step 100: mean loss = 0.0185
	Step 150: mean loss = 0.0185

	Loss on validation set after epoch 67: 0.0183

Epoch 68
	Step 0: mean loss = 0.0173
	Step 50: mean loss = 0.0179
	Step 100: mean loss = 0.0180
	Step 150: mean loss = 0.0180

	Loss on validation set after epoch 68: 0.0180

Epoch 69
	Step 0: mean loss = 0.0182
	Step 50: mean loss = 0.0178
	Step 100: mean loss = 0.0179
	Step 150: mean loss = 0.0179

	Loss on validation set after epoch 69: 0.0181

Epoch 70
	Step 0: mean loss = 0.0163
	Step 50: mean loss = 0.0176
	Step 100: mean loss = 0.0176
	Step 150: mean loss = 0.0177

	Loss on validation set after epoch 70: 0.0179

Epoch 71
	Step 0: mean loss = 0.0170
	Step 50: mean loss = 0.0172
	Step 100: mean loss = 0.0173
	Step 150: mean loss = 0.0174

	Loss on validation set after epoch 71: 0.0175

Epoch 72
	Step 0: mean loss = 0.0176
	Step 50: mean loss = 0.0170
	Step 100: mean loss = 0.0173
	Step 150: mean loss = 0.0172

	Loss on validation set after epoch 72: 0.0171

Epoch 73
	Step 0: mean loss = 0.0156
	Step 50: mean loss = 0.0169
	Step 100: mean loss = 0.0169
	Step 150: mean loss = 0.0170

	Loss on validation set after epoch 73: 0.0170

Epoch 74
	Step 0: mean loss = 0.0157
	Step 50: mean loss = 0.0167
	Step 100: mean loss = 0.0168
	Step 150: mean loss = 0.0169

	Loss on validation set after epoch 74: 0.0168

Epoch 75
	Step 0: mean loss = 0.0166
	Step 50: mean loss = 0.0165
	Step 100: mean loss = 0.0167
	Step 150: mean loss = 0.0168

	Loss on validation set after epoch 75: 0.0167

Epoch 76
	Step 0: mean loss = 0.0148
	Step 50: mean loss = 0.0164
	Step 100: mean loss = 0.0165
	Step 150: mean loss = 0.0166

	Loss on validation set after epoch 76: 0.0168

Epoch 77
	Step 0: mean loss = 0.0156
	Step 50: mean loss = 0.0161
	Step 100: mean loss = 0.0164
	Step 150: mean loss = 0.0164

	Loss on validation set after epoch 77: 0.0164

Epoch 78
	Step 0: mean loss = 0.0160
	Step 50: mean loss = 0.0161
	Step 100: mean loss = 0.0162
	Step 150: mean loss = 0.0163

	Loss on validation set after epoch 78: 0.0166

Epoch 79
	Step 0: mean loss = 0.0162
	Step 50: mean loss = 0.0159
	Step 100: mean loss = 0.0162
	Step 150: mean loss = 0.0161

	Loss on validation set after epoch 79: 0.0160

Epoch 80
	Step 0: mean loss = 0.0147
	Step 50: mean loss = 0.0160
	Step 100: mean loss = 0.0159
	Step 150: mean loss = 0.0159

	Loss on validation set after epoch 80: 0.0163

Epoch 81
	Step 0: mean loss = 0.0159
	Step 50: mean loss = 0.0156
	Step 100: mean loss = 0.0157
	Step 150: mean loss = 0.0157

	Loss on validation set after epoch 81: 0.0159

Epoch 82
	Step 0: mean loss = 0.0131
	Step 50: mean loss = 0.0154
	Step 100: mean loss = 0.0155
	Step 150: mean loss = 0.0157

	Loss on validation set after epoch 82: 0.0162

Epoch 83
	Step 0: mean loss = 0.0143
	Step 50: mean loss = 0.0153
	Step 100: mean loss = 0.0153
	Step 150: mean loss = 0.0154

	Loss on validation set after epoch 83: 0.0162

Epoch 84
	Step 0: mean loss = 0.0164
	Step 50: mean loss = 0.0152
	Step 100: mean loss = 0.0153
	Step 150: mean loss = 0.0153

	Loss on validation set after epoch 84: 0.0158

Epoch 85
	Step 0: mean loss = 0.0152
	Step 50: mean loss = 0.0151
	Step 100: mean loss = 0.0151
	Step 150: mean loss = 0.0152

	Loss on validation set after epoch 85: 0.0154

Epoch 86
	Step 0: mean loss = 0.0141
	Step 50: mean loss = 0.0152
	Step 100: mean loss = 0.0151
	Step 150: mean loss = 0.0151

	Loss on validation set after epoch 86: 0.0167

Epoch 87
	Step 0: mean loss = 0.0168
	Step 50: mean loss = 0.0148
	Step 100: mean loss = 0.0149
	Step 150: mean loss = 0.0149

	Loss on validation set after epoch 87: 0.0150

Epoch 88
	Step 0: mean loss = 0.0138
	Step 50: mean loss = 0.0148
	Step 100: mean loss = 0.0148
	Step 150: mean loss = 0.0149

	Loss on validation set after epoch 88: 0.0150

Epoch 89
	Step 0: mean loss = 0.0138
	Step 50: mean loss = 0.0146
	Step 100: mean loss = 0.0147
	Step 150: mean loss = 0.0148

	Loss on validation set after epoch 89: 0.0146

Epoch 90
	Step 0: mean loss = 0.0123
	Step 50: mean loss = 0.0144
	Step 100: mean loss = 0.0145
	Step 150: mean loss = 0.0146

	Loss on validation set after epoch 90: 0.0149

Epoch 91
	Step 0: mean loss = 0.0146
	Step 50: mean loss = 0.0144
	Step 100: mean loss = 0.0145
	Step 150: mean loss = 0.0146

	Loss on validation set after epoch 91: 0.0145

Epoch 92
	Step 0: mean loss = 0.0129
	Step 50: mean loss = 0.0143
	Step 100: mean loss = 0.0143
	Step 150: mean loss = 0.0145

	Loss on validation set after epoch 92: 0.0145

Epoch 93
	Step 0: mean loss = 0.0144
	Step 50: mean loss = 0.0143
	Step 100: mean loss = 0.0143
	Step 150: mean loss = 0.0143

	Loss on validation set after epoch 93: 0.0149

Epoch 94
	Step 0: mean loss = 0.0149
	Step 50: mean loss = 0.0142
	Step 100: mean loss = 0.0142
	Step 150: mean loss = 0.0142

	Loss on validation set after epoch 94: 0.0142

Epoch 95
	Step 0: mean loss = 0.0144
	Step 50: mean loss = 0.0139
	Step 100: mean loss = 0.0140
	Step 150: mean loss = 0.0141

	Loss on validation set after epoch 95: 0.0145

Epoch 96
	Step 0: mean loss = 0.0134
	Step 50: mean loss = 0.0141
	Step 100: mean loss = 0.0140
	Step 150: mean loss = 0.0141

	Loss on validation set after epoch 96: 0.0145

Epoch 97
	Step 0: mean loss = 0.0125
	Step 50: mean loss = 0.0138
	Step 100: mean loss = 0.0138
	Step 150: mean loss = 0.0139

	Loss on validation set after epoch 97: 0.0142

Epoch 98
	Step 0: mean loss = 0.0136
	Step 50: mean loss = 0.0137
	Step 100: mean loss = 0.0138
	Step 150: mean loss = 0.0139

	Loss on validation set after epoch 98: 0.0144

Epoch 99
	Step 0: mean loss = 0.0133
	Step 50: mean loss = 0.0137
	Step 100: mean loss = 0.0137
	Step 150: mean loss = 0.0138

	Loss on validation set after epoch 99: 0.0142

Epoch 100
	Step 0: mean loss = 0.0129
	Step 50: mean loss = 0.0136
	Step 100: mean loss = 0.0136
	Step 150: mean loss = 0.0137

	Loss on validation set after epoch 100: 0.0145

Epoch 101
	Step 0: mean loss = 0.0137
	Step 50: mean loss = 0.0138
	Step 100: mean loss = 0.0136
	Step 150: mean loss = 0.0137

	Loss on validation set after epoch 101: 0.0136

Epoch 102
	Step 0: mean loss = 0.0137
	Step 50: mean loss = 0.0135
	Step 100: mean loss = 0.0135
	Step 150: mean loss = 0.0135

	Loss on validation set after epoch 102: 0.0139

Epoch 103
	Step 0: mean loss = 0.0131
	Step 50: mean loss = 0.0133
	Step 100: mean loss = 0.0133
	Step 150: mean loss = 0.0134

	Loss on validation set after epoch 103: 0.0132

Epoch 104
	Step 0: mean loss = 0.0132
	Step 50: mean loss = 0.0133
	Step 100: mean loss = 0.0133
	Step 150: mean loss = 0.0134

	Loss on validation set after epoch 104: 0.0134

Epoch 105
	Step 0: mean loss = 0.0127
	Step 50: mean loss = 0.0131
	Step 100: mean loss = 0.0132
	Step 150: mean loss = 0.0132

	Loss on validation set after epoch 105: 0.0131

Epoch 106
	Step 0: mean loss = 0.0126
	Step 50: mean loss = 0.0131
	Step 100: mean loss = 0.0132
	Step 150: mean loss = 0.0131

	Loss on validation set after epoch 106: 0.0135

Epoch 107
	Step 0: mean loss = 0.0121
	Step 50: mean loss = 0.0129
	Step 100: mean loss = 0.0131
	Step 150: mean loss = 0.0131

	Loss on validation set after epoch 107: 0.0133

Epoch 108
	Step 0: mean loss = 0.0106
	Step 50: mean loss = 0.0129
	Step 100: mean loss = 0.0129
	Step 150: mean loss = 0.0131

	Loss on validation set after epoch 108: 0.0132

Epoch 109
	Step 0: mean loss = 0.0120
	Step 50: mean loss = 0.0128
	Step 100: mean loss = 0.0128
	Step 150: mean loss = 0.0129

	Loss on validation set after epoch 109: 0.0133

Epoch 110
	Step 0: mean loss = 0.0117
	Step 50: mean loss = 0.0130
	Step 100: mean loss = 0.0129
	Step 150: mean loss = 0.0130

	Loss on validation set after epoch 110: 0.0133

Epoch 111
	Step 0: mean loss = 0.0128
	Step 50: mean loss = 0.0128
	Step 100: mean loss = 0.0130
	Step 150: mean loss = 0.0129

	Loss on validation set after epoch 111: 0.0129

Epoch 112
	Step 0: mean loss = 0.0128
	Step 50: mean loss = 0.0126
	Step 100: mean loss = 0.0127
	Step 150: mean loss = 0.0128

	Loss on validation set after epoch 112: 0.0128

Epoch 113
	Step 0: mean loss = 0.0138
	Step 50: mean loss = 0.0127
	Step 100: mean loss = 0.0127
	Step 150: mean loss = 0.0127

	Loss on validation set after epoch 113: 0.0130

Epoch 114
	Step 0: mean loss = 0.0109
	Step 50: mean loss = 0.0125
	Step 100: mean loss = 0.0126
	Step 150: mean loss = 0.0126

	Loss on validation set after epoch 114: 0.0126

Epoch 115
	Step 0: mean loss = 0.0130
	Step 50: mean loss = 0.0125
	Step 100: mean loss = 0.0125
	Step 150: mean loss = 0.0125

	Loss on validation set after epoch 115: 0.0130

Epoch 116
	Step 0: mean loss = 0.0126
	Step 50: mean loss = 0.0123
	Step 100: mean loss = 0.0123
	Step 150: mean loss = 0.0124

	Loss on validation set after epoch 116: 0.0127

Epoch 117
	Step 0: mean loss = 0.0125
	Step 50: mean loss = 0.0124
	Step 100: mean loss = 0.0124
	Step 150: mean loss = 0.0125

	Loss on validation set after epoch 117: 0.0130

Epoch 118
	Step 0: mean loss = 0.0107
	Step 50: mean loss = 0.0123
	Step 100: mean loss = 0.0123
	Step 150: mean loss = 0.0124

	Loss on validation set after epoch 118: 0.0126

Epoch 119
	Step 0: mean loss = 0.0119
	Step 50: mean loss = 0.0122
	Step 100: mean loss = 0.0123
	Step 150: mean loss = 0.0123

	Loss on validation set after epoch 119: 0.0129

Epoch 120
	Step 0: mean loss = 0.0109
	Step 50: mean loss = 0.0121
	Step 100: mean loss = 0.0122
	Step 150: mean loss = 0.0122

	Loss on validation set after epoch 120: 0.0122

Epoch 121
	Step 0: mean loss = 0.0120
	Step 50: mean loss = 0.0120
	Step 100: mean loss = 0.0121
	Step 150: mean loss = 0.0121

	Loss on validation set after epoch 121: 0.0125

Epoch 122
	Step 0: mean loss = 0.0105
	Step 50: mean loss = 0.0119
	Step 100: mean loss = 0.0120
	Step 150: mean loss = 0.0120

	Loss on validation set after epoch 122: 0.0121

Epoch 123
	Step 0: mean loss = 0.0116
	Step 50: mean loss = 0.0119
	Step 100: mean loss = 0.0119
	Step 150: mean loss = 0.0119

	Loss on validation set after epoch 123: 0.0122

Epoch 124
	Step 0: mean loss = 0.0106
	Step 50: mean loss = 0.0119
	Step 100: mean loss = 0.0119
	Step 150: mean loss = 0.0120

	Loss on validation set after epoch 124: 0.0130

Epoch 125
	Step 0: mean loss = 0.0124
	Step 50: mean loss = 0.0120
	Step 100: mean loss = 0.0119
	Step 150: mean loss = 0.0118

	Loss on validation set after epoch 125: 0.0119

Epoch 126
	Step 0: mean loss = 0.0115
	Step 50: mean loss = 0.0116
	Step 100: mean loss = 0.0117
	Step 150: mean loss = 0.0117

	Loss on validation set after epoch 126: 0.0122

Epoch 127
	Step 0: mean loss = 0.0107
	Step 50: mean loss = 0.0116
	Step 100: mean loss = 0.0117
	Step 150: mean loss = 0.0117

	Loss on validation set after epoch 127: 0.0122

Epoch 128
	Step 0: mean loss = 0.0110
	Step 50: mean loss = 0.0114
	Step 100: mean loss = 0.0115
	Step 150: mean loss = 0.0115

	Loss on validation set after epoch 128: 0.0119

Epoch 129
	Step 0: mean loss = 0.0114
	Step 50: mean loss = 0.0114
	Step 100: mean loss = 0.0115
	Step 150: mean loss = 0.0115

	Loss on validation set after epoch 129: 0.0119

Epoch 130
	Step 0: mean loss = 0.0122
	Step 50: mean loss = 0.0113
	Step 100: mean loss = 0.0113
	Step 150: mean loss = 0.0114

	Loss on validation set after epoch 130: 0.0117

Epoch 131
	Step 0: mean loss = 0.0114
	Step 50: mean loss = 0.0115
	Step 100: mean loss = 0.0115
	Step 150: mean loss = 0.0115

	Loss on validation set after epoch 131: 0.0119

Epoch 132
	Step 0: mean loss = 0.0130
	Step 50: mean loss = 0.0115
	Step 100: mean loss = 0.0115
	Step 150: mean loss = 0.0115

	Loss on validation set after epoch 132: 0.0120

Epoch 133
	Step 0: mean loss = 0.0108
	Step 50: mean loss = 0.0115
	Step 100: mean loss = 0.0114
	Step 150: mean loss = 0.0114

	Loss on validation set after epoch 133: 0.0116

Epoch 134
	Step 0: mean loss = 0.0105
	Step 50: mean loss = 0.0114
	Step 100: mean loss = 0.0114
	Step 150: mean loss = 0.0114

	Loss on validation set after epoch 134: 0.0114

Epoch 135
	Step 0: mean loss = 0.0115
	Step 50: mean loss = 0.0113
	Step 100: mean loss = 0.0113
	Step 150: mean loss = 0.0114

	Loss on validation set after epoch 135: 0.0119

Epoch 136
	Step 0: mean loss = 0.0111
	Step 50: mean loss = 0.0112
	Step 100: mean loss = 0.0113
	Step 150: mean loss = 0.0113

	Loss on validation set after epoch 136: 0.0114

Epoch 137
	Step 0: mean loss = 0.0103
	Step 50: mean loss = 0.0112
	Step 100: mean loss = 0.0112
	Step 150: mean loss = 0.0112

	Loss on validation set after epoch 137: 0.0113

Epoch 138
	Step 0: mean loss = 0.0096
	Step 50: mean loss = 0.0111
	Step 100: mean loss = 0.0112
	Step 150: mean loss = 0.0112

	Loss on validation set after epoch 138: 0.0113

Epoch 139
	Step 0: mean loss = 0.0110
	Step 50: mean loss = 0.0112
	Step 100: mean loss = 0.0112
	Step 150: mean loss = 0.0112

	Loss on validation set after epoch 139: 0.0116

Epoch 140
	Step 0: mean loss = 0.0123
	Step 50: mean loss = 0.0110
	Step 100: mean loss = 0.0110
	Step 150: mean loss = 0.0111

	Loss on validation set after epoch 140: 0.0112

Epoch 141
	Step 0: mean loss = 0.0110
	Step 50: mean loss = 0.0110
	Step 100: mean loss = 0.0111
	Step 150: mean loss = 0.0111

	Loss on validation set after epoch 141: 0.0114

Epoch 142
	Step 0: mean loss = 0.0105
	Step 50: mean loss = 0.0109
	Step 100: mean loss = 0.0109
	Step 150: mean loss = 0.0110

	Loss on validation set after epoch 142: 0.0111

Epoch 143
	Step 0: mean loss = 0.0098
	Step 50: mean loss = 0.0108
	Step 100: mean loss = 0.0110
	Step 150: mean loss = 0.0110

	Loss on validation set after epoch 143: 0.0112

Epoch 144
	Step 0: mean loss = 0.0102
	Step 50: mean loss = 0.0109
	Step 100: mean loss = 0.0109
	Step 150: mean loss = 0.0109

	Loss on validation set after epoch 144: 0.0112

Epoch 145
	Step 0: mean loss = 0.0116
	Step 50: mean loss = 0.0111
	Step 100: mean loss = 0.0110
	Step 150: mean loss = 0.0109

	Loss on validation set after epoch 145: 0.0110

Epoch 146
	Step 0: mean loss = 0.0102
	Step 50: mean loss = 0.0108
	Step 100: mean loss = 0.0108
	Step 150: mean loss = 0.0108

	Loss on validation set after epoch 146: 0.0108

Epoch 147
	Step 0: mean loss = 0.0107
	Step 50: mean loss = 0.0109
	Step 100: mean loss = 0.0109
	Step 150: mean loss = 0.0109

	Loss on validation set after epoch 147: 0.0113

Epoch 148
	Step 0: mean loss = 0.0104
	Step 50: mean loss = 0.0108
	Step 100: mean loss = 0.0108
	Step 150: mean loss = 0.0108

	Loss on validation set after epoch 148: 0.0113

Epoch 149
	Step 0: mean loss = 0.0102
	Step 50: mean loss = 0.0107
	Step 100: mean loss = 0.0108
	Step 150: mean loss = 0.0108

	Loss on validation set after epoch 149: 0.0119

Epoch 150
	Step 0: mean loss = 0.0108
	Step 50: mean loss = 0.0107
	Step 100: mean loss = 0.0108
	Step 150: mean loss = 0.0107

	Loss on validation set after epoch 150: 0.0107

Epoch 151
	Step 0: mean loss = 0.0107
	Step 50: mean loss = 0.0106
	Step 100: mean loss = 0.0107
	Step 150: mean loss = 0.0107

	Loss on validation set after epoch 151: 0.0109

Epoch 152
	Step 0: mean loss = 0.0097
	Step 50: mean loss = 0.0105
	Step 100: mean loss = 0.0106
	Step 150: mean loss = 0.0107

	Loss on validation set after epoch 152: 0.0118

Epoch 153
	Step 0: mean loss = 0.0117
	Step 50: mean loss = 0.0107
	Step 100: mean loss = 0.0107
	Step 150: mean loss = 0.0107

	Loss on validation set after epoch 153: 0.0110

Epoch 154
	Step 0: mean loss = 0.0097
	Step 50: mean loss = 0.0106
	Step 100: mean loss = 0.0106
	Step 150: mean loss = 0.0106

	Loss on validation set after epoch 154: 0.0110

Epoch 155
	Step 0: mean loss = 0.0104
	Step 50: mean loss = 0.0105
	Step 100: mean loss = 0.0105
	Step 150: mean loss = 0.0107

	Loss on validation set after epoch 155: 0.0107

Epoch 156
	Step 0: mean loss = 0.0111
	Step 50: mean loss = 0.0107
	Step 100: mean loss = 0.0107
	Step 150: mean loss = 0.0106

	Loss on validation set after epoch 156: 0.0107

Epoch 157
	Step 0: mean loss = 0.0108
	Step 50: mean loss = 0.0105
	Step 100: mean loss = 0.0105
	Step 150: mean loss = 0.0105

	Loss on validation set after epoch 157: 0.0107

Epoch 158
	Step 0: mean loss = 0.0105
	Step 50: mean loss = 0.0106
	Step 100: mean loss = 0.0105
	Step 150: mean loss = 0.0105

	Loss on validation set after epoch 158: 0.0105

Epoch 159
	Step 0: mean loss = 0.0104
	Step 50: mean loss = 0.0106
	Step 100: mean loss = 0.0105
	Step 150: mean loss = 0.0106

	Loss on validation set after epoch 159: 0.0109

Epoch 160
	Step 0: mean loss = 0.0104
	Step 50: mean loss = 0.0105
	Step 100: mean loss = 0.0105
	Step 150: mean loss = 0.0104

	Loss on validation set after epoch 160: 0.0106

Epoch 161
	Step 0: mean loss = 0.0102
	Step 50: mean loss = 0.0104
	Step 100: mean loss = 0.0105
	Step 150: mean loss = 0.0105

	Loss on validation set after epoch 161: 0.0107

Epoch 162
	Step 0: mean loss = 0.0104
	Step 50: mean loss = 0.0103
	Step 100: mean loss = 0.0104
	Step 150: mean loss = 0.0104

	Loss on validation set after epoch 162: 0.0113

Epoch 163
	Step 0: mean loss = 0.0091
	Step 50: mean loss = 0.0104
	Step 100: mean loss = 0.0104
	Step 150: mean loss = 0.0103

	Loss on validation set after epoch 163: 0.0109

Epoch 164
	Step 0: mean loss = 0.0110
	Step 50: mean loss = 0.0104
	Step 100: mean loss = 0.0104
	Step 150: mean loss = 0.0104

	Loss on validation set after epoch 164: 0.0107

Epoch 165
	Step 0: mean loss = 0.0096
	Step 50: mean loss = 0.0103
	Step 100: mean loss = 0.0103
	Step 150: mean loss = 0.0103

	Loss on validation set after epoch 165: 0.0107

Epoch 166
	Step 0: mean loss = 0.0103
	Step 50: mean loss = 0.0104
	Step 100: mean loss = 0.0104
	Step 150: mean loss = 0.0104

	Loss on validation set after epoch 166: 0.0102

Epoch 167
	Step 0: mean loss = 0.0101
	Step 50: mean loss = 0.0101
	Step 100: mean loss = 0.0102
	Step 150: mean loss = 0.0101

	Loss on validation set after epoch 167: 0.0107

Epoch 168
	Step 0: mean loss = 0.0121
	Step 50: mean loss = 0.0103
	Step 100: mean loss = 0.0102
	Step 150: mean loss = 0.0101

	Loss on validation set after epoch 168: 0.0106

Epoch 169
	Step 0: mean loss = 0.0096
	Step 50: mean loss = 0.0102
	Step 100: mean loss = 0.0100
	Step 150: mean loss = 0.0101

	Loss on validation set after epoch 169: 0.0101

Epoch 170
	Step 0: mean loss = 0.0105
	Step 50: mean loss = 0.0101
	Step 100: mean loss = 0.0101
	Step 150: mean loss = 0.0101

	Loss on validation set after epoch 170: 0.0104

Epoch 171
	Step 0: mean loss = 0.0100
	Step 50: mean loss = 0.0102
	Step 100: mean loss = 0.0101
	Step 150: mean loss = 0.0100

	Loss on validation set after epoch 171: 0.0101

Epoch 172
	Step 0: mean loss = 0.0107
	Step 50: mean loss = 0.0099
	Step 100: mean loss = 0.0099
	Step 150: mean loss = 0.0099

	Loss on validation set after epoch 172: 0.0099

Epoch 173
	Step 0: mean loss = 0.0113
	Step 50: mean loss = 0.0099
	Step 100: mean loss = 0.0098
	Step 150: mean loss = 0.0099

	Loss on validation set after epoch 173: 0.0103

Epoch 174
	Step 0: mean loss = 0.0088
	Step 50: mean loss = 0.0098
	Step 100: mean loss = 0.0098
	Step 150: mean loss = 0.0098

	Loss on validation set after epoch 174: 0.0099

Epoch 175
	Step 0: mean loss = 0.0099
	Step 50: mean loss = 0.0100
	Step 100: mean loss = 0.0099
	Step 150: mean loss = 0.0099

	Loss on validation set after epoch 175: 0.0107

Epoch 176
	Step 0: mean loss = 0.0107
	Step 50: mean loss = 0.0099
	Step 100: mean loss = 0.0098
	Step 150: mean loss = 0.0098

	Loss on validation set after epoch 176: 0.0100

Epoch 177
	Step 0: mean loss = 0.0079
	Step 50: mean loss = 0.0097
	Step 100: mean loss = 0.0097
	Step 150: mean loss = 0.0097

	Loss on validation set after epoch 177: 0.0097

Epoch 178
	Step 0: mean loss = 0.0087
	Step 50: mean loss = 0.0099
	Step 100: mean loss = 0.0098
	Step 150: mean loss = 0.0098

	Loss on validation set after epoch 178: 0.0100

Epoch 179
	Step 0: mean loss = 0.0104
	Step 50: mean loss = 0.0097
	Step 100: mean loss = 0.0097
	Step 150: mean loss = 0.0097

	Loss on validation set after epoch 179: 0.0099

Epoch 180
	Step 0: mean loss = 0.0099
	Step 50: mean loss = 0.0096
	Step 100: mean loss = 0.0096
	Step 150: mean loss = 0.0096

	Loss on validation set after epoch 180: 0.0097

Epoch 181
	Step 0: mean loss = 0.0091
	Step 50: mean loss = 0.0096
	Step 100: mean loss = 0.0097
	Step 150: mean loss = 0.0097

	Loss on validation set after epoch 181: 0.0096

Epoch 182
	Step 0: mean loss = 0.0095
	Step 50: mean loss = 0.0097
	Step 100: mean loss = 0.0095
	Step 150: mean loss = 0.0095

	Loss on validation set after epoch 182: 0.0097

Epoch 183
	Step 0: mean loss = 0.0086
	Step 50: mean loss = 0.0095
	Step 100: mean loss = 0.0095
	Step 150: mean loss = 0.0095

	Loss on validation set after epoch 183: 0.0096

Epoch 184
	Step 0: mean loss = 0.0084
	Step 50: mean loss = 0.0096
	Step 100: mean loss = 0.0096
	Step 150: mean loss = 0.0095

	Loss on validation set after epoch 184: 0.0099

Epoch 185
	Step 0: mean loss = 0.0087
	Step 50: mean loss = 0.0094
	Step 100: mean loss = 0.0094
	Step 150: mean loss = 0.0094

	Loss on validation set after epoch 185: 0.0097

Epoch 186
	Step 0: mean loss = 0.0094
	Step 50: mean loss = 0.0095
	Step 100: mean loss = 0.0094
	Step 150: mean loss = 0.0094

	Loss on validation set after epoch 186: 0.0094

Epoch 187
	Step 0: mean loss = 0.0081
	Step 50: mean loss = 0.0094
	Step 100: mean loss = 0.0094
	Step 150: mean loss = 0.0093

	Loss on validation set after epoch 187: 0.0093

Epoch 188
	Step 0: mean loss = 0.0094
	Step 50: mean loss = 0.0093
	Step 100: mean loss = 0.0092
	Step 150: mean loss = 0.0092

	Loss on validation set after epoch 188: 0.0097

Epoch 189
	Step 0: mean loss = 0.0085
	Step 50: mean loss = 0.0093
	Step 100: mean loss = 0.0094
	Step 150: mean loss = 0.0094

	Loss on validation set after epoch 189: 0.0097

Epoch 190
	Step 0: mean loss = 0.0081
	Step 50: mean loss = 0.0093
	Step 100: mean loss = 0.0093
	Step 150: mean loss = 0.0092

	Loss on validation set after epoch 190: 0.0093

Epoch 191
	Step 0: mean loss = 0.0093
	Step 50: mean loss = 0.0092
	Step 100: mean loss = 0.0092
	Step 150: mean loss = 0.0092

	Loss on validation set after epoch 191: 0.0092

Epoch 192
	Step 0: mean loss = 0.0093
	Step 50: mean loss = 0.0090
	Step 100: mean loss = 0.0092
	Step 150: mean loss = 0.0092

	Loss on validation set after epoch 192: 0.0096

Epoch 193
	Step 0: mean loss = 0.0090
	Step 50: mean loss = 0.0091
	Step 100: mean loss = 0.0091
	Step 150: mean loss = 0.0092

	Loss on validation set after epoch 193: 0.0094

Epoch 194
	Step 0: mean loss = 0.0098
	Step 50: mean loss = 0.0091
	Step 100: mean loss = 0.0092
	Step 150: mean loss = 0.0091

	Loss on validation set after epoch 194: 0.0096

Epoch 195
	Step 0: mean loss = 0.0089
	Step 50: mean loss = 0.0091
	Step 100: mean loss = 0.0091
	Step 150: mean loss = 0.0090

	Loss on validation set after epoch 195: 0.0093

Epoch 196
	Step 0: mean loss = 0.0079
	Step 50: mean loss = 0.0092
	Step 100: mean loss = 0.0093
	Step 150: mean loss = 0.0092

	Loss on validation set after epoch 196: 0.0092

Epoch 197
	Step 0: mean loss = 0.0093
	Step 50: mean loss = 0.0090
	Step 100: mean loss = 0.0090
	Step 150: mean loss = 0.0090

	Loss on validation set after epoch 197: 0.0092

Epoch 198
	Step 0: mean loss = 0.0084
	Step 50: mean loss = 0.0089
	Step 100: mean loss = 0.0089
	Step 150: mean loss = 0.0090

	Loss on validation set after epoch 198: 0.0091

Epoch 199
	Step 0: mean loss = 0.0092
	Step 50: mean loss = 0.0092
	Step 100: mean loss = 0.0091
	Step 150: mean loss = 0.0090

	Loss on validation set after epoch 199: 0.0091

Epoch 200
	Step 0: mean loss = 0.0104
	Step 50: mean loss = 0.0089
	Step 100: mean loss = 0.0089
	Step 150: mean loss = 0.0089

	Loss on validation set after epoch 200: 0.0090

Epoch 201
	Step 0: mean loss = 0.0091
	Step 50: mean loss = 0.0088
	Step 100: mean loss = 0.0088
	Step 150: mean loss = 0.0089

	Loss on validation set after epoch 201: 0.0089

Epoch 202
	Step 0: mean loss = 0.0077
	Step 50: mean loss = 0.0087
	Step 100: mean loss = 0.0088
	Step 150: mean loss = 0.0088

	Loss on validation set after epoch 202: 0.0090

Epoch 203
	Step 0: mean loss = 0.0085
	Step 50: mean loss = 0.0088
	Step 100: mean loss = 0.0088
	Step 150: mean loss = 0.0088

	Loss on validation set after epoch 203: 0.0089

Epoch 204
	Step 0: mean loss = 0.0098
	Step 50: mean loss = 0.0089
	Step 100: mean loss = 0.0088
	Step 150: mean loss = 0.0087

	Loss on validation set after epoch 204: 0.0088

Epoch 205
	Step 0: mean loss = 0.0081
	Step 50: mean loss = 0.0087
	Step 100: mean loss = 0.0088
	Step 150: mean loss = 0.0087

	Loss on validation set after epoch 205: 0.0089

Epoch 206
	Step 0: mean loss = 0.0085
	Step 50: mean loss = 0.0088
	Step 100: mean loss = 0.0088
	Step 150: mean loss = 0.0087

	Loss on validation set after epoch 206: 0.0103

Epoch 207
	Step 0: mean loss = 0.0101
	Step 50: mean loss = 0.0088
	Step 100: mean loss = 0.0088
	Step 150: mean loss = 0.0087

	Loss on validation set after epoch 207: 0.0091

Epoch 208
	Step 0: mean loss = 0.0089
	Step 50: mean loss = 0.0088
	Step 100: mean loss = 0.0088
	Step 150: mean loss = 0.0087

	Loss on validation set after epoch 208: 0.0094

Epoch 209
	Step 0: mean loss = 0.0074
	Step 50: mean loss = 0.0087
	Step 100: mean loss = 0.0087
	Step 150: mean loss = 0.0087

	Loss on validation set after epoch 209: 0.0091

Epoch 210
	Step 0: mean loss = 0.0089
	Step 50: mean loss = 0.0086
	Step 100: mean loss = 0.0087
	Step 150: mean loss = 0.0086

	Loss on validation set after epoch 210: 0.0088

Epoch 211
	Step 0: mean loss = 0.0086
	Step 50: mean loss = 0.0086
	Step 100: mean loss = 0.0086
	Step 150: mean loss = 0.0086

	Loss on validation set after epoch 211: 0.0090

Epoch 212
	Step 0: mean loss = 0.0099
	Step 50: mean loss = 0.0087
	Step 100: mean loss = 0.0086
	Step 150: mean loss = 0.0086

	Loss on validation set after epoch 212: 0.0092

Epoch 213
	Step 0: mean loss = 0.0088
	Step 50: mean loss = 0.0085
	Step 100: mean loss = 0.0085
	Step 150: mean loss = 0.0085

	Loss on validation set after epoch 213: 0.0087

Epoch 214
	Step 0: mean loss = 0.0091
	Step 50: mean loss = 0.0086
	Step 100: mean loss = 0.0085
	Step 150: mean loss = 0.0085

	Loss on validation set after epoch 214: 0.0088

Epoch 215
	Step 0: mean loss = 0.0089
	Step 50: mean loss = 0.0086
	Step 100: mean loss = 0.0085
	Step 150: mean loss = 0.0085

	Loss on validation set after epoch 215: 0.0089

Epoch 216
	Step 0: mean loss = 0.0075
	Step 50: mean loss = 0.0085
	Step 100: mean loss = 0.0084
	Step 150: mean loss = 0.0084

	Loss on validation set after epoch 216: 0.0086

Epoch 217
	Step 0: mean loss = 0.0093
	Step 50: mean loss = 0.0085
	Step 100: mean loss = 0.0085
	Step 150: mean loss = 0.0084

	Loss on validation set after epoch 217: 0.0089

Epoch 218
	Step 0: mean loss = 0.0093
	Step 50: mean loss = 0.0086
	Step 100: mean loss = 0.0085
	Step 150: mean loss = 0.0084

	Loss on validation set after epoch 218: 0.0090

Epoch 219
	Step 0: mean loss = 0.0075
	Step 50: mean loss = 0.0084
	Step 100: mean loss = 0.0084
	Step 150: mean loss = 0.0084

	Loss on validation set after epoch 219: 0.0090

Epoch 220
	Step 0: mean loss = 0.0085
	Step 50: mean loss = 0.0085
	Step 100: mean loss = 0.0084
	Step 150: mean loss = 0.0084

	Loss on validation set after epoch 220: 0.0086

Epoch 221
	Step 0: mean loss = 0.0081
	Step 50: mean loss = 0.0084
	Step 100: mean loss = 0.0084
	Step 150: mean loss = 0.0084

	Loss on validation set after epoch 221: 0.0092

Epoch 222
	Step 0: mean loss = 0.0087
	Step 50: mean loss = 0.0084
	Step 100: mean loss = 0.0084
	Step 150: mean loss = 0.0083

	Loss on validation set after epoch 222: 0.0090

Epoch 223
	Step 0: mean loss = 0.0110
	Step 50: mean loss = 0.0085
	Step 100: mean loss = 0.0084
	Step 150: mean loss = 0.0083

	Loss on validation set after epoch 223: 0.0085

Epoch 224
	Step 0: mean loss = 0.0079
	Step 50: mean loss = 0.0084
	Step 100: mean loss = 0.0083
	Step 150: mean loss = 0.0082

	Loss on validation set after epoch 224: 0.0090

Epoch 225
	Step 0: mean loss = 0.0098
	Step 50: mean loss = 0.0084
	Step 100: mean loss = 0.0084
	Step 150: mean loss = 0.0083

	Loss on validation set after epoch 225: 0.0085

Epoch 226
	Step 0: mean loss = 0.0084
	Step 50: mean loss = 0.0083
	Step 100: mean loss = 0.0084
	Step 150: mean loss = 0.0083

	Loss on validation set after epoch 226: 0.0088

Epoch 227
	Step 0: mean loss = 0.0106
	Step 50: mean loss = 0.0083
	Step 100: mean loss = 0.0082
	Step 150: mean loss = 0.0082

	Loss on validation set after epoch 227: 0.0084

Epoch 228
	Step 0: mean loss = 0.0081
	Step 50: mean loss = 0.0083
	Step 100: mean loss = 0.0083
	Step 150: mean loss = 0.0082

	Loss on validation set after epoch 228: 0.0085

Epoch 229
	Step 0: mean loss = 0.0084
	Step 50: mean loss = 0.0083
	Step 100: mean loss = 0.0082
	Step 150: mean loss = 0.0082

	Loss on validation set after epoch 229: 0.0085

Epoch 230
	Step 0: mean loss = 0.0084
	Step 50: mean loss = 0.0083
	Step 100: mean loss = 0.0083
	Step 150: mean loss = 0.0082

	Loss on validation set after epoch 230: 0.0087

Epoch 231
	Step 0: mean loss = 0.0077
	Step 50: mean loss = 0.0082
	Step 100: mean loss = 0.0083
	Step 150: mean loss = 0.0082

	Loss on validation set after epoch 231: 0.0083

Epoch 232
	Step 0: mean loss = 0.0074
	Step 50: mean loss = 0.0082
	Step 100: mean loss = 0.0081
	Step 150: mean loss = 0.0081

	Loss on validation set after epoch 232: 0.0087

Epoch 233
	Step 0: mean loss = 0.0084
	Step 50: mean loss = 0.0083
	Step 100: mean loss = 0.0082
	Step 150: mean loss = 0.0081

	Loss on validation set after epoch 233: 0.0085

Epoch 234
	Step 0: mean loss = 0.0081
	Step 50: mean loss = 0.0082
	Step 100: mean loss = 0.0082
	Step 150: mean loss = 0.0081

	Loss on validation set after epoch 234: 0.0085

Epoch 235
	Step 0: mean loss = 0.0079
	Step 50: mean loss = 0.0081
	Step 100: mean loss = 0.0081
	Step 150: mean loss = 0.0081

	Loss on validation set after epoch 235: 0.0084

Epoch 236
	Step 0: mean loss = 0.0078
	Step 50: mean loss = 0.0081
	Step 100: mean loss = 0.0081
	Step 150: mean loss = 0.0081

	Loss on validation set after epoch 236: 0.0086

Epoch 237
	Step 0: mean loss = 0.0087
	Step 50: mean loss = 0.0081
	Step 100: mean loss = 0.0080
	Step 150: mean loss = 0.0080

	Loss on validation set after epoch 237: 0.0084

Epoch 238
	Step 0: mean loss = 0.0070
	Step 50: mean loss = 0.0081
	Step 100: mean loss = 0.0081
	Step 150: mean loss = 0.0080

	Loss on validation set after epoch 238: 0.0083

Epoch 239
	Step 0: mean loss = 0.0085
	Step 50: mean loss = 0.0081
	Step 100: mean loss = 0.0080
	Step 150: mean loss = 0.0081

	Loss on validation set after epoch 239: 0.0084

Epoch 240
	Step 0: mean loss = 0.0070
	Step 50: mean loss = 0.0081
	Step 100: mean loss = 0.0080
	Step 150: mean loss = 0.0080

	Loss on validation set after epoch 240: 0.0086

Epoch 241
	Step 0: mean loss = 0.0083
	Step 50: mean loss = 0.0081
	Step 100: mean loss = 0.0080
	Step 150: mean loss = 0.0080

	Loss on validation set after epoch 241: 0.0084

Epoch 242
	Step 0: mean loss = 0.0093
	Step 50: mean loss = 0.0081
	Step 100: mean loss = 0.0080
	Step 150: mean loss = 0.0080

	Loss on validation set after epoch 242: 0.0084

Epoch 243
	Step 0: mean loss = 0.0086
	Step 50: mean loss = 0.0080
	Step 100: mean loss = 0.0080
	Step 150: mean loss = 0.0080

	Loss on validation set after epoch 243: 0.0085

Epoch 244
	Step 0: mean loss = 0.0071
	Step 50: mean loss = 0.0081
	Step 100: mean loss = 0.0080
	Step 150: mean loss = 0.0080

	Loss on validation set after epoch 244: 0.0087

Epoch 245
	Step 0: mean loss = 0.0074
	Step 50: mean loss = 0.0079
	Step 100: mean loss = 0.0079
	Step 150: mean loss = 0.0079

	Loss on validation set after epoch 245: 0.0086

Epoch 246
	Step 0: mean loss = 0.0088
	Step 50: mean loss = 0.0081
	Step 100: mean loss = 0.0079
	Step 150: mean loss = 0.0079

	Loss on validation set after epoch 246: 0.0082

Epoch 247
	Step 0: mean loss = 0.0084
	Step 50: mean loss = 0.0079
	Step 100: mean loss = 0.0079
	Step 150: mean loss = 0.0079

	Loss on validation set after epoch 247: 0.0083

Epoch 248
	Step 0: mean loss = 0.0085
	Step 50: mean loss = 0.0080
	Step 100: mean loss = 0.0080
	Step 150: mean loss = 0.0080

	Loss on validation set after epoch 248: 0.0082

Epoch 249
	Step 0: mean loss = 0.0079
	Step 50: mean loss = 0.0080
	Step 100: mean loss = 0.0080
	Step 150: mean loss = 0.0079

	Loss on validation set after epoch 249: 0.0082

Epoch 250
	Step 0: mean loss = 0.0070
	Step 50: mean loss = 0.0079
	Step 100: mean loss = 0.0079
	Step 150: mean loss = 0.0078

	Loss on validation set after epoch 250: 0.0080

Epoch 251
	Step 0: mean loss = 0.0088
	Step 50: mean loss = 0.0080
	Step 100: mean loss = 0.0079
	Step 150: mean loss = 0.0079

	Loss on validation set after epoch 251: 0.0084

Epoch 252
	Step 0: mean loss = 0.0085
	Step 50: mean loss = 0.0079
	Step 100: mean loss = 0.0080
	Step 150: mean loss = 0.0079

	Loss on validation set after epoch 252: 0.0084

Epoch 253
	Step 0: mean loss = 0.0083
	Step 50: mean loss = 0.0080
	Step 100: mean loss = 0.0079
	Step 150: mean loss = 0.0078

	Loss on validation set after epoch 253: 0.0084

Epoch 254
	Step 0: mean loss = 0.0081
	Step 50: mean loss = 0.0080
	Step 100: mean loss = 0.0078
	Step 150: mean loss = 0.0078

	Loss on validation set after epoch 254: 0.0082

Epoch 255
	Step 0: mean loss = 0.0077
	Step 50: mean loss = 0.0079
	Step 100: mean loss = 0.0078
	Step 150: mean loss = 0.0078

	Loss on validation set after epoch 255: 0.0082

Epoch 256
	Step 0: mean loss = 0.0077
	Step 50: mean loss = 0.0078
	Step 100: mean loss = 0.0078
	Step 150: mean loss = 0.0078

	Loss on validation set after epoch 256: 0.0080

Epoch 257
	Step 0: mean loss = 0.0070
	Step 50: mean loss = 0.0077
	Step 100: mean loss = 0.0077
	Step 150: mean loss = 0.0077

	Loss on validation set after epoch 257: 0.0081

Epoch 258
	Step 0: mean loss = 0.0077
	Step 50: mean loss = 0.0078
	Step 100: mean loss = 0.0077
	Step 150: mean loss = 0.0077

	Loss on validation set after epoch 258: 0.0082

Epoch 259
	Step 0: mean loss = 0.0081
	Step 50: mean loss = 0.0079
	Step 100: mean loss = 0.0078
	Step 150: mean loss = 0.0077

	Loss on validation set after epoch 259: 0.0080

Epoch 260
	Step 0: mean loss = 0.0072
	Step 50: mean loss = 0.0078
	Step 100: mean loss = 0.0078
	Step 150: mean loss = 0.0077

	Loss on validation set after epoch 260: 0.0084

Epoch 261
	Step 0: mean loss = 0.0080
	Step 50: mean loss = 0.0078
	Step 100: mean loss = 0.0077
	Step 150: mean loss = 0.0077

	Loss on validation set after epoch 261: 0.0084

Epoch 262
	Step 0: mean loss = 0.0084
	Step 50: mean loss = 0.0077
	Step 100: mean loss = 0.0077
	Step 150: mean loss = 0.0077

	Loss on validation set after epoch 262: 0.0087

Epoch 263
	Step 0: mean loss = 0.0084
	Step 50: mean loss = 0.0078
	Step 100: mean loss = 0.0077
	Step 150: mean loss = 0.0077

	Loss on validation set after epoch 263: 0.0083

Epoch 264
	Step 0: mean loss = 0.0090
	Step 50: mean loss = 0.0080
	Step 100: mean loss = 0.0078
	Step 150: mean loss = 0.0077

	Loss on validation set after epoch 264: 0.0082

Epoch 265
	Step 0: mean loss = 0.0078
	Step 50: mean loss = 0.0078
	Step 100: mean loss = 0.0077
	Step 150: mean loss = 0.0076

	Loss on validation set after epoch 265: 0.0082

Epoch 266
	Step 0: mean loss = 0.0076
	Step 50: mean loss = 0.0077
	Step 100: mean loss = 0.0076
	Step 150: mean loss = 0.0076

	Loss on validation set after epoch 266: 0.0079

Epoch 267
	Step 0: mean loss = 0.0087
	Step 50: mean loss = 0.0077
	Step 100: mean loss = 0.0078
	Step 150: mean loss = 0.0077

	Loss on validation set after epoch 267: 0.0082

Epoch 268
	Step 0: mean loss = 0.0074
	Step 50: mean loss = 0.0076
	Step 100: mean loss = 0.0075
	Step 150: mean loss = 0.0075

	Loss on validation set after epoch 268: 0.0084

Epoch 269
	Step 0: mean loss = 0.0086
	Step 50: mean loss = 0.0076
	Step 100: mean loss = 0.0075
	Step 150: mean loss = 0.0075

	Loss on validation set after epoch 269: 0.0082

Epoch 270
	Step 0: mean loss = 0.0077
	Step 50: mean loss = 0.0077
	Step 100: mean loss = 0.0075
	Step 150: mean loss = 0.0075

	Loss on validation set after epoch 270: 0.0083

Epoch 271
	Step 0: mean loss = 0.0073
	Step 50: mean loss = 0.0077
	Step 100: mean loss = 0.0076
	Step 150: mean loss = 0.0076

	Loss on validation set after epoch 271: 0.0083

Epoch 272
	Step 0: mean loss = 0.0082
	Step 50: mean loss = 0.0076
	Step 100: mean loss = 0.0076
	Step 150: mean loss = 0.0075

	Loss on validation set after epoch 272: 0.0077

Epoch 273
	Step 0: mean loss = 0.0073
	Step 50: mean loss = 0.0075
	Step 100: mean loss = 0.0075
	Step 150: mean loss = 0.0074

	Loss on validation set after epoch 273: 0.0078

Epoch 274
	Step 0: mean loss = 0.0064
	Step 50: mean loss = 0.0075
	Step 100: mean loss = 0.0075
	Step 150: mean loss = 0.0074

	Loss on validation set after epoch 274: 0.0084

Epoch 275
	Step 0: mean loss = 0.0083
	Step 50: mean loss = 0.0076
	Step 100: mean loss = 0.0075
	Step 150: mean loss = 0.0075

	Loss on validation set after epoch 275: 0.0082

Epoch 276
	Step 0: mean loss = 0.0072
	Step 50: mean loss = 0.0076
	Step 100: mean loss = 0.0075
	Step 150: mean loss = 0.0074

	Loss on validation set after epoch 276: 0.0078

Epoch 277
	Step 0: mean loss = 0.0080
	Step 50: mean loss = 0.0075
	Step 100: mean loss = 0.0074
	Step 150: mean loss = 0.0074

	Loss on validation set after epoch 277: 0.0076

Epoch 278
	Step 0: mean loss = 0.0072
	Step 50: mean loss = 0.0074
	Step 100: mean loss = 0.0074
	Step 150: mean loss = 0.0074

	Loss on validation set after epoch 278: 0.0077

Epoch 279
	Step 0: mean loss = 0.0089
	Step 50: mean loss = 0.0075
	Step 100: mean loss = 0.0074
	Step 150: mean loss = 0.0074

	Loss on validation set after epoch 279: 0.0075

Epoch 280
	Step 0: mean loss = 0.0071
	Step 50: mean loss = 0.0075
	Step 100: mean loss = 0.0074
	Step 150: mean loss = 0.0073

	Loss on validation set after epoch 280: 0.0080

Epoch 281
	Step 0: mean loss = 0.0087
	Step 50: mean loss = 0.0075
	Step 100: mean loss = 0.0074
	Step 150: mean loss = 0.0074

	Loss on validation set after epoch 281: 0.0077

Epoch 282
	Step 0: mean loss = 0.0074
	Step 50: mean loss = 0.0074
	Step 100: mean loss = 0.0074
	Step 150: mean loss = 0.0074

	Loss on validation set after epoch 282: 0.0078

Epoch 283
	Step 0: mean loss = 0.0090
	Step 50: mean loss = 0.0074
	Step 100: mean loss = 0.0073
	Step 150: mean loss = 0.0073

	Loss on validation set after epoch 283: 0.0080

Epoch 284
	Step 0: mean loss = 0.0079
	Step 50: mean loss = 0.0074
	Step 100: mean loss = 0.0074
	Step 150: mean loss = 0.0073

	Loss on validation set after epoch 284: 0.0079

Epoch 285
	Step 0: mean loss = 0.0081
	Step 50: mean loss = 0.0074
	Step 100: mean loss = 0.0073
	Step 150: mean loss = 0.0073

	Loss on validation set after epoch 285: 0.0077

Epoch 286
	Step 0: mean loss = 0.0077
	Step 50: mean loss = 0.0074
	Step 100: mean loss = 0.0073
	Step 150: mean loss = 0.0073

	Loss on validation set after epoch 286: 0.0080

Epoch 287
	Step 0: mean loss = 0.0075
	Step 50: mean loss = 0.0075
	Step 100: mean loss = 0.0074
	Step 150: mean loss = 0.0073

	Loss on validation set after epoch 287: 0.0080

Epoch 288
	Step 0: mean loss = 0.0077
	Step 50: mean loss = 0.0074
	Step 100: mean loss = 0.0073
	Step 150: mean loss = 0.0073

	Loss on validation set after epoch 288: 0.0078

Epoch 289
	Step 0: mean loss = 0.0083
	Step 50: mean loss = 0.0074
	Step 100: mean loss = 0.0073
	Step 150: mean loss = 0.0073

	Loss on validation set after epoch 289: 0.0078

Model from epoch 279 was selected by early stopping.
Training process will be stopped now.
Deleted temporary files in ../data/trained_models/temp_01-08-07-49-54/
Location of saved model: ../data/trained_models/selected_4_01-08-07-49-54/ 

Adding feature wise convolutions with 32 filters per feature, 3 kernels and 1 strides ...
Adding feature wise convolutions with 1 filters per feature, 3 kernels and 1 strides ...
Adding feature based graph attention layer ...
Adding time based graph attention layer ...
Adding GRU layer with 256 units ...
Adding GRU layer with 61 units ...
Adding GRU layer to forecasting model with 256 units ...
Adding VAE as reconstruction model with dimensions 3072 & 1536 and ...
The RBM reconstructs the output of the gru layer.

Grid search running in AD and FPD selection mode.
The following hyperparameters will not be evaluated:
si_mode
si_parameter

Testing 3600 combinations via grid search 
for model selected_4_01-08-07-49-54/ on the validation dataset. 


Top 50 combinations tested:
      gamma  single_timestamp_a.. affected_timestamp..  unaffected_compone..                         relevance_mapping     AD F1     AD F2    AD TPR   AD Prec    AD ACC    AD TNR    AD FPR  SI/ST AVG-HR@100%  SI/ST AVG-HR@150%  SI/ST AVG-HR@K  SI/ST F1  SI/ST TPR  SI/ST ACC
Comb                                                                                                                                                                                                                                                                              
1370    0.4                 0.275                  100                   0.5  {'h': 1.0, 'm': 0.0, 'l': 0.0, 'e': 0.0}  0.616915  0.697021  0.763077  0.517745  0.819883  0.833213  0.166787           0.388636           0.456143        0.187692  0.104615   0.104615   0.872088
1350    0.4                 0.275                  100                   0.1  {'h': 1.0, 'm': 1.0, 'l': 1.0, 'e': 0.0}  0.616523  0.699888  0.769231  0.514403  0.818129  0.829603  0.170397           0.388636           0.456143        0.363077  0.144615   0.144615   0.868402
1351    0.4                 0.275                  100                   0.1  {'h': 1.0, 'm': 1.0, 'l': 0.0, 'e': 0.0}  0.616523  0.699888  0.769231  0.514403  0.818129  0.829603  0.170397           0.388636           0.456143        0.316923  0.107692   0.107692   0.862722
1352    0.4                 0.275                  100                   0.1  {'h': 1.0, 'm': 0.0, 'l': 0.0, 'e': 0.0}  0.616523  0.699888  0.769231  0.514403  0.818129  0.829603  0.170397           0.388636           0.456143        0.187692  0.104615   0.104615   0.862249
1353    0.4                 0.275                  100                   0.1  {'h': 1.0, 'm': 0.3, 'l': 0.0, 'e': 0.0}  0.616523  0.699888  0.769231  0.514403  0.818129  0.829603  0.170397           0.388636           0.456143        0.206154  0.107692   0.107692   0.862722
1354    0.4                 0.275                  100                   0.1  {'h': 1.0, 'm': 0.5, 'l': 0.3, 'e': 0.3}  0.616523  0.699888  0.769231  0.514403  0.818129  0.829603  0.170397           0.388636           0.456143        0.341538  0.193846   0.193846   0.875976
1355    0.4                 0.275                  100                   0.1  {'h': 1.0, 'm': 0.5, 'l': 0.3, 'e': 0.0}  0.616523  0.699888  0.769231  0.514403  0.818129  0.829603  0.170397           0.388636           0.456143        0.289231  0.110769   0.110769   0.863195
1356    0.4                 0.275                  100                   0.2  {'h': 1.0, 'm': 1.0, 'l': 1.0, 'e': 0.0}  0.616523  0.699888  0.769231  0.514403  0.818129  0.829603  0.170397           0.388636           0.456143        0.363077  0.144615   0.144615   0.868402
1357    0.4                 0.275                  100                   0.2  {'h': 1.0, 'm': 1.0, 'l': 0.0, 'e': 0.0}  0.616523  0.699888  0.769231  0.514403  0.818129  0.829603  0.170397           0.388636           0.456143        0.316923  0.107692   0.107692   0.862722
1358    0.4                 0.275                  100                   0.2  {'h': 1.0, 'm': 0.0, 'l': 0.0, 'e': 0.0}  0.616523  0.699888  0.769231  0.514403  0.818129  0.829603  0.170397           0.388636           0.456143        0.187692  0.104615   0.104615   0.862249
1359    0.4                 0.275                  100                   0.2  {'h': 1.0, 'm': 0.3, 'l': 0.0, 'e': 0.0}  0.616523  0.699888  0.769231  0.514403  0.818129  0.829603  0.170397           0.388636           0.456143        0.206154  0.107692   0.107692   0.862722
1360    0.4                 0.275                  100                   0.2  {'h': 1.0, 'm': 0.5, 'l': 0.3, 'e': 0.3}  0.616523  0.699888  0.769231  0.514403  0.818129  0.829603  0.170397           0.388636           0.456143        0.341538  0.193846   0.193846   0.875976
1361    0.4                 0.275                  100                   0.2  {'h': 1.0, 'm': 0.5, 'l': 0.3, 'e': 0.0}  0.616523  0.699888  0.769231  0.514403  0.818129  0.829603  0.170397           0.388636           0.456143        0.289231  0.110769   0.110769   0.863195
1362    0.4                 0.275                  100                   0.3  {'h': 1.0, 'm': 1.0, 'l': 1.0, 'e': 0.0}  0.616523  0.699888  0.769231  0.514403  0.818129  0.829603  0.170397           0.388636           0.456143        0.363077  0.144615   0.144615   0.868402
1363    0.4                 0.275                  100                   0.3  {'h': 1.0, 'm': 1.0, 'l': 0.0, 'e': 0.0}  0.616523  0.699888  0.769231  0.514403  0.818129  0.829603  0.170397           0.388636           0.456143        0.316923  0.107692   0.107692   0.862722
1364    0.4                 0.275                  100                   0.3  {'h': 1.0, 'm': 0.0, 'l': 0.0, 'e': 0.0}  0.616523  0.699888  0.769231  0.514403  0.818129  0.829603  0.170397           0.388636           0.456143        0.187692  0.104615   0.104615   0.862249
1365    0.4                 0.275                  100                   0.3  {'h': 1.0, 'm': 0.3, 'l': 0.0, 'e': 0.0}  0.616523  0.699888  0.769231  0.514403  0.818129  0.829603  0.170397           0.388636           0.456143        0.206154  0.107692   0.107692   0.862722
1366    0.4                 0.275                  100                   0.3  {'h': 1.0, 'm': 0.5, 'l': 0.3, 'e': 0.3}  0.616523  0.699888  0.769231  0.514403  0.818129  0.829603  0.170397           0.388636           0.456143        0.341538  0.193846   0.193846   0.875976
1367    0.4                 0.275                  100                   0.3  {'h': 1.0, 'm': 0.5, 'l': 0.3, 'e': 0.0}  0.616523  0.699888  0.769231  0.514403  0.818129  0.829603  0.170397           0.388636           0.456143        0.289231  0.110769   0.110769   0.863195
2520    0.6                 0.300                  180                   0.1  {'h': 1.0, 'm': 1.0, 'l': 1.0, 'e': 0.0}  0.613836  0.689266  0.750769  0.519149  0.820468  0.836823  0.163177           0.378568           0.464680        0.363077  0.169231   0.169231   0.872189
2521    0.6                 0.300                  180                   0.1  {'h': 1.0, 'm': 1.0, 'l': 0.0, 'e': 0.0}  0.613836  0.689266  0.750769  0.519149  0.820468  0.836823  0.163177           0.378568           0.464680        0.335385  0.107692   0.107692   0.862722
2522    0.6                 0.300                  180                   0.1  {'h': 1.0, 'm': 0.0, 'l': 0.0, 'e': 0.0}  0.613836  0.689266  0.750769  0.519149  0.820468  0.836823  0.163177           0.378568           0.464680        0.187692  0.120000   0.120000   0.864615
2523    0.6                 0.300                  180                   0.1  {'h': 1.0, 'm': 0.3, 'l': 0.0, 'e': 0.0}  0.613836  0.689266  0.750769  0.519149  0.820468  0.836823  0.163177           0.378568           0.464680        0.200000  0.104615   0.104615   0.862249
2524    0.6                 0.300                  180                   0.1  {'h': 1.0, 'm': 0.5, 'l': 0.3, 'e': 0.3}  0.613836  0.689266  0.750769  0.519149  0.820468  0.836823  0.163177           0.378568           0.464680        0.341538  0.206154   0.206154   0.877870
2525    0.6                 0.300                  180                   0.1  {'h': 1.0, 'm': 0.5, 'l': 0.3, 'e': 0.0}  0.613836  0.689266  0.750769  0.519149  0.820468  0.836823  0.163177           0.378568           0.464680        0.323077  0.132308   0.132308   0.866509
2526    0.6                 0.300                  180                   0.2  {'h': 1.0, 'm': 1.0, 'l': 1.0, 'e': 0.0}  0.613836  0.689266  0.750769  0.519149  0.820468  0.836823  0.163177           0.378568           0.464680        0.363077  0.169231   0.169231   0.872189
2527    0.6                 0.300                  180                   0.2  {'h': 1.0, 'm': 1.0, 'l': 0.0, 'e': 0.0}  0.613836  0.689266  0.750769  0.519149  0.820468  0.836823  0.163177           0.378568           0.464680        0.335385  0.107692   0.107692   0.862722
2528    0.6                 0.300                  180                   0.2  {'h': 1.0, 'm': 0.0, 'l': 0.0, 'e': 0.0}  0.613836  0.689266  0.750769  0.519149  0.820468  0.836823  0.163177           0.378568           0.464680        0.187692  0.120000   0.120000   0.864615
2529    0.6                 0.300                  180                   0.2  {'h': 1.0, 'm': 0.3, 'l': 0.0, 'e': 0.0}  0.613836  0.689266  0.750769  0.519149  0.820468  0.836823  0.163177           0.378568           0.464680        0.200000  0.104615   0.104615   0.862249
2530    0.6                 0.300                  180                   0.2  {'h': 1.0, 'm': 0.5, 'l': 0.3, 'e': 0.3}  0.613836  0.689266  0.750769  0.519149  0.820468  0.836823  0.163177           0.378568           0.464680        0.341538  0.206154   0.206154   0.877870
2531    0.6                 0.300                  180                   0.2  {'h': 1.0, 'm': 0.5, 'l': 0.3, 'e': 0.0}  0.613836  0.689266  0.750769  0.519149  0.820468  0.836823  0.163177           0.378568           0.464680        0.323077  0.132308   0.132308   0.866509
2532    0.6                 0.300                  180                   0.3  {'h': 1.0, 'm': 1.0, 'l': 1.0, 'e': 0.0}  0.613836  0.689266  0.750769  0.519149  0.820468  0.836823  0.163177           0.378568           0.464680        0.363077  0.169231   0.169231   0.872189
2533    0.6                 0.300                  180                   0.3  {'h': 1.0, 'm': 1.0, 'l': 0.0, 'e': 0.0}  0.613836  0.689266  0.750769  0.519149  0.820468  0.836823  0.163177           0.378568           0.464680        0.335385  0.107692   0.107692   0.862722
2534    0.6                 0.300                  180                   0.3  {'h': 1.0, 'm': 0.0, 'l': 0.0, 'e': 0.0}  0.613836  0.689266  0.750769  0.519149  0.820468  0.836823  0.163177           0.378568           0.464680        0.187692  0.120000   0.120000   0.864615
2535    0.6                 0.300                  180                   0.3  {'h': 1.0, 'm': 0.3, 'l': 0.0, 'e': 0.0}  0.613836  0.689266  0.750769  0.519149  0.820468  0.836823  0.163177           0.378568           0.464680        0.200000  0.104615   0.104615   0.862249
2536    0.6                 0.300                  180                   0.3  {'h': 1.0, 'm': 0.5, 'l': 0.3, 'e': 0.3}  0.613836  0.689266  0.750769  0.519149  0.820468  0.836823  0.163177           0.378568           0.464680        0.341538  0.206154   0.206154   0.877870
2537    0.6                 0.300                  180                   0.3  {'h': 1.0, 'm': 0.5, 'l': 0.3, 'e': 0.0}  0.613836  0.689266  0.750769  0.519149  0.820468  0.836823  0.163177           0.378568           0.464680        0.323077  0.132308   0.132308   0.866509
2540    0.6                 0.300                  180                   0.5  {'h': 1.0, 'm': 0.0, 'l': 0.0, 'e': 0.0}  0.611675  0.683494  0.741538  0.520518  0.821053  0.839711  0.160289           0.378568           0.464680        0.187692  0.120000   0.120000   0.874286
1380    0.4                 0.275                  120                   0.1  {'h': 1.0, 'm': 1.0, 'l': 1.0, 'e': 0.0}  0.611465  0.681818  0.738462  0.521739  0.821637  0.841155  0.158845           0.388636           0.456143        0.363077  0.144615   0.144615   0.868402
1381    0.4                 0.275                  120                   0.1  {'h': 1.0, 'm': 1.0, 'l': 0.0, 'e': 0.0}  0.611465  0.681818  0.738462  0.521739  0.821637  0.841155  0.158845           0.388636           0.456143        0.316923  0.107692   0.107692   0.862722
1382    0.4                 0.275                  120                   0.1  {'h': 1.0, 'm': 0.0, 'l': 0.0, 'e': 0.0}  0.611465  0.681818  0.738462  0.521739  0.821637  0.841155  0.158845           0.388636           0.456143        0.187692  0.104615   0.104615   0.862249
1383    0.4                 0.275                  120                   0.1  {'h': 1.0, 'm': 0.3, 'l': 0.0, 'e': 0.0}  0.611465  0.681818  0.738462  0.521739  0.821637  0.841155  0.158845           0.388636           0.456143        0.206154  0.107692   0.107692   0.862722
1384    0.4                 0.275                  120                   0.1  {'h': 1.0, 'm': 0.5, 'l': 0.3, 'e': 0.3}  0.611465  0.681818  0.738462  0.521739  0.821637  0.841155  0.158845           0.388636           0.456143        0.341538  0.193846   0.193846   0.875976
1385    0.4                 0.275                  120                   0.1  {'h': 1.0, 'm': 0.5, 'l': 0.3, 'e': 0.0}  0.611465  0.681818  0.738462  0.521739  0.821637  0.841155  0.158845           0.388636           0.456143        0.289231  0.110769   0.110769   0.863195
1386    0.4                 0.275                  120                   0.2  {'h': 1.0, 'm': 1.0, 'l': 1.0, 'e': 0.0}  0.611465  0.681818  0.738462  0.521739  0.821637  0.841155  0.158845           0.388636           0.456143        0.363077  0.144615   0.144615   0.868402
1387    0.4                 0.275                  120                   0.2  {'h': 1.0, 'm': 1.0, 'l': 0.0, 'e': 0.0}  0.611465  0.681818  0.738462  0.521739  0.821637  0.841155  0.158845           0.388636           0.456143        0.316923  0.107692   0.107692   0.862722
1388    0.4                 0.275                  120                   0.2  {'h': 1.0, 'm': 0.0, 'l': 0.0, 'e': 0.0}  0.611465  0.681818  0.738462  0.521739  0.821637  0.841155  0.158845           0.388636           0.456143        0.187692  0.104615   0.104615   0.862249
1389    0.4                 0.275                  120                   0.2  {'h': 1.0, 'm': 0.3, 'l': 0.0, 'e': 0.0}  0.611465  0.681818  0.738462  0.521739  0.821637  0.841155  0.158845           0.388636           0.456143        0.206154  0.107692   0.107692   0.862722
1390    0.4                 0.275                  120                   0.2  {'h': 1.0, 'm': 0.5, 'l': 0.3, 'e': 0.3}  0.611465  0.681818  0.738462  0.521739  0.821637  0.841155  0.158845           0.388636           0.456143        0.341538  0.193846   0.193846   0.875976
1391    0.4                 0.275                  120                   0.2  {'h': 1.0, 'm': 0.5, 'l': 0.3, 'e': 0.0}  0.611465  0.681818  0.738462  0.521739  0.821637  0.841155  0.158845           0.388636           0.456143        0.289231  0.110769   0.110769   0.863195
1392    0.4                 0.275                  120                   0.3  {'h': 1.0, 'm': 1.0, 'l': 1.0, 'e': 0.0}  0.611465  0.681818  0.738462  0.521739  0.821637  0.841155  0.158845           0.388636           0.456143        0.363077  0.144615   0.144615   0.868402
1393    0.4                 0.275                  120                   0.3  {'h': 1.0, 'm': 1.0, 'l': 0.0, 'e': 0.0}  0.611465  0.681818  0.738462  0.521739  0.821637  0.841155  0.158845           0.388636           0.456143        0.316923  0.107692   0.107692   0.862722
1394    0.4                 0.275                  120                   0.3  {'h': 1.0, 'm': 0.0, 'l': 0.0, 'e': 0.0}  0.611465  0.681818  0.738462  0.521739  0.821637  0.841155  0.158845           0.388636           0.456143        0.187692  0.104615   0.104615   0.862249
1395    0.4                 0.275                  120                   0.3  {'h': 1.0, 'm': 0.3, 'l': 0.0, 'e': 0.0}  0.611465  0.681818  0.738462  0.521739  0.821637  0.841155  0.158845           0.388636           0.456143        0.206154  0.107692   0.107692   0.862722
1396    0.4                 0.275                  120                   0.3  {'h': 1.0, 'm': 0.5, 'l': 0.3, 'e': 0.3}  0.611465  0.681818  0.738462  0.521739  0.821637  0.841155  0.158845           0.388636           0.456143        0.341538  0.193846   0.193846   0.875976
1397    0.4                 0.275                  120                   0.3  {'h': 1.0, 'm': 0.5, 'l': 0.3, 'e': 0.0}  0.611465  0.681818  0.738462  0.521739  0.821637  0.841155  0.158845           0.388636           0.456143        0.289231  0.110769   0.110769   0.863195
1400    0.4                 0.275                  120                   0.5  {'h': 1.0, 'm': 0.0, 'l': 0.0, 'e': 0.0}  0.611040  0.678449  0.732308  0.524229  0.822807  0.844043  0.155957           0.388636           0.456143        0.187692  0.104615   0.104615   0.872088
1410    0.4                 0.275                  140                   0.1  {'h': 1.0, 'm': 1.0, 'l': 1.0, 'e': 0.0}  0.607096  0.665323  0.710769  0.529817  0.825146  0.851986  0.148014           0.388636           0.456143        0.363077  0.144615   0.144615   0.868402
1411    0.4                 0.275                  140                   0.1  {'h': 1.0, 'm': 1.0, 'l': 0.0, 'e': 0.0}  0.607096  0.665323  0.710769  0.529817  0.825146  0.851986  0.148014           0.388636           0.456143        0.316923  0.107692   0.107692   0.862722
1412    0.4                 0.275                  140                   0.1  {'h': 1.0, 'm': 0.0, 'l': 0.0, 'e': 0.0}  0.607096  0.665323  0.710769  0.529817  0.825146  0.851986  0.148014           0.388636           0.456143        0.187692  0.104615   0.104615   0.862249
1413    0.4                 0.275                  140                   0.1  {'h': 1.0, 'm': 0.3, 'l': 0.0, 'e': 0.0}  0.607096  0.665323  0.710769  0.529817  0.825146  0.851986  0.148014           0.388636           0.456143        0.206154  0.107692   0.107692   0.862722
1414    0.4                 0.275                  140                   0.1  {'h': 1.0, 'm': 0.5, 'l': 0.3, 'e': 0.3}  0.607096  0.665323  0.710769  0.529817  0.825146  0.851986  0.148014           0.388636           0.456143        0.341538  0.193846   0.193846   0.875976
1415    0.4                 0.275                  140                   0.1  {'h': 1.0, 'm': 0.5, 'l': 0.3, 'e': 0.0}  0.607096  0.665323  0.710769  0.529817  0.825146  0.851986  0.148014           0.388636           0.456143        0.289231  0.110769   0.110769   0.863195
1416    0.4                 0.275                  140                   0.2  {'h': 1.0, 'm': 1.0, 'l': 1.0, 'e': 0.0}  0.607096  0.665323  0.710769  0.529817  0.825146  0.851986  0.148014           0.388636           0.456143        0.363077  0.144615   0.144615   0.868402
1417    0.4                 0.275                  140                   0.2  {'h': 1.0, 'm': 1.0, 'l': 0.0, 'e': 0.0}  0.607096  0.665323  0.710769  0.529817  0.825146  0.851986  0.148014           0.388636           0.456143        0.316923  0.107692   0.107692   0.862722
1418    0.4                 0.275                  140                   0.2  {'h': 1.0, 'm': 0.0, 'l': 0.0, 'e': 0.0}  0.607096  0.665323  0.710769  0.529817  0.825146  0.851986  0.148014           0.388636           0.456143        0.187692  0.104615   0.104615   0.862249
1419    0.4                 0.275                  140                   0.2  {'h': 1.0, 'm': 0.3, 'l': 0.0, 'e': 0.0}  0.607096  0.665323  0.710769  0.529817  0.825146  0.851986  0.148014           0.388636           0.456143        0.206154  0.107692   0.107692   0.862722
1420    0.4                 0.275                  140                   0.2  {'h': 1.0, 'm': 0.5, 'l': 0.3, 'e': 0.3}  0.607096  0.665323  0.710769  0.529817  0.825146  0.851986  0.148014           0.388636           0.456143        0.341538  0.193846   0.193846   0.875976
1421    0.4                 0.275                  140                   0.2  {'h': 1.0, 'm': 0.5, 'l': 0.3, 'e': 0.0}  0.607096  0.665323  0.710769  0.529817  0.825146  0.851986  0.148014           0.388636           0.456143        0.289231  0.110769   0.110769   0.863195
1422    0.4                 0.275                  140                   0.3  {'h': 1.0, 'm': 1.0, 'l': 1.0, 'e': 0.0}  0.607096  0.665323  0.710769  0.529817  0.825146  0.851986  0.148014           0.388636           0.456143        0.363077  0.144615   0.144615   0.868402
1423    0.4                 0.275                  140                   0.3  {'h': 1.0, 'm': 1.0, 'l': 0.0, 'e': 0.0}  0.607096  0.665323  0.710769  0.529817  0.825146  0.851986  0.148014           0.388636           0.456143        0.316923  0.107692   0.107692   0.862722
1424    0.4                 0.275                  140                   0.3  {'h': 1.0, 'm': 0.0, 'l': 0.0, 'e': 0.0}  0.607096  0.665323  0.710769  0.529817  0.825146  0.851986  0.148014           0.388636           0.456143        0.187692  0.104615   0.104615   0.862249
1425    0.4                 0.275                  140                   0.3  {'h': 1.0, 'm': 0.3, 'l': 0.0, 'e': 0.0}  0.607096  0.665323  0.710769  0.529817  0.825146  0.851986  0.148014           0.388636           0.456143        0.206154  0.107692   0.107692   0.862722
1426    0.4                 0.275                  140                   0.3  {'h': 1.0, 'm': 0.5, 'l': 0.3, 'e': 0.3}  0.607096  0.665323  0.710769  0.529817  0.825146  0.851986  0.148014           0.388636           0.456143        0.341538  0.193846   0.193846   0.875976
1427    0.4                 0.275                  140                   0.3  {'h': 1.0, 'm': 0.5, 'l': 0.3, 'e': 0.0}  0.607096  0.665323  0.710769  0.529817  0.825146  0.851986  0.148014           0.388636           0.456143        0.289231  0.110769   0.110769   0.863195
2490    0.6                 0.300                  160                   0.1  {'h': 1.0, 'm': 1.0, 'l': 1.0, 'e': 0.0}  0.606796  0.694830  0.769231  0.501002  0.810526  0.820217  0.179783           0.378568           0.464680        0.363077  0.169231   0.169231   0.872189
2491    0.6                 0.300                  160                   0.1  {'h': 1.0, 'm': 1.0, 'l': 0.0, 'e': 0.0}  0.606796  0.694830  0.769231  0.501002  0.810526  0.820217  0.179783           0.378568           0.464680        0.335385  0.107692   0.107692   0.862722
2492    0.6                 0.300                  160                   0.1  {'h': 1.0, 'm': 0.0, 'l': 0.0, 'e': 0.0}  0.606796  0.694830  0.769231  0.501002  0.810526  0.820217  0.179783           0.378568           0.464680        0.187692  0.120000   0.120000   0.864615
2493    0.6                 0.300                  160                   0.1  {'h': 1.0, 'm': 0.3, 'l': 0.0, 'e': 0.0}  0.606796  0.694830  0.769231  0.501002  0.810526  0.820217  0.179783           0.378568           0.464680        0.200000  0.104615   0.104615   0.862249
2494    0.6                 0.300                  160                   0.1  {'h': 1.0, 'm': 0.5, 'l': 0.3, 'e': 0.3}  0.606796  0.694830  0.769231  0.501002  0.810526  0.820217  0.179783           0.378568           0.464680        0.341538  0.206154   0.206154   0.877870
2495    0.6                 0.300                  160                   0.1  {'h': 1.0, 'm': 0.5, 'l': 0.3, 'e': 0.0}  0.606796  0.694830  0.769231  0.501002  0.810526  0.820217  0.179783           0.378568           0.464680        0.323077  0.132308   0.132308   0.866509
2496    0.6                 0.300                  160                   0.2  {'h': 1.0, 'm': 1.0, 'l': 1.0, 'e': 0.0}  0.606796  0.694830  0.769231  0.501002  0.810526  0.820217  0.179783           0.378568           0.464680        0.363077  0.169231   0.169231   0.872189
2497    0.6                 0.300                  160                   0.2  {'h': 1.0, 'm': 1.0, 'l': 0.0, 'e': 0.0}  0.606796  0.694830  0.769231  0.501002  0.810526  0.820217  0.179783           0.378568           0.464680        0.335385  0.107692   0.107692   0.862722
2498    0.6                 0.300                  160                   0.2  {'h': 1.0, 'm': 0.0, 'l': 0.0, 'e': 0.0}  0.606796  0.694830  0.769231  0.501002  0.810526  0.820217  0.179783           0.378568           0.464680        0.187692  0.120000   0.120000   0.864615
2499    0.6                 0.300                  160                   0.2  {'h': 1.0, 'm': 0.3, 'l': 0.0, 'e': 0.0}  0.606796  0.694830  0.769231  0.501002  0.810526  0.820217  0.179783           0.378568           0.464680        0.200000  0.104615   0.104615   0.862249
2500    0.6                 0.300                  160                   0.2  {'h': 1.0, 'm': 0.5, 'l': 0.3, 'e': 0.3}  0.606796  0.694830  0.769231  0.501002  0.810526  0.820217  0.179783           0.378568           0.464680        0.341538  0.206154   0.206154   0.877870
2501    0.6                 0.300                  160                   0.2  {'h': 1.0, 'm': 0.5, 'l': 0.3, 'e': 0.0}  0.606796  0.694830  0.769231  0.501002  0.810526  0.820217  0.179783           0.378568           0.464680        0.323077  0.132308   0.132308   0.866509
2502    0.6                 0.300                  160                   0.3  {'h': 1.0, 'm': 1.0, 'l': 1.0, 'e': 0.0}  0.606796  0.694830  0.769231  0.501002  0.810526  0.820217  0.179783           0.378568           0.464680        0.363077  0.169231   0.169231   0.872189
2503    0.6                 0.300                  160                   0.3  {'h': 1.0, 'm': 1.0, 'l': 0.0, 'e': 0.0}  0.606796  0.694830  0.769231  0.501002  0.810526  0.820217  0.179783           0.378568           0.464680        0.335385  0.107692   0.107692   0.862722
2504    0.6                 0.300                  160                   0.3  {'h': 1.0, 'm': 0.0, 'l': 0.0, 'e': 0.0}  0.606796  0.694830  0.769231  0.501002  0.810526  0.820217  0.179783           0.378568           0.464680        0.187692  0.120000   0.120000   0.864615
2505    0.6                 0.300                  160                   0.3  {'h': 1.0, 'm': 0.3, 'l': 0.0, 'e': 0.0}  0.606796  0.694830  0.769231  0.501002  0.810526  0.820217  0.179783           0.378568           0.464680        0.200000  0.104615   0.104615   0.862249
2506    0.6                 0.300                  160                   0.3  {'h': 1.0, 'm': 0.5, 'l': 0.3, 'e': 0.3}  0.606796  0.694830  0.769231  0.501002  0.810526  0.820217  0.179783           0.378568           0.464680        0.341538  0.206154   0.206154   0.877870
2507    0.6                 0.300                  160                   0.3  {'h': 1.0, 'm': 0.5, 'l': 0.3, 'e': 0.0}  0.606796  0.694830  0.769231  0.501002  0.810526  0.820217  0.179783           0.378568           0.464680        0.323077  0.132308   0.132308   0.866509
2510    0.6                 0.300                  160                   0.5  {'h': 1.0, 'm': 0.0, 'l': 0.0, 'e': 0.0}  0.605392  0.689559  0.760000  0.503055  0.811696  0.823827  0.176173           0.378568           0.464680        0.187692  0.120000   0.120000   0.874286
1430    0.4                 0.275                  140                   0.5  {'h': 1.0, 'm': 0.0, 'l': 0.0, 'e': 0.0}  0.605020  0.661085  0.704615  0.530093  0.825146  0.853430  0.146570           0.388636           0.456143        0.187692  0.104615   0.104615   0.872088
3570    0.8                 0.325                  180                   0.1  {'h': 1.0, 'm': 1.0, 'l': 1.0, 'e': 0.0}  0.602906  0.691283  0.766154  0.497006  0.808187  0.818051  0.181949           0.334669           0.465366        0.329231  0.153846   0.153846   0.869822
3571    0.8                 0.325                  180                   0.1  {'h': 1.0, 'm': 1.0, 'l': 0.0, 'e': 0.0}  0.602906  0.691283  0.766154  0.497006  0.808187  0.818051  0.181949           0.334669           0.465366        0.329231  0.126154   0.126154   0.865562
3572    0.8                 0.325                  180                   0.1  {'h': 1.0, 'm': 0.0, 'l': 0.0, 'e': 0.0}  0.602906  0.691283  0.766154  0.497006  0.808187  0.818051  0.181949           0.334669           0.465366        0.190769  0.129231   0.129231   0.866036
3573    0.8                 0.325                  180                   0.1  {'h': 1.0, 'm': 0.3, 'l': 0.0, 'e': 0.0}  0.602906  0.691283  0.766154  0.497006  0.808187  0.818051  0.181949           0.334669           0.465366        0.209231  0.098462   0.098462   0.861302
3574    0.8                 0.325                  180                   0.1  {'h': 1.0, 'm': 0.5, 'l': 0.3, 'e': 0.3}  0.602906  0.691283  0.766154  0.497006  0.808187  0.818051  0.181949           0.334669           0.465366        0.400000  0.212308   0.212308   0.878817
3575    0.8                 0.325                  180                   0.1  {'h': 1.0, 'm': 0.5, 'l': 0.3, 'e': 0.0}  0.602906  0.691283  0.766154  0.497006  0.808187  0.818051  0.181949           0.334669           0.465366        0.304615  0.113846   0.113846   0.863669
3576    0.8                 0.325                  180                   0.2  {'h': 1.0, 'm': 1.0, 'l': 1.0, 'e': 0.0}  0.602906  0.691283  0.766154  0.497006  0.808187  0.818051  0.181949           0.334669           0.465366        0.329231  0.153846   0.153846   0.869822
3577    0.8                 0.325                  180                   0.2  {'h': 1.0, 'm': 1.0, 'l': 0.0, 'e': 0.0}  0.602906  0.691283  0.766154  0.497006  0.808187  0.818051  0.181949           0.334669           0.465366        0.329231  0.126154   0.126154   0.865562
3578    0.8                 0.325                  180                   0.2  {'h': 1.0, 'm': 0.0, 'l': 0.0, 'e': 0.0}  0.602906  0.691283  0.766154  0.497006  0.808187  0.818051  0.181949           0.334669           0.465366        0.190769  0.129231   0.129231   0.866036
3579    0.8                 0.325                  180                   0.2  {'h': 1.0, 'm': 0.3, 'l': 0.0, 'e': 0.0}  0.602906  0.691283  0.766154  0.497006  0.808187  0.818051  0.181949           0.334669           0.465366        0.209231  0.098462   0.098462   0.861302
3580    0.8                 0.325                  180                   0.2  {'h': 1.0, 'm': 0.5, 'l': 0.3, 'e': 0.3}  0.602906  0.691283  0.766154  0.497006  0.808187  0.818051  0.181949           0.334669           0.465366        0.400000  0.212308   0.212308   0.878817
3581    0.8                 0.325                  180                   0.2  {'h': 1.0, 'm': 0.5, 'l': 0.3, 'e': 0.0}  0.602906  0.691283  0.766154  0.497006  0.808187  0.818051  0.181949           0.334669           0.465366        0.304615  0.113846   0.113846   0.863669
3582    0.8                 0.325                  180                   0.3  {'h': 1.0, 'm': 1.0, 'l': 1.0, 'e': 0.0}  0.602906  0.691283  0.766154  0.497006  0.808187  0.818051  0.181949           0.334669           0.465366        0.329231  0.153846   0.153846   0.869822
3583    0.8                 0.325                  180                   0.3  {'h': 1.0, 'm': 1.0, 'l': 0.0, 'e': 0.0}  0.602906  0.691283  0.766154  0.497006  0.808187  0.818051  0.181949           0.334669           0.465366        0.329231  0.126154   0.126154   0.865562
3584    0.8                 0.325                  180                   0.3  {'h': 1.0, 'm': 0.0, 'l': 0.0, 'e': 0.0}  0.602906  0.691283  0.766154  0.497006  0.808187  0.818051  0.181949           0.334669           0.465366        0.190769  0.129231   0.129231   0.866036
3585    0.8                 0.325                  180                   0.3  {'h': 1.0, 'm': 0.3, 'l': 0.0, 'e': 0.0}  0.602906  0.691283  0.766154  0.497006  0.808187  0.818051  0.181949           0.334669           0.465366        0.209231  0.098462   0.098462   0.861302
3586    0.8                 0.325                  180                   0.3  {'h': 1.0, 'm': 0.5, 'l': 0.3, 'e': 0.3}  0.602906  0.691283  0.766154  0.497006  0.808187  0.818051  0.181949           0.334669           0.465366        0.400000  0.212308   0.212308   0.878817
3587    0.8                 0.325                  180                   0.3  {'h': 1.0, 'm': 0.5, 'l': 0.3, 'e': 0.0}  0.602906  0.691283  0.766154  0.497006  0.808187  0.818051  0.181949           0.334669           0.465366        0.304615  0.113846   0.113846   0.863669
3590    0.8                 0.325                  180                   0.5  {'h': 1.0, 'm': 0.0, 'l': 0.0, 'e': 0.0}  0.602439  0.688022  0.760000  0.498990  0.809357  0.820939  0.179061           0.334669           0.465366        0.190769  0.129231   0.129231   0.875604
1440    0.4                 0.275                  160                   0.1  {'h': 1.0, 'm': 1.0, 'l': 1.0, 'e': 0.0}  0.601626  0.647986  0.683077  0.537530  0.828070  0.862094  0.137906           0.388636           0.456143        0.363077  0.144615   0.144615   0.868402
1441    0.4                 0.275                  160                   0.1  {'h': 1.0, 'm': 1.0, 'l': 0.0, 'e': 0.0}  0.601626  0.647986  0.683077  0.537530  0.828070  0.862094  0.137906           0.388636           0.456143        0.316923  0.107692   0.107692   0.862722
1442    0.4                 0.275                  160                   0.1  {'h': 1.0, 'm': 0.0, 'l': 0.0, 'e': 0.0}  0.601626  0.647986  0.683077  0.537530  0.828070  0.862094  0.137906           0.388636           0.456143        0.187692  0.104615   0.104615   0.862249
1443    0.4                 0.275                  160                   0.1  {'h': 1.0, 'm': 0.3, 'l': 0.0, 'e': 0.0}  0.601626  0.647986  0.683077  0.537530  0.828070  0.862094  0.137906           0.388636           0.456143        0.206154  0.107692   0.107692   0.862722
1444    0.4                 0.275                  160                   0.1  {'h': 1.0, 'm': 0.5, 'l': 0.3, 'e': 0.3}  0.601626  0.647986  0.683077  0.537530  0.828070  0.862094  0.137906           0.388636           0.456143        0.341538  0.193846   0.193846   0.875976
1445    0.4                 0.275                  160                   0.1  {'h': 1.0, 'm': 0.5, 'l': 0.3, 'e': 0.0}  0.601626  0.647986  0.683077  0.537530  0.828070  0.862094  0.137906           0.388636           0.456143        0.289231  0.110769   0.110769   0.863195
1446    0.4                 0.275                  160                   0.2  {'h': 1.0, 'm': 1.0, 'l': 1.0, 'e': 0.0}  0.601626  0.647986  0.683077  0.537530  0.828070  0.862094  0.137906           0.388636           0.456143        0.363077  0.144615   0.144615   0.868402
1447    0.4                 0.275                  160                   0.2  {'h': 1.0, 'm': 1.0, 'l': 0.0, 'e': 0.0}  0.601626  0.647986  0.683077  0.537530  0.828070  0.862094  0.137906           0.388636           0.456143        0.316923  0.107692   0.107692   0.862722
1448    0.4                 0.275                  160                   0.2  {'h': 1.0, 'm': 0.0, 'l': 0.0, 'e': 0.0}  0.601626  0.647986  0.683077  0.537530  0.828070  0.862094  0.137906           0.388636           0.456143        0.187692  0.104615   0.104615   0.862249
1449    0.4                 0.275                  160                   0.2  {'h': 1.0, 'm': 0.3, 'l': 0.0, 'e': 0.0}  0.601626  0.647986  0.683077  0.537530  0.828070  0.862094  0.137906           0.388636           0.456143        0.206154  0.107692   0.107692   0.862722
1450    0.4                 0.275                  160                   0.2  {'h': 1.0, 'm': 0.5, 'l': 0.3, 'e': 0.3}  0.601626  0.647986  0.683077  0.537530  0.828070  0.862094  0.137906           0.388636           0.456143        0.341538  0.193846   0.193846   0.875976
1451    0.4                 0.275                  160                   0.2  {'h': 1.0, 'm': 0.5, 'l': 0.3, 'e': 0.0}  0.601626  0.647986  0.683077  0.537530  0.828070  0.862094  0.137906           0.388636           0.456143        0.289231  0.110769   0.110769   0.863195
1452    0.4                 0.275                  160                   0.3  {'h': 1.0, 'm': 1.0, 'l': 1.0, 'e': 0.0}  0.601626  0.647986  0.683077  0.537530  0.828070  0.862094  0.137906           0.388636           0.456143        0.363077  0.144615   0.144615   0.868402
1453    0.4                 0.275                  160                   0.3  {'h': 1.0, 'm': 1.0, 'l': 0.0, 'e': 0.0}  0.601626  0.647986  0.683077  0.537530  0.828070  0.862094  0.137906           0.388636           0.456143        0.316923  0.107692   0.107692   0.862722
1454    0.4                 0.275                  160                   0.3  {'h': 1.0, 'm': 0.0, 'l': 0.0, 'e': 0.0}  0.601626  0.647986  0.683077  0.537530  0.828070  0.862094  0.137906           0.388636           0.456143        0.187692  0.104615   0.104615   0.862249
1455    0.4                 0.275                  160                   0.3  {'h': 1.0, 'm': 0.3, 'l': 0.0, 'e': 0.0}  0.601626  0.647986  0.683077  0.537530  0.828070  0.862094  0.137906           0.388636           0.456143        0.206154  0.107692   0.107692   0.862722
1456    0.4                 0.275                  160                   0.3  {'h': 1.0, 'm': 0.5, 'l': 0.3, 'e': 0.3}  0.601626  0.647986  0.683077  0.537530  0.828070  0.862094  0.137906           0.388636           0.456143        0.341538  0.193846   0.193846   0.875976
1457    0.4                 0.275                  160                   0.3  {'h': 1.0, 'm': 0.5, 'l': 0.3, 'e': 0.0}  0.601626  0.647986  0.683077  0.537530  0.828070  0.862094  0.137906           0.388636           0.456143        0.289231  0.110769   0.110769   0.863195
1460    0.4                 0.275                  160                   0.5  {'h': 1.0, 'm': 0.0, 'l': 0.0, 'e': 0.0}  0.599455  0.643651  0.676923  0.537897  0.828070  0.863538  0.136462           0.388636           0.456143        0.187692  0.104615   0.104615   0.872088
1470    0.4                 0.275                  180                   0.1  {'h': 1.0, 'm': 1.0, 'l': 1.0, 'e': 0.0}  0.596343  0.628707  0.652308  0.549223  0.832164  0.874368  0.125632           0.388636           0.456143        0.363077  0.144615   0.144615   0.868402
1471    0.4                 0.275                  180                   0.1  {'h': 1.0, 'm': 1.0, 'l': 0.0, 'e': 0.0}  0.596343  0.628707  0.652308  0.549223  0.832164  0.874368  0.125632           0.388636           0.456143        0.316923  0.107692   0.107692   0.862722
1472    0.4                 0.275                  180                   0.1  {'h': 1.0, 'm': 0.0, 'l': 0.0, 'e': 0.0}  0.596343  0.628707  0.652308  0.549223  0.832164  0.874368  0.125632           0.388636           0.456143        0.187692  0.104615   0.104615   0.862249
1473    0.4                 0.275                  180                   0.1  {'h': 1.0, 'm': 0.3, 'l': 0.0, 'e': 0.0}  0.596343  0.628707  0.652308  0.549223  0.832164  0.874368  0.125632           0.388636           0.456143        0.206154  0.107692   0.107692   0.862722
1474    0.4                 0.275                  180                   0.1  {'h': 1.0, 'm': 0.5, 'l': 0.3, 'e': 0.3}  0.596343  0.628707  0.652308  0.549223  0.832164  0.874368  0.125632           0.388636           0.456143        0.341538  0.193846   0.193846   0.875976
1475    0.4                 0.275                  180                   0.1  {'h': 1.0, 'm': 0.5, 'l': 0.3, 'e': 0.0}  0.596343  0.628707  0.652308  0.549223  0.832164  0.874368  0.125632           0.388636           0.456143        0.289231  0.110769   0.110769   0.863195
1476    0.4                 0.275                  180                   0.2  {'h': 1.0, 'm': 1.0, 'l': 1.0, 'e': 0.0}  0.596343  0.628707  0.652308  0.549223  0.832164  0.874368  0.125632           0.388636           0.456143        0.363077  0.144615   0.144615   0.868402
1477    0.4                 0.275                  180                   0.2  {'h': 1.0, 'm': 1.0, 'l': 0.0, 'e': 0.0}  0.596343  0.628707  0.652308  0.549223  0.832164  0.874368  0.125632           0.388636           0.456143        0.316923  0.107692   0.107692   0.862722
1478    0.4                 0.275                  180                   0.2  {'h': 1.0, 'm': 0.0, 'l': 0.0, 'e': 0.0}  0.596343  0.628707  0.652308  0.549223  0.832164  0.874368  0.125632           0.388636           0.456143        0.187692  0.104615   0.104615   0.862249
1479    0.4                 0.275                  180                   0.2  {'h': 1.0, 'm': 0.3, 'l': 0.0, 'e': 0.0}  0.596343  0.628707  0.652308  0.549223  0.832164  0.874368  0.125632           0.388636           0.456143        0.206154  0.107692   0.107692   0.862722
1480    0.4                 0.275                  180                   0.2  {'h': 1.0, 'm': 0.5, 'l': 0.3, 'e': 0.3}  0.596343  0.628707  0.652308  0.549223  0.832164  0.874368  0.125632           0.388636           0.456143        0.341538  0.193846   0.193846   0.875976
1481    0.4                 0.275                  180                   0.2  {'h': 1.0, 'm': 0.5, 'l': 0.3, 'e': 0.0}  0.596343  0.628707  0.652308  0.549223  0.832164  0.874368  0.125632           0.388636           0.456143        0.289231  0.110769   0.110769   0.863195
1482    0.4                 0.275                  180                   0.3  {'h': 1.0, 'm': 1.0, 'l': 1.0, 'e': 0.0}  0.596343  0.628707  0.652308  0.549223  0.832164  0.874368  0.125632           0.388636           0.456143        0.363077  0.144615   0.144615   0.868402
1483    0.4                 0.275                  180                   0.3  {'h': 1.0, 'm': 1.0, 'l': 0.0, 'e': 0.0}  0.596343  0.628707  0.652308  0.549223  0.832164  0.874368  0.125632           0.388636           0.456143        0.316923  0.107692   0.107692   0.862722
1484    0.4                 0.275                  180                   0.3  {'h': 1.0, 'm': 0.0, 'l': 0.0, 'e': 0.0}  0.596343  0.628707  0.652308  0.549223  0.832164  0.874368  0.125632           0.388636           0.456143        0.187692  0.104615   0.104615   0.862249
1485    0.4                 0.275                  180                   0.3  {'h': 1.0, 'm': 0.3, 'l': 0.0, 'e': 0.0}  0.596343  0.628707  0.652308  0.549223  0.832164  0.874368  0.125632           0.388636           0.456143        0.206154  0.107692   0.107692   0.862722
1486    0.4                 0.275                  180                   0.3  {'h': 1.0, 'm': 0.5, 'l': 0.3, 'e': 0.3}  0.596343  0.628707  0.652308  0.549223  0.832164  0.874368  0.125632           0.388636           0.456143        0.341538  0.193846   0.193846   0.875976

Full result output for the best combination:
                 #Examples   TP   FP    TN  FN       ACC       FNR       TNR       FPR       TPR      Prec        F1        F2  AVG # affected
Component                                                                                                                                     
no_failure            1385    0  236  1149   0  0.829603       NaN  0.829603  0.170397       NaN  0.000000       NaN       NaN       63.610830
txt15_i1                 5    5    0     0   0  1.000000  0.000000       NaN       NaN  1.000000  1.000000  1.000000  1.000000      489.600000
txt15_i3                 5    2    0     0   3  0.400000  0.600000       NaN       NaN  0.400000  1.000000  0.571429  0.454545      128.400000
txt15_conveyor           3    3    0     0   0  1.000000  0.000000       NaN       NaN  1.000000  1.000000  1.000000  1.000000      410.666667
txt15_m1               160  157    0     0   3  0.981250  0.018750       NaN       NaN  0.981250  1.000000  0.990536  0.984944      378.681250
txt15_pl                 9    9    0     0   0  1.000000  0.000000       NaN       NaN  1.000000  1.000000  1.000000  1.000000      253.222222
txt16_i3                 4    4    0     0   0  1.000000  0.000000       NaN       NaN  1.000000  1.000000  1.000000  1.000000      395.250000
txt16_conveyor           8    1    0     0   7  0.125000  0.875000       NaN       NaN  0.125000  1.000000  0.222222  0.151515       31.125000
txt16_m3                65   42    0     0  23  0.646154  0.353846       NaN       NaN  0.646154  1.000000  0.785047  0.695364      226.538462
txt16_turntable          2    0    0     0   2  0.000000  1.000000       NaN       NaN  0.000000       NaN       NaN       NaN        9.500000
txt17_i1                16    8    0     0   8  0.500000  0.500000       NaN       NaN  0.500000  1.000000  0.666667  0.555556      171.187500
txt17_pl                14    0    0     0  14  0.000000  1.000000       NaN       NaN  0.000000       NaN       NaN       NaN       10.214286
txt18_pl                28   17    0     0  11  0.607143  0.392857       NaN       NaN  0.607143  1.000000  0.755556  0.658915      160.750000
txt19_i4                 6    2    0     0   4  0.333333  0.666667       NaN       NaN  0.333333  1.000000  0.500000  0.384615       82.166667
combined              1710  250  236  1149  75  0.818129  0.230769  0.829603  0.170397  0.769231  0.514403  0.616523  0.699888      105.111696

                 #Examples   TP   FP    TN  FN       ACC       FNR       TNR       FPR       TPR      Prec        F1        F2  AVG # affected
Component                                                                                                                                     
no_failure            1385    0  231  1154   0  0.833213       NaN  0.833213  0.166787       NaN  0.000000       NaN       NaN       63.610830
txt15_i1                 5    5    0     0   0  1.000000  0.000000       NaN       NaN  1.000000  1.000000  1.000000  1.000000      489.600000
txt15_i3                 5    2    0     0   3  0.400000  0.600000       NaN       NaN  0.400000  1.000000  0.571429  0.454545      128.400000
txt15_conveyor           3    3    0     0   0  1.000000  0.000000       NaN       NaN  1.000000  1.000000  1.000000  1.000000      410.666667
txt15_m1               160  155    0     0   5  0.968750  0.031250       NaN       NaN  0.968750  1.000000  0.984127  0.974843      378.681250
txt15_pl                 9    9    0     0   0  1.000000  0.000000       NaN       NaN  1.000000  1.000000  1.000000  1.000000      253.222222
txt16_i3                 4    4    0     0   0  1.000000  0.000000       NaN       NaN  1.000000  1.000000  1.000000  1.000000      395.250000
txt16_conveyor           8    1    0     0   7  0.125000  0.875000       NaN       NaN  0.125000  1.000000  0.222222  0.151515       31.125000
txt16_m3                65   42    0     0  23  0.646154  0.353846       NaN       NaN  0.646154  1.000000  0.785047  0.695364      226.538462
txt16_turntable          2    0    0     0   2  0.000000  1.000000       NaN       NaN  0.000000       NaN       NaN       NaN        9.500000
txt17_i1                16    8    0     0   8  0.500000  0.500000       NaN       NaN  0.500000  1.000000  0.666667  0.555556      171.187500
txt17_pl                14    0    0     0  14  0.000000  1.000000       NaN       NaN  0.000000       NaN       NaN       NaN       10.214286
txt18_pl                28   17    0     0  11  0.607143  0.392857       NaN       NaN  0.607143  1.000000  0.755556  0.658915      160.750000
txt19_i4                 6    2    0     0   4  0.333333  0.666667       NaN       NaN  0.333333  1.000000  0.500000  0.384615       82.166667
combined              1710  248  231  1154  77  0.819883  0.236923  0.833213  0.166787  0.763077  0.517745  0.616915  0.697021      105.111696

Execution time: 72614.81697768602
