
Dataset loaded:
Shape of training set (example, time, channels): (20812, 500, 61)
Shape of test set (example, time, channels): (3989, 500, 61)
Shape of train validation set (example, time, channels): (2313, 500, 61)
Shape of test validation set (example, time, channels): (1710, 500, 61)
Num of classes in all: 25

Adding feature wise convolutions with 32 filters per feature, 3 kernels and 1 strides ...
Adding feature wise convolutions with 1 filters per feature, 3 kernels and 1 strides ...
Adding feature based graph attention layer ...
Adding time based graph attention layer ...
Adding GRU layer with 256 units ...
Adding GRU layer with 61 units ...
Adding GRU layer to forecasting model with 256 units ...
Adding VAE as reconstruction model with dimensions 3072 & 1536 and ...
The RBM reconstructs the output of the gru layer.

Grid search running in AD and FPD selection mode.
The following hyperparameters will not be evaluated:
si_mode
si_parameter

Testing 2160 combinations via grid search 
for model selected_4_01-12-17-04-44 on the validation dataset. 


Best combinations tested:
      gamma  single_timestamp_a.. affected_timestamp..  unaffected_compone..                         relevance_mapping     AD F1     AD F2    AD TPR   AD Prec    AD ACC    AD TNR    AD FPR  SI/ST AVG-HR@100%  SI/ST AVG-HR@150%  SI/ST AVG-HR@K  SI/ST F1  SI/ST TPR  SI/ST ACC
Comb                                                                                                                                                                                                                                                                              
239    0.20                  0.36                  240                  0.50  {'h': 0.5, 'm': 1.0, 'l': 0.0, 'e': 0.0}  0.559398  0.567073  0.572308  0.547059  0.828655  0.888809  0.111191           0.022674           0.044722        0.015385       NaN   0.000000   0.857143
119    0.20                  0.36                  230                  0.50  {'h': 0.5, 'm': 1.0, 'l': 0.0, 'e': 0.0}  0.559043  0.568735  0.575385  0.543605  0.827485  0.886643  0.113357           0.022674           0.044722        0.015385       NaN   0.000000   0.857143
1799   0.15                  0.36                  220                  0.50  {'h': 0.5, 'm': 1.0, 'l': 0.0, 'e': 0.0}  0.558069  0.564713  0.569231  0.547337  0.828655  0.889531  0.110469           0.024774           0.048312        0.012308       NaN   0.000000   0.857143
118    0.20                  0.36                  230                  0.50  {'h': 0.5, 'm': 1.0, 'l': 0.3, 'e': 0.0}  0.556886  0.566038  0.572308  0.542274  0.826901  0.886643  0.113357           0.022674           0.044722        0.012308       NaN   0.000000   0.857143
238    0.20                  0.36                  240                  0.50  {'h': 0.5, 'm': 1.0, 'l': 0.3, 'e': 0.0}  0.556391  0.564024  0.569231  0.544118  0.827485  0.888087  0.111913           0.022674           0.044722        0.012308       NaN   0.000000   0.857143
1559   0.15                  0.36                  230                  0.50  {'h': 0.5, 'm': 1.0, 'l': 0.0, 'e': 0.0}  0.556231  0.560318  0.563077  0.549550  0.829240  0.891697  0.108303           0.024774           0.048312        0.015385       NaN   0.000000   0.857143
1798   0.15                  0.36                  220                  0.50  {'h': 0.5, 'm': 1.0, 'l': 0.3, 'e': 0.0}  0.554217  0.561318  0.566154  0.542773  0.826901  0.888087  0.111913           0.024774           0.048312        0.012308       NaN   0.000000   0.857143
359    0.20                  0.36                  220                  0.50  {'h': 0.5, 'm': 1.0, 'l': 0.0, 'e': 0.0}  0.552437  0.565981  0.575385  0.531250  0.822807  0.880866  0.119134           0.022674           0.044722        0.015385       NaN   0.000000   0.857143
1558   0.15                  0.36                  230                  0.50  {'h': 0.5, 'm': 1.0, 'l': 0.3, 'e': 0.0}  0.551515  0.556575  0.560000  0.543284  0.826901  0.889531  0.110469           0.024774           0.048312        0.015385  0.003077   0.003077   0.857582
358    0.20                  0.36                  220                  0.50  {'h': 0.5, 'm': 1.0, 'l': 0.3, 'e': 0.0}  0.551111  0.563636  0.572308  0.531429  0.822807  0.881588  0.118412           0.022674           0.044722        0.012308       NaN   0.000000   0.857143
2039   0.15                  0.35                  240                  0.50  {'h': 0.5, 'm': 1.0, 'l': 0.0, 'e': 0.0}  0.550989  0.554534  0.556923  0.545181  0.827485  0.890975  0.109025           0.026117           0.050107        0.012308       NaN   0.000000   0.857143
1679   0.15                  0.36                  240                  0.50  {'h': 0.5, 'm': 1.0, 'l': 0.0, 'e': 0.0}  0.550459  0.552486  0.553846  0.547112  0.828070  0.892419  0.107581           0.024774           0.048312        0.018462       NaN   0.000000   0.857143
2038   0.15                  0.35                  240                  0.50  {'h': 0.5, 'm': 1.0, 'l': 0.3, 'e': 0.0}  0.550459  0.552486  0.553846  0.547112  0.828070  0.892419  0.107581           0.026117           0.050107        0.012308       NaN   0.000000   0.857143
1678   0.15                  0.36                  240                  0.50  {'h': 0.5, 'm': 1.0, 'l': 0.3, 'e': 0.0}  0.545732  0.548743  0.550769  0.540785  0.825731  0.890253  0.109747           0.024774           0.048312        0.018462  0.006154   0.006154   0.858022
599    0.20                  0.35                  240                  0.50  {'h': 0.5, 'm': 1.0, 'l': 0.0, 'e': 0.0}  0.544928  0.564565  0.578462  0.515068  0.816374  0.872202  0.127798           0.024188           0.044283        0.015385       NaN   0.000000   0.857143
598    0.20                  0.35                  240                  0.50  {'h': 0.5, 'm': 1.0, 'l': 0.3, 'e': 0.0}  0.543605  0.562237  0.575385  0.515152  0.816374  0.872924  0.127076           0.024188           0.044283        0.012308       NaN   0.000000   0.857143
1918   0.15                  0.35                  230                  0.50  {'h': 0.5, 'm': 1.0, 'l': 0.3, 'e': 0.0}  0.541916  0.550822  0.556923  0.527697  0.821053  0.883032  0.116968           0.026117           0.050107        0.012308       NaN   0.000000   0.857143
1919   0.15                  0.35                  230                  0.50  {'h': 0.5, 'm': 1.0, 'l': 0.0, 'e': 0.0}  0.541667  0.552520  0.560000  0.524496  0.819883  0.880866  0.119134           0.026117           0.050107        0.012308       NaN   0.000000   0.857143
117    0.20                  0.36                  230                  0.50  {'h': 0.5, 'm': 1.0, 'l': 0.5, 'e': 0.0}  0.538350  0.558223  0.572308  0.508197  0.813450  0.870036  0.129964           0.022674           0.044722        0.009231       NaN   0.000000   0.857143
237    0.20                  0.36                  240                  0.50  {'h': 0.5, 'm': 1.0, 'l': 0.5, 'e': 0.0}  0.537791  0.556224  0.569231  0.509642  0.814035  0.871480  0.128520           0.022674           0.044722        0.009231       NaN   0.000000   0.857143
229    0.20                  0.36                  240                  0.50  {'h': 1.0, 'm': 1.0, 'l': 0.0, 'e': 0.0}  0.536723  0.564468  0.584615  0.496084  0.808187  0.860650  0.139350           0.022674           0.044722        0.006154  0.003077   0.003077   0.857582
1797   0.15                  0.36                  220                  0.50  {'h': 0.5, 'm': 1.0, 'l': 0.5, 'e': 0.0}  0.536443  0.553883  0.566154  0.509695  0.814035  0.872202  0.127798           0.024774           0.048312        0.009231       NaN   0.000000   0.857143
109    0.20                  0.36                  230                  0.50  {'h': 1.0, 'm': 1.0, 'l': 0.0, 'e': 0.0}  0.534459  0.563464  0.584615  0.492228  0.806433  0.858484  0.141516           0.022674           0.044722        0.006154  0.003077   0.003077   0.857582
2158   0.15                  0.35                  220                  0.50  {'h': 0.5, 'm': 1.0, 'l': 0.3, 'e': 0.0}  0.533923  0.547489  0.556923  0.512748  0.815205  0.875812  0.124188           0.026117           0.050107        0.012308       NaN   0.000000   0.857143
1557   0.15                  0.36                  230                  0.50  {'h': 0.5, 'm': 1.0, 'l': 0.5, 'e': 0.0}  0.533724  0.549185  0.560000  0.509804  0.814035  0.873646  0.126354           0.024774           0.048312        0.012308  0.003077   0.003077   0.857582
2159   0.15                  0.35                  220                  0.50  {'h': 0.5, 'm': 1.0, 'l': 0.0, 'e': 0.0}  0.533724  0.549185  0.560000  0.509804  0.814035  0.873646  0.126354           0.026117           0.050107        0.012308       NaN   0.000000   0.857143
357    0.20                  0.36                  220                  0.50  {'h': 0.5, 'm': 1.0, 'l': 0.5, 'e': 0.0}  0.532951  0.555888  0.572308  0.498660  0.809357  0.864982  0.135018           0.022674           0.044722        0.009231       NaN   0.000000   0.857143
479    0.20                  0.35                  230                  0.50  {'h': 0.5, 'm': 1.0, 'l': 0.0, 'e': 0.0}  0.532578  0.559191  0.578462  0.493438  0.807018  0.860650  0.139350           0.024188           0.044283        0.015385       NaN   0.000000   0.857143
1549   0.15                  0.36                  230                  0.50  {'h': 1.0, 'm': 1.0, 'l': 0.0, 'e': 0.0}  0.532526  0.537897  0.541538  0.523810  0.819298  0.884477  0.115523           0.024774           0.048312        0.009231  0.006154   0.006154   0.858022
1669   0.15                  0.36                  240                  0.50  {'h': 1.0, 'm': 1.0, 'l': 0.0, 'e': 0.0}  0.531915  0.535824  0.538462  0.525526  0.819883  0.885921  0.114079           0.024774           0.048312        0.012308  0.009231   0.009231   0.858462
469    0.20                  0.35                  230                  0.50  {'h': 1.0, 'm': 1.0, 'l': 0.0, 'e': 0.0}  0.531646  0.560498  0.581538  0.489637  0.805263  0.857762  0.142238           0.024188           0.044283        0.012308  0.003077   0.003077   0.857582
589    0.20                  0.35                  240                  0.50  {'h': 1.0, 'm': 1.0, 'l': 0.0, 'e': 0.0}  0.531646  0.560498  0.581538  0.489637  0.805263  0.857762  0.142238           0.024188           0.044283        0.012308  0.003077   0.003077   0.857582
349    0.20                  0.36                  220                  0.50  {'h': 1.0, 'm': 1.0, 'l': 0.0, 'e': 0.0}  0.531469  0.562130  0.584615  0.487179  0.804094  0.855596  0.144404           0.022674           0.044722        0.006154  0.003077   0.003077   0.857582
478    0.20                  0.35                  230                  0.50  {'h': 0.5, 'm': 1.0, 'l': 0.3, 'e': 0.0}  0.531250  0.556879  0.575385  0.493404  0.807018  0.861372  0.138628           0.024188           0.044283        0.012308       NaN   0.000000   0.857143
709    0.20                  0.35                  220                  0.50  {'h': 1.0, 'm': 1.0, 'l': 0.0, 'e': 0.0}  0.530899  0.560166  0.581538  0.488372  0.804678  0.857040  0.142960           0.024188           0.044283        0.012308  0.003077   0.003077   0.857582
2037   0.15                  0.35                  240                  0.50  {'h': 0.5, 'm': 1.0, 'l': 0.5, 'e': 0.0}  0.530191  0.544135  0.553846  0.508475  0.813450  0.874368  0.125632           0.026117           0.050107        0.012308       NaN   0.000000   0.857143
1789   0.15                  0.36                  220                  0.50  {'h': 1.0, 'm': 1.0, 'l': 0.0, 'e': 0.0}  0.530120  0.536913  0.541538  0.519174  0.817544  0.882310  0.117690           0.024774           0.048312        0.006154  0.003077   0.003077   0.857582
719    0.20                  0.35                  220                  0.50  {'h': 0.5, 'm': 1.0, 'l': 0.0, 'e': 0.0}  0.529577  0.557864  0.578462  0.488312  0.804678  0.857762  0.142238           0.024188           0.044283        0.015385       NaN   0.000000   0.857143
1677   0.15                  0.36                  240                  0.50  {'h': 0.5, 'm': 1.0, 'l': 0.5, 'e': 0.0}  0.528804  0.541768  0.550769  0.508523  0.813450  0.875090  0.124910           0.024774           0.048312        0.015385  0.006154   0.006154   0.858022
597    0.20                  0.35                  240                  0.50  {'h': 0.5, 'm': 1.0, 'l': 0.5, 'e': 0.0}  0.528249  0.555556  0.575385  0.488251  0.804678  0.858484  0.141516           0.024188           0.044283        0.009231       NaN   0.000000   0.857143
718    0.20                  0.35                  220                  0.50  {'h': 0.5, 'm': 1.0, 'l': 0.3, 'e': 0.0}  0.528249  0.555556  0.575385  0.488251  0.804678  0.858484  0.141516           0.024188           0.044283        0.012308       NaN   0.000000   0.857143
2029   0.15                  0.35                  240                  0.50  {'h': 1.0, 'm': 1.0, 'l': 0.0, 'e': 0.0}  0.523737  0.525184  0.526154  0.521341  0.818129  0.886643  0.113357           0.026117           0.050107        0.009231  0.003077   0.003077   0.857582
1917   0.15                  0.35                  230                  0.50  {'h': 0.5, 'm': 1.0, 'l': 0.5, 'e': 0.0}  0.521614  0.542241  0.556923  0.490515  0.805848  0.864260  0.135740           0.026117           0.050107        0.012308       NaN   0.000000   0.857143
959    0.10                  0.36                  240                  0.50  {'h': 0.5, 'm': 1.0, 'l': 0.0, 'e': 0.0}  0.520134  0.493316  0.476923  0.571956  0.832749  0.916245  0.083755           0.027709           0.059594        0.018462       NaN   0.000000   0.857143
1199   0.10                  0.35                  230                  0.50  {'h': 0.5, 'm': 1.0, 'l': 0.0, 'e': 0.0}  0.520000  0.495238  0.480000  0.567273  0.831579  0.914079  0.085921           0.028002           0.059155        0.015385       NaN   0.000000   0.857143
1319   0.10                  0.35                  240                  0.50  {'h': 0.5, 'm': 1.0, 'l': 0.0, 'e': 0.0}  0.520000  0.495238  0.480000  0.567273  0.831579  0.914079  0.085921           0.028002           0.059155        0.018462       NaN   0.000000   0.857143
1909   0.15                  0.35                  230                  0.50  {'h': 1.0, 'm': 1.0, 'l': 0.0, 'e': 0.0}  0.519757  0.523576  0.526154  0.513514  0.815205  0.883032  0.116968           0.026117           0.050107        0.009231  0.003077   0.003077   0.857582
839    0.10                  0.36                  230                  0.50  {'h': 0.5, 'm': 1.0, 'l': 0.0, 'e': 0.0}  0.519135  0.494924  0.480000  0.565217  0.830994  0.913357  0.086643           0.027709           0.059594        0.018462       NaN   0.000000   0.857143
2149   0.15                  0.35                  220                  0.50  {'h': 1.0, 'm': 1.0, 'l': 0.0, 'e': 0.0}  0.518968  0.523256  0.526154  0.511976  0.814620  0.882310  0.117690           0.026117           0.050107        0.009231  0.003077   0.003077   0.857582
1079   0.10                  0.36                  220                  0.50  {'h': 0.5, 'm': 1.0, 'l': 0.0, 'e': 0.0}  0.518272  0.494610  0.480000  0.563177  0.830409  0.912635  0.087365           0.027709           0.059594        0.018462       NaN   0.000000   0.857143
477    0.20                  0.35                  230                  0.50  {'h': 0.5, 'm': 1.0, 'l': 0.5, 'e': 0.0}  0.516575  0.550324  0.575385  0.468672  0.795322  0.846931  0.153069           0.024188           0.044283        0.009231       NaN   0.000000   0.857143
1439   0.10                  0.35                  220                  0.50  {'h': 0.5, 'm': 1.0, 'l': 0.0, 'e': 0.0}  0.515702  0.493671  0.480000  0.557143  0.828655  0.910469  0.089531           0.028002           0.059155        0.012308       NaN   0.000000   0.857143
2157   0.15                  0.35                  220                  0.50  {'h': 0.5, 'm': 1.0, 'l': 0.5, 'e': 0.0}  0.514205  0.539011  0.556923  0.477573  0.800000  0.857040  0.142960           0.026117           0.050107        0.012308       NaN   0.000000   0.857143
717    0.20                  0.35                  220                  0.50  {'h': 0.5, 'm': 1.0, 'l': 0.5, 'e': 0.0}  0.513736  0.549031  0.575385  0.464020  0.792982  0.844043  0.155957           0.024188           0.044283        0.009231       NaN   0.000000   0.857143
958    0.10                  0.36                  240                  0.50  {'h': 0.5, 'm': 1.0, 'l': 0.3, 'e': 0.0}  0.513732  0.498745  0.489231  0.540816  0.823977  0.902527  0.097473           0.027709           0.059594        0.018462  0.006154   0.006154   0.858022
838    0.10                  0.36                  230                  0.50  {'h': 0.5, 'm': 1.0, 'l': 0.3, 'e': 0.0}  0.512821  0.500313  0.492308  0.535117  0.822222  0.899639  0.100361           0.027709           0.059594        0.018462  0.006154   0.006154   0.858022
1318   0.10                  0.35                  240                  0.50  {'h': 0.5, 'm': 1.0, 'l': 0.3, 'e': 0.0}  0.512821  0.500313  0.492308  0.535117  0.822222  0.899639  0.100361           0.028002           0.059155        0.018462  0.006154   0.006154   0.858022
1198   0.10                  0.35                  230                  0.50  {'h': 0.5, 'm': 1.0, 'l': 0.3, 'e': 0.0}  0.512821  0.500313  0.492308  0.535117  0.822222  0.899639  0.100361           0.028002           0.059155        0.015385  0.003077   0.003077   0.857582
1548   0.15                  0.36                  230                  0.50  {'h': 1.0, 'm': 1.0, 'l': 1.0, 'e': 0.0}  0.512091  0.536353  0.553846  0.476190  0.799415  0.857040  0.142960           0.024774           0.048312        0.003077  0.003077   0.003077   0.857582
1078   0.10                  0.36                  220                  0.50  {'h': 0.5, 'm': 1.0, 'l': 0.3, 'e': 0.0}  0.512000  0.500000  0.492308  0.533333  0.821637  0.898917  0.101083           0.027709           0.059594        0.018462  0.006154   0.006154   0.858022
228    0.20                  0.36                  240                  0.50  {'h': 1.0, 'm': 1.0, 'l': 1.0, 'e': 0.0}  0.511565  0.549708  0.578462  0.458537  0.790058  0.839711  0.160289           0.022674           0.044722        0.000000       NaN   0.000000   0.857143
1788   0.15                  0.36                  220                  0.50  {'h': 1.0, 'm': 1.0, 'l': 1.0, 'e': 0.0}  0.510638  0.535714  0.553846  0.473684  0.798246  0.855596  0.144404           0.024774           0.048312        0.000000       NaN   0.000000   0.857143
108    0.20                  0.36                  230                  0.50  {'h': 1.0, 'm': 1.0, 'l': 1.0, 'e': 0.0}  0.510176  0.549065  0.578462  0.456311  0.788889  0.838267  0.161733           0.022674           0.044722        0.000000       NaN   0.000000   0.857143
1668   0.15                  0.36                  240                  0.50  {'h': 1.0, 'm': 1.0, 'l': 1.0, 'e': 0.0}  0.510029  0.531978  0.547692  0.477212  0.800000  0.859206  0.140794           0.024774           0.048312        0.006154  0.006154   0.006154   0.858022
1438   0.10                  0.35                  220                  0.50  {'h': 0.5, 'm': 1.0, 'l': 0.3, 'e': 0.0}  0.508744  0.498753  0.492308  0.526316  0.819298  0.896029  0.103971           0.028002           0.059155        0.012308       NaN   0.000000   0.857143
207    0.20                  0.36                  240                  0.40  {'h': 1.0, 'm': 0.5, 'l': 0.0, 'e': 0.0}  0.505330  0.619446  0.729231  0.386623  0.728655  0.728520  0.271480           0.022674           0.044722        0.003077  0.003077   0.003077   0.857582
212    0.20                  0.36                  240                  0.40  {'h': 1.0, 'm': 0.5, 'l': 0.3, 'e': 0.0}  0.505330  0.619446  0.729231  0.386623  0.728655  0.728520  0.271480           0.022674           0.044722        0.003077  0.003077   0.003077   0.857582
211    0.20                  0.36                  240                  0.40  {'h': 1.0, 'm': 0.5, 'l': 0.5, 'e': 0.0}  0.505330  0.619446  0.729231  0.386623  0.728655  0.728520  0.271480           0.022674           0.044722        0.003077       NaN   0.000000   0.857143
231    0.20                  0.36                  240                  0.50  {'h': 1.0, 'm': 0.5, 'l': 0.0, 'e': 0.0}  0.505208  0.556512  0.596923  0.437923  0.777778  0.820217  0.179783           0.022674           0.044722        0.003077  0.003077   0.003077   0.857582
236    0.20                  0.36                  240                  0.50  {'h': 1.0, 'm': 0.5, 'l': 0.3, 'e': 0.0}  0.505208  0.556512  0.596923  0.437923  0.777778  0.820217  0.179783           0.022674           0.044722        0.003077  0.003077   0.003077   0.857582
348    0.20                  0.36                  220                  0.50  {'h': 1.0, 'm': 1.0, 'l': 1.0, 'e': 0.0}  0.504698  0.546512  0.578462  0.447619  0.784211  0.832491  0.167509           0.022674           0.044722        0.000000       NaN   0.000000   0.857143
220    0.20                  0.36                  240                  0.45  {'h': 1.0, 'm': 0.3, 'l': 0.0, 'e': 0.0}  0.504310  0.614819  0.720000  0.388060  0.730994  0.733574  0.266426           0.022674           0.044722        0.003077  0.003077   0.003077   0.857582
1287   0.10                  0.35                  240                  0.40  {'h': 1.0, 'm': 0.5, 'l': 0.0, 'e': 0.0}  0.504310  0.614819  0.720000  0.388060  0.730994  0.733574  0.266426           0.028002           0.059155        0.009231  0.003077   0.003077   0.857582
1292   0.10                  0.35                  240                  0.40  {'h': 1.0, 'm': 0.5, 'l': 0.3, 'e': 0.0}  0.504310  0.614819  0.720000  0.388060  0.730994  0.733574  0.266426           0.028002           0.059155        0.009231  0.003077   0.003077   0.857582
1291   0.10                  0.35                  240                  0.40  {'h': 1.0, 'm': 0.5, 'l': 0.5, 'e': 0.0}  0.504310  0.614819  0.720000  0.388060  0.730994  0.733574  0.266426           0.028002           0.059155        0.009231       NaN   0.000000   0.857143
235    0.20                  0.36                  240                  0.50  {'h': 1.0, 'm': 0.5, 'l': 0.5, 'e': 0.0}  0.503259  0.553961  0.593846  0.436652  0.777193  0.820217  0.179783           0.022674           0.044722        0.000000       NaN   0.000000   0.857143
116    0.20                  0.36                  230                  0.50  {'h': 1.0, 'm': 0.5, 'l': 0.3, 'e': 0.0}  0.503243  0.555556  0.596923  0.434978  0.776023  0.818051  0.181949           0.022674           0.044722        0.003077  0.003077   0.003077   0.857582
1167   0.10                  0.35                  230                  0.40  {'h': 1.0, 'm': 0.5, 'l': 0.0, 'e': 0.0}  0.503171  0.619469  0.732308  0.383253  0.725146  0.723466  0.276534           0.028002           0.059155        0.006154  0.003077   0.003077   0.857582
1172   0.10                  0.35                  230                  0.40  {'h': 1.0, 'm': 0.5, 'l': 0.3, 'e': 0.0}  0.503171  0.619469  0.732308  0.383253  0.725146  0.723466  0.276534           0.028002           0.059155        0.006154  0.003077   0.003077   0.857582
1171   0.10                  0.35                  230                  0.40  {'h': 1.0, 'm': 0.5, 'l': 0.5, 'e': 0.0}  0.503171  0.619469  0.732308  0.383253  0.725146  0.723466  0.276534           0.028002           0.059155        0.006154       NaN   0.000000   0.857143
2007   0.15                  0.35                  240                  0.40  {'h': 1.0, 'm': 0.5, 'l': 0.0, 'e': 0.0}  0.502640  0.619147  0.732308  0.382637  0.724561  0.722744  0.277256           0.026117           0.050107        0.003077  0.003077   0.003077   0.857582
2012   0.15                  0.35                  240                  0.40  {'h': 1.0, 'm': 0.5, 'l': 0.3, 'e': 0.0}  0.502640  0.619147  0.732308  0.382637  0.724561  0.722744  0.277256           0.026117           0.050107        0.003077  0.003077   0.003077   0.857582
2011   0.15                  0.35                  240                  0.40  {'h': 1.0, 'm': 0.5, 'l': 0.5, 'e': 0.0}  0.502640  0.619147  0.732308  0.382637  0.724561  0.722744  0.277256           0.026117           0.050107        0.003077       NaN   0.000000   0.857143
111    0.20                  0.36                  230                  0.50  {'h': 1.0, 'm': 0.5, 'l': 0.0, 'e': 0.0}  0.502591  0.555238  0.596923  0.434004  0.775439  0.817329  0.182671           0.022674           0.044722        0.003077  0.003077   0.003077   0.857582
957    0.10                  0.36                  240                  0.50  {'h': 0.5, 'm': 1.0, 'l': 0.5, 'e': 0.0}  0.502370  0.494403  0.489231  0.516234  0.815789  0.892419  0.107581           0.027709           0.059594        0.018462  0.006154   0.006154   0.858022
2028   0.15                  0.35                  240                  0.50  {'h': 1.0, 'm': 1.0, 'l': 1.0, 'e': 0.0}  0.502152  0.523325  0.538462  0.470430  0.797076  0.857762  0.142238           0.026117           0.050107        0.000000       NaN   0.000000   0.857143
1993   0.15                  0.35                  240                  0.35  {'h': 1.0, 'm': 1.0, 'l': 0.0, 'e': 0.0}  0.502101  0.620135  0.735385  0.381180  0.722807  0.719856  0.280144           0.026117           0.050107        0.012308  0.003077   0.003077   0.857582
192    0.20                  0.36                  240                  0.35  {'h': 1.0, 'm': 1.0, 'l': 1.0, 'e': 0.0}  0.501567  0.621118  0.738462  0.379747  0.721053  0.716968  0.283032           0.022674           0.044722        0.006154  0.006154   0.006154   0.847101
115    0.20                  0.36                  230                  0.50  {'h': 1.0, 'm': 0.5, 'l': 0.5, 'e': 0.0}  0.501299  0.553009  0.593846  0.433708  0.775439  0.818051  0.181949           0.022674           0.044722        0.000000       NaN   0.000000   0.857143
1767   0.15                  0.36                  220                  0.40  {'h': 1.0, 'm': 0.5, 'l': 0.0, 'e': 0.0}  0.501048  0.619492  0.735385  0.379968  0.721637  0.718412  0.281588           0.024774           0.048312        0.003077  0.003077   0.003077   0.857582
1772   0.15                  0.36                  220                  0.40  {'h': 1.0, 'm': 0.5, 'l': 0.3, 'e': 0.0}  0.501048  0.619492  0.735385  0.379968  0.721637  0.718412  0.281588           0.024774           0.048312        0.003077  0.003077   0.003077   0.857582
1771   0.15                  0.36                  220                  0.40  {'h': 1.0, 'm': 0.5, 'l': 0.5, 'e': 0.0}  0.501048  0.619492  0.735385  0.379968  0.721637  0.718412  0.281588           0.024774           0.048312        0.003077       NaN   0.000000   0.857143
1753   0.15                  0.36                  220                  0.35  {'h': 1.0, 'm': 1.0, 'l': 0.0, 'e': 0.0}  0.501044  0.620797  0.738462  0.379147  0.720468  0.716245  0.283755           0.024774           0.048312        0.009231  0.003077   0.003077   0.857582
837    0.10                  0.36                  230                  0.50  {'h': 0.5, 'm': 1.0, 'l': 0.5, 'e': 0.0}  0.500782  0.495663  0.492308  0.509554  0.813450  0.888809  0.111191           0.027709           0.059594        0.018462  0.006154   0.006154   0.858022
1317   0.10                  0.35                  240                  0.50  {'h': 0.5, 'm': 1.0, 'l': 0.5, 'e': 0.0}  0.500782  0.495663  0.492308  0.509554  0.813450  0.888809  0.111191           0.028002           0.059155        0.018462  0.006154   0.006154   0.858022
588    0.20                  0.35                  240                  0.50  {'h': 1.0, 'm': 1.0, 'l': 1.0, 'e': 0.0}  0.500662  0.546243  0.581538  0.439535  0.779532  0.825993  0.174007           0.024188           0.044283        0.000000       NaN   0.000000   0.857143
87     0.20                  0.36                  230                  0.40  {'h': 1.0, 'm': 0.5, 'l': 0.0, 'e': 0.0}  0.500524  0.619171  0.735385  0.379365  0.721053  0.717690  0.282310           0.022674           0.044722        0.003077  0.003077   0.003077   0.857582
92     0.20                  0.36                  230                  0.40  {'h': 1.0, 'm': 0.5, 'l': 0.3, 'e': 0.0}  0.500524  0.619171  0.735385  0.379365  0.721053  0.717690  0.282310           0.022674           0.044722        0.003077  0.003077   0.003077   0.857582
91     0.20                  0.36                  230                  0.40  {'h': 1.0, 'm': 0.5, 'l': 0.5, 'e': 0.0}  0.500524  0.619171  0.735385  0.379365  0.721053  0.717690  0.282310           0.022674           0.044722        0.003077       NaN   0.000000   0.857143
1273   0.10                  0.35                  240                  0.35  {'h': 1.0, 'm': 1.0, 'l': 0.0, 'e': 0.0}  0.500000  0.609564  0.713846  0.384743  0.728655  0.732130  0.267870           0.028002           0.059155        0.009231  0.009231   0.009231   0.858462
1647   0.15                  0.36                  240                  0.40  {'h': 1.0, 'm': 0.5, 'l': 0.0, 'e': 0.0}  0.500000  0.606860  0.707692  0.386555  0.730994  0.736462  0.263538           0.024774           0.048312        0.009231  0.003077   0.003077   0.846627
1652   0.15                  0.36                  240                  0.40  {'h': 1.0, 'm': 0.5, 'l': 0.3, 'e': 0.0}  0.500000  0.606860  0.707692  0.386555  0.730994  0.736462  0.263538           0.024774           0.048312        0.009231  0.003077   0.003077   0.846627
1651   0.15                  0.36                  240                  0.40  {'h': 1.0, 'm': 0.5, 'l': 0.5, 'e': 0.0}  0.500000  0.606860  0.707692  0.386555  0.730994  0.736462  0.263538           0.024774           0.048312        0.009231       NaN   0.000000   0.846154
927    0.10                  0.36                  240                  0.40  {'h': 1.0, 'm': 0.5, 'l': 0.0, 'e': 0.0}  0.500000  0.601384  0.695385  0.390328  0.735673  0.745126  0.254874           0.027709           0.059594        0.009231  0.003077   0.003077   0.857582
932    0.10                  0.36                  240                  0.40  {'h': 1.0, 'm': 0.5, 'l': 0.3, 'e': 0.0}  0.500000  0.601384  0.695385  0.390328  0.735673  0.745126  0.254874           0.027709           0.059594        0.009231  0.003077   0.003077   0.857582
931    0.10                  0.36                  240                  0.40  {'h': 1.0, 'm': 0.5, 'l': 0.5, 'e': 0.0}  0.500000  0.601384  0.695385  0.390328  0.735673  0.745126  0.254874           0.027709           0.059594        0.009231       NaN   0.000000   0.857143
1077   0.10                  0.36                  220                  0.50  {'h': 0.5, 'm': 1.0, 'l': 0.5, 'e': 0.0}  0.500000  0.495356  0.492308  0.507937  0.812865  0.888087  0.111913           0.027709           0.059594        0.018462  0.006154   0.006154   0.858022
1197   0.10                  0.35                  230                  0.50  {'h': 0.5, 'm': 1.0, 'l': 0.5, 'e': 0.0}  0.500000  0.495356  0.492308  0.507937  0.812865  0.888087  0.111913           0.028002           0.059155        0.015385  0.003077   0.003077   0.857582
1992   0.15                  0.35                  240                  0.35  {'h': 1.0, 'm': 1.0, 'l': 1.0, 'e': 0.0}  0.499478  0.618530  0.735385  0.378165  0.719883  0.716245  0.283755           0.026117           0.050107        0.000000       NaN   0.000000   0.857143
1513   0.15                  0.36                  230                  0.35  {'h': 1.0, 'm': 1.0, 'l': 0.0, 'e': 0.0}  0.499471  0.614583  0.726154  0.380645  0.723392  0.722744  0.277256           0.024774           0.048312        0.012308  0.006154   0.006154   0.858022
100    0.20                  0.36                  230                  0.45  {'h': 1.0, 'm': 0.3, 'l': 0.0, 'e': 0.0}  0.499471  0.614583  0.726154  0.380645  0.723392  0.722744  0.277256           0.022674           0.044722        0.003077  0.003077   0.003077   0.857582
356    0.20                  0.36                  220                  0.50  {'h': 1.0, 'm': 0.5, 'l': 0.3, 'e': 0.0}  0.499356  0.553653  0.596923  0.429204  0.772515  0.813718  0.186282           0.022674           0.044722        0.003077  0.003077   0.003077   0.857582
829    0.10                  0.36                  230                  0.50  {'h': 1.0, 'm': 1.0, 'l': 0.0, 'e': 0.0}  0.499200  0.487500  0.480000  0.520000  0.816959  0.896029  0.103971           0.027709           0.059594        0.009231  0.009231   0.009231   0.858462
208    0.20                  0.36                  240                  0.40  {'h': 1.0, 'm': 0.3, 'l': 0.0, 'e': 0.0}  0.498960  0.619515  0.738462  0.376766  0.718129  0.713357  0.286643           0.022674           0.044722        0.009231  0.003077   0.003077   0.846627
1527   0.15                  0.36                  230                  0.40  {'h': 1.0, 'm': 0.5, 'l': 0.0, 'e': 0.0}  0.498938  0.612937  0.723077  0.380875  0.723977  0.724188  0.275812           0.024774           0.048312        0.006154  0.003077   0.003077   0.857582
1532   0.15                  0.36                  230                  0.40  {'h': 1.0, 'm': 0.5, 'l': 0.3, 'e': 0.0}  0.498938  0.612937  0.723077  0.380875  0.723977  0.724188  0.275812           0.024774           0.048312        0.006154  0.003077   0.003077   0.857582
1531   0.15                  0.36                  230                  0.40  {'h': 1.0, 'm': 0.5, 'l': 0.5, 'e': 0.0}  0.498938  0.612937  0.723077  0.380875  0.723977  0.724188  0.275812           0.024774           0.048312        0.006154       NaN   0.000000   0.857143
1272   0.10                  0.35                  240                  0.35  {'h': 1.0, 'm': 1.0, 'l': 1.0, 'e': 0.0}  0.498925  0.608924  0.713846  0.383471  0.727485  0.730686  0.269314           0.028002           0.059155        0.006154  0.006154   0.006154   0.858022
1633   0.15                  0.36                  240                  0.35  {'h': 1.0, 'm': 1.0, 'l': 0.0, 'e': 0.0}  0.498915  0.606220  0.707692  0.385260  0.729825  0.735018  0.264982           0.024774           0.048312        0.015385  0.009231   0.009231   0.847574
913    0.10                  0.36                  240                  0.35  {'h': 1.0, 'm': 1.0, 'l': 0.0, 'e': 0.0}  0.498891  0.599361  0.692308  0.389948  0.735673  0.745848  0.254152           0.027709           0.059594        0.009231  0.009231   0.009231   0.858462
72     0.20                  0.36                  230                  0.35  {'h': 1.0, 'm': 1.0, 'l': 1.0, 'e': 0.0}  0.498462  0.623077  0.747692  0.373846  0.714035  0.706137  0.293863           0.022674           0.044722        0.006154  0.006154   0.006154   0.847101
121    0.20                  0.36                  240                  0.05  {'h': 1.0, 'm': 1.0, 'l': 0.0, 'e': 0.0}  0.498442  0.619195  0.738462  0.376176  0.717544  0.712635  0.287365           0.022674           0.044722        0.015385  0.009231   0.009231   0.847574
130    0.20                  0.36                  240                  0.05  {'h': 0.5, 'm': 1.0, 'l': 0.3, 'e': 0.0}  0.498442  0.619195  0.738462  0.376176  0.717544  0.712635  0.287365           0.022674           0.044722        0.024615  0.009231   0.009231   0.847574
133    0.20                  0.36                  240                  0.10  {'h': 1.0, 'm': 1.0, 'l': 0.0, 'e': 0.0}  0.498442  0.619195  0.738462  0.376176  0.717544  0.712635  0.287365           0.022674           0.044722        0.015385  0.009231   0.009231   0.847574
142    0.20                  0.36                  240                  0.10  {'h': 0.5, 'm': 1.0, 'l': 0.3, 'e': 0.0}  0.498442  0.619195  0.738462  0.376176  0.717544  0.712635  0.287365           0.022674           0.044722        0.024615  0.009231   0.009231   0.847574
145    0.20                  0.36                  240                  0.15  {'h': 1.0, 'm': 1.0, 'l': 0.0, 'e': 0.0}  0.498442  0.619195  0.738462  0.376176  0.717544  0.712635  0.287365           0.022674           0.044722        0.015385  0.009231   0.009231   0.847574
154    0.20                  0.36                  240                  0.15  {'h': 0.5, 'm': 1.0, 'l': 0.3, 'e': 0.0}  0.498442  0.619195  0.738462  0.376176  0.717544  0.712635  0.287365           0.022674           0.044722        0.024615  0.009231   0.009231   0.847574
157    0.20                  0.36                  240                  0.20  {'h': 1.0, 'm': 1.0, 'l': 0.0, 'e': 0.0}  0.498442  0.619195  0.738462  0.376176  0.717544  0.712635  0.287365           0.022674           0.044722        0.015385  0.009231   0.009231   0.847574
166    0.20                  0.36                  240                  0.20  {'h': 0.5, 'm': 1.0, 'l': 0.3, 'e': 0.0}  0.498442  0.619195  0.738462  0.376176  0.717544  0.712635  0.287365           0.022674           0.044722        0.024615  0.009231   0.009231   0.847574
169    0.20                  0.36                  240                  0.25  {'h': 1.0, 'm': 1.0, 'l': 0.0, 'e': 0.0}  0.498442  0.619195  0.738462  0.376176  0.717544  0.712635  0.287365           0.022674           0.044722        0.015385  0.009231   0.009231   0.847574
178    0.20                  0.36                  240                  0.25  {'h': 0.5, 'm': 1.0, 'l': 0.3, 'e': 0.0}  0.498442  0.619195  0.738462  0.376176  0.717544  0.712635  0.287365           0.022674           0.044722        0.024615  0.009231   0.009231   0.847574
181    0.20                  0.36                  240                  0.30  {'h': 1.0, 'm': 1.0, 'l': 0.0, 'e': 0.0}  0.498442  0.619195  0.738462  0.376176  0.717544  0.712635  0.287365           0.022674           0.044722        0.015385  0.009231   0.009231   0.847574
190    0.20                  0.36                  240                  0.30  {'h': 0.5, 'm': 1.0, 'l': 0.3, 'e': 0.0}  0.498442  0.619195  0.738462  0.376176  0.717544  0.712635  0.287365           0.022674           0.044722        0.024615  0.009231   0.009231   0.847574
120    0.20                  0.36                  240                  0.05  {'h': 1.0, 'm': 1.0, 'l': 1.0, 'e': 0.0}  0.498442  0.619195  0.738462  0.376176  0.717544  0.712635  0.287365           0.022674           0.044722        0.006154  0.006154   0.006154   0.847101
129    0.20                  0.36                  240                  0.05  {'h': 0.5, 'm': 1.0, 'l': 0.5, 'e': 0.0}  0.498442  0.619195  0.738462  0.376176  0.717544  0.712635  0.287365           0.022674           0.044722        0.021538  0.006154   0.006154   0.847101
132    0.20                  0.36                  240                  0.10  {'h': 1.0, 'm': 1.0, 'l': 1.0, 'e': 0.0}  0.498442  0.619195  0.738462  0.376176  0.717544  0.712635  0.287365           0.022674           0.044722        0.006154  0.006154   0.006154   0.847101
141    0.20                  0.36                  240                  0.10  {'h': 0.5, 'm': 1.0, 'l': 0.5, 'e': 0.0}  0.498442  0.619195  0.738462  0.376176  0.717544  0.712635  0.287365           0.022674           0.044722        0.021538  0.006154   0.006154   0.847101
144    0.20                  0.36                  240                  0.15  {'h': 1.0, 'm': 1.0, 'l': 1.0, 'e': 0.0}  0.498442  0.619195  0.738462  0.376176  0.717544  0.712635  0.287365           0.022674           0.044722        0.006154  0.006154   0.006154   0.847101
153    0.20                  0.36                  240                  0.15  {'h': 0.5, 'm': 1.0, 'l': 0.5, 'e': 0.0}  0.498442  0.619195  0.738462  0.376176  0.717544  0.712635  0.287365           0.022674           0.044722        0.021538  0.006154   0.006154   0.847101
156    0.20                  0.36                  240                  0.20  {'h': 1.0, 'm': 1.0, 'l': 1.0, 'e': 0.0}  0.498442  0.619195  0.738462  0.376176  0.717544  0.712635  0.287365           0.022674           0.044722        0.006154  0.006154   0.006154   0.847101
165    0.20                  0.36                  240                  0.20  {'h': 0.5, 'm': 1.0, 'l': 0.5, 'e': 0.0}  0.498442  0.619195  0.738462  0.376176  0.717544  0.712635  0.287365           0.022674           0.044722        0.021538  0.006154   0.006154   0.847101
168    0.20                  0.36                  240                  0.25  {'h': 1.0, 'm': 1.0, 'l': 1.0, 'e': 0.0}  0.498442  0.619195  0.738462  0.376176  0.717544  0.712635  0.287365           0.022674           0.044722        0.006154  0.006154   0.006154   0.847101
177    0.20                  0.36                  240                  0.25  {'h': 0.5, 'm': 1.0, 'l': 0.5, 'e': 0.0}  0.498442  0.619195  0.738462  0.376176  0.717544  0.712635  0.287365           0.022674           0.044722        0.021538  0.006154   0.006154   0.847101
180    0.20                  0.36                  240                  0.30  {'h': 1.0, 'm': 1.0, 'l': 1.0, 'e': 0.0}  0.498442  0.619195  0.738462  0.376176  0.717544  0.712635  0.287365           0.022674           0.044722        0.006154  0.006154   0.006154   0.847101
189    0.20                  0.36                  240                  0.30  {'h': 0.5, 'm': 1.0, 'l': 0.5, 'e': 0.0}  0.498442  0.619195  0.738462  0.376176  0.717544  0.712635  0.287365           0.022674           0.044722        0.021538  0.006154   0.006154   0.847101
122    0.20                  0.36                  240                  0.05  {'h': 1.0, 'm': 0.0, 'l': 0.0, 'e': 0.0}  0.498442  0.619195  0.738462  0.376176  0.717544  0.712635  0.287365           0.022674           0.044722        0.003077  0.003077   0.003077   0.846627
123    0.20                  0.36                  240                  0.05  {'h': 1.0, 'm': 0.5, 'l': 0.0, 'e': 0.0}  0.498442  0.619195  0.738462  0.376176  0.717544  0.712635  0.287365           0.022674           0.044722        0.009231  0.003077   0.003077   0.846627
124    0.20                  0.36                  240                  0.05  {'h': 1.0, 'm': 0.3, 'l': 0.0, 'e': 0.0}  0.498442  0.619195  0.738462  0.376176  0.717544  0.712635  0.287365           0.022674           0.044722        0.009231  0.003077   0.003077   0.846627
126    0.20                  0.36                  240                  0.05  {'h': 1.0, 'm': 0.5, 'l': 0.3, 'e': 0.3}  0.498442  0.619195  0.738462  0.376176  0.717544  0.712635  0.287365           0.022674           0.044722        0.009231  0.003077   0.003077   0.846627
128    0.20                  0.36                  240                  0.05  {'h': 1.0, 'm': 0.5, 'l': 0.3, 'e': 0.0}  0.498442  0.619195  0.738462  0.376176  0.717544  0.712635  0.287365           0.022674           0.044722        0.009231  0.003077   0.003077   0.846627
131    0.20                  0.36                  240                  0.05  {'h': 0.5, 'm': 1.0, 'l': 0.0, 'e': 0.0}  0.498442  0.619195  0.738462  0.376176  0.717544  0.712635  0.287365           0.022674           0.044722        0.027692  0.003077   0.003077   0.846627
134    0.20                  0.36                  240                  0.10  {'h': 1.0, 'm': 0.0, 'l': 0.0, 'e': 0.0}  0.498442  0.619195  0.738462  0.376176  0.717544  0.712635  0.287365           0.022674           0.044722        0.003077  0.003077   0.003077   0.846627
135    0.20                  0.36                  240                  0.10  {'h': 1.0, 'm': 0.5, 'l': 0.0, 'e': 0.0}  0.498442  0.619195  0.738462  0.376176  0.717544  0.712635  0.287365           0.022674           0.044722        0.009231  0.003077   0.003077   0.846627
136    0.20                  0.36                  240                  0.10  {'h': 1.0, 'm': 0.3, 'l': 0.0, 'e': 0.0}  0.498442  0.619195  0.738462  0.376176  0.717544  0.712635  0.287365           0.022674           0.044722        0.009231  0.003077   0.003077   0.846627
138    0.20                  0.36                  240                  0.10  {'h': 1.0, 'm': 0.5, 'l': 0.3, 'e': 0.3}  0.498442  0.619195  0.738462  0.376176  0.717544  0.712635  0.287365           0.022674           0.044722        0.009231  0.003077   0.003077   0.846627
140    0.20                  0.36                  240                  0.10  {'h': 1.0, 'm': 0.5, 'l': 0.3, 'e': 0.0}  0.498442  0.619195  0.738462  0.376176  0.717544  0.712635  0.287365           0.022674           0.044722        0.009231  0.003077   0.003077   0.846627
143    0.20                  0.36                  240                  0.10  {'h': 0.5, 'm': 1.0, 'l': 0.0, 'e': 0.0}  0.498442  0.619195  0.738462  0.376176  0.717544  0.712635  0.287365           0.022674           0.044722        0.027692  0.003077   0.003077   0.846627
146    0.20                  0.36                  240                  0.15  {'h': 1.0, 'm': 0.0, 'l': 0.0, 'e': 0.0}  0.498442  0.619195  0.738462  0.376176  0.717544  0.712635  0.287365           0.022674           0.044722        0.003077  0.003077   0.003077   0.846627
147    0.20                  0.36                  240                  0.15  {'h': 1.0, 'm': 0.5, 'l': 0.0, 'e': 0.0}  0.498442  0.619195  0.738462  0.376176  0.717544  0.712635  0.287365           0.022674           0.044722        0.009231  0.003077   0.003077   0.846627
148    0.20                  0.36                  240                  0.15  {'h': 1.0, 'm': 0.3, 'l': 0.0, 'e': 0.0}  0.498442  0.619195  0.738462  0.376176  0.717544  0.712635  0.287365           0.022674           0.044722        0.009231  0.003077   0.003077   0.846627
150    0.20                  0.36                  240                  0.15  {'h': 1.0, 'm': 0.5, 'l': 0.3, 'e': 0.3}  0.498442  0.619195  0.738462  0.376176  0.717544  0.712635  0.287365           0.022674           0.044722        0.009231  0.003077   0.003077   0.846627
152    0.20                  0.36                  240                  0.15  {'h': 1.0, 'm': 0.5, 'l': 0.3, 'e': 0.0}  0.498442  0.619195  0.738462  0.376176  0.717544  0.712635  0.287365           0.022674           0.044722        0.009231  0.003077   0.003077   0.846627
155    0.20                  0.36                  240                  0.15  {'h': 0.5, 'm': 1.0, 'l': 0.0, 'e': 0.0}  0.498442  0.619195  0.738462  0.376176  0.717544  0.712635  0.287365           0.022674           0.044722        0.027692  0.003077   0.003077   0.846627
158    0.20                  0.36                  240                  0.20  {'h': 1.0, 'm': 0.0, 'l': 0.0, 'e': 0.0}  0.498442  0.619195  0.738462  0.376176  0.717544  0.712635  0.287365           0.022674           0.044722        0.003077  0.003077   0.003077   0.846627
159    0.20                  0.36                  240                  0.20  {'h': 1.0, 'm': 0.5, 'l': 0.0, 'e': 0.0}  0.498442  0.619195  0.738462  0.376176  0.717544  0.712635  0.287365           0.022674           0.044722        0.009231  0.003077   0.003077   0.846627
160    0.20                  0.36                  240                  0.20  {'h': 1.0, 'm': 0.3, 'l': 0.0, 'e': 0.0}  0.498442  0.619195  0.738462  0.376176  0.717544  0.712635  0.287365           0.022674           0.044722        0.009231  0.003077   0.003077   0.846627
162    0.20                  0.36                  240                  0.20  {'h': 1.0, 'm': 0.5, 'l': 0.3, 'e': 0.3}  0.498442  0.619195  0.738462  0.376176  0.717544  0.712635  0.287365           0.022674           0.044722        0.009231  0.003077   0.003077   0.846627
164    0.20                  0.36                  240                  0.20  {'h': 1.0, 'm': 0.5, 'l': 0.3, 'e': 0.0}  0.498442  0.619195  0.738462  0.376176  0.717544  0.712635  0.287365           0.022674           0.044722        0.009231  0.003077   0.003077   0.846627
167    0.20                  0.36                  240                  0.20  {'h': 0.5, 'm': 1.0, 'l': 0.0, 'e': 0.0}  0.498442  0.619195  0.738462  0.376176  0.717544  0.712635  0.287365           0.022674           0.044722        0.027692  0.003077   0.003077   0.846627
170    0.20                  0.36                  240                  0.25  {'h': 1.0, 'm': 0.0, 'l': 0.0, 'e': 0.0}  0.498442  0.619195  0.738462  0.376176  0.717544  0.712635  0.287365           0.022674           0.044722        0.003077  0.003077   0.003077   0.846627
171    0.20                  0.36                  240                  0.25  {'h': 1.0, 'm': 0.5, 'l': 0.0, 'e': 0.0}  0.498442  0.619195  0.738462  0.376176  0.717544  0.712635  0.287365           0.022674           0.044722        0.009231  0.003077   0.003077   0.846627
172    0.20                  0.36                  240                  0.25  {'h': 1.0, 'm': 0.3, 'l': 0.0, 'e': 0.0}  0.498442  0.619195  0.738462  0.376176  0.717544  0.712635  0.287365           0.022674           0.044722        0.009231  0.003077   0.003077   0.846627
174    0.20                  0.36                  240                  0.25  {'h': 1.0, 'm': 0.5, 'l': 0.3, 'e': 0.3}  0.498442  0.619195  0.738462  0.376176  0.717544  0.712635  0.287365           0.022674           0.044722        0.009231  0.003077   0.003077   0.846627
176    0.20                  0.36                  240                  0.25  {'h': 1.0, 'm': 0.5, 'l': 0.3, 'e': 0.0}  0.498442  0.619195  0.738462  0.376176  0.717544  0.712635  0.287365           0.022674           0.044722        0.009231  0.003077   0.003077   0.846627
179    0.20                  0.36                  240                  0.25  {'h': 0.5, 'm': 1.0, 'l': 0.0, 'e': 0.0}  0.498442  0.619195  0.738462  0.376176  0.717544  0.712635  0.287365           0.022674           0.044722        0.027692  0.003077   0.003077   0.846627
182    0.20                  0.36                  240                  0.30  {'h': 1.0, 'm': 0.0, 'l': 0.0, 'e': 0.0}  0.498442  0.619195  0.738462  0.376176  0.717544  0.712635  0.287365           0.022674           0.044722        0.003077  0.003077   0.003077   0.846627
183    0.20                  0.36                  240                  0.30  {'h': 1.0, 'm': 0.5, 'l': 0.0, 'e': 0.0}  0.498442  0.619195  0.738462  0.376176  0.717544  0.712635  0.287365           0.022674           0.044722        0.009231  0.003077   0.003077   0.846627
184    0.20                  0.36                  240                  0.30  {'h': 1.0, 'm': 0.3, 'l': 0.0, 'e': 0.0}  0.498442  0.619195  0.738462  0.376176  0.717544  0.712635  0.287365           0.022674           0.044722        0.009231  0.003077   0.003077   0.846627
186    0.20                  0.36                  240                  0.30  {'h': 1.0, 'm': 0.5, 'l': 0.3, 'e': 0.3}  0.498442  0.619195  0.738462  0.376176  0.717544  0.712635  0.287365           0.022674           0.044722        0.009231  0.003077   0.003077   0.846627
188    0.20                  0.36                  240                  0.30  {'h': 1.0, 'm': 0.5, 'l': 0.3, 'e': 0.0}  0.498442  0.619195  0.738462  0.376176  0.717544  0.712635  0.287365           0.022674           0.044722        0.009231  0.003077   0.003077   0.846627
191    0.20                  0.36                  240                  0.30  {'h': 0.5, 'm': 1.0, 'l': 0.0, 'e': 0.0}  0.498442  0.619195  0.738462  0.376176  0.717544  0.712635  0.287365           0.022674           0.044722        0.027692  0.003077   0.003077   0.846627
194    0.20                  0.36                  240                  0.35  {'h': 1.0, 'm': 0.0, 'l': 0.0, 'e': 0.0}  0.498442  0.619195  0.738462  0.376176  0.717544  0.712635  0.287365           0.022674           0.044722        0.003077  0.003077   0.003077   0.846627
195    0.20                  0.36                  240                  0.35  {'h': 1.0, 'm': 0.5, 'l': 0.0, 'e': 0.0}  0.498442  0.619195  0.738462  0.376176  0.717544  0.712635  0.287365           0.022674           0.044722        0.009231  0.003077   0.003077   0.846627
196    0.20                  0.36                  240                  0.35  {'h': 1.0, 'm': 0.3, 'l': 0.0, 'e': 0.0}  0.498442  0.619195  0.738462  0.376176  0.717544  0.712635  0.287365           0.022674           0.044722        0.009231  0.003077   0.003077   0.846627
198    0.20                  0.36                  240                  0.35  {'h': 1.0, 'm': 0.5, 'l': 0.3, 'e': 0.3}  0.498442  0.619195  0.738462  0.376176  0.717544  0.712635  0.287365           0.022674           0.044722        0.009231  0.003077   0.003077   0.846627
200    0.20                  0.36                  240                  0.35  {'h': 1.0, 'm': 0.5, 'l': 0.3, 'e': 0.0}  0.498442  0.619195  0.738462  0.376176  0.717544  0.712635  0.287365           0.022674           0.044722        0.009231  0.003077   0.003077   0.846627
206    0.20                  0.36                  240                  0.40  {'h': 1.0, 'm': 0.0, 'l': 0.0, 'e': 0.0}  0.498442  0.619195  0.738462  0.376176  0.717544  0.712635  0.287365           0.022674           0.044722        0.003077  0.003077   0.003077   0.846627
210    0.20                  0.36                  240                  0.40  {'h': 1.0, 'm': 0.5, 'l': 0.3, 'e': 0.3}  0.498442  0.619195  0.738462  0.376176  0.717544  0.712635  0.287365           0.022674           0.044722        0.009231  0.003077   0.003077   0.846627
218    0.20                  0.36                  240                  0.45  {'h': 1.0, 'm': 0.0, 'l': 0.0, 'e': 0.0}  0.498442  0.619195  0.738462  0.376176  0.717544  0.712635  0.287365           0.022674           0.044722        0.003077  0.003077   0.003077   0.846627
125    0.20                  0.36                  240                  0.05  {'h': 1.0, 'm': 0.5, 'l': 0.5, 'e': 0.3}  0.498442  0.619195  0.738462  0.376176  0.717544  0.712635  0.287365           0.022674           0.044722        0.009231       NaN   0.000000   0.846154
127    0.20                  0.36                  240                  0.05  {'h': 1.0, 'm': 0.5, 'l': 0.5, 'e': 0.0}  0.498442  0.619195  0.738462  0.376176  0.717544  0.712635  0.287365           0.022674           0.044722        0.009231       NaN   0.000000   0.846154
137    0.20                  0.36                  240                  0.10  {'h': 1.0, 'm': 0.5, 'l': 0.5, 'e': 0.3}  0.498442  0.619195  0.738462  0.376176  0.717544  0.712635  0.287365           0.022674           0.044722        0.009231       NaN   0.000000   0.846154
139    0.20                  0.36                  240                  0.10  {'h': 1.0, 'm': 0.5, 'l': 0.5, 'e': 0.0}  0.498442  0.619195  0.738462  0.376176  0.717544  0.712635  0.287365           0.022674           0.044722        0.009231       NaN   0.000000   0.846154
149    0.20                  0.36                  240                  0.15  {'h': 1.0, 'm': 0.5, 'l': 0.5, 'e': 0.3}  0.498442  0.619195  0.738462  0.376176  0.717544  0.712635  0.287365           0.022674           0.044722        0.009231       NaN   0.000000   0.846154
151    0.20                  0.36                  240                  0.15  {'h': 1.0, 'm': 0.5, 'l': 0.5, 'e': 0.0}  0.498442  0.619195  0.738462  0.376176  0.717544  0.712635  0.287365           0.022674           0.044722        0.009231       NaN   0.000000   0.846154
161    0.20                  0.36                  240                  0.20  {'h': 1.0, 'm': 0.5, 'l': 0.5, 'e': 0.3}  0.498442  0.619195  0.738462  0.376176  0.717544  0.712635  0.287365           0.022674           0.044722        0.009231       NaN   0.000000   0.846154
163    0.20                  0.36                  240                  0.20  {'h': 1.0, 'm': 0.5, 'l': 0.5, 'e': 0.0}  0.498442  0.619195  0.738462  0.376176  0.717544  0.712635  0.287365           0.022674           0.044722        0.009231       NaN   0.000000   0.846154
173    0.20                  0.36                  240                  0.25  {'h': 1.0, 'm': 0.5, 'l': 0.5, 'e': 0.3}  0.498442  0.619195  0.738462  0.376176  0.717544  0.712635  0.287365           0.022674           0.044722        0.009231       NaN   0.000000   0.846154
175    0.20                  0.36                  240                  0.25  {'h': 1.0, 'm': 0.5, 'l': 0.5, 'e': 0.0}  0.498442  0.619195  0.738462  0.376176  0.717544  0.712635  0.287365           0.022674           0.044722        0.009231       NaN   0.000000   0.846154
185    0.20                  0.36                  240                  0.30  {'h': 1.0, 'm': 0.5, 'l': 0.5, 'e': 0.3}  0.498442  0.619195  0.738462  0.376176  0.717544  0.712635  0.287365           0.022674           0.044722        0.009231       NaN   0.000000   0.846154
187    0.20                  0.36                  240                  0.30  {'h': 1.0, 'm': 0.5, 'l': 0.5, 'e': 0.0}  0.498442  0.619195  0.738462  0.376176  0.717544  0.712635  0.287365           0.022674           0.044722        0.009231       NaN   0.000000   0.846154
197    0.20                  0.36                  240                  0.35  {'h': 1.0, 'm': 0.5, 'l': 0.5, 'e': 0.3}  0.498442  0.619195  0.738462  0.376176  0.717544  0.712635  0.287365           0.022674           0.044722        0.009231       NaN   0.000000   0.846154
199    0.20                  0.36                  240                  0.35  {'h': 1.0, 'm': 0.5, 'l': 0.5, 'e': 0.0}  0.498442  0.619195  0.738462  0.376176  0.717544  0.712635  0.287365           0.022674           0.044722        0.009231       NaN   0.000000   0.846154
209    0.20                  0.36                  240                  0.40  {'h': 1.0, 'm': 0.5, 'l': 0.5, 'e': 0.3}  0.498442  0.619195  0.738462  0.376176  0.717544  0.712635  0.287365           0.022674           0.044722        0.009231       NaN   0.000000   0.846154
949    0.10                  0.36                  240                  0.50  {'h': 1.0, 'm': 1.0, 'l': 0.0, 'e': 0.0}  0.498392  0.485285  0.476923  0.521886  0.817544  0.897473  0.102527           0.027709           0.059594        0.009231  0.009231   0.009231   0.858462
219    0.20                  0.36                  240                  0.45  {'h': 1.0, 'm': 0.5, 'l': 0.0, 'e': 0.0}  0.498324  0.596257  0.686154  0.391228  0.737427  0.749458  0.250542           0.022674           0.044722        0.003077  0.003077   0.003077   0.857582
224    0.20                  0.36                  240                  0.45  {'h': 1.0, 'm': 0.5, 'l': 0.3, 'e': 0.0}  0.498324  0.596257  0.686154  0.391228  0.737427  0.749458  0.250542           0.022674           0.044722        0.003077  0.003077   0.003077   0.857582
351    0.20                  0.36                  220                  0.50  {'h': 1.0, 'm': 0.5, 'l': 0.0, 'e': 0.0}  0.498074  0.553022  0.596923  0.427313  0.771345  0.812274  0.187726           0.022674           0.044722        0.003077  0.003077   0.003077   0.857582
596    0.20                  0.35                  240                  0.50  {'h': 1.0, 'm': 0.5, 'l': 0.3, 'e': 0.0}  0.498054  0.549828  0.590769  0.430493  0.773684  0.816606  0.183394           0.024188           0.044283        0.003077  0.003077   0.003077   0.857582
1752   0.15                  0.36                  220                  0.35  {'h': 1.0, 'm': 1.0, 'l': 1.0, 'e': 0.0}  0.497925  0.618876  0.738462  0.375587  0.716959  0.711913  0.288087           0.024774           0.048312        0.000000       NaN   0.000000   0.857143
193    0.20                  0.36                  240                  0.35  {'h': 1.0, 'm': 1.0, 'l': 0.0, 'e': 0.0}  0.497908  0.616261  0.732308  0.377179  0.719298  0.716245  0.283755           0.022674           0.044722        0.009231  0.003077   0.003077   0.857582
912    0.10                  0.36                  240                  0.35  {'h': 1.0, 'm': 1.0, 'l': 1.0, 'e': 0.0}  0.497788  0.598723  0.692308  0.388601  0.734503  0.744404  0.255596           0.027709           0.059594        0.006154  0.006154   0.006154   0.858022
223    0.20                  0.36                  240                  0.45  {'h': 1.0, 'm': 0.5, 'l': 0.5, 'e': 0.0}  0.497768  0.595938  0.686154  0.390543  0.736842  0.748736  0.251264           0.022674           0.044722        0.003077       NaN   0.000000   0.857143
1069   0.10                  0.36                  220                  0.50  {'h': 1.0, 'm': 1.0, 'l': 0.0, 'e': 0.0}  0.497608  0.486891  0.480000  0.516556  0.815789  0.894585  0.105415           0.027709           0.059594        0.009231  0.009231   0.009231   0.858462
355    0.20                  0.36                  220                  0.50  {'h': 1.0, 'm': 0.5, 'l': 0.5, 'e': 0.0}  0.497423  0.551114  0.593846  0.427938  0.771930  0.813718  0.186282           0.022674           0.044722        0.000000       NaN   0.000000   0.857143
1153   0.10                  0.35                  230                  0.35  {'h': 1.0, 'm': 1.0, 'l': 0.0, 'e': 0.0}  0.497354  0.611979  0.723077  0.379032  0.722222  0.722022  0.277978           0.028002           0.059155        0.006154  0.006154   0.006154   0.858022
1155   0.10                  0.35                  230                  0.35  {'h': 1.0, 'm': 0.5, 'l': 0.0, 'e': 0.0}  0.496907  0.619537  0.741538  0.373643  0.714620  0.708303  0.291697           0.028002           0.059155        0.009231  0.003077   0.003077   0.846627
1160   0.10                  0.35                  230                  0.35  {'h': 1.0, 'm': 0.5, 'l': 0.3, 'e': 0.0}  0.496907  0.619537  0.741538  0.373643  0.714620  0.708303  0.291697           0.028002           0.059155        0.009231  0.003077   0.003077   0.846627
1168   0.10                  0.35                  230                  0.40  {'h': 1.0, 'm': 0.3, 'l': 0.0, 'e': 0.0}  0.496907  0.619537  0.741538  0.373643  0.714620  0.708303  0.291697           0.028002           0.059155        0.009231  0.003077   0.003077   0.846627
1159   0.10                  0.35                  230                  0.35  {'h': 1.0, 'm': 0.5, 'l': 0.5, 'e': 0.0}  0.496907  0.619537  0.741538  0.373643  0.714620  0.708303  0.291697           0.028002           0.059155        0.009231       NaN   0.000000   0.846154
595    0.20                  0.35                  240                  0.50  {'h': 1.0, 'm': 0.5, 'l': 0.5, 'e': 0.0}  0.496749  0.547592  0.587692  0.430180  0.773684  0.817329  0.182671           0.024188           0.044283        0.000000       NaN   0.000000   0.857143
2008   0.15                  0.35                  240                  0.40  {'h': 1.0, 'm': 0.3, 'l': 0.0, 'e': 0.0}  0.496410  0.620513  0.744615  0.372308  0.712865  0.705415  0.294585           0.026117           0.050107        0.009231  0.003077   0.003077   0.846627
1081   0.10                  0.35                  230                  0.05  {'h': 1.0, 'm': 1.0, 'l': 0.0, 'e': 0.0}  0.496395  0.619219  0.741538  0.373065  0.714035  0.707581  0.292419           0.028002           0.059155        0.009231  0.009231   0.009231   0.847574
1093   0.10                  0.35                  230                  0.10  {'h': 1.0, 'm': 1.0, 'l': 0.0, 'e': 0.0}  0.496395  0.619219  0.741538  0.373065  0.714035  0.707581  0.292419           0.028002           0.059155        0.009231  0.009231   0.009231   0.847574
1105   0.10                  0.35                  230                  0.15  {'h': 1.0, 'm': 1.0, 'l': 0.0, 'e': 0.0}  0.496395  0.619219  0.741538  0.373065  0.714035  0.707581  0.292419           0.028002           0.059155        0.009231  0.009231   0.009231   0.847574
1117   0.10                  0.35                  230                  0.20  {'h': 1.0, 'm': 1.0, 'l': 0.0, 'e': 0.0}  0.496395  0.619219  0.741538  0.373065  0.714035  0.707581  0.292419           0.028002           0.059155        0.009231  0.009231   0.009231   0.847574
1129   0.10                  0.35                  230                  0.25  {'h': 1.0, 'm': 1.0, 'l': 0.0, 'e': 0.0}  0.496395  0.619219  0.741538  0.373065  0.714035  0.707581  0.292419           0.028002           0.059155        0.009231  0.009231   0.009231   0.847574
1141   0.10                  0.35                  230                  0.30  {'h': 1.0, 'm': 1.0, 'l': 0.0, 'e': 0.0}  0.496395  0.619219  0.741538  0.373065  0.714035  0.707581  0.292419           0.028002           0.059155        0.009231  0.009231   0.009231   0.847574
1080   0.10                  0.35                  230                  0.05  {'h': 1.0, 'm': 1.0, 'l': 1.0, 'e': 0.0}  0.496395  0.619219  0.741538  0.373065  0.714035  0.707581  0.292419           0.028002           0.059155        0.006154  0.006154   0.006154   0.847101
1089   0.10                  0.35                  230                  0.05  {'h': 0.5, 'm': 1.0, 'l': 0.5, 'e': 0.0}  0.496395  0.619219  0.741538  0.373065  0.714035  0.707581  0.292419           0.028002           0.059155        0.024615  0.006154   0.006154   0.847101
1090   0.10                  0.35                  230                  0.05  {'h': 0.5, 'm': 1.0, 'l': 0.3, 'e': 0.0}  0.496395  0.619219  0.741538  0.373065  0.714035  0.707581  0.292419           0.028002           0.059155        0.024615  0.006154   0.006154   0.847101
1092   0.10                  0.35                  230                  0.10  {'h': 1.0, 'm': 1.0, 'l': 1.0, 'e': 0.0}  0.496395  0.619219  0.741538  0.373065  0.714035  0.707581  0.292419           0.028002           0.059155        0.006154  0.006154   0.006154   0.847101
1101   0.10                  0.35                  230                  0.10  {'h': 0.5, 'm': 1.0, 'l': 0.5, 'e': 0.0}  0.496395  0.619219  0.741538  0.373065  0.714035  0.707581  0.292419           0.028002           0.059155        0.024615  0.006154   0.006154   0.847101
1102   0.10                  0.35                  230                  0.10  {'h': 0.5, 'm': 1.0, 'l': 0.3, 'e': 0.0}  0.496395  0.619219  0.741538  0.373065  0.714035  0.707581  0.292419           0.028002           0.059155        0.024615  0.006154   0.006154   0.847101
1104   0.10                  0.35                  230                  0.15  {'h': 1.0, 'm': 1.0, 'l': 1.0, 'e': 0.0}  0.496395  0.619219  0.741538  0.373065  0.714035  0.707581  0.292419           0.028002           0.059155        0.006154  0.006154   0.006154   0.847101
1113   0.10                  0.35                  230                  0.15  {'h': 0.5, 'm': 1.0, 'l': 0.5, 'e': 0.0}  0.496395  0.619219  0.741538  0.373065  0.714035  0.707581  0.292419           0.028002           0.059155        0.024615  0.006154   0.006154   0.847101
1114   0.10                  0.35                  230                  0.15  {'h': 0.5, 'm': 1.0, 'l': 0.3, 'e': 0.0}  0.496395  0.619219  0.741538  0.373065  0.714035  0.707581  0.292419           0.028002           0.059155        0.024615  0.006154   0.006154   0.847101
1116   0.10                  0.35                  230                  0.20  {'h': 1.0, 'm': 1.0, 'l': 1.0, 'e': 0.0}  0.496395  0.619219  0.741538  0.373065  0.714035  0.707581  0.292419           0.028002           0.059155        0.006154  0.006154   0.006154   0.847101
1125   0.10                  0.35                  230                  0.20  {'h': 0.5, 'm': 1.0, 'l': 0.5, 'e': 0.0}  0.496395  0.619219  0.741538  0.373065  0.714035  0.707581  0.292419           0.028002           0.059155        0.024615  0.006154   0.006154   0.847101
1126   0.10                  0.35                  230                  0.20  {'h': 0.5, 'm': 1.0, 'l': 0.3, 'e': 0.0}  0.496395  0.619219  0.741538  0.373065  0.714035  0.707581  0.292419           0.028002           0.059155        0.024615  0.006154   0.006154   0.847101
1128   0.10                  0.35                  230                  0.25  {'h': 1.0, 'm': 1.0, 'l': 1.0, 'e': 0.0}  0.496395  0.619219  0.741538  0.373065  0.714035  0.707581  0.292419           0.028002           0.059155        0.006154  0.006154   0.006154   0.847101
1137   0.10                  0.35                  230                  0.25  {'h': 0.5, 'm': 1.0, 'l': 0.5, 'e': 0.0}  0.496395  0.619219  0.741538  0.373065  0.714035  0.707581  0.292419           0.028002           0.059155        0.024615  0.006154   0.006154   0.847101
1138   0.10                  0.35                  230                  0.25  {'h': 0.5, 'm': 1.0, 'l': 0.3, 'e': 0.0}  0.496395  0.619219  0.741538  0.373065  0.714035  0.707581  0.292419           0.028002           0.059155        0.024615  0.006154   0.006154   0.847101
1140   0.10                  0.35                  230                  0.30  {'h': 1.0, 'm': 1.0, 'l': 1.0, 'e': 0.0}  0.496395  0.619219  0.741538  0.373065  0.714035  0.707581  0.292419           0.028002           0.059155        0.006154  0.006154   0.006154   0.847101
1149   0.10                  0.35                  230                  0.30  {'h': 0.5, 'm': 1.0, 'l': 0.5, 'e': 0.0}  0.496395  0.619219  0.741538  0.373065  0.714035  0.707581  0.292419           0.028002           0.059155        0.024615  0.006154   0.006154   0.847101
1150   0.10                  0.35                  230                  0.30  {'h': 0.5, 'm': 1.0, 'l': 0.3, 'e': 0.0}  0.496395  0.619219  0.741538  0.373065  0.714035  0.707581  0.292419           0.028002           0.059155        0.024615  0.006154   0.006154   0.847101
1082   0.10                  0.35                  230                  0.05  {'h': 1.0, 'm': 0.0, 'l': 0.0, 'e': 0.0}  0.496395  0.619219  0.741538  0.373065  0.714035  0.707581  0.292419           0.028002           0.059155        0.009231  0.003077   0.003077   0.846627
1083   0.10                  0.35                  230                  0.05  {'h': 1.0, 'm': 0.5, 'l': 0.0, 'e': 0.0}  0.496395  0.619219  0.741538  0.373065  0.714035  0.707581  0.292419           0.028002           0.059155        0.009231  0.003077   0.003077   0.846627
1084   0.10                  0.35                  230                  0.05  {'h': 1.0, 'm': 0.3, 'l': 0.0, 'e': 0.0}  0.496395  0.619219  0.741538  0.373065  0.714035  0.707581  0.292419           0.028002           0.059155        0.009231  0.003077   0.003077   0.846627
1086   0.10                  0.35                  230                  0.05  {'h': 1.0, 'm': 0.5, 'l': 0.3, 'e': 0.3}  0.496395  0.619219  0.741538  0.373065  0.714035  0.707581  0.292419           0.028002           0.059155        0.009231  0.003077   0.003077   0.846627

Full result output for the best combination:
                 #Examples   TP   FP   TN  FN       ACC       FNR       TNR       FPR       TPR      Prec        F1        F2  AVG # affected
Component                                                                                                                                    
no_failure            1385    0  398  987   0  0.712635       NaN  0.712635  0.287365       NaN  0.000000       NaN       NaN      179.885921
txt15_i1                 5    4    0    0   1  0.800000  0.200000       NaN       NaN  0.800000  1.000000  0.888889  0.833333      420.400000
txt15_i3                 5    2    0    0   3  0.400000  0.600000       NaN       NaN  0.400000  1.000000  0.571429  0.454545      216.800000
txt15_conveyor           3    3    0    0   0  1.000000  0.000000       NaN       NaN  1.000000  1.000000  1.000000  1.000000      446.666667
txt15_m1               160  123    0    0  37  0.768750  0.231250       NaN       NaN  0.768750  1.000000  0.869258  0.806029      349.900000
txt15_pl                 9    4    0    0   5  0.444444  0.555556       NaN       NaN  0.444444  1.000000  0.615385  0.500000      254.222222
txt16_i3                 4    4    0    0   0  1.000000  0.000000       NaN       NaN  1.000000  1.000000  1.000000  1.000000      287.000000
txt16_conveyor           8    8    0    0   0  1.000000  0.000000       NaN       NaN  1.000000  1.000000  1.000000  1.000000      299.750000
txt16_m3                65   61    0    0   4  0.938462  0.061538       NaN       NaN  0.938462  1.000000  0.968254  0.950156      382.246154
txt16_turntable          2    1    0    0   1  0.500000  0.500000       NaN       NaN  0.500000  1.000000  0.666667  0.555556      230.000000
txt17_i1                16   11    0    0   5  0.687500  0.312500       NaN       NaN  0.687500  1.000000  0.814815  0.733333      282.687500
txt17_pl                14   14    0    0   0  1.000000  0.000000       NaN       NaN  1.000000  1.000000  1.000000  1.000000      395.000000
txt18_pl                28    0    0    0  28  0.000000  1.000000       NaN       NaN  0.000000       NaN       NaN       NaN       14.857143
txt19_i4                 6    5    0    0   1  0.833333  0.166667       NaN       NaN  0.833333  1.000000  0.909091  0.862069      298.500000
combined              1710  240  398  987  85  0.717544  0.261538  0.712635  0.287365  0.738462  0.376176  0.498442  0.619195      206.463158

                 #Examples   TP   FP    TN   FN       ACC       FNR       TNR       FPR       TPR      Prec        F1        F2  AVG # affected
Component                                                                                                                                      
no_failure            1385    0  154  1231    0  0.888809       NaN  0.888809  0.111191       NaN  0.000000       NaN       NaN      179.885921
txt15_i1                 5    4    0     0    1  0.800000  0.200000       NaN       NaN  0.800000  1.000000  0.888889  0.833333      420.400000
txt15_i3                 5    0    0     0    5  0.000000  1.000000       NaN       NaN  0.000000       NaN       NaN       NaN      216.800000
txt15_conveyor           3    3    0     0    0  1.000000  0.000000       NaN       NaN  1.000000  1.000000  1.000000  1.000000      446.666667
txt15_m1               160  108    0     0   52  0.675000  0.325000       NaN       NaN  0.675000  1.000000  0.805970  0.721925      349.900000
txt15_pl                 9    4    0     0    5  0.444444  0.555556       NaN       NaN  0.444444  1.000000  0.615385  0.500000      254.222222
txt16_i3                 4    3    0     0    1  0.750000  0.250000       NaN       NaN  0.750000  1.000000  0.857143  0.789474      287.000000
txt16_conveyor           8    4    0     0    4  0.500000  0.500000       NaN       NaN  0.500000  1.000000  0.666667  0.555556      299.750000
txt16_m3                65   46    0     0   19  0.707692  0.292308       NaN       NaN  0.707692  1.000000  0.828829  0.751634      382.246154
txt16_turntable          2    1    0     0    1  0.500000  0.500000       NaN       NaN  0.500000  1.000000  0.666667  0.555556      230.000000
txt17_i1                16    6    0     0   10  0.375000  0.625000       NaN       NaN  0.375000  1.000000  0.545455  0.428571      282.687500
txt17_pl                14    7    0     0    7  0.500000  0.500000       NaN       NaN  0.500000  1.000000  0.666667  0.555556      395.000000
txt18_pl                28    0    0     0   28  0.000000  1.000000       NaN       NaN  0.000000       NaN       NaN       NaN       14.857143
txt19_i4                 6    0    0     0    6  0.000000  1.000000       NaN       NaN  0.000000       NaN       NaN       NaN      298.500000
combined              1710  186  154  1231  139  0.828655  0.427692  0.888809  0.111191  0.572308  0.547059  0.559398  0.567073      206.463158

Execution time: 43046.20137305977
