
Dataset loaded:
Shape of training set (example, time, channels): (20812, 500, 61)
Shape of test set (example, time, channels): (3989, 500, 61)
Shape of train validation set (example, time, channels): (2313, 500, 61)
Shape of test validation set (example, time, channels): (1710, 500, 61)
Num of classes in all: 25

Creating model based on ../configuration/hyperparameter_combinations/selected/selected_1.json hyperparameter file 

Adding feature wise convolutions with 32 filters per feature, 3 kernels and 1 strides ...
Adding feature wise convolutions with 1 filters per feature, 3 kernels and 1 strides ...
Adding feature based graph attention layer ...
Adding time based graph attention layer ...
Adding GRU layer with 256 units ...
Adding GRU layer with 61 units ...
Adding dense layer to forecasting model with 512 units and ReLu activation ...
Adding dense layer to forecasting model with 256 units and ReLu activation ...
Adding last dense layer to forecasting model with 61 units and sigmoid activation ...
Adding VAE as reconstruction model with dimensions 3072 & 1024 and ...
The RBM reconstructs the output of the gru layer.

Epoch 0
	Step 0: mean loss = 1.2878
	Step 50: mean loss = 0.5261
	Step 100: mean loss = 0.3631
	Step 150: mean loss = 0.2823

	Loss on validation set after epoch 0: 0.1083

Epoch 1
	Step 0: mean loss = 0.1094
	Step 50: mean loss = 0.1033
	Step 100: mean loss = 0.0996
	Step 150: mean loss = 0.0966

	Loss on validation set after epoch 1: 0.0869

Epoch 2
	Step 0: mean loss = 0.0887
	Step 50: mean loss = 0.0853
	Step 100: mean loss = 0.0840
	Step 150: mean loss = 0.0826

	Loss on validation set after epoch 2: 0.0777

Epoch 3
	Step 0: mean loss = 0.0764
	Step 50: mean loss = 0.0760
	Step 100: mean loss = 0.0747
	Step 150: mean loss = 0.0737

	Loss on validation set after epoch 3: 0.0706

Epoch 4
	Step 0: mean loss = 0.0674
	Step 50: mean loss = 0.0696
	Step 100: mean loss = 0.0689
	Step 150: mean loss = 0.0678

	Loss on validation set after epoch 4: 0.0628

Epoch 5
	Step 0: mean loss = 0.0645
	Step 50: mean loss = 0.0633
	Step 100: mean loss = 0.0632
	Step 150: mean loss = 0.0629

	Loss on validation set after epoch 5: 0.0609

Epoch 6
	Step 0: mean loss = 0.0647
	Step 50: mean loss = 0.0609
	Step 100: mean loss = 0.0608
	Step 150: mean loss = 0.0605

	Loss on validation set after epoch 6: 0.0578

Epoch 7
	Step 0: mean loss = 0.0579
	Step 50: mean loss = 0.0578
	Step 100: mean loss = 0.0575
	Step 150: mean loss = 0.0571

	Loss on validation set after epoch 7: 0.0546

Epoch 8
	Step 0: mean loss = 0.0540
	Step 50: mean loss = 0.0547
	Step 100: mean loss = 0.0548
	Step 150: mean loss = 0.0544

	Loss on validation set after epoch 8: 0.0544

Epoch 9
	Step 0: mean loss = 0.0522
	Step 50: mean loss = 0.0525
	Step 100: mean loss = 0.0527
	Step 150: mean loss = 0.0523

	Loss on validation set after epoch 9: 0.0516

Epoch 10
	Step 0: mean loss = 0.0554
	Step 50: mean loss = 0.0508
	Step 100: mean loss = 0.0511
	Step 150: mean loss = 0.0511

	Loss on validation set after epoch 10: 0.0496

Epoch 11
	Step 0: mean loss = 0.0506
	Step 50: mean loss = 0.0493
	Step 100: mean loss = 0.0495
	Step 150: mean loss = 0.0493

	Loss on validation set after epoch 11: 0.0473

Epoch 12
	Step 0: mean loss = 0.0481
	Step 50: mean loss = 0.0471
	Step 100: mean loss = 0.0467
	Step 150: mean loss = 0.0465

	Loss on validation set after epoch 12: 0.0446

Epoch 13
	Step 0: mean loss = 0.0395
	Step 50: mean loss = 0.0436
	Step 100: mean loss = 0.0433
	Step 150: mean loss = 0.0428

	Loss on validation set after epoch 13: 0.0413

Epoch 14
	Step 0: mean loss = 0.0422
	Step 50: mean loss = 0.0406
	Step 100: mean loss = 0.0403
	Step 150: mean loss = 0.0402

	Loss on validation set after epoch 14: 0.0393

Epoch 15
	Step 0: mean loss = 0.0420
	Step 50: mean loss = 0.0389
	Step 100: mean loss = 0.0388
	Step 150: mean loss = 0.0387

	Loss on validation set after epoch 15: 0.0382

Epoch 16
	Step 0: mean loss = 0.0380
	Step 50: mean loss = 0.0376
	Step 100: mean loss = 0.0377
	Step 150: mean loss = 0.0376

	Loss on validation set after epoch 16: 0.0385

Epoch 17
	Step 0: mean loss = 0.0401
	Step 50: mean loss = 0.0365
	Step 100: mean loss = 0.0365
	Step 150: mean loss = 0.0368

	Loss on validation set after epoch 17: 0.0368

Epoch 18
	Step 0: mean loss = 0.0336
	Step 50: mean loss = 0.0359
	Step 100: mean loss = 0.0359
	Step 150: mean loss = 0.0357

	Loss on validation set after epoch 18: 0.0367

Epoch 19
	Step 0: mean loss = 0.0357
	Step 50: mean loss = 0.0349
	Step 100: mean loss = 0.0349
	Step 150: mean loss = 0.0348

	Loss on validation set after epoch 19: 0.0349

Epoch 20
	Step 0: mean loss = 0.0327
	Step 50: mean loss = 0.0336
	Step 100: mean loss = 0.0338
	Step 150: mean loss = 0.0338

	Loss on validation set after epoch 20: 0.0334

Epoch 21
	Step 0: mean loss = 0.0338
	Step 50: mean loss = 0.0328
	Step 100: mean loss = 0.0331
	Step 150: mean loss = 0.0329

	Loss on validation set after epoch 21: 0.0328

Epoch 22
	Step 0: mean loss = 0.0327
	Step 50: mean loss = 0.0321
	Step 100: mean loss = 0.0320
	Step 150: mean loss = 0.0320

	Loss on validation set after epoch 22: 0.0319

Epoch 23
	Step 0: mean loss = 0.0341
	Step 50: mean loss = 0.0313
	Step 100: mean loss = 0.0313
	Step 150: mean loss = 0.0312

	Loss on validation set after epoch 23: 0.0311

Epoch 24
	Step 0: mean loss = 0.0308
	Step 50: mean loss = 0.0306
	Step 100: mean loss = 0.0306
	Step 150: mean loss = 0.0305

	Loss on validation set after epoch 24: 0.0299

Epoch 25
	Step 0: mean loss = 0.0315
	Step 50: mean loss = 0.0298
	Step 100: mean loss = 0.0300
	Step 150: mean loss = 0.0298

	Loss on validation set after epoch 25: 0.0291

Epoch 26
	Step 0: mean loss = 0.0243
	Step 50: mean loss = 0.0289
	Step 100: mean loss = 0.0290
	Step 150: mean loss = 0.0289

	Loss on validation set after epoch 26: 0.0281

Epoch 27
	Step 0: mean loss = 0.0260
	Step 50: mean loss = 0.0282
	Step 100: mean loss = 0.0284
	Step 150: mean loss = 0.0284

	Loss on validation set after epoch 27: 0.0277

Epoch 28
	Step 0: mean loss = 0.0310
	Step 50: mean loss = 0.0272
	Step 100: mean loss = 0.0276
	Step 150: mean loss = 0.0273

	Loss on validation set after epoch 28: 0.0278

Epoch 29
	Step 0: mean loss = 0.0279
	Step 50: mean loss = 0.0268
	Step 100: mean loss = 0.0266
	Step 150: mean loss = 0.0264

	Loss on validation set after epoch 29: 0.0261

Epoch 30
	Step 0: mean loss = 0.0229
	Step 50: mean loss = 0.0254
	Step 100: mean loss = 0.0254
	Step 150: mean loss = 0.0253

	Loss on validation set after epoch 30: 0.0253

Epoch 31
	Step 0: mean loss = 0.0215
	Step 50: mean loss = 0.0242
	Step 100: mean loss = 0.0241
	Step 150: mean loss = 0.0239

	Loss on validation set after epoch 31: 0.0278

Epoch 32
	Step 0: mean loss = 0.0275
	Step 50: mean loss = 0.0230
	Step 100: mean loss = 0.0228
	Step 150: mean loss = 0.0224

	Loss on validation set after epoch 32: 0.0212

Epoch 33
	Step 0: mean loss = 0.0210
	Step 50: mean loss = 0.0217
	Step 100: mean loss = 0.0219
	Step 150: mean loss = 0.0217

	Loss on validation set after epoch 33: 0.0208

Epoch 34
	Step 0: mean loss = 0.0218
	Step 50: mean loss = 0.0208
	Step 100: mean loss = 0.0208
	Step 150: mean loss = 0.0208

	Loss on validation set after epoch 34: 0.0227

Epoch 35
	Step 0: mean loss = 0.0239
	Step 50: mean loss = 0.0224
	Step 100: mean loss = 0.0213
	Step 150: mean loss = 0.0208

	Loss on validation set after epoch 35: 0.0197

Epoch 36
	Step 0: mean loss = 0.0222
	Step 50: mean loss = 0.0192
	Step 100: mean loss = 0.0195
	Step 150: mean loss = 0.0194

	Loss on validation set after epoch 36: 0.0191

Epoch 37
	Step 0: mean loss = 0.0202
	Step 50: mean loss = 0.0189
	Step 100: mean loss = 0.0190
	Step 150: mean loss = 0.0189

	Loss on validation set after epoch 37: 0.0193

Epoch 38
	Step 0: mean loss = 0.0188
	Step 50: mean loss = 0.0183
	Step 100: mean loss = 0.0185
	Step 150: mean loss = 0.0184

	Loss on validation set after epoch 38: 0.0183

Epoch 39
	Step 0: mean loss = 0.0177
	Step 50: mean loss = 0.0182
	Step 100: mean loss = 0.0181
	Step 150: mean loss = 0.0180

	Loss on validation set after epoch 39: 0.0180

Epoch 40
	Step 0: mean loss = 0.0197
	Step 50: mean loss = 0.0177
	Step 100: mean loss = 0.0178
	Step 150: mean loss = 0.0177

	Loss on validation set after epoch 40: 0.0173

Epoch 41
	Step 0: mean loss = 0.0195
	Step 50: mean loss = 0.0172
	Step 100: mean loss = 0.0174
	Step 150: mean loss = 0.0173

	Loss on validation set after epoch 41: 0.0174

Epoch 42
	Step 0: mean loss = 0.0162
	Step 50: mean loss = 0.0172
	Step 100: mean loss = 0.0171
	Step 150: mean loss = 0.0170

	Loss on validation set after epoch 42: 0.0171

Epoch 43
	Step 0: mean loss = 0.0173
	Step 50: mean loss = 0.0174
	Step 100: mean loss = 0.0170
	Step 150: mean loss = 0.0169

	Loss on validation set after epoch 43: 0.0160

Epoch 44
	Step 0: mean loss = 0.0150
	Step 50: mean loss = 0.0165
	Step 100: mean loss = 0.0166
	Step 150: mean loss = 0.0164

	Loss on validation set after epoch 44: 0.0169

Epoch 45
	Step 0: mean loss = 0.0152
	Step 50: mean loss = 0.0162
	Step 100: mean loss = 0.0163
	Step 150: mean loss = 0.0163

	Loss on validation set after epoch 45: 0.0155

Epoch 46
	Step 0: mean loss = 0.0130
	Step 50: mean loss = 0.0161
	Step 100: mean loss = 0.0160
	Step 150: mean loss = 0.0160

	Loss on validation set after epoch 46: 0.0166

Epoch 47
	Step 0: mean loss = 0.0139
	Step 50: mean loss = 0.0157
	Step 100: mean loss = 0.0158
	Step 150: mean loss = 0.0157

	Loss on validation set after epoch 47: 0.0161

Epoch 48
	Step 0: mean loss = 0.0163
	Step 50: mean loss = 0.0157
	Step 100: mean loss = 0.0170
	Step 150: mean loss = 0.0165

	Loss on validation set after epoch 48: 0.0152

Epoch 49
	Step 0: mean loss = 0.0157
	Step 50: mean loss = 0.0156
	Step 100: mean loss = 0.0155
	Step 150: mean loss = 0.0154

	Loss on validation set after epoch 49: 0.0149

Epoch 50
	Step 0: mean loss = 0.0145
	Step 50: mean loss = 0.0152
	Step 100: mean loss = 0.0153
	Step 150: mean loss = 0.0153

	Loss on validation set after epoch 50: 0.0149

Epoch 51
	Step 0: mean loss = 0.0183
	Step 50: mean loss = 0.0151
	Step 100: mean loss = 0.0151
	Step 150: mean loss = 0.0151

	Loss on validation set after epoch 51: 0.0151

Epoch 52
	Step 0: mean loss = 0.0180
	Step 50: mean loss = 0.0149
	Step 100: mean loss = 0.0150
	Step 150: mean loss = 0.0149

	Loss on validation set after epoch 52: 0.0150

Epoch 53
	Step 0: mean loss = 0.0163
	Step 50: mean loss = 0.0148
	Step 100: mean loss = 0.0148
	Step 150: mean loss = 0.0147

	Loss on validation set after epoch 53: 0.0149

Epoch 54
	Step 0: mean loss = 0.0151
	Step 50: mean loss = 0.0145
	Step 100: mean loss = 0.0145
	Step 150: mean loss = 0.0144

	Loss on validation set after epoch 54: 0.0148

Epoch 55
	Step 0: mean loss = 0.0137
	Step 50: mean loss = 0.0143
	Step 100: mean loss = 0.0144
	Step 150: mean loss = 0.0143

	Loss on validation set after epoch 55: 0.0143

Epoch 56
	Step 0: mean loss = 0.0159
	Step 50: mean loss = 0.0142
	Step 100: mean loss = 0.0143
	Step 150: mean loss = 0.0141

	Loss on validation set after epoch 56: 0.0148

Epoch 57
	Step 0: mean loss = 0.0141
	Step 50: mean loss = 0.0142
	Step 100: mean loss = 0.0140
	Step 150: mean loss = 0.0140

	Loss on validation set after epoch 57: 0.0137

Epoch 58
	Step 0: mean loss = 0.0146
	Step 50: mean loss = 0.0156
	Step 100: mean loss = 0.0147
	Step 150: mean loss = 0.0143

	Loss on validation set after epoch 58: 0.0137

Epoch 59
	Step 0: mean loss = 0.0136
	Step 50: mean loss = 0.0136
	Step 100: mean loss = 0.0136
	Step 150: mean loss = 0.0136

	Loss on validation set after epoch 59: 0.0133

Epoch 60
	Step 0: mean loss = 0.0116
	Step 50: mean loss = 0.0132
	Step 100: mean loss = 0.0133
	Step 150: mean loss = 0.0132

	Loss on validation set after epoch 60: 0.0128

Epoch 61
	Step 0: mean loss = 0.0155
	Step 50: mean loss = 0.0132
	Step 100: mean loss = 0.0131
	Step 150: mean loss = 0.0130

	Loss on validation set after epoch 61: 0.0130

Epoch 62
	Step 0: mean loss = 0.0137
	Step 50: mean loss = 0.0129
	Step 100: mean loss = 0.0128
	Step 150: mean loss = 0.0127

	Loss on validation set after epoch 62: 0.0120

Epoch 63
	Step 0: mean loss = 0.0117
	Step 50: mean loss = 0.0124
	Step 100: mean loss = 0.0124
	Step 150: mean loss = 0.0124

	Loss on validation set after epoch 63: 0.0122

Epoch 64
	Step 0: mean loss = 0.0117
	Step 50: mean loss = 0.0122
	Step 100: mean loss = 0.0122
	Step 150: mean loss = 0.0121

	Loss on validation set after epoch 64: 0.0122

Epoch 65
	Step 0: mean loss = 0.0108
	Step 50: mean loss = 0.0122
	Step 100: mean loss = 0.0132
	Step 150: mean loss = 0.0129

	Loss on validation set after epoch 65: 0.0119

Epoch 66
	Step 0: mean loss = 0.0125
	Step 50: mean loss = 0.0119
	Step 100: mean loss = 0.0119
	Step 150: mean loss = 0.0119

	Loss on validation set after epoch 66: 0.0116

Epoch 67
	Step 0: mean loss = 0.0125
	Step 50: mean loss = 0.0118
	Step 100: mean loss = 0.0117
	Step 150: mean loss = 0.0117

	Loss on validation set after epoch 67: 0.0116

Epoch 68
	Step 0: mean loss = 0.0121
	Step 50: mean loss = 0.0117
	Step 100: mean loss = 0.0116
	Step 150: mean loss = 0.0115

	Loss on validation set after epoch 68: 0.0110

Epoch 69
	Step 0: mean loss = 0.0119
	Step 50: mean loss = 0.0116
	Step 100: mean loss = 0.0116
	Step 150: mean loss = 0.0115

	Loss on validation set after epoch 69: 0.0117

Epoch 70
	Step 0: mean loss = 0.0097
	Step 50: mean loss = 0.0115
	Step 100: mean loss = 0.0114
	Step 150: mean loss = 0.0114

	Loss on validation set after epoch 70: 0.0110

Epoch 71
	Step 0: mean loss = 0.0127
	Step 50: mean loss = 0.0115
	Step 100: mean loss = 0.0114
	Step 150: mean loss = 0.0113

	Loss on validation set after epoch 71: 0.0111

Epoch 72
	Step 0: mean loss = 0.0138
	Step 50: mean loss = 0.0111
	Step 100: mean loss = 0.0113
	Step 150: mean loss = 0.0112

	Loss on validation set after epoch 72: 0.0112

Epoch 73
	Step 0: mean loss = 0.0118
	Step 50: mean loss = 0.0111
	Step 100: mean loss = 0.0110
	Step 150: mean loss = 0.0110

	Loss on validation set after epoch 73: 0.0109

Epoch 74
	Step 0: mean loss = 0.0107
	Step 50: mean loss = 0.0109
	Step 100: mean loss = 0.0109
	Step 150: mean loss = 0.0109

	Loss on validation set after epoch 74: 0.0108

Epoch 75
	Step 0: mean loss = 0.0121
	Step 50: mean loss = 0.0109
	Step 100: mean loss = 0.0109
	Step 150: mean loss = 0.0109

	Loss on validation set after epoch 75: 0.0105

Epoch 76
	Step 0: mean loss = 0.0091
	Step 50: mean loss = 0.0108
	Step 100: mean loss = 0.0107
	Step 150: mean loss = 0.0107

	Loss on validation set after epoch 76: 0.0107

Epoch 77
	Step 0: mean loss = 0.0105
	Step 50: mean loss = 0.0106
	Step 100: mean loss = 0.0106
	Step 150: mean loss = 0.0106

	Loss on validation set after epoch 77: 0.0108

Epoch 78
	Step 0: mean loss = 0.0122
	Step 50: mean loss = 0.0105
	Step 100: mean loss = 0.0105
	Step 150: mean loss = 0.0105

	Loss on validation set after epoch 78: 0.0107

Epoch 79
	Step 0: mean loss = 0.0117
	Step 50: mean loss = 0.0104
	Step 100: mean loss = 0.0105
	Step 150: mean loss = 0.0105

	Loss on validation set after epoch 79: 0.0102

Epoch 80
	Step 0: mean loss = 0.0102
	Step 50: mean loss = 0.0104
	Step 100: mean loss = 0.0104
	Step 150: mean loss = 0.0103

	Loss on validation set after epoch 80: 0.0102

Epoch 81
	Step 0: mean loss = 0.0108
	Step 50: mean loss = 0.0103
	Step 100: mean loss = 0.0103
	Step 150: mean loss = 0.0102

	Loss on validation set after epoch 81: 0.0104

Epoch 82
	Step 0: mean loss = 0.0090
	Step 50: mean loss = 0.0102
	Step 100: mean loss = 0.0102
	Step 150: mean loss = 0.0102

	Loss on validation set after epoch 82: 0.0102

Epoch 83
	Step 0: mean loss = 0.0104
	Step 50: mean loss = 0.0101
	Step 100: mean loss = 0.0101
	Step 150: mean loss = 0.0104

	Loss on validation set after epoch 83: 0.0107

Epoch 84
	Step 0: mean loss = 0.0120
	Step 50: mean loss = 0.0101
	Step 100: mean loss = 0.0100
	Step 150: mean loss = 0.0100

	Loss on validation set after epoch 84: 0.0098

Epoch 85
	Step 0: mean loss = 0.0099
	Step 50: mean loss = 0.0099
	Step 100: mean loss = 0.0100
	Step 150: mean loss = 0.0099

	Loss on validation set after epoch 85: 0.0100

Epoch 86
	Step 0: mean loss = 0.0095
	Step 50: mean loss = 0.0099
	Step 100: mean loss = 0.0099
	Step 150: mean loss = 0.0099

	Loss on validation set after epoch 86: 0.0099

Epoch 87
	Step 0: mean loss = 0.0106
	Step 50: mean loss = 0.0099
	Step 100: mean loss = 0.0098
	Step 150: mean loss = 0.0098

	Loss on validation set after epoch 87: 0.0100

Epoch 88
	Step 0: mean loss = 0.0084
	Step 50: mean loss = 0.0098
	Step 100: mean loss = 0.0098
	Step 150: mean loss = 0.0098

	Loss on validation set after epoch 88: 0.0104

Epoch 89
	Step 0: mean loss = 0.0082
	Step 50: mean loss = 0.0097
	Step 100: mean loss = 0.0096
	Step 150: mean loss = 0.0097

	Loss on validation set after epoch 89: 0.0100

Epoch 90
	Step 0: mean loss = 0.0087
	Step 50: mean loss = 0.0098
	Step 100: mean loss = 0.0098
	Step 150: mean loss = 0.0098

	Loss on validation set after epoch 90: 0.0099

Epoch 91
	Step 0: mean loss = 0.0104
	Step 50: mean loss = 0.0096
	Step 100: mean loss = 0.0095
	Step 150: mean loss = 0.0095

	Loss on validation set after epoch 91: 0.0095

Epoch 92
	Step 0: mean loss = 0.0079
	Step 50: mean loss = 0.0096
	Step 100: mean loss = 0.0096
	Step 150: mean loss = 0.0096

	Loss on validation set after epoch 92: 0.0099

Epoch 93
	Step 0: mean loss = 0.0109
	Step 50: mean loss = 0.0096
	Step 100: mean loss = 0.0095
	Step 150: mean loss = 0.0095

	Loss on validation set after epoch 93: 0.0100

Epoch 94
	Step 0: mean loss = 0.0096
	Step 50: mean loss = 0.0094
	Step 100: mean loss = 0.0094
	Step 150: mean loss = 0.0094

	Loss on validation set after epoch 94: 0.0096

Epoch 95
	Step 0: mean loss = 0.0122
	Step 50: mean loss = 0.0094
	Step 100: mean loss = 0.0094
	Step 150: mean loss = 0.0094

	Loss on validation set after epoch 95: 0.0097

Epoch 96
	Step 0: mean loss = 0.0092
	Step 50: mean loss = 0.0095
	Step 100: mean loss = 0.0094
	Step 150: mean loss = 0.0093

	Loss on validation set after epoch 96: 0.0100

Epoch 97
	Step 0: mean loss = 0.0074
	Step 50: mean loss = 0.0093
	Step 100: mean loss = 0.0093
	Step 150: mean loss = 0.0093

	Loss on validation set after epoch 97: 0.0098

Epoch 98
	Step 0: mean loss = 0.0085
	Step 50: mean loss = 0.0091
	Step 100: mean loss = 0.0092
	Step 150: mean loss = 0.0092

	Loss on validation set after epoch 98: 0.0097

Epoch 99
	Step 0: mean loss = 0.0104
	Step 50: mean loss = 0.0092
	Step 100: mean loss = 0.0092
	Step 150: mean loss = 0.0092

	Loss on validation set after epoch 99: 0.0095

Epoch 100
	Step 0: mean loss = 0.0096
	Step 50: mean loss = 0.0092
	Step 100: mean loss = 0.0091
	Step 150: mean loss = 0.0091

	Loss on validation set after epoch 100: 0.0097

Epoch 101
	Step 0: mean loss = 0.0102
	Step 50: mean loss = 0.0092
	Step 100: mean loss = 0.0091
	Step 150: mean loss = 0.0091

	Loss on validation set after epoch 101: 0.0091

Epoch 102
	Step 0: mean loss = 0.0091
	Step 50: mean loss = 0.0091
	Step 100: mean loss = 0.0090
	Step 150: mean loss = 0.0090

	Loss on validation set after epoch 102: 0.0092

Epoch 103
	Step 0: mean loss = 0.0088
	Step 50: mean loss = 0.0089
	Step 100: mean loss = 0.0090
	Step 150: mean loss = 0.0090

	Loss on validation set after epoch 103: 0.0088

Epoch 104
	Step 0: mean loss = 0.0093
	Step 50: mean loss = 0.0091
	Step 100: mean loss = 0.0090
	Step 150: mean loss = 0.0089

	Loss on validation set after epoch 104: 0.0089

Epoch 105
	Step 0: mean loss = 0.0092
	Step 50: mean loss = 0.0088
	Step 100: mean loss = 0.0088
	Step 150: mean loss = 0.0088

	Loss on validation set after epoch 105: 0.0087

Epoch 106
	Step 0: mean loss = 0.0078
	Step 50: mean loss = 0.0087
	Step 100: mean loss = 0.0087
	Step 150: mean loss = 0.0087

	Loss on validation set after epoch 106: 0.0090

Epoch 107
	Step 0: mean loss = 0.0075
	Step 50: mean loss = 0.0087
	Step 100: mean loss = 0.0087
	Step 150: mean loss = 0.0087

	Loss on validation set after epoch 107: 0.0092

Epoch 108
	Step 0: mean loss = 0.0079
	Step 50: mean loss = 0.0086
	Step 100: mean loss = 0.0086
	Step 150: mean loss = 0.0086

	Loss on validation set after epoch 108: 0.0091

Epoch 109
	Step 0: mean loss = 0.0090
	Step 50: mean loss = 0.0085
	Step 100: mean loss = 0.0086
	Step 150: mean loss = 0.0086

	Loss on validation set after epoch 109: 0.0088

Epoch 110
	Step 0: mean loss = 0.0084
	Step 50: mean loss = 0.0084
	Step 100: mean loss = 0.0084
	Step 150: mean loss = 0.0084

	Loss on validation set after epoch 110: 0.0086

Epoch 111
	Step 0: mean loss = 0.0096
	Step 50: mean loss = 0.0083
	Step 100: mean loss = 0.0084
	Step 150: mean loss = 0.0084

	Loss on validation set after epoch 111: 0.0087

Epoch 112
	Step 0: mean loss = 0.0083
	Step 50: mean loss = 0.0083
	Step 100: mean loss = 0.0084
	Step 150: mean loss = 0.0084

	Loss on validation set after epoch 112: 0.0084

Epoch 113
	Step 0: mean loss = 0.0099
	Step 50: mean loss = 0.0083
	Step 100: mean loss = 0.0084
	Step 150: mean loss = 0.0083

	Loss on validation set after epoch 113: 0.0083

Epoch 114
	Step 0: mean loss = 0.0060
	Step 50: mean loss = 0.0081
	Step 100: mean loss = 0.0082
	Step 150: mean loss = 0.0082

	Loss on validation set after epoch 114: 0.0085

Epoch 115
	Step 0: mean loss = 0.0086
	Step 50: mean loss = 0.0082
	Step 100: mean loss = 0.0082
	Step 150: mean loss = 0.0082

	Loss on validation set after epoch 115: 0.0085

Epoch 116
	Step 0: mean loss = 0.0104
	Step 50: mean loss = 0.0082
	Step 100: mean loss = 0.0081
	Step 150: mean loss = 0.0081

	Loss on validation set after epoch 116: 0.0087

Epoch 117
	Step 0: mean loss = 0.0078
	Step 50: mean loss = 0.0080
	Step 100: mean loss = 0.0080
	Step 150: mean loss = 0.0081

	Loss on validation set after epoch 117: 0.0083

Epoch 118
	Step 0: mean loss = 0.0073
	Step 50: mean loss = 0.0081
	Step 100: mean loss = 0.0080
	Step 150: mean loss = 0.0081

	Loss on validation set after epoch 118: 0.0082

Epoch 119
	Step 0: mean loss = 0.0072
	Step 50: mean loss = 0.0079
	Step 100: mean loss = 0.0080
	Step 150: mean loss = 0.0080

	Loss on validation set after epoch 119: 0.0085

Epoch 120
	Step 0: mean loss = 0.0082
	Step 50: mean loss = 0.0079
	Step 100: mean loss = 0.0079
	Step 150: mean loss = 0.0080

	Loss on validation set after epoch 120: 0.0082

Epoch 121
	Step 0: mean loss = 0.0092
	Step 50: mean loss = 0.0079
	Step 100: mean loss = 0.0080
	Step 150: mean loss = 0.0080

	Loss on validation set after epoch 121: 0.0082

Epoch 122
	Step 0: mean loss = 0.0066
	Step 50: mean loss = 0.0080
	Step 100: mean loss = 0.0079
	Step 150: mean loss = 0.0079

	Loss on validation set after epoch 122: 0.0082

Epoch 123
	Step 0: mean loss = 0.0085
	Step 50: mean loss = 0.0078
	Step 100: mean loss = 0.0078
	Step 150: mean loss = 0.0078

	Loss on validation set after epoch 123: 0.0080

Epoch 124
	Step 0: mean loss = 0.0061
	Step 50: mean loss = 0.0077
	Step 100: mean loss = 0.0078
	Step 150: mean loss = 0.0078

	Loss on validation set after epoch 124: 0.0079

Epoch 125
	Step 0: mean loss = 0.0077
	Step 50: mean loss = 0.0077
	Step 100: mean loss = 0.0078
	Step 150: mean loss = 0.0078

	Loss on validation set after epoch 125: 0.0080

Epoch 126
	Step 0: mean loss = 0.0099
	Step 50: mean loss = 0.0076
	Step 100: mean loss = 0.0078
	Step 150: mean loss = 0.0078

	Loss on validation set after epoch 126: 0.0079

Epoch 127
	Step 0: mean loss = 0.0075
	Step 50: mean loss = 0.0076
	Step 100: mean loss = 0.0077
	Step 150: mean loss = 0.0077

	Loss on validation set after epoch 127: 0.0083

Epoch 128
	Step 0: mean loss = 0.0074
	Step 50: mean loss = 0.0077
	Step 100: mean loss = 0.0077
	Step 150: mean loss = 0.0077

	Loss on validation set after epoch 128: 0.0079

Epoch 129
	Step 0: mean loss = 0.0081
	Step 50: mean loss = 0.0075
	Step 100: mean loss = 0.0076
	Step 150: mean loss = 0.0076

	Loss on validation set after epoch 129: 0.0078

Epoch 130
	Step 0: mean loss = 0.0087
	Step 50: mean loss = 0.0076
	Step 100: mean loss = 0.0076
	Step 150: mean loss = 0.0076

	Loss on validation set after epoch 130: 0.0080

Epoch 131
	Step 0: mean loss = 0.0089
	Step 50: mean loss = 0.0076
	Step 100: mean loss = 0.0076
	Step 150: mean loss = 0.0076

	Loss on validation set after epoch 131: 0.0079

Epoch 132
	Step 0: mean loss = 0.0074
	Step 50: mean loss = 0.0074
	Step 100: mean loss = 0.0075
	Step 150: mean loss = 0.0075

	Loss on validation set after epoch 132: 0.0079

Epoch 133
	Step 0: mean loss = 0.0092
	Step 50: mean loss = 0.0075
	Step 100: mean loss = 0.0075
	Step 150: mean loss = 0.0075

	Loss on validation set after epoch 133: 0.0080

Epoch 134
	Step 0: mean loss = 0.0076
	Step 50: mean loss = 0.0075
	Step 100: mean loss = 0.0075
	Step 150: mean loss = 0.0075

	Loss on validation set after epoch 134: 0.0074

Epoch 135
	Step 0: mean loss = 0.0070
	Step 50: mean loss = 0.0074
	Step 100: mean loss = 0.0075
	Step 150: mean loss = 0.0074

	Loss on validation set after epoch 135: 0.0078

Epoch 136
	Step 0: mean loss = 0.0065
	Step 50: mean loss = 0.0073
	Step 100: mean loss = 0.0073
	Step 150: mean loss = 0.0074

	Loss on validation set after epoch 136: 0.0078

Epoch 137
	Step 0: mean loss = 0.0068
	Step 50: mean loss = 0.0074
	Step 100: mean loss = 0.0074
	Step 150: mean loss = 0.0074

	Loss on validation set after epoch 137: 0.0074

Epoch 138
	Step 0: mean loss = 0.0068
	Step 50: mean loss = 0.0074
	Step 100: mean loss = 0.0074
	Step 150: mean loss = 0.0073

	Loss on validation set after epoch 138: 0.0078

Epoch 139
	Step 0: mean loss = 0.0067
	Step 50: mean loss = 0.0073
	Step 100: mean loss = 0.0073
	Step 150: mean loss = 0.0073

	Loss on validation set after epoch 139: 0.0076

Epoch 140
	Step 0: mean loss = 0.0093
	Step 50: mean loss = 0.0072
	Step 100: mean loss = 0.0072
	Step 150: mean loss = 0.0073

	Loss on validation set after epoch 140: 0.0077

Epoch 141
	Step 0: mean loss = 0.0072
	Step 50: mean loss = 0.0072
	Step 100: mean loss = 0.0072
	Step 150: mean loss = 0.0073

	Loss on validation set after epoch 141: 0.0078

Epoch 142
	Step 0: mean loss = 0.0064
	Step 50: mean loss = 0.0073
	Step 100: mean loss = 0.0073
	Step 150: mean loss = 0.0073

	Loss on validation set after epoch 142: 0.0075

Epoch 143
	Step 0: mean loss = 0.0069
	Step 50: mean loss = 0.0071
	Step 100: mean loss = 0.0072
	Step 150: mean loss = 0.0072

	Loss on validation set after epoch 143: 0.0075

Epoch 144
	Step 0: mean loss = 0.0063
	Step 50: mean loss = 0.0073
	Step 100: mean loss = 0.0073
	Step 150: mean loss = 0.0072

	Loss on validation set after epoch 144: 0.0075

Epoch 145
	Step 0: mean loss = 0.0073
	Step 50: mean loss = 0.0071
	Step 100: mean loss = 0.0071
	Step 150: mean loss = 0.0071

	Loss on validation set after epoch 145: 0.0075

Epoch 146
	Step 0: mean loss = 0.0073
	Step 50: mean loss = 0.0072
	Step 100: mean loss = 0.0072
	Step 150: mean loss = 0.0071

	Loss on validation set after epoch 146: 0.0073

Epoch 147
	Step 0: mean loss = 0.0072
	Step 50: mean loss = 0.0071
	Step 100: mean loss = 0.0071
	Step 150: mean loss = 0.0071

	Loss on validation set after epoch 147: 0.0076

Epoch 148
	Step 0: mean loss = 0.0074
	Step 50: mean loss = 0.0071
	Step 100: mean loss = 0.0071
	Step 150: mean loss = 0.0071

	Loss on validation set after epoch 148: 0.0077

Epoch 149
	Step 0: mean loss = 0.0072
	Step 50: mean loss = 0.0071
	Step 100: mean loss = 0.0071
	Step 150: mean loss = 0.0071

	Loss on validation set after epoch 149: 0.0074

Epoch 150
	Step 0: mean loss = 0.0070
	Step 50: mean loss = 0.0070
	Step 100: mean loss = 0.0070
	Step 150: mean loss = 0.0070

	Loss on validation set after epoch 150: 0.0071

Epoch 151
	Step 0: mean loss = 0.0073
	Step 50: mean loss = 0.0070
	Step 100: mean loss = 0.0070
	Step 150: mean loss = 0.0070

	Loss on validation set after epoch 151: 0.0070

Epoch 152
	Step 0: mean loss = 0.0062
	Step 50: mean loss = 0.0069
	Step 100: mean loss = 0.0070
	Step 150: mean loss = 0.0070

	Loss on validation set after epoch 152: 0.0079

Epoch 153
	Step 0: mean loss = 0.0066
	Step 50: mean loss = 0.0070
	Step 100: mean loss = 0.0070
	Step 150: mean loss = 0.0070

	Loss on validation set after epoch 153: 0.0074

Epoch 154
	Step 0: mean loss = 0.0068
	Step 50: mean loss = 0.0070
	Step 100: mean loss = 0.0070
	Step 150: mean loss = 0.0070

	Loss on validation set after epoch 154: 0.0073

Epoch 155
	Step 0: mean loss = 0.0083
	Step 50: mean loss = 0.0069
	Step 100: mean loss = 0.0069
	Step 150: mean loss = 0.0069

	Loss on validation set after epoch 155: 0.0070

Epoch 156
	Step 0: mean loss = 0.0090
	Step 50: mean loss = 0.0068
	Step 100: mean loss = 0.0069
	Step 150: mean loss = 0.0069

	Loss on validation set after epoch 156: 0.0072

Epoch 157
	Step 0: mean loss = 0.0080
	Step 50: mean loss = 0.0068
	Step 100: mean loss = 0.0069
	Step 150: mean loss = 0.0068

	Loss on validation set after epoch 157: 0.0072

Epoch 158
	Step 0: mean loss = 0.0072
	Step 50: mean loss = 0.0069
	Step 100: mean loss = 0.0069
	Step 150: mean loss = 0.0068

	Loss on validation set after epoch 158: 0.0071

Epoch 159
	Step 0: mean loss = 0.0074
	Step 50: mean loss = 0.0068
	Step 100: mean loss = 0.0068
	Step 150: mean loss = 0.0068

	Loss on validation set after epoch 159: 0.0072

Epoch 160
	Step 0: mean loss = 0.0076
	Step 50: mean loss = 0.0067
	Step 100: mean loss = 0.0068
	Step 150: mean loss = 0.0067

	Loss on validation set after epoch 160: 0.0070

Epoch 161
	Step 0: mean loss = 0.0072
	Step 50: mean loss = 0.0066
	Step 100: mean loss = 0.0067
	Step 150: mean loss = 0.0067

	Loss on validation set after epoch 161: 0.0072

Epoch 162
	Step 0: mean loss = 0.0074
	Step 50: mean loss = 0.0066
	Step 100: mean loss = 0.0067
	Step 150: mean loss = 0.0067

	Loss on validation set after epoch 162: 0.0070

Epoch 163
	Step 0: mean loss = 0.0068
	Step 50: mean loss = 0.0067
	Step 100: mean loss = 0.0067
	Step 150: mean loss = 0.0067

	Loss on validation set after epoch 163: 0.0075

Epoch 164
	Step 0: mean loss = 0.0067
	Step 50: mean loss = 0.0067
	Step 100: mean loss = 0.0067
	Step 150: mean loss = 0.0067

	Loss on validation set after epoch 164: 0.0071

Epoch 165
	Step 0: mean loss = 0.0062
	Step 50: mean loss = 0.0066
	Step 100: mean loss = 0.0066
	Step 150: mean loss = 0.0066

	Loss on validation set after epoch 165: 0.0071

Model from epoch 155 was selected by early stopping.
Training process will be stopped now.
Deleted temporary files in ../data/trained_models/temp_01-08-07-48-26/
Location of saved model: ../data/trained_models/selected_1_01-08-07-48-26/ 

Adding feature wise convolutions with 32 filters per feature, 3 kernels and 1 strides ...
Adding feature wise convolutions with 1 filters per feature, 3 kernels and 1 strides ...
Adding feature based graph attention layer ...
Adding time based graph attention layer ...
Adding GRU layer with 256 units ...
Adding GRU layer with 61 units ...
Adding dense layer to forecasting model with 512 units and ReLu activation ...
Adding dense layer to forecasting model with 256 units and ReLu activation ...
Adding last dense layer to forecasting model with 61 units and sigmoid activation ...
Adding VAE as reconstruction model with dimensions 3072 & 1024 and ...
The RBM reconstructs the output of the gru layer.

Grid search running in AD and FPD selection mode.
The following hyperparameters will not be evaluated:
si_mode
si_parameter

Testing 3600 combinations via grid search 
for model selected_1_01-08-07-48-26/ on the validation dataset. 


Top 50 combinations tested:
      gamma  single_timestamp_a.. affected_timestamp..  unaffected_compone..                         relevance_mapping     AD F1     AD F2    AD TPR   AD Prec    AD ACC    AD TNR    AD FPR  SI/ST AVG-HR@100%  SI/ST AVG-HR@150%  SI/ST AVG-HR@K  SI/ST F1  SI/ST TPR  SI/ST ACC
Comb                                                                                                                                                                                                                                                                              
3020    0.8                 0.250                  100                   0.5  {'h': 1.0, 'm': 0.0, 'l': 0.0, 'e': 0.0}  0.417021  0.616352  0.904615  0.270968  0.519298  0.428881  0.571119           0.383778           0.462113        0.255385  0.126154   0.126154   0.875165
3050    0.8                 0.250                  120                   0.5  {'h': 1.0, 'm': 0.0, 'l': 0.0, 'e': 0.0}  0.417021  0.616352  0.904615  0.270968  0.519298  0.428881  0.571119           0.383778           0.462113        0.255385  0.126154   0.126154   0.875165
3080    0.8                 0.250                  140                   0.5  {'h': 1.0, 'm': 0.0, 'l': 0.0, 'e': 0.0}  0.417021  0.616352  0.904615  0.270968  0.519298  0.428881  0.571119           0.383778           0.462113        0.255385  0.126154   0.126154   0.875165
3110    0.8                 0.250                  160                   0.5  {'h': 1.0, 'm': 0.0, 'l': 0.0, 'e': 0.0}  0.417021  0.616352  0.904615  0.270968  0.519298  0.428881  0.571119           0.383778           0.462113        0.255385  0.126154   0.126154   0.875165
3140    0.8                 0.250                  180                   0.5  {'h': 1.0, 'm': 0.0, 'l': 0.0, 'e': 0.0}  0.417021  0.616352  0.904615  0.270968  0.519298  0.428881  0.571119           0.383778           0.462113        0.255385  0.126154   0.126154   0.875165
3290    0.8                 0.275                  180                   0.5  {'h': 1.0, 'm': 0.0, 'l': 0.0, 'e': 0.0}  0.416608  0.617696  0.910769  0.270073  0.515205  0.422383  0.577617           0.383778           0.462974        0.261538  0.126154   0.126154   0.875165
3170    0.8                 0.275                  100                   0.5  {'h': 1.0, 'm': 0.0, 'l': 0.0, 'e': 0.0}  0.416315  0.617438  0.910769  0.269827  0.514620  0.421661  0.578339           0.383778           0.462974        0.261538  0.126154   0.126154   0.875165
3200    0.8                 0.275                  120                   0.5  {'h': 1.0, 'm': 0.0, 'l': 0.0, 'e': 0.0}  0.416315  0.617438  0.910769  0.269827  0.514620  0.421661  0.578339           0.383778           0.462974        0.261538  0.126154   0.126154   0.875165
3230    0.8                 0.275                  140                   0.5  {'h': 1.0, 'm': 0.0, 'l': 0.0, 'e': 0.0}  0.416315  0.617438  0.910769  0.269827  0.514620  0.421661  0.578339           0.383778           0.462974        0.261538  0.126154   0.126154   0.875165
3260    0.8                 0.275                  160                   0.5  {'h': 1.0, 'm': 0.0, 'l': 0.0, 'e': 0.0}  0.416315  0.617438  0.910769  0.269827  0.514620  0.421661  0.578339           0.383778           0.462974        0.261538  0.126154   0.126154   0.875165
920     0.4                 0.200                  100                   0.5  {'h': 1.0, 'm': 0.0, 'l': 0.0, 'e': 0.0}  0.415869  0.623718  0.935385  0.267370  0.500585  0.398556  0.601444           0.393124           0.476270        0.246154  0.141538   0.141538   0.877363
950     0.4                 0.200                  120                   0.5  {'h': 1.0, 'm': 0.0, 'l': 0.0, 'e': 0.0}  0.415869  0.623718  0.935385  0.267370  0.500585  0.398556  0.601444           0.393124           0.476270        0.246154  0.141538   0.141538   0.877363
980     0.4                 0.200                  140                   0.5  {'h': 1.0, 'm': 0.0, 'l': 0.0, 'e': 0.0}  0.415869  0.623718  0.935385  0.267370  0.500585  0.398556  0.601444           0.393124           0.476270        0.246154  0.141538   0.141538   0.877363
1010    0.4                 0.200                  160                   0.5  {'h': 1.0, 'm': 0.0, 'l': 0.0, 'e': 0.0}  0.415869  0.623718  0.935385  0.267370  0.500585  0.398556  0.601444           0.393124           0.476270        0.246154  0.141538   0.141538   0.877363
1040    0.4                 0.200                  180                   0.5  {'h': 1.0, 'm': 0.0, 'l': 0.0, 'e': 0.0}  0.415869  0.623718  0.935385  0.267370  0.500585  0.398556  0.601444           0.393124           0.476270        0.246154  0.141538   0.141538   0.877363
2870    0.8                 0.225                  100                   0.5  {'h': 1.0, 'm': 0.0, 'l': 0.0, 'e': 0.0}  0.415363  0.613188  0.898462  0.270120  0.519298  0.430325  0.569675           0.383778           0.461930        0.255385  0.126154   0.126154   0.875165
2900    0.8                 0.225                  120                   0.5  {'h': 1.0, 'm': 0.0, 'l': 0.0, 'e': 0.0}  0.415363  0.613188  0.898462  0.270120  0.519298  0.430325  0.569675           0.383778           0.461930        0.255385  0.126154   0.126154   0.875165
2930    0.8                 0.225                  140                   0.5  {'h': 1.0, 'm': 0.0, 'l': 0.0, 'e': 0.0}  0.415363  0.613188  0.898462  0.270120  0.519298  0.430325  0.569675           0.383778           0.461930        0.255385  0.126154   0.126154   0.875165
2960    0.8                 0.225                  160                   0.5  {'h': 1.0, 'm': 0.0, 'l': 0.0, 'e': 0.0}  0.415363  0.613188  0.898462  0.270120  0.519298  0.430325  0.569675           0.383778           0.461930        0.255385  0.126154   0.126154   0.875165
2990    0.8                 0.225                  180                   0.5  {'h': 1.0, 'm': 0.0, 'l': 0.0, 'e': 0.0}  0.415363  0.613188  0.898462  0.270120  0.519298  0.430325  0.569675           0.383778           0.461930        0.255385  0.126154   0.126154   0.875165
2720    0.8                 0.200                  100                   0.5  {'h': 1.0, 'm': 0.0, 'l': 0.0, 'e': 0.0}  0.413695  0.610013  0.892308  0.269266  0.519298  0.431769  0.568231           0.383778           0.461930        0.255385  0.126154   0.126154   0.875165
2750    0.8                 0.200                  120                   0.5  {'h': 1.0, 'm': 0.0, 'l': 0.0, 'e': 0.0}  0.413695  0.610013  0.892308  0.269266  0.519298  0.431769  0.568231           0.383778           0.461930        0.255385  0.126154   0.126154   0.875165
2780    0.8                 0.200                  140                   0.5  {'h': 1.0, 'm': 0.0, 'l': 0.0, 'e': 0.0}  0.413695  0.610013  0.892308  0.269266  0.519298  0.431769  0.568231           0.383778           0.461930        0.255385  0.126154   0.126154   0.875165
2810    0.8                 0.200                  160                   0.5  {'h': 1.0, 'm': 0.0, 'l': 0.0, 'e': 0.0}  0.413695  0.610013  0.892308  0.269266  0.519298  0.431769  0.568231           0.383778           0.461930        0.255385  0.126154   0.126154   0.875165
2840    0.8                 0.200                  180                   0.5  {'h': 1.0, 'm': 0.0, 'l': 0.0, 'e': 0.0}  0.413695  0.610013  0.892308  0.269266  0.519298  0.431769  0.568231           0.383778           0.461930        0.255385  0.126154   0.126154   0.875165
1820    0.6                 0.200                  100                   0.5  {'h': 1.0, 'm': 0.0, 'l': 0.0, 'e': 0.0}  0.413602  0.616722  0.916923  0.267025  0.505848  0.409386  0.590614           0.390384           0.468182        0.243077  0.135385   0.135385   0.876484
1850    0.6                 0.200                  120                   0.5  {'h': 1.0, 'm': 0.0, 'l': 0.0, 'e': 0.0}  0.413602  0.616722  0.916923  0.267025  0.505848  0.409386  0.590614           0.390384           0.468182        0.243077  0.135385   0.135385   0.876484
1880    0.6                 0.200                  140                   0.5  {'h': 1.0, 'm': 0.0, 'l': 0.0, 'e': 0.0}  0.413602  0.616722  0.916923  0.267025  0.505848  0.409386  0.590614           0.390384           0.468182        0.243077  0.135385   0.135385   0.876484
1910    0.6                 0.200                  160                   0.5  {'h': 1.0, 'm': 0.0, 'l': 0.0, 'e': 0.0}  0.413602  0.616722  0.916923  0.267025  0.505848  0.409386  0.590614           0.390384           0.468182        0.243077  0.135385   0.135385   0.876484
1940    0.6                 0.200                  180                   0.5  {'h': 1.0, 'm': 0.0, 'l': 0.0, 'e': 0.0}  0.413602  0.616722  0.916923  0.267025  0.505848  0.409386  0.590614           0.390384           0.468182        0.243077  0.135385   0.135385   0.876484
1970    0.6                 0.225                  100                   0.5  {'h': 1.0, 'm': 0.0, 'l': 0.0, 'e': 0.0}  0.412983  0.617004  0.920000  0.266251  0.502924  0.405054  0.594946           0.390164           0.468621        0.243077  0.135385   0.135385   0.876484
2000    0.6                 0.225                  120                   0.5  {'h': 1.0, 'm': 0.0, 'l': 0.0, 'e': 0.0}  0.412983  0.617004  0.920000  0.266251  0.502924  0.405054  0.594946           0.390164           0.468621        0.243077  0.135385   0.135385   0.876484
2030    0.6                 0.225                  140                   0.5  {'h': 1.0, 'm': 0.0, 'l': 0.0, 'e': 0.0}  0.412983  0.617004  0.920000  0.266251  0.502924  0.405054  0.594946           0.390164           0.468621        0.243077  0.135385   0.135385   0.876484
2060    0.6                 0.225                  160                   0.5  {'h': 1.0, 'm': 0.0, 'l': 0.0, 'e': 0.0}  0.412983  0.617004  0.920000  0.266251  0.502924  0.405054  0.594946           0.390164           0.468621        0.243077  0.135385   0.135385   0.876484
2090    0.6                 0.225                  180                   0.5  {'h': 1.0, 'm': 0.0, 'l': 0.0, 'e': 0.0}  0.412983  0.617004  0.920000  0.266251  0.502924  0.405054  0.594946           0.390164           0.468621        0.243077  0.135385   0.135385   0.876484
1190    0.4                 0.225                  180                   0.5  {'h': 1.0, 'm': 0.0, 'l': 0.0, 'e': 0.0}  0.412763  0.620915  0.935385  0.264808  0.494152  0.390614  0.609386           0.393563           0.476527        0.246154  0.141538   0.141538   0.877363
1130    0.4                 0.225                  140                   0.5  {'h': 1.0, 'm': 0.0, 'l': 0.0, 'e': 0.0}  0.412203  0.620408  0.935385  0.264348  0.492982  0.389170  0.610830           0.393563           0.476527        0.246154  0.141538   0.141538   0.877363
1160    0.4                 0.225                  160                   0.5  {'h': 1.0, 'm': 0.0, 'l': 0.0, 'e': 0.0}  0.412203  0.620408  0.935385  0.264348  0.492982  0.389170  0.610830           0.393563           0.476527        0.246154  0.141538   0.141538   0.877363
3350    0.8                 0.300                  120                   0.5  {'h': 1.0, 'm': 0.0, 'l': 0.0, 'e': 0.0}  0.412005  0.618599  0.929231  0.264680  0.495906  0.394224  0.605776           0.383018           0.463463        0.255385  0.126154   0.126154   0.875165
1070    0.4                 0.225                  100                   0.5  {'h': 1.0, 'm': 0.0, 'l': 0.0, 'e': 0.0}  0.411645  0.619902  0.935385  0.263889  0.491813  0.387726  0.612274           0.393563           0.476527        0.246154  0.141538   0.141538   0.877363
1100    0.4                 0.225                  120                   0.5  {'h': 1.0, 'm': 0.0, 'l': 0.0, 'e': 0.0}  0.411645  0.619902  0.935385  0.263889  0.491813  0.387726  0.612274           0.393563           0.476527        0.246154  0.141538   0.141538   0.877363
3380    0.8                 0.300                  140                   0.5  {'h': 1.0, 'm': 0.0, 'l': 0.0, 'e': 0.0}  0.411483  0.617309  0.926154  0.264499  0.496491  0.395668  0.604332           0.383018           0.463463        0.255385  0.126154   0.126154   0.875165
3320    0.8                 0.300                  100                   0.5  {'h': 1.0, 'm': 0.0, 'l': 0.0, 'e': 0.0}  0.411164  0.617840  0.929231  0.263986  0.494152  0.392058  0.607942           0.383018           0.463463        0.255385  0.126154   0.126154   0.875165
2240    0.6                 0.250                  180                   0.5  {'h': 1.0, 'm': 0.0, 'l': 0.0, 'e': 0.0}  0.410432  0.614720  0.920000  0.264134  0.497661  0.398556  0.601444           0.390164           0.468365        0.243077  0.135385   0.135385   0.876484
2120    0.6                 0.250                  100                   0.5  {'h': 1.0, 'm': 0.0, 'l': 0.0, 'e': 0.0}  0.409870  0.614215  0.920000  0.263668  0.496491  0.397112  0.602888           0.390164           0.468365        0.243077  0.135385   0.135385   0.876484
2150    0.6                 0.250                  120                   0.5  {'h': 1.0, 'm': 0.0, 'l': 0.0, 'e': 0.0}  0.409870  0.614215  0.920000  0.263668  0.496491  0.397112  0.602888           0.390164           0.468365        0.243077  0.135385   0.135385   0.876484
2180    0.6                 0.250                  140                   0.5  {'h': 1.0, 'm': 0.0, 'l': 0.0, 'e': 0.0}  0.409870  0.614215  0.920000  0.263668  0.496491  0.397112  0.602888           0.390164           0.468365        0.243077  0.135385   0.135385   0.876484
2210    0.6                 0.250                  160                   0.5  {'h': 1.0, 'm': 0.0, 'l': 0.0, 'e': 0.0}  0.409870  0.614215  0.920000  0.263668  0.496491  0.397112  0.602888           0.390164           0.468365        0.243077  0.135385   0.135385   0.876484
140     0.2                 0.200                  180                   0.5  {'h': 1.0, 'm': 0.0, 'l': 0.0, 'e': 0.0}  0.409543  0.621981  0.950769  0.260980  0.478947  0.368231  0.631769           0.388551           0.472058        0.261538  0.166154   0.166154   0.880879
1340    0.4                 0.250                  180                   0.5  {'h': 1.0, 'm': 0.0, 'l': 0.0, 'e': 0.0}  0.409428  0.617886  0.935385  0.262069  0.487135  0.381949  0.618051           0.394760           0.474732        0.249231  0.156923   0.156923   0.879560
2390    0.6                 0.275                  180                   0.5  {'h': 1.0, 'm': 0.0, 'l': 0.0, 'e': 0.0}  0.408573  0.617909  0.938462  0.261130  0.483626  0.376895  0.623105           0.390213           0.466431        0.240000  0.138462   0.138462   0.876923
3410    0.8                 0.300                  160                   0.5  {'h': 1.0, 'm': 0.0, 'l': 0.0, 'e': 0.0}  0.408247  0.611111  0.913846  0.262832  0.496491  0.398556  0.601444           0.383018           0.463463        0.255385  0.126154   0.126154   0.875165
2360    0.6                 0.275                  160                   0.5  {'h': 1.0, 'm': 0.0, 'l': 0.0, 'e': 0.0}  0.407482  0.616909  0.938462  0.260239  0.481287  0.374007  0.625993           0.390213           0.466431        0.240000  0.138462   0.138462   0.876923
2330    0.6                 0.275                  140                   0.5  {'h': 1.0, 'm': 0.0, 'l': 0.0, 'e': 0.0}  0.406938  0.616411  0.938462  0.259796  0.480117  0.372563  0.627437           0.390213           0.466431        0.240000  0.138462   0.138462   0.876923
110     0.2                 0.200                  160                   0.5  {'h': 1.0, 'm': 0.0, 'l': 0.0, 'e': 0.0}  0.406579  0.619238  0.950769  0.258577  0.472515  0.360289  0.639711           0.388551           0.472058        0.261538  0.166154   0.166154   0.880879
2300    0.6                 0.275                  120                   0.5  {'h': 1.0, 'm': 0.0, 'l': 0.0, 'e': 0.0}  0.406396  0.615913  0.938462  0.259354  0.478947  0.371119  0.628881           0.390213           0.466431        0.240000  0.138462   0.138462   0.876923
1310    0.4                 0.250                  160                   0.5  {'h': 1.0, 'm': 0.0, 'l': 0.0, 'e': 0.0}  0.406146  0.614887  0.935385  0.259386  0.480117  0.373285  0.626715           0.394760           0.474732        0.249231  0.156923   0.156923   0.879560
2270    0.6                 0.275                  100                   0.5  {'h': 1.0, 'm': 0.0, 'l': 0.0, 'e': 0.0}  0.405855  0.615416  0.938462  0.258913  0.477778  0.369675  0.630325           0.390213           0.466431        0.240000  0.138462   0.138462   0.876923
3440    0.8                 0.300                  180                   0.5  {'h': 1.0, 'm': 0.0, 'l': 0.0, 'e': 0.0}  0.404417  0.604373  0.901538  0.260676  0.495322  0.400000  0.600000           0.383018           0.463463        0.255385  0.126154   0.126154   0.875165
80      0.2                 0.200                  140                   0.5  {'h': 1.0, 'm': 0.0, 'l': 0.0, 'e': 0.0}  0.404186  0.617013  0.950769  0.256645  0.467251  0.353791  0.646209           0.388551           0.472058        0.261538  0.166154   0.166154   0.880879
916     0.4                 0.200                  100                   0.3  {'h': 1.0, 'm': 0.5, 'l': 0.3, 'e': 0.3}  0.403983  0.596388  0.873846  0.262720  0.509942  0.424549  0.575451           0.393124           0.476270        0.316923  0.169231   0.169231   0.881319
946     0.4                 0.200                  120                   0.3  {'h': 1.0, 'm': 0.5, 'l': 0.3, 'e': 0.3}  0.403983  0.596388  0.873846  0.262720  0.509942  0.424549  0.575451           0.393124           0.476270        0.316923  0.169231   0.169231   0.881319
976     0.4                 0.200                  140                   0.3  {'h': 1.0, 'm': 0.5, 'l': 0.3, 'e': 0.3}  0.403983  0.596388  0.873846  0.262720  0.509942  0.424549  0.575451           0.393124           0.476270        0.316923  0.169231   0.169231   0.881319
1006    0.4                 0.200                  160                   0.3  {'h': 1.0, 'm': 0.5, 'l': 0.3, 'e': 0.3}  0.403983  0.596388  0.873846  0.262720  0.509942  0.424549  0.575451           0.393124           0.476270        0.316923  0.169231   0.169231   0.881319
1036    0.4                 0.200                  180                   0.3  {'h': 1.0, 'm': 0.5, 'l': 0.3, 'e': 0.3}  0.403983  0.596388  0.873846  0.262720  0.509942  0.424549  0.575451           0.393124           0.476270        0.316923  0.169231   0.169231   0.881319
2718    0.8                 0.200                  100                   0.5  {'h': 1.0, 'm': 1.0, 'l': 1.0, 'e': 0.0}  0.403162  0.569196  0.784615  0.271277  0.558480  0.505415  0.494585           0.383778           0.461930        0.393846  0.030769   0.030769   0.861538
2748    0.8                 0.200                  120                   0.5  {'h': 1.0, 'm': 1.0, 'l': 1.0, 'e': 0.0}  0.403162  0.569196  0.784615  0.271277  0.558480  0.505415  0.494585           0.383778           0.461930        0.393846  0.030769   0.030769   0.861538
2778    0.8                 0.200                  140                   0.5  {'h': 1.0, 'm': 1.0, 'l': 1.0, 'e': 0.0}  0.403162  0.569196  0.784615  0.271277  0.558480  0.505415  0.494585           0.383778           0.461930        0.393846  0.030769   0.030769   0.861538
2808    0.8                 0.200                  160                   0.5  {'h': 1.0, 'm': 1.0, 'l': 1.0, 'e': 0.0}  0.403162  0.569196  0.784615  0.271277  0.558480  0.505415  0.494585           0.383778           0.461930        0.393846  0.030769   0.030769   0.861538
2838    0.8                 0.200                  180                   0.5  {'h': 1.0, 'm': 1.0, 'l': 1.0, 'e': 0.0}  0.403162  0.569196  0.784615  0.271277  0.558480  0.505415  0.494585           0.383778           0.461930        0.393846  0.030769   0.030769   0.861538
3018    0.8                 0.250                  100                   0.5  {'h': 1.0, 'm': 1.0, 'l': 1.0, 'e': 0.0}  0.403150  0.570156  0.787692  0.270899  0.556725  0.502527  0.497473           0.383778           0.462113        0.396923  0.030769   0.030769   0.861538
3048    0.8                 0.250                  120                   0.5  {'h': 1.0, 'm': 1.0, 'l': 1.0, 'e': 0.0}  0.403150  0.570156  0.787692  0.270899  0.556725  0.502527  0.497473           0.383778           0.462113        0.396923  0.030769   0.030769   0.861538
3078    0.8                 0.250                  140                   0.5  {'h': 1.0, 'm': 1.0, 'l': 1.0, 'e': 0.0}  0.403150  0.570156  0.787692  0.270899  0.556725  0.502527  0.497473           0.383778           0.462113        0.396923  0.030769   0.030769   0.861538
3108    0.8                 0.250                  160                   0.5  {'h': 1.0, 'm': 1.0, 'l': 1.0, 'e': 0.0}  0.403150  0.570156  0.787692  0.270899  0.556725  0.502527  0.497473           0.383778           0.462113        0.396923  0.030769   0.030769   0.861538
3138    0.8                 0.250                  180                   0.5  {'h': 1.0, 'm': 1.0, 'l': 1.0, 'e': 0.0}  0.403150  0.570156  0.787692  0.270899  0.556725  0.502527  0.497473           0.383778           0.462113        0.396923  0.030769   0.030769   0.861538
50      0.2                 0.200                  120                   0.5  {'h': 1.0, 'm': 0.0, 'l': 0.0, 'e': 0.0}  0.402868  0.615783  0.950769  0.255583  0.464327  0.350181  0.649819           0.388551           0.472058        0.261538  0.166154   0.166154   0.880879
921     0.4                 0.200                  100                   0.5  {'h': 1.0, 'm': 0.3, 'l': 0.0, 'e': 0.0}  0.402847  0.594538  0.870769  0.262037  0.509357  0.424549  0.575451           0.393124           0.476270        0.372308  0.104615   0.104615   0.872088
951     0.4                 0.200                  120                   0.5  {'h': 1.0, 'm': 0.3, 'l': 0.0, 'e': 0.0}  0.402847  0.594538  0.870769  0.262037  0.509357  0.424549  0.575451           0.393124           0.476270        0.372308  0.104615   0.104615   0.872088
981     0.4                 0.200                  140                   0.5  {'h': 1.0, 'm': 0.3, 'l': 0.0, 'e': 0.0}  0.402847  0.594538  0.870769  0.262037  0.509357  0.424549  0.575451           0.393124           0.476270        0.372308  0.104615   0.104615   0.872088
1011    0.4                 0.200                  160                   0.5  {'h': 1.0, 'm': 0.3, 'l': 0.0, 'e': 0.0}  0.402847  0.594538  0.870769  0.262037  0.509357  0.424549  0.575451           0.393124           0.476270        0.372308  0.104615   0.104615   0.872088
1041    0.4                 0.200                  180                   0.5  {'h': 1.0, 'm': 0.3, 'l': 0.0, 'e': 0.0}  0.402847  0.594538  0.870769  0.262037  0.509357  0.424549  0.575451           0.393124           0.476270        0.372308  0.104615   0.104615   0.872088
1280    0.4                 0.250                  140                   0.5  {'h': 1.0, 'm': 0.0, 'l': 0.0, 'e': 0.0}  0.402649  0.611670  0.935385  0.256540  0.472515  0.363899  0.636101           0.394760           0.474732        0.249231  0.156923   0.156923   0.879560
1066    0.4                 0.225                  100                   0.3  {'h': 1.0, 'm': 0.5, 'l': 0.3, 'e': 0.3}  0.402258  0.595736  0.876923  0.260989  0.504678  0.417329  0.582671           0.393563           0.476527        0.320000  0.172308   0.172308   0.881758
1096    0.4                 0.225                  120                   0.3  {'h': 1.0, 'm': 0.5, 'l': 0.3, 'e': 0.3}  0.402258  0.595736  0.876923  0.260989  0.504678  0.417329  0.582671           0.393563           0.476527        0.320000  0.172308   0.172308   0.881758
1126    0.4                 0.225                  140                   0.3  {'h': 1.0, 'm': 0.5, 'l': 0.3, 'e': 0.3}  0.402258  0.595736  0.876923  0.260989  0.504678  0.417329  0.582671           0.393563           0.476527        0.320000  0.172308   0.172308   0.881758
1156    0.4                 0.225                  160                   0.3  {'h': 1.0, 'm': 0.5, 'l': 0.3, 'e': 0.3}  0.402258  0.595736  0.876923  0.260989  0.504678  0.417329  0.582671           0.393563           0.476527        0.320000  0.172308   0.172308   0.881758
1186    0.4                 0.225                  180                   0.3  {'h': 1.0, 'm': 0.5, 'l': 0.3, 'e': 0.3}  0.402258  0.595736  0.876923  0.260989  0.504678  0.417329  0.582671           0.393563           0.476527        0.320000  0.172308   0.172308   0.881758
2868    0.8                 0.225                  100                   0.5  {'h': 1.0, 'm': 1.0, 'l': 1.0, 'e': 0.0}  0.402208  0.568435  0.784615  0.270414  0.556725  0.503249  0.496751           0.383778           0.461930        0.393846  0.030769   0.030769   0.861538
2898    0.8                 0.225                  120                   0.5  {'h': 1.0, 'm': 1.0, 'l': 1.0, 'e': 0.0}  0.402208  0.568435  0.784615  0.270414  0.556725  0.503249  0.496751           0.383778           0.461930        0.393846  0.030769   0.030769   0.861538
2928    0.8                 0.225                  140                   0.5  {'h': 1.0, 'm': 1.0, 'l': 1.0, 'e': 0.0}  0.402208  0.568435  0.784615  0.270414  0.556725  0.503249  0.496751           0.383778           0.461930        0.393846  0.030769   0.030769   0.861538
2958    0.8                 0.225                  160                   0.5  {'h': 1.0, 'm': 1.0, 'l': 1.0, 'e': 0.0}  0.402208  0.568435  0.784615  0.270414  0.556725  0.503249  0.496751           0.383778           0.461930        0.393846  0.030769   0.030769   0.861538
2988    0.8                 0.225                  180                   0.5  {'h': 1.0, 'm': 1.0, 'l': 1.0, 'e': 0.0}  0.402208  0.568435  0.784615  0.270414  0.556725  0.503249  0.496751           0.383778           0.461930        0.393846  0.030769   0.030769   0.861538
1250    0.4                 0.250                  120                   0.5  {'h': 1.0, 'm': 0.0, 'l': 0.0, 'e': 0.0}  0.401580  0.611468  0.938462  0.255444  0.468421  0.358123  0.641877           0.394760           0.474732        0.249231  0.156923   0.156923   0.879560
20      0.2                 0.200                  100                   0.5  {'h': 1.0, 'm': 0.0, 'l': 0.0, 'e': 0.0}  0.401559  0.614558  0.950769  0.254530  0.461404  0.346570  0.653430           0.388551           0.472058        0.261538  0.166154   0.166154   0.880879
3168    0.8                 0.275                  100                   0.5  {'h': 1.0, 'm': 1.0, 'l': 1.0, 'e': 0.0}  0.400626  0.568131  0.787692  0.268625  0.552047  0.496751  0.503249           0.383778           0.462974        0.393846  0.030769   0.030769   0.861538
3198    0.8                 0.275                  120                   0.5  {'h': 1.0, 'm': 1.0, 'l': 1.0, 'e': 0.0}  0.400626  0.568131  0.787692  0.268625  0.552047  0.496751  0.503249           0.383778           0.462974        0.393846  0.030769   0.030769   0.861538
3228    0.8                 0.275                  140                   0.5  {'h': 1.0, 'm': 1.0, 'l': 1.0, 'e': 0.0}  0.400626  0.568131  0.787692  0.268625  0.552047  0.496751  0.503249           0.383778           0.462974        0.393846  0.030769   0.030769   0.861538
3258    0.8                 0.275                  160                   0.5  {'h': 1.0, 'm': 1.0, 'l': 1.0, 'e': 0.0}  0.400626  0.568131  0.787692  0.268625  0.552047  0.496751  0.503249           0.383778           0.462974        0.393846  0.030769   0.030769   0.861538
3288    0.8                 0.275                  180                   0.5  {'h': 1.0, 'm': 1.0, 'l': 1.0, 'e': 0.0}  0.400626  0.568131  0.787692  0.268625  0.552047  0.496751  0.503249           0.383778           0.462974        0.393846  0.030769   0.030769   0.861538
1131    0.4                 0.225                  140                   0.5  {'h': 1.0, 'm': 0.3, 'l': 0.0, 'e': 0.0}  0.400566  0.592546  0.870769  0.260110  0.504678  0.418773  0.581227           0.393563           0.476527        0.375385  0.104615   0.104615   0.872088
1161    0.4                 0.225                  160                   0.5  {'h': 1.0, 'm': 0.3, 'l': 0.0, 'e': 0.0}  0.400566  0.592546  0.870769  0.260110  0.504678  0.418773  0.581227           0.393563           0.476527        0.375385  0.104615   0.104615   0.872088
1191    0.4                 0.225                  180                   0.5  {'h': 1.0, 'm': 0.3, 'l': 0.0, 'e': 0.0}  0.400566  0.592546  0.870769  0.260110  0.504678  0.418773  0.581227           0.393563           0.476527        0.375385  0.104615   0.104615   0.872088
1971    0.6                 0.225                  100                   0.5  {'h': 1.0, 'm': 0.3, 'l': 0.0, 'e': 0.0}  0.400287  0.588856  0.858462  0.260992  0.511111  0.429603  0.570397           0.390164           0.468621        0.369231  0.101538   0.101538   0.871648
2001    0.6                 0.225                  120                   0.5  {'h': 1.0, 'm': 0.3, 'l': 0.0, 'e': 0.0}  0.400287  0.588856  0.858462  0.260992  0.511111  0.429603  0.570397           0.390164           0.468621        0.369231  0.101538   0.101538   0.871648
2031    0.6                 0.225                  140                   0.5  {'h': 1.0, 'm': 0.3, 'l': 0.0, 'e': 0.0}  0.400287  0.588856  0.858462  0.260992  0.511111  0.429603  0.570397           0.390164           0.468621        0.369231  0.101538   0.101538   0.871648
2061    0.6                 0.225                  160                   0.5  {'h': 1.0, 'm': 0.3, 'l': 0.0, 'e': 0.0}  0.400287  0.588856  0.858462  0.260992  0.511111  0.429603  0.570397           0.390164           0.468621        0.369231  0.101538   0.101538   0.871648
2091    0.6                 0.225                  180                   0.5  {'h': 1.0, 'm': 0.3, 'l': 0.0, 'e': 0.0}  0.400287  0.588856  0.858462  0.260992  0.511111  0.429603  0.570397           0.390164           0.468621        0.369231  0.101538   0.101538   0.871648
1071    0.4                 0.225                  100                   0.5  {'h': 1.0, 'm': 0.3, 'l': 0.0, 'e': 0.0}  0.400283  0.592298  0.870769  0.259871  0.504094  0.418051  0.581949           0.393563           0.476527        0.375385  0.104615   0.104615   0.872088
1101    0.4                 0.225                  120                   0.5  {'h': 1.0, 'm': 0.3, 'l': 0.0, 'e': 0.0}  0.400283  0.592298  0.870769  0.259871  0.504094  0.418051  0.581949           0.393563           0.476527        0.375385  0.104615   0.104615   0.872088
1341    0.4                 0.250                  180                   0.5  {'h': 1.0, 'm': 0.3, 'l': 0.0, 'e': 0.0}  0.400276  0.598185  0.892308  0.258007  0.491813  0.397834  0.602166           0.394760           0.474732        0.390769  0.110769   0.110769   0.872967
1220    0.4                 0.250                  100                   0.5  {'h': 1.0, 'm': 0.0, 'l': 0.0, 'e': 0.0}  0.400000  0.610000  0.938462  0.254167  0.464912  0.353791  0.646209           0.394760           0.474732        0.246154  0.153846   0.153846   0.879121
1821    0.6                 0.200                  100                   0.5  {'h': 1.0, 'm': 0.3, 'l': 0.0, 'e': 0.0}  0.399425  0.587241  0.855385  0.260544  0.511111  0.430325  0.569675           0.390384           0.468182        0.366154  0.101538   0.101538   0.871648
1851    0.6                 0.200                  120                   0.5  {'h': 1.0, 'm': 0.3, 'l': 0.0, 'e': 0.0}  0.399425  0.587241  0.855385  0.260544  0.511111  0.430325  0.569675           0.390384           0.468182        0.366154  0.101538   0.101538   0.871648
1881    0.6                 0.200                  140                   0.5  {'h': 1.0, 'm': 0.3, 'l': 0.0, 'e': 0.0}  0.399425  0.587241  0.855385  0.260544  0.511111  0.430325  0.569675           0.390384           0.468182        0.366154  0.101538   0.101538   0.871648
1911    0.6                 0.200                  160                   0.5  {'h': 1.0, 'm': 0.3, 'l': 0.0, 'e': 0.0}  0.399425  0.587241  0.855385  0.260544  0.511111  0.430325  0.569675           0.390384           0.468182        0.366154  0.101538   0.101538   0.871648
1941    0.6                 0.200                  180                   0.5  {'h': 1.0, 'm': 0.3, 'l': 0.0, 'e': 0.0}  0.399425  0.587241  0.855385  0.260544  0.511111  0.430325  0.569675           0.390384           0.468182        0.366154  0.101538   0.101538   0.871648
2241    0.6                 0.250                  180                   0.5  {'h': 1.0, 'm': 0.3, 'l': 0.0, 'e': 0.0}  0.399142  0.587863  0.858462  0.260019  0.508772  0.426715  0.573285           0.390164           0.468365        0.366154  0.101538   0.101538   0.871648
3318    0.8                 0.300                  100                   0.5  {'h': 1.0, 'm': 1.0, 'l': 1.0, 'e': 0.0}  0.399096  0.575337  0.815385  0.264207  0.533333  0.467148  0.532852           0.383018           0.463463        0.409231  0.033846   0.033846   0.861978
3348    0.8                 0.300                  120                   0.5  {'h': 1.0, 'm': 1.0, 'l': 1.0, 'e': 0.0}  0.399096  0.575337  0.815385  0.264207  0.533333  0.467148  0.532852           0.383018           0.463463        0.409231  0.033846   0.033846   0.861978
1818    0.6                 0.200                  100                   0.5  {'h': 1.0, 'm': 1.0, 'l': 1.0, 'e': 0.0}  0.399035  0.559062  0.763077  0.270153  0.563158  0.516245  0.483755           0.390384           0.468182        0.387692  0.036923   0.036923   0.862418
1848    0.6                 0.200                  120                   0.5  {'h': 1.0, 'm': 1.0, 'l': 1.0, 'e': 0.0}  0.399035  0.559062  0.763077  0.270153  0.563158  0.516245  0.483755           0.390384           0.468182        0.387692  0.036923   0.036923   0.862418
1878    0.6                 0.200                  140                   0.5  {'h': 1.0, 'm': 1.0, 'l': 1.0, 'e': 0.0}  0.399035  0.559062  0.763077  0.270153  0.563158  0.516245  0.483755           0.390384           0.468182        0.387692  0.036923   0.036923   0.862418
1908    0.6                 0.200                  160                   0.5  {'h': 1.0, 'm': 1.0, 'l': 1.0, 'e': 0.0}  0.399035  0.559062  0.763077  0.270153  0.563158  0.516245  0.483755           0.390384           0.468182        0.387692  0.036923   0.036923   0.862418
1938    0.6                 0.200                  180                   0.5  {'h': 1.0, 'm': 1.0, 'l': 1.0, 'e': 0.0}  0.399035  0.559062  0.763077  0.270153  0.563158  0.516245  0.483755           0.390384           0.468182        0.387692  0.036923   0.036923   0.862418
2121    0.6                 0.250                  100                   0.5  {'h': 1.0, 'm': 0.3, 'l': 0.0, 'e': 0.0}  0.398856  0.587616  0.858462  0.259777  0.508187  0.425993  0.574007           0.390164           0.468365        0.366154  0.101538   0.101538   0.871648
2151    0.6                 0.250                  120                   0.5  {'h': 1.0, 'm': 0.3, 'l': 0.0, 'e': 0.0}  0.398856  0.587616  0.858462  0.259777  0.508187  0.425993  0.574007           0.390164           0.468365        0.366154  0.101538   0.101538   0.871648
2181    0.6                 0.250                  140                   0.5  {'h': 1.0, 'm': 0.3, 'l': 0.0, 'e': 0.0}  0.398856  0.587616  0.858462  0.259777  0.508187  0.425993  0.574007           0.390164           0.468365        0.366154  0.101538   0.101538   0.871648
2211    0.6                 0.250                  160                   0.5  {'h': 1.0, 'm': 0.3, 'l': 0.0, 'e': 0.0}  0.398856  0.587616  0.858462  0.259777  0.508187  0.425993  0.574007           0.390164           0.468365        0.366154  0.101538   0.101538   0.871648
1968    0.6                 0.225                  100                   0.5  {'h': 1.0, 'm': 1.0, 'l': 1.0, 'e': 0.0}  0.398394  0.558559  0.763077  0.269565  0.561988  0.514801  0.485199           0.390164           0.468621        0.384615  0.033846   0.033846   0.861978
1998    0.6                 0.225                  120                   0.5  {'h': 1.0, 'm': 1.0, 'l': 1.0, 'e': 0.0}  0.398394  0.558559  0.763077  0.269565  0.561988  0.514801  0.485199           0.390164           0.468621        0.384615  0.033846   0.033846   0.861978
2028    0.6                 0.225                  140                   0.5  {'h': 1.0, 'm': 1.0, 'l': 1.0, 'e': 0.0}  0.398394  0.558559  0.763077  0.269565  0.561988  0.514801  0.485199           0.390164           0.468621        0.384615  0.033846   0.033846   0.861978
2058    0.6                 0.225                  160                   0.5  {'h': 1.0, 'm': 1.0, 'l': 1.0, 'e': 0.0}  0.398394  0.558559  0.763077  0.269565  0.561988  0.514801  0.485199           0.390164           0.468621        0.384615  0.033846   0.033846   0.861978
2088    0.6                 0.225                  180                   0.5  {'h': 1.0, 'm': 1.0, 'l': 1.0, 'e': 0.0}  0.398394  0.558559  0.763077  0.269565  0.561988  0.514801  0.485199           0.390164           0.468621        0.384615  0.033846   0.033846   0.861978
2391    0.6                 0.275                  180                   0.5  {'h': 1.0, 'm': 0.3, 'l': 0.0, 'e': 0.0}  0.398323  0.592269  0.876923  0.257685  0.496491  0.407220  0.592780           0.390213           0.466431        0.360000  0.098462   0.098462   0.871209
1311    0.4                 0.250                  160                   0.5  {'h': 1.0, 'm': 0.3, 'l': 0.0, 'e': 0.0}  0.398078  0.596217  0.892308  0.256184  0.487135  0.392058  0.607942           0.394760           0.474732        0.390769  0.110769   0.110769   0.872967
2361    0.6                 0.275                  160                   0.5  {'h': 1.0, 'm': 0.3, 'l': 0.0, 'e': 0.0}  0.398045  0.592023  0.876923  0.257453  0.495906  0.406498  0.593502           0.390213           0.466431        0.360000  0.098462   0.098462   0.871209
133     0.2                 0.200                  180                   0.3  {'h': 1.0, 'm': 1.0, 'l': 0.0, 'e': 0.0}  0.398022  0.620902  0.990769  0.249033  0.430409  0.298917  0.701083           0.388551           0.472058        0.489231  0.132308   0.132308   0.866509
3378    0.8                 0.300                  140                   0.5  {'h': 1.0, 'm': 1.0, 'l': 1.0, 'e': 0.0}  0.397890  0.573414  0.812308  0.263473  0.532749  0.467148  0.532852           0.383018           0.463463        0.409231  0.033846   0.033846   0.861978
2301    0.6                 0.275                  120                   0.5  {'h': 1.0, 'm': 0.3, 'l': 0.0, 'e': 0.0}  0.397767  0.591777  0.876923  0.257220  0.495322  0.405776  0.594224           0.390213           0.466431        0.360000  0.098462   0.098462   0.871209
2331    0.6                 0.275                  140                   0.5  {'h': 1.0, 'm': 0.3, 'l': 0.0, 'e': 0.0}  0.397767  0.591777  0.876923  0.257220  0.495322  0.405776  0.594224           0.390213           0.466431        0.360000  0.098462   0.098462   0.871209
2271    0.6                 0.275                  100                   0.5  {'h': 1.0, 'm': 0.3, 'l': 0.0, 'e': 0.0}  0.397213  0.591286  0.876923  0.256757  0.494152  0.404332  0.595668           0.390213           0.466431        0.360000  0.098462   0.098462   0.871209
2118    0.6                 0.250                  100                   0.5  {'h': 1.0, 'm': 1.0, 'l': 1.0, 'e': 0.0}  0.395850  0.556553  0.763077  0.267241  0.557310  0.509025  0.490975           0.390164           0.468365        0.384615  0.033846   0.033846   0.861978
2148    0.6                 0.250                  120                   0.5  {'h': 1.0, 'm': 1.0, 'l': 1.0, 'e': 0.0}  0.395850  0.556553  0.763077  0.267241  0.557310  0.509025  0.490975           0.390164           0.468365        0.384615  0.033846   0.033846   0.861978
2178    0.6                 0.250                  140                   0.5  {'h': 1.0, 'm': 1.0, 'l': 1.0, 'e': 0.0}  0.395850  0.556553  0.763077  0.267241  0.557310  0.509025  0.490975           0.390164           0.468365        0.384615  0.033846   0.033846   0.861978
2208    0.6                 0.250                  160                   0.5  {'h': 1.0, 'm': 1.0, 'l': 1.0, 'e': 0.0}  0.395850  0.556553  0.763077  0.267241  0.557310  0.509025  0.490975           0.390164           0.468365        0.384615  0.033846   0.033846   0.861978
2238    0.6                 0.250                  180                   0.5  {'h': 1.0, 'm': 1.0, 'l': 1.0, 'e': 0.0}  0.395850  0.556553  0.763077  0.267241  0.557310  0.509025  0.490975           0.390164           0.468365        0.384615  0.033846   0.033846   0.861978
1343    0.4                 0.250                  180                   0.5  {'h': 1.0, 'm': 0.5, 'l': 0.3, 'e': 0.0}  0.395636  0.578723  0.836923  0.259048  0.514035  0.438267  0.561733           0.394760           0.474732        0.412308  0.073846   0.073846   0.867692
103     0.2                 0.200                  160                   0.3  {'h': 1.0, 'm': 1.0, 'l': 0.0, 'e': 0.0}  0.395335  0.618280  0.990769  0.246933  0.423977  0.290975  0.709025           0.388551           0.472058        0.489231  0.132308   0.132308   0.866509
141     0.2                 0.200                  180                   0.5  {'h': 1.0, 'm': 0.3, 'l': 0.0, 'e': 0.0}  0.395333  0.592105  0.886154  0.254417  0.484795  0.390614  0.609386           0.388551           0.472058        0.406154  0.107692   0.107692   0.872527
1281    0.4                 0.250                  140                   0.5  {'h': 1.0, 'm': 0.3, 'l': 0.0, 'e': 0.0}  0.395095  0.593533  0.892308  0.253718  0.480702  0.384116  0.615884           0.394760           0.474732        0.390769  0.110769   0.110769   0.872967

Full result output for the best combination:
                 #Examples   TP    FP  TN  FN       ACC  FNR  TNR  FPR  TPR      Prec       F1        F2  AVG # affected
Component                                                                                                               
no_failure            1385    0  1385   0   0  0.000000  NaN  0.0  1.0  NaN  0.000000      NaN       NaN      496.277978
txt15_i1                 5    5     0   0   0  1.000000  0.0  NaN  NaN  1.0  1.000000  1.00000  1.000000      500.000000
txt15_i3                 5    5     0   0   0  1.000000  0.0  NaN  NaN  1.0  1.000000  1.00000  1.000000      499.000000
txt15_conveyor           3    3     0   0   0  1.000000  0.0  NaN  NaN  1.0  1.000000  1.00000  1.000000      498.666667
txt15_m1               160  160     0   0   0  1.000000  0.0  NaN  NaN  1.0  1.000000  1.00000  1.000000      498.831250
txt15_pl                 9    9     0   0   0  1.000000  0.0  NaN  NaN  1.0  1.000000  1.00000  1.000000      498.888889
txt16_i3                 4    4     0   0   0  1.000000  0.0  NaN  NaN  1.0  1.000000  1.00000  1.000000      499.250000
txt16_conveyor           8    8     0   0   0  1.000000  0.0  NaN  NaN  1.0  1.000000  1.00000  1.000000      498.500000
txt16_m3                65   65     0   0   0  1.000000  0.0  NaN  NaN  1.0  1.000000  1.00000  1.000000      498.276923
txt16_turntable          2    2     0   0   0  1.000000  0.0  NaN  NaN  1.0  1.000000  1.00000  1.000000      499.500000
txt17_i1                16   16     0   0   0  1.000000  0.0  NaN  NaN  1.0  1.000000  1.00000  1.000000      498.562500
txt17_pl                14   14     0   0   0  1.000000  0.0  NaN  NaN  1.0  1.000000  1.00000  1.000000      496.928571
txt18_pl                28   28     0   0   0  1.000000  0.0  NaN  NaN  1.0  1.000000  1.00000  1.000000      499.607143
txt19_i4                 6    6     0   0   0  1.000000  0.0  NaN  NaN  1.0  1.000000  1.00000  1.000000      499.000000
combined              1710  325  1385   0   0  0.190058  0.0  0.0  1.0  1.0  0.190058  0.31941  0.539867      496.741520

                 #Examples   TP   FP   TN  FN       ACC       FNR       TNR       FPR       TPR      Prec        F1        F2  AVG # affected
Component                                                                                                                                    
no_failure            1385    0  791  594   0  0.428881       NaN  0.428881  0.571119       NaN  0.000000       NaN       NaN      496.277978
txt15_i1                 5    5    0    0   0  1.000000  0.000000       NaN       NaN  1.000000  1.000000  1.000000  1.000000      500.000000
txt15_i3                 5    5    0    0   0  1.000000  0.000000       NaN       NaN  1.000000  1.000000  1.000000  1.000000      499.000000
txt15_conveyor           3    3    0    0   0  1.000000  0.000000       NaN       NaN  1.000000  1.000000  1.000000  1.000000      498.666667
txt15_m1               160  147    0    0  13  0.918750  0.081250       NaN       NaN  0.918750  1.000000  0.957655  0.933926      498.831250
txt15_pl                 9    8    0    0   1  0.888889  0.111111       NaN       NaN  0.888889  1.000000  0.941176  0.909091      498.888889
txt16_i3                 4    4    0    0   0  1.000000  0.000000       NaN       NaN  1.000000  1.000000  1.000000  1.000000      499.250000
txt16_conveyor           8    6    0    0   2  0.750000  0.250000       NaN       NaN  0.750000  1.000000  0.857143  0.789474      498.500000
txt16_m3                65   59    0    0   6  0.907692  0.092308       NaN       NaN  0.907692  1.000000  0.951613  0.924765      498.276923
txt16_turntable          2    2    0    0   0  1.000000  0.000000       NaN       NaN  1.000000  1.000000  1.000000  1.000000      499.500000
txt17_i1                16   15    0    0   1  0.937500  0.062500       NaN       NaN  0.937500  1.000000  0.967742  0.949367      498.562500
txt17_pl                14    8    0    0   6  0.571429  0.428571       NaN       NaN  0.571429  1.000000  0.727273  0.625000      496.928571
txt18_pl                28   26    0    0   2  0.928571  0.071429       NaN       NaN  0.928571  1.000000  0.962963  0.942029      499.607143
txt19_i4                 6    6    0    0   0  1.000000  0.000000       NaN       NaN  1.000000  1.000000  1.000000  1.000000      499.000000
combined              1710  294  791  594  31  0.519298  0.095385  0.428881  0.571119  0.904615  0.270968  0.417021  0.616352      496.741520

Execution time: 74049.05817184411
