
Dataset loaded:
Shape of training set (example, time, channels): (20812, 500, 61)
Shape of test set (example, time, channels): (3989, 500, 61)
Shape of train validation set (example, time, channels): (2313, 500, 61)
Shape of test validation set (example, time, channels): (1710, 500, 61)
Num of classes in all: 25

Creating model based on ../configuration/hyperparameter_combinations/selected/selected_0.json hyperparameter file 

Adding feature wise convolutions with 32 filters per feature, 3 kernels and 1 strides ...
Adding feature wise convolutions with 1 filters per feature, 3 kernels and 1 strides ...
Adding feature based graph attention layer ...
Adding time based graph attention layer ...
Adding GRU layer with 256 units ...
Adding GRU layer with 61 units ...
Adding dense layer to forecasting model with 512 units and ReLu activation ...
Adding dense layer to forecasting model with 256 units and ReLu activation ...
Adding last dense layer to forecasting model with 61 units and sigmoid activation ...
Adding VAE as reconstruction model with dimensions 3072 & 1536 and ...
The RBM reconstructs the output of the gru layer.

Epoch 0
	Step 0: mean loss = 1.3122
	Step 50: mean loss = 0.5134
	Step 100: mean loss = 0.3582
	Step 150: mean loss = 0.2816

	Loss on validation set after epoch 0: 0.1159

Epoch 1
	Step 0: mean loss = 0.1115
	Step 50: mean loss = 0.1102
	Step 100: mean loss = 0.1063
	Step 150: mean loss = 0.1027

	Loss on validation set after epoch 1: 0.0929

Epoch 2
	Step 0: mean loss = 0.0912
	Step 50: mean loss = 0.0893
	Step 100: mean loss = 0.0878
	Step 150: mean loss = 0.0863

	Loss on validation set after epoch 2: 0.0823

Epoch 3
	Step 0: mean loss = 0.0820
	Step 50: mean loss = 0.0793
	Step 100: mean loss = 0.0778
	Step 150: mean loss = 0.0766

	Loss on validation set after epoch 3: 0.0726

Epoch 4
	Step 0: mean loss = 0.0763
	Step 50: mean loss = 0.0715
	Step 100: mean loss = 0.0710
	Step 150: mean loss = 0.0698

	Loss on validation set after epoch 4: 0.0647

Epoch 5
	Step 0: mean loss = 0.0635
	Step 50: mean loss = 0.0634
	Step 100: mean loss = 0.0628
	Step 150: mean loss = 0.0623

	Loss on validation set after epoch 5: 0.0596

Epoch 6
	Step 0: mean loss = 0.0649
	Step 50: mean loss = 0.0594
	Step 100: mean loss = 0.0591
	Step 150: mean loss = 0.0586

	Loss on validation set after epoch 6: 0.0572

Epoch 7
	Step 0: mean loss = 0.0569
	Step 50: mean loss = 0.0557
	Step 100: mean loss = 0.0555
	Step 150: mean loss = 0.0552

	Loss on validation set after epoch 7: 0.0540

Epoch 8
	Step 0: mean loss = 0.0521
	Step 50: mean loss = 0.0530
	Step 100: mean loss = 0.0529
	Step 150: mean loss = 0.0526

	Loss on validation set after epoch 8: 0.0518

Epoch 9
	Step 0: mean loss = 0.0515
	Step 50: mean loss = 0.0511
	Step 100: mean loss = 0.0507
	Step 150: mean loss = 0.0504

	Loss on validation set after epoch 9: 0.0495

Epoch 10
	Step 0: mean loss = 0.0461
	Step 50: mean loss = 0.0491
	Step 100: mean loss = 0.0493
	Step 150: mean loss = 0.0492

	Loss on validation set after epoch 10: 0.0479

Epoch 11
	Step 0: mean loss = 0.0461
	Step 50: mean loss = 0.0481
	Step 100: mean loss = 0.0484
	Step 150: mean loss = 0.0481

	Loss on validation set after epoch 11: 0.0481

Epoch 12
	Step 0: mean loss = 0.0443
	Step 50: mean loss = 0.0467
	Step 100: mean loss = 0.0476
	Step 150: mean loss = 0.0480

	Loss on validation set after epoch 12: 0.0465

Epoch 13
	Step 0: mean loss = 0.0473
	Step 50: mean loss = 0.0466
	Step 100: mean loss = 0.0465
	Step 150: mean loss = 0.0464

	Loss on validation set after epoch 13: 0.0451

Epoch 14
	Step 0: mean loss = 0.0482
	Step 50: mean loss = 0.0447
	Step 100: mean loss = 0.0445
	Step 150: mean loss = 0.0443

	Loss on validation set after epoch 14: 0.0429

Epoch 15
	Step 0: mean loss = 0.0396
	Step 50: mean loss = 0.0421
	Step 100: mean loss = 0.0415
	Step 150: mean loss = 0.0411

	Loss on validation set after epoch 15: 0.0398

Epoch 16
	Step 0: mean loss = 0.0386
	Step 50: mean loss = 0.0389
	Step 100: mean loss = 0.0391
	Step 150: mean loss = 0.0389

	Loss on validation set after epoch 16: 0.0379

Epoch 17
	Step 0: mean loss = 0.0414
	Step 50: mean loss = 0.0375
	Step 100: mean loss = 0.0376
	Step 150: mean loss = 0.0375

	Loss on validation set after epoch 17: 0.0370

Epoch 18
	Step 0: mean loss = 0.0351
	Step 50: mean loss = 0.0362
	Step 100: mean loss = 0.0363
	Step 150: mean loss = 0.0362

	Loss on validation set after epoch 18: 0.0355

Epoch 19
	Step 0: mean loss = 0.0408
	Step 50: mean loss = 0.0350
	Step 100: mean loss = 0.0353
	Step 150: mean loss = 0.0352

	Loss on validation set after epoch 19: 0.0341

Epoch 20
	Step 0: mean loss = 0.0343
	Step 50: mean loss = 0.0342
	Step 100: mean loss = 0.0342
	Step 150: mean loss = 0.0342

	Loss on validation set after epoch 20: 0.0332

Epoch 21
	Step 0: mean loss = 0.0366
	Step 50: mean loss = 0.0331
	Step 100: mean loss = 0.0332
	Step 150: mean loss = 0.0331

	Loss on validation set after epoch 21: 0.0326

Epoch 22
	Step 0: mean loss = 0.0363
	Step 50: mean loss = 0.0321
	Step 100: mean loss = 0.0323
	Step 150: mean loss = 0.0322

	Loss on validation set after epoch 22: 0.0321

Epoch 23
	Step 0: mean loss = 0.0303
	Step 50: mean loss = 0.0312
	Step 100: mean loss = 0.0313
	Step 150: mean loss = 0.0313

	Loss on validation set after epoch 23: 0.0304

Epoch 24
	Step 0: mean loss = 0.0290
	Step 50: mean loss = 0.0303
	Step 100: mean loss = 0.0304
	Step 150: mean loss = 0.0302

	Loss on validation set after epoch 24: 0.0289

Epoch 25
	Step 0: mean loss = 0.0250
	Step 50: mean loss = 0.0290
	Step 100: mean loss = 0.0291
	Step 150: mean loss = 0.0289

	Loss on validation set after epoch 25: 0.0280

Epoch 26
	Step 0: mean loss = 0.0283
	Step 50: mean loss = 0.0279
	Step 100: mean loss = 0.0279
	Step 150: mean loss = 0.0277

	Loss on validation set after epoch 26: 0.0270

Epoch 27
	Step 0: mean loss = 0.0281
	Step 50: mean loss = 0.0268
	Step 100: mean loss = 0.0268
	Step 150: mean loss = 0.0267

	Loss on validation set after epoch 27: 0.0268

Epoch 28
	Step 0: mean loss = 0.0268
	Step 50: mean loss = 0.0258
	Step 100: mean loss = 0.0259
	Step 150: mean loss = 0.0257

	Loss on validation set after epoch 28: 0.0251

Epoch 29
	Step 0: mean loss = 0.0274
	Step 50: mean loss = 0.0248
	Step 100: mean loss = 0.0251
	Step 150: mean loss = 0.0249

	Loss on validation set after epoch 29: 0.0250

Epoch 30
	Step 0: mean loss = 0.0267
	Step 50: mean loss = 0.0243
	Step 100: mean loss = 0.0243
	Step 150: mean loss = 0.0243

	Loss on validation set after epoch 30: 0.0239

Epoch 31
	Step 0: mean loss = 0.0244
	Step 50: mean loss = 0.0238
	Step 100: mean loss = 0.0239
	Step 150: mean loss = 0.0238

	Loss on validation set after epoch 31: 0.0236

Epoch 32
	Step 0: mean loss = 0.0230
	Step 50: mean loss = 0.0230
	Step 100: mean loss = 0.0232
	Step 150: mean loss = 0.0231

	Loss on validation set after epoch 32: 0.0224

Epoch 33
	Step 0: mean loss = 0.0219
	Step 50: mean loss = 0.0225
	Step 100: mean loss = 0.0226
	Step 150: mean loss = 0.0226

	Loss on validation set after epoch 33: 0.0237

Epoch 34
	Step 0: mean loss = 0.0255
	Step 50: mean loss = 0.0218
	Step 100: mean loss = 0.0218
	Step 150: mean loss = 0.0218

	Loss on validation set after epoch 34: 0.0217

Epoch 35
	Step 0: mean loss = 0.0225
	Step 50: mean loss = 0.0211
	Step 100: mean loss = 0.0211
	Step 150: mean loss = 0.0211

	Loss on validation set after epoch 35: 0.0209

Epoch 36
	Step 0: mean loss = 0.0225
	Step 50: mean loss = 0.0203
	Step 100: mean loss = 0.0202
	Step 150: mean loss = 0.0202

	Loss on validation set after epoch 36: 0.0198

Epoch 37
	Step 0: mean loss = 0.0178
	Step 50: mean loss = 0.0196
	Step 100: mean loss = 0.0197
	Step 150: mean loss = 0.0197

	Loss on validation set after epoch 37: 0.0198

Epoch 38
	Step 0: mean loss = 0.0213
	Step 50: mean loss = 0.0191
	Step 100: mean loss = 0.0192
	Step 150: mean loss = 0.0193

	Loss on validation set after epoch 38: 0.0192

Epoch 39
	Step 0: mean loss = 0.0199
	Step 50: mean loss = 0.0187
	Step 100: mean loss = 0.0188
	Step 150: mean loss = 0.0187

	Loss on validation set after epoch 39: 0.0186

Epoch 40
	Step 0: mean loss = 0.0199
	Step 50: mean loss = 0.0183
	Step 100: mean loss = 0.0183
	Step 150: mean loss = 0.0183

	Loss on validation set after epoch 40: 0.0181

Epoch 41
	Step 0: mean loss = 0.0163
	Step 50: mean loss = 0.0178
	Step 100: mean loss = 0.0179
	Step 150: mean loss = 0.0178

	Loss on validation set after epoch 41: 0.0178

Epoch 42
	Step 0: mean loss = 0.0146
	Step 50: mean loss = 0.0173
	Step 100: mean loss = 0.0174
	Step 150: mean loss = 0.0174

	Loss on validation set after epoch 42: 0.0178

Epoch 43
	Step 0: mean loss = 0.0164
	Step 50: mean loss = 0.0169
	Step 100: mean loss = 0.0169
	Step 150: mean loss = 0.0170

	Loss on validation set after epoch 43: 0.0168

Epoch 44
	Step 0: mean loss = 0.0168
	Step 50: mean loss = 0.0164
	Step 100: mean loss = 0.0166
	Step 150: mean loss = 0.0167

	Loss on validation set after epoch 44: 0.0170

Epoch 45
	Step 0: mean loss = 0.0159
	Step 50: mean loss = 0.0163
	Step 100: mean loss = 0.0165
	Step 150: mean loss = 0.0164

	Loss on validation set after epoch 45: 0.0162

Epoch 46
	Step 0: mean loss = 0.0175
	Step 50: mean loss = 0.0160
	Step 100: mean loss = 0.0163
	Step 150: mean loss = 0.0162

	Loss on validation set after epoch 46: 0.0154

Epoch 47
	Step 0: mean loss = 0.0139
	Step 50: mean loss = 0.0157
	Step 100: mean loss = 0.0157
	Step 150: mean loss = 0.0157

	Loss on validation set after epoch 47: 0.0154

Epoch 48
	Step 0: mean loss = 0.0149
	Step 50: mean loss = 0.0154
	Step 100: mean loss = 0.0155
	Step 150: mean loss = 0.0154

	Loss on validation set after epoch 48: 0.0149

Epoch 49
	Step 0: mean loss = 0.0162
	Step 50: mean loss = 0.0148
	Step 100: mean loss = 0.0150
	Step 150: mean loss = 0.0150

	Loss on validation set after epoch 49: 0.0152

Epoch 50
	Step 0: mean loss = 0.0159
	Step 50: mean loss = 0.0145
	Step 100: mean loss = 0.0147
	Step 150: mean loss = 0.0147

	Loss on validation set after epoch 50: 0.0143

Epoch 51
	Step 0: mean loss = 0.0145
	Step 50: mean loss = 0.0144
	Step 100: mean loss = 0.0144
	Step 150: mean loss = 0.0144

	Loss on validation set after epoch 51: 0.0149

Epoch 52
	Step 0: mean loss = 0.0156
	Step 50: mean loss = 0.0142
	Step 100: mean loss = 0.0143
	Step 150: mean loss = 0.0143

	Loss on validation set after epoch 52: 0.0142

Epoch 53
	Step 0: mean loss = 0.0127
	Step 50: mean loss = 0.0140
	Step 100: mean loss = 0.0141
	Step 150: mean loss = 0.0142

	Loss on validation set after epoch 53: 0.0148

Epoch 54
	Step 0: mean loss = 0.0146
	Step 50: mean loss = 0.0139
	Step 100: mean loss = 0.0140
	Step 150: mean loss = 0.0141

	Loss on validation set after epoch 54: 0.0140

Epoch 55
	Step 0: mean loss = 0.0151
	Step 50: mean loss = 0.0138
	Step 100: mean loss = 0.0138
	Step 150: mean loss = 0.0139

	Loss on validation set after epoch 55: 0.0139

Epoch 56
	Step 0: mean loss = 0.0142
	Step 50: mean loss = 0.0134
	Step 100: mean loss = 0.0136
	Step 150: mean loss = 0.0137

	Loss on validation set after epoch 56: 0.0135

Epoch 57
	Step 0: mean loss = 0.0140
	Step 50: mean loss = 0.0135
	Step 100: mean loss = 0.0136
	Step 150: mean loss = 0.0136

	Loss on validation set after epoch 57: 0.0133

Epoch 58
	Step 0: mean loss = 0.0178
	Step 50: mean loss = 0.0135
	Step 100: mean loss = 0.0135
	Step 150: mean loss = 0.0136

	Loss on validation set after epoch 58: 0.0138

Epoch 59
	Step 0: mean loss = 0.0153
	Step 50: mean loss = 0.0134
	Step 100: mean loss = 0.0132
	Step 150: mean loss = 0.0133

	Loss on validation set after epoch 59: 0.0131

Epoch 60
	Step 0: mean loss = 0.0139
	Step 50: mean loss = 0.0131
	Step 100: mean loss = 0.0131
	Step 150: mean loss = 0.0132

	Loss on validation set after epoch 60: 0.0130

Epoch 61
	Step 0: mean loss = 0.0153
	Step 50: mean loss = 0.0130
	Step 100: mean loss = 0.0130
	Step 150: mean loss = 0.0130

	Loss on validation set after epoch 61: 0.0138

Epoch 62
	Step 0: mean loss = 0.0149
	Step 50: mean loss = 0.0131
	Step 100: mean loss = 0.0130
	Step 150: mean loss = 0.0130

	Loss on validation set after epoch 62: 0.0135

Epoch 63
	Step 0: mean loss = 0.0125
	Step 50: mean loss = 0.0126
	Step 100: mean loss = 0.0128
	Step 150: mean loss = 0.0129

	Loss on validation set after epoch 63: 0.0128

Epoch 64
	Step 0: mean loss = 0.0121
	Step 50: mean loss = 0.0127
	Step 100: mean loss = 0.0127
	Step 150: mean loss = 0.0127

	Loss on validation set after epoch 64: 0.0130

Epoch 65
	Step 0: mean loss = 0.0122
	Step 50: mean loss = 0.0128
	Step 100: mean loss = 0.0128
	Step 150: mean loss = 0.0128

	Loss on validation set after epoch 65: 0.0127

Epoch 66
	Step 0: mean loss = 0.0118
	Step 50: mean loss = 0.0125
	Step 100: mean loss = 0.0125
	Step 150: mean loss = 0.0125

	Loss on validation set after epoch 66: 0.0126

Epoch 67
	Step 0: mean loss = 0.0113
	Step 50: mean loss = 0.0123
	Step 100: mean loss = 0.0124
	Step 150: mean loss = 0.0125

	Loss on validation set after epoch 67: 0.0125

Epoch 68
	Step 0: mean loss = 0.0131
	Step 50: mean loss = 0.0123
	Step 100: mean loss = 0.0124
	Step 150: mean loss = 0.0124

	Loss on validation set after epoch 68: 0.0131

Epoch 69
	Step 0: mean loss = 0.0132
	Step 50: mean loss = 0.0123
	Step 100: mean loss = 0.0123
	Step 150: mean loss = 0.0123

	Loss on validation set after epoch 69: 0.0125

Epoch 70
	Step 0: mean loss = 0.0153
	Step 50: mean loss = 0.0122
	Step 100: mean loss = 0.0122
	Step 150: mean loss = 0.0123

	Loss on validation set after epoch 70: 0.0120

Epoch 71
	Step 0: mean loss = 0.0128
	Step 50: mean loss = 0.0121
	Step 100: mean loss = 0.0121
	Step 150: mean loss = 0.0122

	Loss on validation set after epoch 71: 0.0121

Epoch 72
	Step 0: mean loss = 0.0114
	Step 50: mean loss = 0.0120
	Step 100: mean loss = 0.0121
	Step 150: mean loss = 0.0121

	Loss on validation set after epoch 72: 0.0125

Epoch 73
	Step 0: mean loss = 0.0147
	Step 50: mean loss = 0.0120
	Step 100: mean loss = 0.0119
	Step 150: mean loss = 0.0120

	Loss on validation set after epoch 73: 0.0122

Epoch 74
	Step 0: mean loss = 0.0111
	Step 50: mean loss = 0.0119
	Step 100: mean loss = 0.0120
	Step 150: mean loss = 0.0120

	Loss on validation set after epoch 74: 0.0121

Epoch 75
	Step 0: mean loss = 0.0131
	Step 50: mean loss = 0.0117
	Step 100: mean loss = 0.0118
	Step 150: mean loss = 0.0118

	Loss on validation set after epoch 75: 0.0114

Epoch 76
	Step 0: mean loss = 0.0112
	Step 50: mean loss = 0.0118
	Step 100: mean loss = 0.0118
	Step 150: mean loss = 0.0118

	Loss on validation set after epoch 76: 0.0117

Epoch 77
	Step 0: mean loss = 0.0106
	Step 50: mean loss = 0.0117
	Step 100: mean loss = 0.0118
	Step 150: mean loss = 0.0118

	Loss on validation set after epoch 77: 0.0122

Epoch 78
	Step 0: mean loss = 0.0125
	Step 50: mean loss = 0.0116
	Step 100: mean loss = 0.0115
	Step 150: mean loss = 0.0117

	Loss on validation set after epoch 78: 0.0119

Epoch 79
	Step 0: mean loss = 0.0110
	Step 50: mean loss = 0.0115
	Step 100: mean loss = 0.0116
	Step 150: mean loss = 0.0116

	Loss on validation set after epoch 79: 0.0119

Epoch 80
	Step 0: mean loss = 0.0117
	Step 50: mean loss = 0.0115
	Step 100: mean loss = 0.0115
	Step 150: mean loss = 0.0115

	Loss on validation set after epoch 80: 0.0119

Epoch 81
	Step 0: mean loss = 0.0117
	Step 50: mean loss = 0.0116
	Step 100: mean loss = 0.0115
	Step 150: mean loss = 0.0114

	Loss on validation set after epoch 81: 0.0115

Epoch 82
	Step 0: mean loss = 0.0085
	Step 50: mean loss = 0.0112
	Step 100: mean loss = 0.0113
	Step 150: mean loss = 0.0114

	Loss on validation set after epoch 82: 0.0114

Epoch 83
	Step 0: mean loss = 0.0106
	Step 50: mean loss = 0.0114
	Step 100: mean loss = 0.0113
	Step 150: mean loss = 0.0114

	Loss on validation set after epoch 83: 0.0118

Epoch 84
	Step 0: mean loss = 0.0108
	Step 50: mean loss = 0.0112
	Step 100: mean loss = 0.0112
	Step 150: mean loss = 0.0113

	Loss on validation set after epoch 84: 0.0114

Epoch 85
	Step 0: mean loss = 0.0118
	Step 50: mean loss = 0.0112
	Step 100: mean loss = 0.0112
	Step 150: mean loss = 0.0112

	Loss on validation set after epoch 85: 0.0118

Epoch 86
	Step 0: mean loss = 0.0131
	Step 50: mean loss = 0.0111
	Step 100: mean loss = 0.0112
	Step 150: mean loss = 0.0112

	Loss on validation set after epoch 86: 0.0113

Epoch 87
	Step 0: mean loss = 0.0097
	Step 50: mean loss = 0.0109
	Step 100: mean loss = 0.0110
	Step 150: mean loss = 0.0110

	Loss on validation set after epoch 87: 0.0112

Epoch 88
	Step 0: mean loss = 0.0104
	Step 50: mean loss = 0.0110
	Step 100: mean loss = 0.0109
	Step 150: mean loss = 0.0110

	Loss on validation set after epoch 88: 0.0110

Epoch 89
	Step 0: mean loss = 0.0113
	Step 50: mean loss = 0.0109
	Step 100: mean loss = 0.0109
	Step 150: mean loss = 0.0109

	Loss on validation set after epoch 89: 0.0110

Epoch 90
	Step 0: mean loss = 0.0113
	Step 50: mean loss = 0.0108
	Step 100: mean loss = 0.0108
	Step 150: mean loss = 0.0109

	Loss on validation set after epoch 90: 0.0109

Epoch 91
	Step 0: mean loss = 0.0099
	Step 50: mean loss = 0.0107
	Step 100: mean loss = 0.0108
	Step 150: mean loss = 0.0109

	Loss on validation set after epoch 91: 0.0114

Epoch 92
	Step 0: mean loss = 0.0114
	Step 50: mean loss = 0.0107
	Step 100: mean loss = 0.0107
	Step 150: mean loss = 0.0108

	Loss on validation set after epoch 92: 0.0114

Epoch 93
	Step 0: mean loss = 0.0115
	Step 50: mean loss = 0.0108
	Step 100: mean loss = 0.0108
	Step 150: mean loss = 0.0108

	Loss on validation set after epoch 93: 0.0114

Epoch 94
	Step 0: mean loss = 0.0129
	Step 50: mean loss = 0.0108
	Step 100: mean loss = 0.0107
	Step 150: mean loss = 0.0107

	Loss on validation set after epoch 94: 0.0109

Epoch 95
	Step 0: mean loss = 0.0092
	Step 50: mean loss = 0.0106
	Step 100: mean loss = 0.0106
	Step 150: mean loss = 0.0107

	Loss on validation set after epoch 95: 0.0104

Epoch 96
	Step 0: mean loss = 0.0097
	Step 50: mean loss = 0.0106
	Step 100: mean loss = 0.0106
	Step 150: mean loss = 0.0107

	Loss on validation set after epoch 96: 0.0115

Epoch 97
	Step 0: mean loss = 0.0139
	Step 50: mean loss = 0.0108
	Step 100: mean loss = 0.0106
	Step 150: mean loss = 0.0106

	Loss on validation set after epoch 97: 0.0110

Epoch 98
	Step 0: mean loss = 0.0119
	Step 50: mean loss = 0.0108
	Step 100: mean loss = 0.0106
	Step 150: mean loss = 0.0106

	Loss on validation set after epoch 98: 0.0103

Epoch 99
	Step 0: mean loss = 0.0100
	Step 50: mean loss = 0.0104
	Step 100: mean loss = 0.0104
	Step 150: mean loss = 0.0104

	Loss on validation set after epoch 99: 0.0105

Epoch 100
	Step 0: mean loss = 0.0087
	Step 50: mean loss = 0.0105
	Step 100: mean loss = 0.0105
	Step 150: mean loss = 0.0105

	Loss on validation set after epoch 100: 0.0107

Epoch 101
	Step 0: mean loss = 0.0104
	Step 50: mean loss = 0.0104
	Step 100: mean loss = 0.0103
	Step 150: mean loss = 0.0103

	Loss on validation set after epoch 101: 0.0102

Epoch 102
	Step 0: mean loss = 0.0096
	Step 50: mean loss = 0.0104
	Step 100: mean loss = 0.0103
	Step 150: mean loss = 0.0103

	Loss on validation set after epoch 102: 0.0105

Epoch 103
	Step 0: mean loss = 0.0099
	Step 50: mean loss = 0.0105
	Step 100: mean loss = 0.0104
	Step 150: mean loss = 0.0104

	Loss on validation set after epoch 103: 0.0102

Epoch 104
	Step 0: mean loss = 0.0115
	Step 50: mean loss = 0.0101
	Step 100: mean loss = 0.0101
	Step 150: mean loss = 0.0102

	Loss on validation set after epoch 104: 0.0105

Epoch 105
	Step 0: mean loss = 0.0104
	Step 50: mean loss = 0.0102
	Step 100: mean loss = 0.0101
	Step 150: mean loss = 0.0101

	Loss on validation set after epoch 105: 0.0106

Epoch 106
	Step 0: mean loss = 0.0090
	Step 50: mean loss = 0.0101
	Step 100: mean loss = 0.0100
	Step 150: mean loss = 0.0100

	Loss on validation set after epoch 106: 0.0101

Epoch 107
	Step 0: mean loss = 0.0112
	Step 50: mean loss = 0.0101
	Step 100: mean loss = 0.0100
	Step 150: mean loss = 0.0101

	Loss on validation set after epoch 107: 0.0103

Epoch 108
	Step 0: mean loss = 0.0106
	Step 50: mean loss = 0.0101
	Step 100: mean loss = 0.0100
	Step 150: mean loss = 0.0100

	Loss on validation set after epoch 108: 0.0099

Epoch 109
	Step 0: mean loss = 0.0086
	Step 50: mean loss = 0.0100
	Step 100: mean loss = 0.0099
	Step 150: mean loss = 0.0100

	Loss on validation set after epoch 109: 0.0106

Epoch 110
	Step 0: mean loss = 0.0105
	Step 50: mean loss = 0.0100
	Step 100: mean loss = 0.0100
	Step 150: mean loss = 0.0100

	Loss on validation set after epoch 110: 0.0101

Epoch 111
	Step 0: mean loss = 0.0083
	Step 50: mean loss = 0.0099
	Step 100: mean loss = 0.0098
	Step 150: mean loss = 0.0099

	Loss on validation set after epoch 111: 0.0104

Epoch 112
	Step 0: mean loss = 0.0083
	Step 50: mean loss = 0.0099
	Step 100: mean loss = 0.0098
	Step 150: mean loss = 0.0098

	Loss on validation set after epoch 112: 0.0106

Epoch 113
	Step 0: mean loss = 0.0115
	Step 50: mean loss = 0.0099
	Step 100: mean loss = 0.0098
	Step 150: mean loss = 0.0098

	Loss on validation set after epoch 113: 0.0098

Epoch 114
	Step 0: mean loss = 0.0093
	Step 50: mean loss = 0.0098
	Step 100: mean loss = 0.0098
	Step 150: mean loss = 0.0098

	Loss on validation set after epoch 114: 0.0100

Epoch 115
	Step 0: mean loss = 0.0070
	Step 50: mean loss = 0.0097
	Step 100: mean loss = 0.0096
	Step 150: mean loss = 0.0096

	Loss on validation set after epoch 115: 0.0104

Epoch 116
	Step 0: mean loss = 0.0107
	Step 50: mean loss = 0.0095
	Step 100: mean loss = 0.0095
	Step 150: mean loss = 0.0096

	Loss on validation set after epoch 116: 0.0097

Epoch 117
	Step 0: mean loss = 0.0097
	Step 50: mean loss = 0.0095
	Step 100: mean loss = 0.0094
	Step 150: mean loss = 0.0094

	Loss on validation set after epoch 117: 0.0094

Epoch 118
	Step 0: mean loss = 0.0100
	Step 50: mean loss = 0.0095
	Step 100: mean loss = 0.0095
	Step 150: mean loss = 0.0095

	Loss on validation set after epoch 118: 0.0096

Epoch 119
	Step 0: mean loss = 0.0081
	Step 50: mean loss = 0.0094
	Step 100: mean loss = 0.0093
	Step 150: mean loss = 0.0094

	Loss on validation set after epoch 119: 0.0095

Epoch 120
	Step 0: mean loss = 0.0104
	Step 50: mean loss = 0.0093
	Step 100: mean loss = 0.0093
	Step 150: mean loss = 0.0093

	Loss on validation set after epoch 120: 0.0095

Epoch 121
	Step 0: mean loss = 0.0093
	Step 50: mean loss = 0.0093
	Step 100: mean loss = 0.0091
	Step 150: mean loss = 0.0092

	Loss on validation set after epoch 121: 0.0097

Epoch 122
	Step 0: mean loss = 0.0092
	Step 50: mean loss = 0.0092
	Step 100: mean loss = 0.0091
	Step 150: mean loss = 0.0091

	Loss on validation set after epoch 122: 0.0088

Epoch 123
	Step 0: mean loss = 0.0099
	Step 50: mean loss = 0.0090
	Step 100: mean loss = 0.0090
	Step 150: mean loss = 0.0090

	Loss on validation set after epoch 123: 0.0095

Epoch 124
	Step 0: mean loss = 0.0098
	Step 50: mean loss = 0.0091
	Step 100: mean loss = 0.0090
	Step 150: mean loss = 0.0090

	Loss on validation set after epoch 124: 0.0088

Epoch 125
	Step 0: mean loss = 0.0098
	Step 50: mean loss = 0.0090
	Step 100: mean loss = 0.0088
	Step 150: mean loss = 0.0089

	Loss on validation set after epoch 125: 0.0088

Epoch 126
	Step 0: mean loss = 0.0083
	Step 50: mean loss = 0.0089
	Step 100: mean loss = 0.0088
	Step 150: mean loss = 0.0088

	Loss on validation set after epoch 126: 0.0092

Epoch 127
	Step 0: mean loss = 0.0095
	Step 50: mean loss = 0.0088
	Step 100: mean loss = 0.0088
	Step 150: mean loss = 0.0088

	Loss on validation set after epoch 127: 0.0089

Epoch 128
	Step 0: mean loss = 0.0086
	Step 50: mean loss = 0.0088
	Step 100: mean loss = 0.0088
	Step 150: mean loss = 0.0088

	Loss on validation set after epoch 128: 0.0085

Epoch 129
	Step 0: mean loss = 0.0100
	Step 50: mean loss = 0.0087
	Step 100: mean loss = 0.0087
	Step 150: mean loss = 0.0087

	Loss on validation set after epoch 129: 0.0091

Epoch 130
	Step 0: mean loss = 0.0087
	Step 50: mean loss = 0.0087
	Step 100: mean loss = 0.0086
	Step 150: mean loss = 0.0086

	Loss on validation set after epoch 130: 0.0087

Epoch 131
	Step 0: mean loss = 0.0089
	Step 50: mean loss = 0.0087
	Step 100: mean loss = 0.0085
	Step 150: mean loss = 0.0086

	Loss on validation set after epoch 131: 0.0090

Epoch 132
	Step 0: mean loss = 0.0078
	Step 50: mean loss = 0.0088
	Step 100: mean loss = 0.0086
	Step 150: mean loss = 0.0086

	Loss on validation set after epoch 132: 0.0087

Epoch 133
	Step 0: mean loss = 0.0085
	Step 50: mean loss = 0.0085
	Step 100: mean loss = 0.0084
	Step 150: mean loss = 0.0084

	Loss on validation set after epoch 133: 0.0085

Epoch 134
	Step 0: mean loss = 0.0094
	Step 50: mean loss = 0.0085
	Step 100: mean loss = 0.0084
	Step 150: mean loss = 0.0084

	Loss on validation set after epoch 134: 0.0084

Epoch 135
	Step 0: mean loss = 0.0089
	Step 50: mean loss = 0.0084
	Step 100: mean loss = 0.0084
	Step 150: mean loss = 0.0084

	Loss on validation set after epoch 135: 0.0085

Epoch 136
	Step 0: mean loss = 0.0079
	Step 50: mean loss = 0.0084
	Step 100: mean loss = 0.0083
	Step 150: mean loss = 0.0084

	Loss on validation set after epoch 136: 0.0083

Epoch 137
	Step 0: mean loss = 0.0074
	Step 50: mean loss = 0.0084
	Step 100: mean loss = 0.0083
	Step 150: mean loss = 0.0084

	Loss on validation set after epoch 137: 0.0088

Epoch 138
	Step 0: mean loss = 0.0076
	Step 50: mean loss = 0.0084
	Step 100: mean loss = 0.0083
	Step 150: mean loss = 0.0083

	Loss on validation set after epoch 138: 0.0084

Epoch 139
	Step 0: mean loss = 0.0087
	Step 50: mean loss = 0.0082
	Step 100: mean loss = 0.0082
	Step 150: mean loss = 0.0082

	Loss on validation set after epoch 139: 0.0087

Epoch 140
	Step 0: mean loss = 0.0103
	Step 50: mean loss = 0.0083
	Step 100: mean loss = 0.0082
	Step 150: mean loss = 0.0082

	Loss on validation set after epoch 140: 0.0085

Epoch 141
	Step 0: mean loss = 0.0097
	Step 50: mean loss = 0.0082
	Step 100: mean loss = 0.0081
	Step 150: mean loss = 0.0081

	Loss on validation set after epoch 141: 0.0086

Epoch 142
	Step 0: mean loss = 0.0095
	Step 50: mean loss = 0.0081
	Step 100: mean loss = 0.0081
	Step 150: mean loss = 0.0081

	Loss on validation set after epoch 142: 0.0082

Epoch 143
	Step 0: mean loss = 0.0076
	Step 50: mean loss = 0.0082
	Step 100: mean loss = 0.0081
	Step 150: mean loss = 0.0081

	Loss on validation set after epoch 143: 0.0086

Epoch 144
	Step 0: mean loss = 0.0071
	Step 50: mean loss = 0.0081
	Step 100: mean loss = 0.0080
	Step 150: mean loss = 0.0081

	Loss on validation set after epoch 144: 0.0081

Epoch 145
	Step 0: mean loss = 0.0085
	Step 50: mean loss = 0.0080
	Step 100: mean loss = 0.0079
	Step 150: mean loss = 0.0080

	Loss on validation set after epoch 145: 0.0080

Epoch 146
	Step 0: mean loss = 0.0079
	Step 50: mean loss = 0.0080
	Step 100: mean loss = 0.0080
	Step 150: mean loss = 0.0080

	Loss on validation set after epoch 146: 0.0080

Epoch 147
	Step 0: mean loss = 0.0074
	Step 50: mean loss = 0.0080
	Step 100: mean loss = 0.0079
	Step 150: mean loss = 0.0080

	Loss on validation set after epoch 147: 0.0081

Epoch 148
	Step 0: mean loss = 0.0072
	Step 50: mean loss = 0.0080
	Step 100: mean loss = 0.0079
	Step 150: mean loss = 0.0079

	Loss on validation set after epoch 148: 0.0085

Epoch 149
	Step 0: mean loss = 0.0072
	Step 50: mean loss = 0.0080
	Step 100: mean loss = 0.0079
	Step 150: mean loss = 0.0080

	Loss on validation set after epoch 149: 0.0082

Epoch 150
	Step 0: mean loss = 0.0077
	Step 50: mean loss = 0.0080
	Step 100: mean loss = 0.0078
	Step 150: mean loss = 0.0079

	Loss on validation set after epoch 150: 0.0081

Epoch 151
	Step 0: mean loss = 0.0066
	Step 50: mean loss = 0.0079
	Step 100: mean loss = 0.0078
	Step 150: mean loss = 0.0078

	Loss on validation set after epoch 151: 0.0080

Epoch 152
	Step 0: mean loss = 0.0068
	Step 50: mean loss = 0.0079
	Step 100: mean loss = 0.0078
	Step 150: mean loss = 0.0078

	Loss on validation set after epoch 152: 0.0079

Epoch 153
	Step 0: mean loss = 0.0069
	Step 50: mean loss = 0.0079
	Step 100: mean loss = 0.0077
	Step 150: mean loss = 0.0078

	Loss on validation set after epoch 153: 0.0082

Epoch 154
	Step 0: mean loss = 0.0082
	Step 50: mean loss = 0.0078
	Step 100: mean loss = 0.0077
	Step 150: mean loss = 0.0078

	Loss on validation set after epoch 154: 0.0085

Epoch 155
	Step 0: mean loss = 0.0066
	Step 50: mean loss = 0.0079
	Step 100: mean loss = 0.0077
	Step 150: mean loss = 0.0078

	Loss on validation set after epoch 155: 0.0078

Epoch 156
	Step 0: mean loss = 0.0084
	Step 50: mean loss = 0.0078
	Step 100: mean loss = 0.0077
	Step 150: mean loss = 0.0077

	Loss on validation set after epoch 156: 0.0081

Epoch 157
	Step 0: mean loss = 0.0087
	Step 50: mean loss = 0.0077
	Step 100: mean loss = 0.0076
	Step 150: mean loss = 0.0077

	Loss on validation set after epoch 157: 0.0079

Epoch 158
	Step 0: mean loss = 0.0078
	Step 50: mean loss = 0.0077
	Step 100: mean loss = 0.0076
	Step 150: mean loss = 0.0076

	Loss on validation set after epoch 158: 0.0077

Epoch 159
	Step 0: mean loss = 0.0066
	Step 50: mean loss = 0.0076
	Step 100: mean loss = 0.0076
	Step 150: mean loss = 0.0076

	Loss on validation set after epoch 159: 0.0086

Epoch 160
	Step 0: mean loss = 0.0070
	Step 50: mean loss = 0.0076
	Step 100: mean loss = 0.0075
	Step 150: mean loss = 0.0076

	Loss on validation set after epoch 160: 0.0081

Epoch 161
	Step 0: mean loss = 0.0069
	Step 50: mean loss = 0.0076
	Step 100: mean loss = 0.0076
	Step 150: mean loss = 0.0076

	Loss on validation set after epoch 161: 0.0076

Epoch 162
	Step 0: mean loss = 0.0059
	Step 50: mean loss = 0.0075
	Step 100: mean loss = 0.0075
	Step 150: mean loss = 0.0075

	Loss on validation set after epoch 162: 0.0075

Epoch 163
	Step 0: mean loss = 0.0065
	Step 50: mean loss = 0.0074
	Step 100: mean loss = 0.0074
	Step 150: mean loss = 0.0074

	Loss on validation set after epoch 163: 0.0077

Epoch 164
	Step 0: mean loss = 0.0080
	Step 50: mean loss = 0.0075
	Step 100: mean loss = 0.0074
	Step 150: mean loss = 0.0074

	Loss on validation set after epoch 164: 0.0078

Epoch 165
	Step 0: mean loss = 0.0067
	Step 50: mean loss = 0.0075
	Step 100: mean loss = 0.0073
	Step 150: mean loss = 0.0074

	Loss on validation set after epoch 165: 0.0075

Epoch 166
	Step 0: mean loss = 0.0069
	Step 50: mean loss = 0.0075
	Step 100: mean loss = 0.0073
	Step 150: mean loss = 0.0074

	Loss on validation set after epoch 166: 0.0076

Epoch 167
	Step 0: mean loss = 0.0078
	Step 50: mean loss = 0.0073
	Step 100: mean loss = 0.0073
	Step 150: mean loss = 0.0074

	Loss on validation set after epoch 167: 0.0078

Epoch 168
	Step 0: mean loss = 0.0058
	Step 50: mean loss = 0.0074
	Step 100: mean loss = 0.0073
	Step 150: mean loss = 0.0073

	Loss on validation set after epoch 168: 0.0074

Epoch 169
	Step 0: mean loss = 0.0071
	Step 50: mean loss = 0.0072
	Step 100: mean loss = 0.0072
	Step 150: mean loss = 0.0072

	Loss on validation set after epoch 169: 0.0077

Epoch 170
	Step 0: mean loss = 0.0070
	Step 50: mean loss = 0.0073
	Step 100: mean loss = 0.0072
	Step 150: mean loss = 0.0072

	Loss on validation set after epoch 170: 0.0076

Epoch 171
	Step 0: mean loss = 0.0066
	Step 50: mean loss = 0.0072
	Step 100: mean loss = 0.0072
	Step 150: mean loss = 0.0071

	Loss on validation set after epoch 171: 0.0072

Epoch 172
	Step 0: mean loss = 0.0081
	Step 50: mean loss = 0.0073
	Step 100: mean loss = 0.0071
	Step 150: mean loss = 0.0072

	Loss on validation set after epoch 172: 0.0075

Epoch 173
	Step 0: mean loss = 0.0072
	Step 50: mean loss = 0.0072
	Step 100: mean loss = 0.0071
	Step 150: mean loss = 0.0071

	Loss on validation set after epoch 173: 0.0072

Epoch 174
	Step 0: mean loss = 0.0062
	Step 50: mean loss = 0.0072
	Step 100: mean loss = 0.0071
	Step 150: mean loss = 0.0071

	Loss on validation set after epoch 174: 0.0078

Epoch 175
	Step 0: mean loss = 0.0074
	Step 50: mean loss = 0.0072
	Step 100: mean loss = 0.0071
	Step 150: mean loss = 0.0071

	Loss on validation set after epoch 175: 0.0072

Epoch 176
	Step 0: mean loss = 0.0059
	Step 50: mean loss = 0.0072
	Step 100: mean loss = 0.0071
	Step 150: mean loss = 0.0071

	Loss on validation set after epoch 176: 0.0073

Epoch 177
	Step 0: mean loss = 0.0090
	Step 50: mean loss = 0.0071
	Step 100: mean loss = 0.0070
	Step 150: mean loss = 0.0071

	Loss on validation set after epoch 177: 0.0071

Epoch 178
	Step 0: mean loss = 0.0091
	Step 50: mean loss = 0.0071
	Step 100: mean loss = 0.0070
	Step 150: mean loss = 0.0070

	Loss on validation set after epoch 178: 0.0073

Epoch 179
	Step 0: mean loss = 0.0067
	Step 50: mean loss = 0.0072
	Step 100: mean loss = 0.0071
	Step 150: mean loss = 0.0071

	Loss on validation set after epoch 179: 0.0074

Epoch 180
	Step 0: mean loss = 0.0062
	Step 50: mean loss = 0.0071
	Step 100: mean loss = 0.0070
	Step 150: mean loss = 0.0070

	Loss on validation set after epoch 180: 0.0074

Epoch 181
	Step 0: mean loss = 0.0075
	Step 50: mean loss = 0.0070
	Step 100: mean loss = 0.0069
	Step 150: mean loss = 0.0070

	Loss on validation set after epoch 181: 0.0076

Epoch 182
	Step 0: mean loss = 0.0073
	Step 50: mean loss = 0.0070
	Step 100: mean loss = 0.0069
	Step 150: mean loss = 0.0070

	Loss on validation set after epoch 182: 0.0076

Epoch 183
	Step 0: mean loss = 0.0083
	Step 50: mean loss = 0.0070
	Step 100: mean loss = 0.0069
	Step 150: mean loss = 0.0069

	Loss on validation set after epoch 183: 0.0074

Epoch 184
	Step 0: mean loss = 0.0059
	Step 50: mean loss = 0.0070
	Step 100: mean loss = 0.0068
	Step 150: mean loss = 0.0069

	Loss on validation set after epoch 184: 0.0072

Epoch 185
	Step 0: mean loss = 0.0060
	Step 50: mean loss = 0.0069
	Step 100: mean loss = 0.0068
	Step 150: mean loss = 0.0069

	Loss on validation set after epoch 185: 0.0073

Epoch 186
	Step 0: mean loss = 0.0067
	Step 50: mean loss = 0.0069
	Step 100: mean loss = 0.0068
	Step 150: mean loss = 0.0069

	Loss on validation set after epoch 186: 0.0069

Epoch 187
	Step 0: mean loss = 0.0080
	Step 50: mean loss = 0.0069
	Step 100: mean loss = 0.0068
	Step 150: mean loss = 0.0068

	Loss on validation set after epoch 187: 0.0071

Epoch 188
	Step 0: mean loss = 0.0070
	Step 50: mean loss = 0.0069
	Step 100: mean loss = 0.0068
	Step 150: mean loss = 0.0068

	Loss on validation set after epoch 188: 0.0074

Epoch 189
	Step 0: mean loss = 0.0082
	Step 50: mean loss = 0.0069
	Step 100: mean loss = 0.0068
	Step 150: mean loss = 0.0068

	Loss on validation set after epoch 189: 0.0075

Epoch 190
	Step 0: mean loss = 0.0078
	Step 50: mean loss = 0.0068
	Step 100: mean loss = 0.0067
	Step 150: mean loss = 0.0068

	Loss on validation set after epoch 190: 0.0069

Epoch 191
	Step 0: mean loss = 0.0059
	Step 50: mean loss = 0.0067
	Step 100: mean loss = 0.0068
	Step 150: mean loss = 0.0068

	Loss on validation set after epoch 191: 0.0068

Epoch 192
	Step 0: mean loss = 0.0074
	Step 50: mean loss = 0.0069
	Step 100: mean loss = 0.0067
	Step 150: mean loss = 0.0068

	Loss on validation set after epoch 192: 0.0076

Epoch 193
	Step 0: mean loss = 0.0079
	Step 50: mean loss = 0.0068
	Step 100: mean loss = 0.0067
	Step 150: mean loss = 0.0067

	Loss on validation set after epoch 193: 0.0072

Epoch 194
	Step 0: mean loss = 0.0068
	Step 50: mean loss = 0.0068
	Step 100: mean loss = 0.0067
	Step 150: mean loss = 0.0067

	Loss on validation set after epoch 194: 0.0071

Epoch 195
	Step 0: mean loss = 0.0069
	Step 50: mean loss = 0.0067
	Step 100: mean loss = 0.0067
	Step 150: mean loss = 0.0067

	Loss on validation set after epoch 195: 0.0073

Epoch 196
	Step 0: mean loss = 0.0061
	Step 50: mean loss = 0.0067
	Step 100: mean loss = 0.0066
	Step 150: mean loss = 0.0066

	Loss on validation set after epoch 196: 0.0072

Epoch 197
	Step 0: mean loss = 0.0062
	Step 50: mean loss = 0.0067
	Step 100: mean loss = 0.0066
	Step 150: mean loss = 0.0066

	Loss on validation set after epoch 197: 0.0073

Epoch 198
	Step 0: mean loss = 0.0041
	Step 50: mean loss = 0.0067
	Step 100: mean loss = 0.0066
	Step 150: mean loss = 0.0067

	Loss on validation set after epoch 198: 0.0069

Epoch 199
	Step 0: mean loss = 0.0071
	Step 50: mean loss = 0.0066
	Step 100: mean loss = 0.0065
	Step 150: mean loss = 0.0066

	Loss on validation set after epoch 199: 0.0070

Epoch 200
	Step 0: mean loss = 0.0080
	Step 50: mean loss = 0.0067
	Step 100: mean loss = 0.0066
	Step 150: mean loss = 0.0066

	Loss on validation set after epoch 200: 0.0070

Epoch 201
	Step 0: mean loss = 0.0084
	Step 50: mean loss = 0.0066
	Step 100: mean loss = 0.0066
	Step 150: mean loss = 0.0066

	Loss on validation set after epoch 201: 0.0070

Model from epoch 191 was selected by early stopping.
Training process will be stopped now.
Deleted temporary files in ../data/trained_models/temp_01-09-09-27-04/
Location of saved model: ../data/trained_models/selected_0_01-09-09-27-04/ 

Adding feature wise convolutions with 32 filters per feature, 3 kernels and 1 strides ...
Adding feature wise convolutions with 1 filters per feature, 3 kernels and 1 strides ...
Adding feature based graph attention layer ...
Adding time based graph attention layer ...
Adding GRU layer with 256 units ...
Adding GRU layer with 61 units ...
Adding dense layer to forecasting model with 512 units and ReLu activation ...
Adding dense layer to forecasting model with 256 units and ReLu activation ...
Adding last dense layer to forecasting model with 61 units and sigmoid activation ...
Adding VAE as reconstruction model with dimensions 3072 & 1536 and ...
The RBM reconstructs the output of the gru layer.

Grid search running in AD and FPD selection mode.
The following hyperparameters will not be evaluated:
si_mode
si_parameter

Testing 13200 combinations via grid search 
for model selected_0_01-09-09-27-04/ on the validation dataset. 


Top 50 combinations tested:
      gamma  single_timestamp_a.. affected_timestamp..  unaffected_compone..                         relevance_mapping     AD F1     AD F2    AD TPR   AD Prec    AD ACC    AD TNR    AD FPR  SI/ST AVG-HR@100%  SI/ST AVG-HR@150%  SI/ST AVG-HR@K  SI/ST F1  SI/ST TPR  SI/ST ACC
Comb                                                                                                                                                                                                                                                                              
76      0.2                  0.22                  100                  0.25  {'h': 1.0, 'm': 0.5, 'l': 0.3, 'e': 0.3}  0.423913  0.514512  0.600000  0.327731  0.690058  0.711191  0.288809           0.429873           0.482875        0.353846  0.172308   0.172308   0.872663
40      0.2                  0.22                  100                  0.05  {'h': 1.0, 'm': 1.0, 'l': 1.0, 'e': 0.0}  0.423453  0.514241  0.600000  0.327181  0.689474  0.710469  0.289531           0.429873           0.482875        0.255385  0.046154   0.046154   0.853254
41      0.2                  0.22                  100                  0.05  {'h': 1.0, 'm': 1.0, 'l': 0.0, 'e': 0.0}  0.423453  0.514241  0.600000  0.327181  0.689474  0.710469  0.289531           0.429873           0.482875        0.212308  0.058462   0.058462   0.855148
42      0.2                  0.22                  100                  0.05  {'h': 1.0, 'm': 0.0, 'l': 0.0, 'e': 0.0}  0.423453  0.514241  0.600000  0.327181  0.689474  0.710469  0.289531           0.429873           0.482875        0.261538  0.101538   0.101538   0.861775
43      0.2                  0.22                  100                  0.05  {'h': 1.0, 'm': 0.5, 'l': 0.0, 'e': 0.0}  0.423453  0.514241  0.600000  0.327181  0.689474  0.710469  0.289531           0.429873           0.482875        0.206154  0.086154   0.086154   0.859408
44      0.2                  0.22                  100                  0.05  {'h': 1.0, 'm': 0.5, 'l': 0.3, 'e': 0.3}  0.423453  0.514241  0.600000  0.327181  0.689474  0.710469  0.289531           0.429873           0.482875        0.353846  0.172308   0.172308   0.872663
45      0.2                  0.22                  100                  0.05  {'h': 1.0, 'm': 0.5, 'l': 0.3, 'e': 0.0}  0.423453  0.514241  0.600000  0.327181  0.689474  0.710469  0.289531           0.429873           0.482875        0.193846  0.086154   0.086154   0.859408
46      0.2                  0.22                  100                  0.05  {'h': 0.5, 'm': 1.0, 'l': 0.0, 'e': 0.0}  0.423453  0.514241  0.600000  0.327181  0.689474  0.710469  0.289531           0.429873           0.482875        0.169231  0.036923   0.036923   0.851834
47      0.2                  0.22                  100                  0.05  {'h': 0.5, 'm': 1.0, 'l': 0.3, 'e': 0.0}  0.423453  0.514241  0.600000  0.327181  0.689474  0.710469  0.289531           0.429873           0.482875        0.203077  0.043077   0.043077   0.852781
48      0.2                  0.22                  100                  0.10  {'h': 1.0, 'm': 1.0, 'l': 1.0, 'e': 0.0}  0.423453  0.514241  0.600000  0.327181  0.689474  0.710469  0.289531           0.429873           0.482875        0.255385  0.046154   0.046154   0.853254
49      0.2                  0.22                  100                  0.10  {'h': 1.0, 'm': 1.0, 'l': 0.0, 'e': 0.0}  0.423453  0.514241  0.600000  0.327181  0.689474  0.710469  0.289531           0.429873           0.482875        0.212308  0.058462   0.058462   0.855148
50      0.2                  0.22                  100                  0.10  {'h': 1.0, 'm': 0.0, 'l': 0.0, 'e': 0.0}  0.423453  0.514241  0.600000  0.327181  0.689474  0.710469  0.289531           0.429873           0.482875        0.261538  0.101538   0.101538   0.861775
51      0.2                  0.22                  100                  0.10  {'h': 1.0, 'm': 0.5, 'l': 0.0, 'e': 0.0}  0.423453  0.514241  0.600000  0.327181  0.689474  0.710469  0.289531           0.429873           0.482875        0.206154  0.086154   0.086154   0.859408
52      0.2                  0.22                  100                  0.10  {'h': 1.0, 'm': 0.5, 'l': 0.3, 'e': 0.3}  0.423453  0.514241  0.600000  0.327181  0.689474  0.710469  0.289531           0.429873           0.482875        0.353846  0.172308   0.172308   0.872663
53      0.2                  0.22                  100                  0.10  {'h': 1.0, 'm': 0.5, 'l': 0.3, 'e': 0.0}  0.423453  0.514241  0.600000  0.327181  0.689474  0.710469  0.289531           0.429873           0.482875        0.193846  0.086154   0.086154   0.859408
54      0.2                  0.22                  100                  0.10  {'h': 0.5, 'm': 1.0, 'l': 0.0, 'e': 0.0}  0.423453  0.514241  0.600000  0.327181  0.689474  0.710469  0.289531           0.429873           0.482875        0.169231  0.036923   0.036923   0.851834
55      0.2                  0.22                  100                  0.10  {'h': 0.5, 'm': 1.0, 'l': 0.3, 'e': 0.0}  0.423453  0.514241  0.600000  0.327181  0.689474  0.710469  0.289531           0.429873           0.482875        0.203077  0.043077   0.043077   0.852781
56      0.2                  0.22                  100                  0.15  {'h': 1.0, 'm': 1.0, 'l': 1.0, 'e': 0.0}  0.423453  0.514241  0.600000  0.327181  0.689474  0.710469  0.289531           0.429873           0.482875        0.255385  0.046154   0.046154   0.853254
57      0.2                  0.22                  100                  0.15  {'h': 1.0, 'm': 1.0, 'l': 0.0, 'e': 0.0}  0.423453  0.514241  0.600000  0.327181  0.689474  0.710469  0.289531           0.429873           0.482875        0.212308  0.058462   0.058462   0.855148
58      0.2                  0.22                  100                  0.15  {'h': 1.0, 'm': 0.0, 'l': 0.0, 'e': 0.0}  0.423453  0.514241  0.600000  0.327181  0.689474  0.710469  0.289531           0.429873           0.482875        0.261538  0.101538   0.101538   0.861775
59      0.2                  0.22                  100                  0.15  {'h': 1.0, 'm': 0.5, 'l': 0.0, 'e': 0.0}  0.423453  0.514241  0.600000  0.327181  0.689474  0.710469  0.289531           0.429873           0.482875        0.206154  0.086154   0.086154   0.859408
60      0.2                  0.22                  100                  0.15  {'h': 1.0, 'm': 0.5, 'l': 0.3, 'e': 0.3}  0.423453  0.514241  0.600000  0.327181  0.689474  0.710469  0.289531           0.429873           0.482875        0.353846  0.172308   0.172308   0.872663
61      0.2                  0.22                  100                  0.15  {'h': 1.0, 'm': 0.5, 'l': 0.3, 'e': 0.0}  0.423453  0.514241  0.600000  0.327181  0.689474  0.710469  0.289531           0.429873           0.482875        0.193846  0.086154   0.086154   0.859408
62      0.2                  0.22                  100                  0.15  {'h': 0.5, 'm': 1.0, 'l': 0.0, 'e': 0.0}  0.423453  0.514241  0.600000  0.327181  0.689474  0.710469  0.289531           0.429873           0.482875        0.169231  0.036923   0.036923   0.851834
63      0.2                  0.22                  100                  0.15  {'h': 0.5, 'm': 1.0, 'l': 0.3, 'e': 0.0}  0.423453  0.514241  0.600000  0.327181  0.689474  0.710469  0.289531           0.429873           0.482875        0.203077  0.043077   0.043077   0.852781
64      0.2                  0.22                  100                  0.20  {'h': 1.0, 'm': 1.0, 'l': 1.0, 'e': 0.0}  0.423453  0.514241  0.600000  0.327181  0.689474  0.710469  0.289531           0.429873           0.482875        0.255385  0.046154   0.046154   0.853254
65      0.2                  0.22                  100                  0.20  {'h': 1.0, 'm': 1.0, 'l': 0.0, 'e': 0.0}  0.423453  0.514241  0.600000  0.327181  0.689474  0.710469  0.289531           0.429873           0.482875        0.212308  0.058462   0.058462   0.855148
66      0.2                  0.22                  100                  0.20  {'h': 1.0, 'm': 0.0, 'l': 0.0, 'e': 0.0}  0.423453  0.514241  0.600000  0.327181  0.689474  0.710469  0.289531           0.429873           0.482875        0.261538  0.101538   0.101538   0.861775
67      0.2                  0.22                  100                  0.20  {'h': 1.0, 'm': 0.5, 'l': 0.0, 'e': 0.0}  0.423453  0.514241  0.600000  0.327181  0.689474  0.710469  0.289531           0.429873           0.482875        0.206154  0.086154   0.086154   0.859408
68      0.2                  0.22                  100                  0.20  {'h': 1.0, 'm': 0.5, 'l': 0.3, 'e': 0.3}  0.423453  0.514241  0.600000  0.327181  0.689474  0.710469  0.289531           0.429873           0.482875        0.353846  0.172308   0.172308   0.872663
69      0.2                  0.22                  100                  0.20  {'h': 1.0, 'm': 0.5, 'l': 0.3, 'e': 0.0}  0.423453  0.514241  0.600000  0.327181  0.689474  0.710469  0.289531           0.429873           0.482875        0.193846  0.086154   0.086154   0.859408
70      0.2                  0.22                  100                  0.20  {'h': 0.5, 'm': 1.0, 'l': 0.0, 'e': 0.0}  0.423453  0.514241  0.600000  0.327181  0.689474  0.710469  0.289531           0.429873           0.482875        0.169231  0.036923   0.036923   0.851834
71      0.2                  0.22                  100                  0.20  {'h': 0.5, 'm': 1.0, 'l': 0.3, 'e': 0.0}  0.423453  0.514241  0.600000  0.327181  0.689474  0.710469  0.289531           0.429873           0.482875        0.203077  0.043077   0.043077   0.852781
72      0.2                  0.22                  100                  0.25  {'h': 1.0, 'm': 1.0, 'l': 1.0, 'e': 0.0}  0.423453  0.514241  0.600000  0.327181  0.689474  0.710469  0.289531           0.429873           0.482875        0.255385  0.046154   0.046154   0.853254
73      0.2                  0.22                  100                  0.25  {'h': 1.0, 'm': 1.0, 'l': 0.0, 'e': 0.0}  0.423453  0.514241  0.600000  0.327181  0.689474  0.710469  0.289531           0.429873           0.482875        0.212308  0.058462   0.058462   0.855148
74      0.2                  0.22                  100                  0.25  {'h': 1.0, 'm': 0.0, 'l': 0.0, 'e': 0.0}  0.423453  0.514241  0.600000  0.327181  0.689474  0.710469  0.289531           0.429873           0.482875        0.261538  0.101538   0.101538   0.861775
75      0.2                  0.22                  100                  0.25  {'h': 1.0, 'm': 0.5, 'l': 0.0, 'e': 0.0}  0.423453  0.514241  0.600000  0.327181  0.689474  0.710469  0.289531           0.429873           0.482875        0.206154  0.086154   0.086154   0.859408
77      0.2                  0.22                  100                  0.25  {'h': 1.0, 'm': 0.5, 'l': 0.3, 'e': 0.0}  0.423453  0.514241  0.600000  0.327181  0.689474  0.710469  0.289531           0.429873           0.482875        0.193846  0.086154   0.086154   0.859408
78      0.2                  0.22                  100                  0.25  {'h': 0.5, 'm': 1.0, 'l': 0.0, 'e': 0.0}  0.423453  0.514241  0.600000  0.327181  0.689474  0.710469  0.289531           0.429873           0.482875        0.169231  0.036923   0.036923   0.851834
79      0.2                  0.22                  100                  0.25  {'h': 0.5, 'm': 1.0, 'l': 0.3, 'e': 0.0}  0.423453  0.514241  0.600000  0.327181  0.689474  0.710469  0.289531           0.429873           0.482875        0.203077  0.043077   0.043077   0.852781
36      0.2                  0.22                   90                  0.25  {'h': 1.0, 'm': 0.5, 'l': 0.3, 'e': 0.3}  0.421842  0.515977  0.606154  0.323481  0.684211  0.702527  0.297473           0.429873           0.482875        0.353846  0.172308   0.172308   0.872663
0       0.2                  0.22                   90                  0.05  {'h': 1.0, 'm': 1.0, 'l': 1.0, 'e': 0.0}  0.421390  0.515707  0.606154  0.322951  0.683626  0.701805  0.298195           0.429873           0.482875        0.255385  0.046154   0.046154   0.853254
1       0.2                  0.22                   90                  0.05  {'h': 1.0, 'm': 1.0, 'l': 0.0, 'e': 0.0}  0.421390  0.515707  0.606154  0.322951  0.683626  0.701805  0.298195           0.429873           0.482875        0.212308  0.058462   0.058462   0.855148
2       0.2                  0.22                   90                  0.05  {'h': 1.0, 'm': 0.0, 'l': 0.0, 'e': 0.0}  0.421390  0.515707  0.606154  0.322951  0.683626  0.701805  0.298195           0.429873           0.482875        0.261538  0.101538   0.101538   0.861775
3       0.2                  0.22                   90                  0.05  {'h': 1.0, 'm': 0.5, 'l': 0.0, 'e': 0.0}  0.421390  0.515707  0.606154  0.322951  0.683626  0.701805  0.298195           0.429873           0.482875        0.206154  0.086154   0.086154   0.859408
4       0.2                  0.22                   90                  0.05  {'h': 1.0, 'm': 0.5, 'l': 0.3, 'e': 0.3}  0.421390  0.515707  0.606154  0.322951  0.683626  0.701805  0.298195           0.429873           0.482875        0.353846  0.172308   0.172308   0.872663
5       0.2                  0.22                   90                  0.05  {'h': 1.0, 'm': 0.5, 'l': 0.3, 'e': 0.0}  0.421390  0.515707  0.606154  0.322951  0.683626  0.701805  0.298195           0.429873           0.482875        0.193846  0.086154   0.086154   0.859408
6       0.2                  0.22                   90                  0.05  {'h': 0.5, 'm': 1.0, 'l': 0.0, 'e': 0.0}  0.421390  0.515707  0.606154  0.322951  0.683626  0.701805  0.298195           0.429873           0.482875        0.169231  0.036923   0.036923   0.851834
7       0.2                  0.22                   90                  0.05  {'h': 0.5, 'm': 1.0, 'l': 0.3, 'e': 0.0}  0.421390  0.515707  0.606154  0.322951  0.683626  0.701805  0.298195           0.429873           0.482875        0.203077  0.043077   0.043077   0.852781
8       0.2                  0.22                   90                  0.10  {'h': 1.0, 'm': 1.0, 'l': 1.0, 'e': 0.0}  0.421390  0.515707  0.606154  0.322951  0.683626  0.701805  0.298195           0.429873           0.482875        0.255385  0.046154   0.046154   0.853254
9       0.2                  0.22                   90                  0.10  {'h': 1.0, 'm': 1.0, 'l': 0.0, 'e': 0.0}  0.421390  0.515707  0.606154  0.322951  0.683626  0.701805  0.298195           0.429873           0.482875        0.212308  0.058462   0.058462   0.855148
10      0.2                  0.22                   90                  0.10  {'h': 1.0, 'm': 0.0, 'l': 0.0, 'e': 0.0}  0.421390  0.515707  0.606154  0.322951  0.683626  0.701805  0.298195           0.429873           0.482875        0.261538  0.101538   0.101538   0.861775
11      0.2                  0.22                   90                  0.10  {'h': 1.0, 'm': 0.5, 'l': 0.0, 'e': 0.0}  0.421390  0.515707  0.606154  0.322951  0.683626  0.701805  0.298195           0.429873           0.482875        0.206154  0.086154   0.086154   0.859408
12      0.2                  0.22                   90                  0.10  {'h': 1.0, 'm': 0.5, 'l': 0.3, 'e': 0.3}  0.421390  0.515707  0.606154  0.322951  0.683626  0.701805  0.298195           0.429873           0.482875        0.353846  0.172308   0.172308   0.872663
13      0.2                  0.22                   90                  0.10  {'h': 1.0, 'm': 0.5, 'l': 0.3, 'e': 0.0}  0.421390  0.515707  0.606154  0.322951  0.683626  0.701805  0.298195           0.429873           0.482875        0.193846  0.086154   0.086154   0.859408
14      0.2                  0.22                   90                  0.10  {'h': 0.5, 'm': 1.0, 'l': 0.0, 'e': 0.0}  0.421390  0.515707  0.606154  0.322951  0.683626  0.701805  0.298195           0.429873           0.482875        0.169231  0.036923   0.036923   0.851834
15      0.2                  0.22                   90                  0.10  {'h': 0.5, 'm': 1.0, 'l': 0.3, 'e': 0.0}  0.421390  0.515707  0.606154  0.322951  0.683626  0.701805  0.298195           0.429873           0.482875        0.203077  0.043077   0.043077   0.852781
16      0.2                  0.22                   90                  0.15  {'h': 1.0, 'm': 1.0, 'l': 1.0, 'e': 0.0}  0.421390  0.515707  0.606154  0.322951  0.683626  0.701805  0.298195           0.429873           0.482875        0.255385  0.046154   0.046154   0.853254
17      0.2                  0.22                   90                  0.15  {'h': 1.0, 'm': 1.0, 'l': 0.0, 'e': 0.0}  0.421390  0.515707  0.606154  0.322951  0.683626  0.701805  0.298195           0.429873           0.482875        0.212308  0.058462   0.058462   0.855148
18      0.2                  0.22                   90                  0.15  {'h': 1.0, 'm': 0.0, 'l': 0.0, 'e': 0.0}  0.421390  0.515707  0.606154  0.322951  0.683626  0.701805  0.298195           0.429873           0.482875        0.261538  0.101538   0.101538   0.861775
19      0.2                  0.22                   90                  0.15  {'h': 1.0, 'm': 0.5, 'l': 0.0, 'e': 0.0}  0.421390  0.515707  0.606154  0.322951  0.683626  0.701805  0.298195           0.429873           0.482875        0.206154  0.086154   0.086154   0.859408
20      0.2                  0.22                   90                  0.15  {'h': 1.0, 'm': 0.5, 'l': 0.3, 'e': 0.3}  0.421390  0.515707  0.606154  0.322951  0.683626  0.701805  0.298195           0.429873           0.482875        0.353846  0.172308   0.172308   0.872663
21      0.2                  0.22                   90                  0.15  {'h': 1.0, 'm': 0.5, 'l': 0.3, 'e': 0.0}  0.421390  0.515707  0.606154  0.322951  0.683626  0.701805  0.298195           0.429873           0.482875        0.193846  0.086154   0.086154   0.859408
22      0.2                  0.22                   90                  0.15  {'h': 0.5, 'm': 1.0, 'l': 0.0, 'e': 0.0}  0.421390  0.515707  0.606154  0.322951  0.683626  0.701805  0.298195           0.429873           0.482875        0.169231  0.036923   0.036923   0.851834
23      0.2                  0.22                   90                  0.15  {'h': 0.5, 'm': 1.0, 'l': 0.3, 'e': 0.0}  0.421390  0.515707  0.606154  0.322951  0.683626  0.701805  0.298195           0.429873           0.482875        0.203077  0.043077   0.043077   0.852781
24      0.2                  0.22                   90                  0.20  {'h': 1.0, 'm': 1.0, 'l': 1.0, 'e': 0.0}  0.421390  0.515707  0.606154  0.322951  0.683626  0.701805  0.298195           0.429873           0.482875        0.255385  0.046154   0.046154   0.853254
25      0.2                  0.22                   90                  0.20  {'h': 1.0, 'm': 1.0, 'l': 0.0, 'e': 0.0}  0.421390  0.515707  0.606154  0.322951  0.683626  0.701805  0.298195           0.429873           0.482875        0.212308  0.058462   0.058462   0.855148
26      0.2                  0.22                   90                  0.20  {'h': 1.0, 'm': 0.0, 'l': 0.0, 'e': 0.0}  0.421390  0.515707  0.606154  0.322951  0.683626  0.701805  0.298195           0.429873           0.482875        0.261538  0.101538   0.101538   0.861775
27      0.2                  0.22                   90                  0.20  {'h': 1.0, 'm': 0.5, 'l': 0.0, 'e': 0.0}  0.421390  0.515707  0.606154  0.322951  0.683626  0.701805  0.298195           0.429873           0.482875        0.206154  0.086154   0.086154   0.859408
28      0.2                  0.22                   90                  0.20  {'h': 1.0, 'm': 0.5, 'l': 0.3, 'e': 0.3}  0.421390  0.515707  0.606154  0.322951  0.683626  0.701805  0.298195           0.429873           0.482875        0.353846  0.172308   0.172308   0.872663
29      0.2                  0.22                   90                  0.20  {'h': 1.0, 'm': 0.5, 'l': 0.3, 'e': 0.0}  0.421390  0.515707  0.606154  0.322951  0.683626  0.701805  0.298195           0.429873           0.482875        0.193846  0.086154   0.086154   0.859408
30      0.2                  0.22                   90                  0.20  {'h': 0.5, 'm': 1.0, 'l': 0.0, 'e': 0.0}  0.421390  0.515707  0.606154  0.322951  0.683626  0.701805  0.298195           0.429873           0.482875        0.169231  0.036923   0.036923   0.851834
31      0.2                  0.22                   90                  0.20  {'h': 0.5, 'm': 1.0, 'l': 0.3, 'e': 0.0}  0.421390  0.515707  0.606154  0.322951  0.683626  0.701805  0.298195           0.429873           0.482875        0.203077  0.043077   0.043077   0.852781
32      0.2                  0.22                   90                  0.25  {'h': 1.0, 'm': 1.0, 'l': 1.0, 'e': 0.0}  0.421390  0.515707  0.606154  0.322951  0.683626  0.701805  0.298195           0.429873           0.482875        0.255385  0.046154   0.046154   0.853254
33      0.2                  0.22                   90                  0.25  {'h': 1.0, 'm': 1.0, 'l': 0.0, 'e': 0.0}  0.421390  0.515707  0.606154  0.322951  0.683626  0.701805  0.298195           0.429873           0.482875        0.212308  0.058462   0.058462   0.855148
34      0.2                  0.22                   90                  0.25  {'h': 1.0, 'm': 0.0, 'l': 0.0, 'e': 0.0}  0.421390  0.515707  0.606154  0.322951  0.683626  0.701805  0.298195           0.429873           0.482875        0.261538  0.101538   0.101538   0.861775
35      0.2                  0.22                   90                  0.25  {'h': 1.0, 'm': 0.5, 'l': 0.0, 'e': 0.0}  0.421390  0.515707  0.606154  0.322951  0.683626  0.701805  0.298195           0.429873           0.482875        0.206154  0.086154   0.086154   0.859408
37      0.2                  0.22                   90                  0.25  {'h': 1.0, 'm': 0.5, 'l': 0.3, 'e': 0.0}  0.421390  0.515707  0.606154  0.322951  0.683626  0.701805  0.298195           0.429873           0.482875        0.193846  0.086154   0.086154   0.859408
38      0.2                  0.22                   90                  0.25  {'h': 0.5, 'm': 1.0, 'l': 0.0, 'e': 0.0}  0.421390  0.515707  0.606154  0.322951  0.683626  0.701805  0.298195           0.429873           0.482875        0.169231  0.036923   0.036923   0.851834
39      0.2                  0.22                   90                  0.25  {'h': 0.5, 'm': 1.0, 'l': 0.3, 'e': 0.0}  0.421390  0.515707  0.606154  0.322951  0.683626  0.701805  0.298195           0.429873           0.482875        0.203077  0.043077   0.043077   0.852781
116     0.2                  0.22                  105                  0.25  {'h': 1.0, 'm': 0.5, 'l': 0.3, 'e': 0.3}  0.420131  0.508205  0.590769  0.325976  0.690058  0.713357  0.286643           0.429873           0.482875        0.353846  0.172308   0.172308   0.872663
80      0.2                  0.22                  105                  0.05  {'h': 1.0, 'm': 1.0, 'l': 1.0, 'e': 0.0}  0.419672  0.507937  0.590769  0.325424  0.689474  0.712635  0.287365           0.429873           0.482875        0.255385  0.046154   0.046154   0.853254
81      0.2                  0.22                  105                  0.05  {'h': 1.0, 'm': 1.0, 'l': 0.0, 'e': 0.0}  0.419672  0.507937  0.590769  0.325424  0.689474  0.712635  0.287365           0.429873           0.482875        0.212308  0.058462   0.058462   0.855148
82      0.2                  0.22                  105                  0.05  {'h': 1.0, 'm': 0.0, 'l': 0.0, 'e': 0.0}  0.419672  0.507937  0.590769  0.325424  0.689474  0.712635  0.287365           0.429873           0.482875        0.261538  0.101538   0.101538   0.861775
83      0.2                  0.22                  105                  0.05  {'h': 1.0, 'm': 0.5, 'l': 0.0, 'e': 0.0}  0.419672  0.507937  0.590769  0.325424  0.689474  0.712635  0.287365           0.429873           0.482875        0.206154  0.086154   0.086154   0.859408
84      0.2                  0.22                  105                  0.05  {'h': 1.0, 'm': 0.5, 'l': 0.3, 'e': 0.3}  0.419672  0.507937  0.590769  0.325424  0.689474  0.712635  0.287365           0.429873           0.482875        0.353846  0.172308   0.172308   0.872663
85      0.2                  0.22                  105                  0.05  {'h': 1.0, 'm': 0.5, 'l': 0.3, 'e': 0.0}  0.419672  0.507937  0.590769  0.325424  0.689474  0.712635  0.287365           0.429873           0.482875        0.193846  0.086154   0.086154   0.859408
86      0.2                  0.22                  105                  0.05  {'h': 0.5, 'm': 1.0, 'l': 0.0, 'e': 0.0}  0.419672  0.507937  0.590769  0.325424  0.689474  0.712635  0.287365           0.429873           0.482875        0.169231  0.036923   0.036923   0.851834
87      0.2                  0.22                  105                  0.05  {'h': 0.5, 'm': 1.0, 'l': 0.3, 'e': 0.0}  0.419672  0.507937  0.590769  0.325424  0.689474  0.712635  0.287365           0.429873           0.482875        0.203077  0.043077   0.043077   0.852781
88      0.2                  0.22                  105                  0.10  {'h': 1.0, 'm': 1.0, 'l': 1.0, 'e': 0.0}  0.419672  0.507937  0.590769  0.325424  0.689474  0.712635  0.287365           0.429873           0.482875        0.255385  0.046154   0.046154   0.853254
89      0.2                  0.22                  105                  0.10  {'h': 1.0, 'm': 1.0, 'l': 0.0, 'e': 0.0}  0.419672  0.507937  0.590769  0.325424  0.689474  0.712635  0.287365           0.429873           0.482875        0.212308  0.058462   0.058462   0.855148
90      0.2                  0.22                  105                  0.10  {'h': 1.0, 'm': 0.0, 'l': 0.0, 'e': 0.0}  0.419672  0.507937  0.590769  0.325424  0.689474  0.712635  0.287365           0.429873           0.482875        0.261538  0.101538   0.101538   0.861775
91      0.2                  0.22                  105                  0.10  {'h': 1.0, 'm': 0.5, 'l': 0.0, 'e': 0.0}  0.419672  0.507937  0.590769  0.325424  0.689474  0.712635  0.287365           0.429873           0.482875        0.206154  0.086154   0.086154   0.859408
92      0.2                  0.22                  105                  0.10  {'h': 1.0, 'm': 0.5, 'l': 0.3, 'e': 0.3}  0.419672  0.507937  0.590769  0.325424  0.689474  0.712635  0.287365           0.429873           0.482875        0.353846  0.172308   0.172308   0.872663
93      0.2                  0.22                  105                  0.10  {'h': 1.0, 'm': 0.5, 'l': 0.3, 'e': 0.0}  0.419672  0.507937  0.590769  0.325424  0.689474  0.712635  0.287365           0.429873           0.482875        0.193846  0.086154   0.086154   0.859408
94      0.2                  0.22                  105                  0.10  {'h': 0.5, 'm': 1.0, 'l': 0.0, 'e': 0.0}  0.419672  0.507937  0.590769  0.325424  0.689474  0.712635  0.287365           0.429873           0.482875        0.169231  0.036923   0.036923   0.851834
95      0.2                  0.22                  105                  0.10  {'h': 0.5, 'm': 1.0, 'l': 0.3, 'e': 0.0}  0.419672  0.507937  0.590769  0.325424  0.689474  0.712635  0.287365           0.429873           0.482875        0.203077  0.043077   0.043077   0.852781
96      0.2                  0.22                  105                  0.15  {'h': 1.0, 'm': 1.0, 'l': 1.0, 'e': 0.0}  0.419672  0.507937  0.590769  0.325424  0.689474  0.712635  0.287365           0.429873           0.482875        0.255385  0.046154   0.046154   0.853254
97      0.2                  0.22                  105                  0.15  {'h': 1.0, 'm': 1.0, 'l': 0.0, 'e': 0.0}  0.419672  0.507937  0.590769  0.325424  0.689474  0.712635  0.287365           0.429873           0.482875        0.212308  0.058462   0.058462   0.855148
98      0.2                  0.22                  105                  0.15  {'h': 1.0, 'm': 0.0, 'l': 0.0, 'e': 0.0}  0.419672  0.507937  0.590769  0.325424  0.689474  0.712635  0.287365           0.429873           0.482875        0.261538  0.101538   0.101538   0.861775
99      0.2                  0.22                  105                  0.15  {'h': 1.0, 'm': 0.5, 'l': 0.0, 'e': 0.0}  0.419672  0.507937  0.590769  0.325424  0.689474  0.712635  0.287365           0.429873           0.482875        0.206154  0.086154   0.086154   0.859408
100     0.2                  0.22                  105                  0.15  {'h': 1.0, 'm': 0.5, 'l': 0.3, 'e': 0.3}  0.419672  0.507937  0.590769  0.325424  0.689474  0.712635  0.287365           0.429873           0.482875        0.353846  0.172308   0.172308   0.872663
101     0.2                  0.22                  105                  0.15  {'h': 1.0, 'm': 0.5, 'l': 0.3, 'e': 0.0}  0.419672  0.507937  0.590769  0.325424  0.689474  0.712635  0.287365           0.429873           0.482875        0.193846  0.086154   0.086154   0.859408
102     0.2                  0.22                  105                  0.15  {'h': 0.5, 'm': 1.0, 'l': 0.0, 'e': 0.0}  0.419672  0.507937  0.590769  0.325424  0.689474  0.712635  0.287365           0.429873           0.482875        0.169231  0.036923   0.036923   0.851834
103     0.2                  0.22                  105                  0.15  {'h': 0.5, 'm': 1.0, 'l': 0.3, 'e': 0.0}  0.419672  0.507937  0.590769  0.325424  0.689474  0.712635  0.287365           0.429873           0.482875        0.203077  0.043077   0.043077   0.852781
104     0.2                  0.22                  105                  0.20  {'h': 1.0, 'm': 1.0, 'l': 1.0, 'e': 0.0}  0.419672  0.507937  0.590769  0.325424  0.689474  0.712635  0.287365           0.429873           0.482875        0.255385  0.046154   0.046154   0.853254
105     0.2                  0.22                  105                  0.20  {'h': 1.0, 'm': 1.0, 'l': 0.0, 'e': 0.0}  0.419672  0.507937  0.590769  0.325424  0.689474  0.712635  0.287365           0.429873           0.482875        0.212308  0.058462   0.058462   0.855148
106     0.2                  0.22                  105                  0.20  {'h': 1.0, 'm': 0.0, 'l': 0.0, 'e': 0.0}  0.419672  0.507937  0.590769  0.325424  0.689474  0.712635  0.287365           0.429873           0.482875        0.261538  0.101538   0.101538   0.861775
107     0.2                  0.22                  105                  0.20  {'h': 1.0, 'm': 0.5, 'l': 0.0, 'e': 0.0}  0.419672  0.507937  0.590769  0.325424  0.689474  0.712635  0.287365           0.429873           0.482875        0.206154  0.086154   0.086154   0.859408
108     0.2                  0.22                  105                  0.20  {'h': 1.0, 'm': 0.5, 'l': 0.3, 'e': 0.3}  0.419672  0.507937  0.590769  0.325424  0.689474  0.712635  0.287365           0.429873           0.482875        0.353846  0.172308   0.172308   0.872663
109     0.2                  0.22                  105                  0.20  {'h': 1.0, 'm': 0.5, 'l': 0.3, 'e': 0.0}  0.419672  0.507937  0.590769  0.325424  0.689474  0.712635  0.287365           0.429873           0.482875        0.193846  0.086154   0.086154   0.859408
110     0.2                  0.22                  105                  0.20  {'h': 0.5, 'm': 1.0, 'l': 0.0, 'e': 0.0}  0.419672  0.507937  0.590769  0.325424  0.689474  0.712635  0.287365           0.429873           0.482875        0.169231  0.036923   0.036923   0.851834
111     0.2                  0.22                  105                  0.20  {'h': 0.5, 'm': 1.0, 'l': 0.3, 'e': 0.0}  0.419672  0.507937  0.590769  0.325424  0.689474  0.712635  0.287365           0.429873           0.482875        0.203077  0.043077   0.043077   0.852781
112     0.2                  0.22                  105                  0.25  {'h': 1.0, 'm': 1.0, 'l': 1.0, 'e': 0.0}  0.419672  0.507937  0.590769  0.325424  0.689474  0.712635  0.287365           0.429873           0.482875        0.255385  0.046154   0.046154   0.853254
113     0.2                  0.22                  105                  0.25  {'h': 1.0, 'm': 1.0, 'l': 0.0, 'e': 0.0}  0.419672  0.507937  0.590769  0.325424  0.689474  0.712635  0.287365           0.429873           0.482875        0.212308  0.058462   0.058462   0.855148
114     0.2                  0.22                  105                  0.25  {'h': 1.0, 'm': 0.0, 'l': 0.0, 'e': 0.0}  0.419672  0.507937  0.590769  0.325424  0.689474  0.712635  0.287365           0.429873           0.482875        0.261538  0.101538   0.101538   0.861775
115     0.2                  0.22                  105                  0.25  {'h': 1.0, 'm': 0.5, 'l': 0.0, 'e': 0.0}  0.419672  0.507937  0.590769  0.325424  0.689474  0.712635  0.287365           0.429873           0.482875        0.206154  0.086154   0.086154   0.859408
117     0.2                  0.22                  105                  0.25  {'h': 1.0, 'm': 0.5, 'l': 0.3, 'e': 0.0}  0.419672  0.507937  0.590769  0.325424  0.689474  0.712635  0.287365           0.429873           0.482875        0.193846  0.086154   0.086154   0.859408
118     0.2                  0.22                  105                  0.25  {'h': 0.5, 'm': 1.0, 'l': 0.0, 'e': 0.0}  0.419672  0.507937  0.590769  0.325424  0.689474  0.712635  0.287365           0.429873           0.482875        0.169231  0.036923   0.036923   0.851834
119     0.2                  0.22                  105                  0.25  {'h': 0.5, 'm': 1.0, 'l': 0.3, 'e': 0.0}  0.419672  0.507937  0.590769  0.325424  0.689474  0.712635  0.287365           0.429873           0.482875        0.203077  0.043077   0.043077   0.852781
156     0.2                  0.22                  110                  0.25  {'h': 1.0, 'm': 0.5, 'l': 0.3, 'e': 0.3}  0.415929  0.500266  0.578462  0.324698  0.691228  0.717690  0.282310           0.429873           0.482875        0.353846  0.172308   0.172308   0.872663
120     0.2                  0.22                  110                  0.05  {'h': 1.0, 'm': 1.0, 'l': 1.0, 'e': 0.0}  0.415470  0.500000  0.578462  0.324138  0.690643  0.716968  0.283032           0.429873           0.482875        0.255385  0.046154   0.046154   0.853254
121     0.2                  0.22                  110                  0.05  {'h': 1.0, 'm': 1.0, 'l': 0.0, 'e': 0.0}  0.415470  0.500000  0.578462  0.324138  0.690643  0.716968  0.283032           0.429873           0.482875        0.212308  0.058462   0.058462   0.855148
122     0.2                  0.22                  110                  0.05  {'h': 1.0, 'm': 0.0, 'l': 0.0, 'e': 0.0}  0.415470  0.500000  0.578462  0.324138  0.690643  0.716968  0.283032           0.429873           0.482875        0.261538  0.101538   0.101538   0.861775
123     0.2                  0.22                  110                  0.05  {'h': 1.0, 'm': 0.5, 'l': 0.0, 'e': 0.0}  0.415470  0.500000  0.578462  0.324138  0.690643  0.716968  0.283032           0.429873           0.482875        0.206154  0.086154   0.086154   0.859408
124     0.2                  0.22                  110                  0.05  {'h': 1.0, 'm': 0.5, 'l': 0.3, 'e': 0.3}  0.415470  0.500000  0.578462  0.324138  0.690643  0.716968  0.283032           0.429873           0.482875        0.353846  0.172308   0.172308   0.872663
125     0.2                  0.22                  110                  0.05  {'h': 1.0, 'm': 0.5, 'l': 0.3, 'e': 0.0}  0.415470  0.500000  0.578462  0.324138  0.690643  0.716968  0.283032           0.429873           0.482875        0.193846  0.086154   0.086154   0.859408
126     0.2                  0.22                  110                  0.05  {'h': 0.5, 'm': 1.0, 'l': 0.0, 'e': 0.0}  0.415470  0.500000  0.578462  0.324138  0.690643  0.716968  0.283032           0.429873           0.482875        0.169231  0.036923   0.036923   0.851834
127     0.2                  0.22                  110                  0.05  {'h': 0.5, 'm': 1.0, 'l': 0.3, 'e': 0.0}  0.415470  0.500000  0.578462  0.324138  0.690643  0.716968  0.283032           0.429873           0.482875        0.203077  0.043077   0.043077   0.852781
128     0.2                  0.22                  110                  0.10  {'h': 1.0, 'm': 1.0, 'l': 1.0, 'e': 0.0}  0.415470  0.500000  0.578462  0.324138  0.690643  0.716968  0.283032           0.429873           0.482875        0.255385  0.046154   0.046154   0.853254
129     0.2                  0.22                  110                  0.10  {'h': 1.0, 'm': 1.0, 'l': 0.0, 'e': 0.0}  0.415470  0.500000  0.578462  0.324138  0.690643  0.716968  0.283032           0.429873           0.482875        0.212308  0.058462   0.058462   0.855148
130     0.2                  0.22                  110                  0.10  {'h': 1.0, 'm': 0.0, 'l': 0.0, 'e': 0.0}  0.415470  0.500000  0.578462  0.324138  0.690643  0.716968  0.283032           0.429873           0.482875        0.261538  0.101538   0.101538   0.861775
131     0.2                  0.22                  110                  0.10  {'h': 1.0, 'm': 0.5, 'l': 0.0, 'e': 0.0}  0.415470  0.500000  0.578462  0.324138  0.690643  0.716968  0.283032           0.429873           0.482875        0.206154  0.086154   0.086154   0.859408
132     0.2                  0.22                  110                  0.10  {'h': 1.0, 'm': 0.5, 'l': 0.3, 'e': 0.3}  0.415470  0.500000  0.578462  0.324138  0.690643  0.716968  0.283032           0.429873           0.482875        0.353846  0.172308   0.172308   0.872663
133     0.2                  0.22                  110                  0.10  {'h': 1.0, 'm': 0.5, 'l': 0.3, 'e': 0.0}  0.415470  0.500000  0.578462  0.324138  0.690643  0.716968  0.283032           0.429873           0.482875        0.193846  0.086154   0.086154   0.859408
134     0.2                  0.22                  110                  0.10  {'h': 0.5, 'm': 1.0, 'l': 0.0, 'e': 0.0}  0.415470  0.500000  0.578462  0.324138  0.690643  0.716968  0.283032           0.429873           0.482875        0.169231  0.036923   0.036923   0.851834
135     0.2                  0.22                  110                  0.10  {'h': 0.5, 'm': 1.0, 'l': 0.3, 'e': 0.0}  0.415470  0.500000  0.578462  0.324138  0.690643  0.716968  0.283032           0.429873           0.482875        0.203077  0.043077   0.043077   0.852781
136     0.2                  0.22                  110                  0.15  {'h': 1.0, 'm': 1.0, 'l': 1.0, 'e': 0.0}  0.415470  0.500000  0.578462  0.324138  0.690643  0.716968  0.283032           0.429873           0.482875        0.255385  0.046154   0.046154   0.853254
137     0.2                  0.22                  110                  0.15  {'h': 1.0, 'm': 1.0, 'l': 0.0, 'e': 0.0}  0.415470  0.500000  0.578462  0.324138  0.690643  0.716968  0.283032           0.429873           0.482875        0.212308  0.058462   0.058462   0.855148
138     0.2                  0.22                  110                  0.15  {'h': 1.0, 'm': 0.0, 'l': 0.0, 'e': 0.0}  0.415470  0.500000  0.578462  0.324138  0.690643  0.716968  0.283032           0.429873           0.482875        0.261538  0.101538   0.101538   0.861775
139     0.2                  0.22                  110                  0.15  {'h': 1.0, 'm': 0.5, 'l': 0.0, 'e': 0.0}  0.415470  0.500000  0.578462  0.324138  0.690643  0.716968  0.283032           0.429873           0.482875        0.206154  0.086154   0.086154   0.859408
140     0.2                  0.22                  110                  0.15  {'h': 1.0, 'm': 0.5, 'l': 0.3, 'e': 0.3}  0.415470  0.500000  0.578462  0.324138  0.690643  0.716968  0.283032           0.429873           0.482875        0.353846  0.172308   0.172308   0.872663
141     0.2                  0.22                  110                  0.15  {'h': 1.0, 'm': 0.5, 'l': 0.3, 'e': 0.0}  0.415470  0.500000  0.578462  0.324138  0.690643  0.716968  0.283032           0.429873           0.482875        0.193846  0.086154   0.086154   0.859408
142     0.2                  0.22                  110                  0.15  {'h': 0.5, 'm': 1.0, 'l': 0.0, 'e': 0.0}  0.415470  0.500000  0.578462  0.324138  0.690643  0.716968  0.283032           0.429873           0.482875        0.169231  0.036923   0.036923   0.851834
143     0.2                  0.22                  110                  0.15  {'h': 0.5, 'm': 1.0, 'l': 0.3, 'e': 0.0}  0.415470  0.500000  0.578462  0.324138  0.690643  0.716968  0.283032           0.429873           0.482875        0.203077  0.043077   0.043077   0.852781
144     0.2                  0.22                  110                  0.20  {'h': 1.0, 'm': 1.0, 'l': 1.0, 'e': 0.0}  0.415470  0.500000  0.578462  0.324138  0.690643  0.716968  0.283032           0.429873           0.482875        0.255385  0.046154   0.046154   0.853254
145     0.2                  0.22                  110                  0.20  {'h': 1.0, 'm': 1.0, 'l': 0.0, 'e': 0.0}  0.415470  0.500000  0.578462  0.324138  0.690643  0.716968  0.283032           0.429873           0.482875        0.212308  0.058462   0.058462   0.855148
146     0.2                  0.22                  110                  0.20  {'h': 1.0, 'm': 0.0, 'l': 0.0, 'e': 0.0}  0.415470  0.500000  0.578462  0.324138  0.690643  0.716968  0.283032           0.429873           0.482875        0.261538  0.101538   0.101538   0.861775
147     0.2                  0.22                  110                  0.20  {'h': 1.0, 'm': 0.5, 'l': 0.0, 'e': 0.0}  0.415470  0.500000  0.578462  0.324138  0.690643  0.716968  0.283032           0.429873           0.482875        0.206154  0.086154   0.086154   0.859408
148     0.2                  0.22                  110                  0.20  {'h': 1.0, 'm': 0.5, 'l': 0.3, 'e': 0.3}  0.415470  0.500000  0.578462  0.324138  0.690643  0.716968  0.283032           0.429873           0.482875        0.353846  0.172308   0.172308   0.872663

Full result output for the best combination:
                 #Examples   TP   FP   TN   FN       ACC       FNR       TNR       FPR       TPR      Prec        F1        F2  AVG # affected
Component                                                                                                                                     
no_failure            1385    0  401  984    0  0.710469       NaN  0.710469  0.289531       NaN  0.000000       NaN       NaN      111.123466
txt15_i1                 5    5    0    0    0  1.000000  0.000000       NaN       NaN  1.000000  1.000000  1.000000  1.000000      468.600000
txt15_i3                 5    1    0    0    4  0.200000  0.800000       NaN       NaN  0.200000  1.000000  0.333333  0.238095      118.400000
txt15_conveyor           3    3    0    0    0  1.000000  0.000000       NaN       NaN  1.000000  1.000000  1.000000  1.000000      411.666667
txt15_m1               160  108    0    0   52  0.675000  0.325000       NaN       NaN  0.675000  1.000000  0.805970  0.721925      270.968750
txt15_pl                 9    3    0    0    6  0.333333  0.666667       NaN       NaN  0.333333  1.000000  0.500000  0.384615       58.333333
txt16_i3                 4    0    0    0    4  0.000000  1.000000       NaN       NaN  0.000000       NaN       NaN       NaN        3.500000
txt16_conveyor           8    0    0    0    8  0.000000  1.000000       NaN       NaN  0.000000       NaN       NaN       NaN        2.875000
txt16_m3                65   39    0    0   26  0.600000  0.400000       NaN       NaN  0.600000  1.000000  0.750000  0.652174      232.753846
txt16_turntable          2    0    0    0    2  0.000000  1.000000       NaN       NaN  0.000000       NaN       NaN       NaN       21.500000
txt17_i1                16   12    0    0    4  0.750000  0.250000       NaN       NaN  0.750000  1.000000  0.857143  0.789474      287.875000
txt17_pl                14    9    0    0    5  0.642857  0.357143       NaN       NaN  0.642857  1.000000  0.782609  0.692308      241.571429
txt18_pl                28   12    0    0   16  0.428571  0.571429       NaN       NaN  0.428571  1.000000  0.600000  0.483871      167.000000
txt19_i4                 6    3    0    0    3  0.500000  0.500000       NaN       NaN  0.500000  1.000000  0.666667  0.555556       92.166667
combined              1710  195  401  984  130  0.689474  0.400000  0.710469  0.289531  0.600000  0.327181  0.423453  0.514241      134.726316

                 #Examples   TP   FP   TN   FN       ACC       FNR       TNR       FPR       TPR      Prec        F1        F2  AVG # affected
Component                                                                                                                                     
no_failure            1385    0  400  985    0  0.711191       NaN  0.711191  0.288809       NaN  0.000000       NaN       NaN      111.123466
txt15_i1                 5    5    0    0    0  1.000000  0.000000       NaN       NaN  1.000000  1.000000  1.000000  1.000000      468.600000
txt15_i3                 5    1    0    0    4  0.200000  0.800000       NaN       NaN  0.200000  1.000000  0.333333  0.238095      118.400000
txt15_conveyor           3    3    0    0    0  1.000000  0.000000       NaN       NaN  1.000000  1.000000  1.000000  1.000000      411.666667
txt15_m1               160  108    0    0   52  0.675000  0.325000       NaN       NaN  0.675000  1.000000  0.805970  0.721925      270.968750
txt15_pl                 9    3    0    0    6  0.333333  0.666667       NaN       NaN  0.333333  1.000000  0.500000  0.384615       58.333333
txt16_i3                 4    0    0    0    4  0.000000  1.000000       NaN       NaN  0.000000       NaN       NaN       NaN        3.500000
txt16_conveyor           8    0    0    0    8  0.000000  1.000000       NaN       NaN  0.000000       NaN       NaN       NaN        2.875000
txt16_m3                65   39    0    0   26  0.600000  0.400000       NaN       NaN  0.600000  1.000000  0.750000  0.652174      232.753846
txt16_turntable          2    0    0    0    2  0.000000  1.000000       NaN       NaN  0.000000       NaN       NaN       NaN       21.500000
txt17_i1                16   12    0    0    4  0.750000  0.250000       NaN       NaN  0.750000  1.000000  0.857143  0.789474      287.875000
txt17_pl                14    9    0    0    5  0.642857  0.357143       NaN       NaN  0.642857  1.000000  0.782609  0.692308      241.571429
txt18_pl                28   12    0    0   16  0.428571  0.571429       NaN       NaN  0.428571  1.000000  0.600000  0.483871      167.000000
txt19_i4                 6    3    0    0    3  0.500000  0.500000       NaN       NaN  0.500000  1.000000  0.666667  0.555556       92.166667
combined              1710  195  400  985  130  0.690058  0.400000  0.711191  0.288809  0.600000  0.327731  0.423913  0.514512      134.726316

Execution time: 265104.92810566304
