
Dataset loaded:
Shape of training set (example, time, channels): (20812, 500, 61)
Shape of test set (example, time, channels): (3989, 500, 61)
Shape of train validation set (example, time, channels): (2313, 500, 61)
Shape of test validation set (example, time, channels): (1710, 500, 61)
Num of classes in all: 25

Creating model based on ../configuration/hyperparameter_combinations/selected/selected_4.json hyperparameter file 

Adding feature wise convolutions with 32 filters per feature, 3 kernels and 1 strides ...
Adding feature wise convolutions with 1 filters per feature, 3 kernels and 1 strides ...
Adding feature based graph attention layer ...
Adding time based graph attention layer ...
Adding GRU layer with 256 units ...
Adding GRU layer with 61 units ...
Adding GRU layer to forecasting model with 256 units ...
Adding VAE as reconstruction model with dimensions 3072 & 1536 and ...
The RBM reconstructs the output of the gru layer.

Epoch 0
	Step 0: mean loss = 1.3112
	Step 50: mean loss = 0.5094
	Step 100: mean loss = 0.3396
	Step 150: mean loss = 0.2689

	Loss on validation set after epoch 0: 0.1156

Epoch 1
	Step 0: mean loss = 0.1158
	Step 50: mean loss = 0.1104
	Step 100: mean loss = 0.1065
	Step 150: mean loss = 0.1031

	Loss on validation set after epoch 1: 0.0926

Epoch 2
	Step 0: mean loss = 0.0944
	Step 50: mean loss = 0.0904
	Step 100: mean loss = 0.0887
	Step 150: mean loss = 0.0867

	Loss on validation set after epoch 2: 0.0803

Epoch 3
	Step 0: mean loss = 0.0771
	Step 50: mean loss = 0.0785
	Step 100: mean loss = 0.0773
	Step 150: mean loss = 0.0764

	Loss on validation set after epoch 3: 0.0727

Epoch 4
	Step 0: mean loss = 0.0696
	Step 50: mean loss = 0.0715
	Step 100: mean loss = 0.0708
	Step 150: mean loss = 0.0701

	Loss on validation set after epoch 4: 0.0666

Epoch 5
	Step 0: mean loss = 0.0669
	Step 50: mean loss = 0.0669
	Step 100: mean loss = 0.0665
	Step 150: mean loss = 0.0661

	Loss on validation set after epoch 5: 0.0642

Epoch 6
	Step 0: mean loss = 0.0674
	Step 50: mean loss = 0.0640
	Step 100: mean loss = 0.0638
	Step 150: mean loss = 0.0635

	Loss on validation set after epoch 6: 0.0625

Epoch 7
	Step 0: mean loss = 0.0621
	Step 50: mean loss = 0.0619
	Step 100: mean loss = 0.0618
	Step 150: mean loss = 0.0616

	Loss on validation set after epoch 7: 0.0600

Epoch 8
	Step 0: mean loss = 0.0600
	Step 50: mean loss = 0.0598
	Step 100: mean loss = 0.0596
	Step 150: mean loss = 0.0593

	Loss on validation set after epoch 8: 0.0593

Epoch 9
	Step 0: mean loss = 0.0585
	Step 50: mean loss = 0.0579
	Step 100: mean loss = 0.0579
	Step 150: mean loss = 0.0577

	Loss on validation set after epoch 9: 0.0570

Epoch 10
	Step 0: mean loss = 0.0601
	Step 50: mean loss = 0.0604
	Step 100: mean loss = 0.0592
	Step 150: mean loss = 0.0585

	Loss on validation set after epoch 10: 0.0562

Epoch 11
	Step 0: mean loss = 0.0575
	Step 50: mean loss = 0.0560
	Step 100: mean loss = 0.0559
	Step 150: mean loss = 0.0560

	Loss on validation set after epoch 11: 0.0552

Epoch 12
	Step 0: mean loss = 0.0552
	Step 50: mean loss = 0.0547
	Step 100: mean loss = 0.0544
	Step 150: mean loss = 0.0542

	Loss on validation set after epoch 12: 0.0534

Epoch 13
	Step 0: mean loss = 0.0481
	Step 50: mean loss = 0.0529
	Step 100: mean loss = 0.0528
	Step 150: mean loss = 0.0525

	Loss on validation set after epoch 13: 0.0519

Epoch 14
	Step 0: mean loss = 0.0533
	Step 50: mean loss = 0.0512
	Step 100: mean loss = 0.0513
	Step 150: mean loss = 0.0512

	Loss on validation set after epoch 14: 0.0495

Epoch 15
	Step 0: mean loss = 0.0517
	Step 50: mean loss = 0.0495
	Step 100: mean loss = 0.0495
	Step 150: mean loss = 0.0498

	Loss on validation set after epoch 15: 0.0494

Epoch 16
	Step 0: mean loss = 0.0499
	Step 50: mean loss = 0.0486
	Step 100: mean loss = 0.0486
	Step 150: mean loss = 0.0484

	Loss on validation set after epoch 16: 0.0493

Epoch 17
	Step 0: mean loss = 0.0509
	Step 50: mean loss = 0.0481
	Step 100: mean loss = 0.0479
	Step 150: mean loss = 0.0477

	Loss on validation set after epoch 17: 0.0477

Epoch 18
	Step 0: mean loss = 0.0456
	Step 50: mean loss = 0.0474
	Step 100: mean loss = 0.0472
	Step 150: mean loss = 0.0471

	Loss on validation set after epoch 18: 0.0482

Epoch 19
	Step 0: mean loss = 0.0500
	Step 50: mean loss = 0.0464
	Step 100: mean loss = 0.0464
	Step 150: mean loss = 0.0463

	Loss on validation set after epoch 19: 0.0462

Epoch 20
	Step 0: mean loss = 0.0467
	Step 50: mean loss = 0.0455
	Step 100: mean loss = 0.0457
	Step 150: mean loss = 0.0461

	Loss on validation set after epoch 20: 0.0463

Epoch 21
	Step 0: mean loss = 0.0460
	Step 50: mean loss = 0.0450
	Step 100: mean loss = 0.0452
	Step 150: mean loss = 0.0451

	Loss on validation set after epoch 21: 0.0441

Epoch 22
	Step 0: mean loss = 0.0442
	Step 50: mean loss = 0.0442
	Step 100: mean loss = 2.5703
	Step 150: mean loss = 1.7592

	Loss on validation set after epoch 22: 0.0792

Epoch 23
	Step 0: mean loss = 0.0808
	Step 50: mean loss = 0.0752
	Step 100: mean loss = 0.0732
	Step 150: mean loss = 0.0715

	Loss on validation set after epoch 23: 0.0658

Epoch 24
	Step 0: mean loss = 0.0672
	Step 50: mean loss = 0.0655
	Step 100: mean loss = 0.0648
	Step 150: mean loss = 0.0641

	Loss on validation set after epoch 24: 0.0620

Epoch 25
	Step 0: mean loss = 0.0615
	Step 50: mean loss = 0.0613
	Step 100: mean loss = 0.0612
	Step 150: mean loss = 0.0608

	Loss on validation set after epoch 25: 0.0596

Epoch 26
	Step 0: mean loss = 0.0562
	Step 50: mean loss = 0.0588
	Step 100: mean loss = 0.0587
	Step 150: mean loss = 0.0585

	Loss on validation set after epoch 26: 0.0576

Epoch 27
	Step 0: mean loss = 0.0618
	Step 50: mean loss = 0.0570
	Step 100: mean loss = 0.0569
	Step 150: mean loss = 0.0567

	Loss on validation set after epoch 27: 0.0563

Epoch 28
	Step 0: mean loss = 0.0580
	Step 50: mean loss = 0.0551
	Step 100: mean loss = 0.0552
	Step 150: mean loss = 0.0550

	Loss on validation set after epoch 28: 0.0549

Epoch 29
	Step 0: mean loss = 0.0550
	Step 50: mean loss = 0.0536
	Step 100: mean loss = 0.0537
	Step 150: mean loss = 0.0534

	Loss on validation set after epoch 29: 0.0529

Epoch 30
	Step 0: mean loss = 0.0479
	Step 50: mean loss = 0.0522
	Step 100: mean loss = 0.0522
	Step 150: mean loss = 0.0520

	Loss on validation set after epoch 30: 0.0521

Epoch 31
	Step 0: mean loss = 0.0504
	Step 50: mean loss = 0.0510
	Step 100: mean loss = 0.0510
	Step 150: mean loss = 0.0508

	Loss on validation set after epoch 31: 0.0502

Model from epoch 21 was selected by early stopping.
Training process will be stopped now.
Deleted temporary files in ../data/trained_models/temp_01-07-19-37-01/
Location of saved model: ../data/trained_models/selected_4_01-07-19-37-01/ 

Adding feature wise convolutions with 32 filters per feature, 3 kernels and 1 strides ...
Adding feature wise convolutions with 1 filters per feature, 3 kernels and 1 strides ...
Adding feature based graph attention layer ...
Adding time based graph attention layer ...
Adding GRU layer with 256 units ...
Adding GRU layer with 61 units ...
Adding GRU layer to forecasting model with 256 units ...
Adding VAE as reconstruction model with dimensions 3072 & 1536 and ...
The RBM reconstructs the output of the gru layer.

Grid search running in anomaly detection model selection mode.
The following hyperparameters will not be evaluated:
relevance_mapping
unaffected_component_threshold
si_mode
si_parameter

Testing 1050 combinations via grid search 
for model selected_4_01-07-19-37-01/ on the validation dataset. 


Top 50 combinations tested:
      gamma  single_timestamp_a.. affected_timestamp..    AD F1     AD F2  AD TPR   AD Prec    AD ACC  AD TNR  AD FPR  SI/ST AVG-HR@100%  SI/ST AVG-HR@150%  SI/ST AVG-HR@K  SI/ST F1  SI/ST TPR  SI/ST ACC
Comb                                                                                                                                                                                                       
0       0.2                 0.200                  100  0.31941  0.539867     1.0  0.190058  0.190058     0.0     1.0           0.024774           0.045873        0.018462       NaN        0.0   0.846154
1       0.2                 0.200                  110  0.31941  0.539867     1.0  0.190058  0.190058     0.0     1.0           0.024774           0.045873        0.018462       NaN        0.0   0.846154
2       0.2                 0.200                  115  0.31941  0.539867     1.0  0.190058  0.190058     0.0     1.0           0.024774           0.045873        0.018462       NaN        0.0   0.846154
3       0.2                 0.200                  120  0.31941  0.539867     1.0  0.190058  0.190058     0.0     1.0           0.024774           0.045873        0.018462       NaN        0.0   0.846154
4       0.2                 0.200                  125  0.31941  0.539867     1.0  0.190058  0.190058     0.0     1.0           0.024774           0.045873        0.018462       NaN        0.0   0.846154
5       0.2                 0.200                  130  0.31941  0.539867     1.0  0.190058  0.190058     0.0     1.0           0.024774           0.045873        0.018462       NaN        0.0   0.846154
6       0.2                 0.200                  135  0.31941  0.539867     1.0  0.190058  0.190058     0.0     1.0           0.024774           0.045873        0.018462       NaN        0.0   0.846154
7       0.2                 0.200                  140  0.31941  0.539867     1.0  0.190058  0.190058     0.0     1.0           0.024774           0.045873        0.018462       NaN        0.0   0.846154
8       0.2                 0.200                  145  0.31941  0.539867     1.0  0.190058  0.190058     0.0     1.0           0.024774           0.045873        0.018462       NaN        0.0   0.846154
9       0.2                 0.200                  150  0.31941  0.539867     1.0  0.190058  0.190058     0.0     1.0           0.024774           0.045873        0.018462       NaN        0.0   0.846154
10      0.2                 0.200                  155  0.31941  0.539867     1.0  0.190058  0.190058     0.0     1.0           0.024774           0.045873        0.018462       NaN        0.0   0.846154
11      0.2                 0.200                  160  0.31941  0.539867     1.0  0.190058  0.190058     0.0     1.0           0.024774           0.045873        0.018462       NaN        0.0   0.846154
12      0.2                 0.200                  165  0.31941  0.539867     1.0  0.190058  0.190058     0.0     1.0           0.024774           0.045873        0.018462       NaN        0.0   0.846154
13      0.2                 0.200                  170  0.31941  0.539867     1.0  0.190058  0.190058     0.0     1.0           0.024774           0.045873        0.018462       NaN        0.0   0.846154
14      0.2                 0.200                  180  0.31941  0.539867     1.0  0.190058  0.190058     0.0     1.0           0.024774           0.045873        0.018462       NaN        0.0   0.846154
15      0.2                 0.225                  100  0.31941  0.539867     1.0  0.190058  0.190058     0.0     1.0           0.009304           0.023810        0.006154       NaN        0.0   0.846154
16      0.2                 0.225                  110  0.31941  0.539867     1.0  0.190058  0.190058     0.0     1.0           0.009304           0.023810        0.006154       NaN        0.0   0.846154
17      0.2                 0.225                  115  0.31941  0.539867     1.0  0.190058  0.190058     0.0     1.0           0.009304           0.023810        0.006154       NaN        0.0   0.846154
18      0.2                 0.225                  120  0.31941  0.539867     1.0  0.190058  0.190058     0.0     1.0           0.009304           0.023810        0.006154       NaN        0.0   0.846154
19      0.2                 0.225                  125  0.31941  0.539867     1.0  0.190058  0.190058     0.0     1.0           0.009304           0.023810        0.006154       NaN        0.0   0.846154
20      0.2                 0.225                  130  0.31941  0.539867     1.0  0.190058  0.190058     0.0     1.0           0.009304           0.023810        0.006154       NaN        0.0   0.846154
21      0.2                 0.225                  135  0.31941  0.539867     1.0  0.190058  0.190058     0.0     1.0           0.009304           0.023810        0.006154       NaN        0.0   0.846154
22      0.2                 0.225                  140  0.31941  0.539867     1.0  0.190058  0.190058     0.0     1.0           0.009304           0.023810        0.006154       NaN        0.0   0.846154
23      0.2                 0.225                  145  0.31941  0.539867     1.0  0.190058  0.190058     0.0     1.0           0.009304           0.023810        0.006154       NaN        0.0   0.846154
24      0.2                 0.225                  150  0.31941  0.539867     1.0  0.190058  0.190058     0.0     1.0           0.009304           0.023810        0.006154       NaN        0.0   0.846154
25      0.2                 0.225                  155  0.31941  0.539867     1.0  0.190058  0.190058     0.0     1.0           0.009304           0.023810        0.006154       NaN        0.0   0.846154
26      0.2                 0.225                  160  0.31941  0.539867     1.0  0.190058  0.190058     0.0     1.0           0.009304           0.023810        0.006154       NaN        0.0   0.846154
27      0.2                 0.225                  165  0.31941  0.539867     1.0  0.190058  0.190058     0.0     1.0           0.009304           0.023810        0.006154       NaN        0.0   0.846154
28      0.2                 0.225                  170  0.31941  0.539867     1.0  0.190058  0.190058     0.0     1.0           0.009304           0.023810        0.006154       NaN        0.0   0.846154
29      0.2                 0.225                  180  0.31941  0.539867     1.0  0.190058  0.190058     0.0     1.0           0.009304           0.023810        0.006154       NaN        0.0   0.846154
30      0.2                 0.250                  100  0.31941  0.539867     1.0  0.190058  0.190058     0.0     1.0           0.007253           0.017143        0.003077       NaN        0.0   0.846154
31      0.2                 0.250                  110  0.31941  0.539867     1.0  0.190058  0.190058     0.0     1.0           0.007253           0.017143        0.003077       NaN        0.0   0.846154
32      0.2                 0.250                  115  0.31941  0.539867     1.0  0.190058  0.190058     0.0     1.0           0.007253           0.017143        0.003077       NaN        0.0   0.846154
33      0.2                 0.250                  120  0.31941  0.539867     1.0  0.190058  0.190058     0.0     1.0           0.007253           0.017143        0.003077       NaN        0.0   0.846154
34      0.2                 0.250                  125  0.31941  0.539867     1.0  0.190058  0.190058     0.0     1.0           0.007253           0.017143        0.003077       NaN        0.0   0.846154
35      0.2                 0.250                  130  0.31941  0.539867     1.0  0.190058  0.190058     0.0     1.0           0.007253           0.017143        0.003077       NaN        0.0   0.846154
36      0.2                 0.250                  135  0.31941  0.539867     1.0  0.190058  0.190058     0.0     1.0           0.007253           0.017143        0.003077       NaN        0.0   0.846154
37      0.2                 0.250                  140  0.31941  0.539867     1.0  0.190058  0.190058     0.0     1.0           0.007253           0.017143        0.003077       NaN        0.0   0.846154
38      0.2                 0.250                  145  0.31941  0.539867     1.0  0.190058  0.190058     0.0     1.0           0.007253           0.017143        0.003077       NaN        0.0   0.846154
39      0.2                 0.250                  150  0.31941  0.539867     1.0  0.190058  0.190058     0.0     1.0           0.007253           0.017143        0.003077       NaN        0.0   0.846154
40      0.2                 0.250                  155  0.31941  0.539867     1.0  0.190058  0.190058     0.0     1.0           0.007253           0.017143        0.003077       NaN        0.0   0.846154
41      0.2                 0.250                  160  0.31941  0.539867     1.0  0.190058  0.190058     0.0     1.0           0.007253           0.017143        0.003077       NaN        0.0   0.846154
42      0.2                 0.250                  165  0.31941  0.539867     1.0  0.190058  0.190058     0.0     1.0           0.007253           0.017143        0.003077       NaN        0.0   0.846154
43      0.2                 0.250                  170  0.31941  0.539867     1.0  0.190058  0.190058     0.0     1.0           0.007253           0.017143        0.003077       NaN        0.0   0.846154
44      0.2                 0.250                  180  0.31941  0.539867     1.0  0.190058  0.190058     0.0     1.0           0.007253           0.017143        0.003077       NaN        0.0   0.846154
45      0.2                 0.275                  100  0.31941  0.539867     1.0  0.190058  0.190058     0.0     1.0           0.005934           0.021941        0.000000       NaN        0.0   0.846154
46      0.2                 0.275                  110  0.31941  0.539867     1.0  0.190058  0.190058     0.0     1.0           0.005934           0.021941        0.000000       NaN        0.0   0.846154
47      0.2                 0.275                  115  0.31941  0.539867     1.0  0.190058  0.190058     0.0     1.0           0.005934           0.021941        0.000000       NaN        0.0   0.846154
48      0.2                 0.275                  120  0.31941  0.539867     1.0  0.190058  0.190058     0.0     1.0           0.005934           0.021941        0.000000       NaN        0.0   0.846154
49      0.2                 0.275                  125  0.31941  0.539867     1.0  0.190058  0.190058     0.0     1.0           0.005934           0.021941        0.000000       NaN        0.0   0.846154
50      0.2                 0.275                  130  0.31941  0.539867     1.0  0.190058  0.190058     0.0     1.0           0.005934           0.021941        0.000000       NaN        0.0   0.846154
51      0.2                 0.275                  135  0.31941  0.539867     1.0  0.190058  0.190058     0.0     1.0           0.005934           0.021941        0.000000       NaN        0.0   0.846154
52      0.2                 0.275                  140  0.31941  0.539867     1.0  0.190058  0.190058     0.0     1.0           0.005934           0.021941        0.000000       NaN        0.0   0.846154
53      0.2                 0.275                  145  0.31941  0.539867     1.0  0.190058  0.190058     0.0     1.0           0.005934           0.021941        0.000000       NaN        0.0   0.846154
54      0.2                 0.275                  150  0.31941  0.539867     1.0  0.190058  0.190058     0.0     1.0           0.005934           0.021941        0.000000       NaN        0.0   0.846154
55      0.2                 0.275                  155  0.31941  0.539867     1.0  0.190058  0.190058     0.0     1.0           0.005934           0.021941        0.000000       NaN        0.0   0.846154
56      0.2                 0.275                  160  0.31941  0.539867     1.0  0.190058  0.190058     0.0     1.0           0.005934           0.021941        0.000000       NaN        0.0   0.846154
57      0.2                 0.275                  165  0.31941  0.539867     1.0  0.190058  0.190058     0.0     1.0           0.005934           0.021941        0.000000       NaN        0.0   0.846154
58      0.2                 0.275                  170  0.31941  0.539867     1.0  0.190058  0.190058     0.0     1.0           0.005934           0.021941        0.000000       NaN        0.0   0.846154
59      0.2                 0.275                  180  0.31941  0.539867     1.0  0.190058  0.190058     0.0     1.0           0.005934           0.021941        0.000000       NaN        0.0   0.846154
60      0.2                 0.285                  100  0.31941  0.539867     1.0  0.190058  0.190058     0.0     1.0           0.004835           0.021758        0.000000       NaN        0.0   0.846154
61      0.2                 0.285                  110  0.31941  0.539867     1.0  0.190058  0.190058     0.0     1.0           0.004835           0.021758        0.000000       NaN        0.0   0.846154
62      0.2                 0.285                  115  0.31941  0.539867     1.0  0.190058  0.190058     0.0     1.0           0.004835           0.021758        0.000000       NaN        0.0   0.846154
63      0.2                 0.285                  120  0.31941  0.539867     1.0  0.190058  0.190058     0.0     1.0           0.004835           0.021758        0.000000       NaN        0.0   0.846154
64      0.2                 0.285                  125  0.31941  0.539867     1.0  0.190058  0.190058     0.0     1.0           0.004835           0.021758        0.000000       NaN        0.0   0.846154
65      0.2                 0.285                  130  0.31941  0.539867     1.0  0.190058  0.190058     0.0     1.0           0.004835           0.021758        0.000000       NaN        0.0   0.846154
66      0.2                 0.285                  135  0.31941  0.539867     1.0  0.190058  0.190058     0.0     1.0           0.004835           0.021758        0.000000       NaN        0.0   0.846154
67      0.2                 0.285                  140  0.31941  0.539867     1.0  0.190058  0.190058     0.0     1.0           0.004835           0.021758        0.000000       NaN        0.0   0.846154
68      0.2                 0.285                  145  0.31941  0.539867     1.0  0.190058  0.190058     0.0     1.0           0.004835           0.021758        0.000000       NaN        0.0   0.846154
69      0.2                 0.285                  150  0.31941  0.539867     1.0  0.190058  0.190058     0.0     1.0           0.004835           0.021758        0.000000       NaN        0.0   0.846154
70      0.2                 0.285                  155  0.31941  0.539867     1.0  0.190058  0.190058     0.0     1.0           0.004835           0.021758        0.000000       NaN        0.0   0.846154
71      0.2                 0.285                  160  0.31941  0.539867     1.0  0.190058  0.190058     0.0     1.0           0.004835           0.021758        0.000000       NaN        0.0   0.846154
72      0.2                 0.285                  165  0.31941  0.539867     1.0  0.190058  0.190058     0.0     1.0           0.004835           0.021758        0.000000       NaN        0.0   0.846154
73      0.2                 0.285                  170  0.31941  0.539867     1.0  0.190058  0.190058     0.0     1.0           0.004835           0.021758        0.000000       NaN        0.0   0.846154
74      0.2                 0.285                  180  0.31941  0.539867     1.0  0.190058  0.190058     0.0     1.0           0.004835           0.021758        0.000000       NaN        0.0   0.846154
75      0.2                 0.300                  100  0.31941  0.539867     1.0  0.190058  0.190058     0.0     1.0           0.004835           0.022674        0.000000       NaN        0.0   0.846154
76      0.2                 0.300                  110  0.31941  0.539867     1.0  0.190058  0.190058     0.0     1.0           0.004835           0.022674        0.000000       NaN        0.0   0.846154
77      0.2                 0.300                  115  0.31941  0.539867     1.0  0.190058  0.190058     0.0     1.0           0.004835           0.022674        0.000000       NaN        0.0   0.846154
78      0.2                 0.300                  120  0.31941  0.539867     1.0  0.190058  0.190058     0.0     1.0           0.004835           0.022674        0.000000       NaN        0.0   0.846154
79      0.2                 0.300                  125  0.31941  0.539867     1.0  0.190058  0.190058     0.0     1.0           0.004835           0.022674        0.000000       NaN        0.0   0.846154
80      0.2                 0.300                  130  0.31941  0.539867     1.0  0.190058  0.190058     0.0     1.0           0.004835           0.022674        0.000000       NaN        0.0   0.846154
81      0.2                 0.300                  135  0.31941  0.539867     1.0  0.190058  0.190058     0.0     1.0           0.004835           0.022674        0.000000       NaN        0.0   0.846154
82      0.2                 0.300                  140  0.31941  0.539867     1.0  0.190058  0.190058     0.0     1.0           0.004835           0.022674        0.000000       NaN        0.0   0.846154
83      0.2                 0.300                  145  0.31941  0.539867     1.0  0.190058  0.190058     0.0     1.0           0.004835           0.022674        0.000000       NaN        0.0   0.846154
84      0.2                 0.300                  150  0.31941  0.539867     1.0  0.190058  0.190058     0.0     1.0           0.004835           0.022674        0.000000       NaN        0.0   0.846154
85      0.2                 0.300                  155  0.31941  0.539867     1.0  0.190058  0.190058     0.0     1.0           0.004835           0.022674        0.000000       NaN        0.0   0.846154
86      0.2                 0.300                  160  0.31941  0.539867     1.0  0.190058  0.190058     0.0     1.0           0.004835           0.022674        0.000000       NaN        0.0   0.846154
87      0.2                 0.300                  165  0.31941  0.539867     1.0  0.190058  0.190058     0.0     1.0           0.004835           0.022674        0.000000       NaN        0.0   0.846154
88      0.2                 0.300                  170  0.31941  0.539867     1.0  0.190058  0.190058     0.0     1.0           0.004835           0.022674        0.000000       NaN        0.0   0.846154
89      0.2                 0.300                  180  0.31941  0.539867     1.0  0.190058  0.190058     0.0     1.0           0.004835           0.022674        0.000000       NaN        0.0   0.846154
90      0.2                 0.305                  100  0.31941  0.539867     1.0  0.190058  0.190058     0.0     1.0           0.004176           0.023114        0.000000       NaN        0.0   0.846154
91      0.2                 0.305                  110  0.31941  0.539867     1.0  0.190058  0.190058     0.0     1.0           0.004176           0.023114        0.000000       NaN        0.0   0.846154
92      0.2                 0.305                  115  0.31941  0.539867     1.0  0.190058  0.190058     0.0     1.0           0.004176           0.023114        0.000000       NaN        0.0   0.846154
93      0.2                 0.305                  120  0.31941  0.539867     1.0  0.190058  0.190058     0.0     1.0           0.004176           0.023114        0.000000       NaN        0.0   0.846154
94      0.2                 0.305                  125  0.31941  0.539867     1.0  0.190058  0.190058     0.0     1.0           0.004176           0.023114        0.000000       NaN        0.0   0.846154
95      0.2                 0.305                  130  0.31941  0.539867     1.0  0.190058  0.190058     0.0     1.0           0.004176           0.023114        0.000000       NaN        0.0   0.846154
96      0.2                 0.305                  135  0.31941  0.539867     1.0  0.190058  0.190058     0.0     1.0           0.004176           0.023114        0.000000       NaN        0.0   0.846154
97      0.2                 0.305                  140  0.31941  0.539867     1.0  0.190058  0.190058     0.0     1.0           0.004176           0.023114        0.000000       NaN        0.0   0.846154
98      0.2                 0.305                  145  0.31941  0.539867     1.0  0.190058  0.190058     0.0     1.0           0.004176           0.023114        0.000000       NaN        0.0   0.846154
99      0.2                 0.305                  150  0.31941  0.539867     1.0  0.190058  0.190058     0.0     1.0           0.004176           0.023114        0.000000       NaN        0.0   0.846154
100     0.2                 0.305                  155  0.31941  0.539867     1.0  0.190058  0.190058     0.0     1.0           0.004176           0.023114        0.000000       NaN        0.0   0.846154
101     0.2                 0.305                  160  0.31941  0.539867     1.0  0.190058  0.190058     0.0     1.0           0.004176           0.023114        0.000000       NaN        0.0   0.846154
102     0.2                 0.305                  165  0.31941  0.539867     1.0  0.190058  0.190058     0.0     1.0           0.004176           0.023114        0.000000       NaN        0.0   0.846154
103     0.2                 0.305                  170  0.31941  0.539867     1.0  0.190058  0.190058     0.0     1.0           0.004176           0.023114        0.000000       NaN        0.0   0.846154
104     0.2                 0.305                  180  0.31941  0.539867     1.0  0.190058  0.190058     0.0     1.0           0.004176           0.023114        0.000000       NaN        0.0   0.846154
105     0.2                 0.315                  100  0.31941  0.539867     1.0  0.190058  0.190058     0.0     1.0           0.003736           0.023114        0.000000       NaN        0.0   0.846154
106     0.2                 0.315                  110  0.31941  0.539867     1.0  0.190058  0.190058     0.0     1.0           0.003736           0.023114        0.000000       NaN        0.0   0.846154
107     0.2                 0.315                  115  0.31941  0.539867     1.0  0.190058  0.190058     0.0     1.0           0.003736           0.023114        0.000000       NaN        0.0   0.846154
108     0.2                 0.315                  120  0.31941  0.539867     1.0  0.190058  0.190058     0.0     1.0           0.003736           0.023114        0.000000       NaN        0.0   0.846154
109     0.2                 0.315                  125  0.31941  0.539867     1.0  0.190058  0.190058     0.0     1.0           0.003736           0.023114        0.000000       NaN        0.0   0.846154
110     0.2                 0.315                  130  0.31941  0.539867     1.0  0.190058  0.190058     0.0     1.0           0.003736           0.023114        0.000000       NaN        0.0   0.846154
111     0.2                 0.315                  135  0.31941  0.539867     1.0  0.190058  0.190058     0.0     1.0           0.003736           0.023114        0.000000       NaN        0.0   0.846154
112     0.2                 0.315                  140  0.31941  0.539867     1.0  0.190058  0.190058     0.0     1.0           0.003736           0.023114        0.000000       NaN        0.0   0.846154
113     0.2                 0.315                  145  0.31941  0.539867     1.0  0.190058  0.190058     0.0     1.0           0.003736           0.023114        0.000000       NaN        0.0   0.846154
114     0.2                 0.315                  150  0.31941  0.539867     1.0  0.190058  0.190058     0.0     1.0           0.003736           0.023114        0.000000       NaN        0.0   0.846154
115     0.2                 0.315                  155  0.31941  0.539867     1.0  0.190058  0.190058     0.0     1.0           0.003736           0.023114        0.000000       NaN        0.0   0.846154
116     0.2                 0.315                  160  0.31941  0.539867     1.0  0.190058  0.190058     0.0     1.0           0.003736           0.023114        0.000000       NaN        0.0   0.846154
117     0.2                 0.315                  165  0.31941  0.539867     1.0  0.190058  0.190058     0.0     1.0           0.003736           0.023114        0.000000       NaN        0.0   0.846154
118     0.2                 0.315                  170  0.31941  0.539867     1.0  0.190058  0.190058     0.0     1.0           0.003736           0.023114        0.000000       NaN        0.0   0.846154
119     0.2                 0.315                  180  0.31941  0.539867     1.0  0.190058  0.190058     0.0     1.0           0.003736           0.023114        0.000000       NaN        0.0   0.846154
120     0.2                 0.320                  100  0.31941  0.539867     1.0  0.190058  0.190058     0.0     1.0           0.003736           0.022894        0.000000       NaN        0.0   0.846154
121     0.2                 0.320                  110  0.31941  0.539867     1.0  0.190058  0.190058     0.0     1.0           0.003736           0.022894        0.000000       NaN        0.0   0.846154
122     0.2                 0.320                  115  0.31941  0.539867     1.0  0.190058  0.190058     0.0     1.0           0.003736           0.022894        0.000000       NaN        0.0   0.846154
123     0.2                 0.320                  120  0.31941  0.539867     1.0  0.190058  0.190058     0.0     1.0           0.003736           0.022894        0.000000       NaN        0.0   0.846154
124     0.2                 0.320                  125  0.31941  0.539867     1.0  0.190058  0.190058     0.0     1.0           0.003736           0.022894        0.000000       NaN        0.0   0.846154
125     0.2                 0.320                  130  0.31941  0.539867     1.0  0.190058  0.190058     0.0     1.0           0.003736           0.022894        0.000000       NaN        0.0   0.846154
126     0.2                 0.320                  135  0.31941  0.539867     1.0  0.190058  0.190058     0.0     1.0           0.003736           0.022894        0.000000       NaN        0.0   0.846154
127     0.2                 0.320                  140  0.31941  0.539867     1.0  0.190058  0.190058     0.0     1.0           0.003736           0.022894        0.000000       NaN        0.0   0.846154
128     0.2                 0.320                  145  0.31941  0.539867     1.0  0.190058  0.190058     0.0     1.0           0.003736           0.022894        0.000000       NaN        0.0   0.846154
129     0.2                 0.320                  150  0.31941  0.539867     1.0  0.190058  0.190058     0.0     1.0           0.003736           0.022894        0.000000       NaN        0.0   0.846154
130     0.2                 0.320                  155  0.31941  0.539867     1.0  0.190058  0.190058     0.0     1.0           0.003736           0.022894        0.000000       NaN        0.0   0.846154
131     0.2                 0.320                  160  0.31941  0.539867     1.0  0.190058  0.190058     0.0     1.0           0.003736           0.022894        0.000000       NaN        0.0   0.846154
132     0.2                 0.320                  165  0.31941  0.539867     1.0  0.190058  0.190058     0.0     1.0           0.003736           0.022894        0.000000       NaN        0.0   0.846154
133     0.2                 0.320                  170  0.31941  0.539867     1.0  0.190058  0.190058     0.0     1.0           0.003736           0.022894        0.000000       NaN        0.0   0.846154
134     0.2                 0.320                  180  0.31941  0.539867     1.0  0.190058  0.190058     0.0     1.0           0.003736           0.022894        0.000000       NaN        0.0   0.846154
135     0.2                 0.325                  100  0.31941  0.539867     1.0  0.190058  0.190058     0.0     1.0           0.003736           0.024103        0.000000       NaN        0.0   0.846154
136     0.2                 0.325                  110  0.31941  0.539867     1.0  0.190058  0.190058     0.0     1.0           0.003736           0.024103        0.000000       NaN        0.0   0.846154
137     0.2                 0.325                  115  0.31941  0.539867     1.0  0.190058  0.190058     0.0     1.0           0.003736           0.024103        0.000000       NaN        0.0   0.846154
138     0.2                 0.325                  120  0.31941  0.539867     1.0  0.190058  0.190058     0.0     1.0           0.003736           0.024103        0.000000       NaN        0.0   0.846154
139     0.2                 0.325                  125  0.31941  0.539867     1.0  0.190058  0.190058     0.0     1.0           0.003736           0.024103        0.000000       NaN        0.0   0.846154
140     0.2                 0.325                  130  0.31941  0.539867     1.0  0.190058  0.190058     0.0     1.0           0.003736           0.024103        0.000000       NaN        0.0   0.846154
141     0.2                 0.325                  135  0.31941  0.539867     1.0  0.190058  0.190058     0.0     1.0           0.003736           0.024103        0.000000       NaN        0.0   0.846154
142     0.2                 0.325                  140  0.31941  0.539867     1.0  0.190058  0.190058     0.0     1.0           0.003736           0.024103        0.000000       NaN        0.0   0.846154
143     0.2                 0.325                  145  0.31941  0.539867     1.0  0.190058  0.190058     0.0     1.0           0.003736           0.024103        0.000000       NaN        0.0   0.846154
144     0.2                 0.325                  150  0.31941  0.539867     1.0  0.190058  0.190058     0.0     1.0           0.003736           0.024103        0.000000       NaN        0.0   0.846154
145     0.2                 0.325                  155  0.31941  0.539867     1.0  0.190058  0.190058     0.0     1.0           0.003736           0.024103        0.000000       NaN        0.0   0.846154
146     0.2                 0.325                  160  0.31941  0.539867     1.0  0.190058  0.190058     0.0     1.0           0.003736           0.024103        0.000000       NaN        0.0   0.846154
147     0.2                 0.325                  165  0.31941  0.539867     1.0  0.190058  0.190058     0.0     1.0           0.003736           0.024103        0.000000       NaN        0.0   0.846154
148     0.2                 0.325                  170  0.31941  0.539867     1.0  0.190058  0.190058     0.0     1.0           0.003736           0.024103        0.000000       NaN        0.0   0.846154
149     0.2                 0.325                  180  0.31941  0.539867     1.0  0.190058  0.190058     0.0     1.0           0.003736           0.024103        0.000000       NaN        0.0   0.846154

Full result output for the best combination:
                 #Examples   TP    FP  TN  FN       ACC  FNR  TNR  FPR  TPR      Prec       F1        F2  AVG # affected
Component                                                                                                               
no_failure            1385    0  1385   0   0  0.000000  NaN  0.0  1.0  NaN  0.000000      NaN       NaN      436.747292
txt15_i1                 5    5     0   0   0  1.000000  0.0  NaN  NaN  1.0  1.000000  1.00000  1.000000      475.600000
txt15_i3                 5    5     0   0   0  1.000000  0.0  NaN  NaN  1.0  1.000000  1.00000  1.000000      450.400000
txt15_conveyor           3    3     0   0   0  1.000000  0.0  NaN  NaN  1.0  1.000000  1.00000  1.000000      455.000000
txt15_m1               160  160     0   0   0  1.000000  0.0  NaN  NaN  1.0  1.000000  1.00000  1.000000      453.300000
txt15_pl                 9    9     0   0   0  1.000000  0.0  NaN  NaN  1.0  1.000000  1.00000  1.000000      453.555556
txt16_i3                 4    4     0   0   0  1.000000  0.0  NaN  NaN  1.0  1.000000  1.00000  1.000000      446.250000
txt16_conveyor           8    8     0   0   0  1.000000  0.0  NaN  NaN  1.0  1.000000  1.00000  1.000000      439.125000
txt16_m3                65   65     0   0   0  1.000000  0.0  NaN  NaN  1.0  1.000000  1.00000  1.000000      454.261538
txt16_turntable          2    2     0   0   0  1.000000  0.0  NaN  NaN  1.0  1.000000  1.00000  1.000000      436.500000
txt17_i1                16   16     0   0   0  1.000000  0.0  NaN  NaN  1.0  1.000000  1.00000  1.000000      451.375000
txt17_pl                14   14     0   0   0  1.000000  0.0  NaN  NaN  1.0  1.000000  1.00000  1.000000      454.785714
txt18_pl                28   28     0   0   0  1.000000  0.0  NaN  NaN  1.0  1.000000  1.00000  1.000000      428.571429
txt19_i4                 6    6     0   0   0  1.000000  0.0  NaN  NaN  1.0  1.000000  1.00000  1.000000      431.500000
combined              1710  325  1385   0   0  0.190058  0.0  0.0  1.0  1.0  0.190058  0.31941  0.539867      439.401170

                 #Examples   TP    FP  TN  FN       ACC  FNR  TNR  FPR  TPR      Prec       F1        F2  AVG # affected
Component                                                                                                               
no_failure            1385    0  1385   0   0  0.000000  NaN  0.0  1.0  NaN  0.000000      NaN       NaN      436.747292
txt15_i1                 5    5     0   0   0  1.000000  0.0  NaN  NaN  1.0  1.000000  1.00000  1.000000      475.600000
txt15_i3                 5    5     0   0   0  1.000000  0.0  NaN  NaN  1.0  1.000000  1.00000  1.000000      450.400000
txt15_conveyor           3    3     0   0   0  1.000000  0.0  NaN  NaN  1.0  1.000000  1.00000  1.000000      455.000000
txt15_m1               160  160     0   0   0  1.000000  0.0  NaN  NaN  1.0  1.000000  1.00000  1.000000      453.300000
txt15_pl                 9    9     0   0   0  1.000000  0.0  NaN  NaN  1.0  1.000000  1.00000  1.000000      453.555556
txt16_i3                 4    4     0   0   0  1.000000  0.0  NaN  NaN  1.0  1.000000  1.00000  1.000000      446.250000
txt16_conveyor           8    8     0   0   0  1.000000  0.0  NaN  NaN  1.0  1.000000  1.00000  1.000000      439.125000
txt16_m3                65   65     0   0   0  1.000000  0.0  NaN  NaN  1.0  1.000000  1.00000  1.000000      454.261538
txt16_turntable          2    2     0   0   0  1.000000  0.0  NaN  NaN  1.0  1.000000  1.00000  1.000000      436.500000
txt17_i1                16   16     0   0   0  1.000000  0.0  NaN  NaN  1.0  1.000000  1.00000  1.000000      451.375000
txt17_pl                14   14     0   0   0  1.000000  0.0  NaN  NaN  1.0  1.000000  1.00000  1.000000      454.785714
txt18_pl                28   28     0   0   0  1.000000  0.0  NaN  NaN  1.0  1.000000  1.00000  1.000000      428.571429
txt19_i4                 6    6     0   0   0  1.000000  0.0  NaN  NaN  1.0  1.000000  1.00000  1.000000      431.500000
combined              1710  325  1385   0   0  0.190058  0.0  0.0  1.0  1.0  0.190058  0.31941  0.539867      439.401170

Execution time: 21294.40679581603
