
Dataset loaded:
Shape of training set (example, time, channels): (20812, 500, 61)
Shape of test set (example, time, channels): (3989, 500, 61)
Shape of train validation set (example, time, channels): (2313, 500, 61)
Shape of test validation set (example, time, channels): (1710, 500, 61)
Num of classes in all: 25

Creating model based on ../configuration/hyperparameter_combinations/selected/selected_4.json hyperparameter file 

Adding feature wise convolutions with 32 filters per feature, 3 kernels and 1 strides ...
Adding feature wise convolutions with 1 filters per feature, 3 kernels and 1 strides ...
Adding feature based graph attention layer ...
Adding time based graph attention layer ...
Adding GRU layer with 256 units ...
Adding GRU layer with 61 units ...
Adding GRU layer to forecasting model with 256 units ...
Adding VAE as reconstruction model with dimensions 3072 & 1536 and ...
The RBM reconstructs the output of the gru layer.

Epoch 0
	Step 0: mean loss = 1.3121
	Step 50: mean loss = 0.5105
	Step 100: mean loss = 0.3421
	Step 150: mean loss = 0.2703

	Loss on validation set after epoch 0: 0.1146

Epoch 1
	Step 0: mean loss = 0.1127
	Step 50: mean loss = 0.1102
	Step 100: mean loss = 0.1064
	Step 150: mean loss = 0.1031

	Loss on validation set after epoch 1: 0.0930

Epoch 2
	Step 0: mean loss = 0.0943
	Step 50: mean loss = 0.0905
	Step 100: mean loss = 0.0886
	Step 150: mean loss = 0.0862

	Loss on validation set after epoch 2: 0.0786

Epoch 3
	Step 0: mean loss = 0.0835
	Step 50: mean loss = 0.0769
	Step 100: mean loss = 0.0759
	Step 150: mean loss = 0.0752

	Loss on validation set after epoch 3: 0.0726

Epoch 4
	Step 0: mean loss = 0.0748
	Step 50: mean loss = 0.0718
	Step 100: mean loss = 0.0717
	Step 150: mean loss = 0.0714

	Loss on validation set after epoch 4: 0.0702

Epoch 5
	Step 0: mean loss = 0.0692
	Step 50: mean loss = 0.0691
	Step 100: mean loss = 0.0690
	Step 150: mean loss = 0.0688

	Loss on validation set after epoch 5: 0.0689

Epoch 6
	Step 0: mean loss = 0.0666
	Step 50: mean loss = 0.0673
	Step 100: mean loss = 0.0672
	Step 150: mean loss = 0.0671

	Loss on validation set after epoch 6: 0.0659

Epoch 7
	Step 0: mean loss = 0.0687
	Step 50: mean loss = 0.0657
	Step 100: mean loss = 0.0656
	Step 150: mean loss = 0.0655

	Loss on validation set after epoch 7: 0.0621

Epoch 8
	Step 0: mean loss = 0.0579
	Step 50: mean loss = 0.0608
	Step 100: mean loss = 0.0596
	Step 150: mean loss = 0.0588

	Loss on validation set after epoch 8: 0.0552

Epoch 9
	Step 0: mean loss = 0.0538
	Step 50: mean loss = 0.0556
	Step 100: mean loss = 0.0554
	Step 150: mean loss = 0.0551

	Loss on validation set after epoch 9: 0.0535

Epoch 10
	Step 0: mean loss = 0.0504
	Step 50: mean loss = 0.0533
	Step 100: mean loss = 0.0532
	Step 150: mean loss = 0.0528

	Loss on validation set after epoch 10: 0.0508

Epoch 11
	Step 0: mean loss = 0.0524
	Step 50: mean loss = 0.0515
	Step 100: mean loss = 0.0514
	Step 150: mean loss = 0.0511

	Loss on validation set after epoch 11: 0.0490

Epoch 12
	Step 0: mean loss = 0.0476
	Step 50: mean loss = 0.0495
	Step 100: mean loss = 0.0495
	Step 150: mean loss = 0.0495

	Loss on validation set after epoch 12: 0.0490

Epoch 13
	Step 0: mean loss = 0.0496
	Step 50: mean loss = 0.0482
	Step 100: mean loss = 0.0482
	Step 150: mean loss = 0.0480

	Loss on validation set after epoch 13: 0.0472

Epoch 14
	Step 0: mean loss = 0.0497
	Step 50: mean loss = 0.0471
	Step 100: mean loss = 0.0470
	Step 150: mean loss = 0.0469

	Loss on validation set after epoch 14: 0.0464

Epoch 15
	Step 0: mean loss = 0.0453
	Step 50: mean loss = 0.0462
	Step 100: mean loss = 0.0460
	Step 150: mean loss = 0.0459

	Loss on validation set after epoch 15: 0.0449

Epoch 16
	Step 0: mean loss = 0.0438
	Step 50: mean loss = 0.0453
	Step 100: mean loss = 0.0452
	Step 150: mean loss = 0.0451

	Loss on validation set after epoch 16: 0.0443

Epoch 17
	Step 0: mean loss = 0.0449
	Step 50: mean loss = 0.0445
	Step 100: mean loss = 0.0445
	Step 150: mean loss = 0.0444

	Loss on validation set after epoch 17: 0.0440

Epoch 18
	Step 0: mean loss = 0.0473
	Step 50: mean loss = 0.0437
	Step 100: mean loss = 0.0436
	Step 150: mean loss = 0.0436

	Loss on validation set after epoch 18: 0.0437

Epoch 19
	Step 0: mean loss = 0.0440
	Step 50: mean loss = 0.0429
	Step 100: mean loss = 0.0429
	Step 150: mean loss = 0.0429

	Loss on validation set after epoch 19: 0.0426

Epoch 20
	Step 0: mean loss = 0.0395
	Step 50: mean loss = 0.0424
	Step 100: mean loss = 0.0422
	Step 150: mean loss = 0.0423

	Loss on validation set after epoch 20: 0.0420

Epoch 21
	Step 0: mean loss = 0.0416
	Step 50: mean loss = 0.0417
	Step 100: mean loss = 0.0416
	Step 150: mean loss = 0.0415

	Loss on validation set after epoch 21: 0.0410

Epoch 22
	Step 0: mean loss = 0.0389
	Step 50: mean loss = 0.0407
	Step 100: mean loss = 0.0408
	Step 150: mean loss = 0.0408

	Loss on validation set after epoch 22: 0.0405

Epoch 23
	Step 0: mean loss = 0.0380
	Step 50: mean loss = 0.0401
	Step 100: mean loss = 0.0401
	Step 150: mean loss = 0.0401

	Loss on validation set after epoch 23: 0.0394

Epoch 24
	Step 0: mean loss = 0.0413
	Step 50: mean loss = 0.0395
	Step 100: mean loss = 0.0395
	Step 150: mean loss = 0.0393

	Loss on validation set after epoch 24: 0.0390

Epoch 25
	Step 0: mean loss = 0.0400
	Step 50: mean loss = 0.0385
	Step 100: mean loss = 0.0383
	Step 150: mean loss = 0.0382

	Loss on validation set after epoch 25: 0.0372

Epoch 26
	Step 0: mean loss = 0.0366
	Step 50: mean loss = 0.0371
	Step 100: mean loss = 0.0372
	Step 150: mean loss = 0.0372

	Loss on validation set after epoch 26: 0.0360

Epoch 27
	Step 0: mean loss = 0.0347
	Step 50: mean loss = 0.0357
	Step 100: mean loss = 0.0356
	Step 150: mean loss = 0.0357

	Loss on validation set after epoch 27: 0.0360

Epoch 28
	Step 0: mean loss = 0.0343
	Step 50: mean loss = 0.0350
	Step 100: mean loss = 0.0349
	Step 150: mean loss = 0.0347

	Loss on validation set after epoch 28: 0.0338

Epoch 29
	Step 0: mean loss = 0.0332
	Step 50: mean loss = 0.0334
	Step 100: mean loss = 0.0332
	Step 150: mean loss = 0.0331

	Loss on validation set after epoch 29: 0.0318

Epoch 30
	Step 0: mean loss = 0.0321
	Step 50: mean loss = 0.0320
	Step 100: mean loss = 0.0319
	Step 150: mean loss = 0.0317

	Loss on validation set after epoch 30: 0.0306

Epoch 31
	Step 0: mean loss = 0.0314
	Step 50: mean loss = 0.0306
	Step 100: mean loss = 0.0306
	Step 150: mean loss = 0.0305

	Loss on validation set after epoch 31: 0.0298

Epoch 32
	Step 0: mean loss = 0.0325
	Step 50: mean loss = 0.0295
	Step 100: mean loss = 0.0297
	Step 150: mean loss = 0.0295

	Loss on validation set after epoch 32: 0.0288

Epoch 33
	Step 0: mean loss = 0.0317
	Step 50: mean loss = 0.0289
	Step 100: mean loss = 0.0288
	Step 150: mean loss = 0.0288

	Loss on validation set after epoch 33: 0.0284

Epoch 34
	Step 0: mean loss = 0.0270
	Step 50: mean loss = 0.0282
	Step 100: mean loss = 0.0294
	Step 150: mean loss = 0.0291

	Loss on validation set after epoch 34: 0.0280

Epoch 35
	Step 0: mean loss = 0.0288
	Step 50: mean loss = 0.0276
	Step 100: mean loss = 0.0276
	Step 150: mean loss = 0.0276

	Loss on validation set after epoch 35: 0.0278

Epoch 36
	Step 0: mean loss = 0.0262
	Step 50: mean loss = 0.0270
	Step 100: mean loss = 0.0270
	Step 150: mean loss = 0.0278

	Loss on validation set after epoch 36: 0.0278

Epoch 37
	Step 0: mean loss = 0.0275
	Step 50: mean loss = 0.0271
	Step 100: mean loss = 0.0270
	Step 150: mean loss = 0.0269

	Loss on validation set after epoch 37: 0.0264

Epoch 38
	Step 0: mean loss = 0.0274
	Step 50: mean loss = 0.0264
	Step 100: mean loss = 0.0263
	Step 150: mean loss = 0.0263

	Loss on validation set after epoch 38: 0.0259

Epoch 39
	Step 0: mean loss = 0.0253
	Step 50: mean loss = 0.0260
	Step 100: mean loss = 0.0260
	Step 150: mean loss = 0.0260

	Loss on validation set after epoch 39: 0.0258

Epoch 40
	Step 0: mean loss = 0.0266
	Step 50: mean loss = 0.0256
	Step 100: mean loss = 0.0257
	Step 150: mean loss = 0.0258

	Loss on validation set after epoch 40: 0.0266

Epoch 41
	Step 0: mean loss = 0.0269
	Step 50: mean loss = 0.0256
	Step 100: mean loss = 0.0254
	Step 150: mean loss = 0.0260

	Loss on validation set after epoch 41: 0.0260

Epoch 42
	Step 0: mean loss = 0.0280
	Step 50: mean loss = 0.0254
	Step 100: mean loss = 0.0254
	Step 150: mean loss = 0.0253

	Loss on validation set after epoch 42: 0.0252

Epoch 43
	Step 0: mean loss = 0.0252
	Step 50: mean loss = 0.0248
	Step 100: mean loss = 0.0249
	Step 150: mean loss = 0.0250

	Loss on validation set after epoch 43: 0.0251

Epoch 44
	Step 0: mean loss = 0.0255
	Step 50: mean loss = 0.0246
	Step 100: mean loss = 0.0246
	Step 150: mean loss = 0.0246

	Loss on validation set after epoch 44: 0.0293

Epoch 45
	Step 0: mean loss = 0.0295
	Step 50: mean loss = 0.0273
	Step 100: mean loss = 0.0261
	Step 150: mean loss = 0.0256

	Loss on validation set after epoch 45: 0.0242

Epoch 46
	Step 0: mean loss = 0.0234
	Step 50: mean loss = 0.0242
	Step 100: mean loss = 0.0242
	Step 150: mean loss = 0.0259

	Loss on validation set after epoch 46: 0.0256

Epoch 47
	Step 0: mean loss = 0.0262
	Step 50: mean loss = 0.0253
	Step 100: mean loss = 0.0251
	Step 150: mean loss = 0.0250

	Loss on validation set after epoch 47: 0.0253

Epoch 48
	Step 0: mean loss = 0.0252
	Step 50: mean loss = 0.0240
	Step 100: mean loss = 0.0241
	Step 150: mean loss = 0.0241

	Loss on validation set after epoch 48: 0.0240

Epoch 49
	Step 0: mean loss = 0.0235
	Step 50: mean loss = 0.0236
	Step 100: mean loss = 0.0237
	Step 150: mean loss = 0.0238

	Loss on validation set after epoch 49: 0.0259

Epoch 50
	Step 0: mean loss = 0.0242
	Step 50: mean loss = 0.0238
	Step 100: mean loss = 0.0237
	Step 150: mean loss = 0.0237

	Loss on validation set after epoch 50: 0.0236

Epoch 51
	Step 0: mean loss = 0.0214
	Step 50: mean loss = 0.0233
	Step 100: mean loss = 0.0235
	Step 150: mean loss = 0.0235

	Loss on validation set after epoch 51: 0.0243

Epoch 52
	Step 0: mean loss = 0.0206
	Step 50: mean loss = 0.0230
	Step 100: mean loss = 0.0231
	Step 150: mean loss = 0.0232

	Loss on validation set after epoch 52: 0.0235

Epoch 53
	Step 0: mean loss = 0.0241
	Step 50: mean loss = 0.0230
	Step 100: mean loss = 0.0230
	Step 150: mean loss = 0.0231

	Loss on validation set after epoch 53: 0.0232

Epoch 54
	Step 0: mean loss = 0.0239
	Step 50: mean loss = 0.0228
	Step 100: mean loss = 0.0229
	Step 150: mean loss = 0.0230

	Loss on validation set after epoch 54: 0.0226

Epoch 55
	Step 0: mean loss = 0.0259
	Step 50: mean loss = 0.0228
	Step 100: mean loss = 0.0227
	Step 150: mean loss = 0.0228

	Loss on validation set after epoch 55: 0.0231

Epoch 56
	Step 0: mean loss = 0.0236
	Step 50: mean loss = 0.0228
	Step 100: mean loss = 0.0228
	Step 150: mean loss = 0.0227

	Loss on validation set after epoch 56: 0.0227

Epoch 57
	Step 0: mean loss = 0.0214
	Step 50: mean loss = 0.0224
	Step 100: mean loss = 0.0244
	Step 150: mean loss = 0.0242

	Loss on validation set after epoch 57: 0.0231

Epoch 58
	Step 0: mean loss = 0.0235
	Step 50: mean loss = 0.0227
	Step 100: mean loss = 0.0226
	Step 150: mean loss = 0.0225

	Loss on validation set after epoch 58: 0.0231

Epoch 59
	Step 0: mean loss = 0.0211
	Step 50: mean loss = 0.0222
	Step 100: mean loss = 0.0221
	Step 150: mean loss = 0.0221

	Loss on validation set after epoch 59: 0.0229

Epoch 60
	Step 0: mean loss = 0.0255
	Step 50: mean loss = 0.0219
	Step 100: mean loss = 0.0220
	Step 150: mean loss = 0.0221

	Loss on validation set after epoch 60: 0.0219

Epoch 61
	Step 0: mean loss = 0.0226
	Step 50: mean loss = 0.0218
	Step 100: mean loss = 0.0217
	Step 150: mean loss = 0.0219

	Loss on validation set after epoch 61: 0.0261

Epoch 62
	Step 0: mean loss = 0.0264
	Step 50: mean loss = 0.0225
	Step 100: mean loss = 0.0224
	Step 150: mean loss = 0.0223

	Loss on validation set after epoch 62: 0.0222

Epoch 63
	Step 0: mean loss = 0.0245
	Step 50: mean loss = 0.0217
	Step 100: mean loss = 0.0217
	Step 150: mean loss = 0.0217

	Loss on validation set after epoch 63: 0.0217

Epoch 64
	Step 0: mean loss = 0.0223
	Step 50: mean loss = 0.0214
	Step 100: mean loss = 0.0215
	Step 150: mean loss = 0.0216

	Loss on validation set after epoch 64: 0.0221

Epoch 65
	Step 0: mean loss = 0.0222
	Step 50: mean loss = 0.0218
	Step 100: mean loss = 0.0217
	Step 150: mean loss = 0.0218

	Loss on validation set after epoch 65: 0.0217

Epoch 66
	Step 0: mean loss = 0.0189
	Step 50: mean loss = 0.0213
	Step 100: mean loss = 0.0215
	Step 150: mean loss = 0.0215

	Loss on validation set after epoch 66: 0.0222

Epoch 67
	Step 0: mean loss = 0.0224
	Step 50: mean loss = 0.0213
	Step 100: mean loss = 0.0222
	Step 150: mean loss = 0.0222

	Loss on validation set after epoch 67: 0.0218

Epoch 68
	Step 0: mean loss = 0.0265
	Step 50: mean loss = 0.0214
	Step 100: mean loss = 0.0214
	Step 150: mean loss = 0.0214

	Loss on validation set after epoch 68: 0.0216

Epoch 69
	Step 0: mean loss = 0.0234
	Step 50: mean loss = 0.0211
	Step 100: mean loss = 0.0213
	Step 150: mean loss = 0.0213

	Loss on validation set after epoch 69: 0.0221

Epoch 70
	Step 0: mean loss = 0.0207
	Step 50: mean loss = 0.0211
	Step 100: mean loss = 0.0212
	Step 150: mean loss = 0.0212

	Loss on validation set after epoch 70: 0.0218

Epoch 71
	Step 0: mean loss = 0.0211
	Step 50: mean loss = 0.0210
	Step 100: mean loss = 0.0213
	Step 150: mean loss = 0.0214

	Loss on validation set after epoch 71: 0.0211

Epoch 72
	Step 0: mean loss = 0.0210
	Step 50: mean loss = 0.0209
	Step 100: mean loss = 0.0209
	Step 150: mean loss = 0.0210

	Loss on validation set after epoch 72: 0.0221

Epoch 73
	Step 0: mean loss = 0.0232
	Step 50: mean loss = 0.0209
	Step 100: mean loss = 0.0208
	Step 150: mean loss = 0.0208

	Loss on validation set after epoch 73: 0.0207

Epoch 74
	Step 0: mean loss = 0.0231
	Step 50: mean loss = 0.0205
	Step 100: mean loss = 0.0206
	Step 150: mean loss = 0.0207

	Loss on validation set after epoch 74: 0.0211

Epoch 75
	Step 0: mean loss = 0.0194
	Step 50: mean loss = 0.0215
	Step 100: mean loss = 0.0214
	Step 150: mean loss = 0.0213

	Loss on validation set after epoch 75: 0.0217

Epoch 76
	Step 0: mean loss = 0.0208
	Step 50: mean loss = 0.0202
	Step 100: mean loss = 0.0202
	Step 150: mean loss = 0.0202

	Loss on validation set after epoch 76: 0.0206

Epoch 77
	Step 0: mean loss = 0.0216
	Step 50: mean loss = 0.0198
	Step 100: mean loss = 0.0197
	Step 150: mean loss = 0.0197

	Loss on validation set after epoch 77: 0.0201

Epoch 78
	Step 0: mean loss = 0.0182
	Step 50: mean loss = 0.0194
	Step 100: mean loss = 0.0196
	Step 150: mean loss = 0.0196

	Loss on validation set after epoch 78: 0.0196

Epoch 79
	Step 0: mean loss = 0.0188
	Step 50: mean loss = 0.0194
	Step 100: mean loss = 0.0194
	Step 150: mean loss = 0.0194

	Loss on validation set after epoch 79: 0.0199

Epoch 80
	Step 0: mean loss = 0.0202
	Step 50: mean loss = 0.0192
	Step 100: mean loss = 0.0193
	Step 150: mean loss = 0.0194

	Loss on validation set after epoch 80: 0.0190

Epoch 81
	Step 0: mean loss = 0.0196
	Step 50: mean loss = 0.0192
	Step 100: mean loss = 0.0193
	Step 150: mean loss = 0.0194

	Loss on validation set after epoch 81: 0.0205

Epoch 82
	Step 0: mean loss = 0.0175
	Step 50: mean loss = 0.0195
	Step 100: mean loss = 0.0196
	Step 150: mean loss = 0.0195

	Loss on validation set after epoch 82: 0.0192

Epoch 83
	Step 0: mean loss = 0.0192
	Step 50: mean loss = 0.0186
	Step 100: mean loss = 0.0187
	Step 150: mean loss = 0.0187

	Loss on validation set after epoch 83: 0.0188

Epoch 84
	Step 0: mean loss = 0.0176
	Step 50: mean loss = 0.0184
	Step 100: mean loss = 0.0185
	Step 150: mean loss = 0.0186

	Loss on validation set after epoch 84: 0.0184

Epoch 85
	Step 0: mean loss = 0.0154
	Step 50: mean loss = 0.0184
	Step 100: mean loss = 0.0184
	Step 150: mean loss = 0.0191

	Loss on validation set after epoch 85: 0.0187

Epoch 86
	Step 0: mean loss = 0.0198
	Step 50: mean loss = 0.0183
	Step 100: mean loss = 0.0184
	Step 150: mean loss = 0.0185

	Loss on validation set after epoch 86: 0.0184

Epoch 87
	Step 0: mean loss = 0.0170
	Step 50: mean loss = 0.0180
	Step 100: mean loss = 0.0180
	Step 150: mean loss = 0.0180

	Loss on validation set after epoch 87: 0.0189

Epoch 88
	Step 0: mean loss = 0.0191
	Step 50: mean loss = 0.0179
	Step 100: mean loss = 0.0182
	Step 150: mean loss = 0.0182

	Loss on validation set after epoch 88: 0.0181

Epoch 89
	Step 0: mean loss = 0.0201
	Step 50: mean loss = 0.0176
	Step 100: mean loss = 0.0177
	Step 150: mean loss = 0.0178

	Loss on validation set after epoch 89: 0.0174

Epoch 90
	Step 0: mean loss = 0.0180
	Step 50: mean loss = 0.0175
	Step 100: mean loss = 0.0175
	Step 150: mean loss = 0.0176

	Loss on validation set after epoch 90: 0.0174

Epoch 91
	Step 0: mean loss = 0.0182
	Step 50: mean loss = 0.0172
	Step 100: mean loss = 0.0174
	Step 150: mean loss = 0.0174

	Loss on validation set after epoch 91: 0.0171

Epoch 92
	Step 0: mean loss = 0.0181
	Step 50: mean loss = 0.0171
	Step 100: mean loss = 0.0170
	Step 150: mean loss = 0.0171

	Loss on validation set after epoch 92: 0.0179

Epoch 93
	Step 0: mean loss = 0.0155
	Step 50: mean loss = 0.0169
	Step 100: mean loss = 0.0172
	Step 150: mean loss = 0.0173

	Loss on validation set after epoch 93: 0.0184

Epoch 94
	Step 0: mean loss = 0.0162
	Step 50: mean loss = 0.0169
	Step 100: mean loss = 0.0167
	Step 150: mean loss = 0.0168

	Loss on validation set after epoch 94: 0.0169

Epoch 95
	Step 0: mean loss = 0.0179
	Step 50: mean loss = 0.0166
	Step 100: mean loss = 0.0167
	Step 150: mean loss = 0.0168

	Loss on validation set after epoch 95: 0.0166

Epoch 96
	Step 0: mean loss = 0.0149
	Step 50: mean loss = 0.0164
	Step 100: mean loss = 0.0164
	Step 150: mean loss = 0.0165

	Loss on validation set after epoch 96: 0.0173

Epoch 97
	Step 0: mean loss = 0.0177
	Step 50: mean loss = 0.0164
	Step 100: mean loss = 0.0164
	Step 150: mean loss = 0.0164

	Loss on validation set after epoch 97: 0.0165

Epoch 98
	Step 0: mean loss = 0.0179
	Step 50: mean loss = 0.0162
	Step 100: mean loss = 0.0162
	Step 150: mean loss = 0.0163

	Loss on validation set after epoch 98: 0.0161

Epoch 99
	Step 0: mean loss = 0.0157
	Step 50: mean loss = 0.0161
	Step 100: mean loss = 0.0162
	Step 150: mean loss = 0.0164

	Loss on validation set after epoch 99: 0.0169

Epoch 100
	Step 0: mean loss = 0.0150
	Step 50: mean loss = 0.0162
	Step 100: mean loss = 0.0169
	Step 150: mean loss = 0.0167

	Loss on validation set after epoch 100: 0.0160

Epoch 101
	Step 0: mean loss = 0.0184
	Step 50: mean loss = 0.0160
	Step 100: mean loss = 0.0159
	Step 150: mean loss = 0.0161

	Loss on validation set after epoch 101: 0.0164

Epoch 102
	Step 0: mean loss = 0.0164
	Step 50: mean loss = 0.0157
	Step 100: mean loss = 0.0158
	Step 150: mean loss = 0.0159

	Loss on validation set after epoch 102: 0.0159

Epoch 103
	Step 0: mean loss = 0.0156
	Step 50: mean loss = 0.0157
	Step 100: mean loss = 0.0157
	Step 150: mean loss = 0.0157

	Loss on validation set after epoch 103: 0.0155

Epoch 104
	Step 0: mean loss = 0.0157
	Step 50: mean loss = 0.0155
	Step 100: mean loss = 0.0157
	Step 150: mean loss = 0.0158

	Loss on validation set after epoch 104: 0.0158

Epoch 105
	Step 0: mean loss = 0.0163
	Step 50: mean loss = 0.0155
	Step 100: mean loss = 0.0155
	Step 150: mean loss = 0.0167

	Loss on validation set after epoch 105: 0.0254

Epoch 106
	Step 0: mean loss = 0.0244
	Step 50: mean loss = 0.0188
	Step 100: mean loss = 0.0176
	Step 150: mean loss = 0.0171

	Loss on validation set after epoch 106: 0.0158

Epoch 107
	Step 0: mean loss = 0.0158
	Step 50: mean loss = 0.0156
	Step 100: mean loss = 0.0155
	Step 150: mean loss = 0.0155

	Loss on validation set after epoch 107: 0.0164

Epoch 108
	Step 0: mean loss = 0.0175
	Step 50: mean loss = 0.0153
	Step 100: mean loss = 0.0154
	Step 150: mean loss = 0.0155

	Loss on validation set after epoch 108: 0.0151

Epoch 109
	Step 0: mean loss = 0.0158
	Step 50: mean loss = 0.0153
	Step 100: mean loss = 0.0152
	Step 150: mean loss = 0.0152

	Loss on validation set after epoch 109: 0.0156

Epoch 110
	Step 0: mean loss = 0.0163
	Step 50: mean loss = 0.0150
	Step 100: mean loss = 0.0150
	Step 150: mean loss = 0.0152

	Loss on validation set after epoch 110: 0.0158

Epoch 111
	Step 0: mean loss = 0.0126
	Step 50: mean loss = 0.0150
	Step 100: mean loss = 0.0151
	Step 150: mean loss = 0.0151

	Loss on validation set after epoch 111: 0.0154

Epoch 112
	Step 0: mean loss = 0.0167
	Step 50: mean loss = 0.0150
	Step 100: mean loss = 0.0150
	Step 150: mean loss = 0.0150

	Loss on validation set after epoch 112: 0.0148

Epoch 113
	Step 0: mean loss = 0.0154
	Step 50: mean loss = 0.0150
	Step 100: mean loss = 0.0149
	Step 150: mean loss = 0.0149

	Loss on validation set after epoch 113: 0.0153

Epoch 114
	Step 0: mean loss = 0.0147
	Step 50: mean loss = 0.0148
	Step 100: mean loss = 0.0148
	Step 150: mean loss = 0.0148

	Loss on validation set after epoch 114: 0.0155

Epoch 115
	Step 0: mean loss = 0.0164
	Step 50: mean loss = 0.0147
	Step 100: mean loss = 0.0147
	Step 150: mean loss = 0.0148

	Loss on validation set after epoch 115: 0.0159

Epoch 116
	Step 0: mean loss = 0.0182
	Step 50: mean loss = 0.0148
	Step 100: mean loss = 0.0147
	Step 150: mean loss = 0.0147

	Loss on validation set after epoch 116: 0.0150

Epoch 117
	Step 0: mean loss = 0.0136
	Step 50: mean loss = 0.0147
	Step 100: mean loss = 0.0146
	Step 150: mean loss = 0.0146

	Loss on validation set after epoch 117: 0.0150

Epoch 118
	Step 0: mean loss = 0.0144
	Step 50: mean loss = 0.0144
	Step 100: mean loss = 0.0150
	Step 150: mean loss = 0.0152

	Loss on validation set after epoch 118: 0.0152

Epoch 119
	Step 0: mean loss = 0.0160
	Step 50: mean loss = 0.0147
	Step 100: mean loss = 0.0145
	Step 150: mean loss = 0.0146

	Loss on validation set after epoch 119: 0.0152

Epoch 120
	Step 0: mean loss = 0.0138
	Step 50: mean loss = 0.0143
	Step 100: mean loss = 0.0143
	Step 150: mean loss = 0.0143

	Loss on validation set after epoch 120: 0.0143

Epoch 121
	Step 0: mean loss = 0.0145
	Step 50: mean loss = 0.0142
	Step 100: mean loss = 0.0142
	Step 150: mean loss = 0.0143

	Loss on validation set after epoch 121: 0.0148

Epoch 122
	Step 0: mean loss = 0.0141
	Step 50: mean loss = 0.0142
	Step 100: mean loss = 0.0143
	Step 150: mean loss = 0.0143

	Loss on validation set after epoch 122: 0.0141

Epoch 123
	Step 0: mean loss = 0.0121
	Step 50: mean loss = 0.0143
	Step 100: mean loss = 0.0142
	Step 150: mean loss = 0.0143

	Loss on validation set after epoch 123: 0.0142

Epoch 124
	Step 0: mean loss = 0.0169
	Step 50: mean loss = 0.0139
	Step 100: mean loss = 0.0141
	Step 150: mean loss = 0.0141

	Loss on validation set after epoch 124: 0.0144

Epoch 125
	Step 0: mean loss = 0.0137
	Step 50: mean loss = 0.0140
	Step 100: mean loss = 0.0143
	Step 150: mean loss = 0.0144

	Loss on validation set after epoch 125: 0.0144

Epoch 126
	Step 0: mean loss = 0.0157
	Step 50: mean loss = 0.0141
	Step 100: mean loss = 0.0141
	Step 150: mean loss = 0.0141

	Loss on validation set after epoch 126: 0.0139

Epoch 127
	Step 0: mean loss = 0.0130
	Step 50: mean loss = 0.0139
	Step 100: mean loss = 0.0171
	Step 150: mean loss = 0.0164

	Loss on validation set after epoch 127: 0.0147

Epoch 128
	Step 0: mean loss = 0.0139
	Step 50: mean loss = 0.0142
	Step 100: mean loss = 0.0141
	Step 150: mean loss = 0.0140

	Loss on validation set after epoch 128: 0.0141

Epoch 129
	Step 0: mean loss = 0.0136
	Step 50: mean loss = 0.0139
	Step 100: mean loss = 0.0139
	Step 150: mean loss = 0.0139

	Loss on validation set after epoch 129: 0.0137

Epoch 130
	Step 0: mean loss = 0.0143
	Step 50: mean loss = 0.0137
	Step 100: mean loss = 0.0137
	Step 150: mean loss = 0.0138

	Loss on validation set after epoch 130: 0.0144

Epoch 131
	Step 0: mean loss = 0.0144
	Step 50: mean loss = 0.0137
	Step 100: mean loss = 0.0137
	Step 150: mean loss = 0.0137

	Loss on validation set after epoch 131: 0.0140

Epoch 132
	Step 0: mean loss = 0.0136
	Step 50: mean loss = 0.0139
	Step 100: mean loss = 0.0138
	Step 150: mean loss = 0.0139

	Loss on validation set after epoch 132: 0.0137

Epoch 133
	Step 0: mean loss = 0.0135
	Step 50: mean loss = 0.0135
	Step 100: mean loss = 0.0136
	Step 150: mean loss = 0.0137

	Loss on validation set after epoch 133: 0.0142

Epoch 134
	Step 0: mean loss = 0.0129
	Step 50: mean loss = 0.0136
	Step 100: mean loss = 0.0136
	Step 150: mean loss = 0.0136

	Loss on validation set after epoch 134: 0.0138

Epoch 135
	Step 0: mean loss = 0.0158
	Step 50: mean loss = 0.0135
	Step 100: mean loss = 0.0135
	Step 150: mean loss = 0.0135

	Loss on validation set after epoch 135: 0.0144

Epoch 136
	Step 0: mean loss = 0.0140
	Step 50: mean loss = 0.0136
	Step 100: mean loss = 0.0136
	Step 150: mean loss = 0.0136

	Loss on validation set after epoch 136: 0.0140

Epoch 137
	Step 0: mean loss = 0.0134
	Step 50: mean loss = 0.0135
	Step 100: mean loss = 0.0135
	Step 150: mean loss = 0.0248

	Loss on validation set after epoch 137: 0.0500

Epoch 138
	Step 0: mean loss = 0.0490
	Step 50: mean loss = 0.0448
	Step 100: mean loss = 0.0418
	Step 150: mean loss = 0.0393

	Loss on validation set after epoch 138: 0.0314

Epoch 139
	Step 0: mean loss = 0.0322
	Step 50: mean loss = 0.0300
	Step 100: mean loss = 0.0284
	Step 150: mean loss = 0.0273

	Loss on validation set after epoch 139: 0.0245

Epoch 140
	Step 0: mean loss = 0.0247
	Step 50: mean loss = 0.0230
	Step 100: mean loss = 0.0225
	Step 150: mean loss = 0.0220

	Loss on validation set after epoch 140: 0.0209

Epoch 141
	Step 0: mean loss = 0.0192
	Step 50: mean loss = 0.0204
	Step 100: mean loss = 0.0201
	Step 150: mean loss = 0.0199

	Loss on validation set after epoch 141: 0.0191

Epoch 142
	Step 0: mean loss = 0.0192
	Step 50: mean loss = 0.0191
	Step 100: mean loss = 0.0190
	Step 150: mean loss = 0.0189

	Loss on validation set after epoch 142: 0.0182

Model from epoch 132 was selected by early stopping.
Training process will be stopped now.
Deleted temporary files in ../data/trained_models/temp_01-12-17-04-44/
Location of saved model: ../data/trained_models/selected_4_01-12-17-04-44/ 

Adding feature wise convolutions with 32 filters per feature, 3 kernels and 1 strides ...
Adding feature wise convolutions with 1 filters per feature, 3 kernels and 1 strides ...
Adding feature based graph attention layer ...
Adding time based graph attention layer ...
Adding GRU layer with 256 units ...
Adding GRU layer with 61 units ...
Adding GRU layer to forecasting model with 256 units ...
Adding VAE as reconstruction model with dimensions 3072 & 1536 and ...
The RBM reconstructs the output of the gru layer.

Grid search running in anomaly detection model selection mode.
The following hyperparameters will not be evaluated:
relevance_mapping
unaffected_component_threshold
si_mode
si_parameter

Testing 8874 combinations via grid search 
for model selected_4_01-12-17-04-44/ on the validation dataset. 


Best combinations tested:
      gamma  single_timestamp_a.. affected_timestamp..     AD F1     AD F2    AD TPR   AD Prec    AD ACC    AD TNR    AD FPR  SI/ST AVG-HR@100%  SI/ST AVG-HR@150%  SI/ST AVG-HR@K  SI/ST F1  SI/ST TPR  SI/ST ACC
Comb                                                                                                                                                                                                              
1565   0.20                  0.36                  240  0.498442  0.619195  0.738462  0.376176  0.717544  0.712635  0.287365           0.022674           0.044722        0.009231  0.003077   0.003077   0.846627
491    0.10                  0.35                  230  0.496395  0.619219  0.741538  0.373065  0.714035  0.707581  0.292419           0.028002           0.059155        0.009231  0.003077   0.003077   0.846627
1014   0.15                  0.35                  240  0.495902  0.620195  0.744615  0.371736  0.712281  0.704693  0.295307           0.026117           0.050107        0.009231  0.003077   0.003077   0.846627
492    0.10                  0.35                  240  0.495258  0.610707  0.723077  0.376603  0.719883  0.719134  0.280866           0.028002           0.059155        0.009231  0.003077   0.003077   0.846627
1564   0.20                  0.36                  230  0.494908  0.620848  0.747692  0.369863  0.709942  0.701083  0.298917           0.022674           0.044722        0.009231  0.003077   0.003077   0.846627
1041   0.15                  0.36                  220  0.493878  0.618926  0.744615  0.369466  0.709942  0.701805  0.298195           0.024774           0.048312        0.009231  0.003077   0.003077   0.846627
521    0.10                  0.36                  240  0.492408  0.598313  0.698462  0.380235  0.726316  0.732852  0.267148           0.027709           0.059594        0.009231  0.003077   0.003077   0.846627
518    0.10                  0.36                  210  0.490760  0.613135  0.735385  0.368259  0.709942  0.703971  0.296029           0.027709           0.059594        0.009231  0.003077   0.003077   0.846627
1042   0.15                  0.36                  230  0.490683  0.610510  0.729231  0.369735  0.712281  0.708303  0.291697           0.024774           0.048312        0.009231  0.003077   0.003077   0.846627
490    0.10                  0.35                  220  0.489879  0.616403  0.744615  0.365008  0.705263  0.696029  0.303971           0.028002           0.059155        0.009231  0.003077   0.003077   0.846627
2087   0.25                  0.36                  240  0.489879  0.616403  0.744615  0.365008  0.705263  0.696029  0.303971           0.021604           0.041352        0.009231  0.003077   0.003077   0.846627
2086   0.25                  0.36                  230  0.489635  0.623742  0.763077  0.360465  0.697661  0.682310  0.317690           0.021604           0.041352        0.009231  0.003077   0.003077   0.846627
1040   0.15                  0.36                  210  0.489468  0.618661  0.750769  0.363095  0.702339  0.690975  0.309025           0.024774           0.048312        0.009231  0.003077   0.003077   0.846627
517    0.10                  0.36                  200  0.489383  0.616090  0.744615  0.364458  0.704678  0.695307  0.304693           0.027709           0.059594        0.009231  0.003077   0.003077   0.846627
1043   0.15                  0.36                  240  0.489362  0.600522  0.707692  0.373984  0.719298  0.722022  0.277978           0.024774           0.048312        0.009231  0.003077   0.003077   0.846627
520    0.10                  0.36                  230  0.488842  0.600209  0.707692  0.373377  0.718713  0.721300  0.278700           0.027709           0.059594        0.009231  0.003077   0.003077   0.846627
463    0.10                  0.34                  240  0.486922  0.614525  0.744615  0.361734  0.701754  0.691697  0.308303           0.028088           0.059155        0.009231  0.003077   0.003077   0.846627
1563   0.20                  0.36                  220  0.486540  0.616785  0.750769  0.359882  0.698830  0.686643  0.313357           0.022674           0.044722        0.009231  0.003077   0.003077   0.846627
1013   0.15                  0.35                  230  0.485629  0.617440  0.753846  0.358187  0.696491  0.683032  0.316968           0.026117           0.050107        0.009231  0.003077   0.003077   0.846627
519    0.10                  0.36                  220  0.484277  0.598756  0.710769  0.367250  0.712281  0.712635  0.287365           0.027709           0.059594        0.009231  0.003077   0.003077   0.846627
1536   0.20                  0.35                  240  0.483301  0.617160  0.756923  0.354978  0.692398  0.677256  0.322744           0.024188           0.044283        0.009231  0.003077   0.003077   0.846627
489    0.10                  0.35                  210  0.482353  0.616541  0.756923  0.353957  0.691228  0.675812  0.324188           0.028002           0.059155        0.009231  0.003077   0.003077   0.846627
2609   0.30                  0.36                  240  0.481951  0.617500  0.760000  0.352857  0.689474  0.672924  0.327076           0.020962           0.038947        0.009231  0.003077   0.003077   0.846627
516    0.10                  0.36                  195  0.481809  0.614960  0.753846  0.354046  0.691813  0.677256  0.322744           0.027709           0.059594        0.009231  0.003077   0.003077   0.846627
462    0.10                  0.34                  230  0.478599  0.614079  0.756923  0.349929  0.686550  0.670036  0.329964           0.028088           0.059155        0.009231  0.003077   0.003077   0.846627
1012   0.15                  0.35                  220  0.478599  0.614079  0.756923  0.349929  0.686550  0.670036  0.329964           0.026117           0.050107        0.009231  0.003077   0.003077   0.846627
1562   0.20                  0.36                  210  0.477927  0.617253  0.766154  0.347280  0.681871  0.662094  0.337906           0.022674           0.044722        0.009231  0.003077   0.003077   0.846627
515    0.10                  0.36                  190  0.477756  0.614734  0.760000  0.348378  0.684211  0.666426  0.333574           0.027709           0.059594        0.009231  0.003077   0.003077   0.846627
2608   0.30                  0.36                  230  0.476281  0.618531  0.772308  0.344307  0.677193  0.654874  0.345126           0.020962           0.038947        0.009231  0.003077   0.003077   0.846627
985    0.15                  0.34                  240  0.473077  0.610422  0.756923  0.344056  0.679532  0.661372  0.338628           0.026322           0.051096        0.009231  0.003077   0.003077   0.846627
1039   0.15                  0.36                  200  0.472973  0.609150  0.753846  0.344585  0.680702  0.663538  0.336462           0.024774           0.048312        0.009231  0.003077   0.003077   0.846627
1038   0.15                  0.36                  195  0.472934  0.613905  0.766154  0.342033  0.675439  0.654152  0.345848           0.024774           0.048312        0.009231  0.003077   0.003077   0.846627
1535   0.20                  0.35                  230  0.472831  0.612648  0.763077  0.342541  0.676608  0.656318  0.343682           0.024188           0.044283        0.009231  0.003077   0.003077   0.846627
2085   0.25                  0.36                  220  0.472381  0.612346  0.763077  0.342069  0.676023  0.655596  0.344404           0.021604           0.041352        0.009231  0.003077   0.003077   0.846627
3131   0.35                  0.36                  240  0.471575  0.617676  0.778462  0.338235  0.668421  0.642599  0.357401           0.021780           0.037677        0.009231  0.003077   0.003077   0.846627
514    0.10                  0.36                  185  0.471483  0.611741  0.763077  0.341128  0.674854  0.654152  0.345848           0.027709           0.059594        0.009231  0.003077   0.003077   0.846627
461    0.10                  0.34                  220  0.471264  0.609212  0.756923  0.342142  0.677193  0.658484  0.341516           0.028088           0.059155        0.009231  0.003077   0.003077   0.846627
513    0.10                  0.36                  180  0.471028  0.616137  0.775385  0.338255  0.669006  0.644043  0.355957           0.027709           0.059594        0.009231  0.003077   0.003077   0.846627
984    0.15                  0.34                  230  0.470810  0.613648  0.769231  0.339213  0.671345  0.648375  0.351625           0.026322           0.051096        0.009231  0.003077   0.003077   0.846627
2058   0.25                  0.35                  240  0.470810  0.613648  0.769231  0.339213  0.671345  0.648375  0.351625           0.021384           0.042085        0.009231  0.003077   0.003077   0.846627
1037   0.15                  0.36                  190  0.470588  0.615836  0.775385  0.337802  0.668421  0.643321  0.356679           0.024774           0.048312        0.009231  0.003077   0.003077   0.846627
2084   0.25                  0.36                  210  0.469711  0.615234  0.775385  0.336898  0.667251  0.641877  0.358123           0.021604           0.041352        0.009231  0.003077   0.003077   0.846627
434    0.10                  0.33                  240  0.469466  0.608008  0.756923  0.340249  0.674854  0.655596  0.344404           0.028869           0.059594        0.012308  0.003077   0.003077   0.846627
2607   0.30                  0.36                  220  0.469067  0.617104  0.781538  0.335092  0.663743  0.636101  0.363899           0.020962           0.038947        0.009231  0.003077   0.003077   0.846627
1560   0.20                  0.36                  195  0.468750  0.618032  0.784615  0.334207  0.661988  0.633213  0.366787           0.022674           0.044722        0.009231  0.003077   0.003077   0.846627
487    0.10                  0.35                  195  0.468721  0.613392  0.772308  0.336461  0.667251  0.642599  0.357401           0.028002           0.059155        0.009231  0.003077   0.003077   0.846627
512    0.10                  0.36                  175  0.467967  0.614035  0.775385  0.335106  0.664912  0.638989  0.361011           0.027709           0.059594        0.009231  0.003077   0.003077   0.846627
1011   0.15                  0.35                  210  0.467606  0.610294  0.766154  0.336486  0.668421  0.645487  0.354513           0.026117           0.050107        0.009231  0.003077   0.003077   0.846627
1534   0.20                  0.35                  220  0.467290  0.611247  0.769231  0.335570  0.666667  0.642599  0.357401           0.024188           0.044283        0.009231  0.003077   0.003077   0.846627
1561   0.20                  0.36                  200  0.466543  0.611897  0.772308  0.334221  0.664327  0.638989  0.361011           0.022674           0.044722        0.009231  0.003077   0.003077   0.846627
488    0.10                  0.35                  200  0.466478  0.607178  0.760000  0.336512  0.669591  0.648375  0.351625           0.028002           0.059155        0.009231  0.003077   0.003077   0.846627
1036   0.15                  0.36                  185  0.466359  0.614078  0.778462  0.332895  0.661404  0.633935  0.366065           0.024774           0.048312        0.009231  0.003077   0.003077   0.846627
460    0.10                  0.34                  210  0.465677  0.611301  0.772308  0.333333  0.663158  0.637545  0.362455           0.028088           0.059155        0.009231  0.003077   0.003077   0.846627
2057   0.25                  0.35                  230  0.465374  0.612245  0.775385  0.332454  0.661404  0.634657  0.365343           0.021384           0.042085        0.009231  0.003077   0.003077   0.846627
433    0.10                  0.33                  230  0.457457  0.604449  0.769231  0.325521  0.653216  0.625993  0.374007           0.028869           0.059594        0.012308  0.003077   0.003077   0.846627
1559   0.20                  0.36                  190  0.456328  0.610396  0.787692  0.321205  0.643275  0.609386  0.390614           0.022674           0.044722        0.009231  0.003077   0.003077   0.846627
511    0.10                  0.36                  170  0.456014  0.607946  0.781538  0.321926  0.645614  0.613718  0.386282           0.027709           0.059594        0.009231  0.003077   0.003077   0.846627
509    0.10                  0.36                  160  0.455830  0.612245  0.793846  0.319703  0.639766  0.603610  0.396390           0.027709           0.059594        0.009231  0.003077   0.003077   0.846627
1035   0.15                  0.36                  180  0.455764  0.608883  0.784615  0.321159  0.643860  0.610830  0.389170           0.024774           0.048312        0.009231  0.003077   0.003077   0.846627
1034   0.15                  0.36                  175  0.455674  0.611032  0.790769  0.320050  0.640936  0.605776  0.394224           0.024774           0.048312        0.009231  0.003077   0.003077   0.846627
1507   0.20                  0.34                  240  0.454959  0.602700  0.769231  0.322997  0.649708  0.621661  0.378339           0.024237           0.044600        0.012308  0.003077   0.003077   0.846627
510    0.10                  0.36                  165  0.454951  0.608302  0.784615  0.320352  0.642690  0.609386  0.390614           0.027709           0.059594        0.009231  0.003077   0.003077   0.846627
486    0.10                  0.35                  190  0.454874  0.604897  0.775385  0.321839  0.646784  0.616606  0.383394           0.028002           0.059155        0.009231  0.003077   0.003077   0.846627
1533   0.20                  0.35                  210  0.454383  0.606785  0.781538  0.320303  0.643275  0.610830  0.389170           0.024188           0.044283        0.009231  0.003077   0.003077   0.846627
485    0.10                  0.35                  185  0.453977  0.606495  0.781538  0.319899  0.642690  0.610108  0.389892           0.028002           0.059155        0.009231  0.003077   0.003077   0.846627
484    0.10                  0.35                  180  0.453663  0.609583  0.790769  0.318069  0.638012  0.602166  0.397834           0.028002           0.059155        0.009231  0.003077   0.003077   0.846627
1010   0.15                  0.35                  200  0.453645  0.604027  0.775385  0.320611  0.645029  0.614440  0.385560           0.026117           0.050107        0.009231  0.003077   0.003077   0.846627
983    0.15                  0.34                  220  0.453069  0.602496  0.772308  0.320562  0.645614  0.615884  0.384116           0.026322           0.051096        0.009231  0.003077   0.003077   0.846627
1009   0.15                  0.35                  195  0.452931  0.606854  0.784615  0.318352  0.639766  0.605776  0.394224           0.026117           0.050107        0.009231  0.003077   0.003077   0.846627
2083   0.25                  0.36                  200  0.452529  0.606565  0.784615  0.317955  0.639181  0.605054  0.394946           0.021604           0.041352        0.009231  0.003077   0.003077   0.846627
3130   0.35                  0.36                  230  0.452128  0.606277  0.784615  0.317559  0.638596  0.604332  0.395668           0.021780           0.037677        0.009231  0.003077   0.003077   0.846627
1558   0.20                  0.36                  185  0.451670  0.608140  0.790769  0.316113  0.635088  0.598556  0.401444           0.022674           0.044722        0.009231  0.003077   0.003077   0.846627
508    0.10                  0.36                  155  0.451444  0.609065  0.793846  0.315403  0.633333  0.595668  0.404332           0.027709           0.059594        0.009231  0.003077   0.003077   0.846627
1033   0.15                  0.36                  170  0.451444  0.609065  0.793846  0.315403  0.633333  0.595668  0.404332           0.024774           0.048312        0.009231  0.003077   0.003077   0.846627
507    0.10                  0.36                  150  0.445017  0.605423  0.796923  0.308701  0.622222  0.581227  0.418773           0.027709           0.059594        0.009231  0.003077   0.003077   0.846627
483    0.10                  0.35                  175  0.444252  0.602720  0.790769  0.308894  0.623977  0.584838  0.415162           0.028002           0.059155        0.009231  0.003077   0.003077   0.846627
1008   0.15                  0.35                  190  0.444059  0.601504  0.787692  0.309179  0.625146  0.587004  0.412996           0.026117           0.050107        0.009231  0.003077   0.003077   0.846627
982    0.15                  0.34                  210  0.444056  0.599339  0.781538  0.310134  0.628070  0.592058  0.407942           0.026322           0.051096        0.009231  0.003077   0.003077   0.846627
1032   0.15                  0.36                  165  0.443873  0.604575  0.796923  0.307601  0.620468  0.579061  0.420939           0.024774           0.048312        0.009231  0.003077   0.003077   0.846627
458    0.10                  0.34                  195  0.443864  0.600282  0.784615  0.309466  0.626316  0.589170  0.410830           0.028088           0.059155        0.009231  0.003077   0.003077   0.846627
956    0.15                  0.33                  240  0.443656  0.594672  0.769231  0.311721  0.633333  0.601444  0.398556           0.026884           0.052708        0.012308  0.003077   0.003077   0.846627
2082   0.25                  0.36                  195  0.443493  0.604293  0.796923  0.307236  0.619883  0.578339  0.421661           0.021604           0.041352        0.009231  0.003077   0.003077   0.846627
2606   0.30                  0.36                  210  0.443486  0.602156  0.790769  0.308153  0.622807  0.583394  0.416606           0.020962           0.038947        0.009231  0.003077   0.003077   0.846627
432    0.10                  0.33                  220  0.443463  0.595634  0.772308  0.311029  0.631579  0.598556  0.401444           0.028869           0.059594        0.012308  0.003077   0.003077   0.846627
459    0.10                  0.34                  200  0.443272  0.596591  0.775385  0.310345  0.629825  0.595668  0.404332           0.028088           0.059155        0.009231  0.003077   0.003077   0.846627
2056   0.25                  0.35                  220  0.442509  0.598210  0.781538  0.308627  0.625731  0.589170  0.410830           0.021384           0.042085        0.009231  0.003077   0.003077   0.846627
506    0.10                  0.36                  145  0.442373  0.605568  0.803077  0.305263  0.615205  0.571119  0.428881           0.027709           0.059594        0.009231  0.003077   0.003077   0.846627
482    0.10                  0.35                  170  0.442357  0.603448  0.796923  0.306147  0.618129  0.576173  0.423827           0.028002           0.059155        0.009231  0.003077   0.003077   0.846627
3653   0.40                  0.36                  240  0.442124  0.597928  0.781538  0.308252  0.625146  0.588448  0.411552           0.019692           0.037323        0.009231  0.003077   0.003077   0.846627
2580   0.30                  0.35                  240  0.440590  0.596805  0.781538  0.306763  0.622807  0.585560  0.414440           0.021877           0.039606        0.009231  0.003077   0.003077   0.846627
1506   0.20                  0.34                  230  0.439024  0.593500  0.775385  0.306197  0.623392  0.587726  0.412274           0.024237           0.044600        0.012308  0.003077   0.003077   0.846627
1557   0.20                  0.36                  180  0.437131  0.599537  0.796923  0.301163  0.609942  0.566065  0.433935           0.022674           0.044722        0.009231  0.003077   0.003077   0.846627
505    0.10                  0.36                  140  0.435363  0.600276  0.803077  0.298627  0.604094  0.557401  0.442599           0.027709           0.059594        0.009231  0.003077   0.003077   0.846627
3129   0.35                  0.36                  220  0.432570  0.591922  0.784615  0.298595  0.608772  0.567509  0.432491           0.021780           0.037677        0.009231  0.003077   0.003077   0.846627
431    0.10                  0.33                  210  0.431973  0.590423  0.781538  0.298472  0.609357  0.568953  0.431047           0.028869           0.059594        0.012308  0.003077   0.003077   0.846627
1532   0.20                  0.35                  200  0.430126  0.592166  0.790769  0.295402  0.601754  0.557401  0.442599           0.024188           0.044283        0.009231  0.003077   0.003077   0.846627
1007   0.15                  0.35                  185  0.429642  0.592831  0.793846  0.294521  0.599415  0.553791  0.446209           0.026117           0.050107        0.009231  0.003077   0.003077   0.846627
457    0.10                  0.34                  190  0.428691  0.591076  0.790769  0.294050  0.599415  0.554513  0.445487           0.028088           0.059155        0.009231  0.003077   0.003077   0.846627
2081   0.25                  0.36                  190  0.428099  0.592677  0.796923  0.292655  0.595322  0.548014  0.451986           0.021604           0.041352        0.009231  0.003077   0.003077   0.846627
405    0.10                  0.32                  240  0.427716  0.583022  0.769231  0.296209  0.608772  0.571119  0.428881           0.028393           0.059814        0.012308  0.003077   0.003077   0.846627
1556   0.20                  0.36                  175  0.427632  0.593336  0.800000  0.291807  0.592982  0.544404  0.455596           0.022674           0.044722        0.009231  0.003077   0.003077   0.846627
955    0.15                  0.33                  230  0.427365  0.585919  0.778462  0.294529  0.603509  0.562455  0.437545           0.026884           0.052708        0.012308  0.003077   0.003077   0.846627
1031   0.15                  0.36                  160  0.427280  0.593066  0.800000  0.291480  0.592398  0.543682  0.456318           0.024774           0.048312        0.009231  0.003077   0.003077   0.846627
1531   0.20                  0.35                  195  0.426689  0.591594  0.796923  0.291339  0.592982  0.545126  0.454874           0.024188           0.044283        0.009231  0.003077   0.003077   0.846627
2579   0.30                  0.35                  230  0.426421  0.587287  0.784615  0.292767  0.598830  0.555235  0.444765           0.021877           0.039606        0.009231  0.003077   0.003077   0.846627
481    0.10                  0.35                  165  0.425532  0.591716  0.800000  0.289855  0.589474  0.540072  0.459928           0.028002           0.059155        0.009231  0.003077   0.003077   0.846627
1505   0.20                  0.34                  220  0.425461  0.585523  0.781538  0.292290  0.598830  0.555957  0.444043           0.024237           0.044600        0.012308  0.003077   0.003077   0.846627
404    0.10                  0.32                  230  0.425316  0.583333  0.775385  0.293023  0.601754  0.561011  0.438989           0.028393           0.059814        0.012308  0.003077   0.003077   0.846627
2029   0.25                  0.34                  240  0.425105  0.585253  0.781538  0.291954  0.598246  0.555235  0.444765           0.021384           0.042964        0.012308  0.003077   0.003077   0.846627
1030   0.15                  0.36                  155  0.424490  0.590909  0.800000  0.288889  0.587719  0.537906  0.462094           0.024774           0.048312        0.009231  0.003077   0.003077   0.846627
981    0.15                  0.34                  200  0.424443  0.587832  0.790769  0.290068  0.592398  0.545848  0.454152           0.026322           0.051096        0.009231  0.003077   0.003077   0.846627
480    0.10                  0.35                  160  0.423798  0.590372  0.800000  0.288248  0.586550  0.536462  0.463538           0.028002           0.059155        0.009231  0.003077   0.003077   0.846627
456    0.10                  0.34                  185  0.423645  0.588235  0.793846  0.288914  0.589474  0.541516  0.458484           0.028088           0.059155        0.009231  0.003077   0.003077   0.846627
1006   0.15                  0.35                  180  0.423549  0.589172  0.796923  0.288419  0.587719  0.538628  0.461372           0.026117           0.050107        0.009231  0.003077   0.003077   0.846627
2055   0.25                  0.35                  210  0.423394  0.587026  0.790769  0.289089  0.590643  0.543682  0.456318           0.021384           0.042085        0.009231  0.003077   0.003077   0.846627
1029   0.15                  0.36                  150  0.422421  0.589302  0.800000  0.286976  0.584211  0.533574  0.466426           0.024774           0.048312        0.009231  0.003077   0.003077   0.846627
479    0.10                  0.35                  155  0.422078  0.589035  0.800000  0.286659  0.583626  0.532852  0.467148           0.028002           0.059155        0.009231  0.003077   0.003077   0.846627
1555   0.20                  0.36                  170  0.421394  0.588502  0.800000  0.286029  0.582456  0.531408  0.468592           0.022674           0.044722        0.009231  0.003077   0.003077   0.846627
2080   0.25                  0.36                  185  0.420796  0.587035  0.796923  0.285872  0.583041  0.532852  0.467148           0.021604           0.041352        0.009231  0.003077   0.003077   0.846627
3652   0.40                  0.36                  230  0.420707  0.583942  0.787692  0.286996  0.587719  0.540794  0.459206           0.019692           0.037323        0.009231  0.003077   0.003077   0.846627
504    0.10                  0.36                  135  0.419952  0.588368  0.803077  0.284314  0.578363  0.525632  0.474368           0.027709           0.059594        0.009231  0.003077   0.003077   0.846627
455    0.10                  0.34                  180  0.419773  0.586238  0.796923  0.284928  0.581287  0.530686  0.469314           0.028088           0.059155        0.009231  0.003077   0.003077   0.846627
2605   0.30                  0.36                  200  0.419592  0.584091  0.790769  0.285556  0.584211  0.535740  0.464260           0.020962           0.038947        0.009231  0.003077   0.003077   0.846627
1005   0.15                  0.35                  175  0.418680  0.586378  0.800000  0.283533  0.577778  0.525632  0.474368           0.026117           0.050107        0.009231  0.003077   0.003077   0.846627
1530   0.20                  0.35                  190  0.418079  0.584914  0.796923  0.283370  0.578363  0.527076  0.472924           0.024188           0.044283        0.009231  0.003077   0.003077   0.846627
1478   0.20                  0.33                  240  0.417077  0.579115  0.781538  0.284434  0.584795  0.538628  0.461372           0.024493           0.044942        0.012308  0.003077   0.003077   0.846627
980    0.15                  0.34                  195  0.416734  0.583859  0.796923  0.282135  0.576023  0.524188  0.475812           0.026322           0.051096        0.009231  0.003077   0.003077   0.846627
954    0.15                  0.33                  220  0.416052  0.578324  0.781538  0.283482  0.583041  0.536462  0.463538           0.026884           0.052708        0.012308  0.003077   0.003077   0.846627
1004   0.15                  0.35                  170  0.416000  0.584270  0.800000  0.281081  0.573099  0.519856  0.480144           0.026117           0.050107        0.009231  0.003077   0.003077   0.846627
1554   0.20                  0.36                  165  0.416000  0.584270  0.800000  0.281081  0.573099  0.519856  0.480144           0.022674           0.044722        0.009231  0.003077   0.003077   0.846627
403    0.10                  0.32                  220  0.415987  0.579282  0.784615  0.283019  0.581287  0.533574  0.466426           0.028393           0.059814        0.012308  0.003077   0.003077   0.846627
430    0.10                  0.33                  200  0.415521  0.580922  0.790769  0.281798  0.577193  0.527076  0.472924           0.028869           0.059594        0.012308  0.003077   0.003077   0.846627
503    0.10                  0.36                  130  0.415274  0.584677  0.803077  0.280043  0.570175  0.515523  0.484477           0.027709           0.059594        0.009231  0.003077   0.003077   0.846627
927    0.15                  0.32                  240  0.415033  0.577535  0.781538  0.282536  0.581287  0.534296  0.465704           0.026933           0.056920        0.021538  0.003077   0.003077   0.846627
1028   0.15                  0.36                  145  0.414944  0.584416  0.803077  0.279743  0.569591  0.514801  0.485199           0.024774           0.048312        0.009231  0.003077   0.003077   0.846627
478    0.10                  0.35                  150  0.414673  0.583221  0.800000  0.279871  0.570760  0.516968  0.483032           0.028002           0.059155        0.009231  0.003077   0.003077   0.846627
429    0.10                  0.33                  195  0.414400  0.582022  0.796923  0.280000  0.571930  0.519134  0.480866           0.028869           0.059594        0.012308  0.003077   0.003077   0.846627
454    0.10                  0.34                  175  0.414343  0.582960  0.800000  0.279570  0.570175  0.516245  0.483755           0.028088           0.059155        0.009231  0.003077   0.003077   0.846627
376    0.10                  0.31                  240  0.414018  0.576748  0.781538  0.281596  0.579532  0.532130  0.467870           0.029455           0.062671        0.021538  0.006154   0.006154   0.847101
3128   0.35                  0.36                  210  0.413849  0.579612  0.790769  0.280262  0.574269  0.523466  0.476534           0.021780           0.037677        0.009231  0.003077   0.003077   0.846627
1504   0.20                  0.34                  210  0.413516  0.579351  0.790769  0.279956  0.573684  0.522744  0.477256           0.024237           0.044600        0.012308  0.003077   0.003077   0.846627
3102   0.35                  0.35                  240  0.413344  0.576225  0.781538  0.280973  0.578363  0.530686  0.469314           0.021743           0.038507        0.012308  0.003077   0.003077   0.846627
2028   0.25                  0.34                  230  0.413290  0.577184  0.784615  0.280528  0.576608  0.527798  0.472202           0.021384           0.042964        0.012308  0.003077   0.003077   0.846627
979    0.15                  0.34                  190  0.412749  0.580717  0.796923  0.278495  0.569006  0.515523  0.484477           0.026322           0.051096        0.009231  0.003077   0.003077   0.846627
2604   0.30                  0.36                  195  0.412749  0.580717  0.796923  0.278495  0.569006  0.515523  0.484477           0.020962           0.038947        0.009231  0.003077   0.003077   0.846627
4175   0.45                  0.36                  240  0.412621  0.576662  0.784615  0.279912  0.575439  0.526354  0.473646           0.019557           0.038788        0.006154  0.003077   0.003077   0.846627
2079   0.25                  0.36                  180  0.412044  0.581135  0.800000  0.277481  0.566082  0.511191  0.488809           0.021604           0.041352        0.009231  0.003077   0.003077   0.846627
2578   0.30                  0.35                  220  0.411622  0.575881  0.784615  0.278993  0.573684  0.524188  0.475812           0.021877           0.039606        0.009231  0.003077   0.003077   0.846627
953    0.15                  0.33                  210  0.410871  0.577269  0.790769  0.277538  0.569006  0.516968  0.483032           0.026884           0.052708        0.012308  0.003077   0.003077   0.846627
1529   0.20                  0.35                  185  0.410785  0.579159  0.796923  0.276709  0.565497  0.511191  0.488809           0.024188           0.044283        0.009231  0.003077   0.003077   0.846627
2054   0.25                  0.35                  200  0.410215  0.576750  0.790769  0.276940  0.567836  0.515523  0.484477           0.021384           0.042085        0.009231  0.003077   0.003077   0.846627
428    0.10                  0.33                  190  0.410135  0.578642  0.796923  0.276119  0.564327  0.509747  0.490253           0.028869           0.059594        0.012308  0.003077   0.003077   0.846627
1003   0.15                  0.35                  165  0.410095  0.579581  0.800000  0.275716  0.562573  0.506859  0.493141           0.026117           0.050107        0.009231  0.003077   0.003077   0.846627
1553   0.20                  0.36                  160  0.410095  0.579581  0.800000  0.275716  0.562573  0.506859  0.493141           0.022674           0.044722        0.009231  0.003077   0.003077   0.846627
2078   0.25                  0.36                  175  0.409771  0.579323  0.800000  0.275424  0.561988  0.506137  0.493863           0.021604           0.041352        0.009231  0.003077   0.003077   0.846627
2603   0.30                  0.36                  190  0.409486  0.578125  0.796923  0.275532  0.563158  0.508303  0.491697           0.020962           0.038947        0.009231  0.003077   0.003077   0.846627
1477   0.20                  0.33                  230  0.409310  0.574066  0.784615  0.276873  0.569591  0.519134  0.480866           0.024493           0.044942        0.012308  0.003077   0.003077   0.846627
453    0.10                  0.34                  170  0.409127  0.578807  0.800000  0.274841  0.560819  0.504693  0.495307           0.028088           0.059155        0.009231  0.003077   0.003077   0.846627
2027   0.25                  0.34                  220  0.408946  0.574764  0.787692  0.276160  0.567251  0.515523  0.484477           0.021384           0.042964        0.012308  0.003077   0.003077   0.846627
477    0.10                  0.35                  145  0.408771  0.579485  0.803077  0.274160  0.558480  0.501083  0.498917           0.028002           0.059155        0.009231  0.003077   0.003077   0.846627
926    0.15                  0.32                  230  0.408654  0.573549  0.784615  0.276273  0.568421  0.517690  0.482310           0.026933           0.056920        0.021538  0.003077   0.003077   0.846627
2551   0.30                  0.34                  240  0.408654  0.573549  0.784615  0.276273  0.568421  0.517690  0.482310           0.022476           0.040705        0.012308  0.003077   0.003077   0.846627
347    0.10                  0.30                  240  0.408293  0.574249  0.787692  0.275565  0.566082  0.514079  0.485921           0.031988           0.064991        0.021538  0.012308   0.012308   0.848047
898    0.15                  0.31                  240  0.408293  0.574249  0.787692  0.275565  0.566082  0.514079  0.485921           0.029717           0.059631        0.021538  0.012308   0.012308   0.848047
1449   0.20                  0.32                  240  0.408293  0.574249  0.787692  0.275565  0.566082  0.514079  0.485921           0.025397           0.049460        0.021538  0.012308   0.012308   0.848047
1476   0.20                  0.33                  220  0.408261  0.575201  0.790769  0.275161  0.564327  0.511191  0.488809           0.024493           0.044942        0.012308  0.003077   0.003077   0.846627
1552   0.20                  0.36                  155  0.408163  0.578035  0.800000  0.273973  0.559064  0.502527  0.497473           0.022674           0.044722        0.009231  0.003077   0.003077   0.846627
375    0.10                  0.31                  230  0.408000  0.573034  0.784615  0.275676  0.567251  0.516245  0.483755           0.029455           0.062671        0.021538  0.006154   0.006154   0.847101
1027   0.15                  0.36                  140  0.407813  0.578714  0.803077  0.273298  0.556725  0.498917  0.501083           0.024774           0.048312        0.009231  0.003077   0.003077   0.846627
402    0.10                  0.32                  210  0.407643  0.573734  0.787692  0.274973  0.564912  0.512635  0.487365           0.028393           0.059814        0.012308  0.003077   0.003077   0.846627
3101   0.35                  0.35                  230  0.407643  0.573734  0.787692  0.274973  0.564912  0.512635  0.487365           0.021743           0.038507        0.012308  0.003077   0.003077   0.846627
1528   0.20                  0.35                  180  0.407524  0.577521  0.800000  0.273396  0.557895  0.501083  0.498917           0.024188           0.044283        0.009231  0.003077   0.003077   0.846627
2000   0.25                  0.33                  240  0.407348  0.572519  0.784615  0.275081  0.566082  0.514801  0.485199           0.022520           0.044625        0.012308  0.003077   0.003077   0.846627
978    0.15                  0.34                  185  0.407233  0.576324  0.796923  0.273495  0.559064  0.503249  0.496751           0.026322           0.051096        0.009231  0.003077   0.003077   0.846627
2053   0.25                  0.35                  195  0.407233  0.576324  0.796923  0.273495  0.559064  0.503249  0.496751           0.021384           0.042085        0.009231  0.003077   0.003077   0.846627
3651   0.40                  0.36                  220  0.406995  0.573220  0.787692  0.274384  0.563743  0.511191  0.488809           0.019692           0.037323        0.009231  0.003077   0.003077   0.846627
925    0.15                  0.32                  220  0.406968  0.574173  0.790769  0.273987  0.561988  0.508303  0.491697           0.026933           0.056920        0.021538  0.003077   0.003077   0.846627
502    0.10                  0.36                  125  0.406859  0.577945  0.803077  0.272443  0.554971  0.496751  0.503249           0.027709           0.059594        0.009231  0.003077   0.003077   0.846627
452    0.10                  0.34                  165  0.406568  0.576752  0.800000  0.272537  0.556140  0.498917  0.501083           0.028088           0.059155        0.009231  0.003077   0.003077   0.846627
1002   0.15                  0.35                  160  0.406568  0.576752  0.800000  0.272537  0.556140  0.498917  0.501083           0.026117           0.050107        0.009231  0.003077   0.003077   0.846627
4174   0.45                  0.36                  230  0.406349  0.572707  0.787692  0.273797  0.562573  0.509747  0.490253           0.019557           0.038788        0.006154  0.003077   0.003077   0.846627
374    0.10                  0.31                  220  0.406324  0.573661  0.790769  0.273404  0.560819  0.506859  0.493141           0.029455           0.062671        0.021538  0.006154   0.006154   0.847101
2577   0.30                  0.35                  210  0.406324  0.573661  0.790769  0.273404  0.560819  0.506859  0.493141           0.021877           0.039606        0.009231  0.003077   0.003077   0.846627
977    0.15                  0.34                  180  0.406250  0.576497  0.800000  0.272251  0.555556  0.498195  0.501805           0.026322           0.051096        0.009231  0.003077   0.003077   0.846627
1503   0.20                  0.34                  200  0.406003  0.573405  0.790769  0.273114  0.560234  0.506137  0.493863           0.024237           0.044600        0.012308  0.003077   0.003077   0.846627
427    0.10                  0.33                  185  0.405956  0.575300  0.796923  0.272345  0.556725  0.500361  0.499639           0.028869           0.059594        0.012308  0.003077   0.003077   0.846627
426    0.10                  0.33                  180  0.405933  0.576241  0.800000  0.271967  0.554971  0.497473  0.502527           0.028869           0.059594        0.012308  0.003077   0.003077   0.846627
1527   0.20                  0.35                  175  0.405933  0.576241  0.800000  0.271967  0.554971  0.497473  0.502527           0.024188           0.044283        0.009231  0.003077   0.003077   0.846627
2550   0.30                  0.34                  230  0.405705  0.572195  0.787692  0.273212  0.561404  0.508303  0.491697           0.022476           0.040705        0.012308  0.003077   0.003077   0.846627
2077   0.25                  0.36                  170  0.405616  0.575986  0.800000  0.271682  0.554386  0.496751  0.503249           0.021604           0.041352        0.009231  0.003077   0.003077   0.846627
451    0.10                  0.34                  160  0.404984  0.575476  0.800000  0.271116  0.553216  0.495307  0.504693           0.028088           0.059155        0.009231  0.003077   0.003077   0.846627
476    0.10                  0.35                  140  0.404965  0.576413  0.803077  0.270747  0.551462  0.492419  0.507581           0.028002           0.059155        0.009231  0.003077   0.003077   0.846627
1502   0.20                  0.34                  195  0.404687  0.574279  0.796923  0.271204  0.554386  0.497473  0.502527           0.024237           0.044600        0.012308  0.003077   0.003077   0.846627
976    0.15                  0.34                  175  0.404669  0.575221  0.800000  0.270833  0.552632  0.494585  0.505415           0.026322           0.051096        0.009231  0.003077   0.003077   0.846627
897    0.15                  0.31                  230  0.404423  0.571174  0.787692  0.272051  0.559064  0.505415  0.494585           0.029717           0.059631        0.021538  0.012308   0.012308   0.848047
1999   0.25                  0.33                  230  0.404423  0.571174  0.787692  0.272051  0.559064  0.505415  0.494585           0.022520           0.044625        0.012308  0.003077   0.003077   0.846627
952    0.15                  0.33                  200  0.404406  0.572128  0.790769  0.271670  0.557310  0.502527  0.497473           0.026884           0.052708        0.012308  0.003077   0.003077   0.846627
951    0.15                  0.33                  195  0.404372  0.574025  0.796923  0.270921  0.553801  0.496751  0.503249           0.026884           0.052708        0.012308  0.003077   0.003077   0.846627
2052   0.25                  0.35                  190  0.404372  0.574025  0.796923  0.270921  0.553801  0.496751  0.503249           0.021384           0.042085        0.009231  0.003077   0.003077   0.846627
2602   0.30                  0.36                  185  0.404372  0.574025  0.796923  0.270921  0.553801  0.496751  0.503249           0.020962           0.038947        0.009231  0.003077   0.003077   0.846627
1001   0.15                  0.35                  155  0.404355  0.574967  0.800000  0.270552  0.552047  0.493863  0.506137           0.026117           0.050107        0.009231  0.003077   0.003077   0.846627
1526   0.20                  0.35                  170  0.404355  0.574967  0.800000  0.270552  0.552047  0.493863  0.506137           0.024188           0.044283        0.009231  0.003077   0.003077   0.846627
1026   0.15                  0.36                  135  0.404338  0.575905  0.803077  0.270186  0.550292  0.490975  0.509025           0.024774           0.048312        0.009231  0.003077   0.003077   0.846627
3624   0.40                  0.35                  240  0.404120  0.569960  0.784615  0.272145  0.560234  0.507581  0.492419           0.020278           0.040119        0.012308  0.003077   0.003077   0.846627
346    0.10                  0.30                  230  0.404104  0.570919  0.787692  0.271762  0.558480  0.504693  0.495307           0.031988           0.064991        0.021538  0.012308   0.012308   0.848047
1448   0.20                  0.32                  230  0.404104  0.570919  0.787692  0.271762  0.558480  0.504693  0.495307           0.025397           0.049460        0.021538  0.012308   0.012308   0.848047
318    0.10                  0.29                  240  0.404088  0.571874  0.790769  0.271383  0.556725  0.501805  0.498195           0.034395           0.066835        0.027692  0.012308   0.012308   0.848047
401    0.10                  0.32                  200  0.404088  0.571874  0.790769  0.271383  0.556725  0.501805  0.498195           0.028393           0.059814        0.012308  0.003077   0.003077   0.846627
3127   0.35                  0.36                  200  0.404088  0.571874  0.790769  0.271383  0.556725  0.501805  0.498195           0.021780           0.037677        0.009231  0.003077   0.003077   0.846627
400    0.10                  0.32                  195  0.404056  0.573770  0.796923  0.270637  0.553216  0.496029  0.503971           0.028393           0.059814        0.012308  0.003077   0.003077   0.846627
2076   0.25                  0.36                  165  0.404040  0.574713  0.800000  0.270270  0.551462  0.493141  0.506859           0.021604           0.041352        0.009231  0.003077   0.003077   0.846627
2601   0.30                  0.36                  180  0.404040  0.574713  0.800000  0.270270  0.551462  0.493141  0.506859           0.020962           0.038947        0.009231  0.003077   0.003077   0.846627
373    0.10                  0.31                  210  0.403771  0.571619  0.790769  0.271097  0.556140  0.501083  0.498917           0.029455           0.062671        0.021538  0.006154   0.006154   0.847101
425    0.10                  0.33                  175  0.403727  0.574459  0.800000  0.269990  0.550877  0.492419  0.507581           0.028869           0.059594        0.012308  0.003077   0.003077   0.846627
1551   0.20                  0.36                  150  0.403727  0.574459  0.800000  0.269990  0.550877  0.492419  0.507581           0.022674           0.044722        0.009231  0.003077   0.003077   0.846627
2522   0.30                  0.33                  240  0.403467  0.570410  0.787692  0.271186  0.557310  0.503249  0.496751           0.023684           0.044490        0.021538  0.012308   0.012308   0.848047
924    0.15                  0.32                  210  0.403454  0.571365  0.790769  0.270811  0.555556  0.500361  0.499639           0.026933           0.056920        0.021538  0.003077   0.003077   0.846627
1475   0.20                  0.33                  210  0.403454  0.571365  0.790769  0.270811  0.555556  0.500361  0.499639           0.024493           0.044942        0.012308  0.003077   0.003077   0.846627
2026   0.25                  0.34                  210  0.403454  0.571365  0.790769  0.270811  0.555556  0.500361  0.499639           0.021384           0.042964        0.012308  0.003077   0.003077   0.846627
950    0.15                  0.33                  190  0.403427  0.573263  0.796923  0.270073  0.552047  0.494585  0.505415           0.026884           0.052708        0.012308  0.003077   0.003077   0.846627
1501   0.20                  0.34                  190  0.403427  0.573263  0.796923  0.270073  0.552047  0.494585  0.505415           0.024237           0.044600        0.012308  0.003077   0.003077   0.846627
4697   0.50                  0.36                  240  0.403162  0.569196  0.784615  0.271277  0.558480  0.505415  0.494585           0.018617           0.039929        0.009231  0.003077   0.003077   0.846627
3623   0.40                  0.35                  230  0.403150  0.570156  0.787692  0.270899  0.556725  0.502527  0.497473           0.020278           0.040119        0.012308  0.003077   0.003077   0.846627
399    0.10                  0.32                  190  0.403113  0.573009  0.796923  0.269792  0.551462  0.493863  0.506137           0.028393           0.059814        0.012308  0.003077   0.003077   0.846627
3126   0.35                  0.36                  195  0.403113  0.573009  0.796923  0.269792  0.551462  0.493863  0.506137           0.021780           0.037677        0.009231  0.003077   0.003077   0.846627
450    0.10                  0.34                  155  0.403101  0.573951  0.800000  0.269430  0.549708  0.490975  0.509025           0.028088           0.059155        0.009231  0.003077   0.003077   0.846627
975    0.15                  0.34                  170  0.403101  0.573951  0.800000  0.269430  0.549708  0.490975  0.509025           0.026322           0.051096        0.009231  0.003077   0.003077   0.846627
3073   0.35                  0.34                  240  0.402844  0.568942  0.784615  0.270988  0.557895  0.504693  0.495307           0.022549           0.041413        0.012308  0.006154   0.006154   0.847101
3100   0.35                  0.35                  220  0.402832  0.569902  0.787692  0.270613  0.556140  0.501805  0.498195           0.021743           0.038507        0.012308  0.003077   0.003077   0.846627
3650   0.40                  0.36                  210  0.402821  0.570857  0.790769  0.270242  0.554386  0.498917  0.501083           0.019692           0.037323        0.009231  0.003077   0.003077   0.846627
2051   0.25                  0.35                  185  0.402799  0.572755  0.796923  0.269511  0.550877  0.493141  0.506859           0.021384           0.042085        0.009231  0.003077   0.003077   0.846627
398    0.10                  0.32                  185  0.402789  0.573698  0.800000  0.269151  0.549123  0.490253  0.509747           0.028393           0.059814        0.012308  0.003077   0.003077   0.846627
1525   0.20                  0.35                  165  0.402789  0.573698  0.800000  0.269151  0.549123  0.490253  0.509747           0.024188           0.044283        0.009231  0.003077   0.003077   0.846627
501    0.10                  0.36                  120  0.402778  0.574637  0.803077  0.268795  0.547368  0.487365  0.512635           0.027709           0.059594        0.009231  0.003077   0.003077   0.846627
2549   0.30                  0.34                  220  0.402506  0.570604  0.790769  0.269958  0.553801  0.498195  0.501805           0.022476           0.040705        0.012308  0.003077   0.003077   0.846627
1500   0.20                  0.34                  185  0.402486  0.572502  0.796923  0.269231  0.550292  0.492419  0.507581           0.024237           0.044600        0.012308  0.003077   0.003077   0.846627
424    0.10                  0.33                  170  0.402477  0.573445  0.800000  0.268873  0.548538  0.489531  0.510469           0.028869           0.059594        0.012308  0.003077   0.003077   0.846627
2050   0.25                  0.35                  180  0.402477  0.573445  0.800000  0.268873  0.548538  0.489531  0.510469           0.021384           0.042085        0.009231  0.003077   0.003077   0.846627
2075   0.25                  0.36                  160  0.402477  0.573445  0.800000  0.268873  0.548538  0.489531  0.510469           0.021604           0.041352        0.009231  0.003077   0.003077   0.846627
1550   0.20                  0.36                  145  0.402467  0.574384  0.803077  0.268519  0.546784  0.486643  0.513357           0.022674           0.044722        0.009231  0.003077   0.003077   0.846627
1971   0.25                  0.32                  240  0.402200  0.569395  0.787692  0.270042  0.554971  0.500361  0.499639           0.024937           0.048104        0.021538  0.012308   0.012308   0.848047
345    0.10                  0.30                  220  0.402191  0.570351  0.790769  0.269675  0.553216  0.497473  0.502527           0.031988           0.064991        0.021538  0.012308   0.012308   0.848047
4173   0.45                  0.36                  220  0.402191  0.570351  0.790769  0.269675  0.553216  0.497473  0.502527           0.019557           0.038788        0.006154  0.003077   0.003077   0.846627
974    0.15                  0.34                  165  0.402166  0.573192  0.800000  0.268595  0.547953  0.488809  0.511191           0.026322           0.051096        0.009231  0.003077   0.003077   0.846627
2600   0.30                  0.36                  175  0.402166  0.573192  0.800000  0.268595  0.547953  0.488809  0.511191           0.020962           0.038947        0.009231  0.003077   0.003077   0.846627
869    0.15                  0.30                  240  0.401884  0.569142  0.787692  0.269758  0.554386  0.499639  0.500361           0.030559           0.062109        0.021538  0.012308   0.012308   0.848047
896    0.15                  0.31                  220  0.401876  0.570098  0.790769  0.269392  0.552632  0.496751  0.503249           0.029717           0.059631        0.021538  0.012308   0.012308   0.848047
1998   0.25                  0.33                  220  0.401876  0.570098  0.790769  0.269392  0.552632  0.496751  0.503249           0.022520           0.044625        0.012308  0.003077   0.003077   0.846627
949    0.15                  0.33                  185  0.401862  0.571996  0.796923  0.268672  0.549123  0.490975  0.509025           0.026884           0.052708        0.012308  0.003077   0.003077   0.846627
1000   0.15                  0.35                  150  0.401855  0.572940  0.800000  0.268318  0.547368  0.488087  0.511913           0.026117           0.050107        0.009231  0.003077   0.003077   0.846627

Full result output for the best combination:
                 #Examples   TP   FP   TN  FN       ACC       FNR       TNR       FPR       TPR      Prec        F1        F2  AVG # affected
Component                                                                                                                                    
no_failure            1385    0  398  987   0  0.712635       NaN  0.712635  0.287365       NaN  0.000000       NaN       NaN      179.885921
txt15_i1                 5    4    0    0   1  0.800000  0.200000       NaN       NaN  0.800000  1.000000  0.888889  0.833333      420.400000
txt15_i3                 5    2    0    0   3  0.400000  0.600000       NaN       NaN  0.400000  1.000000  0.571429  0.454545      216.800000
txt15_conveyor           3    3    0    0   0  1.000000  0.000000       NaN       NaN  1.000000  1.000000  1.000000  1.000000      446.666667
txt15_m1               160  123    0    0  37  0.768750  0.231250       NaN       NaN  0.768750  1.000000  0.869258  0.806029      349.900000
txt15_pl                 9    4    0    0   5  0.444444  0.555556       NaN       NaN  0.444444  1.000000  0.615385  0.500000      254.222222
txt16_i3                 4    4    0    0   0  1.000000  0.000000       NaN       NaN  1.000000  1.000000  1.000000  1.000000      287.000000
txt16_conveyor           8    8    0    0   0  1.000000  0.000000       NaN       NaN  1.000000  1.000000  1.000000  1.000000      299.750000
txt16_m3                65   61    0    0   4  0.938462  0.061538       NaN       NaN  0.938462  1.000000  0.968254  0.950156      382.246154
txt16_turntable          2    1    0    0   1  0.500000  0.500000       NaN       NaN  0.500000  1.000000  0.666667  0.555556      230.000000
txt17_i1                16   11    0    0   5  0.687500  0.312500       NaN       NaN  0.687500  1.000000  0.814815  0.733333      282.687500
txt17_pl                14   14    0    0   0  1.000000  0.000000       NaN       NaN  1.000000  1.000000  1.000000  1.000000      395.000000
txt18_pl                28    0    0    0  28  0.000000  1.000000       NaN       NaN  0.000000       NaN       NaN       NaN       14.857143
txt19_i4                 6    5    0    0   1  0.833333  0.166667       NaN       NaN  0.833333  1.000000  0.909091  0.862069      298.500000
combined              1710  240  398  987  85  0.717544  0.261538  0.712635  0.287365  0.738462  0.376176  0.498442  0.619195      206.463158

                 #Examples   TP   FP   TN  FN       ACC       FNR       TNR       FPR       TPR      Prec        F1        F2  AVG # affected
Component                                                                                                                                    
no_failure            1385    0  398  987   0  0.712635       NaN  0.712635  0.287365       NaN  0.000000       NaN       NaN      179.885921
txt15_i1                 5    4    0    0   1  0.800000  0.200000       NaN       NaN  0.800000  1.000000  0.888889  0.833333      420.400000
txt15_i3                 5    2    0    0   3  0.400000  0.600000       NaN       NaN  0.400000  1.000000  0.571429  0.454545      216.800000
txt15_conveyor           3    3    0    0   0  1.000000  0.000000       NaN       NaN  1.000000  1.000000  1.000000  1.000000      446.666667
txt15_m1               160  123    0    0  37  0.768750  0.231250       NaN       NaN  0.768750  1.000000  0.869258  0.806029      349.900000
txt15_pl                 9    4    0    0   5  0.444444  0.555556       NaN       NaN  0.444444  1.000000  0.615385  0.500000      254.222222
txt16_i3                 4    4    0    0   0  1.000000  0.000000       NaN       NaN  1.000000  1.000000  1.000000  1.000000      287.000000
txt16_conveyor           8    8    0    0   0  1.000000  0.000000       NaN       NaN  1.000000  1.000000  1.000000  1.000000      299.750000
txt16_m3                65   61    0    0   4  0.938462  0.061538       NaN       NaN  0.938462  1.000000  0.968254  0.950156      382.246154
txt16_turntable          2    1    0    0   1  0.500000  0.500000       NaN       NaN  0.500000  1.000000  0.666667  0.555556      230.000000
txt17_i1                16   11    0    0   5  0.687500  0.312500       NaN       NaN  0.687500  1.000000  0.814815  0.733333      282.687500
txt17_pl                14   14    0    0   0  1.000000  0.000000       NaN       NaN  1.000000  1.000000  1.000000  1.000000      395.000000
txt18_pl                28    0    0    0  28  0.000000  1.000000       NaN       NaN  0.000000       NaN       NaN       NaN       14.857143
txt19_i4                 6    5    0    0   1  0.833333  0.166667       NaN       NaN  0.833333  1.000000  0.909091  0.862069      298.500000
combined              1710  240  398  987  85  0.717544  0.261538  0.712635  0.287365  0.738462  0.376176  0.498442  0.619195      206.463158

Execution time: 182148.22435329529
