
Dataset loaded:
Shape of training set (example, time, channels): (20812, 500, 61)
Shape of test set (example, time, channels): (3989, 500, 61)
Shape of train validation set (example, time, channels): (2313, 500, 61)
Shape of test validation set (example, time, channels): (1710, 500, 61)
Num of classes in all: 25

Creating model based on ../configuration/hyperparameter_combinations/selected/selected_2_mod_5.json hyperparameter file 

Adding feature wise convolutions with 32 filters per feature, 3 kernels and 1 strides ...
Adding feature wise convolutions with 1 filters per feature, 3 kernels and 1 strides ...
Adding feature based graph attention layer ...
Adding time based graph attention layer ...
Adding GRU layer with 256 units ...
Adding GRU layer with 61 units ...
Adding dense layer to forecasting model with 512 units and ReLu activation ...
Adding dense layer to forecasting model with 256 units and ReLu activation ...
Adding last dense layer to forecasting model with 61 units and sigmoid activation ...
Adding VAE as reconstruction model with dimensions 3072 & 1536 and ...
The RBM reconstructs the output of the gru layer.

Epoch 0
	Step 0: mean loss = 1.3120
	Step 50: mean loss = 0.5159
	Step 100: mean loss = 0.3628
	Step 150: mean loss = 0.2845

	Loss on validation set after epoch 0: 0.1146

Epoch 1
	Step 0: mean loss = 0.1127
	Step 50: mean loss = 0.1099
	Step 100: mean loss = 0.1058
	Step 150: mean loss = 0.1022

	Loss on validation set after epoch 1: 0.0912

Epoch 2
	Step 0: mean loss = 0.0924
	Step 50: mean loss = 0.0885
	Step 100: mean loss = 0.0863
	Step 150: mean loss = 0.0841

	Loss on validation set after epoch 2: 0.0774

Epoch 3
	Step 0: mean loss = 0.0826
	Step 50: mean loss = 0.0757
	Step 100: mean loss = 0.0745
	Step 150: mean loss = 0.0735

	Loss on validation set after epoch 3: 0.0698

Epoch 4
	Step 0: mean loss = 0.0720
	Step 50: mean loss = 0.0690
	Step 100: mean loss = 0.0683
	Step 150: mean loss = 0.0673

	Loss on validation set after epoch 4: 0.0648

Epoch 5
	Step 0: mean loss = 0.0647
	Step 50: mean loss = 0.0628
	Step 100: mean loss = 0.0628
	Step 150: mean loss = 0.0621

	Loss on validation set after epoch 5: 0.0610

Epoch 6
	Step 0: mean loss = 0.0601
	Step 50: mean loss = 0.0596
	Step 100: mean loss = 0.0594
	Step 150: mean loss = 0.0592

	Loss on validation set after epoch 6: 0.0569

Epoch 7
	Step 0: mean loss = 0.0602
	Step 50: mean loss = 0.0572
	Step 100: mean loss = 0.0572
	Step 150: mean loss = 0.0570

	Loss on validation set after epoch 7: 0.0559

Epoch 8
	Step 0: mean loss = 0.0510
	Step 50: mean loss = 0.0555
	Step 100: mean loss = 0.0555
	Step 150: mean loss = 0.0552

	Loss on validation set after epoch 8: 0.0529

Epoch 9
	Step 0: mean loss = 0.0511
	Step 50: mean loss = 0.0537
	Step 100: mean loss = 0.0539
	Step 150: mean loss = 0.0539

	Loss on validation set after epoch 9: 0.0524

Epoch 10
	Step 0: mean loss = 0.0471
	Step 50: mean loss = 0.0526
	Step 100: mean loss = 0.0527
	Step 150: mean loss = 0.0525

	Loss on validation set after epoch 10: 0.0507

Epoch 11
	Step 0: mean loss = 0.0511
	Step 50: mean loss = 0.0516
	Step 100: mean loss = 0.0521
	Step 150: mean loss = 0.0519

	Loss on validation set after epoch 11: 0.0504

Epoch 12
	Step 0: mean loss = 0.0501
	Step 50: mean loss = 0.0512
	Step 100: mean loss = 0.0513
	Step 150: mean loss = 0.0513

	Loss on validation set after epoch 12: 0.0500

Epoch 13
	Step 0: mean loss = 0.0517
	Step 50: mean loss = 0.0510
	Step 100: mean loss = 0.0509
	Step 150: mean loss = 0.0507

	Loss on validation set after epoch 13: 0.0499

Epoch 14
	Step 0: mean loss = 0.0566
	Step 50: mean loss = 0.0501
	Step 100: mean loss = 0.0503
	Step 150: mean loss = 0.0501

	Loss on validation set after epoch 14: 0.0498

Epoch 15
	Step 0: mean loss = 0.0485
	Step 50: mean loss = 0.0500
	Step 100: mean loss = 0.0498
	Step 150: mean loss = 0.0498

	Loss on validation set after epoch 15: 0.0487

Epoch 16
	Step 0: mean loss = 0.0494
	Step 50: mean loss = 0.0491
	Step 100: mean loss = 0.0494
	Step 150: mean loss = 0.0493

	Loss on validation set after epoch 16: 0.0479

Epoch 17
	Step 0: mean loss = 0.0491
	Step 50: mean loss = 0.0482
	Step 100: mean loss = 0.0490
	Step 150: mean loss = 0.0491

	Loss on validation set after epoch 17: 0.0505

Epoch 18
	Step 0: mean loss = 0.0501
	Step 50: mean loss = 0.0484
	Step 100: mean loss = 0.0483
	Step 150: mean loss = 0.0482

	Loss on validation set after epoch 18: 0.0479

Epoch 19
	Step 0: mean loss = 0.0477
	Step 50: mean loss = 0.0468
	Step 100: mean loss = 0.0467
	Step 150: mean loss = 0.0461

	Loss on validation set after epoch 19: 0.0447

Epoch 20
	Step 0: mean loss = 0.0423
	Step 50: mean loss = 0.0444
	Step 100: mean loss = 0.0442
	Step 150: mean loss = 0.0438

	Loss on validation set after epoch 20: 0.0437

Epoch 21
	Step 0: mean loss = 0.0408
	Step 50: mean loss = 0.0423
	Step 100: mean loss = 0.0423
	Step 150: mean loss = 0.0422

	Loss on validation set after epoch 21: 0.0419

Epoch 22
	Step 0: mean loss = 0.0421
	Step 50: mean loss = 0.0409
	Step 100: mean loss = 0.0411
	Step 150: mean loss = 0.0409

	Loss on validation set after epoch 22: 0.0412

Epoch 23
	Step 0: mean loss = 0.0381
	Step 50: mean loss = 0.0397
	Step 100: mean loss = 0.0397
	Step 150: mean loss = 0.0396

	Loss on validation set after epoch 23: 0.0386

Epoch 24
	Step 0: mean loss = 0.0398
	Step 50: mean loss = 0.0382
	Step 100: mean loss = 0.0382
	Step 150: mean loss = 0.0380

	Loss on validation set after epoch 24: 0.0379

Epoch 25
	Step 0: mean loss = 0.0378
	Step 50: mean loss = 0.0367
	Step 100: mean loss = 0.0368
	Step 150: mean loss = 0.0365

	Loss on validation set after epoch 25: 0.0351

Epoch 26
	Step 0: mean loss = 0.0341
	Step 50: mean loss = 0.0345
	Step 100: mean loss = 0.0343
	Step 150: mean loss = 0.0342

	Loss on validation set after epoch 26: 0.0319

Epoch 27
	Step 0: mean loss = 0.0323
	Step 50: mean loss = 0.0322
	Step 100: mean loss = 0.0320
	Step 150: mean loss = 0.0319

	Loss on validation set after epoch 27: 0.0312

Epoch 28
	Step 0: mean loss = 0.0312
	Step 50: mean loss = 0.0316
	Step 100: mean loss = 0.0310
	Step 150: mean loss = 0.0307

	Loss on validation set after epoch 28: 0.0298

Epoch 29
	Step 0: mean loss = 0.0287
	Step 50: mean loss = 0.0295
	Step 100: mean loss = 0.0294
	Step 150: mean loss = 0.0294

	Loss on validation set after epoch 29: 0.0286

Epoch 30
	Step 0: mean loss = 0.0292
	Step 50: mean loss = 0.0287
	Step 100: mean loss = 0.0293
	Step 150: mean loss = 0.0290

	Loss on validation set after epoch 30: 0.0283

Epoch 31
	Step 0: mean loss = 0.0274
	Step 50: mean loss = 0.0281
	Step 100: mean loss = 0.0280
	Step 150: mean loss = 0.0280

	Loss on validation set after epoch 31: 0.0275

Epoch 32
	Step 0: mean loss = 0.0330
	Step 50: mean loss = 0.0270
	Step 100: mean loss = 0.0274
	Step 150: mean loss = 0.0273

	Loss on validation set after epoch 32: 0.0266

Epoch 33
	Step 0: mean loss = 0.0297
	Step 50: mean loss = 0.0265
	Step 100: mean loss = 0.0268
	Step 150: mean loss = 0.0268

	Loss on validation set after epoch 33: 0.0268

Epoch 34
	Step 0: mean loss = 0.0260
	Step 50: mean loss = 0.0263
	Step 100: mean loss = 0.0263
	Step 150: mean loss = 0.0263

	Loss on validation set after epoch 34: 0.0259

Epoch 35
	Step 0: mean loss = 0.0279
	Step 50: mean loss = 0.0258
	Step 100: mean loss = 0.0261
	Step 150: mean loss = 0.0260

	Loss on validation set after epoch 35: 0.0259

Epoch 36
	Step 0: mean loss = 0.0250
	Step 50: mean loss = 0.0255
	Step 100: mean loss = 0.0256
	Step 150: mean loss = 0.0257

	Loss on validation set after epoch 36: 0.0251

Epoch 37
	Step 0: mean loss = 0.0260
	Step 50: mean loss = 0.0252
	Step 100: mean loss = 0.0254
	Step 150: mean loss = 0.0254

	Loss on validation set after epoch 37: 0.0248

Epoch 38
	Step 0: mean loss = 0.0283
	Step 50: mean loss = 0.0251
	Step 100: mean loss = 0.0251
	Step 150: mean loss = 0.0251

	Loss on validation set after epoch 38: 0.0244

Epoch 39
	Step 0: mean loss = 0.0229
	Step 50: mean loss = 0.0246
	Step 100: mean loss = 0.0247
	Step 150: mean loss = 0.0246

	Loss on validation set after epoch 39: 0.0238

Epoch 40
	Step 0: mean loss = 0.0240
	Step 50: mean loss = 0.0240
	Step 100: mean loss = 0.0244
	Step 150: mean loss = 0.0244

	Loss on validation set after epoch 40: 0.0250

Epoch 41
	Step 0: mean loss = 0.0253
	Step 50: mean loss = 0.0239
	Step 100: mean loss = 0.0239
	Step 150: mean loss = 0.0239

	Loss on validation set after epoch 41: 0.0234

Epoch 42
	Step 0: mean loss = 0.0256
	Step 50: mean loss = 0.0233
	Step 100: mean loss = 0.0236
	Step 150: mean loss = 0.0237

	Loss on validation set after epoch 42: 0.0232

Epoch 43
	Step 0: mean loss = 0.0227
	Step 50: mean loss = 0.0230
	Step 100: mean loss = 0.0234
	Step 150: mean loss = 0.0234

	Loss on validation set after epoch 43: 0.0231

Epoch 44
	Step 0: mean loss = 0.0246
	Step 50: mean loss = 0.0230
	Step 100: mean loss = 0.0231
	Step 150: mean loss = 0.0231

	Loss on validation set after epoch 44: 0.0224

Epoch 45
	Step 0: mean loss = 0.0242
	Step 50: mean loss = 0.0228
	Step 100: mean loss = 0.0229
	Step 150: mean loss = 0.0229

	Loss on validation set after epoch 45: 0.0221

Epoch 46
	Step 0: mean loss = 0.0236
	Step 50: mean loss = 0.0226
	Step 100: mean loss = 0.0228
	Step 150: mean loss = 0.0227

	Loss on validation set after epoch 46: 0.0224

Epoch 47
	Step 0: mean loss = 0.0223
	Step 50: mean loss = 0.0224
	Step 100: mean loss = 0.0227
	Step 150: mean loss = 0.0226

	Loss on validation set after epoch 47: 0.0221

Epoch 48
	Step 0: mean loss = 0.0233
	Step 50: mean loss = 0.0217
	Step 100: mean loss = 0.0220
	Step 150: mean loss = 0.0224

	Loss on validation set after epoch 48: 0.0217

Epoch 49
	Step 0: mean loss = 0.0208
	Step 50: mean loss = 0.0218
	Step 100: mean loss = 0.0219
	Step 150: mean loss = 0.0220

	Loss on validation set after epoch 49: 0.0212

Epoch 50
	Step 0: mean loss = 0.0200
	Step 50: mean loss = 0.0215
	Step 100: mean loss = 0.0216
	Step 150: mean loss = 0.0216

	Loss on validation set after epoch 50: 0.0216

Epoch 51
	Step 0: mean loss = 0.0205
	Step 50: mean loss = 0.0214
	Step 100: mean loss = 0.0215
	Step 150: mean loss = 0.0215

	Loss on validation set after epoch 51: 0.0216

Epoch 52
	Step 0: mean loss = 0.0176
	Step 50: mean loss = 0.0212
	Step 100: mean loss = 0.0213
	Step 150: mean loss = 0.0213

	Loss on validation set after epoch 52: 0.0209

Epoch 53
	Step 0: mean loss = 0.0229
	Step 50: mean loss = 0.0208
	Step 100: mean loss = 0.0210
	Step 150: mean loss = 0.0211

	Loss on validation set after epoch 53: 0.0209

Epoch 54
	Step 0: mean loss = 0.0227
	Step 50: mean loss = 0.0210
	Step 100: mean loss = 0.0210
	Step 150: mean loss = 0.0210

	Loss on validation set after epoch 54: 0.0204

Epoch 55
	Step 0: mean loss = 0.0247
	Step 50: mean loss = 0.0207
	Step 100: mean loss = 0.0207
	Step 150: mean loss = 0.0208

	Loss on validation set after epoch 55: 0.0200

Epoch 56
	Step 0: mean loss = 0.0214
	Step 50: mean loss = 0.0218
	Step 100: mean loss = 0.0213
	Step 150: mean loss = 0.0211

	Loss on validation set after epoch 56: 0.0197

Epoch 57
	Step 0: mean loss = 0.0197
	Step 50: mean loss = 0.0203
	Step 100: mean loss = 0.0204
	Step 150: mean loss = 0.0205

	Loss on validation set after epoch 57: 0.0199

Epoch 58
	Step 0: mean loss = 0.0197
	Step 50: mean loss = 0.0203
	Step 100: mean loss = 0.0203
	Step 150: mean loss = 0.0203

	Loss on validation set after epoch 58: 0.0204

Epoch 59
	Step 0: mean loss = 0.0200
	Step 50: mean loss = 0.0216
	Step 100: mean loss = 0.0210
	Step 150: mean loss = 0.0207

	Loss on validation set after epoch 59: 0.0198

Epoch 60
	Step 0: mean loss = 0.0228
	Step 50: mean loss = 0.0199
	Step 100: mean loss = 0.0201
	Step 150: mean loss = 0.0202

	Loss on validation set after epoch 60: 0.0193

Epoch 61
	Step 0: mean loss = 0.0211
	Step 50: mean loss = 0.0199
	Step 100: mean loss = 0.0199
	Step 150: mean loss = 0.0199

	Loss on validation set after epoch 61: 0.0195

Epoch 62
	Step 0: mean loss = 0.0205
	Step 50: mean loss = 0.0203
	Step 100: mean loss = 0.0201
	Step 150: mean loss = 0.0200

	Loss on validation set after epoch 62: 0.0186

Epoch 63
	Step 0: mean loss = 0.0223
	Step 50: mean loss = 0.0196
	Step 100: mean loss = 0.0196
	Step 150: mean loss = 0.0196

	Loss on validation set after epoch 63: 0.0190

Epoch 64
	Step 0: mean loss = 0.0213
	Step 50: mean loss = 0.0193
	Step 100: mean loss = 0.0195
	Step 150: mean loss = 0.0195

	Loss on validation set after epoch 64: 0.0190

Epoch 65
	Step 0: mean loss = 0.0204
	Step 50: mean loss = 0.0191
	Step 100: mean loss = 0.0193
	Step 150: mean loss = 0.0193

	Loss on validation set after epoch 65: 0.0191

Epoch 66
	Step 0: mean loss = 0.0175
	Step 50: mean loss = 0.0190
	Step 100: mean loss = 0.0193
	Step 150: mean loss = 0.0193

	Loss on validation set after epoch 66: 0.0194

Epoch 67
	Step 0: mean loss = 0.0195
	Step 50: mean loss = 0.0187
	Step 100: mean loss = 0.0190
	Step 150: mean loss = 0.0190

	Loss on validation set after epoch 67: 0.0185

Epoch 68
	Step 0: mean loss = 0.0272
	Step 50: mean loss = 0.0187
	Step 100: mean loss = 0.0190
	Step 150: mean loss = 0.0188

	Loss on validation set after epoch 68: 0.0187

Epoch 69
	Step 0: mean loss = 0.0209
	Step 50: mean loss = 0.0186
	Step 100: mean loss = 0.0188
	Step 150: mean loss = 0.0187

	Loss on validation set after epoch 69: 0.0185

Epoch 70
	Step 0: mean loss = 0.0202
	Step 50: mean loss = 0.0184
	Step 100: mean loss = 0.0186
	Step 150: mean loss = 0.0185

	Loss on validation set after epoch 70: 0.0186

Epoch 71
	Step 0: mean loss = 0.0209
	Step 50: mean loss = 0.0183
	Step 100: mean loss = 0.0184
	Step 150: mean loss = 0.0184

	Loss on validation set after epoch 71: 0.0180

Epoch 72
	Step 0: mean loss = 0.0178
	Step 50: mean loss = 0.0182
	Step 100: mean loss = 0.0183
	Step 150: mean loss = 0.0183

	Loss on validation set after epoch 72: 0.0179

Epoch 73
	Step 0: mean loss = 0.0195
	Step 50: mean loss = 0.0182
	Step 100: mean loss = 0.0192
	Step 150: mean loss = 0.0188

	Loss on validation set after epoch 73: 0.0179

Epoch 74
	Step 0: mean loss = 0.0193
	Step 50: mean loss = 0.0181
	Step 100: mean loss = 0.0180
	Step 150: mean loss = 0.0180

	Loss on validation set after epoch 74: 0.0178

Epoch 75
	Step 0: mean loss = 0.0171
	Step 50: mean loss = 0.0179
	Step 100: mean loss = 0.0181
	Step 150: mean loss = 0.0180

	Loss on validation set after epoch 75: 0.0181

Epoch 76
	Step 0: mean loss = 0.0170
	Step 50: mean loss = 0.0178
	Step 100: mean loss = 0.0179
	Step 150: mean loss = 0.0178

	Loss on validation set after epoch 76: 0.0175

Epoch 77
	Step 0: mean loss = 0.0191
	Step 50: mean loss = 0.0176
	Step 100: mean loss = 0.0176
	Step 150: mean loss = 0.0181

	Loss on validation set after epoch 77: 0.0199

Epoch 78
	Step 0: mean loss = 0.0191
	Step 50: mean loss = 0.0177
	Step 100: mean loss = 0.0176
	Step 150: mean loss = 0.0176

	Loss on validation set after epoch 78: 0.0170

Epoch 79
	Step 0: mean loss = 0.0166
	Step 50: mean loss = 0.0176
	Step 100: mean loss = 0.0175
	Step 150: mean loss = 0.0175

	Loss on validation set after epoch 79: 0.0173

Epoch 80
	Step 0: mean loss = 0.0166
	Step 50: mean loss = 0.0170
	Step 100: mean loss = 0.0172
	Step 150: mean loss = 0.0173

	Loss on validation set after epoch 80: 0.0167

Epoch 81
	Step 0: mean loss = 0.0177
	Step 50: mean loss = 0.0172
	Step 100: mean loss = 0.0172
	Step 150: mean loss = 0.0172

	Loss on validation set after epoch 81: 0.0170

Epoch 82
	Step 0: mean loss = 0.0141
	Step 50: mean loss = 0.0168
	Step 100: mean loss = 0.0170
	Step 150: mean loss = 0.0178

	Loss on validation set after epoch 82: 0.0169

Epoch 83
	Step 0: mean loss = 0.0198
	Step 50: mean loss = 0.0166
	Step 100: mean loss = 0.0169
	Step 150: mean loss = 0.0168

	Loss on validation set after epoch 83: 0.0165

Epoch 84
	Step 0: mean loss = 0.0174
	Step 50: mean loss = 0.0167
	Step 100: mean loss = 0.0168
	Step 150: mean loss = 0.0168

	Loss on validation set after epoch 84: 0.0159

Epoch 85
	Step 0: mean loss = 0.0150
	Step 50: mean loss = 0.0164
	Step 100: mean loss = 0.0165
	Step 150: mean loss = 0.0165

	Loss on validation set after epoch 85: 0.0161

Epoch 86
	Step 0: mean loss = 0.0154
	Step 50: mean loss = 0.0164
	Step 100: mean loss = 0.0165
	Step 150: mean loss = 0.0165

	Loss on validation set after epoch 86: 0.0160

Epoch 87
	Step 0: mean loss = 0.0171
	Step 50: mean loss = 0.0162
	Step 100: mean loss = 0.0163
	Step 150: mean loss = 0.0164

	Loss on validation set after epoch 87: 0.0160

Epoch 88
	Step 0: mean loss = 0.0163
	Step 50: mean loss = 0.0161
	Step 100: mean loss = 0.0163
	Step 150: mean loss = 0.0163

	Loss on validation set after epoch 88: 0.0157

Epoch 89
	Step 0: mean loss = 0.0165
	Step 50: mean loss = 0.0159
	Step 100: mean loss = 0.0160
	Step 150: mean loss = 0.0160

	Loss on validation set after epoch 89: 0.0156

Epoch 90
	Step 0: mean loss = 0.0158
	Step 50: mean loss = 0.0160
	Step 100: mean loss = 0.0159
	Step 150: mean loss = 0.0159

	Loss on validation set after epoch 90: 0.0151

Epoch 91
	Step 0: mean loss = 0.0146
	Step 50: mean loss = 0.0156
	Step 100: mean loss = 0.0157
	Step 150: mean loss = 0.0157

	Loss on validation set after epoch 91: 0.0151

Epoch 92
	Step 0: mean loss = 0.0141
	Step 50: mean loss = 0.0156
	Step 100: mean loss = 0.0156
	Step 150: mean loss = 0.0157

	Loss on validation set after epoch 92: 0.0157

Epoch 93
	Step 0: mean loss = 0.0132
	Step 50: mean loss = 0.0155
	Step 100: mean loss = 0.0156
	Step 150: mean loss = 0.0156

	Loss on validation set after epoch 93: 0.0156

Epoch 94
	Step 0: mean loss = 0.0157
	Step 50: mean loss = 0.0155
	Step 100: mean loss = 0.0168
	Step 150: mean loss = 0.0163

	Loss on validation set after epoch 94: 0.0147

Epoch 95
	Step 0: mean loss = 0.0167
	Step 50: mean loss = 0.0152
	Step 100: mean loss = 0.0152
	Step 150: mean loss = 0.0153

	Loss on validation set after epoch 95: 0.0150

Epoch 96
	Step 0: mean loss = 0.0141
	Step 50: mean loss = 0.0151
	Step 100: mean loss = 0.0151
	Step 150: mean loss = 0.0151

	Loss on validation set after epoch 96: 0.0151

Epoch 97
	Step 0: mean loss = 0.0148
	Step 50: mean loss = 0.0150
	Step 100: mean loss = 0.0151
	Step 150: mean loss = 0.0151

	Loss on validation set after epoch 97: 0.0144

Epoch 98
	Step 0: mean loss = 0.0167
	Step 50: mean loss = 0.0148
	Step 100: mean loss = 0.0149
	Step 150: mean loss = 0.0149

	Loss on validation set after epoch 98: 0.0145

Epoch 99
	Step 0: mean loss = 0.0141
	Step 50: mean loss = 0.0148
	Step 100: mean loss = 0.0148
	Step 150: mean loss = 0.0147

	Loss on validation set after epoch 99: 0.0149

Epoch 100
	Step 0: mean loss = 0.0144
	Step 50: mean loss = 0.0147
	Step 100: mean loss = 0.0147
	Step 150: mean loss = 0.0146

	Loss on validation set after epoch 100: 0.0141

Epoch 101
	Step 0: mean loss = 0.0176
	Step 50: mean loss = 0.0145
	Step 100: mean loss = 0.0145
	Step 150: mean loss = 0.0145

	Loss on validation set after epoch 101: 0.0144

Epoch 102
	Step 0: mean loss = 0.0153
	Step 50: mean loss = 0.0143
	Step 100: mean loss = 0.0143
	Step 150: mean loss = 0.0143

	Loss on validation set after epoch 102: 0.0138

Epoch 103
	Step 0: mean loss = 0.0142
	Step 50: mean loss = 0.0142
	Step 100: mean loss = 0.0143
	Step 150: mean loss = 0.0142

	Loss on validation set after epoch 103: 0.0134

Epoch 104
	Step 0: mean loss = 0.0147
	Step 50: mean loss = 0.0141
	Step 100: mean loss = 0.0141
	Step 150: mean loss = 0.0141

	Loss on validation set after epoch 104: 0.0138

Epoch 105
	Step 0: mean loss = 0.0154
	Step 50: mean loss = 0.0141
	Step 100: mean loss = 0.0141
	Step 150: mean loss = 0.0140

	Loss on validation set after epoch 105: 0.0139

Epoch 106
	Step 0: mean loss = 0.0132
	Step 50: mean loss = 0.0139
	Step 100: mean loss = 0.0139
	Step 150: mean loss = 0.0139

	Loss on validation set after epoch 106: 0.0143

Epoch 107
	Step 0: mean loss = 0.0149
	Step 50: mean loss = 0.0138
	Step 100: mean loss = 0.0138
	Step 150: mean loss = 0.0137

	Loss on validation set after epoch 107: 0.0139

Epoch 108
	Step 0: mean loss = 0.0158
	Step 50: mean loss = 0.0136
	Step 100: mean loss = 0.0137
	Step 150: mean loss = 0.0138

	Loss on validation set after epoch 108: 0.0134

Epoch 109
	Step 0: mean loss = 0.0145
	Step 50: mean loss = 0.0136
	Step 100: mean loss = 0.0146
	Step 150: mean loss = 0.0143

	Loss on validation set after epoch 109: 0.0135

Epoch 110
	Step 0: mean loss = 0.0138
	Step 50: mean loss = 0.0134
	Step 100: mean loss = 0.0135
	Step 150: mean loss = 0.0134

	Loss on validation set after epoch 110: 0.0133

Epoch 111
	Step 0: mean loss = 0.0110
	Step 50: mean loss = 0.0132
	Step 100: mean loss = 0.0134
	Step 150: mean loss = 0.0133

	Loss on validation set after epoch 111: 0.0133

Epoch 112
	Step 0: mean loss = 0.0141
	Step 50: mean loss = 0.0133
	Step 100: mean loss = 0.0133
	Step 150: mean loss = 0.0133

	Loss on validation set after epoch 112: 0.0129

Epoch 113
	Step 0: mean loss = 0.0137
	Step 50: mean loss = 0.0131
	Step 100: mean loss = 0.0131
	Step 150: mean loss = 0.0131

	Loss on validation set after epoch 113: 0.0139

Epoch 114
	Step 0: mean loss = 0.0133
	Step 50: mean loss = 0.0130
	Step 100: mean loss = 0.0130
	Step 150: mean loss = 0.0130

	Loss on validation set after epoch 114: 0.0132

Epoch 115
	Step 0: mean loss = 0.0143
	Step 50: mean loss = 0.0129
	Step 100: mean loss = 0.0130
	Step 150: mean loss = 0.0129

	Loss on validation set after epoch 115: 0.0133

Epoch 116
	Step 0: mean loss = 0.0145
	Step 50: mean loss = 0.0127
	Step 100: mean loss = 0.0128
	Step 150: mean loss = 0.0128

	Loss on validation set after epoch 116: 0.0129

Epoch 117
	Step 0: mean loss = 0.0126
	Step 50: mean loss = 0.0128
	Step 100: mean loss = 0.0128
	Step 150: mean loss = 0.0127

	Loss on validation set after epoch 117: 0.0130

Epoch 118
	Step 0: mean loss = 0.0138
	Step 50: mean loss = 0.0126
	Step 100: mean loss = 0.0127
	Step 150: mean loss = 0.0127

	Loss on validation set after epoch 118: 0.0127

Epoch 119
	Step 0: mean loss = 0.0122
	Step 50: mean loss = 0.0125
	Step 100: mean loss = 0.0125
	Step 150: mean loss = 0.0124

	Loss on validation set after epoch 119: 0.0126

Epoch 120
	Step 0: mean loss = 0.0127
	Step 50: mean loss = 0.0124
	Step 100: mean loss = 0.0125
	Step 150: mean loss = 0.0124

	Loss on validation set after epoch 120: 0.0122

Epoch 121
	Step 0: mean loss = 0.0133
	Step 50: mean loss = 0.0123
	Step 100: mean loss = 0.0124
	Step 150: mean loss = 0.0123

	Loss on validation set after epoch 121: 0.0122

Epoch 122
	Step 0: mean loss = 0.0112
	Step 50: mean loss = 0.0122
	Step 100: mean loss = 0.0123
	Step 150: mean loss = 0.0122

	Loss on validation set after epoch 122: 0.0121

Epoch 123
	Step 0: mean loss = 0.0099
	Step 50: mean loss = 0.0121
	Step 100: mean loss = 0.0121
	Step 150: mean loss = 0.0121

	Loss on validation set after epoch 123: 0.0119

Epoch 124
	Step 0: mean loss = 0.0135
	Step 50: mean loss = 0.0120
	Step 100: mean loss = 0.0121
	Step 150: mean loss = 0.0120

	Loss on validation set after epoch 124: 0.0121

Epoch 125
	Step 0: mean loss = 0.0133
	Step 50: mean loss = 0.0120
	Step 100: mean loss = 0.0120
	Step 150: mean loss = 0.0120

	Loss on validation set after epoch 125: 0.0120

Epoch 126
	Step 0: mean loss = 0.0145
	Step 50: mean loss = 0.0119
	Step 100: mean loss = 0.0120
	Step 150: mean loss = 0.0119

	Loss on validation set after epoch 126: 0.0116

Epoch 127
	Step 0: mean loss = 0.0111
	Step 50: mean loss = 0.0118
	Step 100: mean loss = 0.0119
	Step 150: mean loss = 0.0119

	Loss on validation set after epoch 127: 0.0126

Epoch 128
	Step 0: mean loss = 0.0114
	Step 50: mean loss = 0.0117
	Step 100: mean loss = 0.0118
	Step 150: mean loss = 0.0118

	Loss on validation set after epoch 128: 0.0118

Epoch 129
	Step 0: mean loss = 0.0114
	Step 50: mean loss = 0.0116
	Step 100: mean loss = 0.0118
	Step 150: mean loss = 0.0117

	Loss on validation set after epoch 129: 0.0116

Epoch 130
	Step 0: mean loss = 0.0133
	Step 50: mean loss = 0.0117
	Step 100: mean loss = 0.0118
	Step 150: mean loss = 0.0117

	Loss on validation set after epoch 130: 0.0118

Epoch 131
	Step 0: mean loss = 0.0135
	Step 50: mean loss = 0.0113
	Step 100: mean loss = 0.0115
	Step 150: mean loss = 0.0114

	Loss on validation set after epoch 131: 0.0114

Epoch 132
	Step 0: mean loss = 0.0113
	Step 50: mean loss = 0.0113
	Step 100: mean loss = 0.0113
	Step 150: mean loss = 0.0113

	Loss on validation set after epoch 132: 0.0110

Epoch 133
	Step 0: mean loss = 0.0116
	Step 50: mean loss = 0.0111
	Step 100: mean loss = 0.0113
	Step 150: mean loss = 0.0112

	Loss on validation set after epoch 133: 0.0108

Epoch 134
	Step 0: mean loss = 0.0114
	Step 50: mean loss = 0.0110
	Step 100: mean loss = 0.0112
	Step 150: mean loss = 0.0111

	Loss on validation set after epoch 134: 0.0111

Epoch 135
	Step 0: mean loss = 0.0121
	Step 50: mean loss = 0.0111
	Step 100: mean loss = 0.0112
	Step 150: mean loss = 0.0111

	Loss on validation set after epoch 135: 0.0113

Epoch 136
	Step 0: mean loss = 0.0109
	Step 50: mean loss = 0.0109
	Step 100: mean loss = 0.0111
	Step 150: mean loss = 0.0111

	Loss on validation set after epoch 136: 0.0113

Epoch 137
	Step 0: mean loss = 0.0117
	Step 50: mean loss = 0.0109
	Step 100: mean loss = 0.0111
	Step 150: mean loss = 0.0109

	Loss on validation set after epoch 137: 0.0107

Epoch 138
	Step 0: mean loss = 0.0120
	Step 50: mean loss = 0.0131
	Step 100: mean loss = 0.0131
	Step 150: mean loss = 0.0123

	Loss on validation set after epoch 138: 0.0109

Epoch 139
	Step 0: mean loss = 0.0128
	Step 50: mean loss = 0.0109
	Step 100: mean loss = 0.0109
	Step 150: mean loss = 0.0108

	Loss on validation set after epoch 139: 0.0107

Epoch 140
	Step 0: mean loss = 0.0106
	Step 50: mean loss = 0.0108
	Step 100: mean loss = 0.0108
	Step 150: mean loss = 0.0107

	Loss on validation set after epoch 140: 0.0110

Epoch 141
	Step 0: mean loss = 0.0099
	Step 50: mean loss = 0.0107
	Step 100: mean loss = 0.0107
	Step 150: mean loss = 0.0106

	Loss on validation set after epoch 141: 0.0106

Epoch 142
	Step 0: mean loss = 0.0103
	Step 50: mean loss = 0.0104
	Step 100: mean loss = 0.0105
	Step 150: mean loss = 0.0105

	Loss on validation set after epoch 142: 0.0103

Epoch 143
	Step 0: mean loss = 0.0088
	Step 50: mean loss = 0.0103
	Step 100: mean loss = 0.0104
	Step 150: mean loss = 0.0104

	Loss on validation set after epoch 143: 0.0105

Epoch 144
	Step 0: mean loss = 0.0090
	Step 50: mean loss = 0.0102
	Step 100: mean loss = 0.0103
	Step 150: mean loss = 0.0103

	Loss on validation set after epoch 144: 0.0106

Epoch 145
	Step 0: mean loss = 0.0093
	Step 50: mean loss = 0.0103
	Step 100: mean loss = 0.0104
	Step 150: mean loss = 0.0103

	Loss on validation set after epoch 145: 0.0104

Epoch 146
	Step 0: mean loss = 0.0117
	Step 50: mean loss = 0.0102
	Step 100: mean loss = 0.0103
	Step 150: mean loss = 0.0103

	Loss on validation set after epoch 146: 0.0104

Epoch 147
	Step 0: mean loss = 0.0108
	Step 50: mean loss = 0.0102
	Step 100: mean loss = 0.0103
	Step 150: mean loss = 0.0102

	Loss on validation set after epoch 147: 0.0104

Epoch 148
	Step 0: mean loss = 0.0095
	Step 50: mean loss = 0.0101
	Step 100: mean loss = 0.0103
	Step 150: mean loss = 0.0102

	Loss on validation set after epoch 148: 0.0102

Epoch 149
	Step 0: mean loss = 0.0108
	Step 50: mean loss = 0.0101
	Step 100: mean loss = 0.0102
	Step 150: mean loss = 0.0102

	Loss on validation set after epoch 149: 0.0102

Epoch 150
	Step 0: mean loss = 0.0092
	Step 50: mean loss = 0.0100
	Step 100: mean loss = 0.0101
	Step 150: mean loss = 0.0100

	Loss on validation set after epoch 150: 0.0100

Epoch 151
	Step 0: mean loss = 0.0111
	Step 50: mean loss = 0.0100
	Step 100: mean loss = 0.0110
	Step 150: mean loss = 0.0110

	Loss on validation set after epoch 151: 0.0101

Epoch 152
	Step 0: mean loss = 0.0098
	Step 50: mean loss = 0.0100
	Step 100: mean loss = 0.0101
	Step 150: mean loss = 0.0100

	Loss on validation set after epoch 152: 0.0102

Epoch 153
	Step 0: mean loss = 0.0097
	Step 50: mean loss = 0.0098
	Step 100: mean loss = 0.0100
	Step 150: mean loss = 0.0099

	Loss on validation set after epoch 153: 0.0101

Epoch 154
	Step 0: mean loss = 0.0103
	Step 50: mean loss = 0.0099
	Step 100: mean loss = 0.0100
	Step 150: mean loss = 0.0099

	Loss on validation set after epoch 154: 0.0101

Epoch 155
	Step 0: mean loss = 0.0116
	Step 50: mean loss = 0.0097
	Step 100: mean loss = 0.0099
	Step 150: mean loss = 0.0098

	Loss on validation set after epoch 155: 0.0098

Epoch 156
	Step 0: mean loss = 0.0086
	Step 50: mean loss = 0.0097
	Step 100: mean loss = 0.0099
	Step 150: mean loss = 0.0098

	Loss on validation set after epoch 156: 0.0098

Epoch 157
	Step 0: mean loss = 0.0115
	Step 50: mean loss = 0.0100
	Step 100: mean loss = 0.0099
	Step 150: mean loss = 0.0099

	Loss on validation set after epoch 157: 0.0099

Epoch 158
	Step 0: mean loss = 0.0098
	Step 50: mean loss = 0.0097
	Step 100: mean loss = 0.0099
	Step 150: mean loss = 0.0097

	Loss on validation set after epoch 158: 0.0098

Epoch 159
	Step 0: mean loss = 0.0089
	Step 50: mean loss = 0.0097
	Step 100: mean loss = 0.0098
	Step 150: mean loss = 0.0098

	Loss on validation set after epoch 159: 0.0096

Epoch 160
	Step 0: mean loss = 0.0103
	Step 50: mean loss = 0.0097
	Step 100: mean loss = 0.0098
	Step 150: mean loss = 0.0097

	Loss on validation set after epoch 160: 0.0096

Epoch 161
	Step 0: mean loss = 0.0100
	Step 50: mean loss = 0.0096
	Step 100: mean loss = 0.0098
	Step 150: mean loss = 0.0097

	Loss on validation set after epoch 161: 0.0097

Epoch 162
	Step 0: mean loss = 0.0086
	Step 50: mean loss = 0.0097
	Step 100: mean loss = 0.0097
	Step 150: mean loss = 0.0096

	Loss on validation set after epoch 162: 0.0100

Epoch 163
	Step 0: mean loss = 0.0112
	Step 50: mean loss = 0.0097
	Step 100: mean loss = 0.0097
	Step 150: mean loss = 0.0096

	Loss on validation set after epoch 163: 0.0095

Epoch 164
	Step 0: mean loss = 0.0093
	Step 50: mean loss = 0.0095
	Step 100: mean loss = 0.0098
	Step 150: mean loss = 0.0097

	Loss on validation set after epoch 164: 0.0094

Epoch 165
	Step 0: mean loss = 0.0094
	Step 50: mean loss = 0.0093
	Step 100: mean loss = 0.0094
	Step 150: mean loss = 0.0095

	Loss on validation set after epoch 165: 0.0102

Epoch 166
	Step 0: mean loss = 0.0100
	Step 50: mean loss = 0.0094
	Step 100: mean loss = 0.0095
	Step 150: mean loss = 0.0095

	Loss on validation set after epoch 166: 0.0096

Epoch 167
	Step 0: mean loss = 0.0113
	Step 50: mean loss = 0.0093
	Step 100: mean loss = 0.0094
	Step 150: mean loss = 0.0094

	Loss on validation set after epoch 167: 0.0092

Epoch 168
	Step 0: mean loss = 0.0092
	Step 50: mean loss = 0.0093
	Step 100: mean loss = 0.0094
	Step 150: mean loss = 0.0094

	Loss on validation set after epoch 168: 0.0095

Epoch 169
	Step 0: mean loss = 0.0104
	Step 50: mean loss = 0.0093
	Step 100: mean loss = 0.0094
	Step 150: mean loss = 0.0094

	Loss on validation set after epoch 169: 0.0094

Epoch 170
	Step 0: mean loss = 0.0098
	Step 50: mean loss = 0.0094
	Step 100: mean loss = 0.0094
	Step 150: mean loss = 0.0093

	Loss on validation set after epoch 170: 0.0099

Epoch 171
	Step 0: mean loss = 0.0096
	Step 50: mean loss = 0.0093
	Step 100: mean loss = 0.0093
	Step 150: mean loss = 0.0092

	Loss on validation set after epoch 171: 0.0094

Epoch 172
	Step 0: mean loss = 0.0098
	Step 50: mean loss = 0.0091
	Step 100: mean loss = 0.0093
	Step 150: mean loss = 0.0092

	Loss on validation set after epoch 172: 0.0093

Epoch 173
	Step 0: mean loss = 0.0087
	Step 50: mean loss = 0.0092
	Step 100: mean loss = 0.0093
	Step 150: mean loss = 0.0093

	Loss on validation set after epoch 173: 0.0093

Epoch 174
	Step 0: mean loss = 0.0092
	Step 50: mean loss = 0.0091
	Step 100: mean loss = 0.0093
	Step 150: mean loss = 0.0092

	Loss on validation set after epoch 174: 0.0095

Epoch 175
	Step 0: mean loss = 0.0095
	Step 50: mean loss = 0.0092
	Step 100: mean loss = 0.0093
	Step 150: mean loss = 0.0092

	Loss on validation set after epoch 175: 0.0092

Epoch 176
	Step 0: mean loss = 0.0076
	Step 50: mean loss = 0.0090
	Step 100: mean loss = 0.0092
	Step 150: mean loss = 0.0091

	Loss on validation set after epoch 176: 0.0092

Epoch 177
	Step 0: mean loss = 0.0095
	Step 50: mean loss = 0.0090
	Step 100: mean loss = 0.0091
	Step 150: mean loss = 0.0091

	Loss on validation set after epoch 177: 0.0091

Epoch 178
	Step 0: mean loss = 0.0101
	Step 50: mean loss = 0.0090
	Step 100: mean loss = 0.0091
	Step 150: mean loss = 0.0090

	Loss on validation set after epoch 178: 0.0089

Epoch 179
	Step 0: mean loss = 0.0103
	Step 50: mean loss = 0.0091
	Step 100: mean loss = 0.0091
	Step 150: mean loss = 0.0090

	Loss on validation set after epoch 179: 0.0091

Epoch 180
	Step 0: mean loss = 0.0084
	Step 50: mean loss = 0.0089
	Step 100: mean loss = 0.0091
	Step 150: mean loss = 0.0090

	Loss on validation set after epoch 180: 0.0091

Epoch 181
	Step 0: mean loss = 0.0095
	Step 50: mean loss = 0.0090
	Step 100: mean loss = 0.0090
	Step 150: mean loss = 0.0090

	Loss on validation set after epoch 181: 0.0092

Epoch 182
	Step 0: mean loss = 0.0090
	Step 50: mean loss = 0.0088
	Step 100: mean loss = 0.0090
	Step 150: mean loss = 0.0089

	Loss on validation set after epoch 182: 0.0091

Epoch 183
	Step 0: mean loss = 0.0095
	Step 50: mean loss = 0.0089
	Step 100: mean loss = 0.0089
	Step 150: mean loss = 0.0089

	Loss on validation set after epoch 183: 0.0089

Epoch 184
	Step 0: mean loss = 0.0087
	Step 50: mean loss = 0.0088
	Step 100: mean loss = 0.0089
	Step 150: mean loss = 0.0088

	Loss on validation set after epoch 184: 0.0095

Epoch 185
	Step 0: mean loss = 0.0106
	Step 50: mean loss = 0.0088
	Step 100: mean loss = 0.0088
	Step 150: mean loss = 0.0088

	Loss on validation set after epoch 185: 0.0088

Epoch 186
	Step 0: mean loss = 0.0076
	Step 50: mean loss = 0.0088
	Step 100: mean loss = 0.0089
	Step 150: mean loss = 0.0088

	Loss on validation set after epoch 186: 0.0092

Epoch 187
	Step 0: mean loss = 0.0091
	Step 50: mean loss = 0.0089
	Step 100: mean loss = 0.0089
	Step 150: mean loss = 0.0088

	Loss on validation set after epoch 187: 0.0088

Epoch 188
	Step 0: mean loss = 0.0078
	Step 50: mean loss = 0.0088
	Step 100: mean loss = 0.0088
	Step 150: mean loss = 0.0087

	Loss on validation set after epoch 188: 0.0088

Epoch 189
	Step 0: mean loss = 0.0084
	Step 50: mean loss = 0.0088
	Step 100: mean loss = 0.0088
	Step 150: mean loss = 0.0087

	Loss on validation set after epoch 189: 0.0089

Epoch 190
	Step 0: mean loss = 0.0095
	Step 50: mean loss = 0.0086
	Step 100: mean loss = 0.0087
	Step 150: mean loss = 0.0087

	Loss on validation set after epoch 190: 0.0101

Epoch 191
	Step 0: mean loss = 0.0109
	Step 50: mean loss = 0.0088
	Step 100: mean loss = 0.0088
	Step 150: mean loss = 0.0087

	Loss on validation set after epoch 191: 0.0088

Epoch 192
	Step 0: mean loss = 0.0074
	Step 50: mean loss = 0.0085
	Step 100: mean loss = 0.0087
	Step 150: mean loss = 0.0086

	Loss on validation set after epoch 192: 0.0086

Epoch 193
	Step 0: mean loss = 0.0089
	Step 50: mean loss = 0.0086
	Step 100: mean loss = 0.0087
	Step 150: mean loss = 0.0086

	Loss on validation set after epoch 193: 0.0089

Epoch 194
	Step 0: mean loss = 0.0082
	Step 50: mean loss = 0.0086
	Step 100: mean loss = 0.0087
	Step 150: mean loss = 0.0086

	Loss on validation set after epoch 194: 0.0086

Epoch 195
	Step 0: mean loss = 0.0078
	Step 50: mean loss = 0.0086
	Step 100: mean loss = 0.0086
	Step 150: mean loss = 0.0086

	Loss on validation set after epoch 195: 0.0085

Epoch 196
	Step 0: mean loss = 0.0088
	Step 50: mean loss = 0.0085
	Step 100: mean loss = 0.0085
	Step 150: mean loss = 0.0085

	Loss on validation set after epoch 196: 0.0089

Epoch 197
	Step 0: mean loss = 0.0083
	Step 50: mean loss = 0.0085
	Step 100: mean loss = 0.0086
	Step 150: mean loss = 0.0085

	Loss on validation set after epoch 197: 0.0087

Epoch 198
	Step 0: mean loss = 0.0086
	Step 50: mean loss = 0.0085
	Step 100: mean loss = 0.0085
	Step 150: mean loss = 0.0085

	Loss on validation set after epoch 198: 0.0087

Epoch 199
	Step 0: mean loss = 0.0095
	Step 50: mean loss = 0.0084
	Step 100: mean loss = 0.0085
	Step 150: mean loss = 0.0085

	Loss on validation set after epoch 199: 0.0085

Epoch 200
	Step 0: mean loss = 0.0076
	Step 50: mean loss = 0.0085
	Step 100: mean loss = 0.0086
	Step 150: mean loss = 0.0085

	Loss on validation set after epoch 200: 0.0088

Epoch 201
	Step 0: mean loss = 0.0084
	Step 50: mean loss = 0.0084
	Step 100: mean loss = 0.0085
	Step 150: mean loss = 0.0085

	Loss on validation set after epoch 201: 0.0089

Epoch 202
	Step 0: mean loss = 0.0084
	Step 50: mean loss = 0.0088
	Step 100: mean loss = 0.0087
	Step 150: mean loss = 0.0085

	Loss on validation set after epoch 202: 0.0085

Epoch 203
	Step 0: mean loss = 0.0092
	Step 50: mean loss = 0.0084
	Step 100: mean loss = 0.0085
	Step 150: mean loss = 0.0084

	Loss on validation set after epoch 203: 0.0087

Epoch 204
	Step 0: mean loss = 0.0086
	Step 50: mean loss = 0.0084
	Step 100: mean loss = 0.0084
	Step 150: mean loss = 0.0083

	Loss on validation set after epoch 204: 0.0085

Epoch 205
	Step 0: mean loss = 0.0089
	Step 50: mean loss = 0.0083
	Step 100: mean loss = 0.0084
	Step 150: mean loss = 0.0083

	Loss on validation set after epoch 205: 0.0085

Epoch 206
	Step 0: mean loss = 0.0073
	Step 50: mean loss = 0.0083
	Step 100: mean loss = 0.0084
	Step 150: mean loss = 0.0083

	Loss on validation set after epoch 206: 0.0088

Epoch 207
	Step 0: mean loss = 0.0081
	Step 50: mean loss = 0.0084
	Step 100: mean loss = 0.0085
	Step 150: mean loss = 0.0084

	Loss on validation set after epoch 207: 0.0090

Epoch 208
	Step 0: mean loss = 0.0088
	Step 50: mean loss = 0.0084
	Step 100: mean loss = 0.0084
	Step 150: mean loss = 0.0084

	Loss on validation set after epoch 208: 0.0085

Epoch 209
	Step 0: mean loss = 0.0070
	Step 50: mean loss = 0.0083
	Step 100: mean loss = 0.0083
	Step 150: mean loss = 0.0083

	Loss on validation set after epoch 209: 0.0087

Epoch 210
	Step 0: mean loss = 0.0079
	Step 50: mean loss = 0.0082
	Step 100: mean loss = 0.0083
	Step 150: mean loss = 0.0083

	Loss on validation set after epoch 210: 0.0081

Epoch 211
	Step 0: mean loss = 0.0092
	Step 50: mean loss = 0.0082
	Step 100: mean loss = 0.0083
	Step 150: mean loss = 0.0083

	Loss on validation set after epoch 211: 0.0085

Epoch 212
	Step 0: mean loss = 0.0077
	Step 50: mean loss = 0.0082
	Step 100: mean loss = 0.0083
	Step 150: mean loss = 0.0083

	Loss on validation set after epoch 212: 0.0086

Epoch 213
	Step 0: mean loss = 0.0079
	Step 50: mean loss = 0.0082
	Step 100: mean loss = 0.0083
	Step 150: mean loss = 0.0082

	Loss on validation set after epoch 213: 0.0083

Epoch 214
	Step 0: mean loss = 0.0081
	Step 50: mean loss = 0.0082
	Step 100: mean loss = 0.0083
	Step 150: mean loss = 0.0082

	Loss on validation set after epoch 214: 0.0082

Epoch 215
	Step 0: mean loss = 0.0073
	Step 50: mean loss = 0.0082
	Step 100: mean loss = 0.0083
	Step 150: mean loss = 0.0082

	Loss on validation set after epoch 215: 0.0081

Epoch 216
	Step 0: mean loss = 0.0080
	Step 50: mean loss = 0.0081
	Step 100: mean loss = 0.0082
	Step 150: mean loss = 0.0082

	Loss on validation set after epoch 216: 0.0086

Epoch 217
	Step 0: mean loss = 0.0087
	Step 50: mean loss = 0.0081
	Step 100: mean loss = 0.0082
	Step 150: mean loss = 0.0082

	Loss on validation set after epoch 217: 0.0084

Epoch 218
	Step 0: mean loss = 0.0078
	Step 50: mean loss = 0.0081
	Step 100: mean loss = 0.0081
	Step 150: mean loss = 0.0081

	Loss on validation set after epoch 218: 0.0086

Epoch 219
	Step 0: mean loss = 0.0079
	Step 50: mean loss = 0.0081
	Step 100: mean loss = 0.0082
	Step 150: mean loss = 0.0081

	Loss on validation set after epoch 219: 0.0091

Epoch 220
	Step 0: mean loss = 0.0085
	Step 50: mean loss = 0.0082
	Step 100: mean loss = 0.0082
	Step 150: mean loss = 0.0081

	Loss on validation set after epoch 220: 0.0083

Epoch 221
	Step 0: mean loss = 0.0071
	Step 50: mean loss = 0.0081
	Step 100: mean loss = 0.0082
	Step 150: mean loss = 0.0081

	Loss on validation set after epoch 221: 0.0082

Epoch 222
	Step 0: mean loss = 0.0091
	Step 50: mean loss = 0.0080
	Step 100: mean loss = 0.0081
	Step 150: mean loss = 0.0080

	Loss on validation set after epoch 222: 0.0083

Model from epoch 210 was selected by early stopping.
Training process will be stopped now.
Deleted temporary files in ../data/trained_models/temp_01-25-08-25-18/
Location of saved model: ../data/trained_models/selected_2_mod_5_01-25-08-25-18/ 

Adding feature wise convolutions with 32 filters per feature, 3 kernels and 1 strides ...
Adding feature wise convolutions with 1 filters per feature, 3 kernels and 1 strides ...
Adding feature based graph attention layer ...
Adding time based graph attention layer ...
Adding GRU layer with 256 units ...
Adding GRU layer with 61 units ...
Adding dense layer to forecasting model with 512 units and ReLu activation ...
Adding dense layer to forecasting model with 256 units and ReLu activation ...
Adding last dense layer to forecasting model with 61 units and sigmoid activation ...
Adding VAE as reconstruction model with dimensions 3072 & 1536 and ...
The RBM reconstructs the output of the gru layer.

Grid search running in anomaly detection model selection mode.
The following hyperparameters will not be evaluated:
relevance_mapping
unaffected_component_threshold
si_mode
si_parameter

Testing 8874 combinations via grid search 
for model selected_2_mod_5_01-25-08-25-18/ on the validation dataset. 


Best combinations tested:
      gamma  single_timestamp_a.. affected_timestamp..     AD F1     AD F2    AD TPR   AD Prec    AD ACC    AD TNR    AD FPR  SI/ST AVG-HR@100%  SI/ST AVG-HR@150%  SI/ST AVG-HR@K  SI/ST F1  SI/ST TPR  SI/ST ACC
Comb                                                                                                                                                                                                              
2909   0.35                  0.29                  125  0.624352  0.689754  0.741538  0.539150  0.830409  0.851264  0.148736           0.323605           0.390881        0.421538  0.092308   0.092308   0.860355
1825   0.25                  0.27                  230  0.623978  0.669982  0.704615  0.559902  0.838596  0.870036  0.129964           0.324490           0.384275        0.421538  0.095385   0.095385   0.860828
2911   0.35                  0.29                  135  0.623853  0.684695  0.732308  0.543379  0.832164  0.855596  0.144404           0.323605           0.390881        0.421538  0.092308   0.092308   0.860355
2910   0.35                  0.29                  130  0.623037  0.684301  0.732308  0.542141  0.831579  0.854874  0.145126           0.323605           0.390881        0.421538  0.092308   0.092308   0.860355
1826   0.25                  0.27                  240  0.622101  0.667447  0.701538  0.558824  0.838012  0.870036  0.129964           0.324490           0.384275        0.421538  0.095385   0.095385   0.860828
2912   0.35                  0.29                  140  0.622047  0.682211  0.729231  0.542334  0.831579  0.855596  0.144404           0.323605           0.390881        0.421538  0.092308   0.092308   0.860355
2913   0.35                  0.29                  145  0.621871  0.680507  0.726154  0.543779  0.832164  0.857040  0.142960           0.323605           0.390881        0.421538  0.092308   0.092308   0.860355
2360   0.30                  0.28                  135  0.621656  0.693182  0.750769  0.530435  0.826316  0.844043  0.155957           0.325850           0.389989        0.424615  0.095385   0.095385   0.860828
2365   0.30                  0.28                  160  0.621586  0.685206  0.735385  0.538288  0.829825  0.851986  0.148014           0.325850           0.389989        0.424615  0.095385   0.095385   0.860828
2361   0.30                  0.28                  140  0.621483  0.691520  0.747692  0.531729  0.826901  0.845487  0.154513           0.325850           0.389989        0.424615  0.095385   0.095385   0.860828
2363   0.30                  0.28                  150  0.621134  0.688178  0.741538  0.534368  0.828070  0.848375  0.151625           0.325850           0.389989        0.424615  0.095385   0.095385   0.860828
2908   0.35                  0.29                  120  0.621134  0.688178  0.741538  0.534368  0.828070  0.848375  0.151625           0.323605           0.390881        0.421538  0.092308   0.092308   0.860355
4552   0.50                  0.31                  240  0.620879  0.663535  0.695385  0.560794  0.838596  0.872202  0.127798           0.329810           0.409772        0.393846  0.080000   0.080000   0.858462
2362   0.30                  0.28                  145  0.620513  0.689459  0.744615  0.531868  0.826901  0.846209  0.153791           0.325850           0.389989        0.424615  0.095385   0.095385   0.860828
3453   0.40                  0.30                   90  0.620335  0.687785  0.741538  0.533186  0.827485  0.847653  0.152347           0.319744           0.392956        0.400000  0.080000   0.080000   0.858462
2364   0.30                  0.28                  155  0.619974  0.684422  0.735385  0.535874  0.828655  0.850542  0.149458           0.325850           0.389989        0.424615  0.095385   0.095385   0.860828
2366   0.30                  0.28                  165  0.619608  0.681034  0.729231  0.538636  0.829825  0.853430  0.146570           0.325850           0.389989        0.424615  0.095385   0.095385   0.860828
2915   0.35                  0.29                  155  0.619493  0.672854  0.713846  0.547170  0.833333  0.861372  0.138628           0.323605           0.390881        0.421538  0.092308   0.092308   0.860355
3457   0.40                  0.30                  110  0.619493  0.672854  0.713846  0.547170  0.833333  0.861372  0.138628           0.319744           0.392956        0.400000  0.080000   0.080000   0.858462
2367   0.30                  0.28                  170  0.619423  0.679332  0.726154  0.540046  0.830409  0.854874  0.145126           0.325850           0.389989        0.424615  0.095385   0.095385   0.860828
1824   0.25                  0.27                  220  0.619112  0.669383  0.707692  0.550239  0.834503  0.864260  0.135740           0.324490           0.384275        0.421538  0.095385   0.095385   0.860828
4542   0.50                  0.31                  170  0.619108  0.690341  0.747692  0.528261  0.825146  0.843321  0.156679           0.329810           0.409772        0.393846  0.080000   0.080000   0.858462
3456   0.40                  0.30                  105  0.618858  0.674190  0.716923  0.544393  0.832164  0.859206  0.140794           0.319744           0.392956        0.400000  0.080000   0.080000   0.858462
2359   0.30                  0.28                  130  0.618687  0.693265  0.753846  0.524625  0.823392  0.839711  0.160289           0.325850           0.389989        0.424615  0.095385   0.095385   0.860828
4541   0.50                  0.31                  165  0.618504  0.691610  0.750769  0.525862  0.823977  0.841155  0.158845           0.329810           0.409772        0.393846  0.080000   0.080000   0.858462
2357   0.30                  0.28                  120  0.618454  0.697805  0.763077  0.519916  0.821053  0.834657  0.165343           0.325850           0.389989        0.424615  0.095385   0.095385   0.860828
4546   0.50                  0.31                  190  0.618370  0.683638  0.735385  0.533482  0.827485  0.849097  0.150903           0.329810           0.409772        0.393846  0.080000   0.080000   0.858462
2906   0.35                  0.29                  110  0.618321  0.689949  0.747692  0.527115  0.824561  0.842599  0.157401           0.323605           0.390881        0.421538  0.092308   0.092308   0.860355
3452   0.40                  0.30                   85  0.618321  0.689949  0.747692  0.527115  0.824561  0.842599  0.157401           0.319744           0.392956        0.400000  0.080000   0.080000   0.858462
2358   0.30                  0.28                  125  0.618273  0.696167  0.760000  0.521097  0.821637  0.836101  0.163899           0.325850           0.389989        0.424615  0.095385   0.095385   0.860828
1823   0.25                  0.27                  210  0.617647  0.670342  0.710769  0.546099  0.832749  0.861372  0.138628           0.324490           0.384275        0.421538  0.095385   0.095385   0.860828
4550   0.50                  0.31                  220  0.617450  0.668605  0.707692  0.547619  0.833333  0.862816  0.137184           0.329810           0.409772        0.393846  0.080000   0.080000   0.858462
2907   0.35                  0.29                  115  0.617157  0.686219  0.741538  0.528509  0.825146  0.844765  0.155235           0.323605           0.390881        0.421538  0.092308   0.092308   0.860355
2356   0.30                  0.28                  115  0.617100  0.698653  0.766154  0.516598  0.819298  0.831769  0.168231           0.325850           0.389989        0.424615  0.095385   0.095385   0.860828
2914   0.35                  0.29                  150  0.617021  0.671685  0.713846  0.543326  0.831579  0.859206  0.140794           0.323605           0.390881        0.421538  0.092308   0.092308   0.860355
3455   0.40                  0.30                  100  0.616993  0.678161  0.726154  0.536364  0.828655  0.852708  0.147292           0.319744           0.392956        0.400000  0.080000   0.080000   0.858462
2928   0.35                  0.29                  240  0.616959  0.635925  0.649231  0.587744  0.846784  0.893141  0.106859           0.323605           0.390881        0.421538  0.092308   0.092308   0.860355
1275   0.20                  0.26                  240  0.616848  0.663355  0.698462  0.552311  0.835088  0.867148  0.132852           0.324235           0.381533        0.430769  0.098462   0.098462   0.861302
4551   0.50                  0.31                  230  0.616848  0.663355  0.698462  0.552311  0.835088  0.867148  0.132852           0.329810           0.409772        0.393846  0.080000   0.080000   0.858462
4539   0.50                  0.31                  155  0.616729  0.695383  0.760000  0.518908  0.820468  0.834657  0.165343           0.329810           0.409772        0.393846  0.080000   0.080000   0.858462
4540   0.50                  0.31                  160  0.616352  0.692090  0.753846  0.521277  0.821637  0.837545  0.162455           0.329810           0.409772        0.393846  0.080000   0.080000   0.858462
4538   0.50                  0.31                  150  0.616337  0.698261  0.766154  0.515528  0.818713  0.831047  0.168953           0.329810           0.409772        0.393846  0.080000   0.080000   0.858462
4549   0.50                  0.31                  210  0.616000  0.669565  0.710769  0.543529  0.831579  0.859928  0.140072           0.329810           0.409772        0.393846  0.080000   0.080000   0.858462
4545   0.50                  0.31                  185  0.615979  0.682467  0.735385  0.529933  0.825731  0.846931  0.153069           0.329810           0.409772        0.393846  0.080000   0.080000   0.858462
2376   0.30                  0.28                  230  0.615811  0.654481  0.683077  0.560606  0.838012  0.874368  0.125632           0.325850           0.389989        0.424615  0.095385   0.095385   0.860828
3454   0.40                  0.30                   95  0.615783  0.680778  0.732308  0.531250  0.826316  0.848375  0.151625           0.319744           0.392956        0.400000  0.080000   0.080000   0.858462
2368   0.30                  0.28                  175  0.615588  0.672633  0.716923  0.539352  0.829825  0.856318  0.143682           0.325850           0.389989        0.424615  0.095385   0.095385   0.860828
4537   0.50                  0.31                  145  0.615575  0.697870  0.766154  0.514463  0.818129  0.830325  0.169675           0.329810           0.409772        0.393846  0.080000   0.080000   0.858462
4543   0.50                  0.31                  175  0.615385  0.683761  0.738462  0.527473  0.824561  0.844765  0.155235           0.329810           0.409772        0.393846  0.080000   0.080000   0.858462
1819   0.25                  0.27                  185  0.615385  0.677382  0.726154  0.533937  0.827485  0.851264  0.148736           0.324490           0.384275        0.421538  0.095385   0.095385   0.860828
1822   0.25                  0.27                  200  0.615385  0.670908  0.713846  0.540793  0.830409  0.857762  0.142238           0.324490           0.384275        0.421538  0.095385   0.095385   0.860828
2377   0.30                  0.28                  240  0.615385  0.650888  0.676923  0.564103  0.839181  0.877256  0.122744           0.325850           0.389989        0.424615  0.095385   0.095385   0.860828
2901   0.35                  0.29                   85  0.615196  0.700726  0.772308  0.511202  0.816374  0.826715  0.173285           0.323605           0.390881        0.421538  0.092308   0.092308   0.860355
2905   0.35                  0.29                  105  0.615190  0.688385  0.747692  0.522581  0.822222  0.839711  0.160289           0.323605           0.390881        0.421538  0.092308   0.092308   0.860355
4544   0.50                  0.31                  180  0.615187  0.682078  0.735385  0.528761  0.825146  0.846209  0.153791           0.329810           0.409772        0.393846  0.080000   0.080000   0.858462
1274   0.20                  0.26                  230  0.615176  0.662580  0.698462  0.549637  0.833918  0.865704  0.134296           0.324235           0.381533        0.430769  0.098462   0.098462   0.861302
1816   0.25                  0.27                  170  0.614987  0.680389  0.732308  0.530067  0.825731  0.847653  0.152347           0.324490           0.384275        0.421538  0.095385   0.095385   0.860828
1820   0.25                  0.27                  190  0.614980  0.673963  0.720000  0.536697  0.828655  0.854152  0.145848           0.324490           0.384275        0.421538  0.095385   0.095385   0.860828
2927   0.35                  0.29                  230  0.614719  0.638489  0.655385  0.578804  0.843860  0.888087  0.111913           0.323605           0.390881        0.421538  0.092308   0.092308   0.860355
3999   0.45                  0.30                  220  0.614610  0.689655  0.750769  0.520256  0.821053  0.837545  0.162455           0.331800           0.403115        0.400000  0.092308   0.092308   0.860355
2370   0.30                  0.28                  185  0.614362  0.668790  0.710769  0.540984  0.830409  0.858484  0.141516           0.325850           0.389989        0.424615  0.095385   0.095385   0.860828
1817   0.25                  0.27                  175  0.613990  0.678306  0.729231  0.530201  0.825731  0.848375  0.151625           0.324490           0.384275        0.421538  0.095385   0.095385   0.860828
1269   0.20                  0.26                  190  0.613966  0.671857  0.716923  0.536866  0.828655  0.854874  0.145126           0.324235           0.381533        0.430769  0.098462   0.098462   0.861302
2904   0.35                  0.29                  100  0.613836  0.689266  0.750769  0.519149  0.820468  0.836823  0.163177           0.323605           0.390881        0.421538  0.092308   0.092308   0.860355
1821   0.25                  0.27                  195  0.613757  0.670133  0.713846  0.538283  0.829240  0.856318  0.143682           0.324490           0.384275        0.421538  0.095385   0.095385   0.860828
3998   0.45                  0.30                  210  0.613665  0.693820  0.760000  0.514583  0.818129  0.831769  0.168231           0.331800           0.403115        0.400000  0.092308   0.092308   0.860355
3451   0.40                  0.30                   80  0.613636  0.687606  0.747692  0.520343  0.821053  0.838267  0.161733           0.319744           0.392956        0.400000  0.080000   0.080000   0.858462
4547   0.50                  0.31                  195  0.613577  0.674899  0.723077  0.532880  0.826901  0.851264  0.148736           0.329810           0.409772        0.393846  0.080000   0.080000   0.858462
3997   0.45                  0.30                  200  0.613497  0.698324  0.769231  0.510204  0.815789  0.826715  0.173285           0.331800           0.403115        0.400000  0.092308   0.092308   0.860355
1272   0.20                  0.26                  210  0.613333  0.666667  0.707692  0.541176  0.830409  0.859206  0.140794           0.324235           0.381533        0.430769  0.098462   0.098462   0.861302
2925   0.35                  0.29                  210  0.613221  0.646501  0.670769  0.564767  0.839181  0.878700  0.121300           0.323605           0.390881        0.421538  0.092308   0.092308   0.860355
4548   0.50                  0.31                  200  0.613158  0.671470  0.716923  0.535632  0.828070  0.854152  0.145848           0.329810           0.409772        0.393846  0.080000   0.080000   0.858462
2902   0.35                  0.29                   90  0.613103  0.695067  0.763077  0.512397  0.816959  0.829603  0.170397           0.323605           0.390881        0.421538  0.092308   0.092308   0.860355
2354   0.30                  0.28                  105  0.612943  0.699554  0.772308  0.508097  0.814620  0.824549  0.175451           0.325850           0.389989        0.424615  0.095385   0.095385   0.860828
1273   0.20                  0.26                  220  0.612903  0.663176  0.701538  0.544153  0.831579  0.862094  0.137906           0.324235           0.381533        0.430769  0.098462   0.098462   0.861302
1271   0.20                  0.26                  200  0.612732  0.668016  0.710769  0.538462  0.829240  0.857040  0.142960           0.324235           0.381533        0.430769  0.098462   0.098462   0.861302
3458   0.40                  0.30                  115  0.612686  0.661422  0.698462  0.545673  0.832164  0.863538  0.136462           0.319744           0.392956        0.400000  0.080000   0.080000   0.858462
3459   0.40                  0.30                  120  0.612686  0.661422  0.698462  0.545673  0.832164  0.863538  0.136462           0.319744           0.392956        0.400000  0.080000   0.080000   0.858462
2371   0.30                  0.28                  190  0.612517  0.666280  0.707692  0.539906  0.829825  0.858484  0.141516           0.325850           0.389989        0.424615  0.095385   0.095385   0.860828
2900   0.35                  0.29                   80  0.612394  0.700779  0.775385  0.506024  0.813450  0.822383  0.177617           0.323605           0.390881        0.421538  0.092308   0.092308   0.860355
1818   0.25                  0.27                  180  0.612192  0.675830  0.726154  0.529148  0.825146  0.848375  0.151625           0.324490           0.384275        0.421538  0.095385   0.095385   0.860828
2375   0.30                  0.28                  220  0.612022  0.656122  0.689231  0.550369  0.833918  0.867870  0.132130           0.325850           0.389989        0.424615  0.095385   0.095385   0.860828
2903   0.35                  0.29                   95  0.611940  0.691400  0.756923  0.513570  0.817544  0.831769  0.168231           0.323605           0.390881        0.421538  0.092308   0.092308   0.860355
2369   0.30                  0.28                  180  0.611921  0.667630  0.710769  0.537209  0.828655  0.856318  0.143682           0.325850           0.389989        0.424615  0.095385   0.095385   0.860828
4001   0.45                  0.30                  240  0.611825  0.678836  0.732308  0.525386  0.823392  0.844765  0.155235           0.331800           0.403115        0.400000  0.092308   0.092308   0.860355
2921   0.35                  0.29                  185  0.611797  0.654343  0.686154  0.551980  0.834503  0.869314  0.130686           0.323605           0.390881        0.421538  0.092308   0.092308   0.860355
2355   0.30                  0.28                  110  0.611794  0.695920  0.766154  0.509202  0.815205  0.826715  0.173285           0.325850           0.389989        0.424615  0.095385   0.095385   0.860828
4536   0.50                  0.31                  140  0.611794  0.695920  0.766154  0.509202  0.815205  0.826715  0.173285           0.329810           0.409772        0.393846  0.080000   0.080000   0.858462
2918   0.35                  0.29                  170  0.611637  0.659277  0.695385  0.545894  0.832164  0.864260  0.135740           0.323605           0.390881        0.421538  0.092308   0.092308   0.860355
1813   0.25                  0.27                  155  0.611465  0.681818  0.738462  0.521739  0.821637  0.841155  0.158845           0.324490           0.384275        0.421538  0.095385   0.095385   0.860828
5085   0.55                  0.32                  130  0.611183  0.673739  0.723077  0.529279  0.825146  0.849097  0.150903           0.327587           0.413213        0.384615  0.073846   0.073846   0.857515
1270   0.20                  0.26                  195  0.611111  0.667244  0.710769  0.535963  0.828070  0.855596  0.144404           0.324235           0.381533        0.430769  0.098462   0.098462   0.861302
1815   0.25                  0.27                  165  0.611040  0.678449  0.732308  0.524229  0.822807  0.844043  0.155957           0.324490           0.384275        0.421538  0.095385   0.095385   0.860828
5084   0.55                  0.32                  125  0.610825  0.676756  0.729231  0.525499  0.823392  0.845487  0.154513           0.327587           0.413213        0.384615  0.073846   0.073846   0.857515
3995   0.45                  0.30                  190  0.610706  0.698386  0.772308  0.505030  0.812865  0.822383  0.177617           0.331800           0.403115        0.400000  0.092308   0.092308   0.860355
5080   0.55                  0.32                  105  0.610553  0.686053  0.747692  0.515924  0.818713  0.835379  0.164621           0.327587           0.413213        0.384615  0.073846   0.073846   0.857515
1814   0.25                  0.27                  160  0.610473  0.679750  0.735385  0.521834  0.821637  0.841877  0.158123           0.324490           0.384275        0.421538  0.095385   0.095385   0.860828
2916   0.35                  0.29                  160  0.610215  0.660268  0.698462  0.541766  0.830409  0.861372  0.138628           0.323605           0.390881        0.421538  0.092308   0.092308   0.860355
2917   0.35                  0.29                  165  0.610215  0.660268  0.698462  0.541766  0.830409  0.861372  0.138628           0.323605           0.390881        0.421538  0.092308   0.092308   0.860355
4002   0.45                  0.31                   80  0.610215  0.660268  0.698462  0.541766  0.830409  0.861372  0.138628           0.320623           0.400905        0.375385  0.070769   0.070769   0.857041
1268   0.20                  0.26                  185  0.610169  0.671642  0.720000  0.529412  0.825146  0.849819  0.150181           0.324235           0.381533        0.430769  0.098462   0.098462   0.861302
5088   0.55                  0.32                  145  0.610080  0.665124  0.707692  0.536131  0.828070  0.856318  0.143682           0.327587           0.413213        0.384615  0.073846   0.073846   0.857515
4000   0.45                  0.30                  230  0.609911  0.681044  0.738462  0.519481  0.820468  0.839711  0.160289           0.331800           0.403115        0.400000  0.092308   0.092308   0.860355
2922   0.35                  0.29                  190  0.609890  0.651791  0.683077  0.550868  0.833918  0.869314  0.130686           0.323605           0.390881        0.421538  0.092308   0.092308   0.860355
1266   0.20                  0.26                  175  0.609819  0.674671  0.726154  0.525612  0.823392  0.846209  0.153791           0.324235           0.381533        0.430769  0.098462   0.098462   0.861302
3460   0.40                  0.30                  125  0.609756  0.656743  0.692308  0.544794  0.831579  0.864260  0.135740           0.319744           0.392956        0.400000  0.080000   0.080000   0.858462
3996   0.45                  0.30                  195  0.609756  0.696379  0.769231  0.505051  0.812865  0.823105  0.176895           0.331800           0.403115        0.400000  0.092308   0.092308   0.860355
2919   0.35                  0.29                  175  0.609524  0.654971  0.689231  0.546341  0.832164  0.865704  0.134296           0.323605           0.390881        0.421538  0.092308   0.092308   0.860355
5079   0.55                  0.32                  100  0.609453  0.688589  0.753846  0.511482  0.816374  0.831047  0.168953           0.327587           0.413213        0.384615  0.073846   0.073846   0.857515
2372   0.30                  0.28                  195  0.609396  0.659884  0.698462  0.540476  0.829825  0.860650  0.139350           0.325850           0.389989        0.424615  0.095385   0.095385   0.860828
5081   0.55                  0.32                  110  0.609355  0.682333  0.741538  0.517167  0.819298  0.837545  0.162455           0.327587           0.413213        0.384615  0.073846   0.073846   0.857515
2373   0.30                  0.28                  200  0.609164  0.658125  0.695385  0.541966  0.830409  0.862094  0.137906           0.325850           0.389989        0.424615  0.095385   0.095385   0.860828
5078   0.55                  0.32                   95  0.609125  0.691489  0.760000  0.508230  0.814620  0.827437  0.172563           0.327587           0.413213        0.384615  0.073846   0.073846   0.857515
2374   0.30                  0.28                  210  0.608931  0.656359  0.692308  0.543478  0.830994  0.863538  0.136462           0.325850           0.389989        0.424615  0.095385   0.095385   0.860828
1806   0.25                  0.27                  120  0.608589  0.692737  0.763077  0.506122  0.813450  0.825271  0.174729           0.324490           0.384275        0.421538  0.095385   0.095385   0.860828
2923   0.35                  0.29                  195  0.608575  0.647821  0.676923  0.552764  0.834503  0.871480  0.128520           0.323605           0.390881        0.421538  0.092308   0.092308   0.860355
2920   0.35                  0.29                  180  0.608458  0.652810  0.686154  0.546569  0.832164  0.866426  0.133574           0.323605           0.390881        0.421538  0.092308   0.092308   0.860355
1812   0.25                  0.27                  150  0.608365  0.680272  0.738462  0.517241  0.819298  0.838267  0.161733           0.324490           0.384275        0.421538  0.095385   0.095385   0.860828
4535   0.50                  0.31                  135  0.608273  0.695604  0.769231  0.503018  0.811696  0.821661  0.178339           0.329810           0.409772        0.393846  0.080000   0.080000   0.858462
5087   0.55                  0.32                  140  0.608126  0.667434  0.713846  0.529680  0.825146  0.851264  0.148736           0.327587           0.413213        0.384615  0.073846   0.073846   0.857515
1805   0.25                  0.27                  115  0.608059  0.693980  0.766154  0.504049  0.812281  0.823105  0.176895           0.324490           0.384275        0.421538  0.095385   0.095385   0.860828
5089   0.55                  0.32                  150  0.608000  0.660870  0.701538  0.536471  0.828070  0.857762  0.142238           0.327587           0.413213        0.384615  0.073846   0.073846   0.857515
3463   0.40                  0.30                  140  0.607978  0.649236  0.680000  0.549751  0.833333  0.869314  0.130686           0.319744           0.392956        0.400000  0.080000   0.080000   0.858462
4008   0.45                  0.31                  110  0.607843  0.642392  0.667692  0.557841  0.836257  0.875812  0.124188           0.320623           0.400905        0.375385  0.070769   0.070769   0.857041
2926   0.35                  0.29                  220  0.607703  0.635442  0.655385  0.566489  0.839181  0.882310  0.117690           0.323605           0.390881        0.421538  0.092308   0.092308   0.860355
5083   0.55                  0.32                  120  0.607692  0.675214  0.729231  0.520879  0.821053  0.842599  0.157401           0.327587           0.413213        0.384615  0.073846   0.073846   0.857515
4533   0.50                  0.31                  125  0.607656  0.701270  0.781538  0.497065  0.808187  0.814440  0.185560           0.329810           0.409772        0.393846  0.080000   0.080000   0.858462
5086   0.55                  0.32                  135  0.607562  0.668772  0.716923  0.527149  0.823977  0.849097  0.150903           0.327587           0.413213        0.384615  0.073846   0.073846   0.857515
2924   0.35                  0.29                  200  0.607490  0.645637  0.673846  0.553030  0.834503  0.872202  0.127798           0.323605           0.390881        0.421538  0.092308   0.092308   0.860355
3468   0.40                  0.30                  165  0.607345  0.638740  0.661538  0.561358  0.837427  0.878700  0.121300           0.319744           0.392956        0.400000  0.080000   0.080000   0.858462
4003   0.45                  0.31                   85  0.607287  0.655594  0.692308  0.540865  0.829825  0.862094  0.137906           0.320623           0.400905        0.375385  0.070769   0.070769   0.857041
1803   0.25                  0.27                  105  0.607229  0.698061  0.775385  0.499010  0.809357  0.817329  0.182671           0.324490           0.384275        0.421538  0.095385   0.095385   0.860828
1808   0.25                  0.27                  130  0.607187  0.687430  0.753846  0.508299  0.814620  0.828881  0.171119           0.324490           0.384275        0.421538  0.095385   0.095385   0.860828
3462   0.40                  0.30                  135  0.607143  0.648855  0.680000  0.548387  0.832749  0.868592  0.131408           0.319744           0.392956        0.400000  0.080000   0.080000   0.858462
1811   0.25                  0.27                  145  0.607053  0.681176  0.741538  0.513859  0.817544  0.835379  0.164621           0.324490           0.384275        0.421538  0.095385   0.095385   0.860828
2353   0.30                  0.28                  100  0.607013  0.696448  0.772308  0.500000  0.809942  0.818773  0.181227           0.325850           0.389989        0.424615  0.095385   0.095385   0.860828
4534   0.50                  0.31                  130  0.607013  0.696448  0.772308  0.500000  0.809942  0.818773  0.181227           0.329810           0.409772        0.393846  0.080000   0.080000   0.858462
3469   0.40                  0.30                  170  0.606838  0.635063  0.655385  0.564987  0.838596  0.881588  0.118412           0.319744           0.392956        0.400000  0.080000   0.080000   0.858462
4009   0.45                  0.31                  115  0.606838  0.635063  0.655385  0.564987  0.838596  0.881588  0.118412           0.320623           0.400905        0.375385  0.070769   0.070769   0.857041
1809   0.25                  0.27                  135  0.606742  0.684122  0.747692  0.510504  0.815789  0.831769  0.168231           0.324490           0.384275        0.421538  0.095385   0.095385   0.860828
5090   0.55                  0.32                  155  0.606711  0.656977  0.695385  0.538095  0.828655  0.859928  0.140072           0.327587           0.413213        0.384615  0.073846   0.073846   0.857515
3461   0.40                  0.30                  130  0.606557  0.650264  0.683077  0.545455  0.831579  0.866426  0.133574           0.319744           0.392956        0.400000  0.080000   0.080000   0.858462
1810   0.25                  0.27                  140  0.606516  0.682459  0.744615  0.511628  0.816374  0.833213  0.166787           0.324490           0.384275        0.421538  0.095385   0.095385   0.860828
3465   0.40                  0.30                  150  0.606398  0.643447  0.670769  0.553299  0.834503  0.872924  0.127076           0.319744           0.392956        0.400000  0.080000   0.080000   0.858462
3994   0.45                  0.30                  185  0.606280  0.696062  0.772308  0.499006  0.809357  0.818051  0.181949           0.331800           0.403115        0.400000  0.092308   0.092308   0.860355
1267   0.20                  0.26                  180  0.606218  0.669720  0.720000  0.523490  0.822222  0.846209  0.153791           0.324235           0.381533        0.430769  0.098462   0.098462   0.861302
3992   0.45                  0.30                  175  0.606205  0.700496  0.781538  0.495127  0.807018  0.812996  0.187004           0.331800           0.403115        0.400000  0.092308   0.092308   0.860355
1804   0.25                  0.27                  110  0.606061  0.694444  0.769231  0.500000  0.809942  0.819495  0.180505           0.324490           0.384275        0.421538  0.095385   0.095385   0.860828
1265   0.20                  0.26                  170  0.605905  0.672748  0.726154  0.519824  0.820468  0.842599  0.157401           0.324235           0.381533        0.430769  0.098462   0.098462   0.861302
3464   0.40                  0.30                  145  0.605809  0.644876  0.673846  0.550251  0.833333  0.870758  0.129242           0.319744           0.392956        0.400000  0.080000   0.080000   0.858462
4005   0.45                  0.31                   95  0.605730  0.649883  0.683077  0.544118  0.830994  0.865704  0.134296           0.320623           0.400905        0.375385  0.070769   0.070769   0.857041
4532   0.50                  0.31                  120  0.605701  0.701706  0.784615  0.493230  0.805848  0.810830  0.189170           0.329810           0.409772        0.393846  0.080000   0.080000   0.858462
4007   0.45                  0.31                  105  0.605556  0.643068  0.670769  0.551899  0.833918  0.872202  0.127798           0.320623           0.400905        0.375385  0.070769   0.070769   0.857041
4010   0.45                  0.31                  120  0.605452  0.630981  0.649231  0.567204  0.839181  0.883755  0.116245           0.320623           0.400905        0.375385  0.070769   0.070769   0.857041
1264   0.20                  0.26                  165  0.605364  0.674061  0.729231  0.517467  0.819298  0.840433  0.159567           0.324235           0.381533        0.430769  0.098462   0.098462   0.861302
3466   0.40                  0.30                  155  0.605300  0.641253  0.667692  0.553571  0.834503  0.873646  0.126354           0.319744           0.392956        0.400000  0.080000   0.080000   0.858462
1802   0.25                  0.27                  100  0.605042  0.696903  0.775385  0.496063  0.807602  0.815162  0.184838           0.324490           0.384275        0.421538  0.095385   0.095385   0.860828
3993   0.45                  0.30                  180  0.605042  0.696903  0.775385  0.496063  0.807602  0.815162  0.184838           0.331800           0.403115        0.400000  0.092308   0.092308   0.860355
5092   0.55                  0.32                  165  0.604905  0.649503  0.683077  0.542787  0.830409  0.864982  0.135018           0.327587           0.413213        0.384615  0.073846   0.073846   0.857515
1263   0.20                  0.26                  160  0.604828  0.675369  0.732308  0.515152  0.818129  0.838267  0.161733           0.324235           0.381533        0.430769  0.098462   0.098462   0.861302
5082   0.55                  0.32                  115  0.604828  0.675369  0.732308  0.515152  0.818129  0.838267  0.161733           0.327587           0.413213        0.384615  0.073846   0.073846   0.857515
3470   0.40                  0.30                  175  0.604585  0.630604  0.649231  0.565684  0.838596  0.883032  0.116968           0.319744           0.392956        0.400000  0.080000   0.080000   0.858462
4004   0.45                  0.31                   90  0.604336  0.650905  0.686154  0.539952  0.829240  0.862816  0.137184           0.320623           0.400905        0.375385  0.070769   0.070769   0.857041
3471   0.40                  0.30                  180  0.604317  0.628743  0.646154  0.567568  0.839181  0.884477  0.115523           0.319744           0.392956        0.400000  0.080000   0.080000   0.858462
1807   0.25                  0.27                  125  0.604192  0.685890  0.753846  0.504115  0.812281  0.825993  0.174007           0.324490           0.384275        0.421538  0.095385   0.095385   0.860828
5093   0.55                  0.32                  170  0.604138  0.644118  0.673846  0.547500  0.832164  0.869314  0.130686           0.327587           0.413213        0.384615  0.073846   0.073846   0.857515
2352   0.30                  0.28                   95  0.604091  0.694906  0.772308  0.496047  0.807602  0.815884  0.184116           0.325850           0.389989        0.424615  0.095385   0.095385   0.860828
3991   0.45                  0.30                  170  0.604043  0.699339  0.781538  0.492248  0.805263  0.810830  0.189170           0.331800           0.403115        0.400000  0.092308   0.092308   0.860355
717    0.15                  0.25                  185  0.603922  0.663793  0.710769  0.525000  0.822807  0.849097  0.150903           0.321793           0.376954        0.424615  0.104615   0.104615   0.862249
4531   0.50                  0.31                  115  0.603774  0.702139  0.787692  0.489484  0.803509  0.807220  0.192780           0.329810           0.409772        0.393846  0.080000   0.080000   0.858462
3990   0.45                  0.30                  165  0.603550  0.700549  0.784615  0.490385  0.804094  0.808664  0.191336           0.331800           0.403115        0.400000  0.092308   0.092308   0.860355
5630   0.60                  0.33                  100  0.603518  0.650525  0.686154  0.538647  0.828655  0.862094  0.137906           0.324117           0.418976        0.381538  0.073846   0.073846   0.857515
4006   0.45                  0.31                  100  0.603306  0.643739  0.673846  0.546135  0.831579  0.868592  0.131408           0.320623           0.400905        0.375385  0.070769   0.070769   0.857041
4011   0.45                  0.31                  125  0.603175  0.626499  0.643077  0.567935  0.839181  0.885199  0.114801           0.320623           0.400905        0.375385  0.070769   0.070769   0.857041
5091   0.55                  0.32                  160  0.602703  0.650146  0.686154  0.537349  0.828070  0.861372  0.138628           0.327587           0.413213        0.384615  0.073846   0.073846   0.857515
5077   0.55                  0.32                   90  0.602673  0.689655  0.763077  0.497992  0.808772  0.819495  0.180505           0.327587           0.413213        0.384615  0.073846   0.073846   0.857515
721    0.15                  0.25                  210  0.602667  0.655072  0.695385  0.531765  0.825731  0.856318  0.143682           0.321793           0.376954        0.424615  0.104615   0.104615   0.862249
1262   0.20                  0.26                  155  0.602532  0.674221  0.732308  0.511828  0.816374  0.836101  0.163899           0.324235           0.381533        0.430769  0.098462   0.098462   0.861302
5095   0.55                  0.32                  180  0.602510  0.638298  0.664615  0.551020  0.833333  0.872924  0.127076           0.327587           0.413213        0.384615  0.073846   0.073846   0.857515
720    0.15                  0.25                  200  0.602378  0.658199  0.701538  0.527778  0.823977  0.852708  0.147292           0.321793           0.376954        0.424615  0.104615   0.104615   0.862249
3467   0.40                  0.30                  160  0.602241  0.636471  0.661538  0.552699  0.833918  0.874368  0.125632           0.319744           0.392956        0.400000  0.080000   0.080000   0.858462
5096   0.55                  0.32                  185  0.602241  0.636471  0.661538  0.552699  0.833918  0.874368  0.125632           0.327587           0.413213        0.384615  0.073846   0.073846   0.857515
3450   0.40                  0.29                  240  0.602203  0.686384  0.756923  0.500000  0.809942  0.822383  0.177617           0.331346           0.399074        0.415385  0.098462   0.098462   0.861302
719    0.15                  0.25                  195  0.601840  0.659562  0.704615  0.525229  0.822807  0.850542  0.149458           0.321793           0.376954        0.424615  0.104615   0.104615   0.862249
716    0.15                  0.25                  180  0.601816  0.664376  0.713846  0.520179  0.820468  0.845487  0.154513           0.321793           0.376954        0.424615  0.104615   0.104615   0.862249
1260   0.20                  0.26                  145  0.601504  0.676819  0.738462  0.507400  0.814035  0.831769  0.168231           0.324235           0.381533        0.430769  0.098462   0.098462   0.861302
2351   0.30                  0.28                   90  0.601198  0.693370  0.772308  0.492157  0.805263  0.812996  0.187004           0.325850           0.389989        0.424615  0.095385   0.095385   0.860828
5094   0.55                  0.32                  175  0.601108  0.639364  0.667692  0.546599  0.831579  0.870036  0.129964           0.327587           0.413213        0.384615  0.073846   0.073846   0.857515
1801   0.25                  0.27                   95  0.600950  0.696203  0.778462  0.489362  0.803509  0.809386  0.190614           0.324490           0.384275        0.421538  0.095385   0.095385   0.860828
724    0.15                  0.25                  240  0.600551  0.640800  0.670769  0.543641  0.830409  0.867870  0.132130           0.321793           0.376954        0.424615  0.104615   0.104615   0.862249
718    0.15                  0.25                  190  0.600262  0.658803  0.704615  0.522831  0.821637  0.849097  0.150903           0.321793           0.376954        0.424615  0.104615   0.104615   0.862249
3989   0.45                  0.30                  160  0.600234  0.700219  0.787692  0.484848  0.800585  0.803610  0.196390           0.331800           0.403115        0.400000  0.092308   0.092308   0.860355
5631   0.60                  0.33                  105  0.600000  0.642229  0.673846  0.540741  0.829240  0.865704  0.134296           0.324117           0.418976        0.381538  0.073846   0.073846   0.857515
3447   0.40                  0.29                  210  0.600000  0.694215  0.775385  0.489320  0.803509  0.810108  0.189892           0.331346           0.399074        0.415385  0.098462   0.098462   0.861302
1259   0.20                  0.26                  140  0.600000  0.676056  0.738462  0.505263  0.812865  0.830325  0.169675           0.324235           0.381533        0.430769  0.098462   0.098462   0.861302
1261   0.20                  0.26                  150  0.599749  0.674379  0.735385  0.506356  0.813450  0.831769  0.168231           0.324235           0.381533        0.430769  0.098462   0.098462   0.861302
5626   0.60                  0.33                   80  0.599739  0.660161  0.707692  0.520362  0.820468  0.846931  0.153069           0.324117           0.418976        0.381538  0.073846   0.073846   0.857515
3448   0.40                  0.29                  220  0.599520  0.690989  0.769231  0.491159  0.804678  0.812996  0.187004           0.331346           0.399074        0.415385  0.098462   0.098462   0.861302
715    0.15                  0.25                  175  0.599483  0.663236  0.713846  0.516704  0.818713  0.843321  0.156679           0.321793           0.376954        0.424615  0.104615   0.104615   0.862249
5629   0.60                  0.33                   95  0.599462  0.648633  0.686154  0.532220  0.825731  0.858484  0.141516           0.324117           0.418976        0.381538  0.073846   0.073846   0.857515
5101   0.55                  0.32                  220  0.599415  0.617842  0.630769  0.571031  0.839766  0.888809  0.111191           0.327587           0.413213        0.384615  0.073846   0.073846   0.857515
5102   0.55                  0.32                  230  0.599106  0.610571  0.618462  0.580925  0.842690  0.895307  0.104693           0.327587           0.413213        0.384615  0.073846   0.073846   0.857515
5076   0.55                  0.32                   85  0.599034  0.687743  0.763077  0.493042  0.805848  0.815884  0.184116           0.327587           0.413213        0.384615  0.073846   0.073846   0.857515
713    0.15                  0.25                  165  0.598972  0.664575  0.716923  0.514349  0.817544  0.841155  0.158845           0.321793           0.376954        0.424615  0.104615   0.104615   0.862249
4530   0.50                  0.31                  110  0.598830  0.699454  0.787692  0.483019  0.799415  0.802166  0.197834           0.329810           0.409772        0.393846  0.080000   0.080000   0.858462
714    0.15                  0.25                  170  0.598710  0.662857  0.713846  0.515556  0.818129  0.842599  0.157401           0.321793           0.376954        0.424615  0.104615   0.104615   0.862249
2350   0.30                  0.28                   85  0.598575  0.693451  0.775385  0.487427  0.802339  0.808664  0.191336           0.325850           0.389989        0.424615  0.095385   0.095385   0.860828
1258   0.20                  0.26                  135  0.598504  0.675295  0.738462  0.503145  0.811696  0.828881  0.171119           0.324235           0.381533        0.430769  0.098462   0.098462   0.861302
5103   0.55                  0.32                  240  0.598496  0.606707  0.612308  0.585294  0.843860  0.898195  0.101805           0.327587           0.413213        0.384615  0.073846   0.073846   0.857515
723    0.15                  0.25                  230  0.598361  0.641476  0.673846  0.538084  0.828070  0.864260  0.135740           0.321793           0.376954        0.424615  0.104615   0.104615   0.862249
3449   0.40                  0.29                  230  0.598063  0.685730  0.760000  0.493014  0.805848  0.816606  0.183394           0.331346           0.399074        0.415385  0.098462   0.098462   0.861302
1255   0.20                  0.26                  120  0.598039  0.681184  0.750769  0.496945  0.808187  0.821661  0.178339           0.324235           0.381533        0.430769  0.098462   0.098462   0.861302
1257   0.20                  0.26                  130  0.598015  0.676586  0.741538  0.501040  0.810526  0.826715  0.173285           0.324235           0.381533        0.430769  0.098462   0.098462   0.861302
4553   0.50                  0.32                   80  0.597997  0.624253  0.643077  0.558824  0.835673  0.880866  0.119134           0.321194           0.410419        0.366154  0.070769   0.070769   0.857041
1256   0.20                  0.26                  125  0.597786  0.679530  0.747692  0.497951  0.808772  0.823105  0.176895           0.324235           0.381533        0.430769  0.098462   0.098462   0.861302
1800   0.25                  0.27                   90  0.597647  0.695890  0.781538  0.483810  0.800000  0.804332  0.195668           0.324490           0.384275        0.421538  0.095385   0.095385   0.860828
6171   0.65                  0.33                  195  0.597641  0.655926  0.701538  0.520548  0.820468  0.848375  0.151625           0.333905           0.426509        0.375385  0.083077   0.083077   0.858935
1254   0.20                  0.26                  115  0.597561  0.682451  0.753846  0.494949  0.807018  0.819495  0.180505           0.324235           0.381533        0.430769  0.098462   0.098462   0.861302
5622   0.60                  0.32                  210  0.597561  0.682451  0.753846  0.494949  0.807018  0.819495  0.180505           0.341331           0.425574        0.396923  0.092308   0.092308   0.860355
5623   0.60                  0.32                  220  0.597531  0.677871  0.744615  0.498969  0.809357  0.824549  0.175451           0.341331           0.425574        0.396923  0.092308   0.092308   0.860355
5627   0.60                  0.33                   85  0.597368  0.654179  0.698462  0.521839  0.821053  0.849819  0.150181           0.324117           0.418976        0.381538  0.073846   0.073846   0.857515
702    0.15                  0.25                  110  0.597307  0.680804  0.750769  0.495935  0.807602  0.820939  0.179061           0.321793           0.376954        0.424615  0.104615   0.104615   0.862249
3472   0.40                  0.30                  185  0.597101  0.618619  0.633846  0.564384  0.837427  0.885199  0.114801           0.319744           0.392956        0.400000  0.080000   0.080000   0.858462
5628   0.60                  0.33                   90  0.596817  0.650665  0.692308  0.524476  0.822222  0.852708  0.147292           0.324117           0.418976        0.381538  0.073846   0.073846   0.857515
6163   0.65                  0.33                  155  0.596754  0.672860  0.735385  0.502101  0.811111  0.828881  0.171119           0.333905           0.426509        0.375385  0.083077   0.083077   0.858935
3988   0.45                  0.30                  155  0.596737  0.698309  0.787692  0.480300  0.797661  0.800000  0.200000           0.331800           0.403115        0.400000  0.092308   0.092308   0.860355
712    0.15                  0.25                  160  0.596671  0.663440  0.716923  0.510965  0.815789  0.838989  0.161011           0.321793           0.376954        0.424615  0.104615   0.104615   0.862249
3474   0.40                  0.30                  195  0.596491  0.614828  0.627692  0.568245  0.838596  0.888087  0.111913           0.319744           0.392956        0.400000  0.080000   0.080000   0.858462
4012   0.45                  0.31                  130  0.596491  0.614828  0.627692  0.568245  0.838596  0.888087  0.111913           0.320623           0.400905        0.375385  0.070769   0.070769   0.857041
3476   0.40                  0.30                  210  0.596439  0.609460  0.618462  0.575931  0.840936  0.893141  0.106859           0.319744           0.392956        0.400000  0.080000   0.080000   0.858462
5621   0.60                  0.32                  200  0.596364  0.683333  0.756923  0.492000  0.805263  0.816606  0.183394           0.341331           0.425574        0.396923  0.092308   0.092308   0.860355
6700   0.70                  0.34                   85  0.596273  0.674157  0.738462  0.500000  0.809942  0.826715  0.173285           0.326470           0.430380        0.387692  0.073846   0.073846   0.857515
5100   0.55                  0.32                  210  0.596237  0.618247  0.633846  0.562842  0.836842  0.884477  0.115523           0.327587           0.413213        0.384615  0.073846   0.073846   0.857515
701    0.15                  0.25                  105  0.596107  0.681692  0.753846  0.492958  0.805848  0.818051  0.181949           0.321793           0.376954        0.424615  0.104615   0.104615   0.862249
5097   0.55                  0.32                  190  0.596045  0.626857  0.649231  0.550914  0.832749  0.875812  0.124188           0.327587           0.413213        0.384615  0.073846   0.073846   0.857515
711    0.15                  0.25                  155  0.595908  0.663062  0.716923  0.509847  0.815205  0.838267  0.161733           0.321793           0.376954        0.424615  0.104615   0.104615   0.862249
6164   0.65                  0.33                  160  0.595745  0.670800  0.732308  0.502110  0.811111  0.829603  0.170397           0.333905           0.426509        0.375385  0.083077   0.083077   0.858935
2899   0.35                  0.28                  240  0.595694  0.687465  0.766154  0.487280  0.802339  0.810830  0.189170           0.334613           0.401533        0.427692  0.113846   0.113846   0.863669
6162   0.65                  0.33                  150  0.595533  0.673779  0.738462  0.498960  0.809357  0.825993  0.174007           0.333905           0.426509        0.375385  0.083077   0.083077   0.858935
6172   0.65                  0.33                  200  0.595238  0.649913  0.692308  0.522042  0.821053  0.851264  0.148736           0.333905           0.426509        0.375385  0.083077   0.083077   0.858935
6167   0.65                  0.33                  175  0.595147  0.662685  0.716923  0.508734  0.814620  0.837545  0.162455           0.333905           0.426509        0.375385  0.083077   0.083077   0.858935
3478   0.40                  0.30                  230  0.595092  0.596189  0.596923  0.593272  0.845614  0.903971  0.096029           0.319744           0.392956        0.400000  0.080000   0.080000   0.858462
6169   0.65                  0.33                  185  0.595084  0.657895  0.707692  0.513393  0.816959  0.842599  0.157401           0.333905           0.426509        0.375385  0.083077   0.083077   0.858935
722    0.15                  0.25                  220  0.594595  0.641399  0.676923  0.530120  0.824561  0.859206  0.140794           0.321793           0.376954        0.424615  0.104615   0.104615   0.862249
5099   0.55                  0.32                  200  0.594595  0.622765  0.643077  0.552910  0.833333  0.877978  0.122022           0.327587           0.413213        0.384615  0.073846   0.073846   0.857515
708    0.15                  0.25                  140  0.594458  0.667044  0.726154  0.503198  0.811696  0.831769  0.168231           0.321793           0.376954        0.424615  0.104615   0.104615   0.862249
5625   0.60                  0.32                  240  0.594458  0.667044  0.726154  0.503198  0.811696  0.831769  0.168231           0.341331           0.425574        0.396923  0.092308   0.092308   0.860355
6152   0.65                  0.33                  100  0.594406  0.695581  0.784615  0.478424  0.796491  0.799278  0.200722           0.333905           0.426509        0.375385  0.083077   0.083077   0.858935
703    0.15                  0.25                  115  0.594328  0.674692  0.741538  0.495885  0.807602  0.823105  0.176895           0.321793           0.376954        0.424615  0.104615   0.104615   0.862249
704    0.15                  0.25                  120  0.594328  0.674692  0.741538  0.495885  0.807602  0.823105  0.176895           0.321793           0.376954        0.424615  0.104615   0.104615   0.862249

Full result output for the best combination:
                 #Examples   TP   FP    TN  FN       ACC       FNR       TNR       FPR       TPR     Prec        F1        F2  AVG # affected
Component                                                                                                                                    
no_failure            1385    0  206  1179   0  0.851264       NaN  0.851264  0.148736       NaN  0.00000       NaN       NaN       59.046931
txt15_i1                 5    3    0     0   2  0.600000  0.400000       NaN       NaN  0.600000  1.00000  0.750000  0.652174      317.400000
txt15_i3                 5    3    0     0   2  0.600000  0.400000       NaN       NaN  0.600000  1.00000  0.750000  0.652174      204.800000
txt15_conveyor           3    3    0     0   0  1.000000  0.000000       NaN       NaN  1.000000  1.00000  1.000000  1.000000      471.333333
txt15_m1               160  153    0     0   7  0.956250  0.043750       NaN       NaN  0.956250  1.00000  0.977636  0.964691      378.600000
txt15_pl                 9    5    0     0   4  0.555556  0.444444       NaN       NaN  0.555556  1.00000  0.714286  0.609756      200.000000
txt16_i3                 4    4    0     0   0  1.000000  0.000000       NaN       NaN  1.000000  1.00000  1.000000  1.000000      404.000000
txt16_conveyor           8    5    0     0   3  0.625000  0.375000       NaN       NaN  0.625000  1.00000  0.769231  0.675676      178.250000
txt16_m3                65   50    0     0  15  0.769231  0.230769       NaN       NaN  0.769231  1.00000  0.869565  0.806452      332.692308
txt16_turntable          2    0    0     0   2  0.000000  1.000000       NaN       NaN  0.000000      NaN       NaN       NaN        2.000000
txt17_i1                16    9    0     0   7  0.562500  0.437500       NaN       NaN  0.562500  1.00000  0.720000  0.616438      206.187500
txt17_pl                14    0    0     0  14  0.000000  1.000000       NaN       NaN  0.000000      NaN       NaN       NaN       26.785714
txt18_pl                28    1    0     0  27  0.035714  0.964286       NaN       NaN  0.035714  1.00000  0.068966  0.044248       15.000000
txt19_i4                 6    5    0     0   1  0.833333  0.166667       NaN       NaN  0.833333  1.00000  0.909091  0.862069      233.833333
combined              1710  241  206  1179  84  0.830409  0.258462  0.851264  0.148736  0.741538  0.53915  0.624352  0.689754      104.297661

                 #Examples   TP   FP    TN  FN       ACC       FNR       TNR       FPR       TPR     Prec        F1        F2  AVG # affected
Component                                                                                                                                    
no_failure            1385    0  206  1179   0  0.851264       NaN  0.851264  0.148736       NaN  0.00000       NaN       NaN       59.046931
txt15_i1                 5    3    0     0   2  0.600000  0.400000       NaN       NaN  0.600000  1.00000  0.750000  0.652174      317.400000
txt15_i3                 5    3    0     0   2  0.600000  0.400000       NaN       NaN  0.600000  1.00000  0.750000  0.652174      204.800000
txt15_conveyor           3    3    0     0   0  1.000000  0.000000       NaN       NaN  1.000000  1.00000  1.000000  1.000000      471.333333
txt15_m1               160  153    0     0   7  0.956250  0.043750       NaN       NaN  0.956250  1.00000  0.977636  0.964691      378.600000
txt15_pl                 9    5    0     0   4  0.555556  0.444444       NaN       NaN  0.555556  1.00000  0.714286  0.609756      200.000000
txt16_i3                 4    4    0     0   0  1.000000  0.000000       NaN       NaN  1.000000  1.00000  1.000000  1.000000      404.000000
txt16_conveyor           8    5    0     0   3  0.625000  0.375000       NaN       NaN  0.625000  1.00000  0.769231  0.675676      178.250000
txt16_m3                65   50    0     0  15  0.769231  0.230769       NaN       NaN  0.769231  1.00000  0.869565  0.806452      332.692308
txt16_turntable          2    0    0     0   2  0.000000  1.000000       NaN       NaN  0.000000      NaN       NaN       NaN        2.000000
txt17_i1                16    9    0     0   7  0.562500  0.437500       NaN       NaN  0.562500  1.00000  0.720000  0.616438      206.187500
txt17_pl                14    0    0     0  14  0.000000  1.000000       NaN       NaN  0.000000      NaN       NaN       NaN       26.785714
txt18_pl                28    1    0     0  27  0.035714  0.964286       NaN       NaN  0.035714  1.00000  0.068966  0.044248       15.000000
txt19_i4                 6    5    0     0   1  0.833333  0.166667       NaN       NaN  0.833333  1.00000  0.909091  0.862069      233.833333
combined              1710  241  206  1179  84  0.830409  0.258462  0.851264  0.148736  0.741538  0.53915  0.624352  0.689754      104.297661

Execution time: 183254.68065367127
