
Dataset loaded:
Shape of training set (example, time, channels): (20812, 500, 61)
Shape of test set (example, time, channels): (3989, 500, 61)
Shape of train validation set (example, time, channels): (2313, 500, 61)
Shape of test validation set (example, time, channels): (1710, 500, 61)
Num of classes in all: 25

Adding feature wise convolutions with 32 filters per feature, 3 kernels and 1 strides ...
Adding feature wise convolutions with 1 filters per feature, 3 kernels and 1 strides ...
Adding feature based graph attention layer ...
Adding time based graph attention layer ...
Adding GRU layer with 256 units ...
Adding GRU layer with 61 units ...
Adding dense layer to forecasting model with 512 units and ReLu activation ...
Adding dense layer to forecasting model with 256 units and ReLu activation ...
Adding last dense layer to forecasting model with 61 units and sigmoid activation ...
Adding VAE as reconstruction model with dimensions 3072 & 1536 and ...
The RBM reconstructs the output of the gru layer.

Grid search running in AD and FPD selection mode.
The following hyperparameters will not be evaluated:
si_mode
si_parameter

Testing 5000 combinations via grid search 
for model selected_2_mod_10_02-12-19-28-05 on the validation dataset. 


Best combinations tested:
      gamma  single_timestamp_a.. affected_timestamp..  unaffected_compone..                         relevance_mapping     AD F1     AD F2    AD TPR   AD Prec    AD ACC    AD TNR    AD FPR  SI/ST AVG-HR@100%  SI/ST AVG-HR@150%  SI/ST AVG-HR@K  SI/ST F1  SI/ST TPR  SI/ST ACC
Comb                                                                                                                                                                                                                                                                              
2241   0.45                  0.33                  240                  0.60  {'h': 1.0, 'm': 0.0, 'l': 0.0, 'e': 0.0}  0.669492  0.704100  0.729231  0.618799  0.863158  0.894585  0.105415           0.269561           0.340551        0.166154  0.043077   0.043077   0.852781
2291   0.45                  0.33                  230                  0.60  {'h': 1.0, 'm': 0.0, 'l': 0.0, 'e': 0.0}  0.665730  0.702430  0.729231  0.612403  0.860819  0.891697  0.108303           0.269561           0.340551        0.166154  0.043077   0.043077   0.852781
2391   0.45                  0.33                  200                  0.60  {'h': 1.0, 'm': 0.0, 'l': 0.0, 'e': 0.0}  0.653951  0.702165  0.738462  0.586797  0.851462  0.877978  0.122022           0.269561           0.340551        0.166154  0.043077   0.043077   0.852781
2341   0.45                  0.33                  220                  0.60  {'h': 1.0, 'm': 0.0, 'l': 0.0, 'e': 0.0}  0.661111  0.702065  0.732308  0.602532  0.857310  0.886643  0.113357           0.269561           0.340551        0.166154  0.043077   0.043077   0.852781
3791   0.25                  0.30                  200                  0.60  {'h': 1.0, 'm': 0.0, 'l': 0.0, 'e': 0.0}  0.655693  0.701291  0.735385  0.591584  0.853216  0.880866  0.119134           0.271461           0.339660        0.166154  0.046154   0.046154   0.853254
241    0.55                  0.33                  240                  0.60  {'h': 1.0, 'm': 0.0, 'l': 0.0, 'e': 0.0}  0.596532  0.701087  0.793846  0.477778  0.795906  0.796390  0.203610           0.276403           0.362100        0.163077  0.061538   0.061538   0.865934
3789   0.25                  0.30                  200                  0.50  {'h': 1.0, 'm': 0.5, 'l': 0.3, 'e': 0.0}  0.654795  0.700880  0.735385  0.590123  0.852632  0.880144  0.119856           0.271461           0.339660        0.169231  0.061538   0.061538   0.855621
3753   0.25                  0.30                  200                  0.05  {'h': 1.0, 'm': 0.5, 'l': 0.5, 'e': 0.0}  0.653899  0.700469  0.735385  0.588670  0.852047  0.879422  0.120578           0.271461           0.339660        0.172308  0.061538   0.061538   0.855621
3754   0.25                  0.30                  200                  0.05  {'h': 1.0, 'm': 0.5, 'l': 0.3, 'e': 0.0}  0.653899  0.700469  0.735385  0.588670  0.852047  0.879422  0.120578           0.271461           0.339660        0.169231  0.061538   0.061538   0.855621
3758   0.25                  0.30                  200                  0.10  {'h': 1.0, 'm': 0.5, 'l': 0.5, 'e': 0.0}  0.653899  0.700469  0.735385  0.588670  0.852047  0.879422  0.120578           0.271461           0.339660        0.172308  0.061538   0.061538   0.855621
3759   0.25                  0.30                  200                  0.10  {'h': 1.0, 'm': 0.5, 'l': 0.3, 'e': 0.0}  0.653899  0.700469  0.735385  0.588670  0.852047  0.879422  0.120578           0.271461           0.339660        0.169231  0.061538   0.061538   0.855621
3763   0.25                  0.30                  200                  0.15  {'h': 1.0, 'm': 0.5, 'l': 0.5, 'e': 0.0}  0.653899  0.700469  0.735385  0.588670  0.852047  0.879422  0.120578           0.271461           0.339660        0.172308  0.061538   0.061538   0.855621
3764   0.25                  0.30                  200                  0.15  {'h': 1.0, 'm': 0.5, 'l': 0.3, 'e': 0.0}  0.653899  0.700469  0.735385  0.588670  0.852047  0.879422  0.120578           0.271461           0.339660        0.169231  0.061538   0.061538   0.855621
3768   0.25                  0.30                  200                  0.20  {'h': 1.0, 'm': 0.5, 'l': 0.5, 'e': 0.0}  0.653899  0.700469  0.735385  0.588670  0.852047  0.879422  0.120578           0.271461           0.339660        0.172308  0.061538   0.061538   0.855621
3769   0.25                  0.30                  200                  0.20  {'h': 1.0, 'm': 0.5, 'l': 0.3, 'e': 0.0}  0.653899  0.700469  0.735385  0.588670  0.852047  0.879422  0.120578           0.271461           0.339660        0.169231  0.061538   0.061538   0.855621
3773   0.25                  0.30                  200                  0.25  {'h': 1.0, 'm': 0.5, 'l': 0.5, 'e': 0.0}  0.653899  0.700469  0.735385  0.588670  0.852047  0.879422  0.120578           0.271461           0.339660        0.172308  0.061538   0.061538   0.855621
3774   0.25                  0.30                  200                  0.25  {'h': 1.0, 'm': 0.5, 'l': 0.3, 'e': 0.0}  0.653899  0.700469  0.735385  0.588670  0.852047  0.879422  0.120578           0.271461           0.339660        0.169231  0.061538   0.061538   0.855621
3778   0.25                  0.30                  200                  0.30  {'h': 1.0, 'm': 0.5, 'l': 0.5, 'e': 0.0}  0.653899  0.700469  0.735385  0.588670  0.852047  0.879422  0.120578           0.271461           0.339660        0.172308  0.061538   0.061538   0.855621
3779   0.25                  0.30                  200                  0.30  {'h': 1.0, 'm': 0.5, 'l': 0.3, 'e': 0.0}  0.653899  0.700469  0.735385  0.588670  0.852047  0.879422  0.120578           0.271461           0.339660        0.169231  0.061538   0.061538   0.855621
3783   0.25                  0.30                  200                  0.45  {'h': 1.0, 'm': 0.5, 'l': 0.5, 'e': 0.0}  0.653899  0.700469  0.735385  0.588670  0.852047  0.879422  0.120578           0.271461           0.339660        0.172308  0.061538   0.061538   0.855621
3784   0.25                  0.30                  200                  0.45  {'h': 1.0, 'm': 0.5, 'l': 0.3, 'e': 0.0}  0.653899  0.700469  0.735385  0.588670  0.852047  0.879422  0.120578           0.271461           0.339660        0.169231  0.061538   0.061538   0.855621
3752   0.25                  0.30                  200                  0.05  {'h': 1.0, 'm': 0.5, 'l': 0.0, 'e': 0.0}  0.653899  0.700469  0.735385  0.588670  0.852047  0.879422  0.120578           0.271461           0.339660        0.172308  0.052308   0.052308   0.854201
3757   0.25                  0.30                  200                  0.10  {'h': 1.0, 'm': 0.5, 'l': 0.0, 'e': 0.0}  0.653899  0.700469  0.735385  0.588670  0.852047  0.879422  0.120578           0.271461           0.339660        0.172308  0.052308   0.052308   0.854201
3762   0.25                  0.30                  200                  0.15  {'h': 1.0, 'm': 0.5, 'l': 0.0, 'e': 0.0}  0.653899  0.700469  0.735385  0.588670  0.852047  0.879422  0.120578           0.271461           0.339660        0.172308  0.052308   0.052308   0.854201
3767   0.25                  0.30                  200                  0.20  {'h': 1.0, 'm': 0.5, 'l': 0.0, 'e': 0.0}  0.653899  0.700469  0.735385  0.588670  0.852047  0.879422  0.120578           0.271461           0.339660        0.172308  0.052308   0.052308   0.854201
3772   0.25                  0.30                  200                  0.25  {'h': 1.0, 'm': 0.5, 'l': 0.0, 'e': 0.0}  0.653899  0.700469  0.735385  0.588670  0.852047  0.879422  0.120578           0.271461           0.339660        0.172308  0.052308   0.052308   0.854201
3777   0.25                  0.30                  200                  0.30  {'h': 1.0, 'm': 0.5, 'l': 0.0, 'e': 0.0}  0.653899  0.700469  0.735385  0.588670  0.852047  0.879422  0.120578           0.271461           0.339660        0.172308  0.052308   0.052308   0.854201
3782   0.25                  0.30                  200                  0.45  {'h': 1.0, 'm': 0.5, 'l': 0.0, 'e': 0.0}  0.653899  0.700469  0.735385  0.588670  0.852047  0.879422  0.120578           0.271461           0.339660        0.172308  0.052308   0.052308   0.854201
3787   0.25                  0.30                  200                  0.50  {'h': 1.0, 'm': 0.5, 'l': 0.0, 'e': 0.0}  0.653899  0.700469  0.735385  0.588670  0.852047  0.879422  0.120578           0.271461           0.339660        0.172308  0.052308   0.052308   0.854201
3751   0.25                  0.30                  200                  0.05  {'h': 1.0, 'm': 0.0, 'l': 0.0, 'e': 0.0}  0.653899  0.700469  0.735385  0.588670  0.852047  0.879422  0.120578           0.271461           0.339660        0.166154  0.046154   0.046154   0.853254
3756   0.25                  0.30                  200                  0.10  {'h': 1.0, 'm': 0.0, 'l': 0.0, 'e': 0.0}  0.653899  0.700469  0.735385  0.588670  0.852047  0.879422  0.120578           0.271461           0.339660        0.166154  0.046154   0.046154   0.853254
3761   0.25                  0.30                  200                  0.15  {'h': 1.0, 'm': 0.0, 'l': 0.0, 'e': 0.0}  0.653899  0.700469  0.735385  0.588670  0.852047  0.879422  0.120578           0.271461           0.339660        0.166154  0.046154   0.046154   0.853254
3766   0.25                  0.30                  200                  0.20  {'h': 1.0, 'm': 0.0, 'l': 0.0, 'e': 0.0}  0.653899  0.700469  0.735385  0.588670  0.852047  0.879422  0.120578           0.271461           0.339660        0.166154  0.046154   0.046154   0.853254
3771   0.25                  0.30                  200                  0.25  {'h': 1.0, 'm': 0.0, 'l': 0.0, 'e': 0.0}  0.653899  0.700469  0.735385  0.588670  0.852047  0.879422  0.120578           0.271461           0.339660        0.166154  0.046154   0.046154   0.853254
3776   0.25                  0.30                  200                  0.30  {'h': 1.0, 'm': 0.0, 'l': 0.0, 'e': 0.0}  0.653899  0.700469  0.735385  0.588670  0.852047  0.879422  0.120578           0.271461           0.339660        0.166154  0.046154   0.046154   0.853254
3781   0.25                  0.30                  200                  0.45  {'h': 1.0, 'm': 0.0, 'l': 0.0, 'e': 0.0}  0.653899  0.700469  0.735385  0.588670  0.852047  0.879422  0.120578           0.271461           0.339660        0.166154  0.046154   0.046154   0.853254
3786   0.25                  0.30                  200                  0.50  {'h': 1.0, 'm': 0.0, 'l': 0.0, 'e': 0.0}  0.653899  0.700469  0.735385  0.588670  0.852047  0.879422  0.120578           0.271461           0.339660        0.166154  0.046154   0.046154   0.853254
3750   0.25                  0.30                  200                  0.05  {'h': 1.0, 'm': 1.0, 'l': 0.0, 'e': 0.0}  0.653899  0.700469  0.735385  0.588670  0.852047  0.879422  0.120578           0.271461           0.339660        0.178462  0.043077   0.043077   0.852781
3755   0.25                  0.30                  200                  0.10  {'h': 1.0, 'm': 1.0, 'l': 0.0, 'e': 0.0}  0.653899  0.700469  0.735385  0.588670  0.852047  0.879422  0.120578           0.271461           0.339660        0.178462  0.043077   0.043077   0.852781
3760   0.25                  0.30                  200                  0.15  {'h': 1.0, 'm': 1.0, 'l': 0.0, 'e': 0.0}  0.653899  0.700469  0.735385  0.588670  0.852047  0.879422  0.120578           0.271461           0.339660        0.178462  0.043077   0.043077   0.852781
3765   0.25                  0.30                  200                  0.20  {'h': 1.0, 'm': 1.0, 'l': 0.0, 'e': 0.0}  0.653899  0.700469  0.735385  0.588670  0.852047  0.879422  0.120578           0.271461           0.339660        0.178462  0.043077   0.043077   0.852781
3770   0.25                  0.30                  200                  0.25  {'h': 1.0, 'm': 1.0, 'l': 0.0, 'e': 0.0}  0.653899  0.700469  0.735385  0.588670  0.852047  0.879422  0.120578           0.271461           0.339660        0.178462  0.043077   0.043077   0.852781
3775   0.25                  0.30                  200                  0.30  {'h': 1.0, 'm': 1.0, 'l': 0.0, 'e': 0.0}  0.653899  0.700469  0.735385  0.588670  0.852047  0.879422  0.120578           0.271461           0.339660        0.178462  0.043077   0.043077   0.852781
3780   0.25                  0.30                  200                  0.45  {'h': 1.0, 'm': 1.0, 'l': 0.0, 'e': 0.0}  0.653899  0.700469  0.735385  0.588670  0.852047  0.879422  0.120578           0.271461           0.339660        0.178462  0.043077   0.043077   0.852781
2237   0.45                  0.33                  240                  0.50  {'h': 1.0, 'm': 0.5, 'l': 0.0, 'e': 0.0}  0.661088  0.700355  0.729231  0.604592  0.857895  0.888087  0.111913           0.269561           0.340551        0.178462  0.049231   0.049231   0.853728
4938   0.20                  0.29                  220                  0.50  {'h': 1.0, 'm': 0.5, 'l': 0.5, 'e': 0.0}  0.656552  0.700000  0.732308  0.595000  0.854386  0.883032  0.116968           0.268591           0.340478        0.175385  0.058462   0.058462   0.855148
4939   0.20                  0.29                  220                  0.50  {'h': 1.0, 'm': 0.5, 'l': 0.3, 'e': 0.0}  0.656552  0.700000  0.732308  0.595000  0.854386  0.883032  0.116968           0.268591           0.340478        0.169231  0.058462   0.058462   0.855148
4941   0.20                  0.29                  220                  0.60  {'h': 1.0, 'm': 0.0, 'l': 0.0, 'e': 0.0}  0.656552  0.700000  0.732308  0.595000  0.854386  0.883032  0.116968           0.268591           0.340478        0.166154  0.046154   0.046154   0.853254
2203   0.45                  0.33                  240                  0.05  {'h': 1.0, 'm': 0.5, 'l': 0.5, 'e': 0.0}  0.660167  0.699941  0.729231  0.603053  0.857310  0.887365  0.112635           0.269561           0.340551        0.178462  0.052308   0.052308   0.854201
2204   0.45                  0.33                  240                  0.05  {'h': 1.0, 'm': 0.5, 'l': 0.3, 'e': 0.0}  0.660167  0.699941  0.729231  0.603053  0.857310  0.887365  0.112635           0.269561           0.340551        0.178462  0.052308   0.052308   0.854201
2208   0.45                  0.33                  240                  0.10  {'h': 1.0, 'm': 0.5, 'l': 0.5, 'e': 0.0}  0.660167  0.699941  0.729231  0.603053  0.857310  0.887365  0.112635           0.269561           0.340551        0.178462  0.052308   0.052308   0.854201
2209   0.45                  0.33                  240                  0.10  {'h': 1.0, 'm': 0.5, 'l': 0.3, 'e': 0.0}  0.660167  0.699941  0.729231  0.603053  0.857310  0.887365  0.112635           0.269561           0.340551        0.178462  0.052308   0.052308   0.854201
2213   0.45                  0.33                  240                  0.15  {'h': 1.0, 'm': 0.5, 'l': 0.5, 'e': 0.0}  0.660167  0.699941  0.729231  0.603053  0.857310  0.887365  0.112635           0.269561           0.340551        0.178462  0.052308   0.052308   0.854201
2214   0.45                  0.33                  240                  0.15  {'h': 1.0, 'm': 0.5, 'l': 0.3, 'e': 0.0}  0.660167  0.699941  0.729231  0.603053  0.857310  0.887365  0.112635           0.269561           0.340551        0.178462  0.052308   0.052308   0.854201
2218   0.45                  0.33                  240                  0.20  {'h': 1.0, 'm': 0.5, 'l': 0.5, 'e': 0.0}  0.660167  0.699941  0.729231  0.603053  0.857310  0.887365  0.112635           0.269561           0.340551        0.178462  0.052308   0.052308   0.854201
2219   0.45                  0.33                  240                  0.20  {'h': 1.0, 'm': 0.5, 'l': 0.3, 'e': 0.0}  0.660167  0.699941  0.729231  0.603053  0.857310  0.887365  0.112635           0.269561           0.340551        0.178462  0.052308   0.052308   0.854201
2223   0.45                  0.33                  240                  0.25  {'h': 1.0, 'm': 0.5, 'l': 0.5, 'e': 0.0}  0.660167  0.699941  0.729231  0.603053  0.857310  0.887365  0.112635           0.269561           0.340551        0.178462  0.052308   0.052308   0.854201
2224   0.45                  0.33                  240                  0.25  {'h': 1.0, 'm': 0.5, 'l': 0.3, 'e': 0.0}  0.660167  0.699941  0.729231  0.603053  0.857310  0.887365  0.112635           0.269561           0.340551        0.178462  0.052308   0.052308   0.854201
2228   0.45                  0.33                  240                  0.30  {'h': 1.0, 'm': 0.5, 'l': 0.5, 'e': 0.0}  0.660167  0.699941  0.729231  0.603053  0.857310  0.887365  0.112635           0.269561           0.340551        0.178462  0.052308   0.052308   0.854201
2229   0.45                  0.33                  240                  0.30  {'h': 1.0, 'm': 0.5, 'l': 0.3, 'e': 0.0}  0.660167  0.699941  0.729231  0.603053  0.857310  0.887365  0.112635           0.269561           0.340551        0.178462  0.052308   0.052308   0.854201
2233   0.45                  0.33                  240                  0.45  {'h': 1.0, 'm': 0.5, 'l': 0.5, 'e': 0.0}  0.660167  0.699941  0.729231  0.603053  0.857310  0.887365  0.112635           0.269561           0.340551        0.178462  0.052308   0.052308   0.854201
2234   0.45                  0.33                  240                  0.45  {'h': 1.0, 'm': 0.5, 'l': 0.3, 'e': 0.0}  0.660167  0.699941  0.729231  0.603053  0.857310  0.887365  0.112635           0.269561           0.340551        0.178462  0.052308   0.052308   0.854201
2202   0.45                  0.33                  240                  0.05  {'h': 1.0, 'm': 0.5, 'l': 0.0, 'e': 0.0}  0.660167  0.699941  0.729231  0.603053  0.857310  0.887365  0.112635           0.269561           0.340551        0.178462  0.049231   0.049231   0.853728
2207   0.45                  0.33                  240                  0.10  {'h': 1.0, 'm': 0.5, 'l': 0.0, 'e': 0.0}  0.660167  0.699941  0.729231  0.603053  0.857310  0.887365  0.112635           0.269561           0.340551        0.178462  0.049231   0.049231   0.853728
2212   0.45                  0.33                  240                  0.15  {'h': 1.0, 'm': 0.5, 'l': 0.0, 'e': 0.0}  0.660167  0.699941  0.729231  0.603053  0.857310  0.887365  0.112635           0.269561           0.340551        0.178462  0.049231   0.049231   0.853728
2217   0.45                  0.33                  240                  0.20  {'h': 1.0, 'm': 0.5, 'l': 0.0, 'e': 0.0}  0.660167  0.699941  0.729231  0.603053  0.857310  0.887365  0.112635           0.269561           0.340551        0.178462  0.049231   0.049231   0.853728
2222   0.45                  0.33                  240                  0.25  {'h': 1.0, 'm': 0.5, 'l': 0.0, 'e': 0.0}  0.660167  0.699941  0.729231  0.603053  0.857310  0.887365  0.112635           0.269561           0.340551        0.178462  0.049231   0.049231   0.853728
2227   0.45                  0.33                  240                  0.30  {'h': 1.0, 'm': 0.5, 'l': 0.0, 'e': 0.0}  0.660167  0.699941  0.729231  0.603053  0.857310  0.887365  0.112635           0.269561           0.340551        0.178462  0.049231   0.049231   0.853728
2232   0.45                  0.33                  240                  0.45  {'h': 1.0, 'm': 0.5, 'l': 0.0, 'e': 0.0}  0.660167  0.699941  0.729231  0.603053  0.857310  0.887365  0.112635           0.269561           0.340551        0.178462  0.049231   0.049231   0.853728
2200   0.45                  0.33                  240                  0.05  {'h': 1.0, 'm': 1.0, 'l': 0.0, 'e': 0.0}  0.660167  0.699941  0.729231  0.603053  0.857310  0.887365  0.112635           0.269561           0.340551        0.163077  0.046154   0.046154   0.853254
2205   0.45                  0.33                  240                  0.10  {'h': 1.0, 'm': 1.0, 'l': 0.0, 'e': 0.0}  0.660167  0.699941  0.729231  0.603053  0.857310  0.887365  0.112635           0.269561           0.340551        0.163077  0.046154   0.046154   0.853254
2210   0.45                  0.33                  240                  0.15  {'h': 1.0, 'm': 1.0, 'l': 0.0, 'e': 0.0}  0.660167  0.699941  0.729231  0.603053  0.857310  0.887365  0.112635           0.269561           0.340551        0.163077  0.046154   0.046154   0.853254
2215   0.45                  0.33                  240                  0.20  {'h': 1.0, 'm': 1.0, 'l': 0.0, 'e': 0.0}  0.660167  0.699941  0.729231  0.603053  0.857310  0.887365  0.112635           0.269561           0.340551        0.163077  0.046154   0.046154   0.853254
2220   0.45                  0.33                  240                  0.25  {'h': 1.0, 'm': 1.0, 'l': 0.0, 'e': 0.0}  0.660167  0.699941  0.729231  0.603053  0.857310  0.887365  0.112635           0.269561           0.340551        0.163077  0.046154   0.046154   0.853254
2225   0.45                  0.33                  240                  0.30  {'h': 1.0, 'm': 1.0, 'l': 0.0, 'e': 0.0}  0.660167  0.699941  0.729231  0.603053  0.857310  0.887365  0.112635           0.269561           0.340551        0.163077  0.046154   0.046154   0.853254
2230   0.45                  0.33                  240                  0.45  {'h': 1.0, 'm': 1.0, 'l': 0.0, 'e': 0.0}  0.660167  0.699941  0.729231  0.603053  0.857310  0.887365  0.112635           0.269561           0.340551        0.163077  0.046154   0.046154   0.853254
2201   0.45                  0.33                  240                  0.05  {'h': 1.0, 'm': 0.0, 'l': 0.0, 'e': 0.0}  0.660167  0.699941  0.729231  0.603053  0.857310  0.887365  0.112635           0.269561           0.340551        0.166154  0.043077   0.043077   0.852781
2206   0.45                  0.33                  240                  0.10  {'h': 1.0, 'm': 0.0, 'l': 0.0, 'e': 0.0}  0.660167  0.699941  0.729231  0.603053  0.857310  0.887365  0.112635           0.269561           0.340551        0.166154  0.043077   0.043077   0.852781
2211   0.45                  0.33                  240                  0.15  {'h': 1.0, 'm': 0.0, 'l': 0.0, 'e': 0.0}  0.660167  0.699941  0.729231  0.603053  0.857310  0.887365  0.112635           0.269561           0.340551        0.166154  0.043077   0.043077   0.852781
2216   0.45                  0.33                  240                  0.20  {'h': 1.0, 'm': 0.0, 'l': 0.0, 'e': 0.0}  0.660167  0.699941  0.729231  0.603053  0.857310  0.887365  0.112635           0.269561           0.340551        0.166154  0.043077   0.043077   0.852781
2221   0.45                  0.33                  240                  0.25  {'h': 1.0, 'm': 0.0, 'l': 0.0, 'e': 0.0}  0.660167  0.699941  0.729231  0.603053  0.857310  0.887365  0.112635           0.269561           0.340551        0.166154  0.043077   0.043077   0.852781
2226   0.45                  0.33                  240                  0.30  {'h': 1.0, 'm': 0.0, 'l': 0.0, 'e': 0.0}  0.660167  0.699941  0.729231  0.603053  0.857310  0.887365  0.112635           0.269561           0.340551        0.166154  0.043077   0.043077   0.852781
2231   0.45                  0.33                  240                  0.45  {'h': 1.0, 'm': 0.0, 'l': 0.0, 'e': 0.0}  0.660167  0.699941  0.729231  0.603053  0.857310  0.887365  0.112635           0.269561           0.340551        0.166154  0.043077   0.043077   0.852781
2236   0.45                  0.33                  240                  0.50  {'h': 1.0, 'm': 0.0, 'l': 0.0, 'e': 0.0}  0.660167  0.699941  0.729231  0.603053  0.857310  0.887365  0.112635           0.269561           0.340551        0.166154  0.043077   0.043077   0.852781
4903   0.20                  0.29                  220                  0.05  {'h': 1.0, 'm': 0.5, 'l': 0.5, 'e': 0.0}  0.655647  0.699588  0.732308  0.593516  0.853801  0.882310  0.117690           0.268591           0.340478        0.175385  0.058462   0.058462   0.855148
4904   0.20                  0.29                  220                  0.05  {'h': 1.0, 'm': 0.5, 'l': 0.3, 'e': 0.0}  0.655647  0.699588  0.732308  0.593516  0.853801  0.882310  0.117690           0.268591           0.340478        0.169231  0.058462   0.058462   0.855148
4908   0.20                  0.29                  220                  0.10  {'h': 1.0, 'm': 0.5, 'l': 0.5, 'e': 0.0}  0.655647  0.699588  0.732308  0.593516  0.853801  0.882310  0.117690           0.268591           0.340478        0.175385  0.058462   0.058462   0.855148
4909   0.20                  0.29                  220                  0.10  {'h': 1.0, 'm': 0.5, 'l': 0.3, 'e': 0.0}  0.655647  0.699588  0.732308  0.593516  0.853801  0.882310  0.117690           0.268591           0.340478        0.169231  0.058462   0.058462   0.855148
4913   0.20                  0.29                  220                  0.15  {'h': 1.0, 'm': 0.5, 'l': 0.5, 'e': 0.0}  0.655647  0.699588  0.732308  0.593516  0.853801  0.882310  0.117690           0.268591           0.340478        0.175385  0.058462   0.058462   0.855148
4914   0.20                  0.29                  220                  0.15  {'h': 1.0, 'm': 0.5, 'l': 0.3, 'e': 0.0}  0.655647  0.699588  0.732308  0.593516  0.853801  0.882310  0.117690           0.268591           0.340478        0.169231  0.058462   0.058462   0.855148
4918   0.20                  0.29                  220                  0.20  {'h': 1.0, 'm': 0.5, 'l': 0.5, 'e': 0.0}  0.655647  0.699588  0.732308  0.593516  0.853801  0.882310  0.117690           0.268591           0.340478        0.175385  0.058462   0.058462   0.855148
4919   0.20                  0.29                  220                  0.20  {'h': 1.0, 'm': 0.5, 'l': 0.3, 'e': 0.0}  0.655647  0.699588  0.732308  0.593516  0.853801  0.882310  0.117690           0.268591           0.340478        0.169231  0.058462   0.058462   0.855148
4923   0.20                  0.29                  220                  0.25  {'h': 1.0, 'm': 0.5, 'l': 0.5, 'e': 0.0}  0.655647  0.699588  0.732308  0.593516  0.853801  0.882310  0.117690           0.268591           0.340478        0.175385  0.058462   0.058462   0.855148
4924   0.20                  0.29                  220                  0.25  {'h': 1.0, 'm': 0.5, 'l': 0.3, 'e': 0.0}  0.655647  0.699588  0.732308  0.593516  0.853801  0.882310  0.117690           0.268591           0.340478        0.169231  0.058462   0.058462   0.855148
4928   0.20                  0.29                  220                  0.30  {'h': 1.0, 'm': 0.5, 'l': 0.5, 'e': 0.0}  0.655647  0.699588  0.732308  0.593516  0.853801  0.882310  0.117690           0.268591           0.340478        0.175385  0.058462   0.058462   0.855148
4929   0.20                  0.29                  220                  0.30  {'h': 1.0, 'm': 0.5, 'l': 0.3, 'e': 0.0}  0.655647  0.699588  0.732308  0.593516  0.853801  0.882310  0.117690           0.268591           0.340478        0.169231  0.058462   0.058462   0.855148
4933   0.20                  0.29                  220                  0.45  {'h': 1.0, 'm': 0.5, 'l': 0.5, 'e': 0.0}  0.655647  0.699588  0.732308  0.593516  0.853801  0.882310  0.117690           0.268591           0.340478        0.175385  0.058462   0.058462   0.855148
4934   0.20                  0.29                  220                  0.45  {'h': 1.0, 'm': 0.5, 'l': 0.3, 'e': 0.0}  0.655647  0.699588  0.732308  0.593516  0.853801  0.882310  0.117690           0.268591           0.340478        0.169231  0.058462   0.058462   0.855148
4902   0.20                  0.29                  220                  0.05  {'h': 1.0, 'm': 0.5, 'l': 0.0, 'e': 0.0}  0.655647  0.699588  0.732308  0.593516  0.853801  0.882310  0.117690           0.268591           0.340478        0.175385  0.049231   0.049231   0.853728
4907   0.20                  0.29                  220                  0.10  {'h': 1.0, 'm': 0.5, 'l': 0.0, 'e': 0.0}  0.655647  0.699588  0.732308  0.593516  0.853801  0.882310  0.117690           0.268591           0.340478        0.175385  0.049231   0.049231   0.853728
4912   0.20                  0.29                  220                  0.15  {'h': 1.0, 'm': 0.5, 'l': 0.0, 'e': 0.0}  0.655647  0.699588  0.732308  0.593516  0.853801  0.882310  0.117690           0.268591           0.340478        0.175385  0.049231   0.049231   0.853728
4917   0.20                  0.29                  220                  0.20  {'h': 1.0, 'm': 0.5, 'l': 0.0, 'e': 0.0}  0.655647  0.699588  0.732308  0.593516  0.853801  0.882310  0.117690           0.268591           0.340478        0.175385  0.049231   0.049231   0.853728
4922   0.20                  0.29                  220                  0.25  {'h': 1.0, 'm': 0.5, 'l': 0.0, 'e': 0.0}  0.655647  0.699588  0.732308  0.593516  0.853801  0.882310  0.117690           0.268591           0.340478        0.175385  0.049231   0.049231   0.853728
4927   0.20                  0.29                  220                  0.30  {'h': 1.0, 'm': 0.5, 'l': 0.0, 'e': 0.0}  0.655647  0.699588  0.732308  0.593516  0.853801  0.882310  0.117690           0.268591           0.340478        0.175385  0.049231   0.049231   0.853728
4932   0.20                  0.29                  220                  0.45  {'h': 1.0, 'm': 0.5, 'l': 0.0, 'e': 0.0}  0.655647  0.699588  0.732308  0.593516  0.853801  0.882310  0.117690           0.268591           0.340478        0.175385  0.049231   0.049231   0.853728
4937   0.20                  0.29                  220                  0.50  {'h': 1.0, 'm': 0.5, 'l': 0.0, 'e': 0.0}  0.655647  0.699588  0.732308  0.593516  0.853801  0.882310  0.117690           0.268591           0.340478        0.175385  0.049231   0.049231   0.853728
4901   0.20                  0.29                  220                  0.05  {'h': 1.0, 'm': 0.0, 'l': 0.0, 'e': 0.0}  0.655647  0.699588  0.732308  0.593516  0.853801  0.882310  0.117690           0.268591           0.340478        0.166154  0.046154   0.046154   0.853254
4906   0.20                  0.29                  220                  0.10  {'h': 1.0, 'm': 0.0, 'l': 0.0, 'e': 0.0}  0.655647  0.699588  0.732308  0.593516  0.853801  0.882310  0.117690           0.268591           0.340478        0.166154  0.046154   0.046154   0.853254
4911   0.20                  0.29                  220                  0.15  {'h': 1.0, 'm': 0.0, 'l': 0.0, 'e': 0.0}  0.655647  0.699588  0.732308  0.593516  0.853801  0.882310  0.117690           0.268591           0.340478        0.166154  0.046154   0.046154   0.853254
4916   0.20                  0.29                  220                  0.20  {'h': 1.0, 'm': 0.0, 'l': 0.0, 'e': 0.0}  0.655647  0.699588  0.732308  0.593516  0.853801  0.882310  0.117690           0.268591           0.340478        0.166154  0.046154   0.046154   0.853254
4921   0.20                  0.29                  220                  0.25  {'h': 1.0, 'm': 0.0, 'l': 0.0, 'e': 0.0}  0.655647  0.699588  0.732308  0.593516  0.853801  0.882310  0.117690           0.268591           0.340478        0.166154  0.046154   0.046154   0.853254
4926   0.20                  0.29                  220                  0.30  {'h': 1.0, 'm': 0.0, 'l': 0.0, 'e': 0.0}  0.655647  0.699588  0.732308  0.593516  0.853801  0.882310  0.117690           0.268591           0.340478        0.166154  0.046154   0.046154   0.853254
4931   0.20                  0.29                  220                  0.45  {'h': 1.0, 'm': 0.0, 'l': 0.0, 'e': 0.0}  0.655647  0.699588  0.732308  0.593516  0.853801  0.882310  0.117690           0.268591           0.340478        0.166154  0.046154   0.046154   0.853254
4936   0.20                  0.29                  220                  0.50  {'h': 1.0, 'm': 0.0, 'l': 0.0, 'e': 0.0}  0.655647  0.699588  0.732308  0.593516  0.853801  0.882310  0.117690           0.268591           0.340478        0.166154  0.046154   0.046154   0.853254
4900   0.20                  0.29                  220                  0.05  {'h': 1.0, 'm': 1.0, 'l': 0.0, 'e': 0.0}  0.655647  0.699588  0.732308  0.593516  0.853801  0.882310  0.117690           0.268591           0.340478        0.181538  0.043077   0.043077   0.852781
4905   0.20                  0.29                  220                  0.10  {'h': 1.0, 'm': 1.0, 'l': 0.0, 'e': 0.0}  0.655647  0.699588  0.732308  0.593516  0.853801  0.882310  0.117690           0.268591           0.340478        0.181538  0.043077   0.043077   0.852781
4910   0.20                  0.29                  220                  0.15  {'h': 1.0, 'm': 1.0, 'l': 0.0, 'e': 0.0}  0.655647  0.699588  0.732308  0.593516  0.853801  0.882310  0.117690           0.268591           0.340478        0.181538  0.043077   0.043077   0.852781
4915   0.20                  0.29                  220                  0.20  {'h': 1.0, 'm': 1.0, 'l': 0.0, 'e': 0.0}  0.655647  0.699588  0.732308  0.593516  0.853801  0.882310  0.117690           0.268591           0.340478        0.181538  0.043077   0.043077   0.852781
4920   0.20                  0.29                  220                  0.25  {'h': 1.0, 'm': 1.0, 'l': 0.0, 'e': 0.0}  0.655647  0.699588  0.732308  0.593516  0.853801  0.882310  0.117690           0.268591           0.340478        0.181538  0.043077   0.043077   0.852781
4925   0.20                  0.29                  220                  0.30  {'h': 1.0, 'm': 1.0, 'l': 0.0, 'e': 0.0}  0.655647  0.699588  0.732308  0.593516  0.853801  0.882310  0.117690           0.268591           0.340478        0.181538  0.043077   0.043077   0.852781
4930   0.20                  0.29                  220                  0.45  {'h': 1.0, 'm': 1.0, 'l': 0.0, 'e': 0.0}  0.655647  0.699588  0.732308  0.593516  0.853801  0.882310  0.117690           0.268591           0.340478        0.181538  0.043077   0.043077   0.852781
237    0.55                  0.33                  240                  0.50  {'h': 1.0, 'm': 0.5, 'l': 0.0, 'e': 0.0}  0.578947  0.699523  0.812308  0.449744  0.775439  0.766787  0.233213           0.276403           0.362100        0.190769  0.070769   0.070769   0.857041
4888   0.20                  0.29                  230                  0.50  {'h': 1.0, 'm': 0.5, 'l': 0.5, 'e': 0.0}  0.658333  0.699115  0.729231  0.600000  0.856140  0.885921  0.114079           0.268591           0.340478        0.175385  0.058462   0.058462   0.855148
4889   0.20                  0.29                  230                  0.50  {'h': 1.0, 'm': 0.5, 'l': 0.3, 'e': 0.0}  0.658333  0.699115  0.729231  0.600000  0.856140  0.885921  0.114079           0.268591           0.340478        0.169231  0.058462   0.058462   0.855148
4853   0.20                  0.29                  230                  0.05  {'h': 1.0, 'm': 0.5, 'l': 0.5, 'e': 0.0}  0.657420  0.698703  0.729231  0.598485  0.855556  0.885199  0.114801           0.268591           0.340478        0.175385  0.058462   0.058462   0.855148
4854   0.20                  0.29                  230                  0.05  {'h': 1.0, 'm': 0.5, 'l': 0.3, 'e': 0.0}  0.657420  0.698703  0.729231  0.598485  0.855556  0.885199  0.114801           0.268591           0.340478        0.169231  0.058462   0.058462   0.855148
4858   0.20                  0.29                  230                  0.10  {'h': 1.0, 'm': 0.5, 'l': 0.5, 'e': 0.0}  0.657420  0.698703  0.729231  0.598485  0.855556  0.885199  0.114801           0.268591           0.340478        0.175385  0.058462   0.058462   0.855148
4859   0.20                  0.29                  230                  0.10  {'h': 1.0, 'm': 0.5, 'l': 0.3, 'e': 0.0}  0.657420  0.698703  0.729231  0.598485  0.855556  0.885199  0.114801           0.268591           0.340478        0.169231  0.058462   0.058462   0.855148
4863   0.20                  0.29                  230                  0.15  {'h': 1.0, 'm': 0.5, 'l': 0.5, 'e': 0.0}  0.657420  0.698703  0.729231  0.598485  0.855556  0.885199  0.114801           0.268591           0.340478        0.175385  0.058462   0.058462   0.855148
4864   0.20                  0.29                  230                  0.15  {'h': 1.0, 'm': 0.5, 'l': 0.3, 'e': 0.0}  0.657420  0.698703  0.729231  0.598485  0.855556  0.885199  0.114801           0.268591           0.340478        0.169231  0.058462   0.058462   0.855148
4868   0.20                  0.29                  230                  0.20  {'h': 1.0, 'm': 0.5, 'l': 0.5, 'e': 0.0}  0.657420  0.698703  0.729231  0.598485  0.855556  0.885199  0.114801           0.268591           0.340478        0.175385  0.058462   0.058462   0.855148
4869   0.20                  0.29                  230                  0.20  {'h': 1.0, 'm': 0.5, 'l': 0.3, 'e': 0.0}  0.657420  0.698703  0.729231  0.598485  0.855556  0.885199  0.114801           0.268591           0.340478        0.169231  0.058462   0.058462   0.855148
4873   0.20                  0.29                  230                  0.25  {'h': 1.0, 'm': 0.5, 'l': 0.5, 'e': 0.0}  0.657420  0.698703  0.729231  0.598485  0.855556  0.885199  0.114801           0.268591           0.340478        0.175385  0.058462   0.058462   0.855148
4874   0.20                  0.29                  230                  0.25  {'h': 1.0, 'm': 0.5, 'l': 0.3, 'e': 0.0}  0.657420  0.698703  0.729231  0.598485  0.855556  0.885199  0.114801           0.268591           0.340478        0.169231  0.058462   0.058462   0.855148
4878   0.20                  0.29                  230                  0.30  {'h': 1.0, 'm': 0.5, 'l': 0.5, 'e': 0.0}  0.657420  0.698703  0.729231  0.598485  0.855556  0.885199  0.114801           0.268591           0.340478        0.175385  0.058462   0.058462   0.855148
4879   0.20                  0.29                  230                  0.30  {'h': 1.0, 'm': 0.5, 'l': 0.3, 'e': 0.0}  0.657420  0.698703  0.729231  0.598485  0.855556  0.885199  0.114801           0.268591           0.340478        0.169231  0.058462   0.058462   0.855148
4883   0.20                  0.29                  230                  0.45  {'h': 1.0, 'm': 0.5, 'l': 0.5, 'e': 0.0}  0.657420  0.698703  0.729231  0.598485  0.855556  0.885199  0.114801           0.268591           0.340478        0.175385  0.058462   0.058462   0.855148
4884   0.20                  0.29                  230                  0.45  {'h': 1.0, 'm': 0.5, 'l': 0.3, 'e': 0.0}  0.657420  0.698703  0.729231  0.598485  0.855556  0.885199  0.114801           0.268591           0.340478        0.169231  0.058462   0.058462   0.855148
2287   0.45                  0.33                  230                  0.50  {'h': 1.0, 'm': 0.5, 'l': 0.0, 'e': 0.0}  0.657420  0.698703  0.729231  0.598485  0.855556  0.885199  0.114801           0.269561           0.340551        0.178462  0.049231   0.049231   0.853728
4852   0.20                  0.29                  230                  0.05  {'h': 1.0, 'm': 0.5, 'l': 0.0, 'e': 0.0}  0.657420  0.698703  0.729231  0.598485  0.855556  0.885199  0.114801           0.268591           0.340478        0.175385  0.049231   0.049231   0.853728
4857   0.20                  0.29                  230                  0.10  {'h': 1.0, 'm': 0.5, 'l': 0.0, 'e': 0.0}  0.657420  0.698703  0.729231  0.598485  0.855556  0.885199  0.114801           0.268591           0.340478        0.175385  0.049231   0.049231   0.853728
4862   0.20                  0.29                  230                  0.15  {'h': 1.0, 'm': 0.5, 'l': 0.0, 'e': 0.0}  0.657420  0.698703  0.729231  0.598485  0.855556  0.885199  0.114801           0.268591           0.340478        0.175385  0.049231   0.049231   0.853728
4867   0.20                  0.29                  230                  0.20  {'h': 1.0, 'm': 0.5, 'l': 0.0, 'e': 0.0}  0.657420  0.698703  0.729231  0.598485  0.855556  0.885199  0.114801           0.268591           0.340478        0.175385  0.049231   0.049231   0.853728
4872   0.20                  0.29                  230                  0.25  {'h': 1.0, 'm': 0.5, 'l': 0.0, 'e': 0.0}  0.657420  0.698703  0.729231  0.598485  0.855556  0.885199  0.114801           0.268591           0.340478        0.175385  0.049231   0.049231   0.853728
4877   0.20                  0.29                  230                  0.30  {'h': 1.0, 'm': 0.5, 'l': 0.0, 'e': 0.0}  0.657420  0.698703  0.729231  0.598485  0.855556  0.885199  0.114801           0.268591           0.340478        0.175385  0.049231   0.049231   0.853728
4882   0.20                  0.29                  230                  0.45  {'h': 1.0, 'm': 0.5, 'l': 0.0, 'e': 0.0}  0.657420  0.698703  0.729231  0.598485  0.855556  0.885199  0.114801           0.268591           0.340478        0.175385  0.049231   0.049231   0.853728
4887   0.20                  0.29                  230                  0.50  {'h': 1.0, 'm': 0.5, 'l': 0.0, 'e': 0.0}  0.657420  0.698703  0.729231  0.598485  0.855556  0.885199  0.114801           0.268591           0.340478        0.175385  0.049231   0.049231   0.853728
4851   0.20                  0.29                  230                  0.05  {'h': 1.0, 'm': 0.0, 'l': 0.0, 'e': 0.0}  0.657420  0.698703  0.729231  0.598485  0.855556  0.885199  0.114801           0.268591           0.340478        0.166154  0.046154   0.046154   0.853254
4856   0.20                  0.29                  230                  0.10  {'h': 1.0, 'm': 0.0, 'l': 0.0, 'e': 0.0}  0.657420  0.698703  0.729231  0.598485  0.855556  0.885199  0.114801           0.268591           0.340478        0.166154  0.046154   0.046154   0.853254
4861   0.20                  0.29                  230                  0.15  {'h': 1.0, 'm': 0.0, 'l': 0.0, 'e': 0.0}  0.657420  0.698703  0.729231  0.598485  0.855556  0.885199  0.114801           0.268591           0.340478        0.166154  0.046154   0.046154   0.853254
4866   0.20                  0.29                  230                  0.20  {'h': 1.0, 'm': 0.0, 'l': 0.0, 'e': 0.0}  0.657420  0.698703  0.729231  0.598485  0.855556  0.885199  0.114801           0.268591           0.340478        0.166154  0.046154   0.046154   0.853254
4871   0.20                  0.29                  230                  0.25  {'h': 1.0, 'm': 0.0, 'l': 0.0, 'e': 0.0}  0.657420  0.698703  0.729231  0.598485  0.855556  0.885199  0.114801           0.268591           0.340478        0.166154  0.046154   0.046154   0.853254
4876   0.20                  0.29                  230                  0.30  {'h': 1.0, 'm': 0.0, 'l': 0.0, 'e': 0.0}  0.657420  0.698703  0.729231  0.598485  0.855556  0.885199  0.114801           0.268591           0.340478        0.166154  0.046154   0.046154   0.853254
4881   0.20                  0.29                  230                  0.45  {'h': 1.0, 'm': 0.0, 'l': 0.0, 'e': 0.0}  0.657420  0.698703  0.729231  0.598485  0.855556  0.885199  0.114801           0.268591           0.340478        0.166154  0.046154   0.046154   0.853254
4886   0.20                  0.29                  230                  0.50  {'h': 1.0, 'm': 0.0, 'l': 0.0, 'e': 0.0}  0.657420  0.698703  0.729231  0.598485  0.855556  0.885199  0.114801           0.268591           0.340478        0.166154  0.046154   0.046154   0.853254
4891   0.20                  0.29                  230                  0.60  {'h': 1.0, 'm': 0.0, 'l': 0.0, 'e': 0.0}  0.657420  0.698703  0.729231  0.598485  0.855556  0.885199  0.114801           0.268591           0.340478        0.166154  0.046154   0.046154   0.853254
4850   0.20                  0.29                  230                  0.05  {'h': 1.0, 'm': 1.0, 'l': 0.0, 'e': 0.0}  0.657420  0.698703  0.729231  0.598485  0.855556  0.885199  0.114801           0.268591           0.340478        0.181538  0.043077   0.043077   0.852781
4855   0.20                  0.29                  230                  0.10  {'h': 1.0, 'm': 1.0, 'l': 0.0, 'e': 0.0}  0.657420  0.698703  0.729231  0.598485  0.855556  0.885199  0.114801           0.268591           0.340478        0.181538  0.043077   0.043077   0.852781
4860   0.20                  0.29                  230                  0.15  {'h': 1.0, 'm': 1.0, 'l': 0.0, 'e': 0.0}  0.657420  0.698703  0.729231  0.598485  0.855556  0.885199  0.114801           0.268591           0.340478        0.181538  0.043077   0.043077   0.852781
4865   0.20                  0.29                  230                  0.20  {'h': 1.0, 'm': 1.0, 'l': 0.0, 'e': 0.0}  0.657420  0.698703  0.729231  0.598485  0.855556  0.885199  0.114801           0.268591           0.340478        0.181538  0.043077   0.043077   0.852781
4870   0.20                  0.29                  230                  0.25  {'h': 1.0, 'm': 1.0, 'l': 0.0, 'e': 0.0}  0.657420  0.698703  0.729231  0.598485  0.855556  0.885199  0.114801           0.268591           0.340478        0.181538  0.043077   0.043077   0.852781
4875   0.20                  0.29                  230                  0.30  {'h': 1.0, 'm': 1.0, 'l': 0.0, 'e': 0.0}  0.657420  0.698703  0.729231  0.598485  0.855556  0.885199  0.114801           0.268591           0.340478        0.181538  0.043077   0.043077   0.852781
4880   0.20                  0.29                  230                  0.45  {'h': 1.0, 'm': 1.0, 'l': 0.0, 'e': 0.0}  0.657420  0.698703  0.729231  0.598485  0.855556  0.885199  0.114801           0.268591           0.340478        0.181538  0.043077   0.043077   0.852781
2238   0.45                  0.33                  240                  0.50  {'h': 1.0, 'm': 0.5, 'l': 0.5, 'e': 0.0}  0.661064  0.698638  0.726154  0.606684  0.858480  0.889531  0.110469           0.269561           0.340551        0.175385  0.049231   0.049231   0.864176
3788   0.25                  0.30                  200                  0.50  {'h': 1.0, 'm': 0.5, 'l': 0.5, 'e': 0.0}  0.652949  0.698357  0.732308  0.589109  0.852047  0.880144  0.119856           0.271461           0.339660        0.172308  0.061538   0.061538   0.865934
2253   0.45                  0.33                  230                  0.05  {'h': 1.0, 'm': 0.5, 'l': 0.5, 'e': 0.0}  0.656510  0.698291  0.729231  0.596977  0.854971  0.884477  0.115523           0.269561           0.340551        0.178462  0.052308   0.052308   0.854201
2254   0.45                  0.33                  230                  0.05  {'h': 1.0, 'm': 0.5, 'l': 0.3, 'e': 0.0}  0.656510  0.698291  0.729231  0.596977  0.854971  0.884477  0.115523           0.269561           0.340551        0.178462  0.052308   0.052308   0.854201
2258   0.45                  0.33                  230                  0.10  {'h': 1.0, 'm': 0.5, 'l': 0.5, 'e': 0.0}  0.656510  0.698291  0.729231  0.596977  0.854971  0.884477  0.115523           0.269561           0.340551        0.178462  0.052308   0.052308   0.854201
2259   0.45                  0.33                  230                  0.10  {'h': 1.0, 'm': 0.5, 'l': 0.3, 'e': 0.0}  0.656510  0.698291  0.729231  0.596977  0.854971  0.884477  0.115523           0.269561           0.340551        0.178462  0.052308   0.052308   0.854201
2263   0.45                  0.33                  230                  0.15  {'h': 1.0, 'm': 0.5, 'l': 0.5, 'e': 0.0}  0.656510  0.698291  0.729231  0.596977  0.854971  0.884477  0.115523           0.269561           0.340551        0.178462  0.052308   0.052308   0.854201
2264   0.45                  0.33                  230                  0.15  {'h': 1.0, 'm': 0.5, 'l': 0.3, 'e': 0.0}  0.656510  0.698291  0.729231  0.596977  0.854971  0.884477  0.115523           0.269561           0.340551        0.178462  0.052308   0.052308   0.854201
2268   0.45                  0.33                  230                  0.20  {'h': 1.0, 'm': 0.5, 'l': 0.5, 'e': 0.0}  0.656510  0.698291  0.729231  0.596977  0.854971  0.884477  0.115523           0.269561           0.340551        0.178462  0.052308   0.052308   0.854201
2269   0.45                  0.33                  230                  0.20  {'h': 1.0, 'm': 0.5, 'l': 0.3, 'e': 0.0}  0.656510  0.698291  0.729231  0.596977  0.854971  0.884477  0.115523           0.269561           0.340551        0.178462  0.052308   0.052308   0.854201
2273   0.45                  0.33                  230                  0.25  {'h': 1.0, 'm': 0.5, 'l': 0.5, 'e': 0.0}  0.656510  0.698291  0.729231  0.596977  0.854971  0.884477  0.115523           0.269561           0.340551        0.178462  0.052308   0.052308   0.854201
2274   0.45                  0.33                  230                  0.25  {'h': 1.0, 'm': 0.5, 'l': 0.3, 'e': 0.0}  0.656510  0.698291  0.729231  0.596977  0.854971  0.884477  0.115523           0.269561           0.340551        0.178462  0.052308   0.052308   0.854201
2278   0.45                  0.33                  230                  0.30  {'h': 1.0, 'm': 0.5, 'l': 0.5, 'e': 0.0}  0.656510  0.698291  0.729231  0.596977  0.854971  0.884477  0.115523           0.269561           0.340551        0.178462  0.052308   0.052308   0.854201
2279   0.45                  0.33                  230                  0.30  {'h': 1.0, 'm': 0.5, 'l': 0.3, 'e': 0.0}  0.656510  0.698291  0.729231  0.596977  0.854971  0.884477  0.115523           0.269561           0.340551        0.178462  0.052308   0.052308   0.854201
2283   0.45                  0.33                  230                  0.45  {'h': 1.0, 'm': 0.5, 'l': 0.5, 'e': 0.0}  0.656510  0.698291  0.729231  0.596977  0.854971  0.884477  0.115523           0.269561           0.340551        0.178462  0.052308   0.052308   0.854201
2284   0.45                  0.33                  230                  0.45  {'h': 1.0, 'm': 0.5, 'l': 0.3, 'e': 0.0}  0.656510  0.698291  0.729231  0.596977  0.854971  0.884477  0.115523           0.269561           0.340551        0.178462  0.052308   0.052308   0.854201
2252   0.45                  0.33                  230                  0.05  {'h': 1.0, 'm': 0.5, 'l': 0.0, 'e': 0.0}  0.656510  0.698291  0.729231  0.596977  0.854971  0.884477  0.115523           0.269561           0.340551        0.178462  0.049231   0.049231   0.853728
2257   0.45                  0.33                  230                  0.10  {'h': 1.0, 'm': 0.5, 'l': 0.0, 'e': 0.0}  0.656510  0.698291  0.729231  0.596977  0.854971  0.884477  0.115523           0.269561           0.340551        0.178462  0.049231   0.049231   0.853728
2262   0.45                  0.33                  230                  0.15  {'h': 1.0, 'm': 0.5, 'l': 0.0, 'e': 0.0}  0.656510  0.698291  0.729231  0.596977  0.854971  0.884477  0.115523           0.269561           0.340551        0.178462  0.049231   0.049231   0.853728
2267   0.45                  0.33                  230                  0.20  {'h': 1.0, 'm': 0.5, 'l': 0.0, 'e': 0.0}  0.656510  0.698291  0.729231  0.596977  0.854971  0.884477  0.115523           0.269561           0.340551        0.178462  0.049231   0.049231   0.853728
2272   0.45                  0.33                  230                  0.25  {'h': 1.0, 'm': 0.5, 'l': 0.0, 'e': 0.0}  0.656510  0.698291  0.729231  0.596977  0.854971  0.884477  0.115523           0.269561           0.340551        0.178462  0.049231   0.049231   0.853728
2277   0.45                  0.33                  230                  0.30  {'h': 1.0, 'm': 0.5, 'l': 0.0, 'e': 0.0}  0.656510  0.698291  0.729231  0.596977  0.854971  0.884477  0.115523           0.269561           0.340551        0.178462  0.049231   0.049231   0.853728
2282   0.45                  0.33                  230                  0.45  {'h': 1.0, 'm': 0.5, 'l': 0.0, 'e': 0.0}  0.656510  0.698291  0.729231  0.596977  0.854971  0.884477  0.115523           0.269561           0.340551        0.178462  0.049231   0.049231   0.853728
2250   0.45                  0.33                  230                  0.05  {'h': 1.0, 'm': 1.0, 'l': 0.0, 'e': 0.0}  0.656510  0.698291  0.729231  0.596977  0.854971  0.884477  0.115523           0.269561           0.340551        0.163077  0.046154   0.046154   0.853254
2255   0.45                  0.33                  230                  0.10  {'h': 1.0, 'm': 1.0, 'l': 0.0, 'e': 0.0}  0.656510  0.698291  0.729231  0.596977  0.854971  0.884477  0.115523           0.269561           0.340551        0.163077  0.046154   0.046154   0.853254
2260   0.45                  0.33                  230                  0.15  {'h': 1.0, 'm': 1.0, 'l': 0.0, 'e': 0.0}  0.656510  0.698291  0.729231  0.596977  0.854971  0.884477  0.115523           0.269561           0.340551        0.163077  0.046154   0.046154   0.853254
2265   0.45                  0.33                  230                  0.20  {'h': 1.0, 'm': 1.0, 'l': 0.0, 'e': 0.0}  0.656510  0.698291  0.729231  0.596977  0.854971  0.884477  0.115523           0.269561           0.340551        0.163077  0.046154   0.046154   0.853254
2270   0.45                  0.33                  230                  0.25  {'h': 1.0, 'm': 1.0, 'l': 0.0, 'e': 0.0}  0.656510  0.698291  0.729231  0.596977  0.854971  0.884477  0.115523           0.269561           0.340551        0.163077  0.046154   0.046154   0.853254
2275   0.45                  0.33                  230                  0.30  {'h': 1.0, 'm': 1.0, 'l': 0.0, 'e': 0.0}  0.656510  0.698291  0.729231  0.596977  0.854971  0.884477  0.115523           0.269561           0.340551        0.163077  0.046154   0.046154   0.853254
2280   0.45                  0.33                  230                  0.45  {'h': 1.0, 'm': 1.0, 'l': 0.0, 'e': 0.0}  0.656510  0.698291  0.729231  0.596977  0.854971  0.884477  0.115523           0.269561           0.340551        0.163077  0.046154   0.046154   0.853254
2251   0.45                  0.33                  230                  0.05  {'h': 1.0, 'm': 0.0, 'l': 0.0, 'e': 0.0}  0.656510  0.698291  0.729231  0.596977  0.854971  0.884477  0.115523           0.269561           0.340551        0.166154  0.043077   0.043077   0.852781
2256   0.45                  0.33                  230                  0.10  {'h': 1.0, 'm': 0.0, 'l': 0.0, 'e': 0.0}  0.656510  0.698291  0.729231  0.596977  0.854971  0.884477  0.115523           0.269561           0.340551        0.166154  0.043077   0.043077   0.852781
2261   0.45                  0.33                  230                  0.15  {'h': 1.0, 'm': 0.0, 'l': 0.0, 'e': 0.0}  0.656510  0.698291  0.729231  0.596977  0.854971  0.884477  0.115523           0.269561           0.340551        0.166154  0.043077   0.043077   0.852781
2266   0.45                  0.33                  230                  0.20  {'h': 1.0, 'm': 0.0, 'l': 0.0, 'e': 0.0}  0.656510  0.698291  0.729231  0.596977  0.854971  0.884477  0.115523           0.269561           0.340551        0.166154  0.043077   0.043077   0.852781
2271   0.45                  0.33                  230                  0.25  {'h': 1.0, 'm': 0.0, 'l': 0.0, 'e': 0.0}  0.656510  0.698291  0.729231  0.596977  0.854971  0.884477  0.115523           0.269561           0.340551        0.166154  0.043077   0.043077   0.852781
2276   0.45                  0.33                  230                  0.30  {'h': 1.0, 'm': 0.0, 'l': 0.0, 'e': 0.0}  0.656510  0.698291  0.729231  0.596977  0.854971  0.884477  0.115523           0.269561           0.340551        0.166154  0.043077   0.043077   0.852781
2281   0.45                  0.33                  230                  0.45  {'h': 1.0, 'm': 0.0, 'l': 0.0, 'e': 0.0}  0.656510  0.698291  0.729231  0.596977  0.854971  0.884477  0.115523           0.269561           0.340551        0.166154  0.043077   0.043077   0.852781
2286   0.45                  0.33                  230                  0.50  {'h': 1.0, 'm': 0.0, 'l': 0.0, 'e': 0.0}  0.656510  0.698291  0.729231  0.596977  0.854971  0.884477  0.115523           0.269561           0.340551        0.166154  0.043077   0.043077   0.852781
2337   0.45                  0.33                  220                  0.50  {'h': 1.0, 'm': 0.5, 'l': 0.0, 'e': 0.0}  0.652055  0.697947  0.732308  0.587654  0.851462  0.879422  0.120578           0.269561           0.340551        0.178462  0.049231   0.049231   0.853728
2239   0.45                  0.33                  240                  0.50  {'h': 1.0, 'm': 0.5, 'l': 0.3, 'e': 0.0}  0.659218  0.697812  0.726154  0.603581  0.857310  0.888087  0.111913           0.269561           0.340551        0.175385  0.049231   0.049231   0.864176
341    0.55                  0.33                  220                  0.60  {'h': 1.0, 'm': 0.0, 'l': 0.0, 'e': 0.0}  0.587968  0.697737  0.796923  0.465827  0.787719  0.785560  0.214440           0.276403           0.362100        0.160000  0.061538   0.061538   0.865934
2387   0.45                  0.33                  200                  0.50  {'h': 1.0, 'm': 0.5, 'l': 0.0, 'e': 0.0}  0.644295  0.697674  0.738462  0.571429  0.845029  0.870036  0.129964           0.269561           0.340551        0.178462  0.049231   0.049231   0.853728
291    0.55                  0.33                  230                  0.60  {'h': 1.0, 'm': 0.0, 'l': 0.0, 'e': 0.0}  0.590389  0.697674  0.793846  0.469945  0.790643  0.789892  0.210108           0.276403           0.362100        0.160000  0.061538   0.061538   0.865934
2303   0.45                  0.33                  220                  0.05  {'h': 1.0, 'm': 0.5, 'l': 0.5, 'e': 0.0}  0.651163  0.697538  0.732308  0.586207  0.850877  0.878700  0.121300           0.269561           0.340551        0.178462  0.052308   0.052308   0.854201
2304   0.45                  0.33                  220                  0.05  {'h': 1.0, 'm': 0.5, 'l': 0.3, 'e': 0.0}  0.651163  0.697538  0.732308  0.586207  0.850877  0.878700  0.121300           0.269561           0.340551        0.178462  0.052308   0.052308   0.854201
2308   0.45                  0.33                  220                  0.10  {'h': 1.0, 'm': 0.5, 'l': 0.5, 'e': 0.0}  0.651163  0.697538  0.732308  0.586207  0.850877  0.878700  0.121300           0.269561           0.340551        0.178462  0.052308   0.052308   0.854201
2309   0.45                  0.33                  220                  0.10  {'h': 1.0, 'm': 0.5, 'l': 0.3, 'e': 0.0}  0.651163  0.697538  0.732308  0.586207  0.850877  0.878700  0.121300           0.269561           0.340551        0.178462  0.052308   0.052308   0.854201
2313   0.45                  0.33                  220                  0.15  {'h': 1.0, 'm': 0.5, 'l': 0.5, 'e': 0.0}  0.651163  0.697538  0.732308  0.586207  0.850877  0.878700  0.121300           0.269561           0.340551        0.178462  0.052308   0.052308   0.854201
2314   0.45                  0.33                  220                  0.15  {'h': 1.0, 'm': 0.5, 'l': 0.3, 'e': 0.0}  0.651163  0.697538  0.732308  0.586207  0.850877  0.878700  0.121300           0.269561           0.340551        0.178462  0.052308   0.052308   0.854201
2318   0.45                  0.33                  220                  0.20  {'h': 1.0, 'm': 0.5, 'l': 0.5, 'e': 0.0}  0.651163  0.697538  0.732308  0.586207  0.850877  0.878700  0.121300           0.269561           0.340551        0.178462  0.052308   0.052308   0.854201
2319   0.45                  0.33                  220                  0.20  {'h': 1.0, 'm': 0.5, 'l': 0.3, 'e': 0.0}  0.651163  0.697538  0.732308  0.586207  0.850877  0.878700  0.121300           0.269561           0.340551        0.178462  0.052308   0.052308   0.854201
2323   0.45                  0.33                  220                  0.25  {'h': 1.0, 'm': 0.5, 'l': 0.5, 'e': 0.0}  0.651163  0.697538  0.732308  0.586207  0.850877  0.878700  0.121300           0.269561           0.340551        0.178462  0.052308   0.052308   0.854201
2324   0.45                  0.33                  220                  0.25  {'h': 1.0, 'm': 0.5, 'l': 0.3, 'e': 0.0}  0.651163  0.697538  0.732308  0.586207  0.850877  0.878700  0.121300           0.269561           0.340551        0.178462  0.052308   0.052308   0.854201
2328   0.45                  0.33                  220                  0.30  {'h': 1.0, 'm': 0.5, 'l': 0.5, 'e': 0.0}  0.651163  0.697538  0.732308  0.586207  0.850877  0.878700  0.121300           0.269561           0.340551        0.178462  0.052308   0.052308   0.854201
2329   0.45                  0.33                  220                  0.30  {'h': 1.0, 'm': 0.5, 'l': 0.3, 'e': 0.0}  0.651163  0.697538  0.732308  0.586207  0.850877  0.878700  0.121300           0.269561           0.340551        0.178462  0.052308   0.052308   0.854201
2333   0.45                  0.33                  220                  0.45  {'h': 1.0, 'm': 0.5, 'l': 0.5, 'e': 0.0}  0.651163  0.697538  0.732308  0.586207  0.850877  0.878700  0.121300           0.269561           0.340551        0.178462  0.052308   0.052308   0.854201
2334   0.45                  0.33                  220                  0.45  {'h': 1.0, 'm': 0.5, 'l': 0.3, 'e': 0.0}  0.651163  0.697538  0.732308  0.586207  0.850877  0.878700  0.121300           0.269561           0.340551        0.178462  0.052308   0.052308   0.854201
2302   0.45                  0.33                  220                  0.05  {'h': 1.0, 'm': 0.5, 'l': 0.0, 'e': 0.0}  0.651163  0.697538  0.732308  0.586207  0.850877  0.878700  0.121300           0.269561           0.340551        0.178462  0.049231   0.049231   0.853728
2307   0.45                  0.33                  220                  0.10  {'h': 1.0, 'm': 0.5, 'l': 0.0, 'e': 0.0}  0.651163  0.697538  0.732308  0.586207  0.850877  0.878700  0.121300           0.269561           0.340551        0.178462  0.049231   0.049231   0.853728
2312   0.45                  0.33                  220                  0.15  {'h': 1.0, 'm': 0.5, 'l': 0.0, 'e': 0.0}  0.651163  0.697538  0.732308  0.586207  0.850877  0.878700  0.121300           0.269561           0.340551        0.178462  0.049231   0.049231   0.853728
2317   0.45                  0.33                  220                  0.20  {'h': 1.0, 'm': 0.5, 'l': 0.0, 'e': 0.0}  0.651163  0.697538  0.732308  0.586207  0.850877  0.878700  0.121300           0.269561           0.340551        0.178462  0.049231   0.049231   0.853728
2322   0.45                  0.33                  220                  0.25  {'h': 1.0, 'm': 0.5, 'l': 0.0, 'e': 0.0}  0.651163  0.697538  0.732308  0.586207  0.850877  0.878700  0.121300           0.269561           0.340551        0.178462  0.049231   0.049231   0.853728
2327   0.45                  0.33                  220                  0.30  {'h': 1.0, 'm': 0.5, 'l': 0.0, 'e': 0.0}  0.651163  0.697538  0.732308  0.586207  0.850877  0.878700  0.121300           0.269561           0.340551        0.178462  0.049231   0.049231   0.853728
2332   0.45                  0.33                  220                  0.45  {'h': 1.0, 'm': 0.5, 'l': 0.0, 'e': 0.0}  0.651163  0.697538  0.732308  0.586207  0.850877  0.878700  0.121300           0.269561           0.340551        0.178462  0.049231   0.049231   0.853728
2300   0.45                  0.33                  220                  0.05  {'h': 1.0, 'm': 1.0, 'l': 0.0, 'e': 0.0}  0.651163  0.697538  0.732308  0.586207  0.850877  0.878700  0.121300           0.269561           0.340551        0.163077  0.046154   0.046154   0.853254
2305   0.45                  0.33                  220                  0.10  {'h': 1.0, 'm': 1.0, 'l': 0.0, 'e': 0.0}  0.651163  0.697538  0.732308  0.586207  0.850877  0.878700  0.121300           0.269561           0.340551        0.163077  0.046154   0.046154   0.853254
2310   0.45                  0.33                  220                  0.15  {'h': 1.0, 'm': 1.0, 'l': 0.0, 'e': 0.0}  0.651163  0.697538  0.732308  0.586207  0.850877  0.878700  0.121300           0.269561           0.340551        0.163077  0.046154   0.046154   0.853254
2315   0.45                  0.33                  220                  0.20  {'h': 1.0, 'm': 1.0, 'l': 0.0, 'e': 0.0}  0.651163  0.697538  0.732308  0.586207  0.850877  0.878700  0.121300           0.269561           0.340551        0.163077  0.046154   0.046154   0.853254
2320   0.45                  0.33                  220                  0.25  {'h': 1.0, 'm': 1.0, 'l': 0.0, 'e': 0.0}  0.651163  0.697538  0.732308  0.586207  0.850877  0.878700  0.121300           0.269561           0.340551        0.163077  0.046154   0.046154   0.853254
2325   0.45                  0.33                  220                  0.30  {'h': 1.0, 'm': 1.0, 'l': 0.0, 'e': 0.0}  0.651163  0.697538  0.732308  0.586207  0.850877  0.878700  0.121300           0.269561           0.340551        0.163077  0.046154   0.046154   0.853254
2330   0.45                  0.33                  220                  0.45  {'h': 1.0, 'm': 1.0, 'l': 0.0, 'e': 0.0}  0.651163  0.697538  0.732308  0.586207  0.850877  0.878700  0.121300           0.269561           0.340551        0.163077  0.046154   0.046154   0.853254
2301   0.45                  0.33                  220                  0.05  {'h': 1.0, 'm': 0.0, 'l': 0.0, 'e': 0.0}  0.651163  0.697538  0.732308  0.586207  0.850877  0.878700  0.121300           0.269561           0.340551        0.166154  0.043077   0.043077   0.852781
2306   0.45                  0.33                  220                  0.10  {'h': 1.0, 'm': 0.0, 'l': 0.0, 'e': 0.0}  0.651163  0.697538  0.732308  0.586207  0.850877  0.878700  0.121300           0.269561           0.340551        0.166154  0.043077   0.043077   0.852781
2311   0.45                  0.33                  220                  0.15  {'h': 1.0, 'm': 0.0, 'l': 0.0, 'e': 0.0}  0.651163  0.697538  0.732308  0.586207  0.850877  0.878700  0.121300           0.269561           0.340551        0.166154  0.043077   0.043077   0.852781
2316   0.45                  0.33                  220                  0.20  {'h': 1.0, 'm': 0.0, 'l': 0.0, 'e': 0.0}  0.651163  0.697538  0.732308  0.586207  0.850877  0.878700  0.121300           0.269561           0.340551        0.166154  0.043077   0.043077   0.852781
2321   0.45                  0.33                  220                  0.25  {'h': 1.0, 'm': 0.0, 'l': 0.0, 'e': 0.0}  0.651163  0.697538  0.732308  0.586207  0.850877  0.878700  0.121300           0.269561           0.340551        0.166154  0.043077   0.043077   0.852781
2326   0.45                  0.33                  220                  0.30  {'h': 1.0, 'm': 0.0, 'l': 0.0, 'e': 0.0}  0.651163  0.697538  0.732308  0.586207  0.850877  0.878700  0.121300           0.269561           0.340551        0.166154  0.043077   0.043077   0.852781
2331   0.45                  0.33                  220                  0.45  {'h': 1.0, 'm': 0.0, 'l': 0.0, 'e': 0.0}  0.651163  0.697538  0.732308  0.586207  0.850877  0.878700  0.121300           0.269561           0.340551        0.166154  0.043077   0.043077   0.852781
2336   0.45                  0.33                  220                  0.50  {'h': 1.0, 'm': 0.0, 'l': 0.0, 'e': 0.0}  0.651163  0.697538  0.732308  0.586207  0.850877  0.878700  0.121300           0.269561           0.340551        0.166154  0.043077   0.043077   0.852781
337    0.55                  0.33                  220                  0.50  {'h': 1.0, 'm': 0.5, 'l': 0.0, 'e': 0.0}  0.570815  0.697431  0.818462  0.438221  0.766082  0.753791  0.246209           0.276403           0.362100        0.190769  0.070769   0.070769   0.857041
287    0.55                  0.33                  230                  0.50  {'h': 1.0, 'm': 0.5, 'l': 0.0, 'e': 0.0}  0.572973  0.697368  0.815385  0.441667  0.769006  0.758123  0.241877           0.276403           0.362100        0.190769  0.070769   0.070769   0.857041
2353   0.45                  0.33                  200                  0.05  {'h': 1.0, 'm': 0.5, 'l': 0.5, 'e': 0.0}  0.643432  0.697269  0.738462  0.570071  0.844444  0.869314  0.130686           0.269561           0.340551        0.178462  0.052308   0.052308   0.854201
2354   0.45                  0.33                  200                  0.05  {'h': 1.0, 'm': 0.5, 'l': 0.3, 'e': 0.0}  0.643432  0.697269  0.738462  0.570071  0.844444  0.869314  0.130686           0.269561           0.340551        0.178462  0.052308   0.052308   0.854201
2358   0.45                  0.33                  200                  0.10  {'h': 1.0, 'm': 0.5, 'l': 0.5, 'e': 0.0}  0.643432  0.697269  0.738462  0.570071  0.844444  0.869314  0.130686           0.269561           0.340551        0.178462  0.052308   0.052308   0.854201
2359   0.45                  0.33                  200                  0.10  {'h': 1.0, 'm': 0.5, 'l': 0.3, 'e': 0.0}  0.643432  0.697269  0.738462  0.570071  0.844444  0.869314  0.130686           0.269561           0.340551        0.178462  0.052308   0.052308   0.854201
2363   0.45                  0.33                  200                  0.15  {'h': 1.0, 'm': 0.5, 'l': 0.5, 'e': 0.0}  0.643432  0.697269  0.738462  0.570071  0.844444  0.869314  0.130686           0.269561           0.340551        0.178462  0.052308   0.052308   0.854201
2364   0.45                  0.33                  200                  0.15  {'h': 1.0, 'm': 0.5, 'l': 0.3, 'e': 0.0}  0.643432  0.697269  0.738462  0.570071  0.844444  0.869314  0.130686           0.269561           0.340551        0.178462  0.052308   0.052308   0.854201

Full result output for the best combination:
                 #Examples   TP   FP    TN  FN       ACC       FNR       TNR       FPR       TPR      Prec        F1        F2  AVG # affected
Component                                                                                                                                     
no_failure            1385    0  156  1229   0  0.887365       NaN  0.887365  0.112635       NaN  0.000000       NaN       NaN       62.716968
txt15_i1                 5    2    0     0   3  0.400000  0.600000       NaN       NaN  0.400000  1.000000  0.571429  0.454545      223.600000
txt15_i3                 5    0    0     0   5  0.000000  1.000000       NaN       NaN  0.000000       NaN       NaN       NaN       26.200000
txt15_conveyor           3    3    0     0   0  1.000000  0.000000       NaN       NaN  1.000000  1.000000  1.000000  1.000000      469.000000
txt15_m1               160  157    0     0   3  0.981250  0.018750       NaN       NaN  0.981250  1.000000  0.990536  0.984944      462.175000
txt15_pl                 9    6    0     0   3  0.666667  0.333333       NaN       NaN  0.666667  1.000000  0.800000  0.714286      288.666667
txt16_i3                 4    0    0     0   4  0.000000  1.000000       NaN       NaN  0.000000       NaN       NaN       NaN        0.000000
txt16_conveyor           8    3    0     0   5  0.375000  0.625000       NaN       NaN  0.375000  1.000000  0.545455  0.428571      134.375000
txt16_m3                65   59    0     0   6  0.907692  0.092308       NaN       NaN  0.907692  1.000000  0.951613  0.924765      397.953846
txt16_turntable          2    0    0     0   2  0.000000  1.000000       NaN       NaN  0.000000       NaN       NaN       NaN       18.500000
txt17_i1                16    0    0     0  16  0.000000  1.000000       NaN       NaN  0.000000       NaN       NaN       NaN       11.750000
txt17_pl                14    1    0     0  13  0.071429  0.928571       NaN       NaN  0.071429  1.000000  0.133333  0.087719       50.428571
txt18_pl                28    6    0     0  22  0.214286  0.785714       NaN       NaN  0.214286  1.000000  0.352941  0.254237       94.964286
txt19_i4                 6    0    0     0   6  0.000000  1.000000       NaN       NaN  0.000000       NaN       NaN       NaN        0.000000
combined              1710  237  156  1229  88  0.857310  0.270769  0.887365  0.112635  0.729231  0.603053  0.660167  0.699941      114.969006

                 #Examples   TP   FP    TN  FN       ACC       FNR       TNR       FPR       TPR      Prec        F1        F2  AVG # affected
Component                                                                                                                                     
no_failure            1385    0  146  1239   0  0.894585       NaN  0.894585  0.105415       NaN  0.000000       NaN       NaN       62.716968
txt15_i1                 5    2    0     0   3  0.400000  0.600000       NaN       NaN  0.400000  1.000000  0.571429  0.454545      223.600000
txt15_i3                 5    0    0     0   5  0.000000  1.000000       NaN       NaN  0.000000       NaN       NaN       NaN       26.200000
txt15_conveyor           3    3    0     0   0  1.000000  0.000000       NaN       NaN  1.000000  1.000000  1.000000  1.000000      469.000000
txt15_m1               160  157    0     0   3  0.981250  0.018750       NaN       NaN  0.981250  1.000000  0.990536  0.984944      462.175000
txt15_pl                 9    6    0     0   3  0.666667  0.333333       NaN       NaN  0.666667  1.000000  0.800000  0.714286      288.666667
txt16_i3                 4    0    0     0   4  0.000000  1.000000       NaN       NaN  0.000000       NaN       NaN       NaN        0.000000
txt16_conveyor           8    3    0     0   5  0.375000  0.625000       NaN       NaN  0.375000  1.000000  0.545455  0.428571      134.375000
txt16_m3                65   59    0     0   6  0.907692  0.092308       NaN       NaN  0.907692  1.000000  0.951613  0.924765      397.953846
txt16_turntable          2    0    0     0   2  0.000000  1.000000       NaN       NaN  0.000000       NaN       NaN       NaN       18.500000
txt17_i1                16    0    0     0  16  0.000000  1.000000       NaN       NaN  0.000000       NaN       NaN       NaN       11.750000
txt17_pl                14    1    0     0  13  0.071429  0.928571       NaN       NaN  0.071429  1.000000  0.133333  0.087719       50.428571
txt18_pl                28    6    0     0  22  0.214286  0.785714       NaN       NaN  0.214286  1.000000  0.352941  0.254237       94.964286
txt19_i4                 6    0    0     0   6  0.000000  1.000000       NaN       NaN  0.000000       NaN       NaN       NaN        0.000000
combined              1710  237  146  1239  88  0.863158  0.270769  0.894585  0.105415  0.729231  0.618799  0.669492  0.704100      114.969006

Execution time: 103721.42606972903
