
Dataset loaded:
Shape of training set (example, time, channels): (20812, 500, 61)
Shape of test set (example, time, channels): (3989, 500, 61)
Shape of train validation set (example, time, channels): (2313, 500, 61)
Shape of test validation set (example, time, channels): (1710, 500, 61)
Num of classes in all: 25

Adding feature wise convolutions with 32 filters per feature, 3 kernels and 1 strides ...
Adding feature wise convolutions with 1 filters per feature, 3 kernels and 1 strides ...
Adding feature based graph attention layer ...
Adding time based graph attention layer ...
Adding GRU layer with 256 units ...
Adding GRU layer with 61 units ...
Adding dense layer to forecasting model with 512 units and ReLu activation ...
Adding dense layer to forecasting model with 256 units and ReLu activation ...
Adding last dense layer to forecasting model with 61 units and sigmoid activation ...
Adding VAE as reconstruction model with dimensions 3072 & 1536 and ...
The RBM reconstructs the output of the gru layer.

Grid search running in AD and FPD selection mode.
The following hyperparameters will not be evaluated:
si_mode
si_parameter

Testing 7920 combinations via grid search 
for model selected_2_01-12-17-01-30 on the validation dataset. 


Best combinations tested:
      gamma  single_timestamp_a.. affected_timestamp..  unaffected_compone..                         relevance_mapping     AD F1     AD F2    AD TPR   AD Prec    AD ACC    AD TNR    AD FPR  SI/ST AVG-HR@100%  SI/ST AVG-HR@150%  SI/ST AVG-HR@K  SI/ST F1  SI/ST TPR  SI/ST ACC
Comb                                                                                                                                                                                                                                                                              
3001   0.55                  0.30                  190                  0.50  {'h': 1.0, 'm': 0.0, 'l': 0.0, 'e': 0.0}  0.728414  0.719603  0.713846  0.743590  0.898830  0.942238  0.057762           0.338091           0.389609        0.289231  0.070769   0.070769   0.867253
3133   0.55                  0.30                  210                  0.50  {'h': 1.0, 'm': 0.0, 'l': 0.0, 'e': 0.0}  0.725552  0.714730  0.707692  0.744337  0.898246  0.942960  0.057040           0.338091           0.389609        0.295385  0.070769   0.070769   0.867253
5245   0.60                  0.31                  145                  0.50  {'h': 1.0, 'm': 0.0, 'l': 0.0, 'e': 0.0}  0.725000  0.718266  0.713846  0.736508  0.897076  0.940072  0.059928           0.332395           0.384435        0.280000  0.058462   0.058462   0.865495
559    0.50                  0.29                  180                  0.50  {'h': 1.0, 'm': 0.0, 'l': 0.0, 'e': 0.0}  0.724771  0.727440  0.729231  0.720365  0.894737  0.933574  0.066426           0.337905           0.389514        0.292308  0.080000   0.080000   0.868571
2935   0.55                  0.30                  180                  0.50  {'h': 1.0, 'm': 0.0, 'l': 0.0, 'e': 0.0}  0.724728  0.720025  0.716923  0.732704  0.896491  0.938628  0.061372           0.338091           0.389609        0.289231  0.070769   0.070769   0.867253
427    0.50                  0.29                  120                  0.50  {'h': 1.0, 'm': 0.0, 'l': 0.0, 'e': 0.0}  0.724551  0.736458  0.744615  0.705539  0.892398  0.927076  0.072924           0.337905           0.389514        0.292308  0.080000   0.080000   0.868571
3067   0.55                  0.30                  200                  0.50  {'h': 1.0, 'm': 0.0, 'l': 0.0, 'e': 0.0}  0.724409  0.714286  0.707692  0.741935  0.897661  0.942238  0.057762           0.338091           0.389609        0.292308  0.070769   0.070769   0.867253
691    0.50                  0.29                  200                  0.50  {'h': 1.0, 'm': 0.0, 'l': 0.0, 'e': 0.0}  0.724191  0.723522  0.723077  0.725309  0.895322  0.935740  0.064260           0.337905           0.389514        0.292308  0.080000   0.080000   0.868571
5179   0.60                  0.31                  120                  0.50  {'h': 1.0, 'm': 0.0, 'l': 0.0, 'e': 0.0}  0.724191  0.723522  0.723077  0.725309  0.895322  0.935740  0.064260           0.332395           0.384435        0.276923  0.058462   0.058462   0.865495
757    0.50                  0.29                  210                  0.50  {'h': 1.0, 'm': 0.0, 'l': 0.0, 'e': 0.0}  0.722481  0.719136  0.716923  0.728125  0.895322  0.937184  0.062816           0.337905           0.389514        0.295385  0.080000   0.080000   0.868571
2995   0.55                  0.30                  190                  0.45  {'h': 1.0, 'm': 0.0, 'l': 0.0, 'e': 0.0}  0.722388  0.735562  0.744615  0.701449  0.891228  0.925632  0.074368           0.338091           0.389609        0.304615  0.070769   0.070769   0.857041
493    0.50                  0.29                  145                  0.50  {'h': 1.0, 'm': 0.0, 'l': 0.0, 'e': 0.0}  0.721805  0.731707  0.738462  0.705882  0.891813  0.927798  0.072202           0.337905           0.389514        0.292308  0.080000   0.080000   0.868571
625    0.50                  0.29                  190                  0.50  {'h': 1.0, 'm': 0.0, 'l': 0.0, 'e': 0.0}  0.720859  0.722188  0.723077  0.718654  0.893567  0.933574  0.066426           0.337905           0.389514        0.292308  0.080000   0.080000   0.868571
2803   0.55                  0.30                  120                  0.50  {'h': 1.0, 'm': 0.0, 'l': 0.0, 'e': 0.0}  0.719272  0.725214  0.729231  0.709581  0.891813  0.929964  0.070036           0.338091           0.389609        0.286154  0.070769   0.070769   0.867253
2869   0.55                  0.30                  145                  0.50  {'h': 1.0, 'm': 0.0, 'l': 0.0, 'e': 0.0}  0.718654  0.721301  0.723077  0.714286  0.892398  0.932130  0.067870           0.338091           0.389609        0.286154  0.070769   0.070769   0.867253
3127   0.55                  0.30                  210                  0.45  {'h': 1.0, 'm': 0.0, 'l': 0.0, 'e': 0.0}  0.717949  0.726496  0.732308  0.704142  0.890643  0.927798  0.072202           0.338091           0.389609        0.304615  0.070769   0.070769   0.857041
3061   0.55                  0.30                  200                  0.45  {'h': 1.0, 'm': 0.0, 'l': 0.0, 'e': 0.0}  0.717718  0.728215  0.735385  0.700880  0.890058  0.926354  0.073646           0.338091           0.389609        0.304615  0.070769   0.070769   0.857041
2929   0.55                  0.30                  180                  0.45  {'h': 1.0, 'm': 0.0, 'l': 0.0, 'e': 0.0}  0.715758  0.734583  0.747692  0.686441  0.887135  0.919856  0.080144           0.338091           0.389609        0.304615  0.070769   0.070769   0.857041
5173   0.60                  0.31                  120                  0.45  {'h': 1.0, 'm': 0.0, 'l': 0.0, 'e': 0.0}  0.715543  0.736270  0.750769  0.683473  0.886550  0.918412  0.081588           0.332395           0.384435        0.292308  0.058462   0.058462   0.855148
5239   0.60                  0.31                  145                  0.45  {'h': 1.0, 'm': 0.0, 'l': 0.0, 'e': 0.0}  0.715350  0.729040  0.738462  0.693642  0.888304  0.923466  0.076534           0.332395           0.384435        0.292308  0.058462   0.058462   0.855148
685    0.50                  0.29                  200                  0.45  {'h': 1.0, 'm': 0.0, 'l': 0.0, 'e': 0.0}  0.714495  0.735826  0.750769  0.681564  0.885965  0.917690  0.082310           0.337905           0.389514        0.307692  0.080000   0.080000   0.868571
7423   0.65                  0.31                  200                  0.50  {'h': 1.0, 'm': 0.0, 'l': 0.0, 'e': 0.0}  0.713415  0.717351  0.720000  0.706949  0.890058  0.929964  0.070036           0.342464           0.394791        0.286154  0.076923   0.076923   0.868132
751    0.50                  0.29                  210                  0.45  {'h': 1.0, 'm': 0.0, 'l': 0.0, 'e': 0.0}  0.713018  0.729861  0.741538  0.686610  0.886550  0.920578  0.079422           0.337905           0.389514        0.307692  0.080000   0.080000   0.868571
7357   0.65                  0.31                  190                  0.50  {'h': 1.0, 'm': 0.0, 'l': 0.0, 'e': 0.0}  0.712782  0.722561  0.729231  0.697059  0.888304  0.925632  0.074368           0.342464           0.394791        0.286154  0.076923   0.076923   0.868132
553    0.50                  0.29                  180                  0.45  {'h': 1.0, 'm': 0.0, 'l': 0.0, 'e': 0.0}  0.710983  0.737852  0.756923  0.670300  0.883041  0.912635  0.087365           0.337905           0.389514        0.307692  0.080000   0.080000   0.868571
7489   0.65                  0.31                  210                  0.50  {'h': 1.0, 'm': 0.0, 'l': 0.0, 'e': 0.0}  0.710567  0.712531  0.713846  0.707317  0.889474  0.930686  0.069314           0.342464           0.394791        0.286154  0.076923   0.076923   0.868132
619    0.50                  0.29                  190                  0.45  {'h': 1.0, 'm': 0.0, 'l': 0.0, 'e': 0.0}  0.709302  0.733614  0.750769  0.672176  0.883041  0.914079  0.085921           0.337905           0.389514        0.307692  0.080000   0.080000   0.868571
295    0.50                  0.28                  200                  0.50  {'h': 1.0, 'm': 0.0, 'l': 0.0, 'e': 0.0}  0.709117  0.735294  0.753846  0.669399  0.882456  0.912635  0.087365           0.354818           0.405600        0.283077  0.089231   0.089231   0.869890
5217   0.60                  0.31                  145                  0.05  {'h': 1.0, 'm': 0.5, 'l': 0.3, 'e': 0.3}  0.709010  0.726392  0.738462  0.681818  0.884795  0.919134  0.080866           0.332395           0.384435        0.390769  0.150769   0.150769   0.869349
5223   0.60                  0.31                  145                  0.10  {'h': 1.0, 'm': 0.5, 'l': 0.3, 'e': 0.3}  0.709010  0.726392  0.738462  0.681818  0.884795  0.919134  0.080866           0.332395           0.384435        0.390769  0.150769   0.150769   0.869349
5229   0.60                  0.31                  145                  0.20  {'h': 1.0, 'm': 0.5, 'l': 0.3, 'e': 0.3}  0.709010  0.726392  0.738462  0.681818  0.884795  0.919134  0.080866           0.332395           0.384435        0.390769  0.150769   0.150769   0.869349
5235   0.60                  0.31                  145                  0.30  {'h': 1.0, 'm': 0.5, 'l': 0.3, 'e': 0.3}  0.709010  0.726392  0.738462  0.681818  0.884795  0.919134  0.080866           0.332395           0.384435        0.390769  0.150769   0.150769   0.869349
5214   0.60                  0.31                  145                  0.05  {'h': 1.0, 'm': 1.0, 'l': 0.0, 'e': 0.0}  0.709010  0.726392  0.738462  0.681818  0.884795  0.919134  0.080866           0.332395           0.384435        0.547692  0.092308   0.092308   0.860355
5220   0.60                  0.31                  145                  0.10  {'h': 1.0, 'm': 1.0, 'l': 0.0, 'e': 0.0}  0.709010  0.726392  0.738462  0.681818  0.884795  0.919134  0.080866           0.332395           0.384435        0.547692  0.092308   0.092308   0.860355
5226   0.60                  0.31                  145                  0.20  {'h': 1.0, 'm': 1.0, 'l': 0.0, 'e': 0.0}  0.709010  0.726392  0.738462  0.681818  0.884795  0.919134  0.080866           0.332395           0.384435        0.547692  0.092308   0.092308   0.860355
5232   0.60                  0.31                  145                  0.30  {'h': 1.0, 'm': 1.0, 'l': 0.0, 'e': 0.0}  0.709010  0.726392  0.738462  0.681818  0.884795  0.919134  0.080866           0.332395           0.384435        0.547692  0.092308   0.092308   0.860355
5216   0.60                  0.31                  145                  0.05  {'h': 1.0, 'm': 0.5, 'l': 0.0, 'e': 0.0}  0.709010  0.726392  0.738462  0.681818  0.884795  0.919134  0.080866           0.332395           0.384435        0.526154  0.089231   0.089231   0.859882
5222   0.60                  0.31                  145                  0.10  {'h': 1.0, 'm': 0.5, 'l': 0.0, 'e': 0.0}  0.709010  0.726392  0.738462  0.681818  0.884795  0.919134  0.080866           0.332395           0.384435        0.526154  0.089231   0.089231   0.859882
5228   0.60                  0.31                  145                  0.20  {'h': 1.0, 'm': 0.5, 'l': 0.0, 'e': 0.0}  0.709010  0.726392  0.738462  0.681818  0.884795  0.919134  0.080866           0.332395           0.384435        0.526154  0.089231   0.089231   0.859882
5234   0.60                  0.31                  145                  0.30  {'h': 1.0, 'm': 0.5, 'l': 0.0, 'e': 0.0}  0.709010  0.726392  0.738462  0.681818  0.884795  0.919134  0.080866           0.332395           0.384435        0.526154  0.089231   0.089231   0.859882
5219   0.60                  0.31                  145                  0.05  {'h': 1.0, 'm': 0.5, 'l': 0.3, 'e': 0.0}  0.709010  0.726392  0.738462  0.681818  0.884795  0.919134  0.080866           0.332395           0.384435        0.483077  0.083077   0.083077   0.858935
5225   0.60                  0.31                  145                  0.10  {'h': 1.0, 'm': 0.5, 'l': 0.3, 'e': 0.0}  0.709010  0.726392  0.738462  0.681818  0.884795  0.919134  0.080866           0.332395           0.384435        0.483077  0.083077   0.083077   0.858935
5231   0.60                  0.31                  145                  0.20  {'h': 1.0, 'm': 0.5, 'l': 0.3, 'e': 0.0}  0.709010  0.726392  0.738462  0.681818  0.884795  0.919134  0.080866           0.332395           0.384435        0.483077  0.083077   0.083077   0.858935
5237   0.60                  0.31                  145                  0.30  {'h': 1.0, 'm': 0.5, 'l': 0.3, 'e': 0.0}  0.709010  0.726392  0.738462  0.681818  0.884795  0.919134  0.080866           0.332395           0.384435        0.483077  0.083077   0.083077   0.858935
5218   0.60                  0.31                  145                  0.05  {'h': 1.0, 'm': 0.5, 'l': 0.5, 'e': 0.0}  0.709010  0.726392  0.738462  0.681818  0.884795  0.919134  0.080866           0.332395           0.384435        0.461538  0.073846   0.073846   0.857515
5224   0.60                  0.31                  145                  0.10  {'h': 1.0, 'm': 0.5, 'l': 0.5, 'e': 0.0}  0.709010  0.726392  0.738462  0.681818  0.884795  0.919134  0.080866           0.332395           0.384435        0.461538  0.073846   0.073846   0.857515
5230   0.60                  0.31                  145                  0.20  {'h': 1.0, 'm': 0.5, 'l': 0.5, 'e': 0.0}  0.709010  0.726392  0.738462  0.681818  0.884795  0.919134  0.080866           0.332395           0.384435        0.461538  0.073846   0.073846   0.857515
5236   0.60                  0.31                  145                  0.30  {'h': 1.0, 'm': 0.5, 'l': 0.5, 'e': 0.0}  0.709010  0.726392  0.738462  0.681818  0.884795  0.919134  0.080866           0.332395           0.384435        0.461538  0.073846   0.073846   0.857515
5215   0.60                  0.31                  145                  0.05  {'h': 1.0, 'm': 0.0, 'l': 0.0, 'e': 0.0}  0.709010  0.726392  0.738462  0.681818  0.884795  0.919134  0.080866           0.332395           0.384435        0.292308  0.058462   0.058462   0.855148
5221   0.60                  0.31                  145                  0.10  {'h': 1.0, 'm': 0.0, 'l': 0.0, 'e': 0.0}  0.709010  0.726392  0.738462  0.681818  0.884795  0.919134  0.080866           0.332395           0.384435        0.292308  0.058462   0.058462   0.855148
5227   0.60                  0.31                  145                  0.20  {'h': 1.0, 'm': 0.0, 'l': 0.0, 'e': 0.0}  0.709010  0.726392  0.738462  0.681818  0.884795  0.919134  0.080866           0.332395           0.384435        0.292308  0.058462   0.058462   0.855148
5233   0.60                  0.31                  145                  0.30  {'h': 1.0, 'm': 0.0, 'l': 0.0, 'e': 0.0}  0.709010  0.726392  0.738462  0.681818  0.884795  0.919134  0.080866           0.332395           0.384435        0.292308  0.058462   0.058462   0.855148
361    0.50                  0.28                  210                  0.50  {'h': 1.0, 'm': 0.0, 'l': 0.0, 'e': 0.0}  0.708273  0.733173  0.750769  0.670330  0.882456  0.913357  0.086643           0.354818           0.405600        0.283077  0.089231   0.089231   0.869890
2863   0.55                  0.30                  145                  0.45  {'h': 1.0, 'm': 0.0, 'l': 0.0, 'e': 0.0}  0.707914  0.736527  0.756923  0.664865  0.881287  0.910469  0.089531           0.338091           0.389609        0.304615  0.070769   0.070769   0.857041
7291   0.65                  0.31                  180                  0.50  {'h': 1.0, 'm': 0.0, 'l': 0.0, 'e': 0.0}  0.707463  0.720365  0.729231  0.686957  0.885380  0.922022  0.077978           0.342464           0.394791        0.286154  0.076923   0.076923   0.868132
2973   0.55                  0.30                  190                  0.05  {'h': 1.0, 'm': 0.5, 'l': 0.3, 'e': 0.3}  0.706569  0.728916  0.744615  0.672222  0.882456  0.914801  0.085199           0.338091           0.389609        0.400000  0.153846   0.153846   0.869822
2979   0.55                  0.30                  190                  0.10  {'h': 1.0, 'm': 0.5, 'l': 0.3, 'e': 0.3}  0.706569  0.728916  0.744615  0.672222  0.882456  0.914801  0.085199           0.338091           0.389609        0.400000  0.153846   0.153846   0.869822
2985   0.55                  0.30                  190                  0.20  {'h': 1.0, 'm': 0.5, 'l': 0.3, 'e': 0.3}  0.706569  0.728916  0.744615  0.672222  0.882456  0.914801  0.085199           0.338091           0.389609        0.400000  0.153846   0.153846   0.869822
2991   0.55                  0.30                  190                  0.30  {'h': 1.0, 'm': 0.5, 'l': 0.3, 'e': 0.3}  0.706569  0.728916  0.744615  0.672222  0.882456  0.914801  0.085199           0.338091           0.389609        0.400000  0.153846   0.153846   0.869822
2970   0.55                  0.30                  190                  0.05  {'h': 1.0, 'm': 1.0, 'l': 0.0, 'e': 0.0}  0.706569  0.728916  0.744615  0.672222  0.882456  0.914801  0.085199           0.338091           0.389609        0.556923  0.104615   0.104615   0.862249
2976   0.55                  0.30                  190                  0.10  {'h': 1.0, 'm': 1.0, 'l': 0.0, 'e': 0.0}  0.706569  0.728916  0.744615  0.672222  0.882456  0.914801  0.085199           0.338091           0.389609        0.556923  0.104615   0.104615   0.862249
2982   0.55                  0.30                  190                  0.20  {'h': 1.0, 'm': 1.0, 'l': 0.0, 'e': 0.0}  0.706569  0.728916  0.744615  0.672222  0.882456  0.914801  0.085199           0.338091           0.389609        0.556923  0.104615   0.104615   0.862249
2988   0.55                  0.30                  190                  0.30  {'h': 1.0, 'm': 1.0, 'l': 0.0, 'e': 0.0}  0.706569  0.728916  0.744615  0.672222  0.882456  0.914801  0.085199           0.338091           0.389609        0.556923  0.104615   0.104615   0.862249
2975   0.55                  0.30                  190                  0.05  {'h': 1.0, 'm': 0.5, 'l': 0.3, 'e': 0.0}  0.706569  0.728916  0.744615  0.672222  0.882456  0.914801  0.085199           0.338091           0.389609        0.516923  0.095385   0.095385   0.860828
2981   0.55                  0.30                  190                  0.10  {'h': 1.0, 'm': 0.5, 'l': 0.3, 'e': 0.0}  0.706569  0.728916  0.744615  0.672222  0.882456  0.914801  0.085199           0.338091           0.389609        0.516923  0.095385   0.095385   0.860828
2987   0.55                  0.30                  190                  0.20  {'h': 1.0, 'm': 0.5, 'l': 0.3, 'e': 0.0}  0.706569  0.728916  0.744615  0.672222  0.882456  0.914801  0.085199           0.338091           0.389609        0.516923  0.095385   0.095385   0.860828
2993   0.55                  0.30                  190                  0.30  {'h': 1.0, 'm': 0.5, 'l': 0.3, 'e': 0.0}  0.706569  0.728916  0.744615  0.672222  0.882456  0.914801  0.085199           0.338091           0.389609        0.516923  0.095385   0.095385   0.860828
2972   0.55                  0.30                  190                  0.05  {'h': 1.0, 'm': 0.5, 'l': 0.0, 'e': 0.0}  0.706569  0.728916  0.744615  0.672222  0.882456  0.914801  0.085199           0.338091           0.389609        0.563077  0.092308   0.092308   0.860355
2978   0.55                  0.30                  190                  0.10  {'h': 1.0, 'm': 0.5, 'l': 0.0, 'e': 0.0}  0.706569  0.728916  0.744615  0.672222  0.882456  0.914801  0.085199           0.338091           0.389609        0.563077  0.092308   0.092308   0.860355
2984   0.55                  0.30                  190                  0.20  {'h': 1.0, 'm': 0.5, 'l': 0.0, 'e': 0.0}  0.706569  0.728916  0.744615  0.672222  0.882456  0.914801  0.085199           0.338091           0.389609        0.563077  0.092308   0.092308   0.860355
2990   0.55                  0.30                  190                  0.30  {'h': 1.0, 'm': 0.5, 'l': 0.0, 'e': 0.0}  0.706569  0.728916  0.744615  0.672222  0.882456  0.914801  0.085199           0.338091           0.389609        0.563077  0.092308   0.092308   0.860355
2974   0.55                  0.30                  190                  0.05  {'h': 1.0, 'm': 0.5, 'l': 0.5, 'e': 0.0}  0.706569  0.728916  0.744615  0.672222  0.882456  0.914801  0.085199           0.338091           0.389609        0.489231  0.089231   0.089231   0.859882
2980   0.55                  0.30                  190                  0.10  {'h': 1.0, 'm': 0.5, 'l': 0.5, 'e': 0.0}  0.706569  0.728916  0.744615  0.672222  0.882456  0.914801  0.085199           0.338091           0.389609        0.489231  0.089231   0.089231   0.859882
2986   0.55                  0.30                  190                  0.20  {'h': 1.0, 'm': 0.5, 'l': 0.5, 'e': 0.0}  0.706569  0.728916  0.744615  0.672222  0.882456  0.914801  0.085199           0.338091           0.389609        0.489231  0.089231   0.089231   0.859882
2992   0.55                  0.30                  190                  0.30  {'h': 1.0, 'm': 0.5, 'l': 0.5, 'e': 0.0}  0.706569  0.728916  0.744615  0.672222  0.882456  0.914801  0.085199           0.338091           0.389609        0.489231  0.089231   0.089231   0.859882
2971   0.55                  0.30                  190                  0.05  {'h': 1.0, 'm': 0.0, 'l': 0.0, 'e': 0.0}  0.706569  0.728916  0.744615  0.672222  0.882456  0.914801  0.085199           0.338091           0.389609        0.304615  0.070769   0.070769   0.857041
2977   0.55                  0.30                  190                  0.10  {'h': 1.0, 'm': 0.0, 'l': 0.0, 'e': 0.0}  0.706569  0.728916  0.744615  0.672222  0.882456  0.914801  0.085199           0.338091           0.389609        0.304615  0.070769   0.070769   0.857041
2983   0.55                  0.30                  190                  0.20  {'h': 1.0, 'm': 0.0, 'l': 0.0, 'e': 0.0}  0.706569  0.728916  0.744615  0.672222  0.882456  0.914801  0.085199           0.338091           0.389609        0.304615  0.070769   0.070769   0.857041
2989   0.55                  0.30                  190                  0.30  {'h': 1.0, 'm': 0.0, 'l': 0.0, 'e': 0.0}  0.706569  0.728916  0.744615  0.672222  0.882456  0.914801  0.085199           0.338091           0.389609        0.304615  0.070769   0.070769   0.857041
5243   0.60                  0.31                  145                  0.45  {'h': 1.0, 'm': 0.5, 'l': 0.3, 'e': 0.0}  0.706231  0.721649  0.732308  0.681948  0.884211  0.919856  0.080144           0.332395           0.384435        0.480000  0.083077   0.083077   0.869011
5242   0.60                  0.31                  145                  0.45  {'h': 1.0, 'm': 0.5, 'l': 0.5, 'e': 0.0}  0.706231  0.721649  0.732308  0.681948  0.884211  0.919856  0.080144           0.332395           0.384435        0.458462  0.073846   0.073846   0.867692
487    0.50                  0.29                  145                  0.45  {'h': 1.0, 'm': 0.0, 'l': 0.0, 'e': 0.0}  0.706215  0.742721  0.769231  0.652742  0.878363  0.903971  0.096029           0.337905           0.389514        0.307692  0.080000   0.080000   0.868571
5151   0.60                  0.31                  120                  0.05  {'h': 1.0, 'm': 0.5, 'l': 0.3, 'e': 0.3}  0.705202  0.731854  0.750769  0.664850  0.880702  0.911191  0.088809           0.332395           0.384435        0.390769  0.150769   0.150769   0.869349
5157   0.60                  0.31                  120                  0.10  {'h': 1.0, 'm': 0.5, 'l': 0.3, 'e': 0.3}  0.705202  0.731854  0.750769  0.664850  0.880702  0.911191  0.088809           0.332395           0.384435        0.390769  0.150769   0.150769   0.869349
5163   0.60                  0.31                  120                  0.20  {'h': 1.0, 'm': 0.5, 'l': 0.3, 'e': 0.3}  0.705202  0.731854  0.750769  0.664850  0.880702  0.911191  0.088809           0.332395           0.384435        0.390769  0.150769   0.150769   0.869349
5169   0.60                  0.31                  120                  0.30  {'h': 1.0, 'm': 0.5, 'l': 0.3, 'e': 0.3}  0.705202  0.731854  0.750769  0.664850  0.880702  0.911191  0.088809           0.332395           0.384435        0.390769  0.150769   0.150769   0.869349
5148   0.60                  0.31                  120                  0.05  {'h': 1.0, 'm': 1.0, 'l': 0.0, 'e': 0.0}  0.705202  0.731854  0.750769  0.664850  0.880702  0.911191  0.088809           0.332395           0.384435        0.547692  0.092308   0.092308   0.860355
5154   0.60                  0.31                  120                  0.10  {'h': 1.0, 'm': 1.0, 'l': 0.0, 'e': 0.0}  0.705202  0.731854  0.750769  0.664850  0.880702  0.911191  0.088809           0.332395           0.384435        0.547692  0.092308   0.092308   0.860355
5160   0.60                  0.31                  120                  0.20  {'h': 1.0, 'm': 1.0, 'l': 0.0, 'e': 0.0}  0.705202  0.731854  0.750769  0.664850  0.880702  0.911191  0.088809           0.332395           0.384435        0.547692  0.092308   0.092308   0.860355
5166   0.60                  0.31                  120                  0.30  {'h': 1.0, 'm': 1.0, 'l': 0.0, 'e': 0.0}  0.705202  0.731854  0.750769  0.664850  0.880702  0.911191  0.088809           0.332395           0.384435        0.547692  0.092308   0.092308   0.860355
5150   0.60                  0.31                  120                  0.05  {'h': 1.0, 'm': 0.5, 'l': 0.0, 'e': 0.0}  0.705202  0.731854  0.750769  0.664850  0.880702  0.911191  0.088809           0.332395           0.384435        0.526154  0.089231   0.089231   0.859882
5156   0.60                  0.31                  120                  0.10  {'h': 1.0, 'm': 0.5, 'l': 0.0, 'e': 0.0}  0.705202  0.731854  0.750769  0.664850  0.880702  0.911191  0.088809           0.332395           0.384435        0.526154  0.089231   0.089231   0.859882
5162   0.60                  0.31                  120                  0.20  {'h': 1.0, 'm': 0.5, 'l': 0.0, 'e': 0.0}  0.705202  0.731854  0.750769  0.664850  0.880702  0.911191  0.088809           0.332395           0.384435        0.526154  0.089231   0.089231   0.859882
5168   0.60                  0.31                  120                  0.30  {'h': 1.0, 'm': 0.5, 'l': 0.0, 'e': 0.0}  0.705202  0.731854  0.750769  0.664850  0.880702  0.911191  0.088809           0.332395           0.384435        0.526154  0.089231   0.089231   0.859882
5153   0.60                  0.31                  120                  0.05  {'h': 1.0, 'm': 0.5, 'l': 0.3, 'e': 0.0}  0.705202  0.731854  0.750769  0.664850  0.880702  0.911191  0.088809           0.332395           0.384435        0.483077  0.083077   0.083077   0.858935
5159   0.60                  0.31                  120                  0.10  {'h': 1.0, 'm': 0.5, 'l': 0.3, 'e': 0.0}  0.705202  0.731854  0.750769  0.664850  0.880702  0.911191  0.088809           0.332395           0.384435        0.483077  0.083077   0.083077   0.858935
5165   0.60                  0.31                  120                  0.20  {'h': 1.0, 'm': 0.5, 'l': 0.3, 'e': 0.0}  0.705202  0.731854  0.750769  0.664850  0.880702  0.911191  0.088809           0.332395           0.384435        0.483077  0.083077   0.083077   0.858935
5171   0.60                  0.31                  120                  0.30  {'h': 1.0, 'm': 0.5, 'l': 0.3, 'e': 0.0}  0.705202  0.731854  0.750769  0.664850  0.880702  0.911191  0.088809           0.332395           0.384435        0.483077  0.083077   0.083077   0.858935
5152   0.60                  0.31                  120                  0.05  {'h': 1.0, 'm': 0.5, 'l': 0.5, 'e': 0.0}  0.705202  0.731854  0.750769  0.664850  0.880702  0.911191  0.088809           0.332395           0.384435        0.461538  0.073846   0.073846   0.857515
5158   0.60                  0.31                  120                  0.10  {'h': 1.0, 'm': 0.5, 'l': 0.5, 'e': 0.0}  0.705202  0.731854  0.750769  0.664850  0.880702  0.911191  0.088809           0.332395           0.384435        0.461538  0.073846   0.073846   0.857515
5164   0.60                  0.31                  120                  0.20  {'h': 1.0, 'm': 0.5, 'l': 0.5, 'e': 0.0}  0.705202  0.731854  0.750769  0.664850  0.880702  0.911191  0.088809           0.332395           0.384435        0.461538  0.073846   0.073846   0.857515
5170   0.60                  0.31                  120                  0.30  {'h': 1.0, 'm': 0.5, 'l': 0.5, 'e': 0.0}  0.705202  0.731854  0.750769  0.664850  0.880702  0.911191  0.088809           0.332395           0.384435        0.461538  0.073846   0.073846   0.857515
5149   0.60                  0.31                  120                  0.05  {'h': 1.0, 'm': 0.0, 'l': 0.0, 'e': 0.0}  0.705202  0.731854  0.750769  0.664850  0.880702  0.911191  0.088809           0.332395           0.384435        0.292308  0.058462   0.058462   0.855148
5155   0.60                  0.31                  120                  0.10  {'h': 1.0, 'm': 0.0, 'l': 0.0, 'e': 0.0}  0.705202  0.731854  0.750769  0.664850  0.880702  0.911191  0.088809           0.332395           0.384435        0.292308  0.058462   0.058462   0.855148
5161   0.60                  0.31                  120                  0.20  {'h': 1.0, 'm': 0.0, 'l': 0.0, 'e': 0.0}  0.705202  0.731854  0.750769  0.664850  0.880702  0.911191  0.088809           0.332395           0.384435        0.292308  0.058462   0.058462   0.855148
5167   0.60                  0.31                  120                  0.30  {'h': 1.0, 'm': 0.0, 'l': 0.0, 'e': 0.0}  0.705202  0.731854  0.750769  0.664850  0.880702  0.911191  0.088809           0.332395           0.384435        0.292308  0.058462   0.058462   0.855148
3105   0.55                  0.30                  210                  0.05  {'h': 1.0, 'm': 0.5, 'l': 0.3, 'e': 0.3}  0.705185  0.721212  0.732308  0.680000  0.883626  0.919134  0.080866           0.338091           0.389609        0.400000  0.153846   0.153846   0.869822
3111   0.55                  0.30                  210                  0.10  {'h': 1.0, 'm': 0.5, 'l': 0.3, 'e': 0.3}  0.705185  0.721212  0.732308  0.680000  0.883626  0.919134  0.080866           0.338091           0.389609        0.400000  0.153846   0.153846   0.869822
3117   0.55                  0.30                  210                  0.20  {'h': 1.0, 'm': 0.5, 'l': 0.3, 'e': 0.3}  0.705185  0.721212  0.732308  0.680000  0.883626  0.919134  0.080866           0.338091           0.389609        0.400000  0.153846   0.153846   0.869822
3123   0.55                  0.30                  210                  0.30  {'h': 1.0, 'm': 0.5, 'l': 0.3, 'e': 0.3}  0.705185  0.721212  0.732308  0.680000  0.883626  0.919134  0.080866           0.338091           0.389609        0.400000  0.153846   0.153846   0.869822
3102   0.55                  0.30                  210                  0.05  {'h': 1.0, 'm': 1.0, 'l': 0.0, 'e': 0.0}  0.705185  0.721212  0.732308  0.680000  0.883626  0.919134  0.080866           0.338091           0.389609        0.556923  0.104615   0.104615   0.862249
3108   0.55                  0.30                  210                  0.10  {'h': 1.0, 'm': 1.0, 'l': 0.0, 'e': 0.0}  0.705185  0.721212  0.732308  0.680000  0.883626  0.919134  0.080866           0.338091           0.389609        0.556923  0.104615   0.104615   0.862249
3114   0.55                  0.30                  210                  0.20  {'h': 1.0, 'm': 1.0, 'l': 0.0, 'e': 0.0}  0.705185  0.721212  0.732308  0.680000  0.883626  0.919134  0.080866           0.338091           0.389609        0.556923  0.104615   0.104615   0.862249
3120   0.55                  0.30                  210                  0.30  {'h': 1.0, 'm': 1.0, 'l': 0.0, 'e': 0.0}  0.705185  0.721212  0.732308  0.680000  0.883626  0.919134  0.080866           0.338091           0.389609        0.556923  0.104615   0.104615   0.862249
3107   0.55                  0.30                  210                  0.05  {'h': 1.0, 'm': 0.5, 'l': 0.3, 'e': 0.0}  0.705185  0.721212  0.732308  0.680000  0.883626  0.919134  0.080866           0.338091           0.389609        0.516923  0.095385   0.095385   0.860828
3113   0.55                  0.30                  210                  0.10  {'h': 1.0, 'm': 0.5, 'l': 0.3, 'e': 0.0}  0.705185  0.721212  0.732308  0.680000  0.883626  0.919134  0.080866           0.338091           0.389609        0.516923  0.095385   0.095385   0.860828
3119   0.55                  0.30                  210                  0.20  {'h': 1.0, 'm': 0.5, 'l': 0.3, 'e': 0.0}  0.705185  0.721212  0.732308  0.680000  0.883626  0.919134  0.080866           0.338091           0.389609        0.516923  0.095385   0.095385   0.860828
3125   0.55                  0.30                  210                  0.30  {'h': 1.0, 'm': 0.5, 'l': 0.3, 'e': 0.0}  0.705185  0.721212  0.732308  0.680000  0.883626  0.919134  0.080866           0.338091           0.389609        0.516923  0.095385   0.095385   0.860828
3104   0.55                  0.30                  210                  0.05  {'h': 1.0, 'm': 0.5, 'l': 0.0, 'e': 0.0}  0.705185  0.721212  0.732308  0.680000  0.883626  0.919134  0.080866           0.338091           0.389609        0.563077  0.092308   0.092308   0.860355
3110   0.55                  0.30                  210                  0.10  {'h': 1.0, 'm': 0.5, 'l': 0.0, 'e': 0.0}  0.705185  0.721212  0.732308  0.680000  0.883626  0.919134  0.080866           0.338091           0.389609        0.563077  0.092308   0.092308   0.860355
3116   0.55                  0.30                  210                  0.20  {'h': 1.0, 'm': 0.5, 'l': 0.0, 'e': 0.0}  0.705185  0.721212  0.732308  0.680000  0.883626  0.919134  0.080866           0.338091           0.389609        0.563077  0.092308   0.092308   0.860355
3122   0.55                  0.30                  210                  0.30  {'h': 1.0, 'm': 0.5, 'l': 0.0, 'e': 0.0}  0.705185  0.721212  0.732308  0.680000  0.883626  0.919134  0.080866           0.338091           0.389609        0.563077  0.092308   0.092308   0.860355
3106   0.55                  0.30                  210                  0.05  {'h': 1.0, 'm': 0.5, 'l': 0.5, 'e': 0.0}  0.705185  0.721212  0.732308  0.680000  0.883626  0.919134  0.080866           0.338091           0.389609        0.489231  0.089231   0.089231   0.859882
3112   0.55                  0.30                  210                  0.10  {'h': 1.0, 'm': 0.5, 'l': 0.5, 'e': 0.0}  0.705185  0.721212  0.732308  0.680000  0.883626  0.919134  0.080866           0.338091           0.389609        0.489231  0.089231   0.089231   0.859882
3118   0.55                  0.30                  210                  0.20  {'h': 1.0, 'm': 0.5, 'l': 0.5, 'e': 0.0}  0.705185  0.721212  0.732308  0.680000  0.883626  0.919134  0.080866           0.338091           0.389609        0.489231  0.089231   0.089231   0.859882
3124   0.55                  0.30                  210                  0.30  {'h': 1.0, 'm': 0.5, 'l': 0.5, 'e': 0.0}  0.705185  0.721212  0.732308  0.680000  0.883626  0.919134  0.080866           0.338091           0.389609        0.489231  0.089231   0.089231   0.859882
5240   0.60                  0.31                  145                  0.45  {'h': 1.0, 'm': 0.5, 'l': 0.0, 'e': 0.0}  0.705185  0.721212  0.732308  0.680000  0.883626  0.919134  0.080866           0.332395           0.384435        0.523077  0.089231   0.089231   0.869890
3103   0.55                  0.30                  210                  0.05  {'h': 1.0, 'm': 0.0, 'l': 0.0, 'e': 0.0}  0.705185  0.721212  0.732308  0.680000  0.883626  0.919134  0.080866           0.338091           0.389609        0.304615  0.070769   0.070769   0.857041
3109   0.55                  0.30                  210                  0.10  {'h': 1.0, 'm': 0.0, 'l': 0.0, 'e': 0.0}  0.705185  0.721212  0.732308  0.680000  0.883626  0.919134  0.080866           0.338091           0.389609        0.304615  0.070769   0.070769   0.857041
3115   0.55                  0.30                  210                  0.20  {'h': 1.0, 'm': 0.0, 'l': 0.0, 'e': 0.0}  0.705185  0.721212  0.732308  0.680000  0.883626  0.919134  0.080866           0.338091           0.389609        0.304615  0.070769   0.070769   0.857041
3121   0.55                  0.30                  210                  0.30  {'h': 1.0, 'm': 0.0, 'l': 0.0, 'e': 0.0}  0.705185  0.721212  0.732308  0.680000  0.883626  0.919134  0.080866           0.338091           0.389609        0.304615  0.070769   0.070769   0.857041
2999   0.55                  0.30                  190                  0.45  {'h': 1.0, 'm': 0.5, 'l': 0.3, 'e': 0.0}  0.704846  0.724638  0.738462  0.674157  0.882456  0.916245  0.083755           0.338091           0.389609        0.513846  0.095385   0.095385   0.870769
2998   0.55                  0.30                  190                  0.45  {'h': 1.0, 'm': 0.5, 'l': 0.5, 'e': 0.0}  0.704846  0.724638  0.738462  0.674157  0.882456  0.916245  0.083755           0.338091           0.389609        0.486154  0.089231   0.089231   0.869890
3039   0.55                  0.30                  200                  0.05  {'h': 1.0, 'm': 0.5, 'l': 0.3, 'e': 0.3}  0.703976  0.722491  0.735385  0.675141  0.882456  0.916968  0.083032           0.338091           0.389609        0.400000  0.153846   0.153846   0.869822
3045   0.55                  0.30                  200                  0.10  {'h': 1.0, 'm': 0.5, 'l': 0.3, 'e': 0.3}  0.703976  0.722491  0.735385  0.675141  0.882456  0.916968  0.083032           0.338091           0.389609        0.400000  0.153846   0.153846   0.869822
3051   0.55                  0.30                  200                  0.20  {'h': 1.0, 'm': 0.5, 'l': 0.3, 'e': 0.3}  0.703976  0.722491  0.735385  0.675141  0.882456  0.916968  0.083032           0.338091           0.389609        0.400000  0.153846   0.153846   0.869822
3057   0.55                  0.30                  200                  0.30  {'h': 1.0, 'm': 0.5, 'l': 0.3, 'e': 0.3}  0.703976  0.722491  0.735385  0.675141  0.882456  0.916968  0.083032           0.338091           0.389609        0.400000  0.153846   0.153846   0.869822
3036   0.55                  0.30                  200                  0.05  {'h': 1.0, 'm': 1.0, 'l': 0.0, 'e': 0.0}  0.703976  0.722491  0.735385  0.675141  0.882456  0.916968  0.083032           0.338091           0.389609        0.556923  0.104615   0.104615   0.862249
3042   0.55                  0.30                  200                  0.10  {'h': 1.0, 'm': 1.0, 'l': 0.0, 'e': 0.0}  0.703976  0.722491  0.735385  0.675141  0.882456  0.916968  0.083032           0.338091           0.389609        0.556923  0.104615   0.104615   0.862249
3048   0.55                  0.30                  200                  0.20  {'h': 1.0, 'm': 1.0, 'l': 0.0, 'e': 0.0}  0.703976  0.722491  0.735385  0.675141  0.882456  0.916968  0.083032           0.338091           0.389609        0.556923  0.104615   0.104615   0.862249
3054   0.55                  0.30                  200                  0.30  {'h': 1.0, 'm': 1.0, 'l': 0.0, 'e': 0.0}  0.703976  0.722491  0.735385  0.675141  0.882456  0.916968  0.083032           0.338091           0.389609        0.556923  0.104615   0.104615   0.862249
3041   0.55                  0.30                  200                  0.05  {'h': 1.0, 'm': 0.5, 'l': 0.3, 'e': 0.0}  0.703976  0.722491  0.735385  0.675141  0.882456  0.916968  0.083032           0.338091           0.389609        0.516923  0.095385   0.095385   0.860828
3047   0.55                  0.30                  200                  0.10  {'h': 1.0, 'm': 0.5, 'l': 0.3, 'e': 0.0}  0.703976  0.722491  0.735385  0.675141  0.882456  0.916968  0.083032           0.338091           0.389609        0.516923  0.095385   0.095385   0.860828
3053   0.55                  0.30                  200                  0.20  {'h': 1.0, 'm': 0.5, 'l': 0.3, 'e': 0.0}  0.703976  0.722491  0.735385  0.675141  0.882456  0.916968  0.083032           0.338091           0.389609        0.516923  0.095385   0.095385   0.860828
3059   0.55                  0.30                  200                  0.30  {'h': 1.0, 'm': 0.5, 'l': 0.3, 'e': 0.0}  0.703976  0.722491  0.735385  0.675141  0.882456  0.916968  0.083032           0.338091           0.389609        0.516923  0.095385   0.095385   0.860828
3038   0.55                  0.30                  200                  0.05  {'h': 1.0, 'm': 0.5, 'l': 0.0, 'e': 0.0}  0.703976  0.722491  0.735385  0.675141  0.882456  0.916968  0.083032           0.338091           0.389609        0.563077  0.092308   0.092308   0.860355
3044   0.55                  0.30                  200                  0.10  {'h': 1.0, 'm': 0.5, 'l': 0.0, 'e': 0.0}  0.703976  0.722491  0.735385  0.675141  0.882456  0.916968  0.083032           0.338091           0.389609        0.563077  0.092308   0.092308   0.860355
3050   0.55                  0.30                  200                  0.20  {'h': 1.0, 'm': 0.5, 'l': 0.0, 'e': 0.0}  0.703976  0.722491  0.735385  0.675141  0.882456  0.916968  0.083032           0.338091           0.389609        0.563077  0.092308   0.092308   0.860355
3056   0.55                  0.30                  200                  0.30  {'h': 1.0, 'm': 0.5, 'l': 0.0, 'e': 0.0}  0.703976  0.722491  0.735385  0.675141  0.882456  0.916968  0.083032           0.338091           0.389609        0.563077  0.092308   0.092308   0.860355
3040   0.55                  0.30                  200                  0.05  {'h': 1.0, 'm': 0.5, 'l': 0.5, 'e': 0.0}  0.703976  0.722491  0.735385  0.675141  0.882456  0.916968  0.083032           0.338091           0.389609        0.489231  0.089231   0.089231   0.859882
3046   0.55                  0.30                  200                  0.10  {'h': 1.0, 'm': 0.5, 'l': 0.5, 'e': 0.0}  0.703976  0.722491  0.735385  0.675141  0.882456  0.916968  0.083032           0.338091           0.389609        0.489231  0.089231   0.089231   0.859882
3052   0.55                  0.30                  200                  0.20  {'h': 1.0, 'm': 0.5, 'l': 0.5, 'e': 0.0}  0.703976  0.722491  0.735385  0.675141  0.882456  0.916968  0.083032           0.338091           0.389609        0.489231  0.089231   0.089231   0.859882
3058   0.55                  0.30                  200                  0.30  {'h': 1.0, 'm': 0.5, 'l': 0.5, 'e': 0.0}  0.703976  0.722491  0.735385  0.675141  0.882456  0.916968  0.083032           0.338091           0.389609        0.489231  0.089231   0.089231   0.859882
3037   0.55                  0.30                  200                  0.05  {'h': 1.0, 'm': 0.0, 'l': 0.0, 'e': 0.0}  0.703976  0.722491  0.735385  0.675141  0.882456  0.916968  0.083032           0.338091           0.389609        0.304615  0.070769   0.070769   0.857041
3043   0.55                  0.30                  200                  0.10  {'h': 1.0, 'm': 0.0, 'l': 0.0, 'e': 0.0}  0.703976  0.722491  0.735385  0.675141  0.882456  0.916968  0.083032           0.338091           0.389609        0.304615  0.070769   0.070769   0.857041
3049   0.55                  0.30                  200                  0.20  {'h': 1.0, 'm': 0.0, 'l': 0.0, 'e': 0.0}  0.703976  0.722491  0.735385  0.675141  0.882456  0.916968  0.083032           0.338091           0.389609        0.304615  0.070769   0.070769   0.857041
3055   0.55                  0.30                  200                  0.30  {'h': 1.0, 'm': 0.0, 'l': 0.0, 'e': 0.0}  0.703976  0.722491  0.735385  0.675141  0.882456  0.916968  0.083032           0.338091           0.389609        0.304615  0.070769   0.070769   0.857041
421    0.50                  0.29                  120                  0.45  {'h': 1.0, 'm': 0.0, 'l': 0.0, 'e': 0.0}  0.703911  0.745121  0.775385  0.644501  0.876023  0.899639  0.100361           0.337905           0.389514        0.307692  0.080000   0.080000   0.868571
2996   0.55                  0.30                  190                  0.45  {'h': 1.0, 'm': 0.5, 'l': 0.0, 'e': 0.0}  0.703812  0.724200  0.738462  0.672269  0.881871  0.915523  0.084477           0.338091           0.389609        0.560000  0.092308   0.092308   0.870330
5177   0.60                  0.31                  120                  0.45  {'h': 1.0, 'm': 0.5, 'l': 0.3, 'e': 0.0}  0.703488  0.727601  0.744615  0.666667  0.880702  0.912635  0.087365           0.332395           0.384435        0.480000  0.083077   0.083077   0.869011
5176   0.60                  0.31                  120                  0.45  {'h': 1.0, 'm': 0.5, 'l': 0.5, 'e': 0.0}  0.703488  0.727601  0.744615  0.666667  0.880702  0.912635  0.087365           0.332395           0.384435        0.458462  0.073846   0.073846   0.867692
5113   0.60                  0.30                  210                  0.50  {'h': 1.0, 'm': 0.0, 'l': 0.0, 'e': 0.0}  0.703264  0.718617  0.729231  0.679083  0.883041  0.919134  0.080866           0.343841           0.397903        0.286154  0.080000   0.080000   0.868571
2737   0.55                  0.29                  210                  0.50  {'h': 1.0, 'm': 0.0, 'l': 0.0, 'e': 0.0}  0.702624  0.725467  0.741538  0.667590  0.880702  0.913357  0.086643           0.350178           0.401060        0.283077  0.083077   0.083077   0.869011
2797   0.55                  0.30                  120                  0.45  {'h': 1.0, 'm': 0.0, 'l': 0.0, 'e': 0.0}  0.702550  0.737656  0.763077  0.650919  0.877193  0.903971  0.096029           0.338091           0.389609        0.304615  0.070769   0.070769   0.857041
5174   0.60                  0.31                  120                  0.45  {'h': 1.0, 'm': 0.5, 'l': 0.0, 'e': 0.0}  0.702467  0.727163  0.744615  0.664835  0.880117  0.911913  0.088087           0.332395           0.384435        0.523077  0.089231   0.089231   0.869890
3131   0.55                  0.30                  210                  0.45  {'h': 1.0, 'm': 0.5, 'l': 0.3, 'e': 0.0}  0.702381  0.716454  0.726154  0.680115  0.883041  0.919856  0.080144           0.338091           0.389609        0.513846  0.095385   0.095385   0.870769
3130   0.55                  0.30                  210                  0.45  {'h': 1.0, 'm': 0.5, 'l': 0.5, 'e': 0.0}  0.702381  0.716454  0.726154  0.680115  0.883041  0.919856  0.080144           0.338091           0.389609        0.486154  0.089231   0.089231   0.869890
4723   0.60                  0.29                  210                  0.55  {'h': 1.0, 'm': 0.0, 'l': 0.0, 'e': 0.0}  0.702362  0.692547  0.686154  0.719355  0.889474  0.937184  0.062816           0.356186           0.408230        0.209231  0.064615   0.064615   0.866374
5238   0.60                  0.31                  145                  0.45  {'h': 1.0, 'm': 1.0, 'l': 0.0, 'e': 0.0}  0.701649  0.712546  0.720000  0.684211  0.883626  0.922022  0.077978           0.332395           0.384435        0.541538  0.086154   0.086154   0.869451
3128   0.55                  0.30                  210                  0.45  {'h': 1.0, 'm': 0.5, 'l': 0.0, 'e': 0.0}  0.701337  0.716019  0.726154  0.678161  0.882456  0.919134  0.080866           0.338091           0.389609        0.560000  0.092308   0.092308   0.870330
3065   0.55                  0.30                  200                  0.45  {'h': 1.0, 'm': 0.5, 'l': 0.3, 'e': 0.0}  0.701183  0.717747  0.729231  0.675214  0.881871  0.917690  0.082310           0.338091           0.389609        0.513846  0.095385   0.095385   0.870769
3064   0.55                  0.30                  200                  0.45  {'h': 1.0, 'm': 0.5, 'l': 0.5, 'e': 0.0}  0.701183  0.717747  0.729231  0.675214  0.881871  0.917690  0.082310           0.338091           0.389609        0.486154  0.089231   0.089231   0.869890
5172   0.60                  0.31                  120                  0.45  {'h': 1.0, 'm': 1.0, 'l': 0.0, 'e': 0.0}  0.701031  0.719468  0.732308  0.672316  0.881287  0.916245  0.083755           0.332395           0.384435        0.541538  0.086154   0.086154   0.869451
229    0.50                  0.28                  190                  0.50  {'h': 1.0, 'm': 0.0, 'l': 0.0, 'e': 0.0}  0.700855  0.733453  0.756923  0.652520  0.877193  0.905415  0.094585           0.354818           0.405600        0.283077  0.089231   0.089231   0.869890
5377   0.60                  0.31                  190                  0.50  {'h': 1.0, 'm': 0.0, 'l': 0.0, 'e': 0.0}  0.700326  0.676526  0.661538  0.743945  0.892398  0.946570  0.053430           0.332395           0.384435        0.286154  0.058462   0.058462   0.865495
2907   0.55                  0.30                  180                  0.05  {'h': 1.0, 'm': 0.5, 'l': 0.3, 'e': 0.3}  0.700288  0.727981  0.747692  0.658537  0.878363  0.909025  0.090975           0.338091           0.389609        0.400000  0.153846   0.153846   0.869822
2913   0.55                  0.30                  180                  0.10  {'h': 1.0, 'm': 0.5, 'l': 0.3, 'e': 0.3}  0.700288  0.727981  0.747692  0.658537  0.878363  0.909025  0.090975           0.338091           0.389609        0.400000  0.153846   0.153846   0.869822
2919   0.55                  0.30                  180                  0.20  {'h': 1.0, 'm': 0.5, 'l': 0.3, 'e': 0.3}  0.700288  0.727981  0.747692  0.658537  0.878363  0.909025  0.090975           0.338091           0.389609        0.400000  0.153846   0.153846   0.869822
2925   0.55                  0.30                  180                  0.30  {'h': 1.0, 'm': 0.5, 'l': 0.3, 'e': 0.3}  0.700288  0.727981  0.747692  0.658537  0.878363  0.909025  0.090975           0.338091           0.389609        0.400000  0.153846   0.153846   0.869822
2904   0.55                  0.30                  180                  0.05  {'h': 1.0, 'm': 1.0, 'l': 0.0, 'e': 0.0}  0.700288  0.727981  0.747692  0.658537  0.878363  0.909025  0.090975           0.338091           0.389609        0.556923  0.104615   0.104615   0.862249
2910   0.55                  0.30                  180                  0.10  {'h': 1.0, 'm': 1.0, 'l': 0.0, 'e': 0.0}  0.700288  0.727981  0.747692  0.658537  0.878363  0.909025  0.090975           0.338091           0.389609        0.556923  0.104615   0.104615   0.862249
2916   0.55                  0.30                  180                  0.20  {'h': 1.0, 'm': 1.0, 'l': 0.0, 'e': 0.0}  0.700288  0.727981  0.747692  0.658537  0.878363  0.909025  0.090975           0.338091           0.389609        0.556923  0.104615   0.104615   0.862249
2922   0.55                  0.30                  180                  0.30  {'h': 1.0, 'm': 1.0, 'l': 0.0, 'e': 0.0}  0.700288  0.727981  0.747692  0.658537  0.878363  0.909025  0.090975           0.338091           0.389609        0.556923  0.104615   0.104615   0.862249
2909   0.55                  0.30                  180                  0.05  {'h': 1.0, 'm': 0.5, 'l': 0.3, 'e': 0.0}  0.700288  0.727981  0.747692  0.658537  0.878363  0.909025  0.090975           0.338091           0.389609        0.516923  0.095385   0.095385   0.860828
2915   0.55                  0.30                  180                  0.10  {'h': 1.0, 'm': 0.5, 'l': 0.3, 'e': 0.0}  0.700288  0.727981  0.747692  0.658537  0.878363  0.909025  0.090975           0.338091           0.389609        0.516923  0.095385   0.095385   0.860828
2921   0.55                  0.30                  180                  0.20  {'h': 1.0, 'm': 0.5, 'l': 0.3, 'e': 0.0}  0.700288  0.727981  0.747692  0.658537  0.878363  0.909025  0.090975           0.338091           0.389609        0.516923  0.095385   0.095385   0.860828
2927   0.55                  0.30                  180                  0.30  {'h': 1.0, 'm': 0.5, 'l': 0.3, 'e': 0.0}  0.700288  0.727981  0.747692  0.658537  0.878363  0.909025  0.090975           0.338091           0.389609        0.516923  0.095385   0.095385   0.860828
2906   0.55                  0.30                  180                  0.05  {'h': 1.0, 'm': 0.5, 'l': 0.0, 'e': 0.0}  0.700288  0.727981  0.747692  0.658537  0.878363  0.909025  0.090975           0.338091           0.389609        0.563077  0.092308   0.092308   0.860355
2912   0.55                  0.30                  180                  0.10  {'h': 1.0, 'm': 0.5, 'l': 0.0, 'e': 0.0}  0.700288  0.727981  0.747692  0.658537  0.878363  0.909025  0.090975           0.338091           0.389609        0.563077  0.092308   0.092308   0.860355
2918   0.55                  0.30                  180                  0.20  {'h': 1.0, 'm': 0.5, 'l': 0.0, 'e': 0.0}  0.700288  0.727981  0.747692  0.658537  0.878363  0.909025  0.090975           0.338091           0.389609        0.563077  0.092308   0.092308   0.860355
2924   0.55                  0.30                  180                  0.30  {'h': 1.0, 'm': 0.5, 'l': 0.0, 'e': 0.0}  0.700288  0.727981  0.747692  0.658537  0.878363  0.909025  0.090975           0.338091           0.389609        0.563077  0.092308   0.092308   0.860355
2908   0.55                  0.30                  180                  0.05  {'h': 1.0, 'm': 0.5, 'l': 0.5, 'e': 0.0}  0.700288  0.727981  0.747692  0.658537  0.878363  0.909025  0.090975           0.338091           0.389609        0.489231  0.089231   0.089231   0.859882
2914   0.55                  0.30                  180                  0.10  {'h': 1.0, 'm': 0.5, 'l': 0.5, 'e': 0.0}  0.700288  0.727981  0.747692  0.658537  0.878363  0.909025  0.090975           0.338091           0.389609        0.489231  0.089231   0.089231   0.859882
2920   0.55                  0.30                  180                  0.20  {'h': 1.0, 'm': 0.5, 'l': 0.5, 'e': 0.0}  0.700288  0.727981  0.747692  0.658537  0.878363  0.909025  0.090975           0.338091           0.389609        0.489231  0.089231   0.089231   0.859882
2926   0.55                  0.30                  180                  0.30  {'h': 1.0, 'm': 0.5, 'l': 0.5, 'e': 0.0}  0.700288  0.727981  0.747692  0.658537  0.878363  0.909025  0.090975           0.338091           0.389609        0.489231  0.089231   0.089231   0.859882
2539   0.55                  0.29                  180                  0.50  {'h': 1.0, 'm': 0.0, 'l': 0.0, 'e': 0.0}  0.700288  0.727981  0.747692  0.658537  0.878363  0.909025  0.090975           0.350178           0.401060        0.280000  0.080000   0.080000   0.868571
2905   0.55                  0.30                  180                  0.05  {'h': 1.0, 'm': 0.0, 'l': 0.0, 'e': 0.0}  0.700288  0.727981  0.747692  0.658537  0.878363  0.909025  0.090975           0.338091           0.389609        0.304615  0.070769   0.070769   0.857041
2911   0.55                  0.30                  180                  0.10  {'h': 1.0, 'm': 0.0, 'l': 0.0, 'e': 0.0}  0.700288  0.727981  0.747692  0.658537  0.878363  0.909025  0.090975           0.338091           0.389609        0.304615  0.070769   0.070769   0.857041
2917   0.55                  0.30                  180                  0.20  {'h': 1.0, 'm': 0.0, 'l': 0.0, 'e': 0.0}  0.700288  0.727981  0.747692  0.658537  0.878363  0.909025  0.090975           0.338091           0.389609        0.304615  0.070769   0.070769   0.857041
2923   0.55                  0.30                  180                  0.30  {'h': 1.0, 'm': 0.0, 'l': 0.0, 'e': 0.0}  0.700288  0.727981  0.747692  0.658537  0.878363  0.909025  0.090975           0.338091           0.389609        0.304615  0.070769   0.070769   0.857041
3062   0.55                  0.30                  200                  0.45  {'h': 1.0, 'm': 0.5, 'l': 0.0, 'e': 0.0}  0.700148  0.717312  0.729231  0.673295  0.881287  0.916968  0.083032           0.338091           0.389609        0.560000  0.092308   0.092308   0.870330
5047   0.60                  0.30                  200                  0.50  {'h': 1.0, 'm': 0.0, 'l': 0.0, 'e': 0.0}  0.700000  0.719033  0.732308  0.670423  0.880702  0.915523  0.084477           0.343841           0.397903        0.286154  0.080000   0.080000   0.868571
7225   0.65                  0.31                  145                  0.50  {'h': 1.0, 'm': 0.0, 'l': 0.0, 'e': 0.0}  0.699708  0.722456  0.738462  0.664820  0.879532  0.912635  0.087365           0.342464           0.394791        0.286154  0.076923   0.076923   0.868132
2671   0.55                  0.29                  200                  0.50  {'h': 1.0, 'm': 0.0, 'l': 0.0, 'e': 0.0}  0.699565  0.724159  0.741538  0.662088  0.878947  0.911191  0.088809           0.350178           0.401060        0.283077  0.083077   0.083077   0.869011
7351   0.65                  0.31                  190                  0.45  {'h': 1.0, 'm': 0.0, 'l': 0.0, 'e': 0.0}  0.699301  0.739645  0.769231  0.641026  0.874269  0.898917  0.101083           0.342464           0.394791        0.307692  0.076923   0.076923   0.857988
4981   0.60                  0.30                  190                  0.50  {'h': 1.0, 'm': 0.0, 'l': 0.0, 'e': 0.0}  0.698972  0.718599  0.732308  0.668539  0.880117  0.914801  0.085199           0.343841           0.397903        0.286154  0.080000   0.080000   0.868571
5311   0.60                  0.31                  180                  0.50  {'h': 1.0, 'm': 0.0, 'l': 0.0, 'e': 0.0}  0.698873  0.679825  0.667692  0.733108  0.890643  0.942960  0.057040           0.332395           0.384435        0.286154  0.058462   0.058462   0.865495
7417   0.65                  0.31                  200                  0.45  {'h': 1.0, 'm': 0.0, 'l': 0.0, 'e': 0.0}  0.698864  0.732579  0.756923  0.649077  0.876023  0.903971  0.096029           0.342464           0.394791        0.307692  0.076923   0.076923   0.857988
2933   0.55                  0.30                  180                  0.45  {'h': 1.0, 'm': 0.5, 'l': 0.3, 'e': 0.0}  0.698551  0.723724  0.741538  0.660274  0.878363  0.910469  0.089531           0.338091           0.389609        0.513846  0.095385   0.095385   0.870769
2932   0.55                  0.30                  180                  0.45  {'h': 1.0, 'm': 0.5, 'l': 0.5, 'e': 0.0}  0.698551  0.723724  0.741538  0.660274  0.878363  0.910469  0.089531           0.338091           0.389609        0.486154  0.089231   0.089231   0.869890
2605   0.55                  0.29                  190                  0.50  {'h': 1.0, 'm': 0.0, 'l': 0.0, 'e': 0.0}  0.698551  0.723724  0.741538  0.660274  0.878363  0.910469  0.089531           0.350178           0.401060        0.280000  0.080000   0.080000   0.868571
4657   0.60                  0.29                  200                  0.55  {'h': 1.0, 'm': 0.0, 'l': 0.0, 'e': 0.0}  0.697966  0.690830  0.686154  0.710191  0.887135  0.934296  0.065704           0.356186           0.408230        0.209231  0.064615   0.064615   0.866374
4525   0.60                  0.29                  180                  0.55  {'h': 1.0, 'm': 0.0, 'l': 0.0, 'e': 0.0}  0.697674  0.694444  0.692308  0.703125  0.885965  0.931408  0.068592           0.356186           0.408230        0.206154  0.064615   0.064615   0.866374
2930   0.55                  0.30                  180                  0.45  {'h': 1.0, 'm': 0.5, 'l': 0.0, 'e': 0.0}  0.697540  0.723289  0.741538  0.658470  0.877778  0.909747  0.090253           0.338091           0.389609        0.560000  0.092308   0.092308   0.870330
6901   0.65                  0.30                  180                  0.55  {'h': 1.0, 'm': 0.0, 'l': 0.0, 'e': 0.0}  0.697306  0.684932  0.676923  0.718954  0.888304  0.937906  0.062094           0.352733           0.406081        0.215385  0.061538   0.061538   0.865934
7483   0.65                  0.31                  210                  0.45  {'h': 1.0, 'm': 0.0, 'l': 0.0, 'e': 0.0}  0.697143  0.728358  0.750769  0.650667  0.876023  0.905415  0.094585           0.342464           0.394791        0.307692  0.076923   0.076923   0.857988
4915   0.60                  0.30                  180                  0.50  {'h': 1.0, 'm': 0.0, 'l': 0.0, 'e': 0.0}  0.696925  0.717732  0.732308  0.664804  0.878947  0.913357  0.086643           0.343841           0.397903        0.286154  0.080000   0.080000   0.868571
7424   0.65                  0.31                  200                  0.50  {'h': 1.0, 'm': 0.5, 'l': 0.0, 'e': 0.0}  0.696486  0.680824  0.670769  0.724252  0.888889  0.940072  0.059928           0.342464           0.394791        0.523077  0.098462   0.098462   0.871209
5185   0.60                  0.31                  120                  0.55  {'h': 1.0, 'm': 0.0, 'l': 0.0, 'e': 0.0}  0.696370  0.667299  0.649231  0.750890  0.892398  0.949458  0.050542           0.332395           0.384435        0.240000  0.036923   0.036923   0.862418
823    0.50                  0.30                  120                  0.50  {'h': 1.0, 'm': 0.0, 'l': 0.0, 'e': 0.0}  0.696223  0.669192  0.652308  0.746479  0.891813  0.948014  0.051986           0.334291           0.386469        0.286154  0.064615   0.064615   0.866374
5443   0.60                  0.31                  200                  0.50  {'h': 1.0, 'm': 0.0, 'l': 0.0, 'e': 0.0}  0.696223  0.669192  0.652308  0.746479  0.891813  0.948014  0.051986           0.332395           0.384435        0.286154  0.058462   0.058462   0.865495
2545   0.55                  0.29                  180                  0.55  {'h': 1.0, 'm': 0.0, 'l': 0.0, 'e': 0.0}  0.696078  0.671078  0.655385  0.742160  0.891228  0.946570  0.053430           0.350178           0.401060        0.236923  0.052308   0.052308   0.864615
2479   0.55                  0.29                  145                  0.55  {'h': 1.0, 'm': 0.0, 'l': 0.0, 'e': 0.0}  0.695793  0.674827  0.661538  0.733788  0.890058  0.943682  0.056318           0.350178           0.401060        0.236923  0.052308   0.052308   0.864615
4591   0.60                  0.29                  190                  0.55  {'h': 1.0, 'm': 0.0, 'l': 0.0, 'e': 0.0}  0.695788  0.689975  0.686154  0.705696  0.885965  0.932852  0.067148           0.356186           0.408230        0.206154  0.064615   0.064615   0.866374
163    0.50                  0.28                  180                  0.50  {'h': 1.0, 'm': 0.0, 'l': 0.0, 'e': 0.0}  0.695775  0.732938  0.760000  0.641558  0.873684  0.900361  0.099639           0.354818           0.405600        0.283077  0.089231   0.089231   0.869890
7099   0.65                  0.30                  210                  0.55  {'h': 1.0, 'm': 0.0, 'l': 0.0, 'e': 0.0}  0.695513  0.678549  0.667692  0.725753  0.888889  0.940794  0.059206           0.352733           0.406081        0.221538  0.061538   0.061538   0.865934
2994   0.55                  0.30                  190                  0.45  {'h': 1.0, 'm': 1.0, 'l': 0.0, 'e': 0.0}  0.695394  0.709951  0.720000  0.672414  0.880117  0.917690  0.082310           0.338091           0.389609        0.547692  0.098462   0.098462   0.871209
6967   0.65                  0.30                  190                  0.55  {'h': 1.0, 'm': 0.0, 'l': 0.0, 'e': 0.0}  0.695375  0.680400  0.670769  0.721854  0.888304  0.939350  0.060650           0.352733           0.406081        0.218462  0.061538   0.061538   0.865934
7358   0.65                  0.31                  190                  0.50  {'h': 1.0, 'm': 0.5, 'l': 0.0, 'e': 0.0}  0.695103  0.684080  0.676923  0.714286  0.887135  0.936462  0.063538           0.342464           0.394791        0.523077  0.098462   0.098462   0.871209
301    0.50                  0.28                  200                  0.55  {'h': 1.0, 'm': 0.0, 'l': 0.0, 'e': 0.0}  0.695082  0.668770  0.652308  0.743860  0.891228  0.947292  0.052708           0.354818           0.405600        0.236923  0.061538   0.061538   0.865934
2677   0.55                  0.29                  200                  0.55  {'h': 1.0, 'm': 0.0, 'l': 0.0, 'e': 0.0}  0.695082  0.668770  0.652308  0.743860  0.891228  0.947292  0.052708           0.350178           0.401060        0.240000  0.055385   0.055385   0.865055
2743   0.55                  0.29                  210                  0.55  {'h': 1.0, 'm': 0.0, 'l': 0.0, 'e': 0.0}  0.695082  0.668770  0.652308  0.743860  0.891228  0.947292  0.052708           0.350178           0.401060        0.240000  0.055385   0.055385   0.865055
2611   0.55                  0.29                  190                  0.55  {'h': 1.0, 'm': 0.0, 'l': 0.0, 'e': 0.0}  0.695082  0.668770  0.652308  0.743860  0.891228  0.947292  0.052708           0.350178           0.401060        0.236923  0.052308   0.052308   0.864615
2347   0.55                  0.28                  210                  0.55  {'h': 1.0, 'm': 0.0, 'l': 0.0, 'e': 0.0}  0.694969  0.685909  0.680000  0.710611  0.886550  0.935018  0.064982           0.360838           0.416261        0.196923  0.064615   0.064615   0.866374
7033   0.65                  0.30                  200                  0.55  {'h': 1.0, 'm': 0.0, 'l': 0.0, 'e': 0.0}  0.694400  0.678125  0.667692  0.723333  0.888304  0.940072  0.059928           0.352733           0.406081        0.221538  0.061538   0.061538   0.865934
2413   0.55                  0.29                  120                  0.55  {'h': 1.0, 'm': 0.0, 'l': 0.0, 'e': 0.0}  0.694268  0.679975  0.670769  0.719472  0.887719  0.938628  0.061372           0.350178           0.401060        0.233846  0.052308   0.052308   0.864615
2809   0.55                  0.30                  120                  0.55  {'h': 1.0, 'm': 0.0, 'l': 0.0, 'e': 0.0}  0.694079  0.666456  0.649231  0.745583  0.891228  0.948014  0.051986           0.338091           0.389609        0.246154  0.049231   0.049231   0.864176
2473   0.55                  0.29                  145                  0.50  {'h': 1.0, 'm': 0.0, 'l': 0.0, 'e': 0.0}  0.694051  0.728733  0.753846  0.643045  0.873684  0.901805  0.098195           0.350178           0.401060        0.280000  0.080000   0.080000   0.868571
3126   0.55                  0.30                  210                  0.45  {'h': 1.0, 'm': 1.0, 'l': 0.0, 'e': 0.0}  0.693816  0.702076  0.707692  0.680473  0.881287  0.922022  0.077978           0.338091           0.389609        0.547692  0.098462   0.098462   0.871209
7555   0.65                  0.32                  120                  0.50  {'h': 1.0, 'm': 0.0, 'l': 0.0, 'e': 0.0}  0.693811  0.670233  0.655385  0.737024  0.890058  0.945126  0.054874           0.332065           0.388293        0.286154  0.058462   0.058462   0.865495
169    0.50                  0.28                  180                  0.55  {'h': 1.0, 'm': 0.0, 'l': 0.0, 'e': 0.0}  0.693679  0.672111  0.658462  0.732877  0.889474  0.943682  0.056318           0.354818           0.405600        0.236923  0.061538   0.061538   0.865934
4789   0.60                  0.30                  120                  0.55  {'h': 1.0, 'm': 0.0, 'l': 0.0, 'e': 0.0}  0.693548  0.673981  0.661538  0.728814  0.888889  0.942238  0.057762           0.343841           0.397903        0.240000  0.049231   0.049231   0.864176
7159   0.65                  0.31                  120                  0.50  {'h': 1.0, 'm': 0.0, 'l': 0.0, 'e': 0.0}  0.693525  0.721557  0.741538  0.651351  0.875439  0.906859  0.093141           0.342464           0.394791        0.286154  0.076923   0.076923   0.868132
433    0.50                  0.29                  120                  0.55  {'h': 1.0, 'm': 0.0, 'l': 0.0, 'e': 0.0}  0.693069  0.664137  0.646154  0.747331  0.891228  0.948736  0.051264           0.337905           0.389514        0.249231  0.055385   0.055385   0.865055
367    0.50                  0.28                  210                  0.55  {'h': 1.0, 'm': 0.0, 'l': 0.0, 'e': 0.0}  0.692939  0.666035  0.649231  0.742958  0.890643  0.947292  0.052708           0.354818           0.405600        0.236923  0.061538   0.061538   0.865934
2281   0.55                  0.28                  200                  0.55  {'h': 1.0, 'm': 0.0, 'l': 0.0, 'e': 0.0}  0.692790  0.685059  0.680000  0.706070  0.885380  0.933574  0.066426           0.360838           0.416261        0.196923  0.064615   0.064615   0.866374
235    0.50                  0.28                  190                  0.55  {'h': 1.0, 'm': 0.0, 'l': 0.0, 'e': 0.0}  0.692683  0.669811  0.655385  0.734483  0.889474  0.944404  0.055596           0.354818           0.405600        0.236923  0.061538   0.061538   0.865934
4855   0.60                  0.30                  145                  0.55  {'h': 1.0, 'm': 0.0, 'l': 0.0, 'e': 0.0}  0.692683  0.669811  0.655385  0.734483  0.889474  0.944404  0.055596           0.343841           0.397903        0.243077  0.052308   0.052308   0.864615
3060   0.55                  0.30                  200                  0.45  {'h': 1.0, 'm': 1.0, 'l': 0.0, 'e': 0.0}  0.692654  0.703410  0.710769  0.675439  0.880117  0.919856  0.080144           0.338091           0.389609        0.547692  0.098462   0.098462   0.871209
7490   0.65                  0.31                  210                  0.50  {'h': 1.0, 'm': 0.5, 'l': 0.0, 'e': 0.0}  0.692308  0.675422  0.664615  0.722408  0.887719  0.940072  0.059928           0.342464           0.394791        0.523077  0.098462   0.098462   0.871209

Full result output for the best combination:
                 #Examples   TP   FP    TN  FN       ACC       FNR       TNR       FPR       TPR      Prec        F1        F2  AVG # affected
Component                                                                                                                                     
no_failure            1385    0  118  1267   0  0.914801       NaN  0.914801  0.085199       NaN  0.000000       NaN       NaN       41.525632
txt15_i1                 5    5    0     0   0  1.000000  0.000000       NaN       NaN  1.000000  1.000000  1.000000  1.000000      485.800000
txt15_i3                 5    1    0     0   4  0.200000  0.800000       NaN       NaN  0.200000  1.000000  0.333333  0.238095       73.800000
txt15_conveyor           3    3    0     0   0  1.000000  0.000000       NaN       NaN  1.000000  1.000000  1.000000  1.000000      396.333333
txt15_m1               160  159    0     0   1  0.993750  0.006250       NaN       NaN  0.993750  1.000000  0.996865  0.994994      417.150000
txt15_pl                 9    9    0     0   0  1.000000  0.000000       NaN       NaN  1.000000  1.000000  1.000000  1.000000      303.666667
txt16_i3                 4    4    0     0   0  1.000000  0.000000       NaN       NaN  1.000000  1.000000  1.000000  1.000000      293.500000
txt16_conveyor           8    1    0     0   7  0.125000  0.875000       NaN       NaN  0.125000  1.000000  0.222222  0.151515       68.250000
txt16_m3                65   45    0     0  20  0.692308  0.307692       NaN       NaN  0.692308  1.000000  0.818182  0.737705      295.969231
txt16_turntable          2    0    0     0   2  0.000000  1.000000       NaN       NaN  0.000000       NaN       NaN       NaN        1.500000
txt17_i1                16    9    0     0   7  0.562500  0.437500       NaN       NaN  0.562500  1.000000  0.720000  0.616438      244.250000
txt17_pl                14    0    0     0  14  0.000000  1.000000       NaN       NaN  0.000000       NaN       NaN       NaN        0.000000
txt18_pl                28    1    0     0  27  0.035714  0.964286       NaN       NaN  0.035714  1.000000  0.068966  0.044248       13.250000
txt19_i4                 6    5    0     0   1  0.833333  0.166667       NaN       NaN  0.833333  1.000000  0.909091  0.862069      298.666667
combined              1710  242  118  1267  83  0.882456  0.255385  0.914801  0.085199  0.744615  0.672222  0.706569  0.728916       92.402924

                 #Examples   TP  FP    TN  FN       ACC       FNR       TNR       FPR       TPR     Prec        F1        F2  AVG # affected
Component                                                                                                                                   
no_failure            1385    0  80  1305   0  0.942238       NaN  0.942238  0.057762       NaN  0.00000       NaN       NaN       41.525632
txt15_i1                 5    5   0     0   0  1.000000  0.000000       NaN       NaN  1.000000  1.00000  1.000000  1.000000      485.800000
txt15_i3                 5    0   0     0   5  0.000000  1.000000       NaN       NaN  0.000000      NaN       NaN       NaN       73.800000
txt15_conveyor           3    3   0     0   0  1.000000  0.000000       NaN       NaN  1.000000  1.00000  1.000000  1.000000      396.333333
txt15_m1               160  159   0     0   1  0.993750  0.006250       NaN       NaN  0.993750  1.00000  0.996865  0.994994      417.150000
txt15_pl                 9    9   0     0   0  1.000000  0.000000       NaN       NaN  1.000000  1.00000  1.000000  1.000000      303.666667
txt16_i3                 4    4   0     0   0  1.000000  0.000000       NaN       NaN  1.000000  1.00000  1.000000  1.000000      293.500000
txt16_conveyor           8    1   0     0   7  0.125000  0.875000       NaN       NaN  0.125000  1.00000  0.222222  0.151515       68.250000
txt16_m3                65   43   0     0  22  0.661538  0.338462       NaN       NaN  0.661538  1.00000  0.796296  0.709571      295.969231
txt16_turntable          2    0   0     0   2  0.000000  1.000000       NaN       NaN  0.000000      NaN       NaN       NaN        1.500000
txt17_i1                16    6   0     0  10  0.375000  0.625000       NaN       NaN  0.375000  1.00000  0.545455  0.428571      244.250000
txt17_pl                14    0   0     0  14  0.000000  1.000000       NaN       NaN  0.000000      NaN       NaN       NaN        0.000000
txt18_pl                28    0   0     0  28  0.000000  1.000000       NaN       NaN  0.000000      NaN       NaN       NaN       13.250000
txt19_i4                 6    2   0     0   4  0.333333  0.666667       NaN       NaN  0.333333  1.00000  0.500000  0.384615      298.666667
combined              1710  232  80  1305  93  0.898830  0.286154  0.942238  0.057762  0.713846  0.74359  0.728414  0.719603       92.402924

Execution time: 158496.39572476503
