
Dataset loaded:
Shape of training set (example, time, channels): (20812, 500, 61)
Shape of test set (example, time, channels): (3989, 500, 61)
Shape of train validation set (example, time, channels): (2313, 500, 61)
Shape of test validation set (example, time, channels): (1710, 500, 61)
Num of classes in all: 25

Adding feature wise convolutions with 32 filters per feature, 3 kernels and 1 strides ...
Adding feature wise convolutions with 1 filters per feature, 3 kernels and 1 strides ...
Adding feature based graph attention layer ...
Adding time based graph attention layer ...
Adding GRU layer with 256 units ...
Adding GRU layer with 61 units ...
Adding dense layer to forecasting model with 512 units and ReLu activation ...
Adding dense layer to forecasting model with 256 units and ReLu activation ...
Adding last dense layer to forecasting model with 61 units and sigmoid activation ...
Adding VAE as reconstruction model with dimensions 3072 & 1536 and ...
The RBM reconstructs the output of the gru layer.

Grid search running in AD and FPD selection mode.
The following hyperparameters will not be evaluated:
si_mode
si_parameter

Testing 5000 combinations via grid search 
for model selected_2_mod_11_02-14-15-32-11 on the validation dataset. 


Best combinations tested:
      gamma  single_timestamp_a.. affected_timestamp..  unaffected_compone..                         relevance_mapping     AD F1     AD F2    AD TPR   AD Prec    AD ACC    AD TNR    AD FPR  SI/ST AVG-HR@100%  SI/ST AVG-HR@150%  SI/ST AVG-HR@K  SI/ST F1  SI/ST TPR  SI/ST ACC
Comb                                                                                                                                                                                                                                                                              
3536   0.30                  0.27                  230                  0.50  {'h': 1.0, 'm': 0.0, 'l': 0.0, 'e': 0.0}  0.706065  0.701483  0.698462  0.713836  0.889474  0.934296  0.065704           0.314486           0.363009        0.144615  0.033846   0.033846   0.861978
3586   0.30                  0.27                  240                  0.50  {'h': 1.0, 'm': 0.0, 'l': 0.0, 'e': 0.0}  0.705148  0.699257  0.695385  0.715190  0.889474  0.935018  0.064982           0.314486           0.363009        0.144615  0.033846   0.033846   0.861978
3636   0.30                  0.27                  220                  0.50  {'h': 1.0, 'm': 0.0, 'l': 0.0, 'e': 0.0}  0.702786  0.700185  0.698462  0.707165  0.887719  0.932130  0.067870           0.314486           0.363009        0.144615  0.033846   0.033846   0.861978
3686   0.30                  0.27                  210                  0.50  {'h': 1.0, 'm': 0.0, 'l': 0.0, 'e': 0.0}  0.698462  0.698462  0.698462  0.698462  0.885380  0.929242  0.070758           0.314486           0.363009        0.144615  0.033846   0.033846   0.861978
3736   0.30                  0.27                  200                  0.50  {'h': 1.0, 'm': 0.0, 'l': 0.0, 'e': 0.0}  0.698462  0.698462  0.698462  0.698462  0.885380  0.929242  0.070758           0.314486           0.363009        0.144615  0.033846   0.033846   0.861978
2286   0.35                  0.28                  230                  0.50  {'h': 1.0, 'm': 0.0, 'l': 0.0, 'e': 0.0}  0.698262  0.687189  0.680000  0.717532  0.888304  0.937184  0.062816           0.302855           0.358625        0.163077  0.030769   0.030769   0.861538
2386   0.35                  0.28                  220                  0.50  {'h': 1.0, 'm': 0.0, 'l': 0.0, 'e': 0.0}  0.698113  0.689013  0.683077  0.713826  0.887719  0.935740  0.064260           0.302855           0.358625        0.163077  0.030769   0.030769   0.861538
2486   0.35                  0.28                  200                  0.50  {'h': 1.0, 'm': 0.0, 'l': 0.0, 'e': 0.0}  0.696734  0.692213  0.689231  0.704403  0.885965  0.932130  0.067870           0.302855           0.358625        0.163077  0.030769   0.030769   0.861538
2336   0.35                  0.28                  240                  0.50  {'h': 1.0, 'm': 0.0, 'l': 0.0, 'e': 0.0}  0.696343  0.682668  0.673846  0.720395  0.888304  0.938628  0.061372           0.302855           0.358625        0.163077  0.030769   0.030769   0.861538
2436   0.35                  0.28                  210                  0.50  {'h': 1.0, 'm': 0.0, 'l': 0.0, 'e': 0.0}  0.694704  0.689549  0.686154  0.703470  0.885380  0.932130  0.067870           0.302855           0.358625        0.163077  0.030769   0.030769   0.861538
86     0.55                  0.31                  240                  0.50  {'h': 1.0, 'm': 0.0, 'l': 0.0, 'e': 0.0}  0.683969  0.687117  0.689231  0.678788  0.878947  0.923466  0.076534           0.260741           0.373716        0.169231  0.036923   0.036923   0.862418
2281   0.35                  0.28                  230                  0.45  {'h': 1.0, 'm': 0.0, 'l': 0.0, 'e': 0.0}  0.681957  0.684469  0.686154  0.677812  0.878363  0.923466  0.076534           0.302855           0.358625        0.166154  0.030769   0.030769   0.850888
36     0.55                  0.31                  230                  0.50  {'h': 1.0, 'm': 0.0, 'l': 0.0, 'e': 0.0}  0.681887  0.686275  0.689231  0.674699  0.877778  0.922022  0.077978           0.260741           0.373716        0.169231  0.036923   0.036923   0.862418
4886   0.40                  0.29                  220                  0.50  {'h': 1.0, 'm': 0.0, 'l': 0.0, 'e': 0.0}  0.681672  0.663745  0.652308  0.713805  0.884211  0.938628  0.061372           0.279900           0.354159        0.163077  0.027692   0.027692   0.861099
2250   0.35                  0.28                  230                  0.05  {'h': 1.0, 'm': 1.0, 'l': 0.0, 'e': 0.0}  0.680916  0.684049  0.686154  0.675758  0.877778  0.922744  0.077256           0.302855           0.358625        0.144615  0.036923   0.036923   0.851834
2252   0.35                  0.28                  230                  0.05  {'h': 1.0, 'm': 0.5, 'l': 0.0, 'e': 0.0}  0.680916  0.684049  0.686154  0.675758  0.877778  0.922744  0.077256           0.302855           0.358625        0.141538  0.036923   0.036923   0.851834
2253   0.35                  0.28                  230                  0.05  {'h': 1.0, 'm': 0.5, 'l': 0.5, 'e': 0.0}  0.680916  0.684049  0.686154  0.675758  0.877778  0.922744  0.077256           0.302855           0.358625        0.138462  0.036923   0.036923   0.851834
2254   0.35                  0.28                  230                  0.05  {'h': 1.0, 'm': 0.5, 'l': 0.3, 'e': 0.0}  0.680916  0.684049  0.686154  0.675758  0.877778  0.922744  0.077256           0.302855           0.358625        0.138462  0.036923   0.036923   0.851834
2255   0.35                  0.28                  230                  0.10  {'h': 1.0, 'm': 1.0, 'l': 0.0, 'e': 0.0}  0.680916  0.684049  0.686154  0.675758  0.877778  0.922744  0.077256           0.302855           0.358625        0.144615  0.036923   0.036923   0.851834
2257   0.35                  0.28                  230                  0.10  {'h': 1.0, 'm': 0.5, 'l': 0.0, 'e': 0.0}  0.680916  0.684049  0.686154  0.675758  0.877778  0.922744  0.077256           0.302855           0.358625        0.141538  0.036923   0.036923   0.851834
2258   0.35                  0.28                  230                  0.10  {'h': 1.0, 'm': 0.5, 'l': 0.5, 'e': 0.0}  0.680916  0.684049  0.686154  0.675758  0.877778  0.922744  0.077256           0.302855           0.358625        0.138462  0.036923   0.036923   0.851834
2259   0.35                  0.28                  230                  0.10  {'h': 1.0, 'm': 0.5, 'l': 0.3, 'e': 0.0}  0.680916  0.684049  0.686154  0.675758  0.877778  0.922744  0.077256           0.302855           0.358625        0.138462  0.036923   0.036923   0.851834
2260   0.35                  0.28                  230                  0.15  {'h': 1.0, 'm': 1.0, 'l': 0.0, 'e': 0.0}  0.680916  0.684049  0.686154  0.675758  0.877778  0.922744  0.077256           0.302855           0.358625        0.144615  0.036923   0.036923   0.851834
2262   0.35                  0.28                  230                  0.15  {'h': 1.0, 'm': 0.5, 'l': 0.0, 'e': 0.0}  0.680916  0.684049  0.686154  0.675758  0.877778  0.922744  0.077256           0.302855           0.358625        0.141538  0.036923   0.036923   0.851834
2263   0.35                  0.28                  230                  0.15  {'h': 1.0, 'm': 0.5, 'l': 0.5, 'e': 0.0}  0.680916  0.684049  0.686154  0.675758  0.877778  0.922744  0.077256           0.302855           0.358625        0.138462  0.036923   0.036923   0.851834
2264   0.35                  0.28                  230                  0.15  {'h': 1.0, 'm': 0.5, 'l': 0.3, 'e': 0.0}  0.680916  0.684049  0.686154  0.675758  0.877778  0.922744  0.077256           0.302855           0.358625        0.138462  0.036923   0.036923   0.851834
2265   0.35                  0.28                  230                  0.20  {'h': 1.0, 'm': 1.0, 'l': 0.0, 'e': 0.0}  0.680916  0.684049  0.686154  0.675758  0.877778  0.922744  0.077256           0.302855           0.358625        0.144615  0.036923   0.036923   0.851834
2267   0.35                  0.28                  230                  0.20  {'h': 1.0, 'm': 0.5, 'l': 0.0, 'e': 0.0}  0.680916  0.684049  0.686154  0.675758  0.877778  0.922744  0.077256           0.302855           0.358625        0.141538  0.036923   0.036923   0.851834
2268   0.35                  0.28                  230                  0.20  {'h': 1.0, 'm': 0.5, 'l': 0.5, 'e': 0.0}  0.680916  0.684049  0.686154  0.675758  0.877778  0.922744  0.077256           0.302855           0.358625        0.138462  0.036923   0.036923   0.851834
2269   0.35                  0.28                  230                  0.20  {'h': 1.0, 'm': 0.5, 'l': 0.3, 'e': 0.0}  0.680916  0.684049  0.686154  0.675758  0.877778  0.922744  0.077256           0.302855           0.358625        0.138462  0.036923   0.036923   0.851834
2270   0.35                  0.28                  230                  0.25  {'h': 1.0, 'm': 1.0, 'l': 0.0, 'e': 0.0}  0.680916  0.684049  0.686154  0.675758  0.877778  0.922744  0.077256           0.302855           0.358625        0.144615  0.036923   0.036923   0.851834
2272   0.35                  0.28                  230                  0.25  {'h': 1.0, 'm': 0.5, 'l': 0.0, 'e': 0.0}  0.680916  0.684049  0.686154  0.675758  0.877778  0.922744  0.077256           0.302855           0.358625        0.141538  0.036923   0.036923   0.851834
2273   0.35                  0.28                  230                  0.25  {'h': 1.0, 'm': 0.5, 'l': 0.5, 'e': 0.0}  0.680916  0.684049  0.686154  0.675758  0.877778  0.922744  0.077256           0.302855           0.358625        0.138462  0.036923   0.036923   0.851834
2274   0.35                  0.28                  230                  0.25  {'h': 1.0, 'm': 0.5, 'l': 0.3, 'e': 0.0}  0.680916  0.684049  0.686154  0.675758  0.877778  0.922744  0.077256           0.302855           0.358625        0.138462  0.036923   0.036923   0.851834
2275   0.35                  0.28                  230                  0.30  {'h': 1.0, 'm': 1.0, 'l': 0.0, 'e': 0.0}  0.680916  0.684049  0.686154  0.675758  0.877778  0.922744  0.077256           0.302855           0.358625        0.144615  0.036923   0.036923   0.851834
2277   0.35                  0.28                  230                  0.30  {'h': 1.0, 'm': 0.5, 'l': 0.0, 'e': 0.0}  0.680916  0.684049  0.686154  0.675758  0.877778  0.922744  0.077256           0.302855           0.358625        0.141538  0.036923   0.036923   0.851834
2278   0.35                  0.28                  230                  0.30  {'h': 1.0, 'm': 0.5, 'l': 0.5, 'e': 0.0}  0.680916  0.684049  0.686154  0.675758  0.877778  0.922744  0.077256           0.302855           0.358625        0.138462  0.036923   0.036923   0.851834
2279   0.35                  0.28                  230                  0.30  {'h': 1.0, 'm': 0.5, 'l': 0.3, 'e': 0.0}  0.680916  0.684049  0.686154  0.675758  0.877778  0.922744  0.077256           0.302855           0.358625        0.138462  0.036923   0.036923   0.851834
2251   0.35                  0.28                  230                  0.05  {'h': 1.0, 'm': 0.0, 'l': 0.0, 'e': 0.0}  0.680916  0.684049  0.686154  0.675758  0.877778  0.922744  0.077256           0.302855           0.358625        0.166154  0.030769   0.030769   0.850888
2256   0.35                  0.28                  230                  0.10  {'h': 1.0, 'm': 0.0, 'l': 0.0, 'e': 0.0}  0.680916  0.684049  0.686154  0.675758  0.877778  0.922744  0.077256           0.302855           0.358625        0.166154  0.030769   0.030769   0.850888
2261   0.35                  0.28                  230                  0.15  {'h': 1.0, 'm': 0.0, 'l': 0.0, 'e': 0.0}  0.680916  0.684049  0.686154  0.675758  0.877778  0.922744  0.077256           0.302855           0.358625        0.166154  0.030769   0.030769   0.850888
2266   0.35                  0.28                  230                  0.20  {'h': 1.0, 'm': 0.0, 'l': 0.0, 'e': 0.0}  0.680916  0.684049  0.686154  0.675758  0.877778  0.922744  0.077256           0.302855           0.358625        0.166154  0.030769   0.030769   0.850888
2271   0.35                  0.28                  230                  0.25  {'h': 1.0, 'm': 0.0, 'l': 0.0, 'e': 0.0}  0.680916  0.684049  0.686154  0.675758  0.877778  0.922744  0.077256           0.302855           0.358625        0.166154  0.030769   0.030769   0.850888
2276   0.35                  0.28                  230                  0.30  {'h': 1.0, 'm': 0.0, 'l': 0.0, 'e': 0.0}  0.680916  0.684049  0.686154  0.675758  0.877778  0.922744  0.077256           0.302855           0.358625        0.166154  0.030769   0.030769   0.850888
3581   0.30                  0.27                  240                  0.45  {'h': 1.0, 'm': 0.0, 'l': 0.0, 'e': 0.0}  0.680660  0.691230  0.698462  0.663743  0.875439  0.916968  0.083032           0.314486           0.363009        0.147692  0.033846   0.033846   0.851361
4786   0.40                  0.29                  230                  0.50  {'h': 1.0, 'm': 0.0, 'l': 0.0, 'e': 0.0}  0.680645  0.661442  0.649231  0.715254  0.884211  0.939350  0.060650           0.279900           0.354159        0.163077  0.027692   0.027692   0.861099
3531   0.30                  0.27                  230                  0.45  {'h': 1.0, 'm': 0.0, 'l': 0.0, 'e': 0.0}  0.680597  0.693009  0.701538  0.660870  0.874854  0.915523  0.084477           0.314486           0.363009        0.147692  0.033846   0.033846   0.851361
81     0.55                  0.31                  240                  0.45  {'h': 1.0, 'm': 0.0, 'l': 0.0, 'e': 0.0}  0.680535  0.694782  0.704615  0.658046  0.874269  0.914079  0.085921           0.260741           0.373716        0.172308  0.036923   0.036923   0.851834
2331   0.35                  0.28                  240                  0.45  {'h': 1.0, 'm': 0.0, 'l': 0.0, 'e': 0.0}  0.680000  0.680000  0.680000  0.680000  0.878363  0.924910  0.075090           0.302855           0.358625        0.166154  0.030769   0.030769   0.850888
136    0.55                  0.31                  220                  0.50  {'h': 1.0, 'm': 0.0, 'l': 0.0, 'e': 0.0}  0.679758  0.687233  0.692308  0.667656  0.876023  0.919134  0.080866           0.260741           0.373716        0.169231  0.036923   0.036923   0.862418
186    0.55                  0.31                  210                  0.50  {'h': 1.0, 'm': 0.0, 'l': 0.0, 'e': 0.0}  0.679699  0.689024  0.695385  0.664706  0.875439  0.917690  0.082310           0.260741           0.373716        0.169231  0.036923   0.036923   0.862418
50     0.55                  0.31                  240                  0.05  {'h': 1.0, 'm': 1.0, 'l': 0.0, 'e': 0.0}  0.679525  0.694360  0.704615  0.656160  0.873684  0.913357  0.086643           0.260741           0.373716        0.135385  0.043077   0.043077   0.852781
52     0.55                  0.31                  240                  0.05  {'h': 1.0, 'm': 0.5, 'l': 0.0, 'e': 0.0}  0.679525  0.694360  0.704615  0.656160  0.873684  0.913357  0.086643           0.260741           0.373716        0.141538  0.043077   0.043077   0.852781
53     0.55                  0.31                  240                  0.05  {'h': 1.0, 'm': 0.5, 'l': 0.5, 'e': 0.0}  0.679525  0.694360  0.704615  0.656160  0.873684  0.913357  0.086643           0.260741           0.373716        0.135385  0.043077   0.043077   0.852781
54     0.55                  0.31                  240                  0.05  {'h': 1.0, 'm': 0.5, 'l': 0.3, 'e': 0.0}  0.679525  0.694360  0.704615  0.656160  0.873684  0.913357  0.086643           0.260741           0.373716        0.138462  0.043077   0.043077   0.852781
55     0.55                  0.31                  240                  0.10  {'h': 1.0, 'm': 1.0, 'l': 0.0, 'e': 0.0}  0.679525  0.694360  0.704615  0.656160  0.873684  0.913357  0.086643           0.260741           0.373716        0.135385  0.043077   0.043077   0.852781
57     0.55                  0.31                  240                  0.10  {'h': 1.0, 'm': 0.5, 'l': 0.0, 'e': 0.0}  0.679525  0.694360  0.704615  0.656160  0.873684  0.913357  0.086643           0.260741           0.373716        0.141538  0.043077   0.043077   0.852781
58     0.55                  0.31                  240                  0.10  {'h': 1.0, 'm': 0.5, 'l': 0.5, 'e': 0.0}  0.679525  0.694360  0.704615  0.656160  0.873684  0.913357  0.086643           0.260741           0.373716        0.135385  0.043077   0.043077   0.852781
59     0.55                  0.31                  240                  0.10  {'h': 1.0, 'm': 0.5, 'l': 0.3, 'e': 0.0}  0.679525  0.694360  0.704615  0.656160  0.873684  0.913357  0.086643           0.260741           0.373716        0.138462  0.043077   0.043077   0.852781
60     0.55                  0.31                  240                  0.15  {'h': 1.0, 'm': 1.0, 'l': 0.0, 'e': 0.0}  0.679525  0.694360  0.704615  0.656160  0.873684  0.913357  0.086643           0.260741           0.373716        0.135385  0.043077   0.043077   0.852781
62     0.55                  0.31                  240                  0.15  {'h': 1.0, 'm': 0.5, 'l': 0.0, 'e': 0.0}  0.679525  0.694360  0.704615  0.656160  0.873684  0.913357  0.086643           0.260741           0.373716        0.141538  0.043077   0.043077   0.852781
63     0.55                  0.31                  240                  0.15  {'h': 1.0, 'm': 0.5, 'l': 0.5, 'e': 0.0}  0.679525  0.694360  0.704615  0.656160  0.873684  0.913357  0.086643           0.260741           0.373716        0.135385  0.043077   0.043077   0.852781
64     0.55                  0.31                  240                  0.15  {'h': 1.0, 'm': 0.5, 'l': 0.3, 'e': 0.0}  0.679525  0.694360  0.704615  0.656160  0.873684  0.913357  0.086643           0.260741           0.373716        0.138462  0.043077   0.043077   0.852781
65     0.55                  0.31                  240                  0.20  {'h': 1.0, 'm': 1.0, 'l': 0.0, 'e': 0.0}  0.679525  0.694360  0.704615  0.656160  0.873684  0.913357  0.086643           0.260741           0.373716        0.135385  0.043077   0.043077   0.852781
67     0.55                  0.31                  240                  0.20  {'h': 1.0, 'm': 0.5, 'l': 0.0, 'e': 0.0}  0.679525  0.694360  0.704615  0.656160  0.873684  0.913357  0.086643           0.260741           0.373716        0.141538  0.043077   0.043077   0.852781
68     0.55                  0.31                  240                  0.20  {'h': 1.0, 'm': 0.5, 'l': 0.5, 'e': 0.0}  0.679525  0.694360  0.704615  0.656160  0.873684  0.913357  0.086643           0.260741           0.373716        0.135385  0.043077   0.043077   0.852781
69     0.55                  0.31                  240                  0.20  {'h': 1.0, 'm': 0.5, 'l': 0.3, 'e': 0.0}  0.679525  0.694360  0.704615  0.656160  0.873684  0.913357  0.086643           0.260741           0.373716        0.138462  0.043077   0.043077   0.852781
70     0.55                  0.31                  240                  0.25  {'h': 1.0, 'm': 1.0, 'l': 0.0, 'e': 0.0}  0.679525  0.694360  0.704615  0.656160  0.873684  0.913357  0.086643           0.260741           0.373716        0.135385  0.043077   0.043077   0.852781
72     0.55                  0.31                  240                  0.25  {'h': 1.0, 'm': 0.5, 'l': 0.0, 'e': 0.0}  0.679525  0.694360  0.704615  0.656160  0.873684  0.913357  0.086643           0.260741           0.373716        0.141538  0.043077   0.043077   0.852781
73     0.55                  0.31                  240                  0.25  {'h': 1.0, 'm': 0.5, 'l': 0.5, 'e': 0.0}  0.679525  0.694360  0.704615  0.656160  0.873684  0.913357  0.086643           0.260741           0.373716        0.135385  0.043077   0.043077   0.852781
74     0.55                  0.31                  240                  0.25  {'h': 1.0, 'm': 0.5, 'l': 0.3, 'e': 0.0}  0.679525  0.694360  0.704615  0.656160  0.873684  0.913357  0.086643           0.260741           0.373716        0.138462  0.043077   0.043077   0.852781
75     0.55                  0.31                  240                  0.30  {'h': 1.0, 'm': 1.0, 'l': 0.0, 'e': 0.0}  0.679525  0.694360  0.704615  0.656160  0.873684  0.913357  0.086643           0.260741           0.373716        0.135385  0.043077   0.043077   0.852781
77     0.55                  0.31                  240                  0.30  {'h': 1.0, 'm': 0.5, 'l': 0.0, 'e': 0.0}  0.679525  0.694360  0.704615  0.656160  0.873684  0.913357  0.086643           0.260741           0.373716        0.141538  0.043077   0.043077   0.852781
78     0.55                  0.31                  240                  0.30  {'h': 1.0, 'm': 0.5, 'l': 0.5, 'e': 0.0}  0.679525  0.694360  0.704615  0.656160  0.873684  0.913357  0.086643           0.260741           0.373716        0.135385  0.043077   0.043077   0.852781
79     0.55                  0.31                  240                  0.30  {'h': 1.0, 'm': 0.5, 'l': 0.3, 'e': 0.0}  0.679525  0.694360  0.704615  0.656160  0.873684  0.913357  0.086643           0.260741           0.373716        0.138462  0.043077   0.043077   0.852781
51     0.55                  0.31                  240                  0.05  {'h': 1.0, 'm': 0.0, 'l': 0.0, 'e': 0.0}  0.679525  0.694360  0.704615  0.656160  0.873684  0.913357  0.086643           0.260741           0.373716        0.172308  0.036923   0.036923   0.851834
56     0.55                  0.31                  240                  0.10  {'h': 1.0, 'm': 0.0, 'l': 0.0, 'e': 0.0}  0.679525  0.694360  0.704615  0.656160  0.873684  0.913357  0.086643           0.260741           0.373716        0.172308  0.036923   0.036923   0.851834
61     0.55                  0.31                  240                  0.15  {'h': 1.0, 'm': 0.0, 'l': 0.0, 'e': 0.0}  0.679525  0.694360  0.704615  0.656160  0.873684  0.913357  0.086643           0.260741           0.373716        0.172308  0.036923   0.036923   0.851834
66     0.55                  0.31                  240                  0.20  {'h': 1.0, 'm': 0.0, 'l': 0.0, 'e': 0.0}  0.679525  0.694360  0.704615  0.656160  0.873684  0.913357  0.086643           0.260741           0.373716        0.172308  0.036923   0.036923   0.851834
71     0.55                  0.31                  240                  0.25  {'h': 1.0, 'm': 0.0, 'l': 0.0, 'e': 0.0}  0.679525  0.694360  0.704615  0.656160  0.873684  0.913357  0.086643           0.260741           0.373716        0.172308  0.036923   0.036923   0.851834
76     0.55                  0.31                  240                  0.30  {'h': 1.0, 'm': 0.0, 'l': 0.0, 'e': 0.0}  0.679525  0.694360  0.704615  0.656160  0.873684  0.913357  0.086643           0.260741           0.373716        0.172308  0.036923   0.036923   0.851834
2300   0.35                  0.28                  240                  0.05  {'h': 1.0, 'm': 1.0, 'l': 0.0, 'e': 0.0}  0.678955  0.679582  0.680000  0.677914  0.877778  0.924188  0.075812           0.302855           0.358625        0.144615  0.036923   0.036923   0.851834
2302   0.35                  0.28                  240                  0.05  {'h': 1.0, 'm': 0.5, 'l': 0.0, 'e': 0.0}  0.678955  0.679582  0.680000  0.677914  0.877778  0.924188  0.075812           0.302855           0.358625        0.141538  0.036923   0.036923   0.851834
2303   0.35                  0.28                  240                  0.05  {'h': 1.0, 'm': 0.5, 'l': 0.5, 'e': 0.0}  0.678955  0.679582  0.680000  0.677914  0.877778  0.924188  0.075812           0.302855           0.358625        0.138462  0.036923   0.036923   0.851834
2304   0.35                  0.28                  240                  0.05  {'h': 1.0, 'm': 0.5, 'l': 0.3, 'e': 0.0}  0.678955  0.679582  0.680000  0.677914  0.877778  0.924188  0.075812           0.302855           0.358625        0.138462  0.036923   0.036923   0.851834
2305   0.35                  0.28                  240                  0.10  {'h': 1.0, 'm': 1.0, 'l': 0.0, 'e': 0.0}  0.678955  0.679582  0.680000  0.677914  0.877778  0.924188  0.075812           0.302855           0.358625        0.144615  0.036923   0.036923   0.851834
2307   0.35                  0.28                  240                  0.10  {'h': 1.0, 'm': 0.5, 'l': 0.0, 'e': 0.0}  0.678955  0.679582  0.680000  0.677914  0.877778  0.924188  0.075812           0.302855           0.358625        0.141538  0.036923   0.036923   0.851834
2308   0.35                  0.28                  240                  0.10  {'h': 1.0, 'm': 0.5, 'l': 0.5, 'e': 0.0}  0.678955  0.679582  0.680000  0.677914  0.877778  0.924188  0.075812           0.302855           0.358625        0.138462  0.036923   0.036923   0.851834
2309   0.35                  0.28                  240                  0.10  {'h': 1.0, 'm': 0.5, 'l': 0.3, 'e': 0.0}  0.678955  0.679582  0.680000  0.677914  0.877778  0.924188  0.075812           0.302855           0.358625        0.138462  0.036923   0.036923   0.851834
2310   0.35                  0.28                  240                  0.15  {'h': 1.0, 'm': 1.0, 'l': 0.0, 'e': 0.0}  0.678955  0.679582  0.680000  0.677914  0.877778  0.924188  0.075812           0.302855           0.358625        0.144615  0.036923   0.036923   0.851834
2312   0.35                  0.28                  240                  0.15  {'h': 1.0, 'm': 0.5, 'l': 0.0, 'e': 0.0}  0.678955  0.679582  0.680000  0.677914  0.877778  0.924188  0.075812           0.302855           0.358625        0.141538  0.036923   0.036923   0.851834
2313   0.35                  0.28                  240                  0.15  {'h': 1.0, 'm': 0.5, 'l': 0.5, 'e': 0.0}  0.678955  0.679582  0.680000  0.677914  0.877778  0.924188  0.075812           0.302855           0.358625        0.138462  0.036923   0.036923   0.851834
2314   0.35                  0.28                  240                  0.15  {'h': 1.0, 'm': 0.5, 'l': 0.3, 'e': 0.0}  0.678955  0.679582  0.680000  0.677914  0.877778  0.924188  0.075812           0.302855           0.358625        0.138462  0.036923   0.036923   0.851834
2315   0.35                  0.28                  240                  0.20  {'h': 1.0, 'm': 1.0, 'l': 0.0, 'e': 0.0}  0.678955  0.679582  0.680000  0.677914  0.877778  0.924188  0.075812           0.302855           0.358625        0.144615  0.036923   0.036923   0.851834
2317   0.35                  0.28                  240                  0.20  {'h': 1.0, 'm': 0.5, 'l': 0.0, 'e': 0.0}  0.678955  0.679582  0.680000  0.677914  0.877778  0.924188  0.075812           0.302855           0.358625        0.141538  0.036923   0.036923   0.851834
2318   0.35                  0.28                  240                  0.20  {'h': 1.0, 'm': 0.5, 'l': 0.5, 'e': 0.0}  0.678955  0.679582  0.680000  0.677914  0.877778  0.924188  0.075812           0.302855           0.358625        0.138462  0.036923   0.036923   0.851834
2319   0.35                  0.28                  240                  0.20  {'h': 1.0, 'm': 0.5, 'l': 0.3, 'e': 0.0}  0.678955  0.679582  0.680000  0.677914  0.877778  0.924188  0.075812           0.302855           0.358625        0.138462  0.036923   0.036923   0.851834
2320   0.35                  0.28                  240                  0.25  {'h': 1.0, 'm': 1.0, 'l': 0.0, 'e': 0.0}  0.678955  0.679582  0.680000  0.677914  0.877778  0.924188  0.075812           0.302855           0.358625        0.144615  0.036923   0.036923   0.851834
2322   0.35                  0.28                  240                  0.25  {'h': 1.0, 'm': 0.5, 'l': 0.0, 'e': 0.0}  0.678955  0.679582  0.680000  0.677914  0.877778  0.924188  0.075812           0.302855           0.358625        0.141538  0.036923   0.036923   0.851834
2323   0.35                  0.28                  240                  0.25  {'h': 1.0, 'm': 0.5, 'l': 0.5, 'e': 0.0}  0.678955  0.679582  0.680000  0.677914  0.877778  0.924188  0.075812           0.302855           0.358625        0.138462  0.036923   0.036923   0.851834
2324   0.35                  0.28                  240                  0.25  {'h': 1.0, 'm': 0.5, 'l': 0.3, 'e': 0.0}  0.678955  0.679582  0.680000  0.677914  0.877778  0.924188  0.075812           0.302855           0.358625        0.138462  0.036923   0.036923   0.851834
2325   0.35                  0.28                  240                  0.30  {'h': 1.0, 'm': 1.0, 'l': 0.0, 'e': 0.0}  0.678955  0.679582  0.680000  0.677914  0.877778  0.924188  0.075812           0.302855           0.358625        0.144615  0.036923   0.036923   0.851834
2327   0.35                  0.28                  240                  0.30  {'h': 1.0, 'm': 0.5, 'l': 0.0, 'e': 0.0}  0.678955  0.679582  0.680000  0.677914  0.877778  0.924188  0.075812           0.302855           0.358625        0.141538  0.036923   0.036923   0.851834
2328   0.35                  0.28                  240                  0.30  {'h': 1.0, 'm': 0.5, 'l': 0.5, 'e': 0.0}  0.678955  0.679582  0.680000  0.677914  0.877778  0.924188  0.075812           0.302855           0.358625        0.138462  0.036923   0.036923   0.851834
2329   0.35                  0.28                  240                  0.30  {'h': 1.0, 'm': 0.5, 'l': 0.3, 'e': 0.0}  0.678955  0.679582  0.680000  0.677914  0.877778  0.924188  0.075812           0.302855           0.358625        0.138462  0.036923   0.036923   0.851834
2301   0.35                  0.28                  240                  0.05  {'h': 1.0, 'm': 0.0, 'l': 0.0, 'e': 0.0}  0.678955  0.679582  0.680000  0.677914  0.877778  0.924188  0.075812           0.302855           0.358625        0.166154  0.030769   0.030769   0.850888
2306   0.35                  0.28                  240                  0.10  {'h': 1.0, 'm': 0.0, 'l': 0.0, 'e': 0.0}  0.678955  0.679582  0.680000  0.677914  0.877778  0.924188  0.075812           0.302855           0.358625        0.166154  0.030769   0.030769   0.850888
2311   0.35                  0.28                  240                  0.15  {'h': 1.0, 'm': 0.0, 'l': 0.0, 'e': 0.0}  0.678955  0.679582  0.680000  0.677914  0.877778  0.924188  0.075812           0.302855           0.358625        0.166154  0.030769   0.030769   0.850888
2316   0.35                  0.28                  240                  0.20  {'h': 1.0, 'm': 0.0, 'l': 0.0, 'e': 0.0}  0.678955  0.679582  0.680000  0.677914  0.877778  0.924188  0.075812           0.302855           0.358625        0.166154  0.030769   0.030769   0.850888
2321   0.35                  0.28                  240                  0.25  {'h': 1.0, 'm': 0.0, 'l': 0.0, 'e': 0.0}  0.678955  0.679582  0.680000  0.677914  0.877778  0.924188  0.075812           0.302855           0.358625        0.166154  0.030769   0.030769   0.850888
2326   0.35                  0.28                  240                  0.30  {'h': 1.0, 'm': 0.0, 'l': 0.0, 'e': 0.0}  0.678955  0.679582  0.680000  0.677914  0.877778  0.924188  0.075812           0.302855           0.358625        0.166154  0.030769   0.030769   0.850888
4936   0.40                  0.29                  210                  0.50  {'h': 1.0, 'm': 0.0, 'l': 0.0, 'e': 0.0}  0.678344  0.664379  0.655385  0.702970  0.881871  0.935018  0.064982           0.279900           0.354159        0.163077  0.027692   0.027692   0.861099
4986   0.40                  0.29                  200                  0.50  {'h': 1.0, 'm': 0.0, 'l': 0.0, 'e': 0.0}  0.678344  0.664379  0.655385  0.702970  0.881871  0.935018  0.064982           0.279900           0.354159        0.163077  0.027692   0.027692   0.861099
236    0.55                  0.31                  200                  0.50  {'h': 1.0, 'm': 0.0, 'l': 0.0, 'e': 0.0}  0.677661  0.688185  0.695385  0.660819  0.874269  0.916245  0.083755           0.260741           0.373716        0.169231  0.036923   0.036923   0.862418
31     0.55                  0.31                  230                  0.45  {'h': 1.0, 'm': 0.0, 'l': 0.0, 'e': 0.0}  0.677515  0.693519  0.704615  0.652422  0.872515  0.911913  0.088087           0.260741           0.373716        0.172308  0.036923   0.036923   0.851834
2381   0.35                  0.28                  220                  0.45  {'h': 1.0, 'm': 0.0, 'l': 0.0, 'e': 0.0}  0.676737  0.684178  0.689231  0.664688  0.874854  0.918412  0.081588           0.302855           0.358625        0.166154  0.030769   0.030769   0.850888
3550   0.30                  0.27                  240                  0.05  {'h': 1.0, 'm': 1.0, 'l': 0.0, 'e': 0.0}  0.676602  0.689550  0.698462  0.656069  0.873099  0.914079  0.085921           0.314486           0.363009        0.144615  0.036923   0.036923   0.851834
3552   0.30                  0.27                  240                  0.05  {'h': 1.0, 'm': 0.5, 'l': 0.0, 'e': 0.0}  0.676602  0.689550  0.698462  0.656069  0.873099  0.914079  0.085921           0.314486           0.363009        0.135385  0.036923   0.036923   0.851834
3553   0.30                  0.27                  240                  0.05  {'h': 1.0, 'm': 0.5, 'l': 0.5, 'e': 0.0}  0.676602  0.689550  0.698462  0.656069  0.873099  0.914079  0.085921           0.314486           0.363009        0.138462  0.036923   0.036923   0.851834
3554   0.30                  0.27                  240                  0.05  {'h': 1.0, 'm': 0.5, 'l': 0.3, 'e': 0.0}  0.676602  0.689550  0.698462  0.656069  0.873099  0.914079  0.085921           0.314486           0.363009        0.138462  0.036923   0.036923   0.851834
3555   0.30                  0.27                  240                  0.10  {'h': 1.0, 'm': 1.0, 'l': 0.0, 'e': 0.0}  0.676602  0.689550  0.698462  0.656069  0.873099  0.914079  0.085921           0.314486           0.363009        0.144615  0.036923   0.036923   0.851834
3557   0.30                  0.27                  240                  0.10  {'h': 1.0, 'm': 0.5, 'l': 0.0, 'e': 0.0}  0.676602  0.689550  0.698462  0.656069  0.873099  0.914079  0.085921           0.314486           0.363009        0.135385  0.036923   0.036923   0.851834
3558   0.30                  0.27                  240                  0.10  {'h': 1.0, 'm': 0.5, 'l': 0.5, 'e': 0.0}  0.676602  0.689550  0.698462  0.656069  0.873099  0.914079  0.085921           0.314486           0.363009        0.138462  0.036923   0.036923   0.851834
3559   0.30                  0.27                  240                  0.10  {'h': 1.0, 'm': 0.5, 'l': 0.3, 'e': 0.0}  0.676602  0.689550  0.698462  0.656069  0.873099  0.914079  0.085921           0.314486           0.363009        0.138462  0.036923   0.036923   0.851834
3560   0.30                  0.27                  240                  0.15  {'h': 1.0, 'm': 1.0, 'l': 0.0, 'e': 0.0}  0.676602  0.689550  0.698462  0.656069  0.873099  0.914079  0.085921           0.314486           0.363009        0.144615  0.036923   0.036923   0.851834
3562   0.30                  0.27                  240                  0.15  {'h': 1.0, 'm': 0.5, 'l': 0.0, 'e': 0.0}  0.676602  0.689550  0.698462  0.656069  0.873099  0.914079  0.085921           0.314486           0.363009        0.135385  0.036923   0.036923   0.851834
3563   0.30                  0.27                  240                  0.15  {'h': 1.0, 'm': 0.5, 'l': 0.5, 'e': 0.0}  0.676602  0.689550  0.698462  0.656069  0.873099  0.914079  0.085921           0.314486           0.363009        0.138462  0.036923   0.036923   0.851834
3564   0.30                  0.27                  240                  0.15  {'h': 1.0, 'm': 0.5, 'l': 0.3, 'e': 0.0}  0.676602  0.689550  0.698462  0.656069  0.873099  0.914079  0.085921           0.314486           0.363009        0.138462  0.036923   0.036923   0.851834
3565   0.30                  0.27                  240                  0.20  {'h': 1.0, 'm': 1.0, 'l': 0.0, 'e': 0.0}  0.676602  0.689550  0.698462  0.656069  0.873099  0.914079  0.085921           0.314486           0.363009        0.144615  0.036923   0.036923   0.851834
3567   0.30                  0.27                  240                  0.20  {'h': 1.0, 'm': 0.5, 'l': 0.0, 'e': 0.0}  0.676602  0.689550  0.698462  0.656069  0.873099  0.914079  0.085921           0.314486           0.363009        0.135385  0.036923   0.036923   0.851834
3568   0.30                  0.27                  240                  0.20  {'h': 1.0, 'm': 0.5, 'l': 0.5, 'e': 0.0}  0.676602  0.689550  0.698462  0.656069  0.873099  0.914079  0.085921           0.314486           0.363009        0.138462  0.036923   0.036923   0.851834
3569   0.30                  0.27                  240                  0.20  {'h': 1.0, 'm': 0.5, 'l': 0.3, 'e': 0.0}  0.676602  0.689550  0.698462  0.656069  0.873099  0.914079  0.085921           0.314486           0.363009        0.138462  0.036923   0.036923   0.851834
3570   0.30                  0.27                  240                  0.25  {'h': 1.0, 'm': 1.0, 'l': 0.0, 'e': 0.0}  0.676602  0.689550  0.698462  0.656069  0.873099  0.914079  0.085921           0.314486           0.363009        0.144615  0.036923   0.036923   0.851834
3572   0.30                  0.27                  240                  0.25  {'h': 1.0, 'm': 0.5, 'l': 0.0, 'e': 0.0}  0.676602  0.689550  0.698462  0.656069  0.873099  0.914079  0.085921           0.314486           0.363009        0.135385  0.036923   0.036923   0.851834
3573   0.30                  0.27                  240                  0.25  {'h': 1.0, 'm': 0.5, 'l': 0.5, 'e': 0.0}  0.676602  0.689550  0.698462  0.656069  0.873099  0.914079  0.085921           0.314486           0.363009        0.138462  0.036923   0.036923   0.851834
3574   0.30                  0.27                  240                  0.25  {'h': 1.0, 'm': 0.5, 'l': 0.3, 'e': 0.0}  0.676602  0.689550  0.698462  0.656069  0.873099  0.914079  0.085921           0.314486           0.363009        0.138462  0.036923   0.036923   0.851834
3575   0.30                  0.27                  240                  0.30  {'h': 1.0, 'm': 1.0, 'l': 0.0, 'e': 0.0}  0.676602  0.689550  0.698462  0.656069  0.873099  0.914079  0.085921           0.314486           0.363009        0.144615  0.036923   0.036923   0.851834
3577   0.30                  0.27                  240                  0.30  {'h': 1.0, 'm': 0.5, 'l': 0.0, 'e': 0.0}  0.676602  0.689550  0.698462  0.656069  0.873099  0.914079  0.085921           0.314486           0.363009        0.135385  0.036923   0.036923   0.851834
3578   0.30                  0.27                  240                  0.30  {'h': 1.0, 'm': 0.5, 'l': 0.5, 'e': 0.0}  0.676602  0.689550  0.698462  0.656069  0.873099  0.914079  0.085921           0.314486           0.363009        0.138462  0.036923   0.036923   0.851834
3579   0.30                  0.27                  240                  0.30  {'h': 1.0, 'm': 0.5, 'l': 0.3, 'e': 0.0}  0.676602  0.689550  0.698462  0.656069  0.873099  0.914079  0.085921           0.314486           0.363009        0.138462  0.036923   0.036923   0.851834
3551   0.30                  0.27                  240                  0.05  {'h': 1.0, 'm': 0.0, 'l': 0.0, 'e': 0.0}  0.676602  0.689550  0.698462  0.656069  0.873099  0.914079  0.085921           0.314486           0.363009        0.147692  0.033846   0.033846   0.851361
3556   0.30                  0.27                  240                  0.10  {'h': 1.0, 'm': 0.0, 'l': 0.0, 'e': 0.0}  0.676602  0.689550  0.698462  0.656069  0.873099  0.914079  0.085921           0.314486           0.363009        0.147692  0.033846   0.033846   0.851361
3561   0.30                  0.27                  240                  0.15  {'h': 1.0, 'm': 0.0, 'l': 0.0, 'e': 0.0}  0.676602  0.689550  0.698462  0.656069  0.873099  0.914079  0.085921           0.314486           0.363009        0.147692  0.033846   0.033846   0.851361
3566   0.30                  0.27                  240                  0.20  {'h': 1.0, 'm': 0.0, 'l': 0.0, 'e': 0.0}  0.676602  0.689550  0.698462  0.656069  0.873099  0.914079  0.085921           0.314486           0.363009        0.147692  0.033846   0.033846   0.851361
3571   0.30                  0.27                  240                  0.25  {'h': 1.0, 'm': 0.0, 'l': 0.0, 'e': 0.0}  0.676602  0.689550  0.698462  0.656069  0.873099  0.914079  0.085921           0.314486           0.363009        0.147692  0.033846   0.033846   0.851361
3576   0.30                  0.27                  240                  0.30  {'h': 1.0, 'm': 0.0, 'l': 0.0, 'e': 0.0}  0.676602  0.689550  0.698462  0.656069  0.873099  0.914079  0.085921           0.314486           0.363009        0.147692  0.033846   0.033846   0.851361
3500   0.30                  0.27                  230                  0.05  {'h': 1.0, 'm': 1.0, 'l': 0.0, 'e': 0.0}  0.676558  0.691328  0.701538  0.653295  0.872515  0.912635  0.087365           0.314486           0.363009        0.144615  0.036923   0.036923   0.851834
3502   0.30                  0.27                  230                  0.05  {'h': 1.0, 'm': 0.5, 'l': 0.0, 'e': 0.0}  0.676558  0.691328  0.701538  0.653295  0.872515  0.912635  0.087365           0.314486           0.363009        0.135385  0.036923   0.036923   0.851834
3503   0.30                  0.27                  230                  0.05  {'h': 1.0, 'm': 0.5, 'l': 0.5, 'e': 0.0}  0.676558  0.691328  0.701538  0.653295  0.872515  0.912635  0.087365           0.314486           0.363009        0.138462  0.036923   0.036923   0.851834
3504   0.30                  0.27                  230                  0.05  {'h': 1.0, 'm': 0.5, 'l': 0.3, 'e': 0.0}  0.676558  0.691328  0.701538  0.653295  0.872515  0.912635  0.087365           0.314486           0.363009        0.138462  0.036923   0.036923   0.851834
3505   0.30                  0.27                  230                  0.10  {'h': 1.0, 'm': 1.0, 'l': 0.0, 'e': 0.0}  0.676558  0.691328  0.701538  0.653295  0.872515  0.912635  0.087365           0.314486           0.363009        0.144615  0.036923   0.036923   0.851834
3507   0.30                  0.27                  230                  0.10  {'h': 1.0, 'm': 0.5, 'l': 0.0, 'e': 0.0}  0.676558  0.691328  0.701538  0.653295  0.872515  0.912635  0.087365           0.314486           0.363009        0.135385  0.036923   0.036923   0.851834
3508   0.30                  0.27                  230                  0.10  {'h': 1.0, 'm': 0.5, 'l': 0.5, 'e': 0.0}  0.676558  0.691328  0.701538  0.653295  0.872515  0.912635  0.087365           0.314486           0.363009        0.138462  0.036923   0.036923   0.851834
3509   0.30                  0.27                  230                  0.10  {'h': 1.0, 'm': 0.5, 'l': 0.3, 'e': 0.0}  0.676558  0.691328  0.701538  0.653295  0.872515  0.912635  0.087365           0.314486           0.363009        0.138462  0.036923   0.036923   0.851834
3510   0.30                  0.27                  230                  0.15  {'h': 1.0, 'm': 1.0, 'l': 0.0, 'e': 0.0}  0.676558  0.691328  0.701538  0.653295  0.872515  0.912635  0.087365           0.314486           0.363009        0.144615  0.036923   0.036923   0.851834
3512   0.30                  0.27                  230                  0.15  {'h': 1.0, 'm': 0.5, 'l': 0.0, 'e': 0.0}  0.676558  0.691328  0.701538  0.653295  0.872515  0.912635  0.087365           0.314486           0.363009        0.135385  0.036923   0.036923   0.851834
3513   0.30                  0.27                  230                  0.15  {'h': 1.0, 'm': 0.5, 'l': 0.5, 'e': 0.0}  0.676558  0.691328  0.701538  0.653295  0.872515  0.912635  0.087365           0.314486           0.363009        0.138462  0.036923   0.036923   0.851834
3514   0.30                  0.27                  230                  0.15  {'h': 1.0, 'm': 0.5, 'l': 0.3, 'e': 0.0}  0.676558  0.691328  0.701538  0.653295  0.872515  0.912635  0.087365           0.314486           0.363009        0.138462  0.036923   0.036923   0.851834
3515   0.30                  0.27                  230                  0.20  {'h': 1.0, 'm': 1.0, 'l': 0.0, 'e': 0.0}  0.676558  0.691328  0.701538  0.653295  0.872515  0.912635  0.087365           0.314486           0.363009        0.144615  0.036923   0.036923   0.851834
3517   0.30                  0.27                  230                  0.20  {'h': 1.0, 'm': 0.5, 'l': 0.0, 'e': 0.0}  0.676558  0.691328  0.701538  0.653295  0.872515  0.912635  0.087365           0.314486           0.363009        0.135385  0.036923   0.036923   0.851834
3518   0.30                  0.27                  230                  0.20  {'h': 1.0, 'm': 0.5, 'l': 0.5, 'e': 0.0}  0.676558  0.691328  0.701538  0.653295  0.872515  0.912635  0.087365           0.314486           0.363009        0.138462  0.036923   0.036923   0.851834
3519   0.30                  0.27                  230                  0.20  {'h': 1.0, 'm': 0.5, 'l': 0.3, 'e': 0.0}  0.676558  0.691328  0.701538  0.653295  0.872515  0.912635  0.087365           0.314486           0.363009        0.138462  0.036923   0.036923   0.851834
3520   0.30                  0.27                  230                  0.25  {'h': 1.0, 'm': 1.0, 'l': 0.0, 'e': 0.0}  0.676558  0.691328  0.701538  0.653295  0.872515  0.912635  0.087365           0.314486           0.363009        0.144615  0.036923   0.036923   0.851834
3522   0.30                  0.27                  230                  0.25  {'h': 1.0, 'm': 0.5, 'l': 0.0, 'e': 0.0}  0.676558  0.691328  0.701538  0.653295  0.872515  0.912635  0.087365           0.314486           0.363009        0.135385  0.036923   0.036923   0.851834
3523   0.30                  0.27                  230                  0.25  {'h': 1.0, 'm': 0.5, 'l': 0.5, 'e': 0.0}  0.676558  0.691328  0.701538  0.653295  0.872515  0.912635  0.087365           0.314486           0.363009        0.138462  0.036923   0.036923   0.851834
3524   0.30                  0.27                  230                  0.25  {'h': 1.0, 'm': 0.5, 'l': 0.3, 'e': 0.0}  0.676558  0.691328  0.701538  0.653295  0.872515  0.912635  0.087365           0.314486           0.363009        0.138462  0.036923   0.036923   0.851834
3525   0.30                  0.27                  230                  0.30  {'h': 1.0, 'm': 1.0, 'l': 0.0, 'e': 0.0}  0.676558  0.691328  0.701538  0.653295  0.872515  0.912635  0.087365           0.314486           0.363009        0.144615  0.036923   0.036923   0.851834
3527   0.30                  0.27                  230                  0.30  {'h': 1.0, 'm': 0.5, 'l': 0.0, 'e': 0.0}  0.676558  0.691328  0.701538  0.653295  0.872515  0.912635  0.087365           0.314486           0.363009        0.135385  0.036923   0.036923   0.851834
3528   0.30                  0.27                  230                  0.30  {'h': 1.0, 'm': 0.5, 'l': 0.5, 'e': 0.0}  0.676558  0.691328  0.701538  0.653295  0.872515  0.912635  0.087365           0.314486           0.363009        0.138462  0.036923   0.036923   0.851834
3529   0.30                  0.27                  230                  0.30  {'h': 1.0, 'm': 0.5, 'l': 0.3, 'e': 0.0}  0.676558  0.691328  0.701538  0.653295  0.872515  0.912635  0.087365           0.314486           0.363009        0.138462  0.036923   0.036923   0.851834
3501   0.30                  0.27                  230                  0.05  {'h': 1.0, 'm': 0.0, 'l': 0.0, 'e': 0.0}  0.676558  0.691328  0.701538  0.653295  0.872515  0.912635  0.087365           0.314486           0.363009        0.147692  0.033846   0.033846   0.851361
3506   0.30                  0.27                  230                  0.10  {'h': 1.0, 'm': 0.0, 'l': 0.0, 'e': 0.0}  0.676558  0.691328  0.701538  0.653295  0.872515  0.912635  0.087365           0.314486           0.363009        0.147692  0.033846   0.033846   0.851361
3511   0.30                  0.27                  230                  0.15  {'h': 1.0, 'm': 0.0, 'l': 0.0, 'e': 0.0}  0.676558  0.691328  0.701538  0.653295  0.872515  0.912635  0.087365           0.314486           0.363009        0.147692  0.033846   0.033846   0.851361
3516   0.30                  0.27                  230                  0.20  {'h': 1.0, 'm': 0.0, 'l': 0.0, 'e': 0.0}  0.676558  0.691328  0.701538  0.653295  0.872515  0.912635  0.087365           0.314486           0.363009        0.147692  0.033846   0.033846   0.851361
3521   0.30                  0.27                  230                  0.25  {'h': 1.0, 'm': 0.0, 'l': 0.0, 'e': 0.0}  0.676558  0.691328  0.701538  0.653295  0.872515  0.912635  0.087365           0.314486           0.363009        0.147692  0.033846   0.033846   0.851361
3526   0.30                  0.27                  230                  0.30  {'h': 1.0, 'm': 0.0, 'l': 0.0, 'e': 0.0}  0.676558  0.691328  0.701538  0.653295  0.872515  0.912635  0.087365           0.314486           0.363009        0.147692  0.033846   0.033846   0.851361
0      0.55                  0.31                  230                  0.05  {'h': 1.0, 'm': 1.0, 'l': 0.0, 'e': 0.0}  0.676514  0.693099  0.704615  0.650568  0.871930  0.911191  0.088809           0.260741           0.373716        0.135385  0.043077   0.043077   0.852781
2      0.55                  0.31                  230                  0.05  {'h': 1.0, 'm': 0.5, 'l': 0.0, 'e': 0.0}  0.676514  0.693099  0.704615  0.650568  0.871930  0.911191  0.088809           0.260741           0.373716        0.141538  0.043077   0.043077   0.852781
3      0.55                  0.31                  230                  0.05  {'h': 1.0, 'm': 0.5, 'l': 0.5, 'e': 0.0}  0.676514  0.693099  0.704615  0.650568  0.871930  0.911191  0.088809           0.260741           0.373716        0.135385  0.043077   0.043077   0.852781
4      0.55                  0.31                  230                  0.05  {'h': 1.0, 'm': 0.5, 'l': 0.3, 'e': 0.0}  0.676514  0.693099  0.704615  0.650568  0.871930  0.911191  0.088809           0.260741           0.373716        0.138462  0.043077   0.043077   0.852781
5      0.55                  0.31                  230                  0.10  {'h': 1.0, 'm': 1.0, 'l': 0.0, 'e': 0.0}  0.676514  0.693099  0.704615  0.650568  0.871930  0.911191  0.088809           0.260741           0.373716        0.135385  0.043077   0.043077   0.852781
7      0.55                  0.31                  230                  0.10  {'h': 1.0, 'm': 0.5, 'l': 0.0, 'e': 0.0}  0.676514  0.693099  0.704615  0.650568  0.871930  0.911191  0.088809           0.260741           0.373716        0.141538  0.043077   0.043077   0.852781
8      0.55                  0.31                  230                  0.10  {'h': 1.0, 'm': 0.5, 'l': 0.5, 'e': 0.0}  0.676514  0.693099  0.704615  0.650568  0.871930  0.911191  0.088809           0.260741           0.373716        0.135385  0.043077   0.043077   0.852781
9      0.55                  0.31                  230                  0.10  {'h': 1.0, 'm': 0.5, 'l': 0.3, 'e': 0.0}  0.676514  0.693099  0.704615  0.650568  0.871930  0.911191  0.088809           0.260741           0.373716        0.138462  0.043077   0.043077   0.852781
10     0.55                  0.31                  230                  0.15  {'h': 1.0, 'm': 1.0, 'l': 0.0, 'e': 0.0}  0.676514  0.693099  0.704615  0.650568  0.871930  0.911191  0.088809           0.260741           0.373716        0.135385  0.043077   0.043077   0.852781
12     0.55                  0.31                  230                  0.15  {'h': 1.0, 'm': 0.5, 'l': 0.0, 'e': 0.0}  0.676514  0.693099  0.704615  0.650568  0.871930  0.911191  0.088809           0.260741           0.373716        0.141538  0.043077   0.043077   0.852781
13     0.55                  0.31                  230                  0.15  {'h': 1.0, 'm': 0.5, 'l': 0.5, 'e': 0.0}  0.676514  0.693099  0.704615  0.650568  0.871930  0.911191  0.088809           0.260741           0.373716        0.135385  0.043077   0.043077   0.852781
14     0.55                  0.31                  230                  0.15  {'h': 1.0, 'm': 0.5, 'l': 0.3, 'e': 0.0}  0.676514  0.693099  0.704615  0.650568  0.871930  0.911191  0.088809           0.260741           0.373716        0.138462  0.043077   0.043077   0.852781
15     0.55                  0.31                  230                  0.20  {'h': 1.0, 'm': 1.0, 'l': 0.0, 'e': 0.0}  0.676514  0.693099  0.704615  0.650568  0.871930  0.911191  0.088809           0.260741           0.373716        0.135385  0.043077   0.043077   0.852781
17     0.55                  0.31                  230                  0.20  {'h': 1.0, 'm': 0.5, 'l': 0.0, 'e': 0.0}  0.676514  0.693099  0.704615  0.650568  0.871930  0.911191  0.088809           0.260741           0.373716        0.141538  0.043077   0.043077   0.852781
18     0.55                  0.31                  230                  0.20  {'h': 1.0, 'm': 0.5, 'l': 0.5, 'e': 0.0}  0.676514  0.693099  0.704615  0.650568  0.871930  0.911191  0.088809           0.260741           0.373716        0.135385  0.043077   0.043077   0.852781
19     0.55                  0.31                  230                  0.20  {'h': 1.0, 'm': 0.5, 'l': 0.3, 'e': 0.0}  0.676514  0.693099  0.704615  0.650568  0.871930  0.911191  0.088809           0.260741           0.373716        0.138462  0.043077   0.043077   0.852781
20     0.55                  0.31                  230                  0.25  {'h': 1.0, 'm': 1.0, 'l': 0.0, 'e': 0.0}  0.676514  0.693099  0.704615  0.650568  0.871930  0.911191  0.088809           0.260741           0.373716        0.135385  0.043077   0.043077   0.852781
22     0.55                  0.31                  230                  0.25  {'h': 1.0, 'm': 0.5, 'l': 0.0, 'e': 0.0}  0.676514  0.693099  0.704615  0.650568  0.871930  0.911191  0.088809           0.260741           0.373716        0.141538  0.043077   0.043077   0.852781
23     0.55                  0.31                  230                  0.25  {'h': 1.0, 'm': 0.5, 'l': 0.5, 'e': 0.0}  0.676514  0.693099  0.704615  0.650568  0.871930  0.911191  0.088809           0.260741           0.373716        0.135385  0.043077   0.043077   0.852781
24     0.55                  0.31                  230                  0.25  {'h': 1.0, 'm': 0.5, 'l': 0.3, 'e': 0.0}  0.676514  0.693099  0.704615  0.650568  0.871930  0.911191  0.088809           0.260741           0.373716        0.138462  0.043077   0.043077   0.852781
25     0.55                  0.31                  230                  0.30  {'h': 1.0, 'm': 1.0, 'l': 0.0, 'e': 0.0}  0.676514  0.693099  0.704615  0.650568  0.871930  0.911191  0.088809           0.260741           0.373716        0.135385  0.043077   0.043077   0.852781
27     0.55                  0.31                  230                  0.30  {'h': 1.0, 'm': 0.5, 'l': 0.0, 'e': 0.0}  0.676514  0.693099  0.704615  0.650568  0.871930  0.911191  0.088809           0.260741           0.373716        0.141538  0.043077   0.043077   0.852781
28     0.55                  0.31                  230                  0.30  {'h': 1.0, 'm': 0.5, 'l': 0.5, 'e': 0.0}  0.676514  0.693099  0.704615  0.650568  0.871930  0.911191  0.088809           0.260741           0.373716        0.135385  0.043077   0.043077   0.852781
29     0.55                  0.31                  230                  0.30  {'h': 1.0, 'm': 0.5, 'l': 0.3, 'e': 0.0}  0.676514  0.693099  0.704615  0.650568  0.871930  0.911191  0.088809           0.260741           0.373716        0.138462  0.043077   0.043077   0.852781
1      0.55                  0.31                  230                  0.05  {'h': 1.0, 'm': 0.0, 'l': 0.0, 'e': 0.0}  0.676514  0.693099  0.704615  0.650568  0.871930  0.911191  0.088809           0.260741           0.373716        0.172308  0.036923   0.036923   0.851834
6      0.55                  0.31                  230                  0.10  {'h': 1.0, 'm': 0.0, 'l': 0.0, 'e': 0.0}  0.676514  0.693099  0.704615  0.650568  0.871930  0.911191  0.088809           0.260741           0.373716        0.172308  0.036923   0.036923   0.851834
11     0.55                  0.31                  230                  0.15  {'h': 1.0, 'm': 0.0, 'l': 0.0, 'e': 0.0}  0.676514  0.693099  0.704615  0.650568  0.871930  0.911191  0.088809           0.260741           0.373716        0.172308  0.036923   0.036923   0.851834
16     0.55                  0.31                  230                  0.20  {'h': 1.0, 'm': 0.0, 'l': 0.0, 'e': 0.0}  0.676514  0.693099  0.704615  0.650568  0.871930  0.911191  0.088809           0.260741           0.373716        0.172308  0.036923   0.036923   0.851834
21     0.55                  0.31                  230                  0.25  {'h': 1.0, 'm': 0.0, 'l': 0.0, 'e': 0.0}  0.676514  0.693099  0.704615  0.650568  0.871930  0.911191  0.088809           0.260741           0.373716        0.172308  0.036923   0.036923   0.851834
26     0.55                  0.31                  230                  0.30  {'h': 1.0, 'm': 0.0, 'l': 0.0, 'e': 0.0}  0.676514  0.693099  0.704615  0.650568  0.871930  0.911191  0.088809           0.260741           0.373716        0.172308  0.036923   0.036923   0.851834
2350   0.35                  0.28                  220                  0.05  {'h': 1.0, 'm': 1.0, 'l': 0.0, 'e': 0.0}  0.675716  0.683761  0.689231  0.662722  0.874269  0.917690  0.082310           0.302855           0.358625        0.144615  0.036923   0.036923   0.851834
2352   0.35                  0.28                  220                  0.05  {'h': 1.0, 'm': 0.5, 'l': 0.0, 'e': 0.0}  0.675716  0.683761  0.689231  0.662722  0.874269  0.917690  0.082310           0.302855           0.358625        0.141538  0.036923   0.036923   0.851834
2353   0.35                  0.28                  220                  0.05  {'h': 1.0, 'm': 0.5, 'l': 0.5, 'e': 0.0}  0.675716  0.683761  0.689231  0.662722  0.874269  0.917690  0.082310           0.302855           0.358625        0.138462  0.036923   0.036923   0.851834
2354   0.35                  0.28                  220                  0.05  {'h': 1.0, 'm': 0.5, 'l': 0.3, 'e': 0.0}  0.675716  0.683761  0.689231  0.662722  0.874269  0.917690  0.082310           0.302855           0.358625        0.138462  0.036923   0.036923   0.851834
2355   0.35                  0.28                  220                  0.10  {'h': 1.0, 'm': 1.0, 'l': 0.0, 'e': 0.0}  0.675716  0.683761  0.689231  0.662722  0.874269  0.917690  0.082310           0.302855           0.358625        0.144615  0.036923   0.036923   0.851834
2357   0.35                  0.28                  220                  0.10  {'h': 1.0, 'm': 0.5, 'l': 0.0, 'e': 0.0}  0.675716  0.683761  0.689231  0.662722  0.874269  0.917690  0.082310           0.302855           0.358625        0.141538  0.036923   0.036923   0.851834
2358   0.35                  0.28                  220                  0.10  {'h': 1.0, 'm': 0.5, 'l': 0.5, 'e': 0.0}  0.675716  0.683761  0.689231  0.662722  0.874269  0.917690  0.082310           0.302855           0.358625        0.138462  0.036923   0.036923   0.851834
2359   0.35                  0.28                  220                  0.10  {'h': 1.0, 'm': 0.5, 'l': 0.3, 'e': 0.0}  0.675716  0.683761  0.689231  0.662722  0.874269  0.917690  0.082310           0.302855           0.358625        0.138462  0.036923   0.036923   0.851834
2360   0.35                  0.28                  220                  0.15  {'h': 1.0, 'm': 1.0, 'l': 0.0, 'e': 0.0}  0.675716  0.683761  0.689231  0.662722  0.874269  0.917690  0.082310           0.302855           0.358625        0.144615  0.036923   0.036923   0.851834
2362   0.35                  0.28                  220                  0.15  {'h': 1.0, 'm': 0.5, 'l': 0.0, 'e': 0.0}  0.675716  0.683761  0.689231  0.662722  0.874269  0.917690  0.082310           0.302855           0.358625        0.141538  0.036923   0.036923   0.851834
2363   0.35                  0.28                  220                  0.15  {'h': 1.0, 'm': 0.5, 'l': 0.5, 'e': 0.0}  0.675716  0.683761  0.689231  0.662722  0.874269  0.917690  0.082310           0.302855           0.358625        0.138462  0.036923   0.036923   0.851834
2364   0.35                  0.28                  220                  0.15  {'h': 1.0, 'm': 0.5, 'l': 0.3, 'e': 0.0}  0.675716  0.683761  0.689231  0.662722  0.874269  0.917690  0.082310           0.302855           0.358625        0.138462  0.036923   0.036923   0.851834
2365   0.35                  0.28                  220                  0.20  {'h': 1.0, 'm': 1.0, 'l': 0.0, 'e': 0.0}  0.675716  0.683761  0.689231  0.662722  0.874269  0.917690  0.082310           0.302855           0.358625        0.144615  0.036923   0.036923   0.851834
2367   0.35                  0.28                  220                  0.20  {'h': 1.0, 'm': 0.5, 'l': 0.0, 'e': 0.0}  0.675716  0.683761  0.689231  0.662722  0.874269  0.917690  0.082310           0.302855           0.358625        0.141538  0.036923   0.036923   0.851834
2368   0.35                  0.28                  220                  0.20  {'h': 1.0, 'm': 0.5, 'l': 0.5, 'e': 0.0}  0.675716  0.683761  0.689231  0.662722  0.874269  0.917690  0.082310           0.302855           0.358625        0.138462  0.036923   0.036923   0.851834
2369   0.35                  0.28                  220                  0.20  {'h': 1.0, 'm': 0.5, 'l': 0.3, 'e': 0.0}  0.675716  0.683761  0.689231  0.662722  0.874269  0.917690  0.082310           0.302855           0.358625        0.138462  0.036923   0.036923   0.851834
2370   0.35                  0.28                  220                  0.25  {'h': 1.0, 'm': 1.0, 'l': 0.0, 'e': 0.0}  0.675716  0.683761  0.689231  0.662722  0.874269  0.917690  0.082310           0.302855           0.358625        0.144615  0.036923   0.036923   0.851834
2372   0.35                  0.28                  220                  0.25  {'h': 1.0, 'm': 0.5, 'l': 0.0, 'e': 0.0}  0.675716  0.683761  0.689231  0.662722  0.874269  0.917690  0.082310           0.302855           0.358625        0.141538  0.036923   0.036923   0.851834
2373   0.35                  0.28                  220                  0.25  {'h': 1.0, 'm': 0.5, 'l': 0.5, 'e': 0.0}  0.675716  0.683761  0.689231  0.662722  0.874269  0.917690  0.082310           0.302855           0.358625        0.138462  0.036923   0.036923   0.851834
2374   0.35                  0.28                  220                  0.25  {'h': 1.0, 'm': 0.5, 'l': 0.3, 'e': 0.0}  0.675716  0.683761  0.689231  0.662722  0.874269  0.917690  0.082310           0.302855           0.358625        0.138462  0.036923   0.036923   0.851834
2375   0.35                  0.28                  220                  0.30  {'h': 1.0, 'm': 1.0, 'l': 0.0, 'e': 0.0}  0.675716  0.683761  0.689231  0.662722  0.874269  0.917690  0.082310           0.302855           0.358625        0.144615  0.036923   0.036923   0.851834
2377   0.35                  0.28                  220                  0.30  {'h': 1.0, 'm': 0.5, 'l': 0.0, 'e': 0.0}  0.675716  0.683761  0.689231  0.662722  0.874269  0.917690  0.082310           0.302855           0.358625        0.141538  0.036923   0.036923   0.851834
2378   0.35                  0.28                  220                  0.30  {'h': 1.0, 'm': 0.5, 'l': 0.5, 'e': 0.0}  0.675716  0.683761  0.689231  0.662722  0.874269  0.917690  0.082310           0.302855           0.358625        0.138462  0.036923   0.036923   0.851834
2379   0.35                  0.28                  220                  0.30  {'h': 1.0, 'm': 0.5, 'l': 0.3, 'e': 0.0}  0.675716  0.683761  0.689231  0.662722  0.874269  0.917690  0.082310           0.302855           0.358625        0.138462  0.036923   0.036923   0.851834
2351   0.35                  0.28                  220                  0.05  {'h': 1.0, 'm': 0.0, 'l': 0.0, 'e': 0.0}  0.675716  0.683761  0.689231  0.662722  0.874269  0.917690  0.082310           0.302855           0.358625        0.166154  0.030769   0.030769   0.850888
2356   0.35                  0.28                  220                  0.10  {'h': 1.0, 'm': 0.0, 'l': 0.0, 'e': 0.0}  0.675716  0.683761  0.689231  0.662722  0.874269  0.917690  0.082310           0.302855           0.358625        0.166154  0.030769   0.030769   0.850888
2361   0.35                  0.28                  220                  0.15  {'h': 1.0, 'm': 0.0, 'l': 0.0, 'e': 0.0}  0.675716  0.683761  0.689231  0.662722  0.874269  0.917690  0.082310           0.302855           0.358625        0.166154  0.030769   0.030769   0.850888
2366   0.35                  0.28                  220                  0.20  {'h': 1.0, 'm': 0.0, 'l': 0.0, 'e': 0.0}  0.675716  0.683761  0.689231  0.662722  0.874269  0.917690  0.082310           0.302855           0.358625        0.166154  0.030769   0.030769   0.850888
2371   0.35                  0.28                  220                  0.25  {'h': 1.0, 'm': 0.0, 'l': 0.0, 'e': 0.0}  0.675716  0.683761  0.689231  0.662722  0.874269  0.917690  0.082310           0.302855           0.358625        0.166154  0.030769   0.030769   0.850888
2376   0.35                  0.28                  220                  0.30  {'h': 1.0, 'm': 0.0, 'l': 0.0, 'e': 0.0}  0.675716  0.683761  0.689231  0.662722  0.874269  0.917690  0.082310           0.302855           0.358625        0.166154  0.030769   0.030769   0.850888
82     0.55                  0.31                  240                  0.45  {'h': 1.0, 'm': 0.5, 'l': 0.0, 'e': 0.0}  0.675635  0.687348  0.695385  0.656977  0.873099  0.914801  0.085199           0.260741           0.373716        0.141538  0.043077   0.043077   0.863297
83     0.55                  0.31                  240                  0.45  {'h': 1.0, 'm': 0.5, 'l': 0.5, 'e': 0.0}  0.673653  0.684723  0.692308  0.655977  0.872515  0.914801  0.085199           0.260741           0.373716        0.135385  0.043077   0.043077   0.863297
84     0.55                  0.31                  240                  0.45  {'h': 1.0, 'm': 0.5, 'l': 0.3, 'e': 0.0}  0.673653  0.684723  0.692308  0.655977  0.872515  0.914801  0.085199           0.260741           0.373716        0.138462  0.043077   0.043077   0.863297
2431   0.35                  0.28                  210                  0.45  {'h': 1.0, 'm': 0.0, 'l': 0.0, 'e': 0.0}  0.673653  0.684723  0.692308  0.655977  0.872515  0.914801  0.085199           0.302855           0.358625        0.166154  0.030769   0.030769   0.850888
2481   0.35                  0.28                  200                  0.45  {'h': 1.0, 'm': 0.0, 'l': 0.0, 'e': 0.0}  0.673621  0.686513  0.695385  0.653179  0.871930  0.913357  0.086643           0.302855           0.358625        0.166154  0.030769   0.030769   0.850888
3631   0.30                  0.27                  220                  0.45  {'h': 1.0, 'm': 0.0, 'l': 0.0, 'e': 0.0}  0.673560  0.690073  0.701538  0.647727  0.870760  0.910469  0.089531           0.314486           0.363009        0.147692  0.033846   0.033846   0.851361
131    0.55                  0.31                  220                  0.45  {'h': 1.0, 'm': 0.0, 'l': 0.0, 'e': 0.0}  0.673499  0.693607  0.707692  0.642458  0.869591  0.907581  0.092419           0.260741           0.373716        0.172308  0.036923   0.036923   0.851834
181    0.55                  0.31                  210                  0.45  {'h': 1.0, 'm': 0.0, 'l': 0.0, 'e': 0.0}  0.673469  0.695364  0.710769  0.639889  0.869006  0.906137  0.093863           0.260741           0.373716        0.172308  0.036923   0.036923   0.851834
2400   0.35                  0.28                  210                  0.05  {'h': 1.0, 'm': 1.0, 'l': 0.0, 'e': 0.0}  0.672646  0.684307  0.692308  0.654070  0.871930  0.914079  0.085921           0.302855           0.358625        0.144615  0.036923   0.036923   0.851834
2402   0.35                  0.28                  210                  0.05  {'h': 1.0, 'm': 0.5, 'l': 0.0, 'e': 0.0}  0.672646  0.684307  0.692308  0.654070  0.871930  0.914079  0.085921           0.302855           0.358625        0.141538  0.036923   0.036923   0.851834
2403   0.35                  0.28                  210                  0.05  {'h': 1.0, 'm': 0.5, 'l': 0.5, 'e': 0.0}  0.672646  0.684307  0.692308  0.654070  0.871930  0.914079  0.085921           0.302855           0.358625        0.138462  0.036923   0.036923   0.851834
2404   0.35                  0.28                  210                  0.05  {'h': 1.0, 'm': 0.5, 'l': 0.3, 'e': 0.0}  0.672646  0.684307  0.692308  0.654070  0.871930  0.914079  0.085921           0.302855           0.358625        0.138462  0.036923   0.036923   0.851834
2405   0.35                  0.28                  210                  0.10  {'h': 1.0, 'm': 1.0, 'l': 0.0, 'e': 0.0}  0.672646  0.684307  0.692308  0.654070  0.871930  0.914079  0.085921           0.302855           0.358625        0.144615  0.036923   0.036923   0.851834
2407   0.35                  0.28                  210                  0.10  {'h': 1.0, 'm': 0.5, 'l': 0.0, 'e': 0.0}  0.672646  0.684307  0.692308  0.654070  0.871930  0.914079  0.085921           0.302855           0.358625        0.141538  0.036923   0.036923   0.851834

Full result output for the best combination:
                 #Examples   TP   FP    TN  FN       ACC       FNR       TNR       FPR       TPR      Prec        F1        F2  AVG # affected
Component                                                                                                                                     
no_failure            1385    0  121  1264   0  0.912635       NaN  0.912635  0.087365       NaN  0.000000       NaN       NaN       47.511913
txt15_i1                 5    3    0     0   2  0.600000  0.400000       NaN       NaN  0.600000  1.000000  0.750000  0.652174      230.800000
txt15_i3                 5    0    0     0   5  0.000000  1.000000       NaN       NaN  0.000000       NaN       NaN       NaN       12.200000
txt15_conveyor           3    3    0     0   0  1.000000  0.000000       NaN       NaN  1.000000  1.000000  1.000000  1.000000      431.000000
txt15_m1               160  158    0     0   2  0.987500  0.012500       NaN       NaN  0.987500  1.000000  0.993711  0.989975      435.531250
txt15_pl                 9    5    0     0   4  0.555556  0.444444       NaN       NaN  0.555556  1.000000  0.714286  0.609756      258.666667
txt16_i3                 4    0    0     0   4  0.000000  1.000000       NaN       NaN  0.000000       NaN       NaN       NaN        0.000000
txt16_conveyor           8    2    0     0   6  0.250000  0.750000       NaN       NaN  0.250000  1.000000  0.400000  0.294118      119.500000
txt16_m3                65   56    0     0   9  0.861538  0.138462       NaN       NaN  0.861538  1.000000  0.925620  0.886076      359.661538
txt16_turntable          2    0    0     0   2  0.000000  1.000000       NaN       NaN  0.000000       NaN       NaN       NaN        0.000000
txt17_i1                16    1    0     0  15  0.062500  0.937500       NaN       NaN  0.062500  1.000000  0.117647  0.076923       24.625000
txt17_pl                14    0    0     0  14  0.000000  1.000000       NaN       NaN  0.000000       NaN       NaN       NaN        0.000000
txt18_pl                28    0    0     0  28  0.000000  1.000000       NaN       NaN  0.000000       NaN       NaN       NaN       21.357143
txt19_i4                 6    0    0     0   6  0.000000  1.000000       NaN       NaN  0.000000       NaN       NaN       NaN        0.000000
combined              1710  228  121  1264  97  0.872515  0.298462  0.912635  0.087365  0.701538  0.653295  0.676558  0.691328       96.871930

                 #Examples   TP  FP    TN  FN       ACC       FNR       TNR       FPR       TPR      Prec        F1        F2  AVG # affected
Component                                                                                                                                    
no_failure            1385    0  91  1294   0  0.934296       NaN  0.934296  0.065704       NaN  0.000000       NaN       NaN       47.511913
txt15_i1                 5    3   0     0   2  0.600000  0.400000       NaN       NaN  0.600000  1.000000  0.750000  0.652174      230.800000
txt15_i3                 5    0   0     0   5  0.000000  1.000000       NaN       NaN  0.000000       NaN       NaN       NaN       12.200000
txt15_conveyor           3    3   0     0   0  1.000000  0.000000       NaN       NaN  1.000000  1.000000  1.000000  1.000000      431.000000
txt15_m1               160  158   0     0   2  0.987500  0.012500       NaN       NaN  0.987500  1.000000  0.993711  0.989975      435.531250
txt15_pl                 9    5   0     0   4  0.555556  0.444444       NaN       NaN  0.555556  1.000000  0.714286  0.609756      258.666667
txt16_i3                 4    0   0     0   4  0.000000  1.000000       NaN       NaN  0.000000       NaN       NaN       NaN        0.000000
txt16_conveyor           8    2   0     0   6  0.250000  0.750000       NaN       NaN  0.250000  1.000000  0.400000  0.294118      119.500000
txt16_m3                65   56   0     0   9  0.861538  0.138462       NaN       NaN  0.861538  1.000000  0.925620  0.886076      359.661538
txt16_turntable          2    0   0     0   2  0.000000  1.000000       NaN       NaN  0.000000       NaN       NaN       NaN        0.000000
txt17_i1                16    0   0     0  16  0.000000  1.000000       NaN       NaN  0.000000       NaN       NaN       NaN       24.625000
txt17_pl                14    0   0     0  14  0.000000  1.000000       NaN       NaN  0.000000       NaN       NaN       NaN        0.000000
txt18_pl                28    0   0     0  28  0.000000  1.000000       NaN       NaN  0.000000       NaN       NaN       NaN       21.357143
txt19_i4                 6    0   0     0   6  0.000000  1.000000       NaN       NaN  0.000000       NaN       NaN       NaN        0.000000
combined              1710  227  91  1294  98  0.889474  0.301538  0.934296  0.065704  0.698462  0.713836  0.706065  0.701483       96.871930

Execution time: 104098.85812557791
