
Dataset loaded:
Shape of training set (example, time, channels): (20812, 500, 61)
Shape of test set (example, time, channels): (3989, 500, 61)
Shape of train validation set (example, time, channels): (2313, 500, 61)
Shape of test validation set (example, time, channels): (1710, 500, 61)
Num of classes in all: 25

Adding feature wise convolutions with 32 filters per feature, 3 kernels and 1 strides ...
Adding feature wise convolutions with 1 filters per feature, 3 kernels and 1 strides ...
Adding feature based graph attention layer ...
Adding time based graph attention layer ...
Adding GRU layer with 256 units ...
Adding GRU layer with 61 units ...
Adding dense layer to forecasting model with 512 units and ReLu activation ...
Adding dense layer to forecasting model with 256 units and ReLu activation ...
Adding last dense layer to forecasting model with 61 units and sigmoid activation ...
Adding VAE as reconstruction model with dimensions 3072 & 1536 and ...
The RBM reconstructs the output of the gru layer.

Grid search running in AD and FPD selection mode.
The following hyperparameters will not be evaluated:
si_mode
si_parameter

Testing 5000 combinations via grid search 
for model selected_2_mod_11_02-14-15-32-11 on the validation dataset. 


Best combinations tested:
      gamma  single_timestamp_a.. affected_timestamp..  unaffected_compone..                         relevance_mapping     AD F1     AD F2    AD TPR   AD Prec    AD ACC    AD TNR    AD FPR  SI/ST AVG-HR@100%  SI/ST AVG-HR@150%  SI/ST AVG-HR@K  SI/ST F1  SI/ST TPR  SI/ST ACC
Comb                                                                                                                                                                                                                                                                              
2586   0.35                  0.27                  240                  0.50  {'h': 1.0, 'm': 0.0, 'l': 0.0, 'e': 0.0}  0.661417  0.725389  0.775385  0.576659  0.849123  0.866426  0.133574           0.330662           0.389968        0.126154  0.064615   0.064615   0.866374
2636   0.35                  0.27                  220                  0.50  {'h': 1.0, 'm': 0.0, 'l': 0.0, 'e': 0.0}  0.657143  0.724928  0.778462  0.568539  0.845614  0.861372  0.138628           0.330662           0.389968        0.126154  0.064615   0.064615   0.866374
2686   0.35                  0.27                  210                  0.50  {'h': 1.0, 'm': 0.0, 'l': 0.0, 'e': 0.0}  0.655440  0.724098  0.778462  0.565996  0.844444  0.859928  0.140072           0.330662           0.389968        0.126154  0.064615   0.064615   0.866374
4386   0.40                  0.28                  220                  0.50  {'h': 1.0, 'm': 0.0, 'l': 0.0, 'e': 0.0}  0.660526  0.723343  0.772308  0.577011  0.849123  0.867148  0.132852           0.301773           0.378352        0.138462  0.052308   0.052308   0.864615
2536   0.35                  0.27                  230                  0.50  {'h': 1.0, 'm': 0.0, 'l': 0.0, 'e': 0.0}  0.657106  0.723307  0.775385  0.570136  0.846199  0.862816  0.137184           0.330662           0.389968        0.126154  0.064615   0.064615   0.866374
4436   0.40                  0.28                  210                  0.50  {'h': 1.0, 'm': 0.0, 'l': 0.0, 'e': 0.0}  0.659658  0.722926  0.772308  0.575688  0.848538  0.866426  0.133574           0.301773           0.378352        0.138462  0.052308   0.052308   0.864615
2736   0.35                  0.27                  200                  0.50  {'h': 1.0, 'm': 0.0, 'l': 0.0, 'e': 0.0}  0.652903  0.722857  0.778462  0.562222  0.842690  0.857762  0.142238           0.330662           0.389968        0.126154  0.064615   0.064615   0.866374
4486   0.40                  0.28                  200                  0.50  {'h': 1.0, 'm': 0.0, 'l': 0.0, 'e': 0.0}  0.657068  0.721679  0.772308  0.571754  0.846784  0.864260  0.135740           0.301773           0.378352        0.138462  0.052308   0.052308   0.864615
4286   0.40                  0.28                  230                  0.50  {'h': 1.0, 'm': 0.0, 'l': 0.0, 'e': 0.0}  0.663116  0.721321  0.766154  0.584507  0.852047  0.872202  0.127798           0.301773           0.378352        0.138462  0.052308   0.052308   0.864615
4336   0.40                  0.28                  240                  0.50  {'h': 1.0, 'm': 0.0, 'l': 0.0, 'e': 0.0}  0.665772  0.720930  0.763077  0.590476  0.854386  0.875812  0.124188           0.301773           0.378352        0.138462  0.052308   0.052308   0.864615
1836   0.50                  0.29                  240                  0.50  {'h': 1.0, 'm': 0.0, 'l': 0.0, 'e': 0.0}  0.625000  0.711893  0.784615  0.519348  0.821053  0.829603  0.170397           0.285807           0.392537        0.123077  0.064615   0.064615   0.866374
1786   0.50                  0.29                  230                  0.50  {'h': 1.0, 'm': 0.0, 'l': 0.0, 'e': 0.0}  0.620438  0.709516  0.784615  0.513078  0.817544  0.825271  0.174729           0.285807           0.392537        0.123077  0.064615   0.064615   0.866374
1886   0.50                  0.29                  220                  0.50  {'h': 1.0, 'm': 0.0, 'l': 0.0, 'e': 0.0}  0.617433  0.707940  0.784615  0.508982  0.815205  0.822383  0.177617           0.285807           0.392537        0.123077  0.064615   0.064615   0.866374
1936   0.50                  0.29                  210                  0.50  {'h': 1.0, 'm': 0.0, 'l': 0.0, 'e': 0.0}  0.615199  0.706763  0.784615  0.505952  0.813450  0.820217  0.179783           0.285807           0.392537        0.123077  0.064615   0.064615   0.866374
1986   0.50                  0.29                  200                  0.50  {'h': 1.0, 'm': 0.0, 'l': 0.0, 'e': 0.0}  0.611511  0.704809  0.784615  0.500982  0.810526  0.816606  0.183394           0.285807           0.392537        0.123077  0.064615   0.064615   0.866374
2551   0.35                  0.27                  240                  0.05  {'h': 1.0, 'm': 0.0, 'l': 0.0, 'e': 0.0}  0.587709  0.703209  0.809231  0.461404  0.784211  0.778339  0.221661           0.330662           0.389968        0.141538  0.073846   0.073846   0.857515
2553   0.35                  0.27                  240                  0.05  {'h': 1.0, 'm': 0.5, 'l': 0.5, 'e': 0.0}  0.587709  0.703209  0.809231  0.461404  0.784211  0.778339  0.221661           0.330662           0.389968        0.132308  0.073846   0.073846   0.857515
2556   0.35                  0.27                  240                  0.10  {'h': 1.0, 'm': 0.0, 'l': 0.0, 'e': 0.0}  0.587709  0.703209  0.809231  0.461404  0.784211  0.778339  0.221661           0.330662           0.389968        0.141538  0.073846   0.073846   0.857515
2558   0.35                  0.27                  240                  0.10  {'h': 1.0, 'm': 0.5, 'l': 0.5, 'e': 0.0}  0.587709  0.703209  0.809231  0.461404  0.784211  0.778339  0.221661           0.330662           0.389968        0.132308  0.073846   0.073846   0.857515
2561   0.35                  0.27                  240                  0.15  {'h': 1.0, 'm': 0.0, 'l': 0.0, 'e': 0.0}  0.587709  0.703209  0.809231  0.461404  0.784211  0.778339  0.221661           0.330662           0.389968        0.141538  0.073846   0.073846   0.857515
2563   0.35                  0.27                  240                  0.15  {'h': 1.0, 'm': 0.5, 'l': 0.5, 'e': 0.0}  0.587709  0.703209  0.809231  0.461404  0.784211  0.778339  0.221661           0.330662           0.389968        0.132308  0.073846   0.073846   0.857515
2566   0.35                  0.27                  240                  0.20  {'h': 1.0, 'm': 0.0, 'l': 0.0, 'e': 0.0}  0.587709  0.703209  0.809231  0.461404  0.784211  0.778339  0.221661           0.330662           0.389968        0.141538  0.073846   0.073846   0.857515
2568   0.35                  0.27                  240                  0.20  {'h': 1.0, 'm': 0.5, 'l': 0.5, 'e': 0.0}  0.587709  0.703209  0.809231  0.461404  0.784211  0.778339  0.221661           0.330662           0.389968        0.132308  0.073846   0.073846   0.857515
2571   0.35                  0.27                  240                  0.25  {'h': 1.0, 'm': 0.0, 'l': 0.0, 'e': 0.0}  0.587709  0.703209  0.809231  0.461404  0.784211  0.778339  0.221661           0.330662           0.389968        0.141538  0.073846   0.073846   0.857515
2573   0.35                  0.27                  240                  0.25  {'h': 1.0, 'm': 0.5, 'l': 0.5, 'e': 0.0}  0.587709  0.703209  0.809231  0.461404  0.784211  0.778339  0.221661           0.330662           0.389968        0.132308  0.073846   0.073846   0.857515
2576   0.35                  0.27                  240                  0.30  {'h': 1.0, 'm': 0.0, 'l': 0.0, 'e': 0.0}  0.587709  0.703209  0.809231  0.461404  0.784211  0.778339  0.221661           0.330662           0.389968        0.141538  0.073846   0.073846   0.857515
2578   0.35                  0.27                  240                  0.30  {'h': 1.0, 'm': 0.5, 'l': 0.5, 'e': 0.0}  0.587709  0.703209  0.809231  0.461404  0.784211  0.778339  0.221661           0.330662           0.389968        0.132308  0.073846   0.073846   0.857515
2550   0.35                  0.27                  240                  0.05  {'h': 1.0, 'm': 1.0, 'l': 0.0, 'e': 0.0}  0.587709  0.703209  0.809231  0.461404  0.784211  0.778339  0.221661           0.330662           0.389968        0.135385  0.070769   0.070769   0.857041
2552   0.35                  0.27                  240                  0.05  {'h': 1.0, 'm': 0.5, 'l': 0.0, 'e': 0.0}  0.587709  0.703209  0.809231  0.461404  0.784211  0.778339  0.221661           0.330662           0.389968        0.120000  0.070769   0.070769   0.857041
2554   0.35                  0.27                  240                  0.05  {'h': 1.0, 'm': 0.5, 'l': 0.3, 'e': 0.0}  0.587709  0.703209  0.809231  0.461404  0.784211  0.778339  0.221661           0.330662           0.389968        0.132308  0.070769   0.070769   0.857041
2555   0.35                  0.27                  240                  0.10  {'h': 1.0, 'm': 1.0, 'l': 0.0, 'e': 0.0}  0.587709  0.703209  0.809231  0.461404  0.784211  0.778339  0.221661           0.330662           0.389968        0.135385  0.070769   0.070769   0.857041
2557   0.35                  0.27                  240                  0.10  {'h': 1.0, 'm': 0.5, 'l': 0.0, 'e': 0.0}  0.587709  0.703209  0.809231  0.461404  0.784211  0.778339  0.221661           0.330662           0.389968        0.120000  0.070769   0.070769   0.857041
2559   0.35                  0.27                  240                  0.10  {'h': 1.0, 'm': 0.5, 'l': 0.3, 'e': 0.0}  0.587709  0.703209  0.809231  0.461404  0.784211  0.778339  0.221661           0.330662           0.389968        0.132308  0.070769   0.070769   0.857041
2560   0.35                  0.27                  240                  0.15  {'h': 1.0, 'm': 1.0, 'l': 0.0, 'e': 0.0}  0.587709  0.703209  0.809231  0.461404  0.784211  0.778339  0.221661           0.330662           0.389968        0.135385  0.070769   0.070769   0.857041
2562   0.35                  0.27                  240                  0.15  {'h': 1.0, 'm': 0.5, 'l': 0.0, 'e': 0.0}  0.587709  0.703209  0.809231  0.461404  0.784211  0.778339  0.221661           0.330662           0.389968        0.120000  0.070769   0.070769   0.857041
2564   0.35                  0.27                  240                  0.15  {'h': 1.0, 'm': 0.5, 'l': 0.3, 'e': 0.0}  0.587709  0.703209  0.809231  0.461404  0.784211  0.778339  0.221661           0.330662           0.389968        0.132308  0.070769   0.070769   0.857041
2565   0.35                  0.27                  240                  0.20  {'h': 1.0, 'm': 1.0, 'l': 0.0, 'e': 0.0}  0.587709  0.703209  0.809231  0.461404  0.784211  0.778339  0.221661           0.330662           0.389968        0.135385  0.070769   0.070769   0.857041
2567   0.35                  0.27                  240                  0.20  {'h': 1.0, 'm': 0.5, 'l': 0.0, 'e': 0.0}  0.587709  0.703209  0.809231  0.461404  0.784211  0.778339  0.221661           0.330662           0.389968        0.120000  0.070769   0.070769   0.857041
2569   0.35                  0.27                  240                  0.20  {'h': 1.0, 'm': 0.5, 'l': 0.3, 'e': 0.0}  0.587709  0.703209  0.809231  0.461404  0.784211  0.778339  0.221661           0.330662           0.389968        0.132308  0.070769   0.070769   0.857041
2570   0.35                  0.27                  240                  0.25  {'h': 1.0, 'm': 1.0, 'l': 0.0, 'e': 0.0}  0.587709  0.703209  0.809231  0.461404  0.784211  0.778339  0.221661           0.330662           0.389968        0.135385  0.070769   0.070769   0.857041
2572   0.35                  0.27                  240                  0.25  {'h': 1.0, 'm': 0.5, 'l': 0.0, 'e': 0.0}  0.587709  0.703209  0.809231  0.461404  0.784211  0.778339  0.221661           0.330662           0.389968        0.120000  0.070769   0.070769   0.857041
2574   0.35                  0.27                  240                  0.25  {'h': 1.0, 'm': 0.5, 'l': 0.3, 'e': 0.0}  0.587709  0.703209  0.809231  0.461404  0.784211  0.778339  0.221661           0.330662           0.389968        0.132308  0.070769   0.070769   0.857041
2575   0.35                  0.27                  240                  0.30  {'h': 1.0, 'm': 1.0, 'l': 0.0, 'e': 0.0}  0.587709  0.703209  0.809231  0.461404  0.784211  0.778339  0.221661           0.330662           0.389968        0.135385  0.070769   0.070769   0.857041
2577   0.35                  0.27                  240                  0.30  {'h': 1.0, 'm': 0.5, 'l': 0.0, 'e': 0.0}  0.587709  0.703209  0.809231  0.461404  0.784211  0.778339  0.221661           0.330662           0.389968        0.120000  0.070769   0.070769   0.857041
2579   0.35                  0.27                  240                  0.30  {'h': 1.0, 'm': 0.5, 'l': 0.3, 'e': 0.0}  0.587709  0.703209  0.809231  0.461404  0.784211  0.778339  0.221661           0.330662           0.389968        0.132308  0.070769   0.070769   0.857041
2601   0.35                  0.27                  220                  0.05  {'h': 1.0, 'm': 0.0, 'l': 0.0, 'e': 0.0}  0.582781  0.701754  0.812308  0.454389  0.778947  0.771119  0.228881           0.330662           0.389968        0.141538  0.073846   0.073846   0.857515
2603   0.35                  0.27                  220                  0.05  {'h': 1.0, 'm': 0.5, 'l': 0.5, 'e': 0.0}  0.582781  0.701754  0.812308  0.454389  0.778947  0.771119  0.228881           0.330662           0.389968        0.132308  0.073846   0.073846   0.857515
2606   0.35                  0.27                  220                  0.10  {'h': 1.0, 'm': 0.0, 'l': 0.0, 'e': 0.0}  0.582781  0.701754  0.812308  0.454389  0.778947  0.771119  0.228881           0.330662           0.389968        0.141538  0.073846   0.073846   0.857515
2608   0.35                  0.27                  220                  0.10  {'h': 1.0, 'm': 0.5, 'l': 0.5, 'e': 0.0}  0.582781  0.701754  0.812308  0.454389  0.778947  0.771119  0.228881           0.330662           0.389968        0.132308  0.073846   0.073846   0.857515
2611   0.35                  0.27                  220                  0.15  {'h': 1.0, 'm': 0.0, 'l': 0.0, 'e': 0.0}  0.582781  0.701754  0.812308  0.454389  0.778947  0.771119  0.228881           0.330662           0.389968        0.141538  0.073846   0.073846   0.857515
2613   0.35                  0.27                  220                  0.15  {'h': 1.0, 'm': 0.5, 'l': 0.5, 'e': 0.0}  0.582781  0.701754  0.812308  0.454389  0.778947  0.771119  0.228881           0.330662           0.389968        0.132308  0.073846   0.073846   0.857515
2616   0.35                  0.27                  220                  0.20  {'h': 1.0, 'm': 0.0, 'l': 0.0, 'e': 0.0}  0.582781  0.701754  0.812308  0.454389  0.778947  0.771119  0.228881           0.330662           0.389968        0.141538  0.073846   0.073846   0.857515
2618   0.35                  0.27                  220                  0.20  {'h': 1.0, 'm': 0.5, 'l': 0.5, 'e': 0.0}  0.582781  0.701754  0.812308  0.454389  0.778947  0.771119  0.228881           0.330662           0.389968        0.132308  0.073846   0.073846   0.857515
2621   0.35                  0.27                  220                  0.25  {'h': 1.0, 'm': 0.0, 'l': 0.0, 'e': 0.0}  0.582781  0.701754  0.812308  0.454389  0.778947  0.771119  0.228881           0.330662           0.389968        0.141538  0.073846   0.073846   0.857515
2623   0.35                  0.27                  220                  0.25  {'h': 1.0, 'm': 0.5, 'l': 0.5, 'e': 0.0}  0.582781  0.701754  0.812308  0.454389  0.778947  0.771119  0.228881           0.330662           0.389968        0.132308  0.073846   0.073846   0.857515
2626   0.35                  0.27                  220                  0.30  {'h': 1.0, 'm': 0.0, 'l': 0.0, 'e': 0.0}  0.582781  0.701754  0.812308  0.454389  0.778947  0.771119  0.228881           0.330662           0.389968        0.141538  0.073846   0.073846   0.857515
2628   0.35                  0.27                  220                  0.30  {'h': 1.0, 'm': 0.5, 'l': 0.5, 'e': 0.0}  0.582781  0.701754  0.812308  0.454389  0.778947  0.771119  0.228881           0.330662           0.389968        0.132308  0.073846   0.073846   0.857515
2600   0.35                  0.27                  220                  0.05  {'h': 1.0, 'm': 1.0, 'l': 0.0, 'e': 0.0}  0.582781  0.701754  0.812308  0.454389  0.778947  0.771119  0.228881           0.330662           0.389968        0.135385  0.070769   0.070769   0.857041
2602   0.35                  0.27                  220                  0.05  {'h': 1.0, 'm': 0.5, 'l': 0.0, 'e': 0.0}  0.582781  0.701754  0.812308  0.454389  0.778947  0.771119  0.228881           0.330662           0.389968        0.120000  0.070769   0.070769   0.857041
2604   0.35                  0.27                  220                  0.05  {'h': 1.0, 'm': 0.5, 'l': 0.3, 'e': 0.0}  0.582781  0.701754  0.812308  0.454389  0.778947  0.771119  0.228881           0.330662           0.389968        0.132308  0.070769   0.070769   0.857041
2605   0.35                  0.27                  220                  0.10  {'h': 1.0, 'm': 1.0, 'l': 0.0, 'e': 0.0}  0.582781  0.701754  0.812308  0.454389  0.778947  0.771119  0.228881           0.330662           0.389968        0.135385  0.070769   0.070769   0.857041
2607   0.35                  0.27                  220                  0.10  {'h': 1.0, 'm': 0.5, 'l': 0.0, 'e': 0.0}  0.582781  0.701754  0.812308  0.454389  0.778947  0.771119  0.228881           0.330662           0.389968        0.120000  0.070769   0.070769   0.857041
2609   0.35                  0.27                  220                  0.10  {'h': 1.0, 'm': 0.5, 'l': 0.3, 'e': 0.0}  0.582781  0.701754  0.812308  0.454389  0.778947  0.771119  0.228881           0.330662           0.389968        0.132308  0.070769   0.070769   0.857041
2610   0.35                  0.27                  220                  0.15  {'h': 1.0, 'm': 1.0, 'l': 0.0, 'e': 0.0}  0.582781  0.701754  0.812308  0.454389  0.778947  0.771119  0.228881           0.330662           0.389968        0.135385  0.070769   0.070769   0.857041
2612   0.35                  0.27                  220                  0.15  {'h': 1.0, 'm': 0.5, 'l': 0.0, 'e': 0.0}  0.582781  0.701754  0.812308  0.454389  0.778947  0.771119  0.228881           0.330662           0.389968        0.120000  0.070769   0.070769   0.857041
2614   0.35                  0.27                  220                  0.15  {'h': 1.0, 'm': 0.5, 'l': 0.3, 'e': 0.0}  0.582781  0.701754  0.812308  0.454389  0.778947  0.771119  0.228881           0.330662           0.389968        0.132308  0.070769   0.070769   0.857041
2615   0.35                  0.27                  220                  0.20  {'h': 1.0, 'm': 1.0, 'l': 0.0, 'e': 0.0}  0.582781  0.701754  0.812308  0.454389  0.778947  0.771119  0.228881           0.330662           0.389968        0.135385  0.070769   0.070769   0.857041
2617   0.35                  0.27                  220                  0.20  {'h': 1.0, 'm': 0.5, 'l': 0.0, 'e': 0.0}  0.582781  0.701754  0.812308  0.454389  0.778947  0.771119  0.228881           0.330662           0.389968        0.120000  0.070769   0.070769   0.857041
2619   0.35                  0.27                  220                  0.20  {'h': 1.0, 'm': 0.5, 'l': 0.3, 'e': 0.0}  0.582781  0.701754  0.812308  0.454389  0.778947  0.771119  0.228881           0.330662           0.389968        0.132308  0.070769   0.070769   0.857041
2620   0.35                  0.27                  220                  0.25  {'h': 1.0, 'm': 1.0, 'l': 0.0, 'e': 0.0}  0.582781  0.701754  0.812308  0.454389  0.778947  0.771119  0.228881           0.330662           0.389968        0.135385  0.070769   0.070769   0.857041
2622   0.35                  0.27                  220                  0.25  {'h': 1.0, 'm': 0.5, 'l': 0.0, 'e': 0.0}  0.582781  0.701754  0.812308  0.454389  0.778947  0.771119  0.228881           0.330662           0.389968        0.120000  0.070769   0.070769   0.857041
2624   0.35                  0.27                  220                  0.25  {'h': 1.0, 'm': 0.5, 'l': 0.3, 'e': 0.0}  0.582781  0.701754  0.812308  0.454389  0.778947  0.771119  0.228881           0.330662           0.389968        0.132308  0.070769   0.070769   0.857041
2625   0.35                  0.27                  220                  0.30  {'h': 1.0, 'm': 1.0, 'l': 0.0, 'e': 0.0}  0.582781  0.701754  0.812308  0.454389  0.778947  0.771119  0.228881           0.330662           0.389968        0.135385  0.070769   0.070769   0.857041
2627   0.35                  0.27                  220                  0.30  {'h': 1.0, 'm': 0.5, 'l': 0.0, 'e': 0.0}  0.582781  0.701754  0.812308  0.454389  0.778947  0.771119  0.228881           0.330662           0.389968        0.120000  0.070769   0.070769   0.857041
2629   0.35                  0.27                  220                  0.30  {'h': 1.0, 'm': 0.5, 'l': 0.3, 'e': 0.0}  0.582781  0.701754  0.812308  0.454389  0.778947  0.771119  0.228881           0.330662           0.389968        0.132308  0.070769   0.070769   0.857041
3536   0.30                  0.27                  230                  0.50  {'h': 1.0, 'm': 0.0, 'l': 0.0, 'e': 0.0}  0.706065  0.701483  0.698462  0.713836  0.889474  0.934296  0.065704           0.314486           0.363009        0.144615  0.033846   0.033846   0.861978
2651   0.35                  0.27                  210                  0.05  {'h': 1.0, 'm': 0.0, 'l': 0.0, 'e': 0.0}  0.581498  0.701009  0.812308  0.452830  0.777778  0.769675  0.230325           0.330662           0.389968        0.141538  0.073846   0.073846   0.857515
2653   0.35                  0.27                  210                  0.05  {'h': 1.0, 'm': 0.5, 'l': 0.5, 'e': 0.0}  0.581498  0.701009  0.812308  0.452830  0.777778  0.769675  0.230325           0.330662           0.389968        0.132308  0.073846   0.073846   0.857515
2656   0.35                  0.27                  210                  0.10  {'h': 1.0, 'm': 0.0, 'l': 0.0, 'e': 0.0}  0.581498  0.701009  0.812308  0.452830  0.777778  0.769675  0.230325           0.330662           0.389968        0.141538  0.073846   0.073846   0.857515
2658   0.35                  0.27                  210                  0.10  {'h': 1.0, 'm': 0.5, 'l': 0.5, 'e': 0.0}  0.581498  0.701009  0.812308  0.452830  0.777778  0.769675  0.230325           0.330662           0.389968        0.132308  0.073846   0.073846   0.857515
2661   0.35                  0.27                  210                  0.15  {'h': 1.0, 'm': 0.0, 'l': 0.0, 'e': 0.0}  0.581498  0.701009  0.812308  0.452830  0.777778  0.769675  0.230325           0.330662           0.389968        0.141538  0.073846   0.073846   0.857515
2663   0.35                  0.27                  210                  0.15  {'h': 1.0, 'm': 0.5, 'l': 0.5, 'e': 0.0}  0.581498  0.701009  0.812308  0.452830  0.777778  0.769675  0.230325           0.330662           0.389968        0.132308  0.073846   0.073846   0.857515
2666   0.35                  0.27                  210                  0.20  {'h': 1.0, 'm': 0.0, 'l': 0.0, 'e': 0.0}  0.581498  0.701009  0.812308  0.452830  0.777778  0.769675  0.230325           0.330662           0.389968        0.141538  0.073846   0.073846   0.857515
2668   0.35                  0.27                  210                  0.20  {'h': 1.0, 'm': 0.5, 'l': 0.5, 'e': 0.0}  0.581498  0.701009  0.812308  0.452830  0.777778  0.769675  0.230325           0.330662           0.389968        0.132308  0.073846   0.073846   0.857515
2671   0.35                  0.27                  210                  0.25  {'h': 1.0, 'm': 0.0, 'l': 0.0, 'e': 0.0}  0.581498  0.701009  0.812308  0.452830  0.777778  0.769675  0.230325           0.330662           0.389968        0.141538  0.073846   0.073846   0.857515
2673   0.35                  0.27                  210                  0.25  {'h': 1.0, 'm': 0.5, 'l': 0.5, 'e': 0.0}  0.581498  0.701009  0.812308  0.452830  0.777778  0.769675  0.230325           0.330662           0.389968        0.132308  0.073846   0.073846   0.857515
2676   0.35                  0.27                  210                  0.30  {'h': 1.0, 'm': 0.0, 'l': 0.0, 'e': 0.0}  0.581498  0.701009  0.812308  0.452830  0.777778  0.769675  0.230325           0.330662           0.389968        0.141538  0.073846   0.073846   0.857515
2678   0.35                  0.27                  210                  0.30  {'h': 1.0, 'm': 0.5, 'l': 0.5, 'e': 0.0}  0.581498  0.701009  0.812308  0.452830  0.777778  0.769675  0.230325           0.330662           0.389968        0.132308  0.073846   0.073846   0.857515
2650   0.35                  0.27                  210                  0.05  {'h': 1.0, 'm': 1.0, 'l': 0.0, 'e': 0.0}  0.581498  0.701009  0.812308  0.452830  0.777778  0.769675  0.230325           0.330662           0.389968        0.135385  0.070769   0.070769   0.857041
2652   0.35                  0.27                  210                  0.05  {'h': 1.0, 'm': 0.5, 'l': 0.0, 'e': 0.0}  0.581498  0.701009  0.812308  0.452830  0.777778  0.769675  0.230325           0.330662           0.389968        0.120000  0.070769   0.070769   0.857041
2654   0.35                  0.27                  210                  0.05  {'h': 1.0, 'm': 0.5, 'l': 0.3, 'e': 0.0}  0.581498  0.701009  0.812308  0.452830  0.777778  0.769675  0.230325           0.330662           0.389968        0.132308  0.070769   0.070769   0.857041
2655   0.35                  0.27                  210                  0.10  {'h': 1.0, 'm': 1.0, 'l': 0.0, 'e': 0.0}  0.581498  0.701009  0.812308  0.452830  0.777778  0.769675  0.230325           0.330662           0.389968        0.135385  0.070769   0.070769   0.857041
2657   0.35                  0.27                  210                  0.10  {'h': 1.0, 'm': 0.5, 'l': 0.0, 'e': 0.0}  0.581498  0.701009  0.812308  0.452830  0.777778  0.769675  0.230325           0.330662           0.389968        0.120000  0.070769   0.070769   0.857041
2659   0.35                  0.27                  210                  0.10  {'h': 1.0, 'm': 0.5, 'l': 0.3, 'e': 0.0}  0.581498  0.701009  0.812308  0.452830  0.777778  0.769675  0.230325           0.330662           0.389968        0.132308  0.070769   0.070769   0.857041
2660   0.35                  0.27                  210                  0.15  {'h': 1.0, 'm': 1.0, 'l': 0.0, 'e': 0.0}  0.581498  0.701009  0.812308  0.452830  0.777778  0.769675  0.230325           0.330662           0.389968        0.135385  0.070769   0.070769   0.857041
2662   0.35                  0.27                  210                  0.15  {'h': 1.0, 'm': 0.5, 'l': 0.0, 'e': 0.0}  0.581498  0.701009  0.812308  0.452830  0.777778  0.769675  0.230325           0.330662           0.389968        0.120000  0.070769   0.070769   0.857041
2664   0.35                  0.27                  210                  0.15  {'h': 1.0, 'm': 0.5, 'l': 0.3, 'e': 0.0}  0.581498  0.701009  0.812308  0.452830  0.777778  0.769675  0.230325           0.330662           0.389968        0.132308  0.070769   0.070769   0.857041
2665   0.35                  0.27                  210                  0.20  {'h': 1.0, 'm': 1.0, 'l': 0.0, 'e': 0.0}  0.581498  0.701009  0.812308  0.452830  0.777778  0.769675  0.230325           0.330662           0.389968        0.135385  0.070769   0.070769   0.857041
2667   0.35                  0.27                  210                  0.20  {'h': 1.0, 'm': 0.5, 'l': 0.0, 'e': 0.0}  0.581498  0.701009  0.812308  0.452830  0.777778  0.769675  0.230325           0.330662           0.389968        0.120000  0.070769   0.070769   0.857041
2669   0.35                  0.27                  210                  0.20  {'h': 1.0, 'm': 0.5, 'l': 0.3, 'e': 0.0}  0.581498  0.701009  0.812308  0.452830  0.777778  0.769675  0.230325           0.330662           0.389968        0.132308  0.070769   0.070769   0.857041
2670   0.35                  0.27                  210                  0.25  {'h': 1.0, 'm': 1.0, 'l': 0.0, 'e': 0.0}  0.581498  0.701009  0.812308  0.452830  0.777778  0.769675  0.230325           0.330662           0.389968        0.135385  0.070769   0.070769   0.857041
2672   0.35                  0.27                  210                  0.25  {'h': 1.0, 'm': 0.5, 'l': 0.0, 'e': 0.0}  0.581498  0.701009  0.812308  0.452830  0.777778  0.769675  0.230325           0.330662           0.389968        0.120000  0.070769   0.070769   0.857041
2674   0.35                  0.27                  210                  0.25  {'h': 1.0, 'm': 0.5, 'l': 0.3, 'e': 0.0}  0.581498  0.701009  0.812308  0.452830  0.777778  0.769675  0.230325           0.330662           0.389968        0.132308  0.070769   0.070769   0.857041
2675   0.35                  0.27                  210                  0.30  {'h': 1.0, 'm': 1.0, 'l': 0.0, 'e': 0.0}  0.581498  0.701009  0.812308  0.452830  0.777778  0.769675  0.230325           0.330662           0.389968        0.135385  0.070769   0.070769   0.857041
2677   0.35                  0.27                  210                  0.30  {'h': 1.0, 'm': 0.5, 'l': 0.0, 'e': 0.0}  0.581498  0.701009  0.812308  0.452830  0.777778  0.769675  0.230325           0.330662           0.389968        0.120000  0.070769   0.070769   0.857041
2679   0.35                  0.27                  210                  0.30  {'h': 1.0, 'm': 0.5, 'l': 0.3, 'e': 0.0}  0.581498  0.701009  0.812308  0.452830  0.777778  0.769675  0.230325           0.330662           0.389968        0.132308  0.070769   0.070769   0.857041
4353   0.40                  0.28                  220                  0.05  {'h': 1.0, 'm': 0.5, 'l': 0.5, 'e': 0.0}  0.590909  0.700809  0.800000  0.468468  0.789474  0.787004  0.212996           0.301773           0.378352        0.138462  0.064615   0.064615   0.856095
4354   0.40                  0.28                  220                  0.05  {'h': 1.0, 'm': 0.5, 'l': 0.3, 'e': 0.0}  0.590909  0.700809  0.800000  0.468468  0.789474  0.787004  0.212996           0.301773           0.378352        0.138462  0.064615   0.064615   0.856095
4358   0.40                  0.28                  220                  0.10  {'h': 1.0, 'm': 0.5, 'l': 0.5, 'e': 0.0}  0.590909  0.700809  0.800000  0.468468  0.789474  0.787004  0.212996           0.301773           0.378352        0.138462  0.064615   0.064615   0.856095
4359   0.40                  0.28                  220                  0.10  {'h': 1.0, 'm': 0.5, 'l': 0.3, 'e': 0.0}  0.590909  0.700809  0.800000  0.468468  0.789474  0.787004  0.212996           0.301773           0.378352        0.138462  0.064615   0.064615   0.856095
4363   0.40                  0.28                  220                  0.15  {'h': 1.0, 'm': 0.5, 'l': 0.5, 'e': 0.0}  0.590909  0.700809  0.800000  0.468468  0.789474  0.787004  0.212996           0.301773           0.378352        0.138462  0.064615   0.064615   0.856095
4364   0.40                  0.28                  220                  0.15  {'h': 1.0, 'm': 0.5, 'l': 0.3, 'e': 0.0}  0.590909  0.700809  0.800000  0.468468  0.789474  0.787004  0.212996           0.301773           0.378352        0.138462  0.064615   0.064615   0.856095
4368   0.40                  0.28                  220                  0.20  {'h': 1.0, 'm': 0.5, 'l': 0.5, 'e': 0.0}  0.590909  0.700809  0.800000  0.468468  0.789474  0.787004  0.212996           0.301773           0.378352        0.138462  0.064615   0.064615   0.856095
4369   0.40                  0.28                  220                  0.20  {'h': 1.0, 'm': 0.5, 'l': 0.3, 'e': 0.0}  0.590909  0.700809  0.800000  0.468468  0.789474  0.787004  0.212996           0.301773           0.378352        0.138462  0.064615   0.064615   0.856095
4373   0.40                  0.28                  220                  0.25  {'h': 1.0, 'm': 0.5, 'l': 0.5, 'e': 0.0}  0.590909  0.700809  0.800000  0.468468  0.789474  0.787004  0.212996           0.301773           0.378352        0.138462  0.064615   0.064615   0.856095
4374   0.40                  0.28                  220                  0.25  {'h': 1.0, 'm': 0.5, 'l': 0.3, 'e': 0.0}  0.590909  0.700809  0.800000  0.468468  0.789474  0.787004  0.212996           0.301773           0.378352        0.138462  0.064615   0.064615   0.856095
4378   0.40                  0.28                  220                  0.30  {'h': 1.0, 'm': 0.5, 'l': 0.5, 'e': 0.0}  0.590909  0.700809  0.800000  0.468468  0.789474  0.787004  0.212996           0.301773           0.378352        0.138462  0.064615   0.064615   0.856095
4379   0.40                  0.28                  220                  0.30  {'h': 1.0, 'm': 0.5, 'l': 0.3, 'e': 0.0}  0.590909  0.700809  0.800000  0.468468  0.789474  0.787004  0.212996           0.301773           0.378352        0.138462  0.064615   0.064615   0.856095
4350   0.40                  0.28                  220                  0.05  {'h': 1.0, 'm': 1.0, 'l': 0.0, 'e': 0.0}  0.590909  0.700809  0.800000  0.468468  0.789474  0.787004  0.212996           0.301773           0.378352        0.141538  0.061538   0.061538   0.855621
4352   0.40                  0.28                  220                  0.05  {'h': 1.0, 'm': 0.5, 'l': 0.0, 'e': 0.0}  0.590909  0.700809  0.800000  0.468468  0.789474  0.787004  0.212996           0.301773           0.378352        0.126154  0.061538   0.061538   0.855621
4355   0.40                  0.28                  220                  0.10  {'h': 1.0, 'm': 1.0, 'l': 0.0, 'e': 0.0}  0.590909  0.700809  0.800000  0.468468  0.789474  0.787004  0.212996           0.301773           0.378352        0.141538  0.061538   0.061538   0.855621
4357   0.40                  0.28                  220                  0.10  {'h': 1.0, 'm': 0.5, 'l': 0.0, 'e': 0.0}  0.590909  0.700809  0.800000  0.468468  0.789474  0.787004  0.212996           0.301773           0.378352        0.126154  0.061538   0.061538   0.855621
4360   0.40                  0.28                  220                  0.15  {'h': 1.0, 'm': 1.0, 'l': 0.0, 'e': 0.0}  0.590909  0.700809  0.800000  0.468468  0.789474  0.787004  0.212996           0.301773           0.378352        0.141538  0.061538   0.061538   0.855621
4362   0.40                  0.28                  220                  0.15  {'h': 1.0, 'm': 0.5, 'l': 0.0, 'e': 0.0}  0.590909  0.700809  0.800000  0.468468  0.789474  0.787004  0.212996           0.301773           0.378352        0.126154  0.061538   0.061538   0.855621
4365   0.40                  0.28                  220                  0.20  {'h': 1.0, 'm': 1.0, 'l': 0.0, 'e': 0.0}  0.590909  0.700809  0.800000  0.468468  0.789474  0.787004  0.212996           0.301773           0.378352        0.141538  0.061538   0.061538   0.855621
4367   0.40                  0.28                  220                  0.20  {'h': 1.0, 'm': 0.5, 'l': 0.0, 'e': 0.0}  0.590909  0.700809  0.800000  0.468468  0.789474  0.787004  0.212996           0.301773           0.378352        0.126154  0.061538   0.061538   0.855621
4370   0.40                  0.28                  220                  0.25  {'h': 1.0, 'm': 1.0, 'l': 0.0, 'e': 0.0}  0.590909  0.700809  0.800000  0.468468  0.789474  0.787004  0.212996           0.301773           0.378352        0.141538  0.061538   0.061538   0.855621
4372   0.40                  0.28                  220                  0.25  {'h': 1.0, 'm': 0.5, 'l': 0.0, 'e': 0.0}  0.590909  0.700809  0.800000  0.468468  0.789474  0.787004  0.212996           0.301773           0.378352        0.126154  0.061538   0.061538   0.855621
4375   0.40                  0.28                  220                  0.30  {'h': 1.0, 'm': 1.0, 'l': 0.0, 'e': 0.0}  0.590909  0.700809  0.800000  0.468468  0.789474  0.787004  0.212996           0.301773           0.378352        0.141538  0.061538   0.061538   0.855621
4377   0.40                  0.28                  220                  0.30  {'h': 1.0, 'm': 0.5, 'l': 0.0, 'e': 0.0}  0.590909  0.700809  0.800000  0.468468  0.789474  0.787004  0.212996           0.301773           0.378352        0.126154  0.061538   0.061538   0.855621
4351   0.40                  0.28                  220                  0.05  {'h': 1.0, 'm': 0.0, 'l': 0.0, 'e': 0.0}  0.590909  0.700809  0.800000  0.468468  0.789474  0.787004  0.212996           0.301773           0.378352        0.153846  0.058462   0.058462   0.855148
4356   0.40                  0.28                  220                  0.10  {'h': 1.0, 'm': 0.0, 'l': 0.0, 'e': 0.0}  0.590909  0.700809  0.800000  0.468468  0.789474  0.787004  0.212996           0.301773           0.378352        0.153846  0.058462   0.058462   0.855148
4361   0.40                  0.28                  220                  0.15  {'h': 1.0, 'm': 0.0, 'l': 0.0, 'e': 0.0}  0.590909  0.700809  0.800000  0.468468  0.789474  0.787004  0.212996           0.301773           0.378352        0.153846  0.058462   0.058462   0.855148
4366   0.40                  0.28                  220                  0.20  {'h': 1.0, 'm': 0.0, 'l': 0.0, 'e': 0.0}  0.590909  0.700809  0.800000  0.468468  0.789474  0.787004  0.212996           0.301773           0.378352        0.153846  0.058462   0.058462   0.855148
4371   0.40                  0.28                  220                  0.25  {'h': 1.0, 'm': 0.0, 'l': 0.0, 'e': 0.0}  0.590909  0.700809  0.800000  0.468468  0.789474  0.787004  0.212996           0.301773           0.378352        0.153846  0.058462   0.058462   0.855148
4376   0.40                  0.28                  220                  0.30  {'h': 1.0, 'm': 0.0, 'l': 0.0, 'e': 0.0}  0.590909  0.700809  0.800000  0.468468  0.789474  0.787004  0.212996           0.301773           0.378352        0.153846  0.058462   0.058462   0.855148
2501   0.35                  0.27                  230                  0.05  {'h': 1.0, 'm': 0.0, 'l': 0.0, 'e': 0.0}  0.583149  0.700586  0.809231  0.455806  0.780117  0.773285  0.226715           0.330662           0.389968        0.141538  0.073846   0.073846   0.857515
2503   0.35                  0.27                  230                  0.05  {'h': 1.0, 'm': 0.5, 'l': 0.5, 'e': 0.0}  0.583149  0.700586  0.809231  0.455806  0.780117  0.773285  0.226715           0.330662           0.389968        0.132308  0.073846   0.073846   0.857515
2506   0.35                  0.27                  230                  0.10  {'h': 1.0, 'm': 0.0, 'l': 0.0, 'e': 0.0}  0.583149  0.700586  0.809231  0.455806  0.780117  0.773285  0.226715           0.330662           0.389968        0.141538  0.073846   0.073846   0.857515
2508   0.35                  0.27                  230                  0.10  {'h': 1.0, 'm': 0.5, 'l': 0.5, 'e': 0.0}  0.583149  0.700586  0.809231  0.455806  0.780117  0.773285  0.226715           0.330662           0.389968        0.132308  0.073846   0.073846   0.857515
2511   0.35                  0.27                  230                  0.15  {'h': 1.0, 'm': 0.0, 'l': 0.0, 'e': 0.0}  0.583149  0.700586  0.809231  0.455806  0.780117  0.773285  0.226715           0.330662           0.389968        0.141538  0.073846   0.073846   0.857515
2513   0.35                  0.27                  230                  0.15  {'h': 1.0, 'm': 0.5, 'l': 0.5, 'e': 0.0}  0.583149  0.700586  0.809231  0.455806  0.780117  0.773285  0.226715           0.330662           0.389968        0.132308  0.073846   0.073846   0.857515
2516   0.35                  0.27                  230                  0.20  {'h': 1.0, 'm': 0.0, 'l': 0.0, 'e': 0.0}  0.583149  0.700586  0.809231  0.455806  0.780117  0.773285  0.226715           0.330662           0.389968        0.141538  0.073846   0.073846   0.857515
2518   0.35                  0.27                  230                  0.20  {'h': 1.0, 'm': 0.5, 'l': 0.5, 'e': 0.0}  0.583149  0.700586  0.809231  0.455806  0.780117  0.773285  0.226715           0.330662           0.389968        0.132308  0.073846   0.073846   0.857515
2521   0.35                  0.27                  230                  0.25  {'h': 1.0, 'm': 0.0, 'l': 0.0, 'e': 0.0}  0.583149  0.700586  0.809231  0.455806  0.780117  0.773285  0.226715           0.330662           0.389968        0.141538  0.073846   0.073846   0.857515
2523   0.35                  0.27                  230                  0.25  {'h': 1.0, 'm': 0.5, 'l': 0.5, 'e': 0.0}  0.583149  0.700586  0.809231  0.455806  0.780117  0.773285  0.226715           0.330662           0.389968        0.132308  0.073846   0.073846   0.857515
2526   0.35                  0.27                  230                  0.30  {'h': 1.0, 'm': 0.0, 'l': 0.0, 'e': 0.0}  0.583149  0.700586  0.809231  0.455806  0.780117  0.773285  0.226715           0.330662           0.389968        0.141538  0.073846   0.073846   0.857515
2528   0.35                  0.27                  230                  0.30  {'h': 1.0, 'm': 0.5, 'l': 0.5, 'e': 0.0}  0.583149  0.700586  0.809231  0.455806  0.780117  0.773285  0.226715           0.330662           0.389968        0.132308  0.073846   0.073846   0.857515
2500   0.35                  0.27                  230                  0.05  {'h': 1.0, 'm': 1.0, 'l': 0.0, 'e': 0.0}  0.583149  0.700586  0.809231  0.455806  0.780117  0.773285  0.226715           0.330662           0.389968        0.135385  0.070769   0.070769   0.857041
2502   0.35                  0.27                  230                  0.05  {'h': 1.0, 'm': 0.5, 'l': 0.0, 'e': 0.0}  0.583149  0.700586  0.809231  0.455806  0.780117  0.773285  0.226715           0.330662           0.389968        0.120000  0.070769   0.070769   0.857041
2504   0.35                  0.27                  230                  0.05  {'h': 1.0, 'm': 0.5, 'l': 0.3, 'e': 0.0}  0.583149  0.700586  0.809231  0.455806  0.780117  0.773285  0.226715           0.330662           0.389968        0.132308  0.070769   0.070769   0.857041
2505   0.35                  0.27                  230                  0.10  {'h': 1.0, 'm': 1.0, 'l': 0.0, 'e': 0.0}  0.583149  0.700586  0.809231  0.455806  0.780117  0.773285  0.226715           0.330662           0.389968        0.135385  0.070769   0.070769   0.857041
2507   0.35                  0.27                  230                  0.10  {'h': 1.0, 'm': 0.5, 'l': 0.0, 'e': 0.0}  0.583149  0.700586  0.809231  0.455806  0.780117  0.773285  0.226715           0.330662           0.389968        0.120000  0.070769   0.070769   0.857041
2509   0.35                  0.27                  230                  0.10  {'h': 1.0, 'm': 0.5, 'l': 0.3, 'e': 0.0}  0.583149  0.700586  0.809231  0.455806  0.780117  0.773285  0.226715           0.330662           0.389968        0.132308  0.070769   0.070769   0.857041
2510   0.35                  0.27                  230                  0.15  {'h': 1.0, 'm': 1.0, 'l': 0.0, 'e': 0.0}  0.583149  0.700586  0.809231  0.455806  0.780117  0.773285  0.226715           0.330662           0.389968        0.135385  0.070769   0.070769   0.857041
2512   0.35                  0.27                  230                  0.15  {'h': 1.0, 'm': 0.5, 'l': 0.0, 'e': 0.0}  0.583149  0.700586  0.809231  0.455806  0.780117  0.773285  0.226715           0.330662           0.389968        0.120000  0.070769   0.070769   0.857041
2514   0.35                  0.27                  230                  0.15  {'h': 1.0, 'm': 0.5, 'l': 0.3, 'e': 0.0}  0.583149  0.700586  0.809231  0.455806  0.780117  0.773285  0.226715           0.330662           0.389968        0.132308  0.070769   0.070769   0.857041
2515   0.35                  0.27                  230                  0.20  {'h': 1.0, 'm': 1.0, 'l': 0.0, 'e': 0.0}  0.583149  0.700586  0.809231  0.455806  0.780117  0.773285  0.226715           0.330662           0.389968        0.135385  0.070769   0.070769   0.857041
2517   0.35                  0.27                  230                  0.20  {'h': 1.0, 'm': 0.5, 'l': 0.0, 'e': 0.0}  0.583149  0.700586  0.809231  0.455806  0.780117  0.773285  0.226715           0.330662           0.389968        0.120000  0.070769   0.070769   0.857041
2519   0.35                  0.27                  230                  0.20  {'h': 1.0, 'm': 0.5, 'l': 0.3, 'e': 0.0}  0.583149  0.700586  0.809231  0.455806  0.780117  0.773285  0.226715           0.330662           0.389968        0.132308  0.070769   0.070769   0.857041
2520   0.35                  0.27                  230                  0.25  {'h': 1.0, 'm': 1.0, 'l': 0.0, 'e': 0.0}  0.583149  0.700586  0.809231  0.455806  0.780117  0.773285  0.226715           0.330662           0.389968        0.135385  0.070769   0.070769   0.857041
2522   0.35                  0.27                  230                  0.25  {'h': 1.0, 'm': 0.5, 'l': 0.0, 'e': 0.0}  0.583149  0.700586  0.809231  0.455806  0.780117  0.773285  0.226715           0.330662           0.389968        0.120000  0.070769   0.070769   0.857041
2524   0.35                  0.27                  230                  0.25  {'h': 1.0, 'm': 0.5, 'l': 0.3, 'e': 0.0}  0.583149  0.700586  0.809231  0.455806  0.780117  0.773285  0.226715           0.330662           0.389968        0.132308  0.070769   0.070769   0.857041
2525   0.35                  0.27                  230                  0.30  {'h': 1.0, 'm': 1.0, 'l': 0.0, 'e': 0.0}  0.583149  0.700586  0.809231  0.455806  0.780117  0.773285  0.226715           0.330662           0.389968        0.135385  0.070769   0.070769   0.857041
2527   0.35                  0.27                  230                  0.30  {'h': 1.0, 'm': 0.5, 'l': 0.0, 'e': 0.0}  0.583149  0.700586  0.809231  0.455806  0.780117  0.773285  0.226715           0.330662           0.389968        0.120000  0.070769   0.070769   0.857041
2529   0.35                  0.27                  230                  0.30  {'h': 1.0, 'm': 0.5, 'l': 0.3, 'e': 0.0}  0.583149  0.700586  0.809231  0.455806  0.780117  0.773285  0.226715           0.330662           0.389968        0.132308  0.070769   0.070769   0.857041
4303   0.40                  0.28                  240                  0.05  {'h': 1.0, 'm': 0.5, 'l': 0.5, 'e': 0.0}  0.597674  0.700272  0.790769  0.480374  0.797661  0.799278  0.200722           0.301773           0.378352        0.138462  0.064615   0.064615   0.856095
4304   0.40                  0.28                  240                  0.05  {'h': 1.0, 'm': 0.5, 'l': 0.3, 'e': 0.0}  0.597674  0.700272  0.790769  0.480374  0.797661  0.799278  0.200722           0.301773           0.378352        0.138462  0.064615   0.064615   0.856095
4308   0.40                  0.28                  240                  0.10  {'h': 1.0, 'm': 0.5, 'l': 0.5, 'e': 0.0}  0.597674  0.700272  0.790769  0.480374  0.797661  0.799278  0.200722           0.301773           0.378352        0.138462  0.064615   0.064615   0.856095
4309   0.40                  0.28                  240                  0.10  {'h': 1.0, 'm': 0.5, 'l': 0.3, 'e': 0.0}  0.597674  0.700272  0.790769  0.480374  0.797661  0.799278  0.200722           0.301773           0.378352        0.138462  0.064615   0.064615   0.856095
4313   0.40                  0.28                  240                  0.15  {'h': 1.0, 'm': 0.5, 'l': 0.5, 'e': 0.0}  0.597674  0.700272  0.790769  0.480374  0.797661  0.799278  0.200722           0.301773           0.378352        0.138462  0.064615   0.064615   0.856095
4314   0.40                  0.28                  240                  0.15  {'h': 1.0, 'm': 0.5, 'l': 0.3, 'e': 0.0}  0.597674  0.700272  0.790769  0.480374  0.797661  0.799278  0.200722           0.301773           0.378352        0.138462  0.064615   0.064615   0.856095
4318   0.40                  0.28                  240                  0.20  {'h': 1.0, 'm': 0.5, 'l': 0.5, 'e': 0.0}  0.597674  0.700272  0.790769  0.480374  0.797661  0.799278  0.200722           0.301773           0.378352        0.138462  0.064615   0.064615   0.856095
4319   0.40                  0.28                  240                  0.20  {'h': 1.0, 'm': 0.5, 'l': 0.3, 'e': 0.0}  0.597674  0.700272  0.790769  0.480374  0.797661  0.799278  0.200722           0.301773           0.378352        0.138462  0.064615   0.064615   0.856095
4323   0.40                  0.28                  240                  0.25  {'h': 1.0, 'm': 0.5, 'l': 0.5, 'e': 0.0}  0.597674  0.700272  0.790769  0.480374  0.797661  0.799278  0.200722           0.301773           0.378352        0.138462  0.064615   0.064615   0.856095
4324   0.40                  0.28                  240                  0.25  {'h': 1.0, 'm': 0.5, 'l': 0.3, 'e': 0.0}  0.597674  0.700272  0.790769  0.480374  0.797661  0.799278  0.200722           0.301773           0.378352        0.138462  0.064615   0.064615   0.856095
4328   0.40                  0.28                  240                  0.30  {'h': 1.0, 'm': 0.5, 'l': 0.5, 'e': 0.0}  0.597674  0.700272  0.790769  0.480374  0.797661  0.799278  0.200722           0.301773           0.378352        0.138462  0.064615   0.064615   0.856095
4329   0.40                  0.28                  240                  0.30  {'h': 1.0, 'm': 0.5, 'l': 0.3, 'e': 0.0}  0.597674  0.700272  0.790769  0.480374  0.797661  0.799278  0.200722           0.301773           0.378352        0.138462  0.064615   0.064615   0.856095
4300   0.40                  0.28                  240                  0.05  {'h': 1.0, 'm': 1.0, 'l': 0.0, 'e': 0.0}  0.597674  0.700272  0.790769  0.480374  0.797661  0.799278  0.200722           0.301773           0.378352        0.141538  0.061538   0.061538   0.855621
4302   0.40                  0.28                  240                  0.05  {'h': 1.0, 'm': 0.5, 'l': 0.0, 'e': 0.0}  0.597674  0.700272  0.790769  0.480374  0.797661  0.799278  0.200722           0.301773           0.378352        0.126154  0.061538   0.061538   0.855621
4305   0.40                  0.28                  240                  0.10  {'h': 1.0, 'm': 1.0, 'l': 0.0, 'e': 0.0}  0.597674  0.700272  0.790769  0.480374  0.797661  0.799278  0.200722           0.301773           0.378352        0.141538  0.061538   0.061538   0.855621
4307   0.40                  0.28                  240                  0.10  {'h': 1.0, 'm': 0.5, 'l': 0.0, 'e': 0.0}  0.597674  0.700272  0.790769  0.480374  0.797661  0.799278  0.200722           0.301773           0.378352        0.126154  0.061538   0.061538   0.855621
4310   0.40                  0.28                  240                  0.15  {'h': 1.0, 'm': 1.0, 'l': 0.0, 'e': 0.0}  0.597674  0.700272  0.790769  0.480374  0.797661  0.799278  0.200722           0.301773           0.378352        0.141538  0.061538   0.061538   0.855621
4312   0.40                  0.28                  240                  0.15  {'h': 1.0, 'm': 0.5, 'l': 0.0, 'e': 0.0}  0.597674  0.700272  0.790769  0.480374  0.797661  0.799278  0.200722           0.301773           0.378352        0.126154  0.061538   0.061538   0.855621
4315   0.40                  0.28                  240                  0.20  {'h': 1.0, 'm': 1.0, 'l': 0.0, 'e': 0.0}  0.597674  0.700272  0.790769  0.480374  0.797661  0.799278  0.200722           0.301773           0.378352        0.141538  0.061538   0.061538   0.855621
4317   0.40                  0.28                  240                  0.20  {'h': 1.0, 'm': 0.5, 'l': 0.0, 'e': 0.0}  0.597674  0.700272  0.790769  0.480374  0.797661  0.799278  0.200722           0.301773           0.378352        0.126154  0.061538   0.061538   0.855621
4320   0.40                  0.28                  240                  0.25  {'h': 1.0, 'm': 1.0, 'l': 0.0, 'e': 0.0}  0.597674  0.700272  0.790769  0.480374  0.797661  0.799278  0.200722           0.301773           0.378352        0.141538  0.061538   0.061538   0.855621
4322   0.40                  0.28                  240                  0.25  {'h': 1.0, 'm': 0.5, 'l': 0.0, 'e': 0.0}  0.597674  0.700272  0.790769  0.480374  0.797661  0.799278  0.200722           0.301773           0.378352        0.126154  0.061538   0.061538   0.855621
4325   0.40                  0.28                  240                  0.30  {'h': 1.0, 'm': 1.0, 'l': 0.0, 'e': 0.0}  0.597674  0.700272  0.790769  0.480374  0.797661  0.799278  0.200722           0.301773           0.378352        0.141538  0.061538   0.061538   0.855621
4327   0.40                  0.28                  240                  0.30  {'h': 1.0, 'm': 0.5, 'l': 0.0, 'e': 0.0}  0.597674  0.700272  0.790769  0.480374  0.797661  0.799278  0.200722           0.301773           0.378352        0.126154  0.061538   0.061538   0.855621
4301   0.40                  0.28                  240                  0.05  {'h': 1.0, 'm': 0.0, 'l': 0.0, 'e': 0.0}  0.597674  0.700272  0.790769  0.480374  0.797661  0.799278  0.200722           0.301773           0.378352        0.153846  0.058462   0.058462   0.855148
4306   0.40                  0.28                  240                  0.10  {'h': 1.0, 'm': 0.0, 'l': 0.0, 'e': 0.0}  0.597674  0.700272  0.790769  0.480374  0.797661  0.799278  0.200722           0.301773           0.378352        0.153846  0.058462   0.058462   0.855148
4311   0.40                  0.28                  240                  0.15  {'h': 1.0, 'm': 0.0, 'l': 0.0, 'e': 0.0}  0.597674  0.700272  0.790769  0.480374  0.797661  0.799278  0.200722           0.301773           0.378352        0.153846  0.058462   0.058462   0.855148
4316   0.40                  0.28                  240                  0.20  {'h': 1.0, 'm': 0.0, 'l': 0.0, 'e': 0.0}  0.597674  0.700272  0.790769  0.480374  0.797661  0.799278  0.200722           0.301773           0.378352        0.153846  0.058462   0.058462   0.855148
4321   0.40                  0.28                  240                  0.25  {'h': 1.0, 'm': 0.0, 'l': 0.0, 'e': 0.0}  0.597674  0.700272  0.790769  0.480374  0.797661  0.799278  0.200722           0.301773           0.378352        0.153846  0.058462   0.058462   0.855148
4326   0.40                  0.28                  240                  0.30  {'h': 1.0, 'm': 0.0, 'l': 0.0, 'e': 0.0}  0.597674  0.700272  0.790769  0.480374  0.797661  0.799278  0.200722           0.301773           0.378352        0.153846  0.058462   0.058462   0.855148
3636   0.30                  0.27                  220                  0.50  {'h': 1.0, 'm': 0.0, 'l': 0.0, 'e': 0.0}  0.702786  0.700185  0.698462  0.707165  0.887719  0.932130  0.067870           0.314486           0.363009        0.144615  0.033846   0.033846   0.861978
4253   0.40                  0.28                  230                  0.05  {'h': 1.0, 'm': 0.5, 'l': 0.5, 'e': 0.0}  0.594470  0.699946  0.793846  0.475138  0.794152  0.794224  0.205776           0.301773           0.378352        0.138462  0.064615   0.064615   0.856095
4254   0.40                  0.28                  230                  0.05  {'h': 1.0, 'm': 0.5, 'l': 0.3, 'e': 0.0}  0.594470  0.699946  0.793846  0.475138  0.794152  0.794224  0.205776           0.301773           0.378352        0.138462  0.064615   0.064615   0.856095
4258   0.40                  0.28                  230                  0.10  {'h': 1.0, 'm': 0.5, 'l': 0.5, 'e': 0.0}  0.594470  0.699946  0.793846  0.475138  0.794152  0.794224  0.205776           0.301773           0.378352        0.138462  0.064615   0.064615   0.856095
4259   0.40                  0.28                  230                  0.10  {'h': 1.0, 'm': 0.5, 'l': 0.3, 'e': 0.0}  0.594470  0.699946  0.793846  0.475138  0.794152  0.794224  0.205776           0.301773           0.378352        0.138462  0.064615   0.064615   0.856095
4263   0.40                  0.28                  230                  0.15  {'h': 1.0, 'm': 0.5, 'l': 0.5, 'e': 0.0}  0.594470  0.699946  0.793846  0.475138  0.794152  0.794224  0.205776           0.301773           0.378352        0.138462  0.064615   0.064615   0.856095
4264   0.40                  0.28                  230                  0.15  {'h': 1.0, 'm': 0.5, 'l': 0.3, 'e': 0.0}  0.594470  0.699946  0.793846  0.475138  0.794152  0.794224  0.205776           0.301773           0.378352        0.138462  0.064615   0.064615   0.856095
4268   0.40                  0.28                  230                  0.20  {'h': 1.0, 'm': 0.5, 'l': 0.5, 'e': 0.0}  0.594470  0.699946  0.793846  0.475138  0.794152  0.794224  0.205776           0.301773           0.378352        0.138462  0.064615   0.064615   0.856095
4269   0.40                  0.28                  230                  0.20  {'h': 1.0, 'm': 0.5, 'l': 0.3, 'e': 0.0}  0.594470  0.699946  0.793846  0.475138  0.794152  0.794224  0.205776           0.301773           0.378352        0.138462  0.064615   0.064615   0.856095
4273   0.40                  0.28                  230                  0.25  {'h': 1.0, 'm': 0.5, 'l': 0.5, 'e': 0.0}  0.594470  0.699946  0.793846  0.475138  0.794152  0.794224  0.205776           0.301773           0.378352        0.138462  0.064615   0.064615   0.856095
4274   0.40                  0.28                  230                  0.25  {'h': 1.0, 'm': 0.5, 'l': 0.3, 'e': 0.0}  0.594470  0.699946  0.793846  0.475138  0.794152  0.794224  0.205776           0.301773           0.378352        0.138462  0.064615   0.064615   0.856095
4278   0.40                  0.28                  230                  0.30  {'h': 1.0, 'm': 0.5, 'l': 0.5, 'e': 0.0}  0.594470  0.699946  0.793846  0.475138  0.794152  0.794224  0.205776           0.301773           0.378352        0.138462  0.064615   0.064615   0.856095
4279   0.40                  0.28                  230                  0.30  {'h': 1.0, 'm': 0.5, 'l': 0.3, 'e': 0.0}  0.594470  0.699946  0.793846  0.475138  0.794152  0.794224  0.205776           0.301773           0.378352        0.138462  0.064615   0.064615   0.856095
4250   0.40                  0.28                  230                  0.05  {'h': 1.0, 'm': 1.0, 'l': 0.0, 'e': 0.0}  0.594470  0.699946  0.793846  0.475138  0.794152  0.794224  0.205776           0.301773           0.378352        0.141538  0.061538   0.061538   0.855621
4252   0.40                  0.28                  230                  0.05  {'h': 1.0, 'm': 0.5, 'l': 0.0, 'e': 0.0}  0.594470  0.699946  0.793846  0.475138  0.794152  0.794224  0.205776           0.301773           0.378352        0.126154  0.061538   0.061538   0.855621
4255   0.40                  0.28                  230                  0.10  {'h': 1.0, 'm': 1.0, 'l': 0.0, 'e': 0.0}  0.594470  0.699946  0.793846  0.475138  0.794152  0.794224  0.205776           0.301773           0.378352        0.141538  0.061538   0.061538   0.855621
4257   0.40                  0.28                  230                  0.10  {'h': 1.0, 'm': 0.5, 'l': 0.0, 'e': 0.0}  0.594470  0.699946  0.793846  0.475138  0.794152  0.794224  0.205776           0.301773           0.378352        0.126154  0.061538   0.061538   0.855621
4260   0.40                  0.28                  230                  0.15  {'h': 1.0, 'm': 1.0, 'l': 0.0, 'e': 0.0}  0.594470  0.699946  0.793846  0.475138  0.794152  0.794224  0.205776           0.301773           0.378352        0.141538  0.061538   0.061538   0.855621
4262   0.40                  0.28                  230                  0.15  {'h': 1.0, 'm': 0.5, 'l': 0.0, 'e': 0.0}  0.594470  0.699946  0.793846  0.475138  0.794152  0.794224  0.205776           0.301773           0.378352        0.126154  0.061538   0.061538   0.855621
4265   0.40                  0.28                  230                  0.20  {'h': 1.0, 'm': 1.0, 'l': 0.0, 'e': 0.0}  0.594470  0.699946  0.793846  0.475138  0.794152  0.794224  0.205776           0.301773           0.378352        0.141538  0.061538   0.061538   0.855621
4267   0.40                  0.28                  230                  0.20  {'h': 1.0, 'm': 0.5, 'l': 0.0, 'e': 0.0}  0.594470  0.699946  0.793846  0.475138  0.794152  0.794224  0.205776           0.301773           0.378352        0.126154  0.061538   0.061538   0.855621
4270   0.40                  0.28                  230                  0.25  {'h': 1.0, 'm': 1.0, 'l': 0.0, 'e': 0.0}  0.594470  0.699946  0.793846  0.475138  0.794152  0.794224  0.205776           0.301773           0.378352        0.141538  0.061538   0.061538   0.855621
4272   0.40                  0.28                  230                  0.25  {'h': 1.0, 'm': 0.5, 'l': 0.0, 'e': 0.0}  0.594470  0.699946  0.793846  0.475138  0.794152  0.794224  0.205776           0.301773           0.378352        0.126154  0.061538   0.061538   0.855621
4275   0.40                  0.28                  230                  0.30  {'h': 1.0, 'm': 1.0, 'l': 0.0, 'e': 0.0}  0.594470  0.699946  0.793846  0.475138  0.794152  0.794224  0.205776           0.301773           0.378352        0.141538  0.061538   0.061538   0.855621
4277   0.40                  0.28                  230                  0.30  {'h': 1.0, 'm': 0.5, 'l': 0.0, 'e': 0.0}  0.594470  0.699946  0.793846  0.475138  0.794152  0.794224  0.205776           0.301773           0.378352        0.126154  0.061538   0.061538   0.855621
4251   0.40                  0.28                  230                  0.05  {'h': 1.0, 'm': 0.0, 'l': 0.0, 'e': 0.0}  0.594470  0.699946  0.793846  0.475138  0.794152  0.794224  0.205776           0.301773           0.378352        0.153846  0.058462   0.058462   0.855148
4256   0.40                  0.28                  230                  0.10  {'h': 1.0, 'm': 0.0, 'l': 0.0, 'e': 0.0}  0.594470  0.699946  0.793846  0.475138  0.794152  0.794224  0.205776           0.301773           0.378352        0.153846  0.058462   0.058462   0.855148
4261   0.40                  0.28                  230                  0.15  {'h': 1.0, 'm': 0.0, 'l': 0.0, 'e': 0.0}  0.594470  0.699946  0.793846  0.475138  0.794152  0.794224  0.205776           0.301773           0.378352        0.153846  0.058462   0.058462   0.855148
4266   0.40                  0.28                  230                  0.20  {'h': 1.0, 'm': 0.0, 'l': 0.0, 'e': 0.0}  0.594470  0.699946  0.793846  0.475138  0.794152  0.794224  0.205776           0.301773           0.378352        0.153846  0.058462   0.058462   0.855148
4271   0.40                  0.28                  230                  0.25  {'h': 1.0, 'm': 0.0, 'l': 0.0, 'e': 0.0}  0.594470  0.699946  0.793846  0.475138  0.794152  0.794224  0.205776           0.301773           0.378352        0.153846  0.058462   0.058462   0.855148
4276   0.40                  0.28                  230                  0.30  {'h': 1.0, 'm': 0.0, 'l': 0.0, 'e': 0.0}  0.594470  0.699946  0.793846  0.475138  0.794152  0.794224  0.205776           0.301773           0.378352        0.153846  0.058462   0.058462   0.855148
4403   0.40                  0.28                  210                  0.05  {'h': 1.0, 'm': 0.5, 'l': 0.5, 'e': 0.0}  0.588901  0.699677  0.800000  0.465950  0.787719  0.784838  0.215162           0.301773           0.378352        0.138462  0.064615   0.064615   0.856095
4404   0.40                  0.28                  210                  0.05  {'h': 1.0, 'm': 0.5, 'l': 0.3, 'e': 0.0}  0.588901  0.699677  0.800000  0.465950  0.787719  0.784838  0.215162           0.301773           0.378352        0.138462  0.064615   0.064615   0.856095
4408   0.40                  0.28                  210                  0.10  {'h': 1.0, 'm': 0.5, 'l': 0.5, 'e': 0.0}  0.588901  0.699677  0.800000  0.465950  0.787719  0.784838  0.215162           0.301773           0.378352        0.138462  0.064615   0.064615   0.856095
4409   0.40                  0.28                  210                  0.10  {'h': 1.0, 'm': 0.5, 'l': 0.3, 'e': 0.0}  0.588901  0.699677  0.800000  0.465950  0.787719  0.784838  0.215162           0.301773           0.378352        0.138462  0.064615   0.064615   0.856095
4413   0.40                  0.28                  210                  0.15  {'h': 1.0, 'm': 0.5, 'l': 0.5, 'e': 0.0}  0.588901  0.699677  0.800000  0.465950  0.787719  0.784838  0.215162           0.301773           0.378352        0.138462  0.064615   0.064615   0.856095
4414   0.40                  0.28                  210                  0.15  {'h': 1.0, 'm': 0.5, 'l': 0.3, 'e': 0.0}  0.588901  0.699677  0.800000  0.465950  0.787719  0.784838  0.215162           0.301773           0.378352        0.138462  0.064615   0.064615   0.856095
4418   0.40                  0.28                  210                  0.20  {'h': 1.0, 'm': 0.5, 'l': 0.5, 'e': 0.0}  0.588901  0.699677  0.800000  0.465950  0.787719  0.784838  0.215162           0.301773           0.378352        0.138462  0.064615   0.064615   0.856095
4419   0.40                  0.28                  210                  0.20  {'h': 1.0, 'm': 0.5, 'l': 0.3, 'e': 0.0}  0.588901  0.699677  0.800000  0.465950  0.787719  0.784838  0.215162           0.301773           0.378352        0.138462  0.064615   0.064615   0.856095
4423   0.40                  0.28                  210                  0.25  {'h': 1.0, 'm': 0.5, 'l': 0.5, 'e': 0.0}  0.588901  0.699677  0.800000  0.465950  0.787719  0.784838  0.215162           0.301773           0.378352        0.138462  0.064615   0.064615   0.856095
4424   0.40                  0.28                  210                  0.25  {'h': 1.0, 'm': 0.5, 'l': 0.3, 'e': 0.0}  0.588901  0.699677  0.800000  0.465950  0.787719  0.784838  0.215162           0.301773           0.378352        0.138462  0.064615   0.064615   0.856095
4428   0.40                  0.28                  210                  0.30  {'h': 1.0, 'm': 0.5, 'l': 0.5, 'e': 0.0}  0.588901  0.699677  0.800000  0.465950  0.787719  0.784838  0.215162           0.301773           0.378352        0.138462  0.064615   0.064615   0.856095
4429   0.40                  0.28                  210                  0.30  {'h': 1.0, 'm': 0.5, 'l': 0.3, 'e': 0.0}  0.588901  0.699677  0.800000  0.465950  0.787719  0.784838  0.215162           0.301773           0.378352        0.138462  0.064615   0.064615   0.856095
4400   0.40                  0.28                  210                  0.05  {'h': 1.0, 'm': 1.0, 'l': 0.0, 'e': 0.0}  0.588901  0.699677  0.800000  0.465950  0.787719  0.784838  0.215162           0.301773           0.378352        0.141538  0.061538   0.061538   0.855621
4402   0.40                  0.28                  210                  0.05  {'h': 1.0, 'm': 0.5, 'l': 0.0, 'e': 0.0}  0.588901  0.699677  0.800000  0.465950  0.787719  0.784838  0.215162           0.301773           0.378352        0.126154  0.061538   0.061538   0.855621
4405   0.40                  0.28                  210                  0.10  {'h': 1.0, 'm': 1.0, 'l': 0.0, 'e': 0.0}  0.588901  0.699677  0.800000  0.465950  0.787719  0.784838  0.215162           0.301773           0.378352        0.141538  0.061538   0.061538   0.855621
4407   0.40                  0.28                  210                  0.10  {'h': 1.0, 'm': 0.5, 'l': 0.0, 'e': 0.0}  0.588901  0.699677  0.800000  0.465950  0.787719  0.784838  0.215162           0.301773           0.378352        0.126154  0.061538   0.061538   0.855621
4410   0.40                  0.28                  210                  0.15  {'h': 1.0, 'm': 1.0, 'l': 0.0, 'e': 0.0}  0.588901  0.699677  0.800000  0.465950  0.787719  0.784838  0.215162           0.301773           0.378352        0.141538  0.061538   0.061538   0.855621
4412   0.40                  0.28                  210                  0.15  {'h': 1.0, 'm': 0.5, 'l': 0.0, 'e': 0.0}  0.588901  0.699677  0.800000  0.465950  0.787719  0.784838  0.215162           0.301773           0.378352        0.126154  0.061538   0.061538   0.855621
4415   0.40                  0.28                  210                  0.20  {'h': 1.0, 'm': 1.0, 'l': 0.0, 'e': 0.0}  0.588901  0.699677  0.800000  0.465950  0.787719  0.784838  0.215162           0.301773           0.378352        0.141538  0.061538   0.061538   0.855621
4417   0.40                  0.28                  210                  0.20  {'h': 1.0, 'm': 0.5, 'l': 0.0, 'e': 0.0}  0.588901  0.699677  0.800000  0.465950  0.787719  0.784838  0.215162           0.301773           0.378352        0.126154  0.061538   0.061538   0.855621
4420   0.40                  0.28                  210                  0.25  {'h': 1.0, 'm': 1.0, 'l': 0.0, 'e': 0.0}  0.588901  0.699677  0.800000  0.465950  0.787719  0.784838  0.215162           0.301773           0.378352        0.141538  0.061538   0.061538   0.855621
4422   0.40                  0.28                  210                  0.25  {'h': 1.0, 'm': 0.5, 'l': 0.0, 'e': 0.0}  0.588901  0.699677  0.800000  0.465950  0.787719  0.784838  0.215162           0.301773           0.378352        0.126154  0.061538   0.061538   0.855621
4425   0.40                  0.28                  210                  0.30  {'h': 1.0, 'm': 1.0, 'l': 0.0, 'e': 0.0}  0.588901  0.699677  0.800000  0.465950  0.787719  0.784838  0.215162           0.301773           0.378352        0.141538  0.061538   0.061538   0.855621

Full result output for the best combination:
                 #Examples   TP   FP    TN  FN       ACC       FNR       TNR       FPR       TPR      Prec        F1        F2  AVG # affected
Component                                                                                                                                     
no_failure            1385    0  307  1078   0  0.778339       NaN  0.778339  0.221661       NaN  0.000000       NaN       NaN      107.477978
txt15_i1                 5    5    0     0   0  1.000000  0.000000       NaN       NaN  1.000000  1.000000  1.000000  1.000000      413.000000
txt15_i3                 5    1    0     0   4  0.200000  0.800000       NaN       NaN  0.200000  1.000000  0.333333  0.238095       68.600000
txt15_conveyor           3    3    0     0   0  1.000000  0.000000       NaN       NaN  1.000000  1.000000  1.000000  1.000000      471.000000
txt15_m1               160  160    0     0   0  1.000000  0.000000       NaN       NaN  1.000000  1.000000  1.000000  1.000000      468.075000
txt15_pl                 9    9    0     0   0  1.000000  0.000000       NaN       NaN  1.000000  1.000000  1.000000  1.000000      454.111111
txt16_i3                 4    0    0     0   4  0.000000  1.000000       NaN       NaN  0.000000       NaN       NaN       NaN        0.000000
txt16_conveyor           8    5    0     0   3  0.625000  0.375000       NaN       NaN  0.625000  1.000000  0.769231  0.675676      249.750000
txt16_m3                65   64    0     0   1  0.984615  0.015385       NaN       NaN  0.984615  1.000000  0.992248  0.987654      444.123077
txt16_turntable          2    0    0     0   2  0.000000  1.000000       NaN       NaN  0.000000       NaN       NaN       NaN        1.000000
txt17_i1                16    6    0     0  10  0.375000  0.625000       NaN       NaN  0.375000  1.000000  0.545455  0.428571      157.000000
txt17_pl                14    0    0     0  14  0.000000  1.000000       NaN       NaN  0.000000       NaN       NaN       NaN        4.142857
txt18_pl                28   10    0     0  18  0.357143  0.642857       NaN       NaN  0.357143  1.000000  0.526316  0.409836      178.785714
txt19_i4                 6    0    0     0   6  0.000000  1.000000       NaN       NaN  0.000000       NaN       NaN       NaN        0.000000
combined              1710  263  307  1078  62  0.784211  0.190769  0.778339  0.221661  0.809231  0.461404  0.587709  0.703209      157.953801

                 #Examples   TP   FP    TN  FN       ACC       FNR       TNR       FPR       TPR      Prec        F1        F2  AVG # affected
Component                                                                                                                                     
no_failure            1385    0  185  1200   0  0.866426       NaN  0.866426  0.133574       NaN  0.000000       NaN       NaN      107.477978
txt15_i1                 5    5    0     0   0  1.000000  0.000000       NaN       NaN  1.000000  1.000000  1.000000  1.000000      413.000000
txt15_i3                 5    1    0     0   4  0.200000  0.800000       NaN       NaN  0.200000  1.000000  0.333333  0.238095       68.600000
txt15_conveyor           3    3    0     0   0  1.000000  0.000000       NaN       NaN  1.000000  1.000000  1.000000  1.000000      471.000000
txt15_m1               160  159    0     0   1  0.993750  0.006250       NaN       NaN  0.993750  1.000000  0.996865  0.994994      468.075000
txt15_pl                 9    9    0     0   0  1.000000  0.000000       NaN       NaN  1.000000  1.000000  1.000000  1.000000      454.111111
txt16_i3                 4    0    0     0   4  0.000000  1.000000       NaN       NaN  0.000000       NaN       NaN       NaN        0.000000
txt16_conveyor           8    5    0     0   3  0.625000  0.375000       NaN       NaN  0.625000  1.000000  0.769231  0.675676      249.750000
txt16_m3                65   64    0     0   1  0.984615  0.015385       NaN       NaN  0.984615  1.000000  0.992248  0.987654      444.123077
txt16_turntable          2    0    0     0   2  0.000000  1.000000       NaN       NaN  0.000000       NaN       NaN       NaN        1.000000
txt17_i1                16    0    0     0  16  0.000000  1.000000       NaN       NaN  0.000000       NaN       NaN       NaN      157.000000
txt17_pl                14    0    0     0  14  0.000000  1.000000       NaN       NaN  0.000000       NaN       NaN       NaN        4.142857
txt18_pl                28    6    0     0  22  0.214286  0.785714       NaN       NaN  0.214286  1.000000  0.352941  0.254237      178.785714
txt19_i4                 6    0    0     0   6  0.000000  1.000000       NaN       NaN  0.000000       NaN       NaN       NaN        0.000000
combined              1710  252  185  1200  73  0.849123  0.224615  0.866426  0.133574  0.775385  0.576659  0.661417  0.725389      157.953801

Execution time: 103975.21672646888
