
Dataset loaded:
Shape of training set (example, time, channels): (20812, 500, 61)
Shape of test set (example, time, channels): (3989, 500, 61)
Shape of train validation set (example, time, channels): (2313, 500, 61)
Shape of test validation set (example, time, channels): (1710, 500, 61)
Num of classes in all: 25

Adding feature wise convolutions with 32 filters per feature, 3 kernels and 1 strides ...
Adding feature wise convolutions with 1 filters per feature, 3 kernels and 1 strides ...
Adding feature based graph attention layer ...
Adding time based graph attention layer ...
Adding GRU layer with 256 units ...
Adding GRU layer with 61 units ...
Adding dense layer to forecasting model with 512 units and ReLu activation ...
Adding dense layer to forecasting model with 256 units and ReLu activation ...
Adding last dense layer to forecasting model with 61 units and sigmoid activation ...
Adding VAE as reconstruction model with dimensions 3072 & 1536 and ...
The RBM reconstructs the output of the gru layer.

Grid search running in AD and FPD selection mode.
The following hyperparameters will not be evaluated:
si_mode
si_parameter

Testing 5000 combinations via grid search 
for model selected_2_mod_10_02-12-19-28-05 on the validation dataset. 


Best combinations tested:
      gamma  single_timestamp_a.. affected_timestamp..  unaffected_compone..                         relevance_mapping     AD F1     AD F2    AD TPR   AD Prec    AD ACC    AD TNR    AD FPR  SI/ST AVG-HR@100%  SI/ST AVG-HR@150%  SI/ST AVG-HR@K  SI/ST F1  SI/ST TPR  SI/ST ACC
Comb                                                                                                                                                                                                                                                                              
2241   0.45                  0.33                  240                  0.60  {'h': 1.0, 'm': 0.0, 'l': 0.0, 'e': 0.0}  0.669492  0.704100  0.729231  0.618799  0.863158  0.894585  0.105415           0.269561           0.340551        0.166154  0.043077   0.043077   0.852781
1041   0.50                  0.34                  240                  0.60  {'h': 1.0, 'm': 0.0, 'l': 0.0, 'e': 0.0}  0.666667  0.681818  0.692308  0.642857  0.868421  0.909747  0.090253           0.264970           0.338815        0.166154  0.046154   0.046154   0.853254
1091   0.50                  0.34                  230                  0.60  {'h': 1.0, 'm': 0.0, 'l': 0.0, 'e': 0.0}  0.666667  0.683606  0.695385  0.640227  0.867836  0.908303  0.091697           0.264970           0.338815        0.166154  0.046154   0.046154   0.853254
2291   0.45                  0.33                  230                  0.60  {'h': 1.0, 'm': 0.0, 'l': 0.0, 'e': 0.0}  0.665730  0.702430  0.729231  0.612403  0.860819  0.891697  0.108303           0.269561           0.340551        0.166154  0.043077   0.043077   0.852781
1003   0.50                  0.34                  240                  0.05  {'h': 1.0, 'm': 0.5, 'l': 0.5, 'e': 0.0}  0.664697  0.680993  0.692308  0.639205  0.867251  0.908303  0.091697           0.264970           0.338815        0.175385  0.052308   0.052308   0.854201
1004   0.50                  0.34                  240                  0.05  {'h': 1.0, 'm': 0.5, 'l': 0.3, 'e': 0.0}  0.664697  0.680993  0.692308  0.639205  0.867251  0.908303  0.091697           0.264970           0.338815        0.178462  0.052308   0.052308   0.854201
1008   0.50                  0.34                  240                  0.10  {'h': 1.0, 'm': 0.5, 'l': 0.5, 'e': 0.0}  0.664697  0.680993  0.692308  0.639205  0.867251  0.908303  0.091697           0.264970           0.338815        0.175385  0.052308   0.052308   0.854201
1009   0.50                  0.34                  240                  0.10  {'h': 1.0, 'm': 0.5, 'l': 0.3, 'e': 0.0}  0.664697  0.680993  0.692308  0.639205  0.867251  0.908303  0.091697           0.264970           0.338815        0.178462  0.052308   0.052308   0.854201
1013   0.50                  0.34                  240                  0.15  {'h': 1.0, 'm': 0.5, 'l': 0.5, 'e': 0.0}  0.664697  0.680993  0.692308  0.639205  0.867251  0.908303  0.091697           0.264970           0.338815        0.175385  0.052308   0.052308   0.854201
1014   0.50                  0.34                  240                  0.15  {'h': 1.0, 'm': 0.5, 'l': 0.3, 'e': 0.0}  0.664697  0.680993  0.692308  0.639205  0.867251  0.908303  0.091697           0.264970           0.338815        0.178462  0.052308   0.052308   0.854201
1018   0.50                  0.34                  240                  0.20  {'h': 1.0, 'm': 0.5, 'l': 0.5, 'e': 0.0}  0.664697  0.680993  0.692308  0.639205  0.867251  0.908303  0.091697           0.264970           0.338815        0.175385  0.052308   0.052308   0.854201
1019   0.50                  0.34                  240                  0.20  {'h': 1.0, 'm': 0.5, 'l': 0.3, 'e': 0.0}  0.664697  0.680993  0.692308  0.639205  0.867251  0.908303  0.091697           0.264970           0.338815        0.178462  0.052308   0.052308   0.854201
1023   0.50                  0.34                  240                  0.25  {'h': 1.0, 'm': 0.5, 'l': 0.5, 'e': 0.0}  0.664697  0.680993  0.692308  0.639205  0.867251  0.908303  0.091697           0.264970           0.338815        0.175385  0.052308   0.052308   0.854201
1024   0.50                  0.34                  240                  0.25  {'h': 1.0, 'm': 0.5, 'l': 0.3, 'e': 0.0}  0.664697  0.680993  0.692308  0.639205  0.867251  0.908303  0.091697           0.264970           0.338815        0.178462  0.052308   0.052308   0.854201
1028   0.50                  0.34                  240                  0.30  {'h': 1.0, 'm': 0.5, 'l': 0.5, 'e': 0.0}  0.664697  0.680993  0.692308  0.639205  0.867251  0.908303  0.091697           0.264970           0.338815        0.175385  0.052308   0.052308   0.854201
1029   0.50                  0.34                  240                  0.30  {'h': 1.0, 'm': 0.5, 'l': 0.3, 'e': 0.0}  0.664697  0.680993  0.692308  0.639205  0.867251  0.908303  0.091697           0.264970           0.338815        0.178462  0.052308   0.052308   0.854201
1033   0.50                  0.34                  240                  0.45  {'h': 1.0, 'm': 0.5, 'l': 0.5, 'e': 0.0}  0.664697  0.680993  0.692308  0.639205  0.867251  0.908303  0.091697           0.264970           0.338815        0.175385  0.052308   0.052308   0.854201
1034   0.50                  0.34                  240                  0.45  {'h': 1.0, 'm': 0.5, 'l': 0.3, 'e': 0.0}  0.664697  0.680993  0.692308  0.639205  0.867251  0.908303  0.091697           0.264970           0.338815        0.178462  0.052308   0.052308   0.854201
1038   0.50                  0.34                  240                  0.50  {'h': 1.0, 'm': 0.5, 'l': 0.5, 'e': 0.0}  0.664697  0.680993  0.692308  0.639205  0.867251  0.908303  0.091697           0.264970           0.338815        0.175385  0.052308   0.052308   0.854201
1039   0.50                  0.34                  240                  0.50  {'h': 1.0, 'm': 0.5, 'l': 0.3, 'e': 0.0}  0.664697  0.680993  0.692308  0.639205  0.867251  0.908303  0.091697           0.264970           0.338815        0.178462  0.052308   0.052308   0.854201
1002   0.50                  0.34                  240                  0.05  {'h': 1.0, 'm': 0.5, 'l': 0.0, 'e': 0.0}  0.664697  0.680993  0.692308  0.639205  0.867251  0.908303  0.091697           0.264970           0.338815        0.178462  0.049231   0.049231   0.853728
1007   0.50                  0.34                  240                  0.10  {'h': 1.0, 'm': 0.5, 'l': 0.0, 'e': 0.0}  0.664697  0.680993  0.692308  0.639205  0.867251  0.908303  0.091697           0.264970           0.338815        0.178462  0.049231   0.049231   0.853728
1012   0.50                  0.34                  240                  0.15  {'h': 1.0, 'm': 0.5, 'l': 0.0, 'e': 0.0}  0.664697  0.680993  0.692308  0.639205  0.867251  0.908303  0.091697           0.264970           0.338815        0.178462  0.049231   0.049231   0.853728
1017   0.50                  0.34                  240                  0.20  {'h': 1.0, 'm': 0.5, 'l': 0.0, 'e': 0.0}  0.664697  0.680993  0.692308  0.639205  0.867251  0.908303  0.091697           0.264970           0.338815        0.178462  0.049231   0.049231   0.853728
1022   0.50                  0.34                  240                  0.25  {'h': 1.0, 'm': 0.5, 'l': 0.0, 'e': 0.0}  0.664697  0.680993  0.692308  0.639205  0.867251  0.908303  0.091697           0.264970           0.338815        0.178462  0.049231   0.049231   0.853728
1027   0.50                  0.34                  240                  0.30  {'h': 1.0, 'm': 0.5, 'l': 0.0, 'e': 0.0}  0.664697  0.680993  0.692308  0.639205  0.867251  0.908303  0.091697           0.264970           0.338815        0.178462  0.049231   0.049231   0.853728
1032   0.50                  0.34                  240                  0.45  {'h': 1.0, 'm': 0.5, 'l': 0.0, 'e': 0.0}  0.664697  0.680993  0.692308  0.639205  0.867251  0.908303  0.091697           0.264970           0.338815        0.178462  0.049231   0.049231   0.853728
1037   0.50                  0.34                  240                  0.50  {'h': 1.0, 'm': 0.5, 'l': 0.0, 'e': 0.0}  0.664697  0.680993  0.692308  0.639205  0.867251  0.908303  0.091697           0.264970           0.338815        0.178462  0.049231   0.049231   0.853728
1001   0.50                  0.34                  240                  0.05  {'h': 1.0, 'm': 0.0, 'l': 0.0, 'e': 0.0}  0.664697  0.680993  0.692308  0.639205  0.867251  0.908303  0.091697           0.264970           0.338815        0.166154  0.046154   0.046154   0.853254
1006   0.50                  0.34                  240                  0.10  {'h': 1.0, 'm': 0.0, 'l': 0.0, 'e': 0.0}  0.664697  0.680993  0.692308  0.639205  0.867251  0.908303  0.091697           0.264970           0.338815        0.166154  0.046154   0.046154   0.853254
1011   0.50                  0.34                  240                  0.15  {'h': 1.0, 'm': 0.0, 'l': 0.0, 'e': 0.0}  0.664697  0.680993  0.692308  0.639205  0.867251  0.908303  0.091697           0.264970           0.338815        0.166154  0.046154   0.046154   0.853254
1016   0.50                  0.34                  240                  0.20  {'h': 1.0, 'm': 0.0, 'l': 0.0, 'e': 0.0}  0.664697  0.680993  0.692308  0.639205  0.867251  0.908303  0.091697           0.264970           0.338815        0.166154  0.046154   0.046154   0.853254
1021   0.50                  0.34                  240                  0.25  {'h': 1.0, 'm': 0.0, 'l': 0.0, 'e': 0.0}  0.664697  0.680993  0.692308  0.639205  0.867251  0.908303  0.091697           0.264970           0.338815        0.166154  0.046154   0.046154   0.853254
1026   0.50                  0.34                  240                  0.30  {'h': 1.0, 'm': 0.0, 'l': 0.0, 'e': 0.0}  0.664697  0.680993  0.692308  0.639205  0.867251  0.908303  0.091697           0.264970           0.338815        0.166154  0.046154   0.046154   0.853254
1031   0.50                  0.34                  240                  0.45  {'h': 1.0, 'm': 0.0, 'l': 0.0, 'e': 0.0}  0.664697  0.680993  0.692308  0.639205  0.867251  0.908303  0.091697           0.264970           0.338815        0.166154  0.046154   0.046154   0.853254
1036   0.50                  0.34                  240                  0.50  {'h': 1.0, 'm': 0.0, 'l': 0.0, 'e': 0.0}  0.664697  0.680993  0.692308  0.639205  0.867251  0.908303  0.091697           0.264970           0.338815        0.166154  0.046154   0.046154   0.853254
1000   0.50                  0.34                  240                  0.05  {'h': 1.0, 'm': 1.0, 'l': 0.0, 'e': 0.0}  0.664697  0.680993  0.692308  0.639205  0.867251  0.908303  0.091697           0.264970           0.338815        0.156923  0.043077   0.043077   0.852781
1005   0.50                  0.34                  240                  0.10  {'h': 1.0, 'm': 1.0, 'l': 0.0, 'e': 0.0}  0.664697  0.680993  0.692308  0.639205  0.867251  0.908303  0.091697           0.264970           0.338815        0.156923  0.043077   0.043077   0.852781
1010   0.50                  0.34                  240                  0.15  {'h': 1.0, 'm': 1.0, 'l': 0.0, 'e': 0.0}  0.664697  0.680993  0.692308  0.639205  0.867251  0.908303  0.091697           0.264970           0.338815        0.156923  0.043077   0.043077   0.852781
1015   0.50                  0.34                  240                  0.20  {'h': 1.0, 'm': 1.0, 'l': 0.0, 'e': 0.0}  0.664697  0.680993  0.692308  0.639205  0.867251  0.908303  0.091697           0.264970           0.338815        0.156923  0.043077   0.043077   0.852781
1020   0.50                  0.34                  240                  0.25  {'h': 1.0, 'm': 1.0, 'l': 0.0, 'e': 0.0}  0.664697  0.680993  0.692308  0.639205  0.867251  0.908303  0.091697           0.264970           0.338815        0.156923  0.043077   0.043077   0.852781
1025   0.50                  0.34                  240                  0.30  {'h': 1.0, 'm': 1.0, 'l': 0.0, 'e': 0.0}  0.664697  0.680993  0.692308  0.639205  0.867251  0.908303  0.091697           0.264970           0.338815        0.156923  0.043077   0.043077   0.852781
1030   0.50                  0.34                  240                  0.45  {'h': 1.0, 'm': 1.0, 'l': 0.0, 'e': 0.0}  0.664697  0.680993  0.692308  0.639205  0.867251  0.908303  0.091697           0.264970           0.338815        0.156923  0.043077   0.043077   0.852781
1053   0.50                  0.34                  230                  0.05  {'h': 1.0, 'm': 0.5, 'l': 0.5, 'e': 0.0}  0.662757  0.681955  0.695385  0.633053  0.865497  0.905415  0.094585           0.264970           0.338815        0.175385  0.052308   0.052308   0.854201
1054   0.50                  0.34                  230                  0.05  {'h': 1.0, 'm': 0.5, 'l': 0.3, 'e': 0.0}  0.662757  0.681955  0.695385  0.633053  0.865497  0.905415  0.094585           0.264970           0.338815        0.178462  0.052308   0.052308   0.854201
1058   0.50                  0.34                  230                  0.10  {'h': 1.0, 'm': 0.5, 'l': 0.5, 'e': 0.0}  0.662757  0.681955  0.695385  0.633053  0.865497  0.905415  0.094585           0.264970           0.338815        0.175385  0.052308   0.052308   0.854201
1059   0.50                  0.34                  230                  0.10  {'h': 1.0, 'm': 0.5, 'l': 0.3, 'e': 0.0}  0.662757  0.681955  0.695385  0.633053  0.865497  0.905415  0.094585           0.264970           0.338815        0.178462  0.052308   0.052308   0.854201
1063   0.50                  0.34                  230                  0.15  {'h': 1.0, 'm': 0.5, 'l': 0.5, 'e': 0.0}  0.662757  0.681955  0.695385  0.633053  0.865497  0.905415  0.094585           0.264970           0.338815        0.175385  0.052308   0.052308   0.854201
1064   0.50                  0.34                  230                  0.15  {'h': 1.0, 'm': 0.5, 'l': 0.3, 'e': 0.0}  0.662757  0.681955  0.695385  0.633053  0.865497  0.905415  0.094585           0.264970           0.338815        0.178462  0.052308   0.052308   0.854201
1068   0.50                  0.34                  230                  0.20  {'h': 1.0, 'm': 0.5, 'l': 0.5, 'e': 0.0}  0.662757  0.681955  0.695385  0.633053  0.865497  0.905415  0.094585           0.264970           0.338815        0.175385  0.052308   0.052308   0.854201
1069   0.50                  0.34                  230                  0.20  {'h': 1.0, 'm': 0.5, 'l': 0.3, 'e': 0.0}  0.662757  0.681955  0.695385  0.633053  0.865497  0.905415  0.094585           0.264970           0.338815        0.178462  0.052308   0.052308   0.854201
1073   0.50                  0.34                  230                  0.25  {'h': 1.0, 'm': 0.5, 'l': 0.5, 'e': 0.0}  0.662757  0.681955  0.695385  0.633053  0.865497  0.905415  0.094585           0.264970           0.338815        0.175385  0.052308   0.052308   0.854201
1074   0.50                  0.34                  230                  0.25  {'h': 1.0, 'm': 0.5, 'l': 0.3, 'e': 0.0}  0.662757  0.681955  0.695385  0.633053  0.865497  0.905415  0.094585           0.264970           0.338815        0.178462  0.052308   0.052308   0.854201
1078   0.50                  0.34                  230                  0.30  {'h': 1.0, 'm': 0.5, 'l': 0.5, 'e': 0.0}  0.662757  0.681955  0.695385  0.633053  0.865497  0.905415  0.094585           0.264970           0.338815        0.175385  0.052308   0.052308   0.854201
1079   0.50                  0.34                  230                  0.30  {'h': 1.0, 'm': 0.5, 'l': 0.3, 'e': 0.0}  0.662757  0.681955  0.695385  0.633053  0.865497  0.905415  0.094585           0.264970           0.338815        0.178462  0.052308   0.052308   0.854201
1083   0.50                  0.34                  230                  0.45  {'h': 1.0, 'm': 0.5, 'l': 0.5, 'e': 0.0}  0.662757  0.681955  0.695385  0.633053  0.865497  0.905415  0.094585           0.264970           0.338815        0.175385  0.052308   0.052308   0.854201
1084   0.50                  0.34                  230                  0.45  {'h': 1.0, 'm': 0.5, 'l': 0.3, 'e': 0.0}  0.662757  0.681955  0.695385  0.633053  0.865497  0.905415  0.094585           0.264970           0.338815        0.178462  0.052308   0.052308   0.854201
1088   0.50                  0.34                  230                  0.50  {'h': 1.0, 'm': 0.5, 'l': 0.5, 'e': 0.0}  0.662757  0.681955  0.695385  0.633053  0.865497  0.905415  0.094585           0.264970           0.338815        0.175385  0.052308   0.052308   0.854201
1089   0.50                  0.34                  230                  0.50  {'h': 1.0, 'm': 0.5, 'l': 0.3, 'e': 0.0}  0.662757  0.681955  0.695385  0.633053  0.865497  0.905415  0.094585           0.264970           0.338815        0.178462  0.052308   0.052308   0.854201
1052   0.50                  0.34                  230                  0.05  {'h': 1.0, 'm': 0.5, 'l': 0.0, 'e': 0.0}  0.662757  0.681955  0.695385  0.633053  0.865497  0.905415  0.094585           0.264970           0.338815        0.178462  0.049231   0.049231   0.853728
1057   0.50                  0.34                  230                  0.10  {'h': 1.0, 'm': 0.5, 'l': 0.0, 'e': 0.0}  0.662757  0.681955  0.695385  0.633053  0.865497  0.905415  0.094585           0.264970           0.338815        0.178462  0.049231   0.049231   0.853728
1062   0.50                  0.34                  230                  0.15  {'h': 1.0, 'm': 0.5, 'l': 0.0, 'e': 0.0}  0.662757  0.681955  0.695385  0.633053  0.865497  0.905415  0.094585           0.264970           0.338815        0.178462  0.049231   0.049231   0.853728
1067   0.50                  0.34                  230                  0.20  {'h': 1.0, 'm': 0.5, 'l': 0.0, 'e': 0.0}  0.662757  0.681955  0.695385  0.633053  0.865497  0.905415  0.094585           0.264970           0.338815        0.178462  0.049231   0.049231   0.853728
1072   0.50                  0.34                  230                  0.25  {'h': 1.0, 'm': 0.5, 'l': 0.0, 'e': 0.0}  0.662757  0.681955  0.695385  0.633053  0.865497  0.905415  0.094585           0.264970           0.338815        0.178462  0.049231   0.049231   0.853728
1077   0.50                  0.34                  230                  0.30  {'h': 1.0, 'm': 0.5, 'l': 0.0, 'e': 0.0}  0.662757  0.681955  0.695385  0.633053  0.865497  0.905415  0.094585           0.264970           0.338815        0.178462  0.049231   0.049231   0.853728
1082   0.50                  0.34                  230                  0.45  {'h': 1.0, 'm': 0.5, 'l': 0.0, 'e': 0.0}  0.662757  0.681955  0.695385  0.633053  0.865497  0.905415  0.094585           0.264970           0.338815        0.178462  0.049231   0.049231   0.853728
1087   0.50                  0.34                  230                  0.50  {'h': 1.0, 'm': 0.5, 'l': 0.0, 'e': 0.0}  0.662757  0.681955  0.695385  0.633053  0.865497  0.905415  0.094585           0.264970           0.338815        0.178462  0.049231   0.049231   0.853728
1051   0.50                  0.34                  230                  0.05  {'h': 1.0, 'm': 0.0, 'l': 0.0, 'e': 0.0}  0.662757  0.681955  0.695385  0.633053  0.865497  0.905415  0.094585           0.264970           0.338815        0.166154  0.046154   0.046154   0.853254
1056   0.50                  0.34                  230                  0.10  {'h': 1.0, 'm': 0.0, 'l': 0.0, 'e': 0.0}  0.662757  0.681955  0.695385  0.633053  0.865497  0.905415  0.094585           0.264970           0.338815        0.166154  0.046154   0.046154   0.853254
1061   0.50                  0.34                  230                  0.15  {'h': 1.0, 'm': 0.0, 'l': 0.0, 'e': 0.0}  0.662757  0.681955  0.695385  0.633053  0.865497  0.905415  0.094585           0.264970           0.338815        0.166154  0.046154   0.046154   0.853254
1066   0.50                  0.34                  230                  0.20  {'h': 1.0, 'm': 0.0, 'l': 0.0, 'e': 0.0}  0.662757  0.681955  0.695385  0.633053  0.865497  0.905415  0.094585           0.264970           0.338815        0.166154  0.046154   0.046154   0.853254
1071   0.50                  0.34                  230                  0.25  {'h': 1.0, 'm': 0.0, 'l': 0.0, 'e': 0.0}  0.662757  0.681955  0.695385  0.633053  0.865497  0.905415  0.094585           0.264970           0.338815        0.166154  0.046154   0.046154   0.853254
1076   0.50                  0.34                  230                  0.30  {'h': 1.0, 'm': 0.0, 'l': 0.0, 'e': 0.0}  0.662757  0.681955  0.695385  0.633053  0.865497  0.905415  0.094585           0.264970           0.338815        0.166154  0.046154   0.046154   0.853254
1081   0.50                  0.34                  230                  0.45  {'h': 1.0, 'm': 0.0, 'l': 0.0, 'e': 0.0}  0.662757  0.681955  0.695385  0.633053  0.865497  0.905415  0.094585           0.264970           0.338815        0.166154  0.046154   0.046154   0.853254
1086   0.50                  0.34                  230                  0.50  {'h': 1.0, 'm': 0.0, 'l': 0.0, 'e': 0.0}  0.662757  0.681955  0.695385  0.633053  0.865497  0.905415  0.094585           0.264970           0.338815        0.166154  0.046154   0.046154   0.853254
1050   0.50                  0.34                  230                  0.05  {'h': 1.0, 'm': 1.0, 'l': 0.0, 'e': 0.0}  0.662757  0.681955  0.695385  0.633053  0.865497  0.905415  0.094585           0.264970           0.338815        0.156923  0.043077   0.043077   0.852781
1055   0.50                  0.34                  230                  0.10  {'h': 1.0, 'm': 1.0, 'l': 0.0, 'e': 0.0}  0.662757  0.681955  0.695385  0.633053  0.865497  0.905415  0.094585           0.264970           0.338815        0.156923  0.043077   0.043077   0.852781
1060   0.50                  0.34                  230                  0.15  {'h': 1.0, 'm': 1.0, 'l': 0.0, 'e': 0.0}  0.662757  0.681955  0.695385  0.633053  0.865497  0.905415  0.094585           0.264970           0.338815        0.156923  0.043077   0.043077   0.852781
1065   0.50                  0.34                  230                  0.20  {'h': 1.0, 'm': 1.0, 'l': 0.0, 'e': 0.0}  0.662757  0.681955  0.695385  0.633053  0.865497  0.905415  0.094585           0.264970           0.338815        0.156923  0.043077   0.043077   0.852781
1070   0.50                  0.34                  230                  0.25  {'h': 1.0, 'm': 1.0, 'l': 0.0, 'e': 0.0}  0.662757  0.681955  0.695385  0.633053  0.865497  0.905415  0.094585           0.264970           0.338815        0.156923  0.043077   0.043077   0.852781
1075   0.50                  0.34                  230                  0.30  {'h': 1.0, 'm': 1.0, 'l': 0.0, 'e': 0.0}  0.662757  0.681955  0.695385  0.633053  0.865497  0.905415  0.094585           0.264970           0.338815        0.156923  0.043077   0.043077   0.852781
1080   0.50                  0.34                  230                  0.45  {'h': 1.0, 'm': 1.0, 'l': 0.0, 'e': 0.0}  0.662757  0.681955  0.695385  0.633053  0.865497  0.905415  0.094585           0.264970           0.338815        0.156923  0.043077   0.043077   0.852781
1141   0.50                  0.34                  220                  0.60  {'h': 1.0, 'm': 0.0, 'l': 0.0, 'e': 0.0}  0.661829  0.685096  0.701538  0.626374  0.863743  0.901805  0.098195           0.264970           0.338815        0.166154  0.046154   0.046154   0.853254
4946   0.20                  0.29                  220                  0.70  {'h': 1.0, 'm': 0.0, 'l': 0.0, 'e': 0.0}  0.661608  0.667075  0.670769  0.652695  0.869591  0.916245  0.083755           0.268591           0.340478        0.147692  0.040000   0.040000   0.862857
4896   0.20                  0.29                  230                  0.70  {'h': 1.0, 'm': 0.0, 'l': 0.0, 'e': 0.0}  0.661585  0.665236  0.667692  0.655589  0.870175  0.917690  0.082310           0.268591           0.340478        0.147692  0.040000   0.040000   0.862857
2341   0.45                  0.33                  220                  0.60  {'h': 1.0, 'm': 0.0, 'l': 0.0, 'e': 0.0}  0.661111  0.702065  0.732308  0.602532  0.857310  0.886643  0.113357           0.269561           0.340551        0.166154  0.043077   0.043077   0.852781
2237   0.45                  0.33                  240                  0.50  {'h': 1.0, 'm': 0.5, 'l': 0.0, 'e': 0.0}  0.661088  0.700355  0.729231  0.604592  0.857895  0.888087  0.111913           0.269561           0.340551        0.178462  0.049231   0.049231   0.853728
2238   0.45                  0.33                  240                  0.50  {'h': 1.0, 'm': 0.5, 'l': 0.5, 'e': 0.0}  0.661064  0.698638  0.726154  0.606684  0.858480  0.889531  0.110469           0.269561           0.340551        0.175385  0.049231   0.049231   0.864176
2203   0.45                  0.33                  240                  0.05  {'h': 1.0, 'm': 0.5, 'l': 0.5, 'e': 0.0}  0.660167  0.699941  0.729231  0.603053  0.857310  0.887365  0.112635           0.269561           0.340551        0.178462  0.052308   0.052308   0.854201
2204   0.45                  0.33                  240                  0.05  {'h': 1.0, 'm': 0.5, 'l': 0.3, 'e': 0.0}  0.660167  0.699941  0.729231  0.603053  0.857310  0.887365  0.112635           0.269561           0.340551        0.178462  0.052308   0.052308   0.854201
2208   0.45                  0.33                  240                  0.10  {'h': 1.0, 'm': 0.5, 'l': 0.5, 'e': 0.0}  0.660167  0.699941  0.729231  0.603053  0.857310  0.887365  0.112635           0.269561           0.340551        0.178462  0.052308   0.052308   0.854201
2209   0.45                  0.33                  240                  0.10  {'h': 1.0, 'm': 0.5, 'l': 0.3, 'e': 0.0}  0.660167  0.699941  0.729231  0.603053  0.857310  0.887365  0.112635           0.269561           0.340551        0.178462  0.052308   0.052308   0.854201
2213   0.45                  0.33                  240                  0.15  {'h': 1.0, 'm': 0.5, 'l': 0.5, 'e': 0.0}  0.660167  0.699941  0.729231  0.603053  0.857310  0.887365  0.112635           0.269561           0.340551        0.178462  0.052308   0.052308   0.854201
2214   0.45                  0.33                  240                  0.15  {'h': 1.0, 'm': 0.5, 'l': 0.3, 'e': 0.0}  0.660167  0.699941  0.729231  0.603053  0.857310  0.887365  0.112635           0.269561           0.340551        0.178462  0.052308   0.052308   0.854201
2218   0.45                  0.33                  240                  0.20  {'h': 1.0, 'm': 0.5, 'l': 0.5, 'e': 0.0}  0.660167  0.699941  0.729231  0.603053  0.857310  0.887365  0.112635           0.269561           0.340551        0.178462  0.052308   0.052308   0.854201
2219   0.45                  0.33                  240                  0.20  {'h': 1.0, 'm': 0.5, 'l': 0.3, 'e': 0.0}  0.660167  0.699941  0.729231  0.603053  0.857310  0.887365  0.112635           0.269561           0.340551        0.178462  0.052308   0.052308   0.854201
2223   0.45                  0.33                  240                  0.25  {'h': 1.0, 'm': 0.5, 'l': 0.5, 'e': 0.0}  0.660167  0.699941  0.729231  0.603053  0.857310  0.887365  0.112635           0.269561           0.340551        0.178462  0.052308   0.052308   0.854201
2224   0.45                  0.33                  240                  0.25  {'h': 1.0, 'm': 0.5, 'l': 0.3, 'e': 0.0}  0.660167  0.699941  0.729231  0.603053  0.857310  0.887365  0.112635           0.269561           0.340551        0.178462  0.052308   0.052308   0.854201
2228   0.45                  0.33                  240                  0.30  {'h': 1.0, 'm': 0.5, 'l': 0.5, 'e': 0.0}  0.660167  0.699941  0.729231  0.603053  0.857310  0.887365  0.112635           0.269561           0.340551        0.178462  0.052308   0.052308   0.854201
2229   0.45                  0.33                  240                  0.30  {'h': 1.0, 'm': 0.5, 'l': 0.3, 'e': 0.0}  0.660167  0.699941  0.729231  0.603053  0.857310  0.887365  0.112635           0.269561           0.340551        0.178462  0.052308   0.052308   0.854201
2233   0.45                  0.33                  240                  0.45  {'h': 1.0, 'm': 0.5, 'l': 0.5, 'e': 0.0}  0.660167  0.699941  0.729231  0.603053  0.857310  0.887365  0.112635           0.269561           0.340551        0.178462  0.052308   0.052308   0.854201
2234   0.45                  0.33                  240                  0.45  {'h': 1.0, 'm': 0.5, 'l': 0.3, 'e': 0.0}  0.660167  0.699941  0.729231  0.603053  0.857310  0.887365  0.112635           0.269561           0.340551        0.178462  0.052308   0.052308   0.854201
2202   0.45                  0.33                  240                  0.05  {'h': 1.0, 'm': 0.5, 'l': 0.0, 'e': 0.0}  0.660167  0.699941  0.729231  0.603053  0.857310  0.887365  0.112635           0.269561           0.340551        0.178462  0.049231   0.049231   0.853728
2207   0.45                  0.33                  240                  0.10  {'h': 1.0, 'm': 0.5, 'l': 0.0, 'e': 0.0}  0.660167  0.699941  0.729231  0.603053  0.857310  0.887365  0.112635           0.269561           0.340551        0.178462  0.049231   0.049231   0.853728
2212   0.45                  0.33                  240                  0.15  {'h': 1.0, 'm': 0.5, 'l': 0.0, 'e': 0.0}  0.660167  0.699941  0.729231  0.603053  0.857310  0.887365  0.112635           0.269561           0.340551        0.178462  0.049231   0.049231   0.853728
2217   0.45                  0.33                  240                  0.20  {'h': 1.0, 'm': 0.5, 'l': 0.0, 'e': 0.0}  0.660167  0.699941  0.729231  0.603053  0.857310  0.887365  0.112635           0.269561           0.340551        0.178462  0.049231   0.049231   0.853728
2222   0.45                  0.33                  240                  0.25  {'h': 1.0, 'm': 0.5, 'l': 0.0, 'e': 0.0}  0.660167  0.699941  0.729231  0.603053  0.857310  0.887365  0.112635           0.269561           0.340551        0.178462  0.049231   0.049231   0.853728
2227   0.45                  0.33                  240                  0.30  {'h': 1.0, 'm': 0.5, 'l': 0.0, 'e': 0.0}  0.660167  0.699941  0.729231  0.603053  0.857310  0.887365  0.112635           0.269561           0.340551        0.178462  0.049231   0.049231   0.853728
2232   0.45                  0.33                  240                  0.45  {'h': 1.0, 'm': 0.5, 'l': 0.0, 'e': 0.0}  0.660167  0.699941  0.729231  0.603053  0.857310  0.887365  0.112635           0.269561           0.340551        0.178462  0.049231   0.049231   0.853728
2200   0.45                  0.33                  240                  0.05  {'h': 1.0, 'm': 1.0, 'l': 0.0, 'e': 0.0}  0.660167  0.699941  0.729231  0.603053  0.857310  0.887365  0.112635           0.269561           0.340551        0.163077  0.046154   0.046154   0.853254
2205   0.45                  0.33                  240                  0.10  {'h': 1.0, 'm': 1.0, 'l': 0.0, 'e': 0.0}  0.660167  0.699941  0.729231  0.603053  0.857310  0.887365  0.112635           0.269561           0.340551        0.163077  0.046154   0.046154   0.853254
2210   0.45                  0.33                  240                  0.15  {'h': 1.0, 'm': 1.0, 'l': 0.0, 'e': 0.0}  0.660167  0.699941  0.729231  0.603053  0.857310  0.887365  0.112635           0.269561           0.340551        0.163077  0.046154   0.046154   0.853254
2215   0.45                  0.33                  240                  0.20  {'h': 1.0, 'm': 1.0, 'l': 0.0, 'e': 0.0}  0.660167  0.699941  0.729231  0.603053  0.857310  0.887365  0.112635           0.269561           0.340551        0.163077  0.046154   0.046154   0.853254
2220   0.45                  0.33                  240                  0.25  {'h': 1.0, 'm': 1.0, 'l': 0.0, 'e': 0.0}  0.660167  0.699941  0.729231  0.603053  0.857310  0.887365  0.112635           0.269561           0.340551        0.163077  0.046154   0.046154   0.853254
2225   0.45                  0.33                  240                  0.30  {'h': 1.0, 'm': 1.0, 'l': 0.0, 'e': 0.0}  0.660167  0.699941  0.729231  0.603053  0.857310  0.887365  0.112635           0.269561           0.340551        0.163077  0.046154   0.046154   0.853254
2230   0.45                  0.33                  240                  0.45  {'h': 1.0, 'm': 1.0, 'l': 0.0, 'e': 0.0}  0.660167  0.699941  0.729231  0.603053  0.857310  0.887365  0.112635           0.269561           0.340551        0.163077  0.046154   0.046154   0.853254
2201   0.45                  0.33                  240                  0.05  {'h': 1.0, 'm': 0.0, 'l': 0.0, 'e': 0.0}  0.660167  0.699941  0.729231  0.603053  0.857310  0.887365  0.112635           0.269561           0.340551        0.166154  0.043077   0.043077   0.852781
2206   0.45                  0.33                  240                  0.10  {'h': 1.0, 'm': 0.0, 'l': 0.0, 'e': 0.0}  0.660167  0.699941  0.729231  0.603053  0.857310  0.887365  0.112635           0.269561           0.340551        0.166154  0.043077   0.043077   0.852781
2211   0.45                  0.33                  240                  0.15  {'h': 1.0, 'm': 0.0, 'l': 0.0, 'e': 0.0}  0.660167  0.699941  0.729231  0.603053  0.857310  0.887365  0.112635           0.269561           0.340551        0.166154  0.043077   0.043077   0.852781
2216   0.45                  0.33                  240                  0.20  {'h': 1.0, 'm': 0.0, 'l': 0.0, 'e': 0.0}  0.660167  0.699941  0.729231  0.603053  0.857310  0.887365  0.112635           0.269561           0.340551        0.166154  0.043077   0.043077   0.852781
2221   0.45                  0.33                  240                  0.25  {'h': 1.0, 'm': 0.0, 'l': 0.0, 'e': 0.0}  0.660167  0.699941  0.729231  0.603053  0.857310  0.887365  0.112635           0.269561           0.340551        0.166154  0.043077   0.043077   0.852781
2226   0.45                  0.33                  240                  0.30  {'h': 1.0, 'm': 0.0, 'l': 0.0, 'e': 0.0}  0.660167  0.699941  0.729231  0.603053  0.857310  0.887365  0.112635           0.269561           0.340551        0.166154  0.043077   0.043077   0.852781
2231   0.45                  0.33                  240                  0.45  {'h': 1.0, 'm': 0.0, 'l': 0.0, 'e': 0.0}  0.660167  0.699941  0.729231  0.603053  0.857310  0.887365  0.112635           0.269561           0.340551        0.166154  0.043077   0.043077   0.852781
2236   0.45                  0.33                  240                  0.50  {'h': 1.0, 'm': 0.0, 'l': 0.0, 'e': 0.0}  0.660167  0.699941  0.729231  0.603053  0.857310  0.887365  0.112635           0.269561           0.340551        0.166154  0.043077   0.043077   0.852781
2239   0.45                  0.33                  240                  0.50  {'h': 1.0, 'm': 0.5, 'l': 0.3, 'e': 0.0}  0.659218  0.697812  0.726154  0.603581  0.857310  0.888087  0.111913           0.269561           0.340551        0.175385  0.049231   0.049231   0.864176
3639   0.25                  0.30                  240                  0.50  {'h': 1.0, 'm': 0.5, 'l': 0.3, 'e': 0.0}  0.659026  0.687388  0.707692  0.616622  0.860819  0.896751  0.103249           0.271461           0.339660        0.169231  0.061538   0.061538   0.855621
1138   0.50                  0.34                  220                  0.50  {'h': 1.0, 'm': 0.5, 'l': 0.5, 'e': 0.0}  0.658960  0.683863  0.701538  0.621253  0.861988  0.899639  0.100361           0.264970           0.338815        0.175385  0.052308   0.052308   0.854201
1139   0.50                  0.34                  220                  0.50  {'h': 1.0, 'm': 0.5, 'l': 0.3, 'e': 0.0}  0.658960  0.683863  0.701538  0.621253  0.861988  0.899639  0.100361           0.264970           0.338815        0.178462  0.052308   0.052308   0.854201
1137   0.50                  0.34                  220                  0.50  {'h': 1.0, 'm': 0.5, 'l': 0.0, 'e': 0.0}  0.658960  0.683863  0.701538  0.621253  0.861988  0.899639  0.100361           0.264970           0.338815        0.178462  0.049231   0.049231   0.853728
4846   0.20                  0.29                  240                  0.70  {'h': 1.0, 'm': 0.0, 'l': 0.0, 'e': 0.0}  0.658423  0.656597  0.655385  0.661491  0.870760  0.921300  0.078700           0.268591           0.340478        0.147692  0.040000   0.040000   0.862857
4888   0.20                  0.29                  230                  0.50  {'h': 1.0, 'm': 0.5, 'l': 0.5, 'e': 0.0}  0.658333  0.699115  0.729231  0.600000  0.856140  0.885921  0.114079           0.268591           0.340478        0.175385  0.058462   0.058462   0.855148
4889   0.20                  0.29                  230                  0.50  {'h': 1.0, 'm': 0.5, 'l': 0.3, 'e': 0.0}  0.658333  0.699115  0.729231  0.600000  0.856140  0.885921  0.114079           0.268591           0.340478        0.169231  0.058462   0.058462   0.855148
3689   0.25                  0.30                  230                  0.50  {'h': 1.0, 'm': 0.5, 'l': 0.3, 'e': 0.0}  0.658192  0.692216  0.716923  0.608355  0.858480  0.891697  0.108303           0.271461           0.339660        0.169231  0.061538   0.061538   0.855621
3603   0.25                  0.30                  240                  0.05  {'h': 1.0, 'm': 0.5, 'l': 0.5, 'e': 0.0}  0.658083  0.686977  0.707692  0.614973  0.860234  0.896029  0.103971           0.271461           0.339660        0.172308  0.061538   0.061538   0.855621
3604   0.25                  0.30                  240                  0.05  {'h': 1.0, 'm': 0.5, 'l': 0.3, 'e': 0.0}  0.658083  0.686977  0.707692  0.614973  0.860234  0.896029  0.103971           0.271461           0.339660        0.169231  0.061538   0.061538   0.855621
3608   0.25                  0.30                  240                  0.10  {'h': 1.0, 'm': 0.5, 'l': 0.5, 'e': 0.0}  0.658083  0.686977  0.707692  0.614973  0.860234  0.896029  0.103971           0.271461           0.339660        0.172308  0.061538   0.061538   0.855621
3609   0.25                  0.30                  240                  0.10  {'h': 1.0, 'm': 0.5, 'l': 0.3, 'e': 0.0}  0.658083  0.686977  0.707692  0.614973  0.860234  0.896029  0.103971           0.271461           0.339660        0.169231  0.061538   0.061538   0.855621
3613   0.25                  0.30                  240                  0.15  {'h': 1.0, 'm': 0.5, 'l': 0.5, 'e': 0.0}  0.658083  0.686977  0.707692  0.614973  0.860234  0.896029  0.103971           0.271461           0.339660        0.172308  0.061538   0.061538   0.855621
3614   0.25                  0.30                  240                  0.15  {'h': 1.0, 'm': 0.5, 'l': 0.3, 'e': 0.0}  0.658083  0.686977  0.707692  0.614973  0.860234  0.896029  0.103971           0.271461           0.339660        0.169231  0.061538   0.061538   0.855621
3618   0.25                  0.30                  240                  0.20  {'h': 1.0, 'm': 0.5, 'l': 0.5, 'e': 0.0}  0.658083  0.686977  0.707692  0.614973  0.860234  0.896029  0.103971           0.271461           0.339660        0.172308  0.061538   0.061538   0.855621
3619   0.25                  0.30                  240                  0.20  {'h': 1.0, 'm': 0.5, 'l': 0.3, 'e': 0.0}  0.658083  0.686977  0.707692  0.614973  0.860234  0.896029  0.103971           0.271461           0.339660        0.169231  0.061538   0.061538   0.855621
3623   0.25                  0.30                  240                  0.25  {'h': 1.0, 'm': 0.5, 'l': 0.5, 'e': 0.0}  0.658083  0.686977  0.707692  0.614973  0.860234  0.896029  0.103971           0.271461           0.339660        0.172308  0.061538   0.061538   0.855621
3624   0.25                  0.30                  240                  0.25  {'h': 1.0, 'm': 0.5, 'l': 0.3, 'e': 0.0}  0.658083  0.686977  0.707692  0.614973  0.860234  0.896029  0.103971           0.271461           0.339660        0.169231  0.061538   0.061538   0.855621
3628   0.25                  0.30                  240                  0.30  {'h': 1.0, 'm': 0.5, 'l': 0.5, 'e': 0.0}  0.658083  0.686977  0.707692  0.614973  0.860234  0.896029  0.103971           0.271461           0.339660        0.172308  0.061538   0.061538   0.855621
3629   0.25                  0.30                  240                  0.30  {'h': 1.0, 'm': 0.5, 'l': 0.3, 'e': 0.0}  0.658083  0.686977  0.707692  0.614973  0.860234  0.896029  0.103971           0.271461           0.339660        0.169231  0.061538   0.061538   0.855621
3633   0.25                  0.30                  240                  0.45  {'h': 1.0, 'm': 0.5, 'l': 0.5, 'e': 0.0}  0.658083  0.686977  0.707692  0.614973  0.860234  0.896029  0.103971           0.271461           0.339660        0.172308  0.061538   0.061538   0.855621
3634   0.25                  0.30                  240                  0.45  {'h': 1.0, 'm': 0.5, 'l': 0.3, 'e': 0.0}  0.658083  0.686977  0.707692  0.614973  0.860234  0.896029  0.103971           0.271461           0.339660        0.169231  0.061538   0.061538   0.855621
3602   0.25                  0.30                  240                  0.05  {'h': 1.0, 'm': 0.5, 'l': 0.0, 'e': 0.0}  0.658083  0.686977  0.707692  0.614973  0.860234  0.896029  0.103971           0.271461           0.339660        0.172308  0.052308   0.052308   0.854201
3607   0.25                  0.30                  240                  0.10  {'h': 1.0, 'm': 0.5, 'l': 0.0, 'e': 0.0}  0.658083  0.686977  0.707692  0.614973  0.860234  0.896029  0.103971           0.271461           0.339660        0.172308  0.052308   0.052308   0.854201
3612   0.25                  0.30                  240                  0.15  {'h': 1.0, 'm': 0.5, 'l': 0.0, 'e': 0.0}  0.658083  0.686977  0.707692  0.614973  0.860234  0.896029  0.103971           0.271461           0.339660        0.172308  0.052308   0.052308   0.854201
3617   0.25                  0.30                  240                  0.20  {'h': 1.0, 'm': 0.5, 'l': 0.0, 'e': 0.0}  0.658083  0.686977  0.707692  0.614973  0.860234  0.896029  0.103971           0.271461           0.339660        0.172308  0.052308   0.052308   0.854201
3622   0.25                  0.30                  240                  0.25  {'h': 1.0, 'm': 0.5, 'l': 0.0, 'e': 0.0}  0.658083  0.686977  0.707692  0.614973  0.860234  0.896029  0.103971           0.271461           0.339660        0.172308  0.052308   0.052308   0.854201
3627   0.25                  0.30                  240                  0.30  {'h': 1.0, 'm': 0.5, 'l': 0.0, 'e': 0.0}  0.658083  0.686977  0.707692  0.614973  0.860234  0.896029  0.103971           0.271461           0.339660        0.172308  0.052308   0.052308   0.854201
3632   0.25                  0.30                  240                  0.45  {'h': 1.0, 'm': 0.5, 'l': 0.0, 'e': 0.0}  0.658083  0.686977  0.707692  0.614973  0.860234  0.896029  0.103971           0.271461           0.339660        0.172308  0.052308   0.052308   0.854201
3637   0.25                  0.30                  240                  0.50  {'h': 1.0, 'm': 0.5, 'l': 0.0, 'e': 0.0}  0.658083  0.686977  0.707692  0.614973  0.860234  0.896029  0.103971           0.271461           0.339660        0.172308  0.052308   0.052308   0.854201
3601   0.25                  0.30                  240                  0.05  {'h': 1.0, 'm': 0.0, 'l': 0.0, 'e': 0.0}  0.658083  0.686977  0.707692  0.614973  0.860234  0.896029  0.103971           0.271461           0.339660        0.166154  0.046154   0.046154   0.853254
3606   0.25                  0.30                  240                  0.10  {'h': 1.0, 'm': 0.0, 'l': 0.0, 'e': 0.0}  0.658083  0.686977  0.707692  0.614973  0.860234  0.896029  0.103971           0.271461           0.339660        0.166154  0.046154   0.046154   0.853254
3611   0.25                  0.30                  240                  0.15  {'h': 1.0, 'm': 0.0, 'l': 0.0, 'e': 0.0}  0.658083  0.686977  0.707692  0.614973  0.860234  0.896029  0.103971           0.271461           0.339660        0.166154  0.046154   0.046154   0.853254
3616   0.25                  0.30                  240                  0.20  {'h': 1.0, 'm': 0.0, 'l': 0.0, 'e': 0.0}  0.658083  0.686977  0.707692  0.614973  0.860234  0.896029  0.103971           0.271461           0.339660        0.166154  0.046154   0.046154   0.853254
3621   0.25                  0.30                  240                  0.25  {'h': 1.0, 'm': 0.0, 'l': 0.0, 'e': 0.0}  0.658083  0.686977  0.707692  0.614973  0.860234  0.896029  0.103971           0.271461           0.339660        0.166154  0.046154   0.046154   0.853254
3626   0.25                  0.30                  240                  0.30  {'h': 1.0, 'm': 0.0, 'l': 0.0, 'e': 0.0}  0.658083  0.686977  0.707692  0.614973  0.860234  0.896029  0.103971           0.271461           0.339660        0.166154  0.046154   0.046154   0.853254
3631   0.25                  0.30                  240                  0.45  {'h': 1.0, 'm': 0.0, 'l': 0.0, 'e': 0.0}  0.658083  0.686977  0.707692  0.614973  0.860234  0.896029  0.103971           0.271461           0.339660        0.166154  0.046154   0.046154   0.853254
3636   0.25                  0.30                  240                  0.50  {'h': 1.0, 'm': 0.0, 'l': 0.0, 'e': 0.0}  0.658083  0.686977  0.707692  0.614973  0.860234  0.896029  0.103971           0.271461           0.339660        0.166154  0.046154   0.046154   0.853254
3641   0.25                  0.30                  240                  0.60  {'h': 1.0, 'm': 0.0, 'l': 0.0, 'e': 0.0}  0.658083  0.686977  0.707692  0.614973  0.860234  0.896029  0.103971           0.271461           0.339660        0.166154  0.046154   0.046154   0.853254
3600   0.25                  0.30                  240                  0.05  {'h': 1.0, 'm': 1.0, 'l': 0.0, 'e': 0.0}  0.658083  0.686977  0.707692  0.614973  0.860234  0.896029  0.103971           0.271461           0.339660        0.178462  0.043077   0.043077   0.852781
3605   0.25                  0.30                  240                  0.10  {'h': 1.0, 'm': 1.0, 'l': 0.0, 'e': 0.0}  0.658083  0.686977  0.707692  0.614973  0.860234  0.896029  0.103971           0.271461           0.339660        0.178462  0.043077   0.043077   0.852781
3610   0.25                  0.30                  240                  0.15  {'h': 1.0, 'm': 1.0, 'l': 0.0, 'e': 0.0}  0.658083  0.686977  0.707692  0.614973  0.860234  0.896029  0.103971           0.271461           0.339660        0.178462  0.043077   0.043077   0.852781
3615   0.25                  0.30                  240                  0.20  {'h': 1.0, 'm': 1.0, 'l': 0.0, 'e': 0.0}  0.658083  0.686977  0.707692  0.614973  0.860234  0.896029  0.103971           0.271461           0.339660        0.178462  0.043077   0.043077   0.852781
3620   0.25                  0.30                  240                  0.25  {'h': 1.0, 'm': 1.0, 'l': 0.0, 'e': 0.0}  0.658083  0.686977  0.707692  0.614973  0.860234  0.896029  0.103971           0.271461           0.339660        0.178462  0.043077   0.043077   0.852781
3625   0.25                  0.30                  240                  0.30  {'h': 1.0, 'm': 1.0, 'l': 0.0, 'e': 0.0}  0.658083  0.686977  0.707692  0.614973  0.860234  0.896029  0.103971           0.271461           0.339660        0.178462  0.043077   0.043077   0.852781
3630   0.25                  0.30                  240                  0.45  {'h': 1.0, 'm': 1.0, 'l': 0.0, 'e': 0.0}  0.658083  0.686977  0.707692  0.614973  0.860234  0.896029  0.103971           0.271461           0.339660        0.178462  0.043077   0.043077   0.852781
1103   0.50                  0.34                  220                  0.05  {'h': 1.0, 'm': 0.5, 'l': 0.5, 'e': 0.0}  0.658009  0.683453  0.701538  0.619565  0.861404  0.898917  0.101083           0.264970           0.338815        0.175385  0.052308   0.052308   0.854201
1104   0.50                  0.34                  220                  0.05  {'h': 1.0, 'm': 0.5, 'l': 0.3, 'e': 0.0}  0.658009  0.683453  0.701538  0.619565  0.861404  0.898917  0.101083           0.264970           0.338815        0.178462  0.052308   0.052308   0.854201
1108   0.50                  0.34                  220                  0.10  {'h': 1.0, 'm': 0.5, 'l': 0.5, 'e': 0.0}  0.658009  0.683453  0.701538  0.619565  0.861404  0.898917  0.101083           0.264970           0.338815        0.175385  0.052308   0.052308   0.854201
1109   0.50                  0.34                  220                  0.10  {'h': 1.0, 'm': 0.5, 'l': 0.3, 'e': 0.0}  0.658009  0.683453  0.701538  0.619565  0.861404  0.898917  0.101083           0.264970           0.338815        0.178462  0.052308   0.052308   0.854201
1113   0.50                  0.34                  220                  0.15  {'h': 1.0, 'm': 0.5, 'l': 0.5, 'e': 0.0}  0.658009  0.683453  0.701538  0.619565  0.861404  0.898917  0.101083           0.264970           0.338815        0.175385  0.052308   0.052308   0.854201
1114   0.50                  0.34                  220                  0.15  {'h': 1.0, 'm': 0.5, 'l': 0.3, 'e': 0.0}  0.658009  0.683453  0.701538  0.619565  0.861404  0.898917  0.101083           0.264970           0.338815        0.178462  0.052308   0.052308   0.854201
1118   0.50                  0.34                  220                  0.20  {'h': 1.0, 'm': 0.5, 'l': 0.5, 'e': 0.0}  0.658009  0.683453  0.701538  0.619565  0.861404  0.898917  0.101083           0.264970           0.338815        0.175385  0.052308   0.052308   0.854201
1119   0.50                  0.34                  220                  0.20  {'h': 1.0, 'm': 0.5, 'l': 0.3, 'e': 0.0}  0.658009  0.683453  0.701538  0.619565  0.861404  0.898917  0.101083           0.264970           0.338815        0.178462  0.052308   0.052308   0.854201
1123   0.50                  0.34                  220                  0.25  {'h': 1.0, 'm': 0.5, 'l': 0.5, 'e': 0.0}  0.658009  0.683453  0.701538  0.619565  0.861404  0.898917  0.101083           0.264970           0.338815        0.175385  0.052308   0.052308   0.854201
1124   0.50                  0.34                  220                  0.25  {'h': 1.0, 'm': 0.5, 'l': 0.3, 'e': 0.0}  0.658009  0.683453  0.701538  0.619565  0.861404  0.898917  0.101083           0.264970           0.338815        0.178462  0.052308   0.052308   0.854201
1128   0.50                  0.34                  220                  0.30  {'h': 1.0, 'm': 0.5, 'l': 0.5, 'e': 0.0}  0.658009  0.683453  0.701538  0.619565  0.861404  0.898917  0.101083           0.264970           0.338815        0.175385  0.052308   0.052308   0.854201
1129   0.50                  0.34                  220                  0.30  {'h': 1.0, 'm': 0.5, 'l': 0.3, 'e': 0.0}  0.658009  0.683453  0.701538  0.619565  0.861404  0.898917  0.101083           0.264970           0.338815        0.178462  0.052308   0.052308   0.854201
1133   0.50                  0.34                  220                  0.45  {'h': 1.0, 'm': 0.5, 'l': 0.5, 'e': 0.0}  0.658009  0.683453  0.701538  0.619565  0.861404  0.898917  0.101083           0.264970           0.338815        0.175385  0.052308   0.052308   0.854201
1134   0.50                  0.34                  220                  0.45  {'h': 1.0, 'm': 0.5, 'l': 0.3, 'e': 0.0}  0.658009  0.683453  0.701538  0.619565  0.861404  0.898917  0.101083           0.264970           0.338815        0.178462  0.052308   0.052308   0.854201
1102   0.50                  0.34                  220                  0.05  {'h': 1.0, 'm': 0.5, 'l': 0.0, 'e': 0.0}  0.658009  0.683453  0.701538  0.619565  0.861404  0.898917  0.101083           0.264970           0.338815        0.178462  0.049231   0.049231   0.853728
1107   0.50                  0.34                  220                  0.10  {'h': 1.0, 'm': 0.5, 'l': 0.0, 'e': 0.0}  0.658009  0.683453  0.701538  0.619565  0.861404  0.898917  0.101083           0.264970           0.338815        0.178462  0.049231   0.049231   0.853728
1112   0.50                  0.34                  220                  0.15  {'h': 1.0, 'm': 0.5, 'l': 0.0, 'e': 0.0}  0.658009  0.683453  0.701538  0.619565  0.861404  0.898917  0.101083           0.264970           0.338815        0.178462  0.049231   0.049231   0.853728
1117   0.50                  0.34                  220                  0.20  {'h': 1.0, 'm': 0.5, 'l': 0.0, 'e': 0.0}  0.658009  0.683453  0.701538  0.619565  0.861404  0.898917  0.101083           0.264970           0.338815        0.178462  0.049231   0.049231   0.853728
1122   0.50                  0.34                  220                  0.25  {'h': 1.0, 'm': 0.5, 'l': 0.0, 'e': 0.0}  0.658009  0.683453  0.701538  0.619565  0.861404  0.898917  0.101083           0.264970           0.338815        0.178462  0.049231   0.049231   0.853728
1127   0.50                  0.34                  220                  0.30  {'h': 1.0, 'm': 0.5, 'l': 0.0, 'e': 0.0}  0.658009  0.683453  0.701538  0.619565  0.861404  0.898917  0.101083           0.264970           0.338815        0.178462  0.049231   0.049231   0.853728
1132   0.50                  0.34                  220                  0.45  {'h': 1.0, 'm': 0.5, 'l': 0.0, 'e': 0.0}  0.658009  0.683453  0.701538  0.619565  0.861404  0.898917  0.101083           0.264970           0.338815        0.178462  0.049231   0.049231   0.853728
1101   0.50                  0.34                  220                  0.05  {'h': 1.0, 'm': 0.0, 'l': 0.0, 'e': 0.0}  0.658009  0.683453  0.701538  0.619565  0.861404  0.898917  0.101083           0.264970           0.338815        0.166154  0.046154   0.046154   0.853254
1106   0.50                  0.34                  220                  0.10  {'h': 1.0, 'm': 0.0, 'l': 0.0, 'e': 0.0}  0.658009  0.683453  0.701538  0.619565  0.861404  0.898917  0.101083           0.264970           0.338815        0.166154  0.046154   0.046154   0.853254
1111   0.50                  0.34                  220                  0.15  {'h': 1.0, 'm': 0.0, 'l': 0.0, 'e': 0.0}  0.658009  0.683453  0.701538  0.619565  0.861404  0.898917  0.101083           0.264970           0.338815        0.166154  0.046154   0.046154   0.853254
1116   0.50                  0.34                  220                  0.20  {'h': 1.0, 'm': 0.0, 'l': 0.0, 'e': 0.0}  0.658009  0.683453  0.701538  0.619565  0.861404  0.898917  0.101083           0.264970           0.338815        0.166154  0.046154   0.046154   0.853254
1121   0.50                  0.34                  220                  0.25  {'h': 1.0, 'm': 0.0, 'l': 0.0, 'e': 0.0}  0.658009  0.683453  0.701538  0.619565  0.861404  0.898917  0.101083           0.264970           0.338815        0.166154  0.046154   0.046154   0.853254
1126   0.50                  0.34                  220                  0.30  {'h': 1.0, 'm': 0.0, 'l': 0.0, 'e': 0.0}  0.658009  0.683453  0.701538  0.619565  0.861404  0.898917  0.101083           0.264970           0.338815        0.166154  0.046154   0.046154   0.853254
1131   0.50                  0.34                  220                  0.45  {'h': 1.0, 'm': 0.0, 'l': 0.0, 'e': 0.0}  0.658009  0.683453  0.701538  0.619565  0.861404  0.898917  0.101083           0.264970           0.338815        0.166154  0.046154   0.046154   0.853254
1136   0.50                  0.34                  220                  0.50  {'h': 1.0, 'm': 0.0, 'l': 0.0, 'e': 0.0}  0.658009  0.683453  0.701538  0.619565  0.861404  0.898917  0.101083           0.264970           0.338815        0.166154  0.046154   0.046154   0.853254
1100   0.50                  0.34                  220                  0.05  {'h': 1.0, 'm': 1.0, 'l': 0.0, 'e': 0.0}  0.658009  0.683453  0.701538  0.619565  0.861404  0.898917  0.101083           0.264970           0.338815        0.156923  0.043077   0.043077   0.852781
1105   0.50                  0.34                  220                  0.10  {'h': 1.0, 'm': 1.0, 'l': 0.0, 'e': 0.0}  0.658009  0.683453  0.701538  0.619565  0.861404  0.898917  0.101083           0.264970           0.338815        0.156923  0.043077   0.043077   0.852781
1110   0.50                  0.34                  220                  0.15  {'h': 1.0, 'm': 1.0, 'l': 0.0, 'e': 0.0}  0.658009  0.683453  0.701538  0.619565  0.861404  0.898917  0.101083           0.264970           0.338815        0.156923  0.043077   0.043077   0.852781
1115   0.50                  0.34                  220                  0.20  {'h': 1.0, 'm': 1.0, 'l': 0.0, 'e': 0.0}  0.658009  0.683453  0.701538  0.619565  0.861404  0.898917  0.101083           0.264970           0.338815        0.156923  0.043077   0.043077   0.852781
1120   0.50                  0.34                  220                  0.25  {'h': 1.0, 'm': 1.0, 'l': 0.0, 'e': 0.0}  0.658009  0.683453  0.701538  0.619565  0.861404  0.898917  0.101083           0.264970           0.338815        0.156923  0.043077   0.043077   0.852781
1125   0.50                  0.34                  220                  0.30  {'h': 1.0, 'm': 1.0, 'l': 0.0, 'e': 0.0}  0.658009  0.683453  0.701538  0.619565  0.861404  0.898917  0.101083           0.264970           0.338815        0.156923  0.043077   0.043077   0.852781
1130   0.50                  0.34                  220                  0.45  {'h': 1.0, 'm': 1.0, 'l': 0.0, 'e': 0.0}  0.658009  0.683453  0.701538  0.619565  0.861404  0.898917  0.101083           0.264970           0.338815        0.156923  0.043077   0.043077   0.852781
4853   0.20                  0.29                  230                  0.05  {'h': 1.0, 'm': 0.5, 'l': 0.5, 'e': 0.0}  0.657420  0.698703  0.729231  0.598485  0.855556  0.885199  0.114801           0.268591           0.340478        0.175385  0.058462   0.058462   0.855148
4854   0.20                  0.29                  230                  0.05  {'h': 1.0, 'm': 0.5, 'l': 0.3, 'e': 0.0}  0.657420  0.698703  0.729231  0.598485  0.855556  0.885199  0.114801           0.268591           0.340478        0.169231  0.058462   0.058462   0.855148
4858   0.20                  0.29                  230                  0.10  {'h': 1.0, 'm': 0.5, 'l': 0.5, 'e': 0.0}  0.657420  0.698703  0.729231  0.598485  0.855556  0.885199  0.114801           0.268591           0.340478        0.175385  0.058462   0.058462   0.855148
4859   0.20                  0.29                  230                  0.10  {'h': 1.0, 'm': 0.5, 'l': 0.3, 'e': 0.0}  0.657420  0.698703  0.729231  0.598485  0.855556  0.885199  0.114801           0.268591           0.340478        0.169231  0.058462   0.058462   0.855148
4863   0.20                  0.29                  230                  0.15  {'h': 1.0, 'm': 0.5, 'l': 0.5, 'e': 0.0}  0.657420  0.698703  0.729231  0.598485  0.855556  0.885199  0.114801           0.268591           0.340478        0.175385  0.058462   0.058462   0.855148
4864   0.20                  0.29                  230                  0.15  {'h': 1.0, 'm': 0.5, 'l': 0.3, 'e': 0.0}  0.657420  0.698703  0.729231  0.598485  0.855556  0.885199  0.114801           0.268591           0.340478        0.169231  0.058462   0.058462   0.855148
4868   0.20                  0.29                  230                  0.20  {'h': 1.0, 'm': 0.5, 'l': 0.5, 'e': 0.0}  0.657420  0.698703  0.729231  0.598485  0.855556  0.885199  0.114801           0.268591           0.340478        0.175385  0.058462   0.058462   0.855148
4869   0.20                  0.29                  230                  0.20  {'h': 1.0, 'm': 0.5, 'l': 0.3, 'e': 0.0}  0.657420  0.698703  0.729231  0.598485  0.855556  0.885199  0.114801           0.268591           0.340478        0.169231  0.058462   0.058462   0.855148
4873   0.20                  0.29                  230                  0.25  {'h': 1.0, 'm': 0.5, 'l': 0.5, 'e': 0.0}  0.657420  0.698703  0.729231  0.598485  0.855556  0.885199  0.114801           0.268591           0.340478        0.175385  0.058462   0.058462   0.855148
4874   0.20                  0.29                  230                  0.25  {'h': 1.0, 'm': 0.5, 'l': 0.3, 'e': 0.0}  0.657420  0.698703  0.729231  0.598485  0.855556  0.885199  0.114801           0.268591           0.340478        0.169231  0.058462   0.058462   0.855148
4878   0.20                  0.29                  230                  0.30  {'h': 1.0, 'm': 0.5, 'l': 0.5, 'e': 0.0}  0.657420  0.698703  0.729231  0.598485  0.855556  0.885199  0.114801           0.268591           0.340478        0.175385  0.058462   0.058462   0.855148
4879   0.20                  0.29                  230                  0.30  {'h': 1.0, 'm': 0.5, 'l': 0.3, 'e': 0.0}  0.657420  0.698703  0.729231  0.598485  0.855556  0.885199  0.114801           0.268591           0.340478        0.169231  0.058462   0.058462   0.855148
4883   0.20                  0.29                  230                  0.45  {'h': 1.0, 'm': 0.5, 'l': 0.5, 'e': 0.0}  0.657420  0.698703  0.729231  0.598485  0.855556  0.885199  0.114801           0.268591           0.340478        0.175385  0.058462   0.058462   0.855148
4884   0.20                  0.29                  230                  0.45  {'h': 1.0, 'm': 0.5, 'l': 0.3, 'e': 0.0}  0.657420  0.698703  0.729231  0.598485  0.855556  0.885199  0.114801           0.268591           0.340478        0.169231  0.058462   0.058462   0.855148
2287   0.45                  0.33                  230                  0.50  {'h': 1.0, 'm': 0.5, 'l': 0.0, 'e': 0.0}  0.657420  0.698703  0.729231  0.598485  0.855556  0.885199  0.114801           0.269561           0.340551        0.178462  0.049231   0.049231   0.853728
4852   0.20                  0.29                  230                  0.05  {'h': 1.0, 'm': 0.5, 'l': 0.0, 'e': 0.0}  0.657420  0.698703  0.729231  0.598485  0.855556  0.885199  0.114801           0.268591           0.340478        0.175385  0.049231   0.049231   0.853728
4857   0.20                  0.29                  230                  0.10  {'h': 1.0, 'm': 0.5, 'l': 0.0, 'e': 0.0}  0.657420  0.698703  0.729231  0.598485  0.855556  0.885199  0.114801           0.268591           0.340478        0.175385  0.049231   0.049231   0.853728
4862   0.20                  0.29                  230                  0.15  {'h': 1.0, 'm': 0.5, 'l': 0.0, 'e': 0.0}  0.657420  0.698703  0.729231  0.598485  0.855556  0.885199  0.114801           0.268591           0.340478        0.175385  0.049231   0.049231   0.853728
4867   0.20                  0.29                  230                  0.20  {'h': 1.0, 'm': 0.5, 'l': 0.0, 'e': 0.0}  0.657420  0.698703  0.729231  0.598485  0.855556  0.885199  0.114801           0.268591           0.340478        0.175385  0.049231   0.049231   0.853728
4872   0.20                  0.29                  230                  0.25  {'h': 1.0, 'm': 0.5, 'l': 0.0, 'e': 0.0}  0.657420  0.698703  0.729231  0.598485  0.855556  0.885199  0.114801           0.268591           0.340478        0.175385  0.049231   0.049231   0.853728
4877   0.20                  0.29                  230                  0.30  {'h': 1.0, 'm': 0.5, 'l': 0.0, 'e': 0.0}  0.657420  0.698703  0.729231  0.598485  0.855556  0.885199  0.114801           0.268591           0.340478        0.175385  0.049231   0.049231   0.853728
4882   0.20                  0.29                  230                  0.45  {'h': 1.0, 'm': 0.5, 'l': 0.0, 'e': 0.0}  0.657420  0.698703  0.729231  0.598485  0.855556  0.885199  0.114801           0.268591           0.340478        0.175385  0.049231   0.049231   0.853728
4887   0.20                  0.29                  230                  0.50  {'h': 1.0, 'm': 0.5, 'l': 0.0, 'e': 0.0}  0.657420  0.698703  0.729231  0.598485  0.855556  0.885199  0.114801           0.268591           0.340478        0.175385  0.049231   0.049231   0.853728
4851   0.20                  0.29                  230                  0.05  {'h': 1.0, 'm': 0.0, 'l': 0.0, 'e': 0.0}  0.657420  0.698703  0.729231  0.598485  0.855556  0.885199  0.114801           0.268591           0.340478        0.166154  0.046154   0.046154   0.853254
4856   0.20                  0.29                  230                  0.10  {'h': 1.0, 'm': 0.0, 'l': 0.0, 'e': 0.0}  0.657420  0.698703  0.729231  0.598485  0.855556  0.885199  0.114801           0.268591           0.340478        0.166154  0.046154   0.046154   0.853254
4861   0.20                  0.29                  230                  0.15  {'h': 1.0, 'm': 0.0, 'l': 0.0, 'e': 0.0}  0.657420  0.698703  0.729231  0.598485  0.855556  0.885199  0.114801           0.268591           0.340478        0.166154  0.046154   0.046154   0.853254
4866   0.20                  0.29                  230                  0.20  {'h': 1.0, 'm': 0.0, 'l': 0.0, 'e': 0.0}  0.657420  0.698703  0.729231  0.598485  0.855556  0.885199  0.114801           0.268591           0.340478        0.166154  0.046154   0.046154   0.853254
4871   0.20                  0.29                  230                  0.25  {'h': 1.0, 'm': 0.0, 'l': 0.0, 'e': 0.0}  0.657420  0.698703  0.729231  0.598485  0.855556  0.885199  0.114801           0.268591           0.340478        0.166154  0.046154   0.046154   0.853254
4876   0.20                  0.29                  230                  0.30  {'h': 1.0, 'm': 0.0, 'l': 0.0, 'e': 0.0}  0.657420  0.698703  0.729231  0.598485  0.855556  0.885199  0.114801           0.268591           0.340478        0.166154  0.046154   0.046154   0.853254
4881   0.20                  0.29                  230                  0.45  {'h': 1.0, 'm': 0.0, 'l': 0.0, 'e': 0.0}  0.657420  0.698703  0.729231  0.598485  0.855556  0.885199  0.114801           0.268591           0.340478        0.166154  0.046154   0.046154   0.853254
4886   0.20                  0.29                  230                  0.50  {'h': 1.0, 'm': 0.0, 'l': 0.0, 'e': 0.0}  0.657420  0.698703  0.729231  0.598485  0.855556  0.885199  0.114801           0.268591           0.340478        0.166154  0.046154   0.046154   0.853254
4891   0.20                  0.29                  230                  0.60  {'h': 1.0, 'm': 0.0, 'l': 0.0, 'e': 0.0}  0.657420  0.698703  0.729231  0.598485  0.855556  0.885199  0.114801           0.268591           0.340478        0.166154  0.046154   0.046154   0.853254
4850   0.20                  0.29                  230                  0.05  {'h': 1.0, 'm': 1.0, 'l': 0.0, 'e': 0.0}  0.657420  0.698703  0.729231  0.598485  0.855556  0.885199  0.114801           0.268591           0.340478        0.181538  0.043077   0.043077   0.852781
4855   0.20                  0.29                  230                  0.10  {'h': 1.0, 'm': 1.0, 'l': 0.0, 'e': 0.0}  0.657420  0.698703  0.729231  0.598485  0.855556  0.885199  0.114801           0.268591           0.340478        0.181538  0.043077   0.043077   0.852781
4860   0.20                  0.29                  230                  0.15  {'h': 1.0, 'm': 1.0, 'l': 0.0, 'e': 0.0}  0.657420  0.698703  0.729231  0.598485  0.855556  0.885199  0.114801           0.268591           0.340478        0.181538  0.043077   0.043077   0.852781
4865   0.20                  0.29                  230                  0.20  {'h': 1.0, 'm': 1.0, 'l': 0.0, 'e': 0.0}  0.657420  0.698703  0.729231  0.598485  0.855556  0.885199  0.114801           0.268591           0.340478        0.181538  0.043077   0.043077   0.852781
4870   0.20                  0.29                  230                  0.25  {'h': 1.0, 'm': 1.0, 'l': 0.0, 'e': 0.0}  0.657420  0.698703  0.729231  0.598485  0.855556  0.885199  0.114801           0.268591           0.340478        0.181538  0.043077   0.043077   0.852781
4875   0.20                  0.29                  230                  0.30  {'h': 1.0, 'm': 1.0, 'l': 0.0, 'e': 0.0}  0.657420  0.698703  0.729231  0.598485  0.855556  0.885199  0.114801           0.268591           0.340478        0.181538  0.043077   0.043077   0.852781
4880   0.20                  0.29                  230                  0.45  {'h': 1.0, 'm': 1.0, 'l': 0.0, 'e': 0.0}  0.657420  0.698703  0.729231  0.598485  0.855556  0.885199  0.114801           0.268591           0.340478        0.181538  0.043077   0.043077   0.852781
2288   0.45                  0.33                  230                  0.50  {'h': 1.0, 'm': 0.5, 'l': 0.5, 'e': 0.0}  0.657382  0.696988  0.726154  0.600509  0.856140  0.886643  0.113357           0.269561           0.340551        0.175385  0.049231   0.049231   0.864176
3653   0.25                  0.30                  230                  0.05  {'h': 1.0, 'm': 0.5, 'l': 0.5, 'e': 0.0}  0.657264  0.691805  0.716923  0.606771  0.857895  0.890975  0.109025           0.271461           0.339660        0.172308  0.061538   0.061538   0.855621
3654   0.25                  0.30                  230                  0.05  {'h': 1.0, 'm': 0.5, 'l': 0.3, 'e': 0.0}  0.657264  0.691805  0.716923  0.606771  0.857895  0.890975  0.109025           0.271461           0.339660        0.169231  0.061538   0.061538   0.855621
3658   0.25                  0.30                  230                  0.10  {'h': 1.0, 'm': 0.5, 'l': 0.5, 'e': 0.0}  0.657264  0.691805  0.716923  0.606771  0.857895  0.890975  0.109025           0.271461           0.339660        0.172308  0.061538   0.061538   0.855621

Full result output for the best combination:
                 #Examples   TP   FP    TN  FN       ACC       FNR       TNR       FPR       TPR      Prec        F1        F2  AVG # affected
Component                                                                                                                                     
no_failure            1385    0  156  1229   0  0.887365       NaN  0.887365  0.112635       NaN  0.000000       NaN       NaN       62.716968
txt15_i1                 5    2    0     0   3  0.400000  0.600000       NaN       NaN  0.400000  1.000000  0.571429  0.454545      223.600000
txt15_i3                 5    0    0     0   5  0.000000  1.000000       NaN       NaN  0.000000       NaN       NaN       NaN       26.200000
txt15_conveyor           3    3    0     0   0  1.000000  0.000000       NaN       NaN  1.000000  1.000000  1.000000  1.000000      469.000000
txt15_m1               160  157    0     0   3  0.981250  0.018750       NaN       NaN  0.981250  1.000000  0.990536  0.984944      462.175000
txt15_pl                 9    6    0     0   3  0.666667  0.333333       NaN       NaN  0.666667  1.000000  0.800000  0.714286      288.666667
txt16_i3                 4    0    0     0   4  0.000000  1.000000       NaN       NaN  0.000000       NaN       NaN       NaN        0.000000
txt16_conveyor           8    3    0     0   5  0.375000  0.625000       NaN       NaN  0.375000  1.000000  0.545455  0.428571      134.375000
txt16_m3                65   59    0     0   6  0.907692  0.092308       NaN       NaN  0.907692  1.000000  0.951613  0.924765      397.953846
txt16_turntable          2    0    0     0   2  0.000000  1.000000       NaN       NaN  0.000000       NaN       NaN       NaN       18.500000
txt17_i1                16    0    0     0  16  0.000000  1.000000       NaN       NaN  0.000000       NaN       NaN       NaN       11.750000
txt17_pl                14    1    0     0  13  0.071429  0.928571       NaN       NaN  0.071429  1.000000  0.133333  0.087719       50.428571
txt18_pl                28    6    0     0  22  0.214286  0.785714       NaN       NaN  0.214286  1.000000  0.352941  0.254237       94.964286
txt19_i4                 6    0    0     0   6  0.000000  1.000000       NaN       NaN  0.000000       NaN       NaN       NaN        0.000000
combined              1710  237  156  1229  88  0.857310  0.270769  0.887365  0.112635  0.729231  0.603053  0.660167  0.699941      114.969006

                 #Examples   TP   FP    TN  FN       ACC       FNR       TNR       FPR       TPR      Prec        F1        F2  AVG # affected
Component                                                                                                                                     
no_failure            1385    0  146  1239   0  0.894585       NaN  0.894585  0.105415       NaN  0.000000       NaN       NaN       62.716968
txt15_i1                 5    2    0     0   3  0.400000  0.600000       NaN       NaN  0.400000  1.000000  0.571429  0.454545      223.600000
txt15_i3                 5    0    0     0   5  0.000000  1.000000       NaN       NaN  0.000000       NaN       NaN       NaN       26.200000
txt15_conveyor           3    3    0     0   0  1.000000  0.000000       NaN       NaN  1.000000  1.000000  1.000000  1.000000      469.000000
txt15_m1               160  157    0     0   3  0.981250  0.018750       NaN       NaN  0.981250  1.000000  0.990536  0.984944      462.175000
txt15_pl                 9    6    0     0   3  0.666667  0.333333       NaN       NaN  0.666667  1.000000  0.800000  0.714286      288.666667
txt16_i3                 4    0    0     0   4  0.000000  1.000000       NaN       NaN  0.000000       NaN       NaN       NaN        0.000000
txt16_conveyor           8    3    0     0   5  0.375000  0.625000       NaN       NaN  0.375000  1.000000  0.545455  0.428571      134.375000
txt16_m3                65   59    0     0   6  0.907692  0.092308       NaN       NaN  0.907692  1.000000  0.951613  0.924765      397.953846
txt16_turntable          2    0    0     0   2  0.000000  1.000000       NaN       NaN  0.000000       NaN       NaN       NaN       18.500000
txt17_i1                16    0    0     0  16  0.000000  1.000000       NaN       NaN  0.000000       NaN       NaN       NaN       11.750000
txt17_pl                14    1    0     0  13  0.071429  0.928571       NaN       NaN  0.071429  1.000000  0.133333  0.087719       50.428571
txt18_pl                28    6    0     0  22  0.214286  0.785714       NaN       NaN  0.214286  1.000000  0.352941  0.254237       94.964286
txt19_i4                 6    0    0     0   6  0.000000  1.000000       NaN       NaN  0.000000       NaN       NaN       NaN        0.000000
combined              1710  237  146  1239  88  0.863158  0.270769  0.894585  0.105415  0.729231  0.618799  0.669492  0.704100      114.969006

Execution time: 103142.00409535808
