
Dataset loaded:
Shape of training set (example, time, channels): (20812, 500, 61)
Shape of test set (example, time, channels): (3989, 500, 61)
Shape of train validation set (example, time, channels): (2313, 500, 61)
Shape of test validation set (example, time, channels): (1710, 500, 61)
Num of classes in all: 25

Adding feature wise convolutions with 32 filters per feature, 3 kernels and 1 strides ...
Adding feature wise convolutions with 1 filters per feature, 3 kernels and 1 strides ...
Adding feature based graph attention layer ...
Adding time based graph attention layer ...
Adding GRU layer with 256 units ...
Adding GRU layer with 61 units ...
Adding dense layer to forecasting model with 512 units and ReLu activation ...
Adding dense layer to forecasting model with 256 units and ReLu activation ...
Adding last dense layer to forecasting model with 61 units and sigmoid activation ...
Adding VAE as reconstruction model with dimensions 3072 & 1536 and ...
The RBM reconstructs the output of the gru layer.

Grid search running in AD and FPD selection mode.
The following hyperparameters will not be evaluated:
si_mode
si_parameter

Testing 7920 combinations via grid search 
for model selected_2_01-12-17-01-30 on the validation dataset. 


Best combinations tested:
      gamma  single_timestamp_a.. affected_timestamp..  unaffected_compone..                         relevance_mapping     AD F1     AD F2    AD TPR   AD Prec    AD ACC    AD TNR    AD FPR  SI/ST AVG-HR@100%  SI/ST AVG-HR@150%  SI/ST AVG-HR@K  SI/ST F1  SI/ST TPR  SI/ST ACC
Comb                                                                                                                                                                                                                                                                              
421    0.50                  0.29                  120                  0.45  {'h': 1.0, 'm': 0.0, 'l': 0.0, 'e': 0.0}  0.703911  0.745121  0.775385  0.644501  0.876023  0.899639  0.100361           0.337905           0.389514        0.307692  0.080000   0.080000   0.868571
487    0.50                  0.29                  145                  0.45  {'h': 1.0, 'm': 0.0, 'l': 0.0, 'e': 0.0}  0.706215  0.742721  0.769231  0.652742  0.878363  0.903971  0.096029           0.337905           0.389514        0.307692  0.080000   0.080000   0.868571
5107   0.60                  0.30                  210                  0.45  {'h': 1.0, 'm': 0.0, 'l': 0.0, 'e': 0.0}  0.688347  0.741389  0.781538  0.615012  0.865497  0.885199  0.114801           0.343841           0.397903        0.310769  0.083077   0.083077   0.858935
7351   0.65                  0.31                  190                  0.45  {'h': 1.0, 'm': 0.0, 'l': 0.0, 'e': 0.0}  0.699301  0.739645  0.769231  0.641026  0.874269  0.898917  0.101083           0.342464           0.394791        0.307692  0.076923   0.076923   0.857988
5041   0.60                  0.30                  200                  0.45  {'h': 1.0, 'm': 0.0, 'l': 0.0, 'e': 0.0}  0.680908  0.739559  0.784615  0.601415  0.860234  0.877978  0.122022           0.343841           0.397903        0.310769  0.083077   0.083077   0.858935
6889   0.65                  0.30                  180                  0.45  {'h': 1.0, 'm': 0.0, 'l': 0.0, 'e': 0.0}  0.628902  0.739130  0.836923  0.503704  0.812281  0.806498  0.193502           0.352733           0.406081        0.298462  0.095385   0.095385   0.870769
553    0.50                  0.29                  180                  0.45  {'h': 1.0, 'm': 0.0, 'l': 0.0, 'e': 0.0}  0.710983  0.737852  0.756923  0.670300  0.883041  0.912635  0.087365           0.337905           0.389514        0.307692  0.080000   0.080000   0.868571
4975   0.60                  0.30                  190                  0.45  {'h': 1.0, 'm': 0.0, 'l': 0.0, 'e': 0.0}  0.677291  0.737847  0.784615  0.595794  0.857895  0.875090  0.124910           0.343841           0.397903        0.310769  0.083077   0.083077   0.858935
2797   0.55                  0.30                  120                  0.45  {'h': 1.0, 'm': 0.0, 'l': 0.0, 'e': 0.0}  0.702550  0.737656  0.763077  0.650919  0.877193  0.903971  0.096029           0.338091           0.389609        0.304615  0.070769   0.070769   0.857041
7219   0.65                  0.31                  145                  0.45  {'h': 1.0, 'm': 0.0, 'l': 0.0, 'e': 0.0}  0.678238  0.736659  0.781538  0.599057  0.859064  0.877256  0.122744           0.342464           0.394791        0.307692  0.076923   0.076923   0.857988
2863   0.55                  0.30                  145                  0.45  {'h': 1.0, 'm': 0.0, 'l': 0.0, 'e': 0.0}  0.707914  0.736527  0.756923  0.664865  0.881287  0.910469  0.089531           0.338091           0.389609        0.304615  0.070769   0.070769   0.857041
427    0.50                  0.29                  120                  0.50  {'h': 1.0, 'm': 0.0, 'l': 0.0, 'e': 0.0}  0.724551  0.736458  0.744615  0.705539  0.892398  0.927076  0.072924           0.337905           0.389514        0.292308  0.080000   0.080000   0.868571
4711   0.60                  0.29                  210                  0.45  {'h': 1.0, 'm': 0.0, 'l': 0.0, 'e': 0.0}  0.623853  0.736329  0.836923  0.497258  0.808187  0.801444  0.198556           0.356186           0.408230        0.289231  0.098462   0.098462   0.871209
5173   0.60                  0.31                  120                  0.45  {'h': 1.0, 'm': 0.0, 'l': 0.0, 'e': 0.0}  0.715543  0.736270  0.750769  0.683473  0.886550  0.918412  0.081588           0.332395           0.384435        0.292308  0.058462   0.058462   0.855148
7285   0.65                  0.31                  180                  0.45  {'h': 1.0, 'm': 0.0, 'l': 0.0, 'e': 0.0}  0.691563  0.736160  0.769231  0.628141  0.869591  0.893141  0.106859           0.342464           0.394791        0.307692  0.076923   0.076923   0.857988
685    0.50                  0.29                  200                  0.45  {'h': 1.0, 'm': 0.0, 'l': 0.0, 'e': 0.0}  0.714495  0.735826  0.750769  0.681564  0.885965  0.917690  0.082310           0.337905           0.389514        0.307692  0.080000   0.080000   0.868571
2995   0.55                  0.30                  190                  0.45  {'h': 1.0, 'm': 0.0, 'l': 0.0, 'e': 0.0}  0.722388  0.735562  0.744615  0.701449  0.891228  0.925632  0.074368           0.338091           0.389609        0.304615  0.070769   0.070769   0.857041
295    0.50                  0.28                  200                  0.50  {'h': 1.0, 'm': 0.0, 'l': 0.0, 'e': 0.0}  0.709117  0.735294  0.753846  0.669399  0.882456  0.912635  0.087365           0.354818           0.405600        0.283077  0.089231   0.089231   0.869890
4909   0.60                  0.30                  180                  0.45  {'h': 1.0, 'm': 0.0, 'l': 0.0, 'e': 0.0}  0.671053  0.734870  0.784615  0.586207  0.853801  0.870036  0.129964           0.343841           0.397903        0.310769  0.083077   0.083077   0.858935
4513   0.60                  0.29                  180                  0.45  {'h': 1.0, 'm': 0.0, 'l': 0.0, 'e': 0.0}  0.615730  0.734584  0.843077  0.484956  0.800000  0.789892  0.210108           0.356186           0.408230        0.286154  0.098462   0.098462   0.871209
2929   0.55                  0.30                  180                  0.45  {'h': 1.0, 'm': 0.0, 'l': 0.0, 'e': 0.0}  0.715758  0.734583  0.747692  0.686441  0.887135  0.919856  0.080144           0.338091           0.389609        0.304615  0.070769   0.070769   0.857041
289    0.50                  0.28                  200                  0.45  {'h': 1.0, 'm': 0.0, 'l': 0.0, 'e': 0.0}  0.656527  0.734127  0.796923  0.558190  0.841520  0.851986  0.148014           0.354818           0.405600        0.304615  0.092308   0.092308   0.870330
399    0.50                  0.29                  120                  0.05  {'h': 1.0, 'm': 0.5, 'l': 0.3, 'e': 0.3}  0.669291  0.734024  0.784615  0.583524  0.852632  0.868592  0.131408           0.337905           0.389514        0.403077  0.147692   0.147692   0.868876
405    0.50                  0.29                  120                  0.10  {'h': 1.0, 'm': 0.5, 'l': 0.3, 'e': 0.3}  0.669291  0.734024  0.784615  0.583524  0.852632  0.868592  0.131408           0.337905           0.389514        0.403077  0.147692   0.147692   0.868876
411    0.50                  0.29                  120                  0.20  {'h': 1.0, 'm': 0.5, 'l': 0.3, 'e': 0.3}  0.669291  0.734024  0.784615  0.583524  0.852632  0.868592  0.131408           0.337905           0.389514        0.403077  0.147692   0.147692   0.868876
417    0.50                  0.29                  120                  0.30  {'h': 1.0, 'm': 0.5, 'l': 0.3, 'e': 0.3}  0.669291  0.734024  0.784615  0.583524  0.852632  0.868592  0.131408           0.337905           0.389514        0.403077  0.147692   0.147692   0.868876
396    0.50                  0.29                  120                  0.05  {'h': 1.0, 'm': 1.0, 'l': 0.0, 'e': 0.0}  0.669291  0.734024  0.784615  0.583524  0.852632  0.868592  0.131408           0.337905           0.389514        0.563077  0.107692   0.107692   0.862722
402    0.50                  0.29                  120                  0.10  {'h': 1.0, 'm': 1.0, 'l': 0.0, 'e': 0.0}  0.669291  0.734024  0.784615  0.583524  0.852632  0.868592  0.131408           0.337905           0.389514        0.563077  0.107692   0.107692   0.862722
408    0.50                  0.29                  120                  0.20  {'h': 1.0, 'm': 1.0, 'l': 0.0, 'e': 0.0}  0.669291  0.734024  0.784615  0.583524  0.852632  0.868592  0.131408           0.337905           0.389514        0.563077  0.107692   0.107692   0.862722
414    0.50                  0.29                  120                  0.30  {'h': 1.0, 'm': 1.0, 'l': 0.0, 'e': 0.0}  0.669291  0.734024  0.784615  0.583524  0.852632  0.868592  0.131408           0.337905           0.389514        0.563077  0.107692   0.107692   0.862722
398    0.50                  0.29                  120                  0.05  {'h': 1.0, 'm': 0.5, 'l': 0.0, 'e': 0.0}  0.669291  0.734024  0.784615  0.583524  0.852632  0.868592  0.131408           0.337905           0.389514        0.569231  0.098462   0.098462   0.861302
401    0.50                  0.29                  120                  0.05  {'h': 1.0, 'm': 0.5, 'l': 0.3, 'e': 0.0}  0.669291  0.734024  0.784615  0.583524  0.852632  0.868592  0.131408           0.337905           0.389514        0.547692  0.098462   0.098462   0.861302
404    0.50                  0.29                  120                  0.10  {'h': 1.0, 'm': 0.5, 'l': 0.0, 'e': 0.0}  0.669291  0.734024  0.784615  0.583524  0.852632  0.868592  0.131408           0.337905           0.389514        0.569231  0.098462   0.098462   0.861302
407    0.50                  0.29                  120                  0.10  {'h': 1.0, 'm': 0.5, 'l': 0.3, 'e': 0.0}  0.669291  0.734024  0.784615  0.583524  0.852632  0.868592  0.131408           0.337905           0.389514        0.547692  0.098462   0.098462   0.861302
410    0.50                  0.29                  120                  0.20  {'h': 1.0, 'm': 0.5, 'l': 0.0, 'e': 0.0}  0.669291  0.734024  0.784615  0.583524  0.852632  0.868592  0.131408           0.337905           0.389514        0.569231  0.098462   0.098462   0.861302
413    0.50                  0.29                  120                  0.20  {'h': 1.0, 'm': 0.5, 'l': 0.3, 'e': 0.0}  0.669291  0.734024  0.784615  0.583524  0.852632  0.868592  0.131408           0.337905           0.389514        0.547692  0.098462   0.098462   0.861302
416    0.50                  0.29                  120                  0.30  {'h': 1.0, 'm': 0.5, 'l': 0.0, 'e': 0.0}  0.669291  0.734024  0.784615  0.583524  0.852632  0.868592  0.131408           0.337905           0.389514        0.569231  0.098462   0.098462   0.861302
419    0.50                  0.29                  120                  0.30  {'h': 1.0, 'm': 0.5, 'l': 0.3, 'e': 0.0}  0.669291  0.734024  0.784615  0.583524  0.852632  0.868592  0.131408           0.337905           0.389514        0.547692  0.098462   0.098462   0.861302
400    0.50                  0.29                  120                  0.05  {'h': 1.0, 'm': 0.5, 'l': 0.5, 'e': 0.0}  0.669291  0.734024  0.784615  0.583524  0.852632  0.868592  0.131408           0.337905           0.389514        0.513846  0.095385   0.095385   0.860828
406    0.50                  0.29                  120                  0.10  {'h': 1.0, 'm': 0.5, 'l': 0.5, 'e': 0.0}  0.669291  0.734024  0.784615  0.583524  0.852632  0.868592  0.131408           0.337905           0.389514        0.513846  0.095385   0.095385   0.860828
412    0.50                  0.29                  120                  0.20  {'h': 1.0, 'm': 0.5, 'l': 0.5, 'e': 0.0}  0.669291  0.734024  0.784615  0.583524  0.852632  0.868592  0.131408           0.337905           0.389514        0.513846  0.095385   0.095385   0.860828
418    0.50                  0.29                  120                  0.30  {'h': 1.0, 'm': 0.5, 'l': 0.5, 'e': 0.0}  0.669291  0.734024  0.784615  0.583524  0.852632  0.868592  0.131408           0.337905           0.389514        0.513846  0.095385   0.095385   0.860828
397    0.50                  0.29                  120                  0.05  {'h': 1.0, 'm': 0.0, 'l': 0.0, 'e': 0.0}  0.669291  0.734024  0.784615  0.583524  0.852632  0.868592  0.131408           0.337905           0.389514        0.310769  0.080000   0.080000   0.858462
403    0.50                  0.29                  120                  0.10  {'h': 1.0, 'm': 0.0, 'l': 0.0, 'e': 0.0}  0.669291  0.734024  0.784615  0.583524  0.852632  0.868592  0.131408           0.337905           0.389514        0.310769  0.080000   0.080000   0.858462
409    0.50                  0.29                  120                  0.20  {'h': 1.0, 'm': 0.0, 'l': 0.0, 'e': 0.0}  0.669291  0.734024  0.784615  0.583524  0.852632  0.868592  0.131408           0.337905           0.389514        0.310769  0.080000   0.080000   0.858462
415    0.50                  0.29                  120                  0.30  {'h': 1.0, 'm': 0.0, 'l': 0.0, 'e': 0.0}  0.669291  0.734024  0.784615  0.583524  0.852632  0.868592  0.131408           0.337905           0.389514        0.310769  0.080000   0.080000   0.858462
4645   0.60                  0.29                  200                  0.45  {'h': 1.0, 'm': 0.0, 'l': 0.0, 'e': 0.0}  0.619590  0.733945  0.836923  0.491863  0.804678  0.797112  0.202888           0.356186           0.408230        0.289231  0.098462   0.098462   0.871209
424    0.50                  0.29                  120                  0.45  {'h': 1.0, 'm': 0.5, 'l': 0.5, 'e': 0.0}  0.679245  0.733838  0.775385  0.604317  0.860819  0.880866  0.119134           0.337905           0.389514        0.507692  0.095385   0.095385   0.870769
2341   0.55                  0.28                  210                  0.50  {'h': 1.0, 'm': 0.0, 'l': 0.0, 'e': 0.0}  0.671958  0.733680  0.781538  0.589327  0.854971  0.872202  0.127798           0.360838           0.416261        0.240000  0.092308   0.092308   0.870330
619    0.50                  0.29                  190                  0.45  {'h': 1.0, 'm': 0.0, 'l': 0.0, 'e': 0.0}  0.709302  0.733614  0.750769  0.672176  0.883041  0.914079  0.085921           0.337905           0.389514        0.307692  0.080000   0.080000   0.868571
97     0.50                  0.28                  145                  0.50  {'h': 1.0, 'm': 0.0, 'l': 0.0, 'e': 0.0}  0.685871  0.733568  0.769231  0.618812  0.866082  0.888809  0.111191           0.354818           0.405600        0.273846  0.089231   0.089231   0.869890
229    0.50                  0.28                  190                  0.50  {'h': 1.0, 'm': 0.0, 'l': 0.0, 'e': 0.0}  0.700855  0.733453  0.756923  0.652520  0.877193  0.905415  0.094585           0.354818           0.405600        0.283077  0.089231   0.089231   0.869890
425    0.50                  0.29                  120                  0.45  {'h': 1.0, 'm': 0.5, 'l': 0.3, 'e': 0.0}  0.678331  0.733411  0.775385  0.602871  0.860234  0.880144  0.119856           0.337905           0.389514        0.541538  0.098462   0.098462   0.871209
361    0.50                  0.28                  210                  0.50  {'h': 1.0, 'm': 0.0, 'l': 0.0, 'e': 0.0}  0.708273  0.733173  0.750769  0.670330  0.882456  0.913357  0.086643           0.354818           0.405600        0.283077  0.089231   0.089231   0.869890
355    0.50                  0.28                  210                  0.45  {'h': 1.0, 'm': 0.0, 'l': 0.0, 'e': 0.0}  0.657325  0.732955  0.793846  0.560870  0.842690  0.854152  0.145848           0.354818           0.405600        0.304615  0.092308   0.092308   0.870330
163    0.50                  0.28                  180                  0.50  {'h': 1.0, 'm': 0.0, 'l': 0.0, 'e': 0.0}  0.695775  0.732938  0.760000  0.641558  0.873684  0.900361  0.099639           0.354818           0.405600        0.283077  0.089231   0.089231   0.869890
7087   0.65                  0.30                  210                  0.45  {'h': 1.0, 'm': 0.0, 'l': 0.0, 'e': 0.0}  0.633333  0.732782  0.818462  0.516505  0.819883  0.820217  0.179783           0.352733           0.406081        0.298462  0.095385   0.095385   0.870769
7417   0.65                  0.31                  200                  0.45  {'h': 1.0, 'm': 0.0, 'l': 0.0, 'e': 0.0}  0.698864  0.732579  0.756923  0.649077  0.876023  0.903971  0.096029           0.342464           0.394791        0.307692  0.076923   0.076923   0.857988
2407   0.55                  0.29                  120                  0.50  {'h': 1.0, 'm': 0.0, 'l': 0.0, 'e': 0.0}  0.686897  0.732353  0.766154  0.622500  0.867251  0.890975  0.109025           0.350178           0.401060        0.276923  0.080000   0.080000   0.868571
6955   0.65                  0.30                  190                  0.45  {'h': 1.0, 'm': 0.0, 'l': 0.0, 'e': 0.0}  0.626901  0.732240  0.824615  0.505660  0.813450  0.810830  0.189170           0.352733           0.406081        0.298462  0.095385   0.095385   0.870769
422    0.50                  0.29                  120                  0.45  {'h': 1.0, 'm': 0.5, 'l': 0.0, 'e': 0.0}  0.675603  0.732132  0.775385  0.598575  0.858480  0.877978  0.122022           0.337905           0.389514        0.563077  0.098462   0.098462   0.871209
2275   0.55                  0.28                  200                  0.50  {'h': 1.0, 'm': 0.0, 'l': 0.0, 'e': 0.0}  0.668421  0.731988  0.781538  0.583908  0.852632  0.869314  0.130686           0.360838           0.416261        0.240000  0.092308   0.092308   0.870330
4579   0.60                  0.29                  190                  0.45  {'h': 1.0, 'm': 0.0, 'l': 0.0, 'e': 0.0}  0.616082  0.731970  0.836923  0.487455  0.801754  0.793502  0.206498           0.356186           0.408230        0.286154  0.098462   0.098462   0.871209
2731   0.55                  0.29                  210                  0.45  {'h': 1.0, 'm': 0.0, 'l': 0.0, 'e': 0.0}  0.664928  0.731917  0.784615  0.576923  0.849708  0.864982  0.135018           0.350178           0.401060        0.304615  0.086154   0.086154   0.869451
5151   0.60                  0.31                  120                  0.05  {'h': 1.0, 'm': 0.5, 'l': 0.3, 'e': 0.3}  0.705202  0.731854  0.750769  0.664850  0.880702  0.911191  0.088809           0.332395           0.384435        0.390769  0.150769   0.150769   0.869349
5157   0.60                  0.31                  120                  0.10  {'h': 1.0, 'm': 0.5, 'l': 0.3, 'e': 0.3}  0.705202  0.731854  0.750769  0.664850  0.880702  0.911191  0.088809           0.332395           0.384435        0.390769  0.150769   0.150769   0.869349
5163   0.60                  0.31                  120                  0.20  {'h': 1.0, 'm': 0.5, 'l': 0.3, 'e': 0.3}  0.705202  0.731854  0.750769  0.664850  0.880702  0.911191  0.088809           0.332395           0.384435        0.390769  0.150769   0.150769   0.869349
5169   0.60                  0.31                  120                  0.30  {'h': 1.0, 'm': 0.5, 'l': 0.3, 'e': 0.3}  0.705202  0.731854  0.750769  0.664850  0.880702  0.911191  0.088809           0.332395           0.384435        0.390769  0.150769   0.150769   0.869349
5148   0.60                  0.31                  120                  0.05  {'h': 1.0, 'm': 1.0, 'l': 0.0, 'e': 0.0}  0.705202  0.731854  0.750769  0.664850  0.880702  0.911191  0.088809           0.332395           0.384435        0.547692  0.092308   0.092308   0.860355
5154   0.60                  0.31                  120                  0.10  {'h': 1.0, 'm': 1.0, 'l': 0.0, 'e': 0.0}  0.705202  0.731854  0.750769  0.664850  0.880702  0.911191  0.088809           0.332395           0.384435        0.547692  0.092308   0.092308   0.860355
5160   0.60                  0.31                  120                  0.20  {'h': 1.0, 'm': 1.0, 'l': 0.0, 'e': 0.0}  0.705202  0.731854  0.750769  0.664850  0.880702  0.911191  0.088809           0.332395           0.384435        0.547692  0.092308   0.092308   0.860355
5166   0.60                  0.31                  120                  0.30  {'h': 1.0, 'm': 1.0, 'l': 0.0, 'e': 0.0}  0.705202  0.731854  0.750769  0.664850  0.880702  0.911191  0.088809           0.332395           0.384435        0.547692  0.092308   0.092308   0.860355
5150   0.60                  0.31                  120                  0.05  {'h': 1.0, 'm': 0.5, 'l': 0.0, 'e': 0.0}  0.705202  0.731854  0.750769  0.664850  0.880702  0.911191  0.088809           0.332395           0.384435        0.526154  0.089231   0.089231   0.859882
5156   0.60                  0.31                  120                  0.10  {'h': 1.0, 'm': 0.5, 'l': 0.0, 'e': 0.0}  0.705202  0.731854  0.750769  0.664850  0.880702  0.911191  0.088809           0.332395           0.384435        0.526154  0.089231   0.089231   0.859882
5162   0.60                  0.31                  120                  0.20  {'h': 1.0, 'm': 0.5, 'l': 0.0, 'e': 0.0}  0.705202  0.731854  0.750769  0.664850  0.880702  0.911191  0.088809           0.332395           0.384435        0.526154  0.089231   0.089231   0.859882
5168   0.60                  0.31                  120                  0.30  {'h': 1.0, 'm': 0.5, 'l': 0.0, 'e': 0.0}  0.705202  0.731854  0.750769  0.664850  0.880702  0.911191  0.088809           0.332395           0.384435        0.526154  0.089231   0.089231   0.859882
5153   0.60                  0.31                  120                  0.05  {'h': 1.0, 'm': 0.5, 'l': 0.3, 'e': 0.0}  0.705202  0.731854  0.750769  0.664850  0.880702  0.911191  0.088809           0.332395           0.384435        0.483077  0.083077   0.083077   0.858935
5159   0.60                  0.31                  120                  0.10  {'h': 1.0, 'm': 0.5, 'l': 0.3, 'e': 0.0}  0.705202  0.731854  0.750769  0.664850  0.880702  0.911191  0.088809           0.332395           0.384435        0.483077  0.083077   0.083077   0.858935
5165   0.60                  0.31                  120                  0.20  {'h': 1.0, 'm': 0.5, 'l': 0.3, 'e': 0.0}  0.705202  0.731854  0.750769  0.664850  0.880702  0.911191  0.088809           0.332395           0.384435        0.483077  0.083077   0.083077   0.858935
5171   0.60                  0.31                  120                  0.30  {'h': 1.0, 'm': 0.5, 'l': 0.3, 'e': 0.0}  0.705202  0.731854  0.750769  0.664850  0.880702  0.911191  0.088809           0.332395           0.384435        0.483077  0.083077   0.083077   0.858935
5152   0.60                  0.31                  120                  0.05  {'h': 1.0, 'm': 0.5, 'l': 0.5, 'e': 0.0}  0.705202  0.731854  0.750769  0.664850  0.880702  0.911191  0.088809           0.332395           0.384435        0.461538  0.073846   0.073846   0.857515
5158   0.60                  0.31                  120                  0.10  {'h': 1.0, 'm': 0.5, 'l': 0.5, 'e': 0.0}  0.705202  0.731854  0.750769  0.664850  0.880702  0.911191  0.088809           0.332395           0.384435        0.461538  0.073846   0.073846   0.857515
5164   0.60                  0.31                  120                  0.20  {'h': 1.0, 'm': 0.5, 'l': 0.5, 'e': 0.0}  0.705202  0.731854  0.750769  0.664850  0.880702  0.911191  0.088809           0.332395           0.384435        0.461538  0.073846   0.073846   0.857515
5170   0.60                  0.31                  120                  0.30  {'h': 1.0, 'm': 0.5, 'l': 0.5, 'e': 0.0}  0.705202  0.731854  0.750769  0.664850  0.880702  0.911191  0.088809           0.332395           0.384435        0.461538  0.073846   0.073846   0.857515
5149   0.60                  0.31                  120                  0.05  {'h': 1.0, 'm': 0.0, 'l': 0.0, 'e': 0.0}  0.705202  0.731854  0.750769  0.664850  0.880702  0.911191  0.088809           0.332395           0.384435        0.292308  0.058462   0.058462   0.855148
5155   0.60                  0.31                  120                  0.10  {'h': 1.0, 'm': 0.0, 'l': 0.0, 'e': 0.0}  0.705202  0.731854  0.750769  0.664850  0.880702  0.911191  0.088809           0.332395           0.384435        0.292308  0.058462   0.058462   0.855148
5161   0.60                  0.31                  120                  0.20  {'h': 1.0, 'm': 0.0, 'l': 0.0, 'e': 0.0}  0.705202  0.731854  0.750769  0.664850  0.880702  0.911191  0.088809           0.332395           0.384435        0.292308  0.058462   0.058462   0.855148
5167   0.60                  0.31                  120                  0.30  {'h': 1.0, 'm': 0.0, 'l': 0.0, 'e': 0.0}  0.705202  0.731854  0.750769  0.664850  0.880702  0.911191  0.088809           0.332395           0.384435        0.292308  0.058462   0.058462   0.855148
31     0.50                  0.28                  120                  0.50  {'h': 1.0, 'm': 0.0, 'l': 0.0, 'e': 0.0}  0.678378  0.731778  0.772308  0.604819  0.860819  0.881588  0.118412           0.354818           0.405600        0.273846  0.089231   0.089231   0.869890
493    0.50                  0.29                  145                  0.50  {'h': 1.0, 'm': 0.0, 'l': 0.0, 'e': 0.0}  0.721805  0.731707  0.738462  0.705882  0.891813  0.927798  0.072202           0.337905           0.389514        0.292308  0.080000   0.080000   0.868571
465    0.50                  0.29                  145                  0.05  {'h': 1.0, 'm': 0.5, 'l': 0.3, 'e': 0.3}  0.674699  0.731707  0.775385  0.597156  0.857895  0.877256  0.122744           0.337905           0.389514        0.403077  0.147692   0.147692   0.868876
471    0.50                  0.29                  145                  0.10  {'h': 1.0, 'm': 0.5, 'l': 0.3, 'e': 0.3}  0.674699  0.731707  0.775385  0.597156  0.857895  0.877256  0.122744           0.337905           0.389514        0.403077  0.147692   0.147692   0.868876
477    0.50                  0.29                  145                  0.20  {'h': 1.0, 'm': 0.5, 'l': 0.3, 'e': 0.3}  0.674699  0.731707  0.775385  0.597156  0.857895  0.877256  0.122744           0.337905           0.389514        0.403077  0.147692   0.147692   0.868876
483    0.50                  0.29                  145                  0.30  {'h': 1.0, 'm': 0.5, 'l': 0.3, 'e': 0.3}  0.674699  0.731707  0.775385  0.597156  0.857895  0.877256  0.122744           0.337905           0.389514        0.403077  0.147692   0.147692   0.868876
462    0.50                  0.29                  145                  0.05  {'h': 1.0, 'm': 1.0, 'l': 0.0, 'e': 0.0}  0.674699  0.731707  0.775385  0.597156  0.857895  0.877256  0.122744           0.337905           0.389514        0.563077  0.107692   0.107692   0.862722
468    0.50                  0.29                  145                  0.10  {'h': 1.0, 'm': 1.0, 'l': 0.0, 'e': 0.0}  0.674699  0.731707  0.775385  0.597156  0.857895  0.877256  0.122744           0.337905           0.389514        0.563077  0.107692   0.107692   0.862722
474    0.50                  0.29                  145                  0.20  {'h': 1.0, 'm': 1.0, 'l': 0.0, 'e': 0.0}  0.674699  0.731707  0.775385  0.597156  0.857895  0.877256  0.122744           0.337905           0.389514        0.563077  0.107692   0.107692   0.862722
480    0.50                  0.29                  145                  0.30  {'h': 1.0, 'm': 1.0, 'l': 0.0, 'e': 0.0}  0.674699  0.731707  0.775385  0.597156  0.857895  0.877256  0.122744           0.337905           0.389514        0.563077  0.107692   0.107692   0.862722
464    0.50                  0.29                  145                  0.05  {'h': 1.0, 'm': 0.5, 'l': 0.0, 'e': 0.0}  0.674699  0.731707  0.775385  0.597156  0.857895  0.877256  0.122744           0.337905           0.389514        0.569231  0.098462   0.098462   0.861302
467    0.50                  0.29                  145                  0.05  {'h': 1.0, 'm': 0.5, 'l': 0.3, 'e': 0.0}  0.674699  0.731707  0.775385  0.597156  0.857895  0.877256  0.122744           0.337905           0.389514        0.547692  0.098462   0.098462   0.861302
470    0.50                  0.29                  145                  0.10  {'h': 1.0, 'm': 0.5, 'l': 0.0, 'e': 0.0}  0.674699  0.731707  0.775385  0.597156  0.857895  0.877256  0.122744           0.337905           0.389514        0.569231  0.098462   0.098462   0.861302
473    0.50                  0.29                  145                  0.10  {'h': 1.0, 'm': 0.5, 'l': 0.3, 'e': 0.0}  0.674699  0.731707  0.775385  0.597156  0.857895  0.877256  0.122744           0.337905           0.389514        0.547692  0.098462   0.098462   0.861302
476    0.50                  0.29                  145                  0.20  {'h': 1.0, 'm': 0.5, 'l': 0.0, 'e': 0.0}  0.674699  0.731707  0.775385  0.597156  0.857895  0.877256  0.122744           0.337905           0.389514        0.569231  0.098462   0.098462   0.861302
479    0.50                  0.29                  145                  0.20  {'h': 1.0, 'm': 0.5, 'l': 0.3, 'e': 0.0}  0.674699  0.731707  0.775385  0.597156  0.857895  0.877256  0.122744           0.337905           0.389514        0.547692  0.098462   0.098462   0.861302
482    0.50                  0.29                  145                  0.30  {'h': 1.0, 'm': 0.5, 'l': 0.0, 'e': 0.0}  0.674699  0.731707  0.775385  0.597156  0.857895  0.877256  0.122744           0.337905           0.389514        0.569231  0.098462   0.098462   0.861302
485    0.50                  0.29                  145                  0.30  {'h': 1.0, 'm': 0.5, 'l': 0.3, 'e': 0.0}  0.674699  0.731707  0.775385  0.597156  0.857895  0.877256  0.122744           0.337905           0.389514        0.547692  0.098462   0.098462   0.861302
466    0.50                  0.29                  145                  0.05  {'h': 1.0, 'm': 0.5, 'l': 0.5, 'e': 0.0}  0.674699  0.731707  0.775385  0.597156  0.857895  0.877256  0.122744           0.337905           0.389514        0.513846  0.095385   0.095385   0.860828
472    0.50                  0.29                  145                  0.10  {'h': 1.0, 'm': 0.5, 'l': 0.5, 'e': 0.0}  0.674699  0.731707  0.775385  0.597156  0.857895  0.877256  0.122744           0.337905           0.389514        0.513846  0.095385   0.095385   0.860828
478    0.50                  0.29                  145                  0.20  {'h': 1.0, 'm': 0.5, 'l': 0.5, 'e': 0.0}  0.674699  0.731707  0.775385  0.597156  0.857895  0.877256  0.122744           0.337905           0.389514        0.513846  0.095385   0.095385   0.860828
484    0.50                  0.29                  145                  0.30  {'h': 1.0, 'm': 0.5, 'l': 0.5, 'e': 0.0}  0.674699  0.731707  0.775385  0.597156  0.857895  0.877256  0.122744           0.337905           0.389514        0.513846  0.095385   0.095385   0.860828
463    0.50                  0.29                  145                  0.05  {'h': 1.0, 'm': 0.0, 'l': 0.0, 'e': 0.0}  0.674699  0.731707  0.775385  0.597156  0.857895  0.877256  0.122744           0.337905           0.389514        0.310769  0.080000   0.080000   0.858462
469    0.50                  0.29                  145                  0.10  {'h': 1.0, 'm': 0.0, 'l': 0.0, 'e': 0.0}  0.674699  0.731707  0.775385  0.597156  0.857895  0.877256  0.122744           0.337905           0.389514        0.310769  0.080000   0.080000   0.858462
475    0.50                  0.29                  145                  0.20  {'h': 1.0, 'm': 0.0, 'l': 0.0, 'e': 0.0}  0.674699  0.731707  0.775385  0.597156  0.857895  0.877256  0.122744           0.337905           0.389514        0.310769  0.080000   0.080000   0.858462
481    0.50                  0.29                  145                  0.30  {'h': 1.0, 'm': 0.0, 'l': 0.0, 'e': 0.0}  0.674699  0.731707  0.775385  0.597156  0.857895  0.877256  0.122744           0.337905           0.389514        0.310769  0.080000   0.080000   0.858462
7153   0.65                  0.31                  120                  0.45  {'h': 1.0, 'm': 0.0, 'l': 0.0, 'e': 0.0}  0.664062  0.731497  0.784615  0.575621  0.849123  0.864260  0.135740           0.342464           0.394791        0.307692  0.076923   0.076923   0.857988
7021   0.65                  0.30                  200                  0.45  {'h': 1.0, 'm': 0.0, 'l': 0.0, 'e': 0.0}  0.630332  0.731171  0.818462  0.512524  0.817544  0.817329  0.182671           0.352733           0.406081        0.298462  0.095385   0.095385   0.870769
7329   0.65                  0.31                  190                  0.05  {'h': 1.0, 'm': 0.5, 'l': 0.3, 'e': 0.3}  0.680272  0.730994  0.769231  0.609756  0.862573  0.884477  0.115523           0.342464           0.394791        0.412308  0.153846   0.153846   0.869822
7335   0.65                  0.31                  190                  0.10  {'h': 1.0, 'm': 0.5, 'l': 0.3, 'e': 0.3}  0.680272  0.730994  0.769231  0.609756  0.862573  0.884477  0.115523           0.342464           0.394791        0.412308  0.153846   0.153846   0.869822
7341   0.65                  0.31                  190                  0.20  {'h': 1.0, 'm': 0.5, 'l': 0.3, 'e': 0.3}  0.680272  0.730994  0.769231  0.609756  0.862573  0.884477  0.115523           0.342464           0.394791        0.412308  0.153846   0.153846   0.869822
7347   0.65                  0.31                  190                  0.30  {'h': 1.0, 'm': 0.5, 'l': 0.3, 'e': 0.3}  0.680272  0.730994  0.769231  0.609756  0.862573  0.884477  0.115523           0.342464           0.394791        0.412308  0.153846   0.153846   0.869822
7326   0.65                  0.31                  190                  0.05  {'h': 1.0, 'm': 1.0, 'l': 0.0, 'e': 0.0}  0.680272  0.730994  0.769231  0.609756  0.862573  0.884477  0.115523           0.342464           0.394791        0.572308  0.107692   0.107692   0.862722
7332   0.65                  0.31                  190                  0.10  {'h': 1.0, 'm': 1.0, 'l': 0.0, 'e': 0.0}  0.680272  0.730994  0.769231  0.609756  0.862573  0.884477  0.115523           0.342464           0.394791        0.572308  0.107692   0.107692   0.862722
7338   0.65                  0.31                  190                  0.20  {'h': 1.0, 'm': 1.0, 'l': 0.0, 'e': 0.0}  0.680272  0.730994  0.769231  0.609756  0.862573  0.884477  0.115523           0.342464           0.394791        0.572308  0.107692   0.107692   0.862722
7344   0.65                  0.31                  190                  0.30  {'h': 1.0, 'm': 1.0, 'l': 0.0, 'e': 0.0}  0.680272  0.730994  0.769231  0.609756  0.862573  0.884477  0.115523           0.342464           0.394791        0.572308  0.107692   0.107692   0.862722
7328   0.65                  0.31                  190                  0.05  {'h': 1.0, 'm': 0.5, 'l': 0.0, 'e': 0.0}  0.680272  0.730994  0.769231  0.609756  0.862573  0.884477  0.115523           0.342464           0.394791        0.556923  0.098462   0.098462   0.861302
7331   0.65                  0.31                  190                  0.05  {'h': 1.0, 'm': 0.5, 'l': 0.3, 'e': 0.0}  0.680272  0.730994  0.769231  0.609756  0.862573  0.884477  0.115523           0.342464           0.394791        0.516923  0.098462   0.098462   0.861302
7334   0.65                  0.31                  190                  0.10  {'h': 1.0, 'm': 0.5, 'l': 0.0, 'e': 0.0}  0.680272  0.730994  0.769231  0.609756  0.862573  0.884477  0.115523           0.342464           0.394791        0.556923  0.098462   0.098462   0.861302
7337   0.65                  0.31                  190                  0.10  {'h': 1.0, 'm': 0.5, 'l': 0.3, 'e': 0.0}  0.680272  0.730994  0.769231  0.609756  0.862573  0.884477  0.115523           0.342464           0.394791        0.516923  0.098462   0.098462   0.861302
7340   0.65                  0.31                  190                  0.20  {'h': 1.0, 'm': 0.5, 'l': 0.0, 'e': 0.0}  0.680272  0.730994  0.769231  0.609756  0.862573  0.884477  0.115523           0.342464           0.394791        0.556923  0.098462   0.098462   0.861302
7343   0.65                  0.31                  190                  0.20  {'h': 1.0, 'm': 0.5, 'l': 0.3, 'e': 0.0}  0.680272  0.730994  0.769231  0.609756  0.862573  0.884477  0.115523           0.342464           0.394791        0.516923  0.098462   0.098462   0.861302
7346   0.65                  0.31                  190                  0.30  {'h': 1.0, 'm': 0.5, 'l': 0.0, 'e': 0.0}  0.680272  0.730994  0.769231  0.609756  0.862573  0.884477  0.115523           0.342464           0.394791        0.556923  0.098462   0.098462   0.861302
7349   0.65                  0.31                  190                  0.30  {'h': 1.0, 'm': 0.5, 'l': 0.3, 'e': 0.0}  0.680272  0.730994  0.769231  0.609756  0.862573  0.884477  0.115523           0.342464           0.394791        0.516923  0.098462   0.098462   0.861302
7330   0.65                  0.31                  190                  0.05  {'h': 1.0, 'm': 0.5, 'l': 0.5, 'e': 0.0}  0.680272  0.730994  0.769231  0.609756  0.862573  0.884477  0.115523           0.342464           0.394791        0.467692  0.095385   0.095385   0.860828
7336   0.65                  0.31                  190                  0.10  {'h': 1.0, 'm': 0.5, 'l': 0.5, 'e': 0.0}  0.680272  0.730994  0.769231  0.609756  0.862573  0.884477  0.115523           0.342464           0.394791        0.467692  0.095385   0.095385   0.860828
7342   0.65                  0.31                  190                  0.20  {'h': 1.0, 'm': 0.5, 'l': 0.5, 'e': 0.0}  0.680272  0.730994  0.769231  0.609756  0.862573  0.884477  0.115523           0.342464           0.394791        0.467692  0.095385   0.095385   0.860828
7348   0.65                  0.31                  190                  0.30  {'h': 1.0, 'm': 0.5, 'l': 0.5, 'e': 0.0}  0.680272  0.730994  0.769231  0.609756  0.862573  0.884477  0.115523           0.342464           0.394791        0.467692  0.095385   0.095385   0.860828
7327   0.65                  0.31                  190                  0.05  {'h': 1.0, 'm': 0.0, 'l': 0.0, 'e': 0.0}  0.680272  0.730994  0.769231  0.609756  0.862573  0.884477  0.115523           0.342464           0.394791        0.307692  0.076923   0.076923   0.857988
7333   0.65                  0.31                  190                  0.10  {'h': 1.0, 'm': 0.0, 'l': 0.0, 'e': 0.0}  0.680272  0.730994  0.769231  0.609756  0.862573  0.884477  0.115523           0.342464           0.394791        0.307692  0.076923   0.076923   0.857988
7339   0.65                  0.31                  190                  0.20  {'h': 1.0, 'm': 0.0, 'l': 0.0, 'e': 0.0}  0.680272  0.730994  0.769231  0.609756  0.862573  0.884477  0.115523           0.342464           0.394791        0.307692  0.076923   0.076923   0.857988
7345   0.65                  0.31                  190                  0.30  {'h': 1.0, 'm': 0.0, 'l': 0.0, 'e': 0.0}  0.680272  0.730994  0.769231  0.609756  0.862573  0.884477  0.115523           0.342464           0.394791        0.307692  0.076923   0.076923   0.857988
223    0.50                  0.28                  190                  0.45  {'h': 1.0, 'm': 0.0, 'l': 0.0, 'e': 0.0}  0.646766  0.730748  0.800000  0.542797  0.833918  0.841877  0.158123           0.354818           0.405600        0.304615  0.092308   0.092308   0.870330
2209   0.55                  0.28                  190                  0.50  {'h': 1.0, 'm': 0.0, 'l': 0.0, 'e': 0.0}  0.665793  0.730725  0.781538  0.579909  0.850877  0.867148  0.132852           0.360838           0.416261        0.240000  0.092308   0.092308   0.870330
6895   0.65                  0.30                  180                  0.50  {'h': 1.0, 'm': 0.0, 'l': 0.0, 'e': 0.0}  0.679348  0.730567  0.769231  0.608273  0.861988  0.883755  0.116245           0.352733           0.406081        0.264615  0.089231   0.089231   0.869890
7352   0.65                  0.31                  190                  0.45  {'h': 1.0, 'm': 0.5, 'l': 0.0, 'e': 0.0}  0.686030  0.730271  0.763077  0.623116  0.867251  0.891697  0.108303           0.342464           0.394791        0.553846  0.098462   0.098462   0.871209
7355   0.65                  0.31                  190                  0.45  {'h': 1.0, 'm': 0.5, 'l': 0.3, 'e': 0.0}  0.686030  0.730271  0.763077  0.623116  0.867251  0.891697  0.108303           0.342464           0.394791        0.513846  0.098462   0.098462   0.871209
2533   0.55                  0.29                  180                  0.45  {'h': 1.0, 'm': 0.0, 'l': 0.0, 'e': 0.0}  0.654777  0.730114  0.790769  0.558696  0.841520  0.853430  0.146570           0.350178           0.401060        0.301538  0.083077   0.083077   0.869011
751    0.50                  0.29                  210                  0.45  {'h': 1.0, 'm': 0.0, 'l': 0.0, 'e': 0.0}  0.713018  0.729861  0.741538  0.686610  0.886550  0.920578  0.079422           0.337905           0.389514        0.307692  0.080000   0.080000   0.868571
531    0.50                  0.29                  180                  0.05  {'h': 1.0, 'm': 0.5, 'l': 0.3, 'e': 0.3}  0.685083  0.729841  0.763077  0.621554  0.866667  0.890975  0.109025           0.337905           0.389514        0.403077  0.147692   0.147692   0.868876
537    0.50                  0.29                  180                  0.10  {'h': 1.0, 'm': 0.5, 'l': 0.3, 'e': 0.3}  0.685083  0.729841  0.763077  0.621554  0.866667  0.890975  0.109025           0.337905           0.389514        0.403077  0.147692   0.147692   0.868876
543    0.50                  0.29                  180                  0.20  {'h': 1.0, 'm': 0.5, 'l': 0.3, 'e': 0.3}  0.685083  0.729841  0.763077  0.621554  0.866667  0.890975  0.109025           0.337905           0.389514        0.403077  0.147692   0.147692   0.868876
549    0.50                  0.29                  180                  0.30  {'h': 1.0, 'm': 0.5, 'l': 0.3, 'e': 0.3}  0.685083  0.729841  0.763077  0.621554  0.866667  0.890975  0.109025           0.337905           0.389514        0.403077  0.147692   0.147692   0.868876
528    0.50                  0.29                  180                  0.05  {'h': 1.0, 'm': 1.0, 'l': 0.0, 'e': 0.0}  0.685083  0.729841  0.763077  0.621554  0.866667  0.890975  0.109025           0.337905           0.389514        0.563077  0.107692   0.107692   0.862722
534    0.50                  0.29                  180                  0.10  {'h': 1.0, 'm': 1.0, 'l': 0.0, 'e': 0.0}  0.685083  0.729841  0.763077  0.621554  0.866667  0.890975  0.109025           0.337905           0.389514        0.563077  0.107692   0.107692   0.862722
540    0.50                  0.29                  180                  0.20  {'h': 1.0, 'm': 1.0, 'l': 0.0, 'e': 0.0}  0.685083  0.729841  0.763077  0.621554  0.866667  0.890975  0.109025           0.337905           0.389514        0.563077  0.107692   0.107692   0.862722
546    0.50                  0.29                  180                  0.30  {'h': 1.0, 'm': 1.0, 'l': 0.0, 'e': 0.0}  0.685083  0.729841  0.763077  0.621554  0.866667  0.890975  0.109025           0.337905           0.389514        0.563077  0.107692   0.107692   0.862722
530    0.50                  0.29                  180                  0.05  {'h': 1.0, 'm': 0.5, 'l': 0.0, 'e': 0.0}  0.685083  0.729841  0.763077  0.621554  0.866667  0.890975  0.109025           0.337905           0.389514        0.569231  0.098462   0.098462   0.861302
533    0.50                  0.29                  180                  0.05  {'h': 1.0, 'm': 0.5, 'l': 0.3, 'e': 0.0}  0.685083  0.729841  0.763077  0.621554  0.866667  0.890975  0.109025           0.337905           0.389514        0.547692  0.098462   0.098462   0.861302
536    0.50                  0.29                  180                  0.10  {'h': 1.0, 'm': 0.5, 'l': 0.0, 'e': 0.0}  0.685083  0.729841  0.763077  0.621554  0.866667  0.890975  0.109025           0.337905           0.389514        0.569231  0.098462   0.098462   0.861302
539    0.50                  0.29                  180                  0.10  {'h': 1.0, 'm': 0.5, 'l': 0.3, 'e': 0.0}  0.685083  0.729841  0.763077  0.621554  0.866667  0.890975  0.109025           0.337905           0.389514        0.547692  0.098462   0.098462   0.861302
542    0.50                  0.29                  180                  0.20  {'h': 1.0, 'm': 0.5, 'l': 0.0, 'e': 0.0}  0.685083  0.729841  0.763077  0.621554  0.866667  0.890975  0.109025           0.337905           0.389514        0.569231  0.098462   0.098462   0.861302
545    0.50                  0.29                  180                  0.20  {'h': 1.0, 'm': 0.5, 'l': 0.3, 'e': 0.0}  0.685083  0.729841  0.763077  0.621554  0.866667  0.890975  0.109025           0.337905           0.389514        0.547692  0.098462   0.098462   0.861302
548    0.50                  0.29                  180                  0.30  {'h': 1.0, 'm': 0.5, 'l': 0.0, 'e': 0.0}  0.685083  0.729841  0.763077  0.621554  0.866667  0.890975  0.109025           0.337905           0.389514        0.569231  0.098462   0.098462   0.861302
551    0.50                  0.29                  180                  0.30  {'h': 1.0, 'm': 0.5, 'l': 0.3, 'e': 0.0}  0.685083  0.729841  0.763077  0.621554  0.866667  0.890975  0.109025           0.337905           0.389514        0.547692  0.098462   0.098462   0.861302
532    0.50                  0.29                  180                  0.05  {'h': 1.0, 'm': 0.5, 'l': 0.5, 'e': 0.0}  0.685083  0.729841  0.763077  0.621554  0.866667  0.890975  0.109025           0.337905           0.389514        0.513846  0.095385   0.095385   0.860828
538    0.50                  0.29                  180                  0.10  {'h': 1.0, 'm': 0.5, 'l': 0.5, 'e': 0.0}  0.685083  0.729841  0.763077  0.621554  0.866667  0.890975  0.109025           0.337905           0.389514        0.513846  0.095385   0.095385   0.860828
544    0.50                  0.29                  180                  0.20  {'h': 1.0, 'm': 0.5, 'l': 0.5, 'e': 0.0}  0.685083  0.729841  0.763077  0.621554  0.866667  0.890975  0.109025           0.337905           0.389514        0.513846  0.095385   0.095385   0.860828
550    0.50                  0.29                  180                  0.30  {'h': 1.0, 'm': 0.5, 'l': 0.5, 'e': 0.0}  0.685083  0.729841  0.763077  0.621554  0.866667  0.890975  0.109025           0.337905           0.389514        0.513846  0.095385   0.095385   0.860828
529    0.50                  0.29                  180                  0.05  {'h': 1.0, 'm': 0.0, 'l': 0.0, 'e': 0.0}  0.685083  0.729841  0.763077  0.621554  0.866667  0.890975  0.109025           0.337905           0.389514        0.310769  0.080000   0.080000   0.858462
535    0.50                  0.29                  180                  0.10  {'h': 1.0, 'm': 0.0, 'l': 0.0, 'e': 0.0}  0.685083  0.729841  0.763077  0.621554  0.866667  0.890975  0.109025           0.337905           0.389514        0.310769  0.080000   0.080000   0.858462
541    0.50                  0.29                  180                  0.20  {'h': 1.0, 'm': 0.0, 'l': 0.0, 'e': 0.0}  0.685083  0.729841  0.763077  0.621554  0.866667  0.890975  0.109025           0.337905           0.389514        0.310769  0.080000   0.080000   0.858462
547    0.50                  0.29                  180                  0.30  {'h': 1.0, 'm': 0.0, 'l': 0.0, 'e': 0.0}  0.685083  0.729841  0.763077  0.621554  0.866667  0.890975  0.109025           0.337905           0.389514        0.310769  0.080000   0.080000   0.858462
490    0.50                  0.29                  145                  0.45  {'h': 1.0, 'm': 0.5, 'l': 0.5, 'e': 0.0}  0.681259  0.729777  0.766154  0.613300  0.863743  0.886643  0.113357           0.337905           0.389514        0.507692  0.095385   0.095385   0.870769
157    0.50                  0.28                  180                  0.45  {'h': 1.0, 'm': 0.0, 'l': 0.0, 'e': 0.0}  0.641278  0.729458  0.803077  0.533742  0.829240  0.835379  0.164621           0.354818           0.405600        0.304615  0.092308   0.092308   0.870330
491    0.50                  0.29                  145                  0.45  {'h': 1.0, 'm': 0.5, 'l': 0.3, 'e': 0.0}  0.680328  0.729350  0.766154  0.611794  0.863158  0.885921  0.114079           0.337905           0.389514        0.541538  0.098462   0.098462   0.871209
2143   0.55                  0.28                  180                  0.50  {'h': 1.0, 'm': 0.0, 'l': 0.0, 'e': 0.0}  0.662321  0.729047  0.781538  0.574661  0.848538  0.864260  0.135740           0.360838           0.416261        0.240000  0.092308   0.092308   0.870330
5239   0.60                  0.31                  145                  0.45  {'h': 1.0, 'm': 0.0, 'l': 0.0, 'e': 0.0}  0.715350  0.729040  0.738462  0.693642  0.888304  0.923466  0.076534           0.332395           0.384435        0.292308  0.058462   0.058462   0.855148
2665   0.55                  0.29                  200                  0.45  {'h': 1.0, 'm': 0.0, 'l': 0.0, 'e': 0.0}  0.658915  0.728988  0.784615  0.567929  0.845614  0.859928  0.140072           0.350178           0.401060        0.304615  0.086154   0.086154   0.869451
2973   0.55                  0.30                  190                  0.05  {'h': 1.0, 'm': 0.5, 'l': 0.3, 'e': 0.3}  0.706569  0.728916  0.744615  0.672222  0.882456  0.914801  0.085199           0.338091           0.389609        0.400000  0.153846   0.153846   0.869822
2979   0.55                  0.30                  190                  0.10  {'h': 1.0, 'm': 0.5, 'l': 0.3, 'e': 0.3}  0.706569  0.728916  0.744615  0.672222  0.882456  0.914801  0.085199           0.338091           0.389609        0.400000  0.153846   0.153846   0.869822
2985   0.55                  0.30                  190                  0.20  {'h': 1.0, 'm': 0.5, 'l': 0.3, 'e': 0.3}  0.706569  0.728916  0.744615  0.672222  0.882456  0.914801  0.085199           0.338091           0.389609        0.400000  0.153846   0.153846   0.869822
2991   0.55                  0.30                  190                  0.30  {'h': 1.0, 'm': 0.5, 'l': 0.3, 'e': 0.3}  0.706569  0.728916  0.744615  0.672222  0.882456  0.914801  0.085199           0.338091           0.389609        0.400000  0.153846   0.153846   0.869822
2970   0.55                  0.30                  190                  0.05  {'h': 1.0, 'm': 1.0, 'l': 0.0, 'e': 0.0}  0.706569  0.728916  0.744615  0.672222  0.882456  0.914801  0.085199           0.338091           0.389609        0.556923  0.104615   0.104615   0.862249
2976   0.55                  0.30                  190                  0.10  {'h': 1.0, 'm': 1.0, 'l': 0.0, 'e': 0.0}  0.706569  0.728916  0.744615  0.672222  0.882456  0.914801  0.085199           0.338091           0.389609        0.556923  0.104615   0.104615   0.862249
2982   0.55                  0.30                  190                  0.20  {'h': 1.0, 'm': 1.0, 'l': 0.0, 'e': 0.0}  0.706569  0.728916  0.744615  0.672222  0.882456  0.914801  0.085199           0.338091           0.389609        0.556923  0.104615   0.104615   0.862249
2988   0.55                  0.30                  190                  0.30  {'h': 1.0, 'm': 1.0, 'l': 0.0, 'e': 0.0}  0.706569  0.728916  0.744615  0.672222  0.882456  0.914801  0.085199           0.338091           0.389609        0.556923  0.104615   0.104615   0.862249
2975   0.55                  0.30                  190                  0.05  {'h': 1.0, 'm': 0.5, 'l': 0.3, 'e': 0.0}  0.706569  0.728916  0.744615  0.672222  0.882456  0.914801  0.085199           0.338091           0.389609        0.516923  0.095385   0.095385   0.860828
2981   0.55                  0.30                  190                  0.10  {'h': 1.0, 'm': 0.5, 'l': 0.3, 'e': 0.0}  0.706569  0.728916  0.744615  0.672222  0.882456  0.914801  0.085199           0.338091           0.389609        0.516923  0.095385   0.095385   0.860828
2987   0.55                  0.30                  190                  0.20  {'h': 1.0, 'm': 0.5, 'l': 0.3, 'e': 0.0}  0.706569  0.728916  0.744615  0.672222  0.882456  0.914801  0.085199           0.338091           0.389609        0.516923  0.095385   0.095385   0.860828
2993   0.55                  0.30                  190                  0.30  {'h': 1.0, 'm': 0.5, 'l': 0.3, 'e': 0.0}  0.706569  0.728916  0.744615  0.672222  0.882456  0.914801  0.085199           0.338091           0.389609        0.516923  0.095385   0.095385   0.860828
2972   0.55                  0.30                  190                  0.05  {'h': 1.0, 'm': 0.5, 'l': 0.0, 'e': 0.0}  0.706569  0.728916  0.744615  0.672222  0.882456  0.914801  0.085199           0.338091           0.389609        0.563077  0.092308   0.092308   0.860355
2978   0.55                  0.30                  190                  0.10  {'h': 1.0, 'm': 0.5, 'l': 0.0, 'e': 0.0}  0.706569  0.728916  0.744615  0.672222  0.882456  0.914801  0.085199           0.338091           0.389609        0.563077  0.092308   0.092308   0.860355
2984   0.55                  0.30                  190                  0.20  {'h': 1.0, 'm': 0.5, 'l': 0.0, 'e': 0.0}  0.706569  0.728916  0.744615  0.672222  0.882456  0.914801  0.085199           0.338091           0.389609        0.563077  0.092308   0.092308   0.860355
2990   0.55                  0.30                  190                  0.30  {'h': 1.0, 'm': 0.5, 'l': 0.0, 'e': 0.0}  0.706569  0.728916  0.744615  0.672222  0.882456  0.914801  0.085199           0.338091           0.389609        0.563077  0.092308   0.092308   0.860355
2974   0.55                  0.30                  190                  0.05  {'h': 1.0, 'm': 0.5, 'l': 0.5, 'e': 0.0}  0.706569  0.728916  0.744615  0.672222  0.882456  0.914801  0.085199           0.338091           0.389609        0.489231  0.089231   0.089231   0.859882
2980   0.55                  0.30                  190                  0.10  {'h': 1.0, 'm': 0.5, 'l': 0.5, 'e': 0.0}  0.706569  0.728916  0.744615  0.672222  0.882456  0.914801  0.085199           0.338091           0.389609        0.489231  0.089231   0.089231   0.859882
2986   0.55                  0.30                  190                  0.20  {'h': 1.0, 'm': 0.5, 'l': 0.5, 'e': 0.0}  0.706569  0.728916  0.744615  0.672222  0.882456  0.914801  0.085199           0.338091           0.389609        0.489231  0.089231   0.089231   0.859882
2992   0.55                  0.30                  190                  0.30  {'h': 1.0, 'm': 0.5, 'l': 0.5, 'e': 0.0}  0.706569  0.728916  0.744615  0.672222  0.882456  0.914801  0.085199           0.338091           0.389609        0.489231  0.089231   0.089231   0.859882
2971   0.55                  0.30                  190                  0.05  {'h': 1.0, 'm': 0.0, 'l': 0.0, 'e': 0.0}  0.706569  0.728916  0.744615  0.672222  0.882456  0.914801  0.085199           0.338091           0.389609        0.304615  0.070769   0.070769   0.857041
2977   0.55                  0.30                  190                  0.10  {'h': 1.0, 'm': 0.0, 'l': 0.0, 'e': 0.0}  0.706569  0.728916  0.744615  0.672222  0.882456  0.914801  0.085199           0.338091           0.389609        0.304615  0.070769   0.070769   0.857041
2983   0.55                  0.30                  190                  0.20  {'h': 1.0, 'm': 0.0, 'l': 0.0, 'e': 0.0}  0.706569  0.728916  0.744615  0.672222  0.882456  0.914801  0.085199           0.338091           0.389609        0.304615  0.070769   0.070769   0.857041
2989   0.55                  0.30                  190                  0.30  {'h': 1.0, 'm': 0.0, 'l': 0.0, 'e': 0.0}  0.706569  0.728916  0.744615  0.672222  0.882456  0.914801  0.085199           0.338091           0.389609        0.304615  0.070769   0.070769   0.857041
7223   0.65                  0.31                  145                  0.45  {'h': 1.0, 'm': 0.5, 'l': 0.3, 'e': 0.0}  0.668435  0.728745  0.775385  0.587413  0.853801  0.872202  0.127798           0.342464           0.394791        0.513846  0.098462   0.098462   0.871209
2473   0.55                  0.29                  145                  0.50  {'h': 1.0, 'm': 0.0, 'l': 0.0, 'e': 0.0}  0.694051  0.728733  0.753846  0.643045  0.873684  0.901805  0.098195           0.350178           0.401060        0.280000  0.080000   0.080000   0.868571
663    0.50                  0.29                  200                  0.05  {'h': 1.0, 'm': 0.5, 'l': 0.3, 'e': 0.3}  0.690042  0.728673  0.756923  0.634021  0.870760  0.897473  0.102527           0.337905           0.389514        0.403077  0.147692   0.147692   0.868876
669    0.50                  0.29                  200                  0.10  {'h': 1.0, 'm': 0.5, 'l': 0.3, 'e': 0.3}  0.690042  0.728673  0.756923  0.634021  0.870760  0.897473  0.102527           0.337905           0.389514        0.403077  0.147692   0.147692   0.868876
675    0.50                  0.29                  200                  0.20  {'h': 1.0, 'm': 0.5, 'l': 0.3, 'e': 0.3}  0.690042  0.728673  0.756923  0.634021  0.870760  0.897473  0.102527           0.337905           0.389514        0.403077  0.147692   0.147692   0.868876
681    0.50                  0.29                  200                  0.30  {'h': 1.0, 'm': 0.5, 'l': 0.3, 'e': 0.3}  0.690042  0.728673  0.756923  0.634021  0.870760  0.897473  0.102527           0.337905           0.389514        0.403077  0.147692   0.147692   0.868876
660    0.50                  0.29                  200                  0.05  {'h': 1.0, 'm': 1.0, 'l': 0.0, 'e': 0.0}  0.690042  0.728673  0.756923  0.634021  0.870760  0.897473  0.102527           0.337905           0.389514        0.563077  0.107692   0.107692   0.862722
666    0.50                  0.29                  200                  0.10  {'h': 1.0, 'm': 1.0, 'l': 0.0, 'e': 0.0}  0.690042  0.728673  0.756923  0.634021  0.870760  0.897473  0.102527           0.337905           0.389514        0.563077  0.107692   0.107692   0.862722
672    0.50                  0.29                  200                  0.20  {'h': 1.0, 'm': 1.0, 'l': 0.0, 'e': 0.0}  0.690042  0.728673  0.756923  0.634021  0.870760  0.897473  0.102527           0.337905           0.389514        0.563077  0.107692   0.107692   0.862722
678    0.50                  0.29                  200                  0.30  {'h': 1.0, 'm': 1.0, 'l': 0.0, 'e': 0.0}  0.690042  0.728673  0.756923  0.634021  0.870760  0.897473  0.102527           0.337905           0.389514        0.563077  0.107692   0.107692   0.862722
662    0.50                  0.29                  200                  0.05  {'h': 1.0, 'm': 0.5, 'l': 0.0, 'e': 0.0}  0.690042  0.728673  0.756923  0.634021  0.870760  0.897473  0.102527           0.337905           0.389514        0.569231  0.098462   0.098462   0.861302
665    0.50                  0.29                  200                  0.05  {'h': 1.0, 'm': 0.5, 'l': 0.3, 'e': 0.0}  0.690042  0.728673  0.756923  0.634021  0.870760  0.897473  0.102527           0.337905           0.389514        0.547692  0.098462   0.098462   0.861302
668    0.50                  0.29                  200                  0.10  {'h': 1.0, 'm': 0.5, 'l': 0.0, 'e': 0.0}  0.690042  0.728673  0.756923  0.634021  0.870760  0.897473  0.102527           0.337905           0.389514        0.569231  0.098462   0.098462   0.861302
671    0.50                  0.29                  200                  0.10  {'h': 1.0, 'm': 0.5, 'l': 0.3, 'e': 0.0}  0.690042  0.728673  0.756923  0.634021  0.870760  0.897473  0.102527           0.337905           0.389514        0.547692  0.098462   0.098462   0.861302
674    0.50                  0.29                  200                  0.20  {'h': 1.0, 'm': 0.5, 'l': 0.0, 'e': 0.0}  0.690042  0.728673  0.756923  0.634021  0.870760  0.897473  0.102527           0.337905           0.389514        0.569231  0.098462   0.098462   0.861302
677    0.50                  0.29                  200                  0.20  {'h': 1.0, 'm': 0.5, 'l': 0.3, 'e': 0.0}  0.690042  0.728673  0.756923  0.634021  0.870760  0.897473  0.102527           0.337905           0.389514        0.547692  0.098462   0.098462   0.861302
680    0.50                  0.29                  200                  0.30  {'h': 1.0, 'm': 0.5, 'l': 0.0, 'e': 0.0}  0.690042  0.728673  0.756923  0.634021  0.870760  0.897473  0.102527           0.337905           0.389514        0.569231  0.098462   0.098462   0.861302
683    0.50                  0.29                  200                  0.30  {'h': 1.0, 'm': 0.5, 'l': 0.3, 'e': 0.0}  0.690042  0.728673  0.756923  0.634021  0.870760  0.897473  0.102527           0.337905           0.389514        0.547692  0.098462   0.098462   0.861302
664    0.50                  0.29                  200                  0.05  {'h': 1.0, 'm': 0.5, 'l': 0.5, 'e': 0.0}  0.690042  0.728673  0.756923  0.634021  0.870760  0.897473  0.102527           0.337905           0.389514        0.513846  0.095385   0.095385   0.860828
670    0.50                  0.29                  200                  0.10  {'h': 1.0, 'm': 0.5, 'l': 0.5, 'e': 0.0}  0.690042  0.728673  0.756923  0.634021  0.870760  0.897473  0.102527           0.337905           0.389514        0.513846  0.095385   0.095385   0.860828
676    0.50                  0.29                  200                  0.20  {'h': 1.0, 'm': 0.5, 'l': 0.5, 'e': 0.0}  0.690042  0.728673  0.756923  0.634021  0.870760  0.897473  0.102527           0.337905           0.389514        0.513846  0.095385   0.095385   0.860828
682    0.50                  0.29                  200                  0.30  {'h': 1.0, 'm': 0.5, 'l': 0.5, 'e': 0.0}  0.690042  0.728673  0.756923  0.634021  0.870760  0.897473  0.102527           0.337905           0.389514        0.513846  0.095385   0.095385   0.860828
661    0.50                  0.29                  200                  0.05  {'h': 1.0, 'm': 0.0, 'l': 0.0, 'e': 0.0}  0.690042  0.728673  0.756923  0.634021  0.870760  0.897473  0.102527           0.337905           0.389514        0.310769  0.080000   0.080000   0.858462
667    0.50                  0.29                  200                  0.10  {'h': 1.0, 'm': 0.0, 'l': 0.0, 'e': 0.0}  0.690042  0.728673  0.756923  0.634021  0.870760  0.897473  0.102527           0.337905           0.389514        0.310769  0.080000   0.080000   0.858462
673    0.50                  0.29                  200                  0.20  {'h': 1.0, 'm': 0.0, 'l': 0.0, 'e': 0.0}  0.690042  0.728673  0.756923  0.634021  0.870760  0.897473  0.102527           0.337905           0.389514        0.310769  0.080000   0.080000   0.858462
679    0.50                  0.29                  200                  0.30  {'h': 1.0, 'm': 0.0, 'l': 0.0, 'e': 0.0}  0.690042  0.728673  0.756923  0.634021  0.870760  0.897473  0.102527           0.337905           0.389514        0.310769  0.080000   0.080000   0.858462
4519   0.60                  0.29                  180                  0.50  {'h': 1.0, 'm': 0.0, 'l': 0.0, 'e': 0.0}  0.661458  0.728629  0.781538  0.573363  0.847953  0.863538  0.136462           0.356186           0.408230        0.252308  0.092308   0.092308   0.870330
488    0.50                  0.29                  145                  0.45  {'h': 1.0, 'm': 0.5, 'l': 0.0, 'e': 0.0}  0.678474  0.728496  0.766154  0.608802  0.861988  0.884477  0.115523           0.337905           0.389514        0.563077  0.098462   0.098462   0.871209
91     0.50                  0.28                  145                  0.45  {'h': 1.0, 'm': 0.0, 'l': 0.0, 'e': 0.0}  0.627962  0.728422  0.815385  0.510597  0.816374  0.816606  0.183394           0.354818           0.405600        0.298462  0.092308   0.092308   0.870330
7483   0.65                  0.31                  210                  0.45  {'h': 1.0, 'm': 0.0, 'l': 0.0, 'e': 0.0}  0.697143  0.728358  0.750769  0.650667  0.876023  0.905415  0.094585           0.342464           0.394791        0.307692  0.076923   0.076923   0.857988
4717   0.60                  0.29                  210                  0.50  {'h': 1.0, 'm': 0.0, 'l': 0.0, 'e': 0.0}  0.667550  0.728324  0.775385  0.586047  0.853216  0.871480  0.128520           0.356186           0.408230        0.255385  0.092308   0.092308   0.870330
3061   0.55                  0.30                  200                  0.45  {'h': 1.0, 'm': 0.0, 'l': 0.0, 'e': 0.0}  0.717718  0.728215  0.735385  0.700880  0.890058  0.926354  0.073646           0.338091           0.389609        0.304615  0.070769   0.070769   0.857041
2599   0.55                  0.29                  190                  0.45  {'h': 1.0, 'm': 0.0, 'l': 0.0, 'e': 0.0}  0.657216  0.728155  0.784615  0.565410  0.844444  0.858484  0.141516           0.350178           0.401060        0.301538  0.083077   0.083077   0.869011
4843   0.60                  0.30                  145                  0.45  {'h': 1.0, 'm': 0.0, 'l': 0.0, 'e': 0.0}  0.650633  0.728045  0.790769  0.552688  0.838596  0.849819  0.150181           0.343841           0.397903        0.310769  0.083077   0.083077   0.858935
2907   0.55                  0.30                  180                  0.05  {'h': 1.0, 'm': 0.5, 'l': 0.3, 'e': 0.3}  0.700288  0.727981  0.747692  0.658537  0.878363  0.909025  0.090975           0.338091           0.389609        0.400000  0.153846   0.153846   0.869822
2913   0.55                  0.30                  180                  0.10  {'h': 1.0, 'm': 0.5, 'l': 0.3, 'e': 0.3}  0.700288  0.727981  0.747692  0.658537  0.878363  0.909025  0.090975           0.338091           0.389609        0.400000  0.153846   0.153846   0.869822
2919   0.55                  0.30                  180                  0.20  {'h': 1.0, 'm': 0.5, 'l': 0.3, 'e': 0.3}  0.700288  0.727981  0.747692  0.658537  0.878363  0.909025  0.090975           0.338091           0.389609        0.400000  0.153846   0.153846   0.869822
2925   0.55                  0.30                  180                  0.30  {'h': 1.0, 'm': 0.5, 'l': 0.3, 'e': 0.3}  0.700288  0.727981  0.747692  0.658537  0.878363  0.909025  0.090975           0.338091           0.389609        0.400000  0.153846   0.153846   0.869822
2904   0.55                  0.30                  180                  0.05  {'h': 1.0, 'm': 1.0, 'l': 0.0, 'e': 0.0}  0.700288  0.727981  0.747692  0.658537  0.878363  0.909025  0.090975           0.338091           0.389609        0.556923  0.104615   0.104615   0.862249
2910   0.55                  0.30                  180                  0.10  {'h': 1.0, 'm': 1.0, 'l': 0.0, 'e': 0.0}  0.700288  0.727981  0.747692  0.658537  0.878363  0.909025  0.090975           0.338091           0.389609        0.556923  0.104615   0.104615   0.862249
2916   0.55                  0.30                  180                  0.20  {'h': 1.0, 'm': 1.0, 'l': 0.0, 'e': 0.0}  0.700288  0.727981  0.747692  0.658537  0.878363  0.909025  0.090975           0.338091           0.389609        0.556923  0.104615   0.104615   0.862249
2922   0.55                  0.30                  180                  0.30  {'h': 1.0, 'm': 1.0, 'l': 0.0, 'e': 0.0}  0.700288  0.727981  0.747692  0.658537  0.878363  0.909025  0.090975           0.338091           0.389609        0.556923  0.104615   0.104615   0.862249
2909   0.55                  0.30                  180                  0.05  {'h': 1.0, 'm': 0.5, 'l': 0.3, 'e': 0.0}  0.700288  0.727981  0.747692  0.658537  0.878363  0.909025  0.090975           0.338091           0.389609        0.516923  0.095385   0.095385   0.860828
2915   0.55                  0.30                  180                  0.10  {'h': 1.0, 'm': 0.5, 'l': 0.3, 'e': 0.0}  0.700288  0.727981  0.747692  0.658537  0.878363  0.909025  0.090975           0.338091           0.389609        0.516923  0.095385   0.095385   0.860828
2921   0.55                  0.30                  180                  0.20  {'h': 1.0, 'm': 0.5, 'l': 0.3, 'e': 0.0}  0.700288  0.727981  0.747692  0.658537  0.878363  0.909025  0.090975           0.338091           0.389609        0.516923  0.095385   0.095385   0.860828
2927   0.55                  0.30                  180                  0.30  {'h': 1.0, 'm': 0.5, 'l': 0.3, 'e': 0.0}  0.700288  0.727981  0.747692  0.658537  0.878363  0.909025  0.090975           0.338091           0.389609        0.516923  0.095385   0.095385   0.860828
2906   0.55                  0.30                  180                  0.05  {'h': 1.0, 'm': 0.5, 'l': 0.0, 'e': 0.0}  0.700288  0.727981  0.747692  0.658537  0.878363  0.909025  0.090975           0.338091           0.389609        0.563077  0.092308   0.092308   0.860355
2912   0.55                  0.30                  180                  0.10  {'h': 1.0, 'm': 0.5, 'l': 0.0, 'e': 0.0}  0.700288  0.727981  0.747692  0.658537  0.878363  0.909025  0.090975           0.338091           0.389609        0.563077  0.092308   0.092308   0.860355
2918   0.55                  0.30                  180                  0.20  {'h': 1.0, 'm': 0.5, 'l': 0.0, 'e': 0.0}  0.700288  0.727981  0.747692  0.658537  0.878363  0.909025  0.090975           0.338091           0.389609        0.563077  0.092308   0.092308   0.860355

Full result output for the best combination:
                 #Examples   TP   FP    TN  FN       ACC       FNR       TNR       FPR       TPR      Prec        F1        F2  AVG # affected
Component                                                                                                                                     
no_failure            1385    0  182  1203   0  0.868592       NaN  0.868592  0.131408       NaN  0.000000       NaN       NaN       49.561011
txt15_i1                 5    5    0     0   0  1.000000  0.000000       NaN       NaN  1.000000  1.000000  1.000000  1.000000      488.200000
txt15_i3                 5    2    0     0   3  0.400000  0.600000       NaN       NaN  0.400000  1.000000  0.571429  0.454545       90.200000
txt15_conveyor           3    3    0     0   0  1.000000  0.000000       NaN       NaN  1.000000  1.000000  1.000000  1.000000      412.000000
txt15_m1               160  160    0     0   0  1.000000  0.000000       NaN       NaN  1.000000  1.000000  1.000000  1.000000      437.343750
txt15_pl                 9    9    0     0   0  1.000000  0.000000       NaN       NaN  1.000000  1.000000  1.000000  1.000000      340.222222
txt16_i3                 4    4    0     0   0  1.000000  0.000000       NaN       NaN  1.000000  1.000000  1.000000  1.000000      337.750000
txt16_conveyor           8    3    0     0   5  0.375000  0.625000       NaN       NaN  0.375000  1.000000  0.545455  0.428571       89.375000
txt16_m3                65   52    0     0  13  0.800000  0.200000       NaN       NaN  0.800000  1.000000  0.888889  0.833333      322.184615
txt16_turntable          2    0    0     0   2  0.000000  1.000000       NaN       NaN  0.000000       NaN       NaN       NaN       12.000000
txt17_i1                16   11    0     0   5  0.687500  0.312500       NaN       NaN  0.687500  1.000000  0.814815  0.733333      261.000000
txt17_pl                14    0    0     0  14  0.000000  1.000000       NaN       NaN  0.000000       NaN       NaN       NaN        0.000000
txt18_pl                28    1    0     0  27  0.035714  0.964286       NaN       NaN  0.035714  1.000000  0.068966  0.044248       18.321429
txt19_i4                 6    5    0     0   1  0.833333  0.166667       NaN       NaN  0.833333  1.000000  0.909091  0.862069      334.666667
combined              1710  255  182  1203  70  0.852632  0.215385  0.868592  0.131408  0.784615  0.583524  0.669291  0.734024      102.652632

                 #Examples   TP   FP    TN  FN       ACC       FNR       TNR       FPR       TPR      Prec        F1        F2  AVG # affected
Component                                                                                                                                     
no_failure            1385    0  139  1246   0  0.899639       NaN  0.899639  0.100361       NaN  0.000000       NaN       NaN       49.561011
txt15_i1                 5    5    0     0   0  1.000000  0.000000       NaN       NaN  1.000000  1.000000  1.000000  1.000000      488.200000
txt15_i3                 5    2    0     0   3  0.400000  0.600000       NaN       NaN  0.400000  1.000000  0.571429  0.454545       90.200000
txt15_conveyor           3    3    0     0   0  1.000000  0.000000       NaN       NaN  1.000000  1.000000  1.000000  1.000000      412.000000
txt15_m1               160  160    0     0   0  1.000000  0.000000       NaN       NaN  1.000000  1.000000  1.000000  1.000000      437.343750
txt15_pl                 9    9    0     0   0  1.000000  0.000000       NaN       NaN  1.000000  1.000000  1.000000  1.000000      340.222222
txt16_i3                 4    4    0     0   0  1.000000  0.000000       NaN       NaN  1.000000  1.000000  1.000000  1.000000      337.750000
txt16_conveyor           8    3    0     0   5  0.375000  0.625000       NaN       NaN  0.375000  1.000000  0.545455  0.428571       89.375000
txt16_m3                65   52    0     0  13  0.800000  0.200000       NaN       NaN  0.800000  1.000000  0.888889  0.833333      322.184615
txt16_turntable          2    0    0     0   2  0.000000  1.000000       NaN       NaN  0.000000       NaN       NaN       NaN       12.000000
txt17_i1                16    9    0     0   7  0.562500  0.437500       NaN       NaN  0.562500  1.000000  0.720000  0.616438      261.000000
txt17_pl                14    0    0     0  14  0.000000  1.000000       NaN       NaN  0.000000       NaN       NaN       NaN        0.000000
txt18_pl                28    0    0     0  28  0.000000  1.000000       NaN       NaN  0.000000       NaN       NaN       NaN       18.321429
txt19_i4                 6    5    0     0   1  0.833333  0.166667       NaN       NaN  0.833333  1.000000  0.909091  0.862069      334.666667
combined              1710  252  139  1246  73  0.876023  0.224615  0.899639  0.100361  0.775385  0.644501  0.703911  0.745121      102.652632

Execution time: 156929.5730852983
